The input genome is 600834 bp long, 540750 will be kept.
min distance 59
----------------------------------------
fragments: id start end
F: 0 439 5386
F: 1 5991 12372
F: 2 13070 18750
F: 3 19866 25089
F: 4 25767 31198
F: 5 31747 38071
F: 6 38705 43308
F: 7 43905 48784
F: 8 49557 54499
F: 9 55128 59811
F: 10 60500 67178
F: 11 67593 72375
F: 12 73124 78261
F: 13 79122 84048
F: 14 84717 90807
F: 15 91388 96795
F: 16 97281 103906
F: 17 104240 108918
F: 18 109329 115299
F: 19 116045 121462
F: 20 121822 127042
F: 21 127839 132376
F: 22 132659 138016
F: 23 138967 144114
F: 24 144700 149265
F: 25 149907 154966
F: 26 155381 159785
F: 27 160282 164724
F: 28 165694 172031
F: 29 172539 179161
F: 30 180033 185074
F: 31 185742 191204
F: 32 191741 197029
F: 33 197603 202762
F: 34 203019 208904
F: 35 209877 215097
F: 36 215761 221227
F: 37 221614 227882
F: 38 228295 233169
F: 39 233667 238235
F: 40 238930 245481
F: 41 246058 251490
F: 42 251856 257681
F: 43 258534 264033
F: 44 264702 270155
F: 45 270445 276180
F: 46 276763 282538
F: 47 282975 289071
F: 48 289758 295238
F: 49 295589 301263
F: 50 301856 306882
F: 51 307320 313343
F: 52 313922 320015
F: 53 320681 326166
F: 54 326372 331870
F: 55 332442 337698
F: 56 338461 345094
F: 57 345562 349858
F: 58 350599 355667
F: 59 356219 361869
F: 60 362253 366768
F: 61 367645 373879
F: 62 374657 381144
F: 63 381544 387454
F: 64 387916 393557
F: 65 393972 399282
F: 66 399715 404380
F: 67 405257 409351
F: 68 410067 414905
F: 69 415530 421674
F: 70 422598 428728
F: 71 429278 434950
F: 72 435550 440311
F: 73 440852 446687
F: 74 447245 452376
F: 75 453210 459694
F: 76 460062 465852
F: 77 466303 471439
F: 78 471842 477552
F: 79 478278 483356
F: 80 483904 489711
F: 81 490199 496157
F: 82 497018 502741
F: 83 503488 508879
F: 84 509449 514707
F: 85 515271 520298
F: 86 520655 525711
F: 87 526450 531267
F: 88 531913 537059
F: 89 537394 542142
F: 90 542624 548077
F: 91 548703 553485
F: 92 554418 559156
F: 93 559937 564621
F: 94 565231 570033
F: 95 570772 575987
F: 96 576589 582561
F: 97 583283 588741
F: 98 589347 594705
F: 99 595255 600775
----------------------------------------
genes: [Kept,Partial,Discared] locus strand fragment1 start_pos fragment2 end_pos 
G: K 0 1 0 246 0 1404
G: K 1 1 0 1403 0 2345
G: K 2 1 0 2429 0 4469
G: K 3 1 0 4483 1 1556
G: K 4 1 1 1530 1 2799
G: K 5 1 1 2802 1 3441
G: K 6 1 1 3413 1 4178
G: K 7 1 1 4180 1 5530
G: K 8 1 1 5529 1 6324
G: P 9 1 1 6352 -1 -1
G: P 10 -1 -1 -1 2 800
G: K 11 -1 2 804 2 1656
G: K 12 -1 2 1621 2 2446
G: K 13 1 2 2784 2 4656
G: P 14 1 2 4702 -1 -1
G: P 15 1 -1 -1 3 2862
G: K 16 1 3 2903 3 4097
G: K 17 1 3 4077 3 5034
G: K 18 1 3 5033 4 710
G: K 19 1 4 739 4 1177
G: K 20 1 4 1182 4 2097
G: K 21 1 4 2097 4 3204
G: K 22 1 4 3406 4 4318
G: K 23 1 4 4321 4 4897
G: K 24 1 4 4862 4 5324
G: P 25 1 4 5323 -1 -1
G: P 26 -1 -1 -1 5 532
G: K 27 -1 5 533 5 1160
G: K 28 -1 5 1193 5 5591
G: K 29 1 5 5853 6 956
G: K 30 1 6 1105 6 1882
G: K 31 -1 6 1850 6 2513
G: K 32 1 6 2541 6 3816
G: K 33 1 6 3805 7 345
G: K 34 1 7 317 7 1688
G: K 35 -1 7 1684 7 3226
G: K 36 -1 7 3210 7 4383
G: K 37 1 7 4541 8 692
G: K 38 1 8 712 8 991
G: K 39 1 8 1188 8 2898
G: K 40 1 8 2902 8 3763
G: K 41 1 8 3743 8 4610
G: K 42 1 8 4594 9 490
G: K 43 1 9 491 9 1451
G: K 44 1 9 1434 9 2586
G: K 45 -1 9 2815 9 4216
G: P 46 1 9 4268 -1 -1
G: P 47 1 -1 -1 10 291
G: K 48 1 10 277 10 1549
G: K 49 1 10 1557 10 1956
G: K 50 1 10 1955 10 3656
G: K 51 -1 10 3632 10 4598
G: K 52 -1 10 4601 10 4991
G: K 53 -1 10 4997 10 5144
G: K 54 -1 10 5157 10 5556
G: K 55 -1 10 5539 10 6394
G: P 56 -1 10 6375 -1 -1
G: P 57 -1 -1 -1 11 835
G: K 58 -1 11 818 11 1271
G: K 59 1 11 1277 11 2186
G: K 60 -1 11 2164 11 3871
G: K 61 1 11 4175 12 744
G: K 62 1 12 694 12 1624
G: P 63 1 12 1879 -1 -1
G: P 64 1 -1 -1 13 1382
G: K 65 1 13 1385 13 3347
G: P 66 1 13 3357 -1 -1
G: P 67 1 -1 -1 14 785
G: K 68 1 14 4968 15 1048
G: K 69 1 15 1158 15 2028
G: K 70 1 15 2032 15 4711
G: K 71 1 15 4697 16 1246
G: K 72 1 16 1220 16 3200
G: K 73 1 16 3202 16 3616
G: P 74 1 16 3679 -1 -1
G: P 75 -1 -1 -1 17 238
G: K 76 1 17 471 17 1725
G: K 77 1 17 1717 17 2854
G: K 78 1 17 2855 17 4064
G: K 79 1 17 4063 18 1578
G: K 80 1 18 1633 18 2071
G: K 81 1 18 2070 18 2757
G: K 82 1 18 2756 18 3320
G: K 83 1 18 3312 18 4188
G: K 84 1 18 4188 18 5142
G: P 85 1 18 5134 -1 -1
G: P 86 1 -1 -1 19 24
G: K 87 1 19 40 19 508
G: K 88 1 19 517 19 2584
G: K 89 1 19 2635 19 3295
G: K 90 1 19 3295 19 3799
G: K 91 1 19 3788 19 4106
G: K 92 1 19 4108 19 4558
G: K 93 1 19 4541 20 177
G: K 94 1 20 180 20 1383
G: K 95 1 20 1566 20 3549
G: K 96 1 20 3605 20 4346
G: P 97 1 20 4445 -1 -1
G: P 98 1 -1 -1 21 1376
G: K 99 1 21 1371 21 2796
G: K 100 1 21 2770 21 3445
G: K 101 1 21 3434 21 4391
G: K 102 1 21 4380 22 415
G: K 103 1 22 436 22 670
G: K 104 1 22 672 22 2868
G: K 105 1 22 2875 22 3511
G: K 106 -1 22 3485 22 4073
G: K 107 1 22 4113 22 4680
G: P 108 1 22 4679 -1 -1
G: P 109 1 -1 -1 23 311
G: K 110 1 23 297 23 1155
G: K 111 1 23 1169 23 2480
G: K 112 1 23 2469 23 3096
G: K 113 1 23 3109 23 4489
G: P 114 1 23 4424 -1 -1
G: D 577 -1 -1 -1 -1 -1
G: P 115 1 -1 -1 24 137
G: K 116 1 24 145 24 925
G: K 117 1 24 917 24 1574
G: K 118 1 24 1554 24 2604
G: K 119 1 24 2618 24 4319
G: P 845 1 24 4324 -1 -1
G: P 120 1 -1 -1 25 1392
G: K 121 1 25 1394 25 2315
G: K 122 1 25 2354 25 4532
G: K 123 1 25 4506 26 493
G: K 124 1 26 539 26 851
G: K 125 1 26 856 26 1726
G: K 126 -1 26 1703 26 2777
G: K 127 1 26 2812 26 3265
G: K 128 1 26 3272 26 4064
G: P 129 1 26 4063 -1 -1
G: P 130 1 -1 -1 27 1008
G: K 131 -1 27 1568 27 1997
G: K 132 -1 27 1971 27 2796
G: K 133 1 27 2815 27 3121
G: K 134 -1 27 3089 27 3968
G: K 135 1 27 4016 28 101
G: K 136 1 28 42 28 1278
G: K 137 1 28 1277 28 3143
G: K 138 1 28 3226 28 4990
G: P 844 -1 28 5061 -1 -1
G: K 717 -1 30 561 30 1131
G: K 139 1 30 1132 30 4507
G: K 140 1 30 4511 31 422
G: K 141 1 31 421 31 700
G: K 142 1 31 686 31 2555
G: K 143 1 31 2538 31 2886
G: K 144 1 31 2910 31 3762
G: K 145 1 31 3761 31 4607
G: P 146 1 31 4619 -1 -1
G: P 147 1 -1 -1 32 1051
G: K 148 1 32 1089 32 2340
G: K 149 1 32 2415 32 3273
G: P 495 1 32 3311 -1 -1
G: P 150 1 -1 -1 33 480
G: K 151 1 33 569 33 887
G: K 152 1 33 890 33 1694
G: K 153 1 33 1693 33 2341
G: K 154 1 33 2344 33 2665
G: K 155 1 33 2664 33 3522
G: K 156 1 33 3521 33 3797
G: K 157 1 33 3799 33 4231
G: K 158 1 33 4233 33 5061
G: K 159 1 33 5066 34 73
G: K 160 1 34 72 34 675
G: K 161 1 34 674 34 941
G: K 162 1 34 944 34 1310
G: K 163 1 34 1309 34 1645
G: K 164 1 34 1650 34 2184
G: K 165 1 34 2186 34 2372
G: K 166 1 34 2365 34 2803
G: K 167 1 34 2809 34 3373
G: K 168 1 34 3374 34 3722
G: K 169 1 34 3726 34 4383
G: K 170 1 34 4388 34 4835
G: P 171 1 34 4834 -1 -1
G: P 172 1 -1 -1 35 87
G: K 173 1 35 89 35 851
G: K 174 1 35 850 35 1066
G: K 175 1 35 1076 35 1190
G: K 176 1 35 1189 35 1570
G: K 177 1 35 1569 35 1938
G: K 178 1 35 1953 35 2958
G: K 499 -1 35 2969 35 3659
G: K 179 1 35 3660 35 4035
G: K 180 1 35 4018 35 4864
G: P 181 1 35 4848 -1 -1
G: P 182 1 -1 -1 36 1155
G: K 183 1 36 1147 36 1897
G: K 184 1 36 1886 36 3740
G: K 185 1 36 3740 36 4706
G: K 186 1 36 4805 37 1127
G: K 187 1 37 3593 37 4352
G: K 188 1 37 4344 37 6105
G: K 189 1 37 6107 38 425
G: K 190 1 38 390 38 1398
G: K 191 1 38 1566 38 2538
G: K 192 1 38 2544 39 1567
G: P 193 1 39 1568 -1 -1
G: K 194 1 40 2450 40 3485
G: K 195 1 40 3488 40 5909
G: K 196 1 40 5967 40 6513
G: P 197 1 40 6515 -1 -1
G: D 198 1 -1 -1 -1 -1
G: K 199 1 41 669 41 2502
G: K 200 1 41 2513 41 3176
G: K 201 1 41 3185 41 3554
G: P 202 1 41 3681 -1 -1
G: P 203 1 -1 -1 42 2208
G: K 204 -1 42 2204 42 3236
G: K 205 1 42 3271 42 5128
G: K 206 1 42 5108 42 5627
G: P 207 -1 42 5619 -1 -1
G: P 208 -1 -1 -1 43 478
G: K 209 -1 43 477 43 1026
G: K 210 1 43 1226 43 1892
G: K 211 1 43 1891 43 2080
G: K 212 1 43 2081 43 2522
G: K 213 1 43 2524 43 2878
G: K 214 1 43 2870 43 3683
G: K 215 1 43 3675 43 5079
G: P 216 1 43 5062 -1 -1
G: P 217 1 -1 -1 44 523
G: K 218 1 44 525 44 2109
G: K 846 -1 44 3027 44 3504
G: K 219 1 44 3505 44 4621
G: K 220 1 44 4638 45 4412
G: K 221 1 45 4414 45 5455
G: P 222 1 45 5417 -1 -1
G: D 223 -1 -1 -1 -1 -1
G: K 224 1 46 168 46 600
G: K 225 1 46 586 46 1537
G: K 226 1 46 1538 46 2801
G: K 227 1 46 2803 46 3943
G: K 228 1 46 3988 46 5467
G: K 229 1 46 5435 47 711
G: K 230 1 47 1182 47 2034
G: K 231 1 47 2036 47 2513
G: K 232 1 47 2518 47 3541
G: K 233 1 47 3544 47 4027
G: K 843 -1 47 4043 47 5405
G: P 718 1 47 5406 -1 -1
G: P 234 1 -1 -1 48 2014
G: K 235 1 48 2106 48 2403
G: K 236 1 48 2398 48 2683
G: K 237 1 48 2675 48 2999
G: K 238 1 48 2991 48 3885
G: K 239 1 48 3874 48 4297
G: K 240 1 48 4289 48 5174
G: K 241 1 48 5203 49 716
G: K 242 1 49 784 49 3190
G: K 243 -1 49 3186 49 4242
G: P 244 1 49 4294 -1 -1
G: P 245 1 -1 -1 50 1818
G: K 246 1 50 2506 50 4645
G: P 247 1 50 4647 -1 -1
G: P 248 1 -1 -1 51 525
G: K 249 -1 51 508 51 1240
G: K 250 -1 51 1226 51 1889
G: K 251 -1 51 1872 51 3378
G: K 252 -1 51 3422 51 5309
G: K 253 -1 51 5298 52 40
G: K 254 -1 52 59 52 800
G: K 255 -1 52 802 52 2116
G: K 256 -1 52 2120 52 4166
G: K 257 1 52 4341 52 5490
G: K 258 1 52 5593 52 6055
G: P 259 1 -1 -1 53 236
G: K 260 1 53 281 53 569
G: K 261 1 53 568 53 1645
G: K 262 1 53 1645 53 3019
G: K 263 1 53 3149 53 5483
G: K 264 1 54 2684 54 5363
G: K 265 1 54 5369 55 175
G: K 266 1 55 174 55 1041
G: K 267 1 55 1156 55 2056
G: K 268 1 55 2049 55 2682
G: K 269 -1 55 2611 55 3451
G: P 270 -1 55 3469 -1 -1
G: P 271 -1 -1 -1 56 216
G: K 272 -1 56 249 56 936
G: K 273 -1 56 1086 56 2121
G: K 274 -1 56 2501 56 3518
G: K 275 -1 56 3528 56 4932
G: K 276 -1 56 4935 56 6132
G: K 277 -1 56 6381 57 285
G: K 278 -1 57 302 57 1388
G: K 279 -1 57 1415 57 2846
G: K 280 -1 57 2928 57 3465
G: K 281 -1 57 3478 58 1378
G: K 282 1 58 1420 58 3628
G: K 283 -1 58 3624 58 4311
G: P 284 -1 58 4300 -1 -1
G: P 285 -1 -1 -1 59 1257
G: K 579 1 59 1401 59 1680
G: K 286 -1 59 2197 59 2692
G: K 287 1 59 3023 59 4493
G: K 288 1 59 4713 59 5121
G: K 289 1 59 5077 60 135
G: K 290 1 60 137 60 731
G: K 291 1 60 762 60 1023
G: K 292 1 61 517 61 1669
G: K 293 1 61 1658 61 2438
G: K 294 1 61 2427 61 4083
G: K 295 -1 61 4079 61 4502
G: K 296 -1 61 4501 62 243
G: K 297 -1 62 300 62 1053
G: K 298 -1 62 1045 62 2494
G: K 299 -1 62 2611 62 3760
G: K 300 -1 62 3762 62 4155
G: K 301 -1 62 4274 62 5369
G: K 302 -1 62 5375 63 1521
G: K 303 -1 63 1723 63 2722
G: K 304 -1 63 2739 63 4002
G: K 305 -1 63 4003 63 5029
G: P 306 -1 63 5059 -1 -1
G: P 307 -1 -1 -1 64 711
G: K 309 -1 64 836 64 2651
G: K 310 -1 64 2738 64 3923
G: K 311 -1 64 3922 65 1418
G: K 312 -1 65 1402 65 2647
G: K 313 -1 65 2653 66 669
G: K 314 1 66 722 66 1541
G: K 315 -1 66 1547 66 2162
G: K 316 -1 66 2184 67 77
G: K 317 -1 67 139 67 1009
G: K 318 -1 67 1050 67 2382
G: K 319 -1 67 2405 67 3320
G: P 320 -1 67 3237 -1 -1
G: P 321 -1 -1 -1 68 1446
G: K 322 -1 68 1460 68 2306
G: K 323 -1 68 2322 68 2856
G: K 324 -1 68 2959 68 3871
G: K 325 -1 68 4191 69 1560
G: K 326 -1 69 2359 69 4036
G: K 327 1 69 4092 69 4791
G: P 328 -1 69 5626 -1 -1
G: P 329 -1 -1 -1 70 425
G: K 330 -1 70 424 70 586
G: K 331 -1 70 602 70 1505
G: K 332 -1 70 1517 70 2336
G: K 333 -1 70 2325 70 4626
G: K 334 -1 70 4664 70 6026
G: K 335 -1 70 6029 71 15
G: K 336 -1 71 23 71 677
G: K 337 -1 71 664 71 1399
G: K 338 -1 71 2035 71 4576
G: K 339 -1 71 4565 71 5147
G: K 340 -1 71 5154 71 5379
G: K 341 1 71 5437 72 209
G: K 342 1 72 317 72 1604
G: K 498 1 72 1606 72 2896
G: K 343 1 72 2897 72 3305
G: K 344 -1 72 3291 73 1841
G: K 345 -1 73 2018 73 3047
G: K 497 -1 73 3505 73 4282
G: P 346 -1 -1 -1 74 3804
G: K 347 -1 74 3813 75 2108
G: K 348 -1 75 2197 75 2701
G: K 349 -1 75 2779 75 3826
G: K 350 -1 75 3829 75 4660
G: K 351 -1 75 4670 76 512
G: K 352 1 76 555 76 1077
G: K 353 1 76 1061 76 1688
G: K 354 -1 76 1839 76 2808
G: K 355 1 76 3218 76 4445
G: K 356 1 76 4444 76 5386
G: K 357 -1 76 5603 77 46
G: K 358 1 77 93 77 663
G: K 359 1 77 665 77 1175
G: K 360 -1 77 1171 77 1507
G: K 361 1 77 1655 77 2087
G: K 362 -1 77 2089 77 4246
G: P 363 -1 77 4399 -1 -1
G: P 364 -1 -1 -1 78 954
G: K 365 1 78 1761 78 2391
G: K 366 1 78 2365 78 3298
G: K 367 -1 78 3284 78 4556
G: K 368 1 78 4675 78 5173
G: K 369 1 78 5195 78 5564
G: P 370 1 78 5566 -1 -1
G: D 371 -1 -1 -1 -1 -1
G: P 372 1 -1 -1 79 326
G: K 373 1 79 318 79 1260
G: K 374 1 79 1261 79 3301
G: K 375 -1 79 3324 79 4131
G: P 376 -1 79 4120 -1 -1
G: P 377 -1 -1 -1 80 1208
G: K 378 -1 80 1276 80 2266
G: K 379 -1 80 2252 80 3257
G: K 380 -1 80 3249 80 4440
G: K 381 -1 80 4426 80 5278
G: P 382 -1 80 5278 -1 -1
G: P 383 -1 -1 -1 81 1522
G: K 384 -1 81 1521 81 1845
G: K 385 -1 81 1850 81 2441
G: K 386 -1 81 2487 81 4143
G: P 387 1 81 4171 -1 -1
G: D 388 1 -1 -1 -1 -1
G: P 389 1 -1 -1 82 429
G: K 390 1 82 893 82 1544
G: K 391 -1 82 1540 82 2296
G: K 392 -1 82 2288 82 3590
G: K 393 -1 82 3589 82 4039
G: K 394 -1 82 4209 82 4926
G: K 395 -1 82 4928 83 3453
G: K 719 1 83 3738 83 5250
G: K 396 -1 83 5251 84 181
G: K 397 -1 84 168 84 636
G: K 398 -1 84 619 84 997
G: K 399 -1 84 1000 84 3028
G: K 578 -1 84 3134 84 3383
G: K 400 -1 84 3384 84 4713
G: K 401 -1 84 4729 85 584
G: K 402 -1 85 596 85 932
G: K 403 -1 85 1057 85 2281
G: K 404 -1 85 2290 85 3862
G: K 405 -1 85 4232 85 4697
G: K 406 -1 85 4697 86 1020
G: K 407 -1 86 1021 86 1432
G: K 408 -1 86 1433 86 2867
G: K 409 -1 86 2868 86 3726
G: P 410 -1 86 3725 -1 -1
G: P 411 -1 -1 -1 87 63
G: K 412 -1 87 49 87 715
G: K 413 -1 87 717 87 1038
G: K 414 -1 87 1040 87 1934
G: K 415 -1 87 1896 87 2361
G: K 416 -1 87 2366 87 3773
G: K 417 1 87 3839 87 4313
G: P 418 -1 87 4309 -1 -1
G: P 419 -1 -1 -1 88 519
G: K 420 -1 88 500 88 2504
G: K 421 -1 88 2503 88 3679
G: K 422 -1 88 3799 89 1519
G: K 423 -1 89 1583 89 3602
G: K 424 -1 89 3657 89 4056
G: K 425 -1 89 4061 89 4499
G: K 426 -1 89 4536 90 1133
G: K 496 -1 90 1137 90 1380
G: K 427 -1 90 1381 90 4282
G: K 428 -1 90 4253 91 742
G: K 429 -1 91 779 91 2474
G: K 430 -1 91 2476 91 2746
G: K 431 1 91 2934 91 4302
G: K 432 1 91 4324 91 4525
G: P 433 1 91 4560 -1 -1
G: D 434 1 -1 -1 -1 -1
G: P 435 -1 -1 -1 92 1663
G: K 436 -1 92 1666 92 3259
G: K 437 -1 92 3251 92 3989
G: P 438 -1 92 4048 -1 -1
G: P 439 1 -1 -1 93 732
G: K 440 1 93 712 93 1465
G: K 441 1 93 1464 93 2025
G: K 442 1 93 2025 93 3228
G: K 443 1 93 3247 93 4399
G: P 444 -1 -1 -1 94 376
G: K 445 -1 94 375 94 1191
G: K 446 -1 94 1333 94 1750
G: K 447 -1 94 1920 94 2733
G: K 448 -1 94 2704 94 3931
G: K 449 -1 94 3946 94 4306
G: P 450 -1 94 4289 -1 -1
G: D 451 -1 -1 -1 -1 -1
G: K 452 -1 95 359 95 2042
G: K 453 -1 95 2042 95 2513
G: K 454 -1 95 3171 95 4059
G: P 455 -1 95 4058 -1 -1
G: P 456 1 -1 -1 96 279
G: K 457 1 96 260 96 1154
G: K 458 -1 96 1143 96 1620
G: K 459 1 96 1606 96 2797
G: K 460 -1 96 2786 96 3809
G: P 461 -1 96 4361 -1 -1
G: K 462 -1 97 52 97 580
G: K 463 -1 97 581 97 1109
G: K 464 1 97 1281 97 2238
G: K 465 -1 97 2234 97 3530
G: K 466 -1 97 3510 97 4965
G: P 467 -1 97 4951 -1 -1
G: P 468 -1 -1 -1 98 859
G: K 469 -1 98 833 98 1223
G: K 470 -1 98 1188 98 1332
G: K 471 -1 98 1357 98 2305
G: K 472 -1 98 2308 99 1776
G: K 473 -1 99 1781 99 2663
G: K 474 -1 99 2725 99 4057
G: P 475 -1 99 4699 -1 -1
