The input genome is 591503 bp long, 532352 will be kept.
min distance 58
----------------------------------------
fragments: id start end
F: 0 326 5191
F: 1 5661 11895
F: 2 12504 18184
F: 3 19133 24356
F: 4 25181 30551
F: 5 31167 37322
F: 6 38047 42558
F: 7 43142 47801
F: 8 48692 53494
F: 9 54284 58802
F: 10 59577 66054
F: 11 66424 71106
F: 12 71565 76677
F: 13 77324 82147
F: 14 82966 88820
F: 15 89437 94722
F: 16 95398 101780
F: 17 102113 106791
F: 18 107170 113106
F: 19 113845 119229
F: 20 119817 124808
F: 21 125468 129980
F: 22 130302 135597
F: 23 136497 141578
F: 24 142118 146683
F: 25 147139 152198
F: 26 152612 157016
F: 27 157636 161864
F: 28 162878 169193
F: 29 169965 176253
F: 30 177221 182052
F: 31 182800 188001
F: 32 188660 193851
F: 33 194340 199437
F: 34 199601 205486
F: 35 206384 211561
F: 36 212139 217554
F: 37 217875 223987
F: 38 224343 229086
F: 39 229623 234048
F: 40 234796 241009
F: 41 241788 247014
F: 42 247240 253014
F: 43 253986 259363
F: 44 260045 265283
F: 45 265589 271240
F: 46 271736 277511
F: 47 278009 283989
F: 48 284503 289983
F: 49 290412 296026
F: 50 296669 301628
F: 51 302026 308026
F: 52 308404 314490
F: 53 315117 320545
F: 54 320745 326160
F: 55 326803 331929
F: 56 332433 339066
F: 57 339524 343750
F: 58 344332 349400
F: 59 349960 355513
F: 60 355834 360324
F: 61 361043 367277
F: 62 367947 374254
F: 63 374682 380563
F: 64 381074 386714
F: 65 387114 392390
F: 66 392697 397362
F: 67 398385 402412
F: 68 403103 407916
F: 69 408569 414641
F: 70 415576 421625
F: 71 422128 427780
F: 72 428319 433080
F: 73 433788 439556
F: 74 440152 445114
F: 75 445825 452309
F: 76 452584 458374
F: 77 458703 463817
F: 78 464438 469966
F: 79 470688 475762
F: 80 476303 482092
F: 81 482540 488493
F: 82 489390 494922
F: 83 495626 501017
F: 84 501663 506851
F: 85 507314 512279
F: 86 512608 517656
F: 87 518316 523065
F: 88 523663 528750
F: 89 529028 533731
F: 90 534279 539655
F: 91 540368 545130
F: 92 546117 550589
F: 93 551336 556020
F: 94 556687 561372
F: 95 561993 567115
F: 96 567750 573592
F: 97 574233 579672
F: 98 580159 585485
F: 99 586060 591445
----------------------------------------
genes: [Kept,Partial,Discared] locus strand fragment1 start_pos fragment2 end_pos 
G: K 0 1 0 359 0 1514
G: K 1 1 0 1513 0 2446
G: K 2 1 0 2530 0 4492
G: K 3 1 0 4506 1 1736
G: K 4 1 1 1704 1 2961
G: K 5 1 1 2964 1 3597
G: K 6 1 1 3569 1 4352
G: K 7 1 1 4354 1 5722
G: P 8 1 1 5721 -1 -1
G: P 9 1 -1 -1 2 361
G: K 10 -1 2 334 2 1201
G: K 11 -1 2 1205 2 2099
G: K 12 -1 2 2061 2 2883
G: K 13 1 2 3221 2 5141
G: K 14 1 2 5187 3 337
G: K 15 1 3 346 3 3484
G: K 16 1 3 3525 3 4731
G: P 17 1 3 4714 -1 -1
G: P 18 1 -1 -1 4 1137
G: K 19 1 4 1166 4 1610
G: K 20 1 4 1615 4 2485
G: K 21 1 4 2485 4 3589
G: K 22 1 4 3791 4 4691
G: K 23 1 4 4694 4 5264
G: P 24 1 4 5232 -1 -1
G: P 25 1 -1 -1 5 328
G: K 26 -1 5 314 5 890
G: K 27 -1 5 891 5 1512
G: K 28 -1 5 1545 5 5901
G: D 516 -1 -1 -1 -1 -1
G: P 29 1 -1 -1 6 1749
G: K 30 1 6 1898 6 2675
G: K 31 -1 6 2643 6 3279
G: P 32 1 6 3307 -1 -1
G: P 33 1 -1 -1 7 1105
G: K 34 1 7 1077 7 2448
G: K 35 -1 7 2444 7 3989
G: P 36 -1 7 3979 -1 -1
G: P 37 1 -1 -1 8 1527
G: K 38 1 8 1547 8 1820
G: K 39 1 8 2017 8 3727
G: K 40 1 8 3731 8 4592
G: P 41 1 8 4572 -1 -1
G: P 42 1 -1 -1 9 1274
G: K 43 1 9 1275 9 2244
G: K 44 1 9 2227 9 3379
G: P 45 -1 9 3608 -1 -1
G: P 46 1 -1 -1 10 443
G: K 47 1 10 446 10 1121
G: K 48 1 10 1107 10 2370
G: K 49 1 10 2378 10 2774
G: K 50 1 10 2773 10 4450
G: K 51 -1 10 4426 10 5383
G: K 52 -1 10 5386 10 5761
G: K 53 -1 10 5767 10 5917
G: K 54 -1 10 5930 10 6320
G: K 55 -1 10 6306 11 296
G: K 56 -1 11 277 11 814
G: K 57 -1 11 792 11 1791
G: K 58 -1 11 1771 11 2227
G: K 59 1 11 2233 11 3130
G: P 60 -1 11 3108 -1 -1
G: P 61 1 -1 -1 12 2027
G: K 62 1 12 1977 12 2916
G: K 63 1 12 3171 13 1408
G: K 64 1 13 1407 13 2814
G: K 65 1 13 2817 13 4767
G: P 518 1 13 4776 -1 -1
G: P 66 1 -1 -1 14 1373
G: K 67 1 14 1396 14 2812
G: K 478 -1 15 402 15 1788
G: K 68 1 15 1910 15 4649
G: P 69 1 15 4759 -1 -1
G: P 70 1 -1 -1 16 2366
G: K 71 1 16 2355 16 4788
G: K 72 1 16 4765 17 63
G: K 73 1 17 65 17 482
G: K 74 1 17 545 17 3665
G: K 75 -1 17 3661 17 4087
G: K 76 1 17 4320 18 496
G: K 77 1 18 488 18 1628
G: K 78 1 18 1629 18 2853
G: K 79 1 18 2852 18 5399
G: K 80 1 18 5454 18 5877
G: P 81 1 18 5876 -1 -1
G: P 82 1 -1 -1 19 466
G: K 83 1 19 458 19 1340
G: K 84 1 19 1340 19 2276
G: K 85 1 19 2268 19 3417
G: K 86 1 19 3445 19 3874
G: K 87 1 19 3890 19 4370
G: K 88 1 19 4379 20 474
G: K 89 1 20 525 20 1152
G: K 90 1 20 1152 20 1638
G: K 91 1 20 1627 20 1951
G: K 92 1 20 1953 20 2424
G: K 93 1 20 2407 20 3814
G: P 94 1 20 3817 -1 -1
G: P 95 1 -1 -1 21 1520
G: K 96 1 21 1576 21 2326
G: K 97 1 21 2425 21 3871
G: K 98 1 21 3873 22 482
G: K 99 1 22 474 22 1908
G: K 100 1 22 1882 22 2551
G: K 101 1 22 2543 22 3518
G: K 102 1 22 3507 22 4344
G: K 103 1 22 4365 22 4599
G: K 104 1 22 4601 23 602
G: K 105 1 23 609 23 1215
G: K 106 -1 23 1189 23 1771
G: K 107 1 23 1811 23 2390
G: K 108 1 23 2389 23 3172
G: K 109 1 23 3156 23 4338
G: P 110 1 23 4324 -1 -1
G: P 111 1 -1 -1 24 862
G: K 112 1 24 851 24 1481
G: K 113 1 24 1494 24 2850
G: K 114 1 24 2785 24 3502
G: K 115 1 24 3526 24 4000
G: P 116 1 24 4008 -1 -1
G: P 117 1 -1 -1 25 383
G: K 118 1 25 363 25 1401
G: K 119 1 25 1415 25 3158
G: K 120 1 25 3164 25 4721
G: K 121 1 25 4723 26 171
G: K 122 1 26 210 26 2349
G: K 123 1 26 2326 26 3745
G: K 124 1 26 3791 26 4100
G: P 125 1 26 4105 -1 -1
G: P 126 -1 -1 -1 27 969
G: K 127 1 27 1004 27 1448
G: K 128 1 27 1455 27 2247
G: K 129 1 27 2246 27 2600
G: K 130 1 27 2589 27 4053
G: D 131 -1 -1 -1 -1 -1
G: P 132 -1 -1 -1 28 572
G: K 133 1 28 591 28 891
G: K 134 -1 28 868 28 1705
G: K 135 1 28 1753 28 3253
G: K 136 1 28 3191 28 4424
G: K 137 1 28 4423 28 6262
G: P 138 1 -1 -1 29 995
G: K 139 1 30 2363 31 126
G: K 140 1 31 130 31 1732
G: K 141 1 31 1731 31 2019
G: K 142 1 31 2005 31 3883
G: K 143 1 31 3869 31 4205
G: K 144 1 31 4229 31 5093
G: K 145 1 31 5092 32 54
G: K 146 1 32 66 32 1350
G: K 147 1 32 1336 32 2479
G: K 148 1 32 2517 32 3756
G: K 149 1 32 3831 32 4692
G: P 150 1 32 4731 -1 -1
G: D 151 1 -1 -1 -1 -1
G: P 152 1 -1 -1 33 709
G: K 153 1 33 708 33 1344
G: K 154 1 33 1347 33 1668
G: K 155 1 33 1667 33 2525
G: K 156 1 33 2524 33 2788
G: K 157 1 33 2790 33 3222
G: K 158 1 33 3224 33 4034
G: P 476 -1 33 4038 -1 -1
G: P 159 1 -1 -1 34 362
G: K 160 1 34 361 34 964
G: K 161 1 34 963 34 1230
G: K 162 1 34 1233 34 1611
G: K 163 1 34 1610 34 1943
G: K 164 1 34 1948 34 2509
G: K 165 1 34 2511 34 2703
G: K 166 1 34 2696 34 3113
G: K 167 1 34 3119 34 3689
G: K 168 1 34 3690 34 4038
G: K 169 1 34 4042 34 4678
G: K 170 1 34 4683 34 5136
G: P 171 1 34 5135 -1 -1
G: P 172 1 -1 -1 35 427
G: K 173 1 35 429 35 1197
G: K 174 1 35 1196 35 1415
G: K 175 1 35 1425 35 1539
G: K 176 1 35 1538 35 1925
G: K 177 1 35 1924 35 2290
G: K 178 1 35 2305 35 3304
G: K 179 1 35 3316 35 3688
G: K 180 1 35 3674 35 4511
G: P 181 1 35 4495 -1 -1
G: P 182 1 -1 -1 36 937
G: K 183 1 36 929 36 1679
G: K 184 1 36 1668 36 3492
G: K 185 1 36 3492 36 4443
G: K 186 1 36 4542 37 957
G: K 187 1 37 3423 37 4194
G: K 188 1 37 4186 37 5980
G: K 189 1 37 5982 38 498
G: K 190 1 38 472 38 1426
G: K 191 1 38 1594 38 2557
G: K 192 1 38 2563 39 1702
G: P 193 1 39 1703 -1 -1
G: K 194 1 40 2672 40 3698
G: K 195 1 40 3701 40 6152
G: P 196 1 40 6210 -1 -1
G: D 197 1 -1 -1 -1 -1
G: P 198 1 -1 -1 41 332
G: K 199 1 41 1057 41 2887
G: K 200 1 41 2898 41 3546
G: K 201 1 41 3555 41 3921
G: K 202 1 41 4048 42 537
G: K 203 1 42 536 42 2903
G: K 204 -1 42 2899 42 3934
G: K 205 1 42 3969 42 5769
G: P 206 1 42 5749 -1 -1
G: P 207 -1 -1 -1 43 84
G: K 208 -1 43 67 43 994
G: K 209 -1 43 993 43 1539
G: K 210 1 43 1739 43 2420
G: K 211 1 43 2419 43 2605
G: K 212 1 43 2606 43 3053
G: K 213 1 43 3055 43 3400
G: K 214 1 43 3392 43 4199
G: P 215 1 43 4191 -1 -1
G: P 216 1 -1 -1 44 185
G: K 217 1 44 203 44 1175
G: K 218 1 44 1177 44 2704
G: K 219 1 44 3623 44 4763
G: K 220 1 44 4780 45 4678
G: P 221 1 45 4680 -1 -1
G: P 222 1 -1 -1 46 7
G: K 223 -1 46 38 46 320
G: K 224 1 46 629 46 1058
G: K 225 1 46 1047 46 1983
G: K 226 1 46 1984 46 3220
G: K 227 1 46 3222 46 4347
G: P 228 1 46 4392 -1 -1
G: P 229 1 -1 -1 47 1048
G: K 230 1 47 1519 47 2392
G: K 231 1 47 2391 47 2874
G: K 232 1 47 2879 47 3902
G: K 233 1 47 3905 47 4370
G: K 234 1 47 4388 48 60
G: K 235 1 48 152 48 461
G: K 236 1 48 453 48 759
G: K 237 1 48 751 48 1069
G: K 238 1 48 1061 48 1934
G: K 239 1 48 1923 48 2340
G: K 240 1 48 2335 48 3217
G: K 241 1 48 3246 48 4581
G: K 242 1 48 4649 49 1194
G: K 243 -1 49 1190 49 2255
G: K 244 1 49 2307 49 4176
G: P 245 1 49 4181 -1 -1
G: K 246 1 50 505 50 2617
G: K 247 1 50 2619 50 3117
G: K 248 1 50 3109 50 3958
G: K 249 -1 50 3941 50 4661
G: P 250 -1 50 4647 -1 -1
G: P 251 -1 -1 -1 51 1424
G: K 252 -1 51 1468 51 3307
G: K 253 -1 51 3296 51 4649
G: K 254 -1 51 4668 51 5397
G: K 255 -1 51 5399 52 308
G: K 256 -1 52 312 52 2319
G: K 257 1 52 2494 52 3604
G: K 258 1 52 3707 52 4160
G: K 259 1 52 4326 52 5094
G: K 260 1 52 5139 52 5433
G: P 261 1 52 5432 -1 -1
G: P 262 1 -1 -1 53 1176
G: K 263 1 53 1306 53 3604
G: K 264 1 54 868 54 3535
G: K 265 1 54 3541 54 4417
G: K 266 1 54 4416 54 5271
G: K 267 1 54 5386 55 207
G: K 268 1 55 200 55 803
G: K 269 -1 55 738 55 1572
G: K 270 -1 55 1590 55 3981
G: K 271 -1 55 3981 55 4329
G: K 272 -1 55 4362 55 5046
G: P 273 -1 -1 -1 56 598
G: K 274 -1 56 978 56 2007
G: K 275 -1 56 2017 56 3391
G: K 276 -1 56 3394 56 4567
G: K 277 -1 56 4816 56 5809
G: P 278 -1 56 5826 -1 -1
G: P 279 -1 -1 -1 57 1306
G: K 280 -1 57 1388 57 1931
G: K 281 -1 57 1944 58 79
G: K 282 1 58 121 58 2290
G: K 283 -1 58 2286 58 2946
G: K 284 -1 58 2935 58 3739
G: P 285 -1 58 3799 -1 -1
G: K 286 -1 59 527 59 1013
G: K 287 1 59 1344 59 2796
G: K 288 1 59 3016 59 3415
G: K 289 1 59 3377 59 4421
G: K 290 1 59 4423 59 5020
G: K 291 1 59 5051 59 5306
G: K 292 1 60 4318 61 216
G: K 293 1 61 205 61 961
G: K 294 1 61 950 61 2591
G: K 295 -1 61 2587 61 3001
G: K 296 -1 61 3000 61 5703
G: P 520 -1 61 5759 -1 -1
G: P 297 -1 -1 -1 62 107
G: K 298 -1 62 99 62 1530
G: K 299 -1 62 1647 62 2748
G: K 300 -1 62 2750 62 3149
G: K 301 -1 62 3268 62 4309
G: K 302 -1 62 4315 63 592
G: K 303 -1 63 794 63 1760
G: K 304 -1 63 1777 63 3025
G: K 305 -1 63 3026 63 4040
G: K 306 -1 63 4070 63 5024
G: P 307 -1 63 5002 -1 -1
G: P 308 -1 -1 -1 64 481
G: K 309 -1 64 606 64 2424
G: K 310 -1 64 2511 64 3708
G: K 311 -1 64 3707 65 1243
G: K 312 -1 65 1227 65 2463
G: K 521 1 65 2468 65 3323
G: K 313 -1 65 3324 66 1455
G: K 314 1 66 1508 66 2327
G: K 315 -1 66 2333 66 2951
G: K 316 -1 66 2973 67 705
G: K 317 -1 67 764 67 1628
G: K 318 -1 67 1672 67 2998
G: K 319 -1 67 3021 67 3933
G: K 320 -1 67 3856 68 245
G: K 321 -1 68 285 68 2121
G: K 322 -1 68 2135 68 2978
G: K 323 -1 68 2994 68 3534
G: K 324 -1 68 3637 68 4507
G: P 325 -1 -1 -1 69 2175
G: K 326 -1 69 2974 69 4690
G: K 327 1 69 4746 69 5430
G: P 328 -1 -1 -1 70 71
G: K 329 -1 70 12 70 1086
G: K 330 -1 70 1085 70 1247
G: K 331 -1 70 1263 70 2157
G: K 332 -1 70 2169 70 2973
G: K 333 -1 70 2959 70 5269
G: K 334 -1 70 5307 71 114
G: K 335 -1 71 117 71 783
G: K 336 -1 71 791 71 1445
G: K 337 -1 71 1432 71 2149
G: K 338 -1 71 2785 71 5338
G: P 339 -1 71 5327 -1 -1
G: D 340 -1 -1 -1 -1 -1
G: K 341 1 72 2 72 1040
G: K 342 1 72 1148 72 2393
G: K 343 1 72 2396 72 2813
G: K 344 -1 72 2799 73 1155
G: K 345 -1 73 1332 73 2358
G: K 346 -1 73 4825 74 2409
G: K 347 -1 74 2418 75 918
G: K 348 -1 75 1007 75 1523
G: K 349 -1 75 1601 75 2639
G: K 350 -1 75 2642 75 3485
G: K 351 -1 75 3495 75 6204
G: P 352 1 75 6247 -1 -1
G: P 353 1 -1 -1 76 612
G: K 354 -1 76 763 76 1732
G: K 355 1 76 2142 76 3378
G: K 356 1 76 3377 76 4340
G: K 357 -1 76 4557 76 5232
G: P 358 1 76 5279 -1 -1
G: P 359 1 -1 -1 77 218
G: K 360 -1 77 214 77 547
G: K 361 1 77 695 77 1115
G: K 362 -1 77 1117 77 3262
G: K 363 -1 77 3415 77 4267
G: P 364 -1 77 4279 -1 -1
G: K 365 1 78 542 78 1160
G: K 366 1 78 1134 78 2055
G: K 367 -1 78 2044 78 3301
G: K 368 1 78 3420 78 3909
G: K 369 1 78 3931 78 4300
G: K 370 1 78 4302 78 4476
G: K 371 -1 78 4490 78 4757
G: K 372 1 78 4820 78 5495
G: K 373 1 78 5487 79 161
G: K 477 1 79 161 79 722
G: K 374 1 79 723 79 2745
G: K 375 -1 79 2768 79 3569
G: K 376 -1 79 3558 79 4554
G: K 377 -1 79 4553 80 612
G: K 378 -1 80 680 80 1658
G: K 379 -1 80 1644 80 2622
G: K 380 -1 80 2614 80 3772
G: K 381 -1 80 3758 80 4604
G: K 382 -1 80 4604 80 5447
G: K 383 -1 80 5439 81 897
G: K 384 -1 81 896 81 1217
G: K 385 -1 81 1222 81 1807
G: K 386 -1 81 1853 81 3479
G: K 387 1 81 3507 81 5370
G: K 388 1 81 5362 81 5950
G: P 389 1 81 5942 -1 -1
G: K 519 -1 82 221 82 1655
G: K 390 1 82 1656 82 2298
G: K 391 -1 82 2294 82 3041
G: K 392 -1 82 3033 82 4338
G: K 393 -1 82 4337 82 4802
G: P 394 -1 82 4972 -1 -1
G: P 395 -1 -1 -1 83 4393
G: P 396 -1 83 4679 -1 -1
G: D 397 -1 -1 -1 -1 -1
G: P 398 -1 -1 -1 84 340
G: K 399 -1 84 343 84 2350
G: K 400 -1 84 2457 84 3804
G: P 401 -1 84 3820 -1 -1
G: P 402 -1 -1 -1 85 176
G: K 403 -1 85 301 85 1528
G: K 404 -1 85 1537 85 3112
G: K 405 -1 85 3482 85 3941
G: K 406 -1 85 3941 86 381
G: K 407 -1 86 382 86 784
G: K 408 -1 86 788 86 2219
G: K 409 -1 86 2220 86 3060
G: K 410 -1 86 3059 86 4622
G: P 411 -1 86 4637 -1 -1
G: P 412 -1 -1 -1 87 76
G: K 413 -1 87 78 87 390
G: K 414 -1 87 392 87 1277
G: K 415 -1 87 1239 87 1716
G: K 416 -1 87 1721 87 3104
G: K 417 1 87 3170 87 3650
G: K 418 -1 87 3646 87 4324
G: P 419 -1 87 4326 -1 -1
G: P 420 -1 -1 -1 88 1963
G: K 421 -1 88 1962 88 3111
G: K 422 -1 88 3231 89 1046
G: K 423 -1 89 1110 89 3141
G: K 424 -1 89 3196 89 3595
G: K 425 -1 89 3600 89 4047
G: K 426 -1 89 4084 90 636
G: K 427 -1 90 641 90 3506
G: P 428 -1 90 3477 -1 -1
G: P 429 -1 -1 -1 91 1625
G: K 430 -1 91 1627 91 1888
G: K 431 1 91 2076 91 3444
G: K 432 1 91 3466 91 3658
G: K 433 1 91 3693 91 4125
G: K 434 1 91 4235 91 4751
G: K 435 -1 91 4747 92 717
G: K 436 -1 92 720 92 2238
G: K 437 -1 92 2230 92 2968
G: K 438 -1 92 3027 92 4233
G: K 439 1 92 4318 93 5
G: P 440 1 -1 -1 93 717
G: K 441 1 93 716 93 1289
G: K 442 1 93 1289 93 2498
G: K 443 1 93 2517 93 3690
G: P 444 -1 93 4094 -1 -1
G: P 445 -1 -1 -1 94 341
G: K 446 -1 94 483 94 894
G: K 447 -1 94 1064 94 1874
G: K 448 -1 94 1848 94 3027
G: K 449 -1 94 3042 94 3405
G: K 450 -1 94 3388 94 4090
G: K 451 -1 94 4089 94 4377
G: P 452 -1 -1 -1 95 1355
G: K 453 -1 95 1355 95 1811
G: K 517 1 95 2468 95 2825
G: K 454 -1 95 2826 95 3699
G: K 455 -1 95 3698 95 4883
G: P 456 1 95 4935 -1 -1
G: P 457 1 -1 -1 96 854
G: K 458 -1 96 843 96 1311
G: K 459 1 96 1297 96 2488
G: K 460 -1 96 2477 96 3509
G: P 461 -1 96 4061 -1 -1
G: P 462 -1 -1 -1 97 425
G: K 463 -1 97 426 97 927
G: K 464 1 97 1099 97 2047
G: K 465 -1 97 2043 97 3348
G: K 466 -1 97 3328 97 4807
G: P 467 -1 97 4793 -1 -1
G: P 468 -1 -1 -1 98 815
G: K 469 -1 98 786 98 1173
G: K 470 -1 98 1141 98 1288
G: K 471 -1 98 1313 98 2252
G: K 472 -1 98 2255 99 1706
G: K 473 -1 99 1711 99 2566
G: K 474 -1 99 2628 99 3939
G: P 475 -1 99 4581 -1 -1
