The input genome is 603937 bp long, 543543 will be kept.
min distance 59
----------------------------------------
fragments: id start end
F: 0 391 5338
F: 1 6065 12446
F: 2 13227 18907
F: 3 20029 25273
F: 4 25876 31359
F: 5 31988 38312
F: 6 38964 43567
F: 7 44166 49111
F: 8 49884 54826
F: 9 55388 60071
F: 10 60760 67438
F: 11 67859 72641
F: 12 73390 78527
F: 13 79297 84321
F: 14 84990 91080
F: 15 91818 97232
F: 16 97718 104402
F: 17 104796 109474
F: 18 109885 115855
F: 19 116538 122065
F: 20 122441 127661
F: 21 128417 133018
F: 22 133390 138766
F: 23 139637 144832
F: 24 145317 149955
F: 25 150613 155688
F: 26 156044 160507
F: 27 161002 165446
F: 28 166444 172863
F: 29 173382 180004
F: 30 180876 186049
F: 31 186785 192332
F: 32 192873 198167
F: 33 198741 203900
F: 34 204157 210042
F: 35 211184 216404
F: 36 217147 222659
F: 37 223177 229445
F: 38 229902 234776
F: 39 235274 239842
F: 40 240566 247115
F: 41 247697 253129
F: 42 253505 259345
F: 43 260101 265689
F: 44 266286 271763
F: 45 272053 277788
F: 46 278392 284167
F: 47 284558 290700
F: 48 291339 296837
F: 49 297188 302952
F: 50 303527 308571
F: 51 309096 315211
F: 52 315867 321960
F: 53 322633 328118
F: 54 328415 333988
F: 55 334560 339816
F: 56 340578 347219
F: 57 347687 351983
F: 58 352664 357732
F: 59 358277 363927
F: 60 364224 368739
F: 61 369686 375920
F: 62 376761 383248
F: 63 383648 389558
F: 64 390020 395752
F: 65 396086 401479
F: 66 401912 406577
F: 67 407355 411628
F: 68 412345 417184
F: 69 417809 424051
F: 70 424975 431105
F: 71 431581 437327
F: 72 437949 442710
F: 73 443251 449186
F: 74 449746 454877
F: 75 455662 462148
F: 76 462611 468401
F: 77 468917 474053
F: 78 474456 480254
F: 79 481036 486131
F: 80 486601 492435
F: 81 492964 498979
F: 82 499786 505509
F: 83 506294 511685
F: 84 512339 517597
F: 85 518062 523089
F: 86 523581 528637
F: 87 529332 534202
F: 88 534792 539938
F: 89 540273 545021
F: 90 545555 551008
F: 91 551634 556476
F: 92 557345 562083
F: 93 562947 567689
F: 94 568299 573145
F: 95 573884 579099
F: 96 579619 585632
F: 97 586354 591812
F: 98 592316 597746
F: 99 598228 603878
----------------------------------------
genes: [Kept,Partial,Discared] locus strand fragment1 start_pos fragment2 end_pos 
G: K 0 1 0 294 0 1440
G: K 1 1 0 1439 0 2372
G: K 2 1 0 2456 0 4430
G: K 3 1 0 4444 1 1344
G: K 4 1 1 1309 1 2578
G: K 5 1 1 2581 1 3211
G: K 6 1 1 3183 1 3990
G: K 7 1 1 3992 1 5351
G: K 8 1 1 5350 1 6160
G: P 9 1 1 6188 -1 -1
G: P 10 -1 -1 -1 2 541
G: K 11 -1 2 545 2 1460
G: K 12 -1 2 1422 2 2241
G: K 13 1 2 2579 2 4511
G: P 14 1 2 4557 -1 -1
G: P 15 1 -1 -1 3 2738
G: K 16 1 3 2779 3 3976
G: K 17 1 3 3956 3 4889
G: K 18 1 3 4888 4 580
G: K 19 1 4 609 4 1050
G: K 20 1 4 1055 4 1922
G: K 21 1 4 1922 4 3029
G: K 22 1 4 3231 4 4155
G: K 23 1 4 4158 4 4719
G: K 24 1 4 4690 4 5155
G: P 25 1 4 5154 -1 -1
G: P 26 -1 -1 -1 5 231
G: K 27 -1 5 232 5 874
G: K 28 -1 5 907 5 5290
G: K 29 1 5 5552 6 592
G: K 30 1 6 741 6 1530
G: K 31 -1 6 1498 6 2146
G: K 32 1 6 2174 6 3458
G: P 33 1 6 3447 -1 -1
G: P 34 1 -1 -1 7 1250
G: K 35 -1 7 1246 7 2845
G: K 36 -1 7 2835 7 4020
G: K 37 1 7 4178 8 236
G: K 38 1 8 256 8 523
G: K 39 1 8 720 8 2448
G: K 40 1 8 2452 8 3313
G: K 41 1 8 3290 8 4157
G: K 42 1 8 4141 9 116
G: K 43 1 9 117 9 1077
G: K 44 1 9 1060 9 2224
G: K 45 -1 9 2453 9 3794
G: K 46 1 9 3846 9 4563
G: P 47 1 9 4566 -1 -1
G: P 48 1 -1 -1 10 1163
G: K 49 1 10 1171 10 1567
G: K 50 1 10 1566 10 3255
G: K 51 -1 10 3231 10 4197
G: K 52 -1 10 4200 10 4581
G: K 53 -1 10 4587 10 4737
G: K 54 -1 10 4750 10 5134
G: K 55 -1 10 5120 10 5954
G: K 56 -1 10 5935 10 6481
G: K 57 -1 10 6459 11 368
G: K 58 -1 11 345 11 789
G: K 59 1 11 795 11 1710
G: K 60 -1 11 1688 11 3395
G: K 61 1 11 3699 12 250
G: K 62 1 12 197 12 1142
G: P 63 1 12 1397 -1 -1
G: P 64 1 -1 -1 13 994
G: K 65 1 13 997 13 2962
G: K 66 1 13 2972 13 4565
G: K 67 1 13 4588 14 326
G: K 478 -1 14 4387 14 5788
G: K 68 1 14 5910 15 1848
G: K 655 -1 15 1957 15 2830
G: K 69 1 15 2831 15 3710
G: K 777 1 15 3713 15 4865
G: K 70 1 15 4866 16 1642
G: K 71 1 16 1631 16 4094
G: K 72 1 16 4071 16 6066
G: K 73 1 16 6068 16 6488
G: K 74 1 16 6551 17 2605
G: K 75 -1 17 2601 17 3012
G: K 76 1 17 3245 17 4493
G: K 77 1 17 4485 18 527
G: K 78 1 18 528 18 1782
G: K 79 1 18 1781 18 4349
G: K 80 1 18 4404 18 4833
G: K 81 1 18 4832 18 5513
G: P 82 1 18 5512 -1 -1
G: P 83 1 -1 -1 19 327
G: K 84 1 19 327 19 1266
G: K 85 1 19 1258 19 2407
G: K 86 1 19 2435 19 2867
G: K 87 1 19 2883 19 3378
G: K 88 1 19 3387 19 5469
G: K 89 1 19 5520 20 247
G: K 90 1 20 247 20 748
G: K 91 1 20 737 20 1058
G: K 92 1 20 1060 20 1534
G: K 93 1 20 1517 20 2924
G: K 94 1 20 2927 20 4121
G: K 95 1 20 4304 21 323
G: K 96 1 21 379 21 1117
G: K 97 1 21 1216 21 2707
G: K 98 1 21 2709 21 4164
G: K 99 1 21 4156 22 620
G: K 100 1 22 597 22 1266
G: K 101 1 22 1258 22 2224
G: K 102 1 22 2213 22 3074
G: K 103 1 22 3095 22 3350
G: P 104 1 22 3352 -1 -1
G: D 105 1 -1 -1 -1 -1
G: P 106 -1 -1 -1 23 479
G: K 107 1 23 519 23 1092
G: K 108 1 23 1091 23 1877
G: K 109 1 23 1858 23 3046
G: K 110 1 23 3029 23 3878
G: P 111 1 23 3892 -1 -1
G: P 112 1 -1 -1 24 196
G: K 113 1 24 209 24 1586
G: K 114 1 24 1521 24 2259
G: K 115 1 24 2283 24 2787
G: K 116 1 24 2795 24 3569
G: K 117 1 24 3561 24 4224
G: P 118 1 24 4204 -1 -1
G: P 119 1 -1 -1 25 1682
G: K 120 1 25 1688 25 3272
G: K 121 1 25 3274 25 4210
G: K 122 1 25 4249 26 948
G: K 123 1 26 925 26 2359
G: K 124 1 26 2405 26 2726
G: K 125 1 26 2731 26 3601
G: P 126 -1 26 3584 -1 -1
G: P 127 1 -1 -1 27 161
G: K 128 1 27 168 27 978
G: K 129 1 27 977 27 1334
G: K 130 1 27 1323 27 2802
G: K 131 -1 27 3362 27 3788
G: P 132 -1 27 3762 -1 -1
G: D 133 1 -1 -1 -1 -1
G: P 134 -1 -1 -1 28 272
G: K 135 1 28 320 28 1805
G: K 136 1 28 1746 28 2997
G: K 137 1 28 2996 28 4805
G: P 138 1 28 4888 -1 -1
G: K 139 1 30 811 30 4204
G: P 140 1 30 4208 -1 -1
G: P 141 1 -1 -1 31 167
G: K 142 1 31 156 31 2040
G: K 143 1 31 2026 31 2362
G: K 144 1 31 2386 31 3250
G: K 145 1 31 3249 31 4092
G: K 146 1 31 4104 31 5385
G: K 147 1 31 5374 32 444
G: K 148 1 32 482 32 1721
G: K 149 1 32 1796 32 2660
G: K 150 1 32 2699 32 3167
G: K 151 1 32 3256 32 3589
G: K 152 1 32 3592 32 4384
G: K 153 1 32 4383 32 5013
G: P 154 1 32 5016 -1 -1
G: P 155 1 -1 -1 33 353
G: K 156 1 33 352 33 616
G: K 157 1 33 618 33 1059
G: K 158 1 33 1061 33 1883
G: K 476 -1 33 1887 33 3063
G: K 159 1 33 3064 33 3481
G: K 160 1 33 3480 33 4086
G: K 161 1 33 4085 33 4349
G: K 162 1 33 4352 33 4733
G: K 163 1 33 4732 33 5068
G: K 164 1 33 5073 34 227
G: K 165 1 34 229 34 415
G: K 166 1 34 408 34 840
G: K 167 1 34 846 34 1416
G: K 168 1 34 1417 34 1780
G: K 169 1 34 1784 34 2420
G: K 170 1 34 2425 34 2884
G: K 171 1 34 2883 34 4365
G: K 172 1 34 4358 34 5012
G: K 173 1 34 5014 34 5776
G: P 174 1 34 5775 -1 -1
G: D 175 1 -1 -1 -1 -1
G: D 176 1 -1 -1 -1 -1
G: D 177 1 -1 -1 -1 -1
G: P 178 1 -1 -1 35 892
G: K 179 1 35 904 35 1273
G: K 180 1 35 1262 35 2081
G: K 181 1 35 2068 35 2992
G: K 182 1 35 2984 35 4259
G: K 183 1 35 4251 35 5004
G: K 184 1 35 4993 36 869
G: K 185 1 36 869 36 1823
G: K 186 1 36 1922 36 4091
G: K 187 1 37 527 37 1313
G: K 188 1 37 1305 37 3099
G: K 189 1 37 3101 37 4085
G: K 190 1 37 4059 37 5019
G: K 191 1 37 5187 37 6165
G: K 192 1 37 6171 38 3862
G: K 193 1 38 3863 39 1782
G: P 194 1 -1 -1 40 484
G: K 195 1 40 487 40 2992
G: K 196 1 40 3050 40 3581
G: K 197 1 40 3583 40 3763
G: K 198 1 40 3765 40 4146
G: P 199 1 40 4871 -1 -1
G: P 200 1 -1 -1 41 232
G: K 201 1 41 241 41 607
G: K 657 1 41 733 41 1132
G: K 202 1 41 1133 41 3053
G: K 203 1 41 3052 41 5392
G: K 204 -1 41 5388 42 621
G: K 528 -1 42 655 42 1417
G: K 205 1 42 1418 42 3272
G: K 206 1 42 3252 42 3762
G: K 207 -1 42 3754 42 4357
G: K 208 -1 42 4340 42 5261
G: K 209 -1 42 5260 42 5806
G: P 210 1 -1 -1 43 91
G: K 211 1 43 90 43 285
G: K 212 1 43 286 43 733
G: K 213 1 43 735 43 1080
G: K 214 1 43 1075 43 1885
G: K 215 1 43 1877 43 3335
G: K 216 1 43 3318 43 3954
G: K 217 1 43 3972 43 4947
G: K 218 1 43 4949 44 327
G: K 219 1 44 1246 44 2377
G: K 220 1 44 2394 45 2144
G: K 221 1 45 2146 45 3184
G: K 222 1 45 3140 45 3605
G: K 223 -1 45 3636 45 3921
G: K 224 1 45 4230 45 4665
G: K 225 1 45 4651 45 5584
G: K 226 1 45 5585 46 482
G: K 227 1 46 484 46 1612
G: K 228 1 46 1657 46 3187
G: K 229 1 46 3155 46 4667
G: P 230 1 46 5138 -1 -1
G: P 231 1 -1 -1 47 336
G: K 232 1 47 341 47 1373
G: K 233 1 47 1376 47 1856
G: K 234 1 47 1874 47 4040
G: K 235 1 47 4132 47 4438
G: K 236 1 47 4430 47 4736
G: K 237 1 47 4728 47 5034
G: K 238 1 47 5026 47 5920
G: P 239 1 47 5906 -1 -1
G: P 240 1 -1 -1 48 416
G: K 241 1 48 445 48 1810
G: K 242 1 48 1878 48 4293
G: K 243 -1 48 4289 48 5360
G: K 244 1 48 5412 49 1426
G: K 245 1 49 1431 49 3342
G: P 246 1 49 4030 -1 -1
G: P 247 1 -1 -1 50 336
G: K 248 1 50 328 50 1171
G: K 249 -1 50 1154 50 1898
G: K 250 -1 50 1884 50 2547
G: K 251 -1 50 2530 50 4051
G: K 252 -1 50 4095 51 350
G: K 253 -1 51 339 51 1677
G: K 254 -1 51 1696 51 2425
G: K 255 -1 51 2427 51 3729
G: K 256 -1 51 3733 51 5767
G: K 257 1 51 5942 52 296
G: K 258 1 52 399 52 861
G: K 259 1 52 1027 52 1801
G: K 260 1 52 1846 52 2146
G: K 261 1 52 2145 52 3234
G: K 262 1 52 3234 52 4611
G: K 263 1 52 4741 53 279
G: K 529 1 53 3170 53 3830
G: K 264 1 53 3831 54 743
G: K 530 -1 54 748 54 1015
G: K 265 1 54 1016 54 1898
G: K 266 1 54 1897 54 2764
G: K 772 -1 54 2878 54 3166
G: K 267 1 54 3167 54 4061
G: K 268 1 54 4054 54 4660
G: K 269 -1 54 4592 54 5444
G: K 270 -1 54 5462 55 1732
G: K 271 -1 55 1732 55 2092
G: K 272 -1 55 2125 55 2815
G: K 273 -1 55 2965 55 4012
G: P 274 -1 55 4392 -1 -1
G: P 275 -1 -1 -1 56 775
G: K 276 -1 56 778 56 1957
G: K 277 -1 56 2206 56 3229
G: K 278 -1 56 3246 56 4377
G: K 279 -1 56 4404 56 5856
G: K 280 -1 56 5938 56 6484
G: K 281 -1 56 6497 57 2331
G: P 282 1 57 2373 -1 -1
G: P 283 -1 -1 -1 58 227
G: K 284 -1 58 216 58 1020
G: K 285 -1 58 1080 58 2763
G: K 286 -1 58 3424 58 3907
G: K 287 1 58 4238 59 77
G: K 288 1 59 297 59 696
G: K 289 1 59 658 59 1714
G: K 290 1 59 1716 59 2322
G: K 291 1 59 2353 59 2608
G: K 292 1 60 1547 60 2666
G: K 293 1 60 2655 60 3390
G: P 294 1 60 3379 -1 -1
G: D 295 -1 -1 -1 -1 -1
G: P 296 -1 -1 -1 61 2700
G: K 297 -1 61 2757 61 3504
G: K 298 -1 61 3496 61 4939
G: K 299 -1 61 5056 61 6154
G: P 300 -1 61 6156 -1 -1
G: P 301 -1 -1 -1 62 646
G: K 656 -1 62 651 62 2055
G: K 302 -1 62 2056 62 5074
G: K 303 -1 62 5276 62 6269
G: K 304 -1 62 6286 63 656
G: K 305 -1 63 657 63 1674
G: K 306 -1 63 1704 63 2664
G: K 307 -1 63 2642 63 3716
G: K 308 -1 63 3697 63 4498
G: K 309 -1 63 4623 64 78
G: K 310 -1 64 165 64 1377
G: K 311 -1 64 1376 64 4937
G: K 312 -1 64 4924 65 136
G: K 313 -1 65 142 65 3841
G: K 314 1 65 3894 65 4707
G: K 315 -1 65 4713 65 5340
G: K 316 -1 65 5362 66 3025
G: K 317 -1 66 3084 66 3957
G: P 318 -1 66 4001 -1 -1
G: P 319 -1 -1 -1 67 843
G: K 320 -1 67 760 67 1876
G: K 321 -1 67 1916 67 3746
G: P 322 -1 67 3760 -1 -1
G: P 323 -1 -1 -1 68 187
G: K 324 -1 68 290 68 1178
G: K 325 -1 68 1498 68 4336
G: P 771 1 -1 -1 69 705
G: K 326 -1 69 706 69 2395
G: K 327 1 69 2451 69 3144
G: K 328 -1 69 3979 69 4816
G: K 329 -1 69 4751 69 5825
G: K 330 -1 69 5824 69 5992
G: P 331 -1 69 6008 -1 -1
G: P 774 1 -1 -1 70 236
G: K 332 -1 70 237 70 1062
G: K 333 -1 70 1048 70 3343
G: K 334 -1 70 3381 70 4779
G: K 335 -1 70 4782 70 5451
G: K 336 -1 70 5459 70 6113
G: K 337 -1 70 6094 71 223
G: K 338 -1 71 859 71 3427
G: K 339 -1 71 3416 71 3986
G: K 340 -1 71 3993 71 4215
G: K 341 1 71 4273 71 5311
G: K 342 1 71 5419 72 302
G: K 343 1 72 305 72 728
G: K 344 -1 72 714 72 4587
G: P 345 -1 -1 -1 73 509
G: K 346 -1 73 2976 74 426
G: K 347 -1 74 435 74 4686
G: P 348 -1 74 4775 -1 -1
G: P 349 -1 -1 -1 75 521
G: K 350 -1 75 524 75 1376
G: K 351 -1 75 1386 75 4098
G: K 352 1 75 4141 75 4642
G: K 353 1 75 4632 75 5271
G: K 354 -1 75 5422 75 6430
G: P 355 1 -1 -1 76 1115
G: K 356 1 76 1114 76 2071
G: K 357 -1 76 2288 76 2963
G: K 358 1 76 3010 76 3565
G: K 359 1 76 3567 76 4086
G: K 360 -1 76 4079 76 4430
G: K 361 1 76 4578 76 5010
G: K 362 -1 76 5012 77 866
G: K 363 -1 77 1019 77 1874
G: K 364 -1 77 1886 77 3125
G: K 365 1 77 3932 77 4562
G: P 366 1 77 4533 -1 -1
G: P 367 -1 -1 -1 78 1167
G: K 368 1 78 1286 78 1778
G: K 369 1 78 1800 78 2175
G: K 370 1 78 2177 78 2345
G: K 371 -1 78 2359 78 2632
G: K 372 1 78 2695 78 3379
G: K 373 1 78 3371 78 4322
G: K 477 1 78 4322 78 4892
G: K 374 1 78 4893 79 368
G: K 653 -1 79 390 79 1392
G: K 375 -1 79 1393 79 2194
G: K 376 -1 79 2183 79 3176
G: K 377 -1 79 3175 79 4849
G: K 773 1 79 4916 80 2510
G: K 776 -1 80 2510 80 3179
G: K 378 -1 80 3180 80 4161
G: K 379 -1 80 4147 80 5122
G: P 380 -1 80 5114 -1 -1
G: P 381 -1 -1 -1 81 759
G: K 382 -1 81 759 81 1584
G: K 383 -1 81 1576 81 3268
G: K 384 -1 81 3267 81 3591
G: K 385 -1 81 3596 81 4175
G: K 386 -1 81 4221 81 5853
G: K 387 1 81 5881 82 952
G: K 388 1 82 944 82 1535
G: K 389 1 82 1527 82 2193
G: K 390 1 82 2657 82 3299
G: K 391 -1 82 3295 82 4066
G: K 392 -1 82 4061 82 5408
G: P 393 -1 82 5407 -1 -1
G: P 394 -1 -1 -1 83 236
G: K 395 -1 83 238 83 5191
G: P 396 -1 -1 -1 84 311
G: K 397 -1 84 298 84 766
G: K 399 -1 84 769 84 2764
G: K 400 -1 84 2871 84 4218
G: K 401 -1 84 4234 85 188
G: K 402 -1 85 200 85 542
G: K 403 -1 85 667 85 1924
G: K 404 -1 85 1933 85 3505
G: K 405 -1 85 3875 85 4343
G: K 406 -1 85 4343 86 567
G: K 407 -1 86 568 86 970
G: K 408 -1 86 974 86 2399
G: K 409 -1 86 2400 86 3237
G: K 410 -1 86 3236 86 4841
G: P 411 -1 86 4856 -1 -1
G: P 412 -1 -1 -1 87 246
G: K 413 -1 87 248 87 569
G: K 414 -1 87 571 87 1468
G: K 415 -1 87 1433 87 1910
G: K 416 -1 87 1915 87 3319
G: K 417 1 87 3385 87 3874
G: K 418 -1 87 3870 87 4551
G: P 527 1 87 4552 -1 -1
G: P 419 -1 -1 -1 88 455
G: K 420 -1 88 439 88 2434
G: K 421 -1 88 2433 88 3579
G: K 422 -1 88 3699 89 1425
G: K 423 -1 89 1489 89 3559
G: K 424 -1 89 3614 89 4013
G: K 425 -1 89 4018 89 4459
G: K 426 -1 89 4496 90 1056
G: K 427 -1 90 1061 90 3983
G: K 428 -1 90 3948 91 446
G: K 429 -1 91 483 91 2208
G: K 654 1 91 2209 91 2578
G: K 430 -1 91 2579 91 2840
G: K 431 1 91 3028 91 4423
G: K 432 1 91 4445 91 4637
G: P 433 1 91 4672 -1 -1
G: P 434 1 -1 -1 92 19
G: K 435 -1 92 15 92 1758
G: K 436 -1 92 1761 92 3279
G: K 437 -1 92 3271 92 4015
G: P 438 -1 92 4074 -1 -1
G: P 439 1 -1 -1 93 690
G: K 440 1 93 670 93 1396
G: K 441 1 93 1395 93 1968
G: K 442 1 93 1968 93 3171
G: K 443 1 93 3190 93 4351
G: P 444 -1 -1 -1 94 234
G: K 445 -1 94 233 94 1031
G: K 446 -1 94 1173 94 1584
G: K 447 -1 94 1754 94 2567
G: K 448 -1 94 2538 94 3774
G: K 449 -1 94 3789 94 4146
G: P 450 -1 94 4132 -1 -1
G: P 451 -1 94 4845 -1 -1
G: K 452 -1 95 164 95 1832
G: K 453 -1 95 1832 95 2288
G: K 454 -1 95 2946 95 3819
G: K 455 -1 95 3818 95 5009
G: P 775 -1 95 5060 -1 -1
G: P 456 1 -1 -1 96 394
G: K 457 1 96 378 96 1269
G: K 458 -1 96 1258 96 1729
G: K 459 1 96 1715 96 2948
G: K 460 -1 96 2937 96 3942
G: P 461 -1 96 4494 -1 -1
G: K 462 -1 97 60 97 612
G: K 463 -1 97 613 97 1126
G: K 464 1 97 1298 97 2249
G: K 465 -1 97 2245 97 3556
G: K 466 -1 97 3539 97 4994
G: P 467 -1 97 4980 -1 -1
G: P 468 -1 -1 -1 98 996
G: K 469 -1 98 961 98 1363
G: K 470 -1 98 1331 98 1481
G: K 471 -1 98 1506 98 2451
G: K 472 -1 98 2454 99 1954
G: K 473 -1 99 1959 99 2814
G: K 474 -1 99 2876 99 4205
G: P 475 -1 99 4847 -1 -1
