The input genome is 591767 bp long, 532590 will be kept.
min distance 58
----------------------------------------
fragments: id start end
F: 0 326 5258
F: 1 5757 11991
F: 2 12600 18280
F: 3 19229 24452
F: 4 25242 30612
F: 5 31227 37382
F: 6 38027 42538
F: 7 43168 47827
F: 8 48718 53520
F: 9 54221 58739
F: 10 59514 65991
F: 11 66461 71143
F: 12 71575 76687
F: 13 77340 82163
F: 14 82982 88836
F: 15 89514 94799
F: 16 95492 101874
F: 17 102207 106885
F: 18 107264 113200
F: 19 113916 119300
F: 20 119829 124820
F: 21 125393 129905
F: 22 130227 135522
F: 23 136488 141569
F: 24 142059 146624
F: 25 147080 152139
F: 26 152553 156957
F: 27 157667 161895
F: 28 162909 169224
F: 29 170065 176353
F: 30 177321 182152
F: 31 182900 188127
F: 32 188738 193929
F: 33 194480 199577
F: 34 199741 205626
F: 35 206565 211742
F: 36 212371 217786
F: 37 218263 224375
F: 38 224731 229474
F: 39 229999 234424
F: 40 235341 241552
F: 41 242294 247520
F: 42 247746 253520
F: 43 254488 259892
F: 44 260658 265896
F: 45 266269 271920
F: 46 272377 278152
F: 47 278650 284630
F: 48 285078 290558
F: 49 290987 296601
F: 50 297107 302066
F: 51 302419 308442
F: 52 308820 314906
F: 53 315533 320961
F: 54 321244 326659
F: 55 327302 332428
F: 56 332932 339565
F: 57 340023 344249
F: 58 344816 349884
F: 59 350444 355997
F: 60 356263 360753
F: 61 361452 367686
F: 62 368472 374778
F: 63 375206 381087
F: 64 381598 387238
F: 65 387638 392914
F: 66 393220 397885
F: 67 398880 402907
F: 68 403623 408436
F: 69 409078 415150
F: 70 416085 422134
F: 71 422617 428269
F: 72 428808 433569
F: 73 434228 439996
F: 74 440592 445554
F: 75 446265 452749
F: 76 453024 458814
F: 77 459143 464257
F: 78 464878 470406
F: 79 471037 476111
F: 80 476625 482414
F: 81 482862 488815
F: 82 489712 495244
F: 83 495908 501299
F: 84 501853 507041
F: 85 507497 512462
F: 86 512791 517839
F: 87 518499 523248
F: 88 523846 528933
F: 89 529256 533959
F: 90 534513 539889
F: 91 540586 545348
F: 92 546367 550839
F: 93 551586 556270
F: 94 556836 561521
F: 95 562215 567337
F: 96 567972 573813
F: 97 574434 579873
F: 98 580324 585650
F: 99 586225 591709
----------------------------------------
genes: [Kept,Partial,Discared] locus strand fragment1 start_pos fragment2 end_pos 
G: K 0 1 0 359 0 1523
G: K 1 1 0 1522 0 2455
G: K 2 1 0 2539 0 4492
G: K 3 1 0 4506 1 1586
G: K 4 1 1 1557 1 2811
G: K 5 1 1 2814 1 3453
G: K 6 1 1 3425 1 4190
G: K 7 1 1 4192 1 5521
G: P 8 1 1 5520 -1 -1
G: P 9 1 -1 -1 2 154
G: K 10 -1 2 130 2 1003
G: K 11 -1 2 1007 2 1889
G: K 12 -1 2 1845 2 2685
G: K 13 1 2 3023 2 4895
G: K 14 1 2 4941 3 121
G: K 15 1 3 130 3 3301
G: K 16 1 3 3342 3 4512
G: P 17 1 3 4495 -1 -1
G: P 18 1 -1 -1 4 965
G: K 19 1 4 994 4 1426
G: K 20 1 4 1431 4 2307
G: K 21 1 4 2307 4 3402
G: K 22 1 4 3604 4 4501
G: K 23 1 4 4504 4 5077
G: P 24 1 4 5045 -1 -1
G: P 25 1 -1 -1 5 118
G: K 26 -1 5 107 5 674
G: K 27 -1 5 675 5 1293
G: K 28 -1 5 1326 5 5700
G: K 29 1 5 5962 6 1160
G: K 30 1 6 1309 6 2086
G: K 31 -1 6 2054 6 2699
G: K 32 1 6 2727 6 3972
G: K 33 1 6 3961 7 491
G: K 34 1 7 463 7 1837
G: K 35 -1 7 1833 7 3378
G: K 36 -1 7 3368 7 4520
G: P 37 1 -1 -1 8 904
G: K 38 1 8 924 8 1185
G: K 39 1 8 1382 8 3068
G: K 637 1 8 3071 8 3812
G: K 40 1 8 3813 8 4674
G: K 41 1 8 4660 9 27
G: K 42 1 9 11 9 1487
G: K 43 1 9 1488 9 2457
G: K 44 1 9 2440 9 3592
G: P 45 -1 9 3821 -1 -1
G: P 46 1 -1 -1 10 638
G: K 47 1 10 641 10 1322
G: K 48 1 10 1308 10 2571
G: K 49 1 10 2579 10 2972
G: K 50 1 10 2971 10 4651
G: K 51 -1 10 4624 10 5572
G: K 52 -1 10 5575 10 5953
G: K 53 -1 10 5959 10 6106
G: P 54 -1 10 6119 -1 -1
G: P 55 -1 -1 -1 11 385
G: K 56 -1 11 366 11 909
G: K 57 -1 11 887 11 1904
G: K 58 -1 11 1884 11 2322
G: K 59 1 11 2328 11 3234
G: P 60 -1 11 3209 -1 -1
G: K 61 1 12 130 12 2173
G: K 62 1 12 2123 12 3044
G: K 63 1 12 3299 13 1581
G: K 64 1 13 1580 13 3014
G: P 65 1 13 3017 -1 -1
G: P 66 1 -1 -1 14 928
G: K 67 1 14 951 14 2376
G: K 68 1 15 27 15 2787
G: K 69 1 15 2897 15 3758
G: K 70 1 15 3762 16 433
G: K 71 1 16 416 16 2846
G: K 72 1 16 2823 16 4821
G: K 73 1 16 4823 16 5246
G: K 74 1 16 5309 17 1669
G: K 75 -1 17 1665 17 2082
G: K 76 1 17 2315 17 3536
G: K 77 1 17 3528 17 4659
G: K 78 1 17 4660 18 812
G: K 79 1 18 811 18 3358
G: K 80 1 18 3413 18 3833
G: K 81 1 18 3832 18 4513
G: K 82 1 18 4512 18 5079
G: P 83 1 18 5071 -1 -1
G: P 84 1 -1 -1 19 255
G: K 85 1 19 247 19 1396
G: K 86 1 19 1424 19 1853
G: K 88 1 19 1878 19 3963
G: K 89 1 19 4011 19 4641
G: K 90 1 19 4641 19 5121
G: P 91 1 19 5110 -1 -1
G: D 92 1 -1 -1 -1 -1
G: P 93 1 -1 -1 20 1390
G: K 94 1 20 1393 20 2590
G: K 95 1 20 2773 20 4726
G: P 96 1 20 4782 -1 -1
G: K 97 1 21 70 21 1504
G: K 98 1 21 1506 21 2949
G: K 99 1 21 2941 21 4390
G: K 100 1 21 4364 22 199
G: K 101 1 22 191 22 1145
G: K 102 1 22 1134 22 1977
G: K 103 1 22 1998 22 2235
G: K 104 1 22 2237 22 4415
G: K 105 1 22 4422 22 5031
G: P 106 -1 22 5005 -1 -1
G: D 107 1 -1 -1 -1 -1
G: P 108 1 -1 -1 23 730
G: K 109 1 23 714 23 1878
G: K 110 1 23 1864 23 2713
G: K 111 1 23 2727 23 4044
G: K 112 1 23 4030 23 4663
G: K 113 1 23 4676 24 497
G: K 114 1 24 432 24 1152
G: K 115 1 24 1176 24 1641
G: K 116 1 24 1649 24 2411
G: K 117 1 24 2403 24 3048
G: K 118 1 24 3028 24 4054
G: K 119 1 24 4068 25 742
G: K 120 1 25 748 25 2332
G: K 121 1 25 2334 25 3261
G: P 122 1 25 3300 -1 -1
G: P 123 1 -1 -1 26 1362
G: K 124 1 26 1408 26 1729
G: K 125 1 26 1734 26 2610
G: K 126 -1 26 2590 26 3640
G: K 127 1 26 3675 26 4113
G: P 128 1 26 4120 -1 -1
G: P 129 1 -1 -1 27 154
G: K 130 1 27 143 27 1598
G: K 131 -1 27 2158 27 2584
G: K 132 -1 27 2564 27 3356
G: K 133 1 27 3375 27 3678
G: P 134 -1 27 3649 -1 -1
G: P 135 1 -1 -1 28 822
G: K 136 1 28 763 28 1978
G: K 137 1 28 1977 28 3756
G: K 138 1 28 3839 28 5549
G: P 139 1 -1 -1 30 3103
G: K 140 1 30 3107 30 4703
G: P 141 1 30 4702 -1 -1
G: P 142 1 -1 -1 31 1248
G: K 143 1 31 1234 31 1585
G: K 144 1 31 1609 31 2473
G: K 145 1 31 2472 31 3282
G: K 146 1 31 3294 31 4581
G: P 147 1 31 4567 -1 -1
G: P 148 1 -1 -1 32 1155
G: K 149 1 32 1230 32 2088
G: K 150 1 32 2127 32 2598
G: K 151 1 32 2687 32 3008
G: K 152 1 32 3011 32 3776
G: K 153 1 32 3775 32 4408
G: K 154 1 32 4411 32 4732
G: P 155 1 32 4731 -1 -1
G: P 156 1 -1 -1 33 116
G: K 157 1 33 118 33 559
G: K 635 1 33 560 33 1613
G: K 158 1 33 1614 33 2421
G: K 159 1 33 2426 33 2846
G: K 160 1 33 2845 33 3451
G: K 161 1 33 3450 33 3708
G: K 162 1 33 3711 33 4083
G: K 163 1 33 4082 33 4421
G: K 164 1 33 4426 33 4966
G: P 165 1 33 4968 -1 -1
G: P 166 1 -1 -1 34 312
G: K 167 1 34 318 34 882
G: K 168 1 34 883 34 1231
G: K 169 1 34 1235 34 1862
G: K 170 1 34 1867 34 2320
G: K 171 1 34 2319 34 3747
G: K 172 1 34 3740 34 4406
G: K 173 1 34 4408 34 5155
G: K 174 1 34 5154 34 5370
G: K 175 1 34 5380 34 5497
G: K 176 1 34 5496 34 5871
G: P 177 1 34 5870 -1 -1
G: P 178 1 -1 -1 35 423
G: K 636 1 35 434 35 1175
G: K 179 1 35 1176 35 1548
G: K 180 1 35 1534 35 2356
G: K 181 1 35 2340 35 3282
G: K 182 1 35 3274 35 4558
G: P 183 1 35 4550 -1 -1
G: P 184 1 -1 -1 36 1331
G: K 185 1 36 1331 36 2297
G: K 514 -1 36 2395 36 3304
G: P 186 1 36 3305 -1 -1
G: K 187 1 37 2000 37 2765
G: K 188 1 37 2757 37 4545
G: K 189 1 37 4547 37 5537
G: P 190 1 37 5508 -1 -1
G: K 191 1 38 165 38 1116
G: K 192 1 38 1122 39 234
G: K 193 1 39 235 39 3409
G: K 194 1 40 1008 40 2040
G: K 195 1 40 2043 40 4488
G: K 196 1 40 4546 40 5092
G: K 197 1 40 5094 40 5277
G: K 198 1 40 5279 40 5654
G: P 199 1 -1 -1 41 1232
G: K 200 1 41 1243 41 1906
G: K 201 1 41 1915 41 2284
G: K 202 1 41 2411 41 4313
G: K 203 1 41 4312 42 1221
G: K 204 -1 42 1217 42 2273
G: K 205 1 42 2308 42 4162
G: K 206 1 42 4142 42 4643
G: K 207 -1 42 4635 42 5247
G: P 208 -1 42 5227 -1 -1
G: D 209 -1 -1 -1 -1 -1
G: K 210 1 43 196 43 865
G: K 211 1 43 864 43 1059
G: K 212 1 43 1060 43 1492
G: K 213 1 43 1494 43 1833
G: K 214 1 43 1825 43 2638
G: K 215 1 43 2630 43 4052
G: K 216 1 43 4029 43 4662
G: P 217 1 43 4680 -1 -1
G: P 218 1 -1 -1 44 1011
G: K 219 1 44 1930 44 3049
G: K 220 1 44 3066 45 2888
G: K 221 1 45 2890 45 3934
G: K 222 1 45 3890 45 4355
G: K 223 -1 45 4386 45 4674
G: K 224 1 45 4983 45 5406
G: K 225 1 45 5395 46 217
G: K 226 1 46 218 46 1454
G: K 227 1 46 1456 46 2566
G: K 228 1 46 2611 46 4129
G: K 229 1 46 4091 46 5573
G: P 230 1 -1 -1 47 641
G: K 231 1 47 640 47 1123
G: K 232 1 47 1128 47 2163
G: K 233 1 47 2166 47 2646
G: K 234 1 47 2664 47 4854
G: K 235 1 47 4946 47 5249
G: K 236 1 47 5241 47 5547
G: K 237 1 47 5542 47 5854
G: K 238 1 47 5846 48 303
G: K 239 1 48 292 48 721
G: K 240 1 48 713 48 1613
G: K 241 1 48 1642 48 3007
G: K 242 1 48 3075 48 5463
G: K 243 -1 48 5459 49 603
G: K 244 1 49 655 49 2557
G: K 245 1 49 2562 49 4464
G: K 246 1 49 5152 50 1162
G: K 247 1 50 1164 50 1671
G: K 248 1 50 1663 50 2509
G: K 249 -1 50 2492 50 3209
G: K 250 -1 50 3198 50 3852
G: K 251 -1 50 3835 51 26
G: K 252 -1 51 70 51 1894
G: K 253 -1 51 1883 51 3233
G: K 254 -1 51 3252 51 3990
G: K 255 -1 51 3992 51 5300
G: K 634 -1 51 5303 51 5645
G: K 256 -1 51 5646 52 1249
G: K 257 1 52 1424 52 2522
G: K 258 1 52 2625 52 3099
G: K 259 1 52 3265 52 4048
G: K 260 1 52 4093 52 4393
G: K 261 1 52 4392 52 5487
G: K 262 1 52 5487 53 145
G: K 513 1 53 274 53 1558
G: K 263 1 53 1559 53 3911
G: K 264 1 54 1092 54 3777
G: K 633 -1 54 3782 54 4343
G: K 265 1 54 4344 54 5220
G: K 266 1 54 5219 55 16
G: K 267 1 55 131 55 1028
G: K 268 1 55 1021 55 1630
G: K 269 -1 55 1562 55 2411
G: K 270 -1 55 2429 55 4808
G: P 271 -1 55 4808 -1 -1
G: P 272 -1 -1 -1 56 246
G: K 273 -1 56 396 56 1413
G: K 274 -1 56 1793 56 2810
G: K 275 -1 56 2820 56 4212
G: K 276 -1 56 4215 56 5373
G: K 277 -1 56 5622 56 6603
G: K 278 -1 56 6620 57 606
G: K 279 -1 57 633 57 2085
G: K 280 -1 57 2167 57 2716
G: K 281 -1 57 2729 58 870
G: K 282 1 58 912 58 3120
G: K 283 -1 58 3116 58 3776
G: K 284 -1 58 3765 58 4578
G: K 285 -1 58 4638 59 708
G: K 286 -1 59 1369 59 1855
G: K 287 1 59 2186 59 3650
G: K 288 1 59 3867 59 4281
G: K 289 1 59 4240 59 5299
G: K 290 1 59 5301 60 82
G: K 291 1 60 113 60 371
G: K 292 1 61 68 61 1169
G: K 293 1 61 1158 61 1899
G: K 294 1 61 1885 61 3538
G: K 295 -1 61 3534 61 3957
G: P 296 -1 61 3956 -1 -1
G: P 297 -1 -1 -1 62 437
G: K 298 -1 62 429 62 1860
G: K 299 -1 62 1977 62 3084
G: K 300 -1 62 3086 62 3476
G: K 301 -1 62 3595 62 4651
G: K 302 -1 62 4657 63 950
G: K 303 -1 63 1152 63 2145
G: K 304 -1 63 2162 63 3413
G: K 305 -1 63 3414 63 4443
G: K 306 -1 63 4473 63 5427
G: K 307 -1 63 5405 64 81
G: K 308 -1 64 59 64 899
G: K 309 -1 64 1024 64 2851
G: K 310 -1 64 2938 64 4135
G: K 311 -1 64 4134 65 1634
G: K 312 -1 65 1618 65 2860
G: K 313 -1 65 2866 66 986
G: K 314 1 66 1039 66 1846
G: K 315 -1 66 1852 66 2467
G: K 316 -1 66 2489 67 249
G: K 317 -1 67 308 67 1172
G: K 318 -1 67 1216 67 2539
G: K 319 -1 67 2562 67 3462
G: P 320 -1 67 3388 -1 -1
G: P 321 -1 -1 -1 68 1598
G: K 322 -1 68 1612 68 2458
G: K 323 -1 68 2474 68 3023
G: K 324 -1 68 3126 68 4005
G: K 325 -1 68 4325 69 1687
G: K 326 -1 69 2486 69 4163
G: K 327 1 69 4219 69 4903
G: P 328 -1 69 5738 -1 -1
G: P 329 -1 -1 -1 70 565
G: K 330 -1 70 564 70 726
G: K 331 -1 70 742 70 1624
G: K 332 -1 70 1636 70 2425
G: K 333 -1 70 2408 70 4685
G: P 334 -1 70 4723 -1 -1
G: P 335 -1 -1 -1 71 225
G: K 336 -1 71 233 71 875
G: K 337 -1 71 862 71 1591
G: K 338 -1 71 2227 71 4768
G: K 339 -1 71 4757 71 5333
G: K 340 -1 71 5340 71 5565
G: K 341 1 71 5623 72 458
G: K 342 1 72 566 72 1820
G: K 343 1 72 1823 72 2240
G: K 344 -1 72 2226 73 619
G: K 345 -1 73 796 73 1819
G: K 346 -1 73 4286 74 1813
G: K 347 -1 74 1822 75 343
G: K 348 -1 75 432 75 942
G: K 349 -1 75 1020 75 2052
G: K 350 -1 75 2055 75 2877
G: K 351 -1 75 2887 75 5584
G: K 352 1 75 5627 75 6146
G: K 353 1 75 6136 76 31
G: K 354 -1 76 182 76 1175
G: K 355 1 76 1585 76 2815
G: K 356 1 76 2814 76 3753
G: K 357 -1 76 3970 76 4651
G: K 358 1 76 4698 76 5256
G: K 359 1 76 5258 76 5759
G: P 360 -1 76 5755 -1 -1
G: K 361 1 77 123 77 540
G: K 362 -1 77 542 77 2705
G: K 363 -1 77 2858 77 3719
G: K 364 -1 77 3731 77 4925
G: P 365 1 -1 -1 78 624
G: K 366 1 78 592 78 1522
G: K 367 -1 78 1511 78 2765
G: K 368 1 78 2884 78 3373
G: K 369 1 78 3395 78 3764
G: K 370 1 78 3766 78 3943
G: K 371 -1 78 3957 78 4224
G: K 372 1 78 4287 78 4968
G: P 373 1 78 4960 -1 -1
G: P 374 1 -1 -1 79 1760
G: K 375 -1 79 1783 79 2581
G: K 376 -1 79 2570 79 3557
G: P 377 -1 79 3556 -1 -1
G: P 378 -1 -1 -1 80 700
G: K 379 -1 80 683 80 1661
G: K 380 -1 80 1653 80 2817
G: K 381 -1 80 2803 80 3646
G: K 382 -1 80 3646 80 4483
G: P 383 -1 80 4475 -1 -1
G: P 384 -1 -1 -1 81 256
G: K 385 -1 81 261 81 843
G: K 386 -1 81 889 81 2515
G: K 387 1 81 2543 81 4400
G: K 388 1 81 4392 81 4986
G: K 389 1 81 4978 81 5638
G: D 390 1 -1 -1 -1 -1
G: P 391 -1 -1 -1 82 649
G: K 392 -1 82 638 82 1949
G: K 393 -1 82 1948 82 2404
G: K 394 -1 82 2574 82 3303
G: K 512 -1 82 3304 82 3958
G: K 395 -1 82 3959 83 2665
G: K 396 -1 83 2951 83 3827
G: K 397 -1 83 3814 83 4279
G: K 398 -1 83 4262 83 4649
G: K 399 -1 83 4652 84 684
G: K 400 -1 84 791 84 2138
G: K 401 -1 84 2154 84 3786
G: K 402 -1 84 3798 84 4134
G: P 403 -1 84 4259 -1 -1
G: P 404 -1 -1 -1 85 1429
G: K 405 -1 85 1799 85 2252
G: K 406 -1 85 2252 85 3956
G: K 407 -1 85 3957 85 4356
G: K 408 -1 85 4360 86 497
G: K 409 -1 86 498 86 1353
G: K 410 -1 86 1352 86 2909
G: K 411 -1 86 2924 86 3455
G: K 412 -1 86 3447 86 4083
G: K 413 -1 86 4085 86 4397
G: P 414 -1 86 4399 -1 -1
G: P 415 -1 -1 -1 87 12
G: K 416 -1 87 17 87 1394
G: K 417 1 87 1460 87 1928
G: K 418 -1 87 1924 87 2617
G: K 419 -1 87 2619 87 3642
G: K 420 -1 87 3626 88 262
G: K 421 -1 88 261 88 1401
G: K 422 -1 88 1521 88 4665
G: K 423 -1 88 4729 89 1368
G: K 424 -1 89 1423 89 1828
G: K 425 -1 89 1833 89 2274
G: K 426 -1 89 2311 89 4111
G: K 427 -1 89 4116 90 1736
G: K 428 -1 90 1707 90 4230
G: P 429 -1 90 4267 -1 -1
G: P 430 -1 -1 -1 91 146
G: K 431 1 91 334 91 1708
G: K 432 1 91 1730 91 1931
G: K 433 1 91 1966 91 2398
G: K 434 1 91 2508 91 3024
G: K 435 -1 91 3020 91 4739
G: K 436 -1 91 4742 92 485
G: K 437 -1 92 477 92 1215
G: K 438 -1 92 1274 92 2471
G: K 439 1 92 2556 92 3459
G: K 440 1 92 3433 92 4186
G: P 441 1 92 4185 -1 -1
G: P 442 1 -1 -1 93 715
G: K 443 1 93 734 93 1901
G: K 444 -1 93 2305 93 3133
G: K 445 -1 93 3132 93 3915
G: K 446 -1 93 4057 93 4471
G: K 447 -1 93 4641 94 210
G: K 448 -1 94 181 94 1369
G: K 449 -1 94 1384 94 1747
G: K 450 -1 94 1730 94 2429
G: K 451 -1 94 2428 94 2716
G: P 452 -1 94 3326 -1 -1
G: P 453 -1 -1 -1 95 68
G: K 454 -1 95 726 95 1611
G: K 455 -1 95 1610 95 2816
G: K 456 1 95 2868 95 3666
G: K 457 1 95 3650 95 4532
G: K 458 -1 95 4518 95 4989
G: K 459 1 95 4975 96 409
G: K 460 -1 96 398 96 1406
G: K 461 -1 96 1958 96 4067
G: K 462 -1 96 4244 96 4769
G: K 463 -1 96 4770 96 5283
G: K 515 1 96 5454 97 1071
G: K 464 1 97 1072 97 2005
G: K 465 -1 97 2001 97 3282
G: K 466 -1 97 3262 97 4714
G: P 467 -1 97 4700 -1 -1
G: P 468 -1 -1 -1 98 776
G: K 469 -1 98 753 98 1146
G: K 470 -1 98 1114 98 1258
G: K 471 -1 98 1283 98 2219
G: K 472 -1 98 2222 99 1778
G: K 473 -1 99 1783 99 2647
G: K 474 -1 99 2709 99 4023
G: P 475 -1 99 4665 -1 -1
