The input genome is 597938 bp long, 538144 will be kept.
min distance 59
----------------------------------------
fragments: id start end
F: 0 385 5317
F: 1 5857 12164
F: 2 12862 18542
F: 3 19660 24883
F: 4 25613 31044
F: 5 31581 37737
F: 6 38371 42974
F: 7 43385 48174
F: 8 49011 53889
F: 9 54478 59134
F: 10 59876 66431
F: 11 66846 71628
F: 12 72333 77445
F: 13 78240 83069
F: 14 83822 89828
F: 15 90425 95792
F: 16 96243 102868
F: 17 103202 107880
F: 18 108275 114245
F: 19 115016 120412
F: 20 120954 125992
F: 21 126743 131255
F: 22 131557 136914
F: 23 137914 143061
F: 24 143554 148119
F: 25 148761 153820
F: 26 154235 158639
F: 27 159223 163581
F: 28 164574 170911
F: 29 171419 178041
F: 30 179056 184034
F: 31 184817 190249
F: 32 190886 196077
F: 33 196583 201742
F: 34 201907 207792
F: 35 208691 213909
F: 36 214594 220060
F: 37 220447 226715
F: 38 227128 232002
F: 39 232500 237068
F: 40 237741 244290
F: 41 244967 250230
F: 42 250662 256436
F: 43 257358 262842
F: 44 263462 268865
F: 45 269155 274890
F: 46 275348 281123
F: 47 281560 287656
F: 48 288265 293745
F: 49 294186 299860
F: 50 300453 305479
F: 51 305914 311937
F: 52 312443 318529
F: 53 319195 324680
F: 54 324961 330459
F: 55 331031 336287
F: 56 336989 343622
F: 57 344090 348386
F: 58 349008 354076
F: 59 354540 360190
F: 60 360512 365002
F: 61 365738 371972
F: 62 372735 379222
F: 63 379622 385532
F: 64 386044 391684
F: 65 392063 397373
F: 66 397806 402471
F: 67 403428 407467
F: 68 408161 412999
F: 69 413647 419793
F: 70 420798 426847
F: 71 427311 432983
F: 72 433541 438302
F: 73 438895 444730
F: 74 445288 450419
F: 75 451204 457688
F: 76 458046 463836
F: 77 464245 469381
F: 78 469910 475445
F: 79 476073 481151
F: 80 481648 487455
F: 81 487943 493901
F: 82 494608 500271
F: 83 501018 506409
F: 84 507049 512237
F: 85 512722 517729
F: 86 518051 523107
F: 87 523855 528672
F: 88 529321 534408
F: 89 534687 539435
F: 90 539984 545412
F: 91 546118 550880
F: 92 551888 556392
F: 93 557231 561915
F: 94 562569 567371
F: 95 568087 573287
F: 96 574004 579845
F: 97 580497 585955
F: 98 586421 591747
F: 99 592359 597879
----------------------------------------
genes: [Kept,Partial,Discared] locus strand fragment1 start_pos fragment2 end_pos 
G: K 0 1 0 300 0 1458
G: K 1 1 0 1457 0 2396
G: K 614 -1 0 2479 0 4672
G: K 2 1 0 4673 1 1154
G: K 3 1 1 1168 1 3697
G: K 4 1 1 3668 1 4922
G: K 5 1 1 4925 1 5573
G: P 6 1 1 5542 -1 -1
G: P 7 1 -1 -1 2 639
G: K 8 1 2 638 2 1448
G: K 9 1 2 1476 2 2160
G: K 10 -1 2 2136 2 3024
G: K 11 -1 2 3028 2 3895
G: K 12 -1 2 3851 2 4682
G: K 13 1 2 5020 3 100
G: K 14 1 3 146 3 1919
G: K 15 1 3 1928 3 5045
G: K 16 1 3 5086 4 333
G: K 17 1 4 316 4 1249
G: K 18 1 4 1248 4 2781
G: K 19 1 4 2810 4 3254
G: K 20 1 4 3259 4 4135
G: K 21 1 4 4135 4 5239
G: P 22 1 -1 -1 5 385
G: K 23 1 5 388 5 982
G: K 24 1 5 950 5 1409
G: K 25 1 5 1408 5 2017
G: K 26 -1 5 2003 5 2585
G: K 27 -1 5 2586 5 3207
G: K 28 -1 5 3240 6 806
G: K 29 1 6 1068 6 3099
G: K 30 1 6 3248 6 4028
G: P 31 -1 6 3996 -1 -1
G: P 32 1 -1 -1 7 942
G: K 33 1 7 931 7 2614
G: K 34 1 7 2586 7 3939
G: P 35 -1 7 3935 -1 -1
G: P 36 -1 -1 -1 8 999
G: K 37 1 8 1157 8 2933
G: K 38 1 8 2953 8 3223
G: P 39 1 8 3420 -1 -1
G: P 40 1 -1 -1 9 516
G: K 42 1 9 516 9 1968
G: K 43 1 9 1969 9 2914
G: K 44 1 9 2897 9 4055
G: K 45 -1 9 4284 10 236
G: K 46 1 10 288 10 1005
G: K 47 1 10 1008 10 1692
G: K 48 1 10 1678 10 2953
G: K 49 1 10 2961 10 3360
G: K 50 1 10 3359 10 5030
G: K 51 -1 10 5006 10 5957
G: K 52 -1 10 5960 10 6344
G: K 53 -1 10 6350 10 6506
G: P 54 -1 10 6519 -1 -1
G: P 55 -1 -1 -1 11 771
G: K 56 -1 11 752 11 1289
G: K 57 -1 11 1267 11 2260
G: K 58 -1 11 2240 11 2693
G: K 59 1 11 2699 11 3602
G: P 60 -1 11 3580 -1 -1
G: K 61 1 12 125 12 2168
G: K 62 1 12 2118 12 3021
G: K 63 1 12 3276 13 1419
G: K 64 1 13 1418 13 2819
G: K 65 1 13 2822 13 4784
G: K 66 1 13 4794 14 763
G: K 612 -1 14 785 14 2912
G: K 67 1 14 2913 14 4377
G: K 68 1 15 1957 15 4726
G: P 69 1 15 4836 -1 -1
G: P 70 1 -1 -1 16 2529
G: K 71 1 16 2515 16 4978
G: P 72 1 16 4955 -1 -1
G: P 73 1 -1 -1 17 383
G: K 74 1 17 446 17 3521
G: K 75 -1 17 3517 17 3934
G: K 76 1 17 4167 18 354
G: K 77 1 18 346 18 1477
G: K 503 1 18 1477 18 2104
G: K 78 1 18 2105 18 3317
G: K 79 1 18 3316 18 5863
G: P 80 1 18 5918 -1 -1
G: P 81 1 -1 -1 19 271
G: K 82 1 19 270 19 846
G: K 83 1 19 841 19 1717
G: K 84 1 19 1717 19 2665
G: K 85 1 19 2657 19 3806
G: K 86 1 19 3834 19 4254
G: K 87 1 19 4270 19 4732
G: K 88 1 19 4741 20 897
G: K 89 1 20 948 20 1575
G: K 90 1 20 1575 20 2058
G: K 91 1 20 2047 20 2365
G: K 92 1 20 2367 20 2820
G: K 93 1 20 2803 20 4219
G: P 94 1 20 4222 -1 -1
G: P 95 1 -1 -1 21 1787
G: K 96 1 21 1843 21 2572
G: K 97 1 21 2671 21 4099
G: K 98 1 21 4101 22 721
G: K 99 1 22 713 22 2162
G: K 100 1 22 2136 22 2811
G: K 101 1 22 2803 22 3757
G: K 102 1 22 3746 22 4586
G: K 103 1 22 4607 22 4844
G: K 104 1 22 4846 23 667
G: K 105 1 23 674 23 1286
G: K 106 -1 23 1263 23 1851
G: K 107 1 23 1891 23 2458
G: K 108 1 23 2457 23 3249
G: K 109 1 23 3233 23 4406
G: P 110 1 23 4392 -1 -1
G: P 111 1 -1 -1 24 932
G: K 112 1 24 921 24 1551
G: K 113 1 24 1564 24 2953
G: K 114 1 24 2888 24 3596
G: K 115 1 24 3620 24 4094
G: P 116 1 24 4102 -1 -1
G: P 117 1 -1 -1 25 312
G: K 118 1 25 286 25 1357
G: K 119 1 25 1371 25 3075
G: K 120 1 25 3081 25 4641
G: K 121 1 25 4643 26 90
G: K 122 1 26 129 26 2274
G: K 123 1 26 2251 26 3667
G: K 124 1 26 3713 26 4025
G: P 125 1 26 4030 -1 -1
G: P 126 -1 -1 -1 27 951
G: K 127 1 27 986 27 1424
G: K 128 1 27 1431 27 2220
G: K 129 1 27 2219 27 2573
G: K 130 1 27 2559 27 4020
G: D 131 -1 -1 -1 -1 -1
G: P 132 -1 -1 -1 28 442
G: K 133 1 28 461 28 761
G: K 134 -1 28 735 28 1599
G: K 135 1 28 1647 28 3123
G: K 136 1 28 3064 28 4291
G: K 137 1 28 4290 28 6111
G: K 138 1 28 6194 29 1065
G: K 616 -1 30 648 30 753
G: P 139 1 30 2157 -1 -1
G: P 140 1 -1 -1 31 1389
G: K 141 1 31 1388 31 1667
G: K 142 1 31 1653 31 3513
G: K 143 1 31 3502 31 3835
G: K 144 1 31 3856 31 4717
G: P 145 1 31 4716 -1 -1
G: P 146 1 -1 -1 32 777
G: K 147 1 32 760 32 1903
G: K 148 1 32 1941 32 3171
G: K 149 1 32 3246 32 4092
G: K 150 1 32 4131 32 4596
G: K 151 1 32 4685 32 5009
G: K 152 1 32 5012 33 89
G: K 153 1 33 88 33 718
G: K 154 1 33 721 33 1054
G: K 155 1 33 1053 33 1932
G: K 156 1 33 1931 33 2195
G: K 157 1 33 2197 33 2626
G: K 158 1 33 2628 33 3447
G: K 159 1 33 3452 33 3866
G: K 160 1 33 3865 33 4468
G: K 161 1 33 4467 33 4728
G: K 162 1 33 4731 33 5100
G: K 163 1 33 5099 34 99
G: K 164 1 34 104 34 650
G: K 165 1 34 652 34 838
G: K 166 1 34 831 34 1257
G: K 167 1 34 1263 34 1818
G: K 168 1 34 1819 34 2170
G: K 169 1 34 2174 34 2825
G: K 170 1 34 2830 34 3289
G: K 171 1 34 3288 34 4728
G: K 172 1 34 4721 34 5369
G: P 173 1 34 5371 -1 -1
G: D 174 1 -1 -1 -1 -1
G: D 175 1 -1 -1 -1 -1
G: P 176 1 -1 -1 35 53
G: K 177 1 35 52 35 418
G: K 178 1 35 433 35 1432
G: K 179 1 35 1444 35 1825
G: K 180 1 35 1811 35 2636
G: K 181 1 35 2620 35 3544
G: K 182 1 35 3536 35 4799
G: P 183 1 35 4791 -1 -1
G: P 184 1 -1 -1 36 1436
G: K 185 1 36 1436 36 2402
G: K 186 1 36 2501 36 4643
G: K 187 1 37 1256 37 2015
G: K 188 1 37 2007 37 3786
G: K 189 1 37 3788 37 4793
G: K 190 1 37 4764 37 5739
G: K 191 1 37 5907 38 174
G: K 192 1 38 180 38 4551
G: K 193 1 38 4552 39 2345
G: K 194 1 40 42 40 1065
G: K 195 1 40 1068 40 3549
G: K 196 1 40 3607 40 4153
G: K 197 1 40 4155 40 4335
G: K 198 1 40 4337 40 4712
G: K 199 1 40 5437 41 17
G: K 200 1 41 28 41 679
G: K 201 1 41 688 41 1054
G: K 202 1 41 1181 41 3083
G: P 203 1 41 3082 -1 -1
G: P 204 -1 -1 -1 42 809
G: K 205 1 42 844 42 2650
G: K 206 1 42 2630 42 3134
G: K 207 -1 42 3126 42 3717
G: K 208 -1 42 3700 42 4627
G: K 209 -1 42 4626 42 5169
G: P 210 1 42 5369 -1 -1
G: D 211 1 -1 -1 -1 -1
G: D 212 1 -1 -1 -1 -1
G: P 213 1 -1 -1 43 349
G: K 214 1 43 341 43 1154
G: K 215 1 43 1146 43 2562
G: K 216 1 43 2545 43 3169
G: K 217 1 43 3187 43 4159
G: P 218 1 43 4161 -1 -1
G: K 219 1 44 521 44 1640
G: K 220 1 44 1657 45 1382
G: K 221 1 45 1384 45 2425
G: K 222 1 45 2384 45 2831
G: K 223 -1 45 2862 45 3144
G: K 224 1 45 3453 45 3867
G: K 225 1 45 3856 45 4789
G: P 226 1 45 4790 -1 -1
G: P 227 1 -1 -1 46 987
G: K 228 1 46 1032 46 2508
G: K 229 1 46 2470 46 3958
G: K 230 1 46 4429 46 5293
G: P 231 1 46 5292 -1 -1
G: P 232 1 -1 -1 47 591
G: K 233 1 47 594 47 1056
G: K 234 1 47 1074 47 3240
G: K 505 -1 47 3331 47 3748
G: K 235 1 47 3749 47 4064
G: K 236 1 47 4056 47 4362
G: K 237 1 47 4354 47 4669
G: K 238 1 47 4661 47 5537
G: K 239 1 47 5526 47 5949
G: K 240 1 47 5941 48 112
G: K 241 1 48 141 48 1491
G: K 242 1 48 1559 48 3962
G: K 243 -1 48 3958 48 5020
G: K 244 1 48 5072 49 1041
G: K 245 1 49 1046 49 2939
G: P 246 1 49 3627 -1 -1
G: D 247 1 -1 -1 -1 -1
G: P 248 1 -1 -1 50 819
G: K 249 -1 50 799 50 1528
G: K 250 -1 50 1514 50 2183
G: K 251 -1 50 2166 50 3687
G: K 252 -1 50 3731 51 145
G: K 253 -1 51 134 51 1472
G: K 254 -1 51 1491 51 2232
G: K 255 -1 51 2234 51 3533
G: K 256 -1 51 3537 51 5526
G: K 257 1 51 5701 52 267
G: K 258 1 52 370 52 823
G: K 259 1 52 989 52 1760
G: K 260 1 52 1805 52 2099
G: K 261 1 52 2098 52 3178
G: K 262 1 52 3178 52 4597
G: K 263 1 52 4727 53 273
G: K 264 1 53 3165 54 33
G: K 265 1 54 39 54 927
G: K 266 1 54 926 54 1781
G: K 267 1 54 1896 54 2772
G: K 268 1 54 2765 54 3362
G: K 269 -1 54 3297 54 4134
G: K 270 -1 54 4152 55 461
G: K 271 -1 55 461 55 824
G: K 272 -1 55 857 55 1541
G: K 273 -1 55 1691 55 2714
G: K 274 -1 55 3094 55 4108
G: P 275 -1 55 4118 -1 -1
G: P 276 -1 -1 -1 56 689
G: K 277 -1 56 938 56 1913
G: K 278 -1 56 1930 56 3013
G: K 279 -1 56 3040 56 4477
G: K 280 -1 56 4559 56 5105
G: K 281 -1 56 5118 57 930
G: K 282 1 57 972 57 3153
G: K 283 -1 57 3149 57 3818
G: P 284 -1 57 3810 -1 -1
G: P 285 -1 -1 -1 58 1421
G: K 286 -1 58 2082 58 2583
G: K 287 1 58 2914 58 4387
G: K 288 1 58 4607 58 5009
G: K 289 1 58 4968 59 474
G: K 290 1 59 476 59 1067
G: K 291 1 59 1098 59 1350
G: K 292 1 60 264 60 1371
G: K 293 1 60 1360 60 2101
G: K 294 1 60 2090 60 3743
G: K 295 -1 60 3739 60 4156
G: K 296 -1 60 4155 61 1623
G: K 297 -1 61 1680 61 2436
G: K 298 -1 61 2428 61 3856
G: K 299 -1 61 3973 61 5077
G: K 300 -1 61 5079 61 5469
G: P 301 -1 61 5588 -1 -1
G: P 302 -1 -1 -1 62 2581
G: K 303 -1 62 2783 62 3746
G: K 304 -1 62 3763 62 5002
G: K 305 -1 62 5003 62 6029
G: K 306 -1 62 6059 63 147
G: K 307 -1 63 125 63 1214
G: K 308 -1 63 1195 63 1999
G: K 309 -1 63 2124 63 3912
G: K 310 -1 63 3999 63 5187
G: K 311 -1 63 5186 64 2310
G: K 312 -1 64 2291 64 3533
G: K 501 -1 64 3538 64 4888
G: K 313 -1 64 4889 65 2581
G: K 314 1 65 2634 65 3441
G: K 315 -1 65 3447 65 4074
G: K 316 -1 65 4096 66 1794
G: K 317 -1 66 1853 66 2717
G: K 318 -1 66 2761 66 4093
G: P 319 -1 66 4116 -1 -1
G: P 320 -1 -1 -1 67 454
G: K 321 -1 67 494 67 2294
G: K 322 -1 67 2308 67 3154
G: K 323 -1 67 3170 67 3698
G: P 324 -1 67 3801 -1 -1
G: K 325 -1 68 258 68 3075
G: K 326 -1 68 3874 69 65
G: K 327 1 69 121 69 817
G: K 613 -1 69 1109 69 1301
G: K 500 -1 69 1843 69 5575
G: P 328 -1 69 5576 -1 -1
G: P 329 -1 -1 -1 70 247
G: K 330 -1 70 246 70 411
G: K 331 -1 70 427 70 1321
G: K 332 -1 70 1333 70 2158
G: K 333 -1 70 2144 70 4445
G: K 334 -1 70 4483 70 5830
G: P 335 -1 70 5833 -1 -1
G: P 336 -1 -1 -1 71 624
G: K 337 -1 71 611 71 1340
G: K 615 -1 71 1975 71 3913
G: K 338 -1 71 3914 72 198
G: K 339 -1 72 187 72 766
G: K 340 -1 72 773 72 995
G: K 341 1 72 1053 72 2130
G: K 342 1 72 2238 72 3468
G: K 343 1 72 3471 72 3897
G: K 344 -1 72 3880 73 2381
G: K 345 -1 73 2558 73 3578
G: P 346 -1 -1 -1 74 3579
G: K 347 -1 74 3588 75 1884
G: K 348 -1 75 1973 75 2480
G: K 349 -1 75 2558 75 3596
G: K 350 -1 75 3599 75 4430
G: K 351 -1 75 4440 76 325
G: K 352 1 76 368 76 866
G: K 353 1 76 856 76 1489
G: K 354 -1 76 1640 76 2615
G: K 355 1 76 3025 76 4267
G: K 356 1 76 4266 76 5202
G: P 357 -1 76 5419 -1 -1
G: P 358 1 -1 -1 77 536
G: K 359 1 77 538 77 1039
G: K 360 -1 77 1035 77 1362
G: K 361 1 77 1510 77 1930
G: K 362 -1 77 1932 77 4152
G: P 363 -1 77 4305 -1 -1
G: P 364 -1 -1 -1 78 689
G: K 365 1 78 1496 78 2105
G: K 366 1 78 2082 78 3015
G: K 367 -1 78 3004 78 4240
G: K 368 1 78 4359 78 4848
G: K 369 1 78 4870 78 5251
G: K 370 1 78 5253 78 5427
G: P 371 -1 78 5441 -1 -1
G: P 372 1 -1 -1 79 307
G: K 373 1 79 299 79 1235
G: K 374 1 79 1236 79 3273
G: K 375 -1 79 3296 79 4088
G: K 376 -1 79 4077 79 5076
G: K 377 -1 79 5075 80 1174
G: K 378 -1 80 1242 80 2196
G: K 379 -1 80 2182 80 3157
G: K 380 -1 80 3149 80 4328
G: K 381 -1 80 4311 80 5160
G: P 382 -1 80 5160 -1 -1
G: P 383 -1 -1 -1 81 1383
G: K 384 -1 81 1382 81 1700
G: K 385 -1 81 1705 81 2287
G: K 386 -1 81 2333 81 3947
G: K 387 1 81 3975 81 5823
G: P 388 1 81 5815 -1 -1
G: P 389 1 -1 -1 82 396
G: K 502 -1 82 859 82 1933
G: K 390 1 82 1934 82 2582
G: K 391 -1 82 2578 82 3340
G: K 392 -1 82 3332 82 4634
G: K 393 -1 82 4633 82 5095
G: P 394 -1 82 5265 -1 -1
G: P 395 -1 -1 -1 83 4419
G: P 396 -1 83 4705 -1 -1
G: P 397 -1 -1 -1 84 11
G: P 398 -1 -1 -1 84 363
G: K 399 -1 84 366 84 2376
G: K 400 -1 84 2483 84 3827
G: P 401 -1 84 3843 -1 -1
G: P 402 -1 -1 -1 85 147
G: K 403 -1 85 272 85 1508
G: K 404 -1 85 1517 85 3107
G: K 405 -1 85 3477 85 3939
G: K 406 -1 85 3939 86 335
G: K 407 -1 86 336 86 741
G: K 408 -1 86 745 86 2185
G: K 409 -1 86 2186 86 3032
G: K 410 -1 86 3031 86 4588
G: P 411 -1 86 4603 -1 -1
G: D 412 -1 -1 -1 -1 -1
G: P 413 -1 -1 -1 87 281
G: K 414 -1 87 283 87 1207
G: K 415 -1 87 1169 87 1634
G: K 416 -1 87 1639 87 3016
G: K 417 1 87 3082 87 3556
G: K 418 -1 87 3552 87 4269
G: P 419 -1 87 4271 -1 -1
G: P 420 -1 -1 -1 88 1750
G: K 421 -1 88 1749 88 2892
G: K 422 -1 88 3012 89 793
G: K 423 -1 89 857 89 2852
G: K 424 -1 89 2907 89 3306
G: K 425 -1 89 3311 89 3755
G: K 426 -1 89 3792 90 289
G: K 427 -1 90 294 90 3189
G: P 428 -1 90 3160 -1 -1
G: P 429 -1 -1 -1 91 1281
G: K 430 -1 91 1283 91 1544
G: K 431 1 91 1732 91 3088
G: K 432 1 91 3110 91 3314
G: K 433 1 91 3349 91 3778
G: K 434 1 91 3888 91 4413
G: K 435 -1 91 4409 92 373
G: K 436 -1 92 376 92 1921
G: K 437 -1 92 1913 92 2645
G: K 438 -1 92 2704 92 3925
G: P 439 1 92 4010 -1 -1
G: P 440 1 -1 -1 93 300
G: K 441 1 93 299 93 854
G: K 442 1 93 854 93 2057
G: K 443 1 93 2076 93 3228
G: K 444 -1 93 3632 93 4460
G: P 445 -1 93 4459 -1 -1
G: K 446 -1 94 46 94 457
G: K 447 -1 94 627 94 1464
G: K 448 -1 94 1435 94 2623
G: K 449 -1 94 2638 94 3007
G: K 450 -1 94 2990 94 3698
G: K 451 -1 94 3697 94 3991
G: K 452 -1 94 4601 95 739
G: K 453 -1 95 739 95 1198
G: K 454 -1 95 1856 95 2741
G: K 455 -1 95 2740 95 3922
G: K 456 1 95 3974 95 4760
G: P 457 1 95 4744 -1 -1
G: P 458 -1 -1 -1 96 160
G: K 459 1 96 146 96 1331
G: K 460 -1 96 1323 96 2340
G: K 461 -1 96 2892 96 5019
G: K 462 -1 96 5196 96 5724
G: P 463 -1 96 5725 -1 -1
G: P 464 1 -1 -1 97 859
G: K 465 -1 97 855 97 2136
G: K 466 -1 97 2116 97 3595
G: K 467 -1 97 3581 97 4370
G: P 468 -1 97 4362 -1 -1
G: D 469 -1 -1 -1 -1 -1
G: P 470 -1 -1 -1 98 69
G: K 471 -1 98 94 98 1039
G: K 472 -1 98 1042 99 456
G: K 473 -1 99 461 99 1322
G: K 474 -1 99 1384 99 2737
G: K 475 -1 99 3379 99 4201
G: P 504 1 99 4226 -1 -1
