The input genome is 602903 bp long, 542612 will be kept.
min distance 59
----------------------------------------
fragments: id start end
F: 0 370 5317
F: 1 5990 12371
F: 2 13069 18749
F: 3 19876 25118
F: 4 25721 31204
F: 5 31753 38077
F: 6 38711 43314
F: 7 43987 48932
F: 8 49774 54716
F: 9 55059 59742
F: 10 60368 67046
F: 11 67545 72327
F: 12 73147 78284
F: 13 79047 83973
F: 14 84642 90732
F: 15 91362 96776
F: 16 97262 103946
F: 17 104336 109014
F: 18 109524 115494
F: 19 116146 121673
F: 20 122043 127263
F: 21 128082 132619
F: 22 133091 138467
F: 23 139402 144597
F: 24 145006 149571
F: 25 150229 155288
F: 26 155644 160048
F: 27 160543 164986
F: 28 165984 172403
F: 29 172935 179557
F: 30 180422 185595
F: 31 186331 191878
F: 32 192419 197713
F: 33 198287 203446
F: 34 203750 209635
F: 35 210677 215897
F: 36 216673 222185
F: 37 222661 228929
F: 38 229415 234289
F: 39 234787 239355
F: 40 240112 246661
F: 41 247243 252675
F: 42 253159 258999
F: 43 259755 265314
F: 44 265910 271387
F: 45 271677 277412
F: 46 277976 283751
F: 47 284142 290238
F: 48 290877 296386
F: 49 296737 302501
F: 50 303073 308099
F: 51 308536 314651
F: 52 315241 321334
F: 53 321925 327410
F: 54 327686 333259
F: 55 333831 339087
F: 56 339809 346449
F: 57 346991 351287
F: 58 351968 357036
F: 59 357547 363197
F: 60 363564 368079
F: 61 368877 375111
F: 62 376010 382497
F: 63 382898 388808
F: 64 389351 395083
F: 65 395407 400717
F: 66 401159 405824
F: 67 406602 410777
F: 68 411628 416466
F: 69 417019 423261
F: 70 424143 430273
F: 71 430749 436421
F: 72 437052 441813
F: 73 442393 448328
F: 74 448845 453976
F: 75 454869 461353
F: 76 461847 467637
F: 77 468153 473289
F: 78 473673 479471
F: 79 480262 485340
F: 80 485814 491648
F: 81 492079 498037
F: 82 498793 504516
F: 83 505306 510697
F: 84 511405 516663
F: 85 517128 522155
F: 86 522587 527643
F: 87 528338 533186
F: 88 533776 538922
F: 89 539257 544005
F: 90 544539 549992
F: 91 550701 555543
F: 92 556412 561150
F: 93 561972 566714
F: 94 567286 572132
F: 95 572871 578086
F: 96 578667 584639
F: 97 585361 590819
F: 98 591422 596780
F: 99 597262 602844
----------------------------------------
genes: [Kept,Partial,Discared] locus strand fragment1 start_pos fragment2 end_pos 
G: K 0 1 0 315 0 1464
G: K 1 1 0 1463 0 2399
G: K 2 1 0 2483 0 4466
G: K 3 1 0 4480 1 1407
G: K 4 1 1 1381 1 2662
G: K 5 1 1 2665 1 3307
G: K 6 1 1 3279 1 4041
G: K 7 1 1 4043 1 5387
G: K 8 1 1 5386 1 6178
G: P 9 1 1 6206 -1 -1
G: P 10 -1 -1 -1 2 639
G: K 11 -1 2 643 2 1507
G: K 12 -1 2 1472 2 2303
G: K 13 1 2 2641 2 4513
G: K 597 -1 2 4558 2 5035
G: P 14 1 2 5036 -1 -1
G: K 15 1 3 8 3 3116
G: K 16 1 3 3157 3 4366
G: P 17 1 3 4349 -1 -1
G: P 18 1 -1 -1 4 999
G: K 19 1 4 1028 4 1487
G: K 20 1 4 1492 4 2392
G: K 21 1 4 2392 4 3496
G: K 22 1 4 3698 4 4607
G: K 23 1 4 4610 4 5183
G: P 24 1 4 5151 -1 -1
G: P 25 1 -1 -1 5 195
G: K 26 -1 5 184 5 757
G: K 27 -1 5 758 5 1376
G: K 28 -1 5 1409 5 5771
G: K 29 1 5 6033 6 1118
G: K 30 1 6 1267 6 2053
G: K 31 -1 6 2018 6 2672
G: K 32 1 6 2700 6 3966
G: K 33 1 6 3955 7 386
G: K 34 1 7 358 7 1714
G: K 35 -1 7 1710 7 3243
G: K 36 -1 7 3233 7 4394
G: K 37 1 7 4552 8 565
G: K 38 1 8 585 8 852
G: K 39 1 8 1049 8 2747
G: K 40 1 8 2751 8 3612
G: K 41 1 8 3592 8 4465
G: K 42 1 8 4449 9 619
G: K 43 1 9 620 9 1568
G: K 44 1 9 1551 9 2706
G: K 45 -1 9 2935 9 4309
G: P 46 1 9 4361 -1 -1
G: P 47 1 -1 -1 10 462
G: K 48 1 10 445 10 1726
G: K 601 -1 10 1733 10 2042
G: K 49 1 10 2043 10 2439
G: K 50 1 10 2438 10 4115
G: K 51 -1 10 4091 10 5042
G: K 52 -1 10 5045 10 5423
G: K 53 -1 10 5429 10 5579
G: K 54 -1 10 5592 10 5979
G: P 55 -1 10 5965 -1 -1
G: P 56 -1 -1 -1 11 182
G: K 57 -1 11 160 11 1159
G: K 58 -1 11 1139 11 1589
G: K 59 1 11 1595 11 2489
G: K 60 -1 11 2470 11 4186
G: K 61 1 11 4490 12 985
G: K 62 1 12 932 12 1850
G: K 63 1 12 2105 13 303
G: K 64 1 13 302 13 1754
G: K 65 1 13 1757 13 3704
G: P 66 1 13 3714 -1 -1
G: P 67 1 -1 -1 14 1157
G: K 68 1 14 5340 15 1401
G: K 69 1 15 1511 15 2387
G: K 70 1 15 2391 15 5085
G: K 71 1 15 5071 16 1619
G: K 72 1 16 1590 16 3597
G: K 73 1 16 3599 16 4007
G: K 74 1 16 4070 17 83
G: K 75 -1 17 79 17 502
G: K 76 1 17 735 17 1980
G: K 77 1 17 1972 17 3109
G: K 600 1 17 3109 17 3514
G: P 78 1 17 3515 -1 -1
G: P 79 1 -1 -1 18 2133
G: K 598 -1 18 2187 18 3138
G: K 80 1 18 3139 18 3559
G: K 81 1 18 3558 18 4239
G: K 82 1 18 4238 18 4808
G: K 83 1 18 4800 18 5676
G: P 84 1 18 5676 -1 -1
G: P 85 1 -1 -1 19 1149
G: K 86 1 19 1177 19 1597
G: K 87 1 19 1613 19 2081
G: K 88 1 19 2090 19 4163
G: K 89 1 19 4214 19 4847
G: K 90 1 19 4847 19 5339
G: P 91 1 19 5328 -1 -1
G: P 92 1 -1 -1 20 207
G: K 93 1 20 190 20 1597
G: K 94 1 20 1600 20 2797
G: K 95 1 20 2980 20 4954
G: P 96 1 20 5010 -1 -1
G: P 97 1 -1 -1 21 1272
G: K 98 1 21 1274 21 2708
G: K 99 1 21 2700 21 4137
G: P 100 1 21 4108 -1 -1
G: P 101 1 -1 -1 22 732
G: K 102 1 22 721 22 1564
G: K 103 1 22 1585 22 1825
G: K 104 1 22 1827 22 4032
G: K 105 1 22 4039 22 4642
G: K 106 -1 22 4613 22 5222
G: P 107 1 22 5262 -1 -1
G: P 108 1 -1 -1 23 312
G: K 109 1 23 296 23 1493
G: K 110 1 23 1479 23 2322
G: K 111 1 23 2336 23 3683
G: K 113 1 23 3696 23 5076
G: K 114 1 23 5011 24 121
G: K 115 1 24 145 24 622
G: K 116 1 24 630 24 1389
G: K 117 1 24 1378 24 2059
G: K 118 1 24 2039 24 3077
G: P 119 1 24 3091 -1 -1
G: P 120 1 -1 -1 25 1150
G: K 121 1 25 1152 25 2073
G: K 122 1 25 2112 25 4284
G: K 123 1 25 4258 26 292
G: K 124 1 26 338 26 656
G: K 125 1 26 661 26 1546
G: K 126 -1 26 1526 26 2570
G: K 127 1 26 2605 26 3046
G: K 596 -1 26 3052 26 3988
G: P 128 1 26 3989 -1 -1
G: P 129 1 -1 -1 27 235
G: K 130 1 27 224 27 1691
G: K 131 -1 27 2251 27 2680
G: K 132 -1 27 2660 27 3455
G: K 133 1 27 3474 27 3777
G: P 134 -1 27 3748 -1 -1
G: P 135 1 -1 -1 28 725
G: K 136 1 28 666 28 1890
G: K 137 1 28 1889 28 3713
G: K 138 1 28 3796 28 5530
G: P 139 1 -1 -1 30 3082
G: K 140 1 30 3086 30 4694
G: K 141 1 30 4693 30 4975
G: K 142 1 30 4958 31 921
G: K 143 1 31 904 31 1246
G: K 144 1 31 1270 31 2140
G: K 145 1 31 2139 31 2976
G: K 146 1 31 2988 31 4290
G: K 147 1 31 4276 31 5419
G: K 148 1 31 5457 32 596
G: K 149 1 32 671 32 1523
G: K 495 1 32 1561 32 4111
G: K 150 1 32 4112 32 4586
G: K 151 1 32 4675 32 5005
G: P 152 1 32 5008 -1 -1
G: P 153 1 -1 -1 33 564
G: K 154 1 33 567 33 894
G: K 155 1 33 893 33 1766
G: K 156 1 33 1765 33 2029
G: K 157 1 33 2031 33 2469
G: K 158 1 33 2471 33 3287
G: K 159 1 33 3292 33 3709
G: K 160 1 33 3708 33 4326
G: K 161 1 33 4325 33 4583
G: K 162 1 33 4586 33 4949
G: P 163 1 33 4948 -1 -1
G: P 164 1 -1 -1 34 384
G: K 165 1 34 386 34 572
G: K 166 1 34 565 34 991
G: K 167 1 34 997 34 1555
G: K 168 1 34 1556 34 1913
G: K 169 1 34 1917 34 2559
G: K 170 1 34 2564 34 3017
G: K 171 1 34 3016 34 4495
G: K 172 1 34 4488 34 5151
G: P 173 1 34 5153 -1 -1
G: D 174 1 -1 -1 -1 -1
G: D 175 1 -1 -1 -1 -1
G: D 176 1 -1 -1 -1 -1
G: P 177 1 -1 -1 35 96
G: K 178 1 35 111 35 1116
G: K 499 -1 35 1127 35 1799
G: K 179 1 35 1800 35 2184
G: K 180 1 35 2167 35 3004
G: K 181 1 35 2988 35 3903
G: K 182 1 35 3895 35 5167
G: P 183 1 35 5159 -1 -1
G: P 184 1 -1 -1 36 1732
G: K 185 1 36 1732 36 2704
G: K 186 1 36 2803 36 4960
G: K 595 1 37 1437 37 2691
G: K 187 1 37 2692 37 3448
G: K 188 1 37 3440 37 5198
G: K 189 1 37 5200 37 6193
G: K 190 1 37 6161 38 394
G: K 191 1 38 562 38 1519
G: K 192 1 38 1525 39 581
G: K 193 1 39 582 39 3753
G: K 194 1 40 1369 40 2395
G: K 736 1 40 2397 40 4557
G: P 195 1 40 4558 -1 -1
G: P 196 1 -1 -1 41 458
G: K 197 1 41 460 41 640
G: K 198 1 41 642 41 1020
G: K 199 1 41 1745 41 3587
G: K 200 1 41 3598 41 4258
G: K 201 1 41 4267 41 4636
G: K 202 1 41 4763 42 779
G: K 203 1 42 778 42 3139
G: K 204 -1 42 3135 42 4176
G: P 205 1 42 4211 -1 -1
G: D 206 1 -1 -1 -1 -1
G: P 207 -1 -1 -1 43 509
G: K 208 -1 43 492 43 1422
G: K 209 -1 43 1421 43 1967
G: K 210 1 43 2167 43 2836
G: K 211 1 43 2835 43 3027
G: K 212 1 43 3028 43 3472
G: K 213 1 43 3474 43 3822
G: K 214 1 43 3814 43 4630
G: P 215 1 43 4622 -1 -1
G: P 216 1 -1 -1 44 502
G: K 217 1 44 520 44 1492
G: K 218 1 44 1494 44 3072
G: K 219 1 44 3991 44 5140
G: K 220 1 44 5157 45 4892
G: P 221 1 45 4894 -1 -1
G: P 222 1 -1 -1 46 36
G: K 223 -1 46 67 46 352
G: K 224 1 46 661 46 1093
G: K 225 1 46 1082 46 2018
G: K 226 1 46 2019 46 3258
G: K 602 1 46 3259 46 3772
G: K 227 1 46 3773 46 4883
G: K 228 1 46 4928 47 229
G: K 229 1 47 194 47 1703
G: K 230 1 47 2174 47 3047
G: K 231 1 47 3046 47 3526
G: K 232 1 47 3531 47 4554
G: K 233 1 47 4557 47 5028
G: K 234 1 47 5046 48 498
G: K 739 1 48 589 48 1252
G: K 235 1 48 1253 48 1556
G: K 236 1 48 1548 48 1839
G: K 237 1 48 1831 48 2146
G: K 238 1 48 2138 48 3029
G: K 239 1 48 3015 48 3435
G: K 240 1 48 3427 48 4312
G: P 241 1 48 4341 -1 -1
G: P 242 1 -1 -1 49 2308
G: K 243 -1 49 2304 49 3375
G: K 244 1 49 3427 49 5296
G: K 245 1 49 5301 50 873
G: K 738 -1 50 1022 50 1583
G: K 246 1 50 2122 50 4273
G: K 247 1 50 4275 50 4785
G: K 248 1 50 4774 51 163
G: K 249 -1 51 149 51 872
G: K 250 -1 51 852 51 1530
G: K 251 -1 51 1513 51 3022
G: K 252 -1 51 3066 51 4911
G: P 253 -1 51 4900 -1 -1
G: P 254 -1 -1 -1 52 311
G: K 255 -1 52 313 52 1630
G: K 256 -1 52 1634 52 3638
G: K 257 1 52 3813 52 4938
G: K 258 1 52 5041 52 5500
G: P 259 1 52 5666 -1 -1
G: P 260 1 -1 -1 53 101
G: K 261 1 53 100 53 1192
G: K 262 1 53 1192 53 2560
G: K 263 1 53 2690 53 5012
G: K 264 1 54 2143 54 4819
G: P 265 1 54 4825 -1 -1
G: P 266 1 -1 -1 55 449
G: K 267 1 55 564 55 1470
G: K 268 1 55 1460 55 2084
G: K 269 -1 55 2013 55 2877
G: P 270 -1 55 2895 -1 -1
G: D 271 -1 -1 -1 -1 -1
G: P 272 -1 -1 -1 56 403
G: K 273 -1 56 553 56 1594
G: K 274 -1 56 1974 56 2991
G: K 275 -1 56 3001 56 4396
G: K 276 -1 56 4399 56 5590
G: P 277 -1 56 5839 -1 -1
G: P 278 -1 -1 -1 57 738
G: K 279 -1 57 765 57 2223
G: K 280 -1 57 2305 57 2848
G: K 281 -1 57 2861 58 806
G: K 282 1 58 848 58 3023
G: K 283 -1 58 3019 58 3682
G: K 284 -1 58 3674 58 4484
G: K 285 -1 58 4541 59 696
G: K 286 -1 59 1357 59 1843
G: K 287 1 59 2174 59 3632
G: K 288 1 59 3852 59 4251
G: K 289 1 59 4213 59 5257
G: P 290 1 59 5259 -1 -1
G: P 291 1 -1 -1 60 137
G: P 292 1 -1 -1 61 832
G: K 293 1 61 821 61 1559
G: K 294 1 61 1548 61 3180
G: K 295 -1 61 3176 61 3599
G: P 296 -1 61 3598 -1 -1
G: D 297 -1 -1 -1 -1 -1
G: P 298 -1 -1 -1 62 1422
G: K 299 -1 62 1539 62 2658
G: K 300 -1 62 2660 62 3050
G: K 301 -1 62 3169 62 4237
G: K 302 -1 62 4243 63 358
G: K 303 -1 63 560 63 1523
G: K 304 -1 63 1540 63 2794
G: K 305 -1 63 2795 63 3812
G: K 306 -1 63 3842 63 4823
G: K 307 -1 63 4801 63 5878
G: K 308 -1 63 5859 64 237
G: K 309 -1 64 362 64 2168
G: K 310 -1 64 2255 64 3458
G: K 311 -1 64 3460 65 980
G: K 312 -1 65 964 65 2197
G: K 313 -1 65 2203 66 156
G: K 314 1 66 209 66 1013
G: K 315 -1 66 1019 66 1646
G: P 316 -1 66 1668 -1 -1
G: P 317 -1 -1 -1 67 586
G: K 318 -1 67 630 67 1989
G: K 319 -1 67 2012 67 2921
G: K 320 -1 67 2841 67 3954
G: K 321 -1 67 3994 68 768
G: K 322 -1 68 782 68 1634
G: K 323 -1 68 1650 68 2178
G: K 324 -1 68 2281 68 3172
G: K 325 -1 68 3492 69 963
G: K 326 -1 69 1762 69 3457
G: K 327 1 69 3513 69 4197
G: K 328 -1 69 5032 69 5875
G: P 329 -1 69 5816 -1 -1
G: D 330 -1 -1 -1 -1 -1
G: P 331 -1 -1 -1 70 858
G: K 332 -1 70 870 70 1686
G: K 333 -1 70 1672 70 3955
G: K 334 -1 70 3993 70 5370
G: K 335 -1 70 5373 70 6021
G: K 336 -1 70 6029 71 77
G: K 337 -1 71 64 71 784
G: K 338 -1 71 1420 71 3937
G: K 339 -1 71 3926 71 4520
G: K 340 -1 71 4527 71 4749
G: P 341 1 71 4807 -1 -1
G: P 342 1 -1 -1 72 928
G: K 498 1 72 930 72 2199
G: K 343 1 72 2200 72 2617
G: K 344 -1 72 2603 73 1135
G: K 345 -1 73 1309 73 2344
G: K 497 -1 73 2802 73 3579
G: K 346 -1 73 5588 74 3039
G: K 347 -1 74 3048 75 1197
G: K 348 -1 75 1286 75 1796
G: K 349 -1 75 1874 75 2915
G: K 350 -1 75 2918 75 3746
G: P 351 -1 75 3756 -1 -1
G: P 352 1 -1 -1 76 79
G: K 353 1 76 69 76 717
G: K 354 -1 76 868 76 1837
G: K 355 1 76 2247 76 3474
G: K 356 1 76 3473 76 4412
G: K 357 -1 76 4629 76 5307
G: P 358 1 76 5354 -1 -1
G: P 359 1 -1 -1 77 145
G: K 360 -1 77 141 77 471
G: K 361 1 77 619 77 1030
G: K 362 -1 77 1032 77 3204
G: K 363 -1 77 3357 77 4203
G: P 364 -1 77 4215 -1 -1
G: K 365 1 78 705 78 1338
G: K 366 1 78 1312 78 2236
G: K 367 -1 78 2225 78 3470
G: K 368 1 78 3589 78 4099
G: K 369 1 78 4121 78 4490
G: K 370 1 78 4492 78 4666
G: K 371 -1 78 4680 78 4959
G: K 372 1 78 5022 78 5703
G: K 373 1 78 5695 79 42
G: K 374 1 79 43 79 2050
G: K 375 -1 79 2073 79 2877
G: K 376 -1 79 2866 79 3865
G: P 377 -1 79 3864 -1 -1
G: K 735 1 80 53 80 443
G: K 740 1 80 443 80 743
G: K 378 -1 80 744 80 1725
G: K 379 -1 80 1711 80 2701
G: K 380 -1 80 2693 80 3863
G: K 381 -1 80 3852 80 4710
G: K 382 -1 80 4710 80 5538
G: K 383 -1 80 5530 81 960
G: K 384 -1 81 959 81 1280
G: K 385 -1 81 1285 81 1867
G: K 386 -1 81 1913 81 3575
G: K 387 1 81 3603 81 5463
G: P 388 1 81 5455 -1 -1
G: D 389 1 -1 -1 -1 -1
G: K 390 1 82 433 82 1093
G: K 391 -1 82 1089 82 1836
G: K 392 -1 82 1828 82 3145
G: K 394 -1 82 3315 82 4035
G: K 395 -1 82 4037 83 2513
G: K 396 -1 83 2799 83 3699
G: K 397 -1 83 3686 83 4157
G: K 398 -1 83 4140 83 4527
G: K 399 -1 83 4530 84 441
G: K 400 -1 84 548 84 1916
G: K 401 -1 84 1932 84 3564
G: K 402 -1 84 3576 84 3909
G: P 403 -1 84 4034 -1 -1
G: P 404 -1 -1 -1 85 1167
G: K 405 -1 85 1537 85 1996
G: K 406 -1 85 1996 85 3697
G: K 407 -1 85 3698 85 4106
G: K 408 -1 85 4110 86 82
G: K 737 1 86 82 86 1816
G: K 409 -1 86 1817 86 2669
G: K 410 -1 86 2668 86 4234
G: K 411 -1 86 4249 86 4780
G: P 412 -1 86 4772 -1 -1
G: D 413 -1 -1 -1 -1 -1
G: P 414 -1 -1 -1 87 849
G: K 415 -1 87 814 87 1291
G: K 416 -1 87 1296 87 2709
G: K 417 1 87 2775 87 3261
G: K 418 -1 87 3257 87 3938
G: P 419 -1 87 3940 -1 -1
G: P 420 -1 -1 -1 88 1486
G: K 421 -1 88 1485 88 2643
G: K 422 -1 88 2763 89 417
G: K 423 -1 89 481 89 2530
G: K 424 -1 89 2585 89 2984
G: K 425 -1 89 2989 89 3436
G: P 426 -1 89 3473 -1 -1
G: P 496 -1 -1 -1 90 223
G: K 427 -1 90 224 90 3113
G: P 428 -1 90 3084 -1 -1
G: P 429 -1 -1 -1 91 1297
G: K 430 -1 91 1299 91 1578
G: K 431 1 91 1766 91 3149
G: K 432 1 91 3171 91 3357
G: K 433 1 91 3392 91 3821
G: K 434 1 91 3931 91 4447
G: K 435 -1 91 4443 92 451
G: K 436 -1 92 454 92 2053
G: K 437 -1 92 2045 92 2798
G: K 438 -1 92 2857 92 4078
G: P 439 1 92 4163 -1 -1
G: P 440 1 -1 -1 93 218
G: K 441 1 93 217 93 784
G: K 442 1 93 784 93 1996
G: K 443 1 93 2015 93 3167
G: K 444 -1 93 3571 93 4402
G: P 445 -1 93 4401 -1 -1
G: K 446 -1 94 21 94 441
G: K 447 -1 94 611 94 1442
G: K 448 -1 94 1416 94 2622
G: K 449 -1 94 2637 94 3012
G: K 450 -1 94 2992 94 3715
G: K 451 -1 94 3714 94 4008
G: K 452 -1 94 4618 95 692
G: K 453 -1 95 692 95 1172
G: K 454 -1 95 1830 95 2709
G: K 455 -1 95 2708 95 3881
G: K 456 1 95 3933 95 4725
G: P 457 1 95 4709 -1 -1
G: P 458 -1 -1 -1 96 267
G: K 459 1 96 253 96 1453
G: K 460 -1 96 1442 96 2456
G: K 461 -1 96 3008 96 5159
G: K 462 -1 96 5336 96 5870
G: P 463 -1 96 5871 -1 -1
G: P 464 1 -1 -1 97 810
G: K 465 -1 97 806 97 2120
G: K 466 -1 97 2100 97 3570
G: K 467 -1 97 3556 97 4363
G: P 468 -1 97 4355 -1 -1
G: D 469 -1 -1 -1 -1 -1
G: D 470 -1 -1 -1 -1 -1
G: P 471 -1 -1 -1 98 907
G: K 599 -1 98 909 98 2295
G: K 472 -1 98 2296 99 1895
G: K 473 -1 99 1900 99 2752
G: K 474 -1 99 2814 99 4146
G: P 475 -1 99 4788 -1 -1
