The input genome is 592613 bp long, 533351 will be kept.
min distance 58
----------------------------------------
fragments: id start end
F: 0 326 5258
F: 1 5757 11991
F: 2 12600 18280
F: 3 19229 24452
F: 4 25242 30612
F: 5 31228 37383
F: 6 38034 42545
F: 7 43175 47834
F: 8 48725 53527
F: 9 54228 58746
F: 10 59521 65998
F: 11 66368 71150
F: 12 71582 76694
F: 13 77347 82170
F: 14 82989 88843
F: 15 89521 94806
F: 16 95420 101881
F: 17 102214 106892
F: 18 107271 113207
F: 19 113923 119307
F: 20 119895 124886
F: 21 125546 130058
F: 22 130380 135675
F: 23 136641 141722
F: 24 142212 146777
F: 25 147233 152292
F: 26 152706 157110
F: 27 157820 162048
F: 28 163062 169377
F: 29 170218 176506
F: 30 177474 182305
F: 31 183053 188423
F: 32 189059 194250
F: 33 194739 199898
F: 34 200062 205947
F: 35 206886 212063
F: 36 212692 218107
F: 37 218586 224698
F: 38 225054 229797
F: 39 230393 234818
F: 40 235566 241946
F: 41 242689 247915
F: 42 248141 253915
F: 43 254887 260291
F: 44 261057 266295
F: 45 266668 272319
F: 46 272776 278551
F: 47 279049 285029
F: 48 285543 291023
F: 49 291452 297066
F: 50 297667 302633
F: 51 302986 309009
F: 52 309390 315476
F: 53 316103 321531
F: 54 321731 327229
F: 55 327872 332998
F: 56 333502 340135
F: 57 340593 344819
F: 58 345386 350454
F: 59 351014 356567
F: 60 356888 361378
F: 61 362086 368320
F: 62 369055 375427
F: 63 375855 381736
F: 64 382247 387887
F: 65 388287 393563
F: 66 393869 398534
F: 67 399557 403584
F: 68 404275 409113
F: 69 409801 415873
F: 70 416808 422857
F: 71 423340 428992
F: 72 429531 434292
F: 73 434927 440698
F: 74 441294 446256
F: 75 446967 453451
F: 76 453726 459516
F: 77 459845 464959
F: 78 465580 471108
F: 79 471739 476813
F: 80 477327 483116
F: 81 483564 489517
F: 82 490414 495946
F: 83 496610 502001
F: 84 502555 507743
F: 85 508199 513164
F: 86 513493 518541
F: 87 519201 523950
F: 88 524548 529635
F: 89 529958 534661
F: 90 535211 540593
F: 91 541290 546052
F: 92 547071 551543
F: 93 552290 556974
F: 94 557717 562402
F: 95 563023 568163
F: 96 568798 574639
F: 97 575280 580719
F: 98 581170 586496
F: 99 587071 592555
----------------------------------------
genes: [Kept,Partial,Discared] locus strand fragment1 start_pos fragment2 end_pos 
G: K 0 1 0 359 0 1508
G: K 1 1 0 1507 0 2458
G: K 2 1 0 2542 0 4504
G: K 3 1 0 4518 1 1628
G: K 4 1 1 1599 1 2874
G: K 5 1 1 2877 1 3504
G: K 6 1 1 3476 1 4241
G: K 7 1 1 4243 1 5569
G: P 8 1 1 5568 -1 -1
G: P 494 -1 -1 -1 2 201
G: K 9 1 2 202 2 853
G: K 10 -1 2 829 2 1693
G: K 568 -1 2 1696 2 2074
G: K 11 -1 2 2075 2 2927
G: K 12 -1 2 2889 2 3711
G: P 13 1 2 4049 -1 -1
G: P 14 1 -1 -1 3 1123
G: K 15 1 3 1132 3 4246
G: P 16 1 3 4287 -1 -1
G: P 17 1 -1 -1 4 369
G: K 18 1 4 368 4 1907
G: K 19 1 4 1936 4 2374
G: K 20 1 4 2379 4 3240
G: K 21 1 4 3240 4 4356
G: P 22 1 4 4558 -1 -1
G: P 23 1 -1 -1 5 84
G: K 24 1 5 52 5 511
G: K 25 1 5 510 5 1101
G: K 26 -1 5 1090 5 1648
G: K 27 -1 5 1649 5 2285
G: P 28 -1 5 2318 -1 -1
G: K 29 1 6 208 6 2209
G: K 30 1 6 2358 6 3138
G: K 31 -1 6 3106 6 3757
G: P 32 1 6 3785 -1 -1
G: P 33 1 -1 -1 7 1546
G: K 34 1 7 1518 7 2871
G: K 35 -1 7 2867 7 4400
G: K 36 -1 7 4390 8 13
G: K 37 1 8 171 8 1974
G: K 38 1 8 1994 8 2261
G: K 39 1 8 2458 8 4147
G: P 40 1 8 4151 -1 -1
G: P 41 1 -1 -1 9 356
G: K 42 1 9 340 9 1807
G: K 43 1 9 1808 9 2762
G: K 44 1 9 2745 9 3903
G: K 45 -1 9 4132 10 195
G: K 46 1 10 247 10 1003
G: K 47 1 10 1006 10 1678
G: K 48 1 10 1664 10 2930
G: K 49 1 10 2938 10 3331
G: K 50 1 10 3330 10 5001
G: K 51 -1 10 4977 10 5925
G: K 571 -1 10 5927 10 6218
G: P 52 -1 10 6219 -1 -1
G: D 53 -1 -1 -1 -1 -1
G: P 54 -1 -1 -1 11 294
G: K 55 -1 11 280 11 1105
G: K 56 -1 11 1086 11 1623
G: K 57 -1 11 1601 11 2600
G: K 58 -1 11 2580 11 3024
G: K 59 1 11 3030 11 3918
G: K 60 -1 11 3896 12 392
G: K 61 1 12 696 12 2778
G: K 62 1 12 2728 12 3646
G: K 63 1 12 3901 13 2132
G: K 64 1 13 2131 13 3532
G: P 65 1 13 3535 -1 -1
G: P 66 1 -1 -1 14 1443
G: K 67 1 14 1466 14 2888
G: K 68 1 15 539 15 3266
G: K 69 1 15 3376 15 4231
G: K 70 1 15 4235 16 970
G: K 71 1 16 956 16 3422
G: K 72 1 16 3399 16 5394
G: K 73 1 16 5396 16 5810
G: K 74 1 16 5873 17 2190
G: K 75 -1 17 2186 17 2603
G: K 76 1 17 2836 17 4060
G: K 77 1 17 4052 18 126
G: K 78 1 18 127 18 1354
G: K 79 1 18 1353 18 3900
G: K 80 1 18 3955 18 4369
G: K 81 1 18 4368 18 5049
G: K 82 1 18 5048 18 5648
G: P 83 1 18 5640 -1 -1
G: P 84 1 -1 -1 19 824
G: K 85 1 19 816 19 2004
G: K 86 1 19 2032 19 2452
G: K 87 1 19 2468 19 2954
G: K 88 1 19 2963 19 5036
G: P 89 1 19 5087 -1 -1
G: P 90 1 -1 -1 20 237
G: K 91 1 20 226 20 544
G: K 92 1 20 546 20 1020
G: K 93 1 20 1003 20 2425
G: K 94 1 20 2428 20 3625
G: K 95 1 20 3808 21 110
G: K 96 1 21 166 21 901
G: K 97 1 21 1000 21 2431
G: K 98 1 21 2433 21 3870
G: K 99 1 21 3862 22 483
G: K 100 1 22 457 22 1126
G: K 101 1 22 1118 22 2066
G: K 102 1 22 2055 22 2901
G: K 103 1 22 2922 22 3150
G: P 104 1 22 3152 -1 -1
G: D 105 1 -1 -1 -1 -1
G: P 106 -1 -1 -1 23 262
G: K 107 1 23 302 23 872
G: K 108 1 23 871 23 1669
G: K 109 1 23 1653 23 2829
G: K 110 1 23 2815 23 3664
G: K 111 1 23 3678 23 4995
G: K 112 1 23 4984 24 43
G: K 113 1 24 56 24 1427
G: K 114 1 24 1362 24 2073
G: K 115 1 24 2097 24 2571
G: K 116 1 24 2579 24 3338
G: K 117 1 24 3330 24 3975
G: P 118 1 24 3955 -1 -1
G: P 119 1 -1 -1 25 1690
G: K 120 1 25 1696 25 3289
G: K 121 1 25 3291 25 4215
G: K 122 1 25 4254 26 929
G: K 123 1 26 903 26 2343
G: K 124 1 26 2389 26 2698
G: K 125 1 26 2703 26 3570
G: P 126 -1 26 3550 -1 -1
G: D 127 1 -1 -1 -1 -1
G: P 128 1 -1 -1 27 758
G: K 129 1 27 757 27 1111
G: K 130 1 27 1100 27 2576
G: K 131 -1 27 3136 27 3562
G: P 132 -1 27 3539 -1 -1
G: D 133 1 -1 -1 -1 -1
G: P 134 -1 -1 -1 28 240
G: K 135 1 28 288 28 1761
G: K 136 1 28 1702 28 2926
G: K 137 1 28 2925 28 4740
G: P 138 1 28 4823 -1 -1
G: K 139 1 30 745 30 4105
G: P 569 -1 30 4108 -1 -1
G: P 140 1 -1 -1 31 1203
G: K 141 1 31 1202 31 1478
G: K 142 1 31 1464 31 3336
G: K 143 1 31 3322 31 3661
G: K 144 1 31 3685 31 4537
G: K 145 1 31 4536 31 5346
G: K 146 1 31 5358 32 630
G: K 147 1 32 616 32 1747
G: K 148 1 32 1785 32 3033
G: K 149 1 32 3108 32 3969
G: K 150 1 32 4008 32 4473
G: K 151 1 32 4562 32 4883
G: P 152 1 32 4886 -1 -1
G: P 153 1 -1 -1 33 618
G: K 154 1 33 621 33 945
G: K 155 1 33 944 33 1838
G: K 156 1 33 1837 33 2098
G: K 157 1 33 2100 33 2535
G: K 158 1 33 2537 33 3341
G: K 159 1 33 3346 33 3763
G: K 160 1 33 3762 33 4365
G: K 161 1 33 4364 33 4619
G: K 162 1 33 4622 33 4988
G: P 163 1 33 4987 -1 -1
G: P 164 1 -1 -1 34 536
G: K 165 1 34 538 34 724
G: K 166 1 34 717 34 1143
G: K 167 1 34 1149 34 1698
G: K 168 1 34 1699 34 2059
G: K 169 1 34 2063 34 2699
G: K 170 1 34 2704 34 3154
G: K 171 1 34 3153 34 4581
G: K 172 1 34 4574 34 5231
G: P 173 1 34 5233 -1 -1
G: D 174 1 -1 -1 -1 -1
G: D 175 1 -1 -1 -1 -1
G: D 176 1 -1 -1 -1 -1
G: P 177 1 -1 -1 35 240
G: K 178 1 35 255 35 1248
G: K 179 1 35 1260 35 1638
G: K 180 1 35 1624 35 2452
G: K 181 1 35 2433 35 3360
G: K 182 1 35 3352 35 4636
G: P 183 1 35 4628 -1 -1
G: P 184 1 -1 -1 36 1370
G: K 185 1 36 1370 36 2342
G: K 186 1 36 2441 36 4544
G: K 187 1 37 1116 37 1869
G: K 188 1 37 1861 37 3661
G: K 189 1 37 3663 37 4680
G: K 190 1 37 4648 37 5617
G: K 191 1 37 5785 38 274
G: K 493 1 38 279 38 1278
G: K 192 1 38 1279 39 275
G: K 492 -1 39 275 39 851
G: K 193 1 39 852 39 4023
G: K 194 1 40 1791 40 2817
G: K 195 1 40 2820 40 5259
G: K 196 1 40 5317 40 5863
G: K 197 1 40 5865 40 6045
G: P 198 1 40 6047 -1 -1
G: K 199 1 41 27 41 1836
G: K 200 1 41 1847 41 2501
G: K 201 1 41 2510 41 2879
G: K 202 1 41 3006 41 4932
G: K 203 1 41 4931 42 1885
G: K 204 -1 42 1881 42 2919
G: K 205 1 42 2954 42 4766
G: K 206 1 42 4746 42 5250
G: P 207 -1 42 5242 -1 -1
G: P 208 -1 -1 -1 43 21
G: K 209 -1 43 20 43 581
G: K 210 1 43 781 43 1444
G: K 211 1 43 1443 43 1638
G: K 212 1 43 1639 43 2086
G: K 213 1 43 2088 43 2427
G: K 214 1 43 2419 43 3226
G: K 215 1 43 3218 43 4634
G: K 216 1 43 4617 43 5244
G: K 217 1 43 5262 44 76
G: K 218 1 44 78 44 1620
G: K 219 1 44 2539 44 3670
G: K 490 -1 44 3686 44 3941
G: K 220 1 44 3942 45 3815
G: K 221 1 45 3817 45 4873
G: K 222 1 45 4826 45 5279
G: K 223 -1 45 5310 45 5592
G: P 224 1 -1 -1 46 216
G: K 225 1 46 205 46 1153
G: K 226 1 46 1154 46 2390
G: K 227 1 46 2392 46 3523
G: K 228 1 46 3568 46 5050
G: K 229 1 46 5015 47 227
G: K 230 1 47 698 47 1574
G: K 231 1 47 1573 47 2065
G: K 232 1 47 2070 47 3099
G: K 233 1 47 3102 47 3564
G: K 234 1 47 3582 47 5763
G: P 235 1 47 5855 -1 -1
G: D 236 1 -1 -1 -1 -1
G: P 237 1 -1 -1 48 275
G: K 238 1 48 267 48 1152
G: K 239 1 48 1141 48 1564
G: K 240 1 48 1556 48 2441
G: K 241 1 48 2470 48 3805
G: K 242 1 48 3873 49 367
G: K 243 -1 49 363 49 1416
G: K 244 1 49 1468 49 3346
G: K 245 1 49 3351 49 5250
G: P 246 1 -1 -1 50 1835
G: K 247 1 50 1837 50 2344
G: K 248 1 50 2336 50 3182
G: K 249 -1 50 3165 50 3882
G: K 250 -1 50 3868 50 4543
G: K 251 -1 50 4526 51 701
G: K 489 1 51 744 51 1863
G: K 252 -1 51 1864 51 3712
G: K 253 -1 51 3701 51 5042
G: K 254 -1 51 5061 51 5799
G: K 255 -1 51 5801 52 696
G: K 256 -1 52 700 52 2683
G: K 257 1 52 2858 52 3968
G: K 258 1 52 4071 52 4527
G: K 259 1 52 4693 52 5464
G: K 260 1 52 5506 52 5803
G: K 261 1 52 5802 53 193
G: K 262 1 53 193 53 1582
G: K 263 1 53 1712 53 4019
G: K 264 1 54 1283 54 3908
G: K 265 1 54 3914 54 4793
G: P 266 1 54 4792 -1 -1
G: P 267 1 -1 -1 55 512
G: K 268 1 55 505 55 1108
G: K 269 -1 55 1043 55 1889
G: K 270 -1 55 1907 55 4313
G: K 271 -1 55 4313 55 4661
G: P 272 -1 55 4694 -1 -1
G: P 273 -1 -1 -1 56 918
G: K 274 -1 56 1298 56 2309
G: K 275 -1 56 2319 56 3708
G: K 276 -1 56 3711 56 4866
G: K 277 -1 56 5115 56 6096
G: K 278 -1 56 6113 57 123
G: K 279 -1 57 150 57 1596
G: K 280 -1 57 1678 57 2221
G: K 281 -1 57 2234 58 390
G: K 282 1 58 432 58 2595
G: K 283 -1 58 2591 58 3266
G: K 284 -1 58 3258 58 4056
G: K 285 -1 58 4116 59 180
G: K 286 -1 59 841 59 1327
G: K 287 1 59 1658 59 3119
G: K 288 1 59 3339 59 3744
G: K 289 1 59 3703 59 4750
G: K 290 1 59 4752 59 5349
G: P 291 1 59 5380 -1 -1
G: P 292 1 -1 -1 61 580
G: K 293 1 61 569 61 1304
G: K 294 1 61 1296 61 2943
G: K 295 -1 61 2939 61 3368
G: K 296 -1 61 3367 61 6088
G: P 297 -1 61 6145 -1 -1
G: P 298 -1 -1 -1 62 1331
G: K 299 -1 62 1448 62 2540
G: K 301 -1 62 2661 62 3720
G: P 302 -1 62 3726 -1 -1
G: K 303 -1 63 77 63 1040
G: K 304 -1 63 1057 63 2311
G: K 305 -1 63 2312 63 3341
G: K 306 -1 63 3371 63 4349
G: K 307 -1 63 4330 63 5407
G: P 308 -1 63 5388 -1 -1
G: P 309 -1 -1 -1 64 1746
G: K 310 -1 64 1833 64 3024
G: K 311 -1 64 3023 65 523
G: K 312 -1 65 507 65 1752
G: P 313 -1 65 1758 -1 -1
G: P 314 1 -1 -1 66 789
G: K 315 -1 66 795 66 1419
G: P 316 -1 66 1441 -1 -1
G: P 317 -1 -1 -1 67 108
G: K 318 -1 67 152 67 1502
G: K 319 -1 67 1525 67 2419
G: K 320 -1 67 2342 67 3452
G: K 321 -1 67 3492 68 589
G: K 322 -1 68 603 68 1443
G: K 323 -1 68 1459 68 2002
G: K 324 -1 68 2105 68 2966
G: K 325 -1 68 3286 69 589
G: K 326 -1 69 1388 69 3098
G: K 327 1 69 3154 69 3850
G: K 328 -1 69 4685 69 5504
G: P 329 -1 69 5448 -1 -1
G: D 330 -1 -1 -1 -1 -1
G: P 331 -1 -1 -1 70 568
G: K 332 -1 70 580 70 1387
G: K 333 -1 70 1373 70 3665
G: K 334 -1 70 3703 70 5044
G: K 335 -1 70 5047 70 5701
G: P 336 -1 70 5709 -1 -1
G: P 337 -1 -1 -1 71 529
G: K 338 -1 71 1165 71 3688
G: K 339 -1 71 3677 71 4256
G: K 340 -1 71 4263 71 4482
G: K 341 1 71 4543 71 5566
G: P 342 1 -1 -1 72 728
G: K 343 1 72 731 72 1148
G: P 344 -1 72 1134 -1 -1
G: P 345 -1 -1 -1 73 805
G: K 346 -1 73 3272 74 784
G: P 347 -1 74 793 -1 -1
G: D 348 -1 -1 -1 -1 -1
G: K 349 -1 75 15 75 1074
G: K 350 -1 75 1077 75 1911
G: K 351 -1 75 1921 75 4609
G: K 352 1 75 4652 75 5156
G: K 353 1 75 5146 75 5788
G: K 570 1 75 5938 76 655
G: K 354 -1 76 656 76 1649
G: K 355 1 76 2059 76 3301
G: K 356 1 76 3300 76 4254
G: K 357 -1 76 4471 76 5161
G: K 358 1 76 5208 76 5775
G: K 359 1 76 5777 77 159
G: K 360 -1 77 155 77 488
G: K 361 1 77 636 77 1068
G: K 362 -1 77 1070 77 3215
G: K 363 -1 77 3368 77 4220
G: P 364 -1 77 4232 -1 -1
G: K 365 1 78 495 78 1119
G: K 366 1 78 1093 78 2014
G: K 367 -1 78 2003 78 3239
G: K 368 1 78 3358 78 3850
G: K 369 1 78 3872 78 4241
G: K 370 1 78 4243 78 4423
G: K 371 -1 78 4437 78 4704
G: K 372 1 78 4767 78 5448
G: K 373 1 78 5440 79 238
G: K 374 1 79 239 79 2243
G: K 375 -1 79 2266 79 3055
G: K 376 -1 79 3044 79 4034
G: K 377 -1 79 4033 80 149
G: K 378 -1 80 217 80 1195
G: K 379 -1 80 1178 80 2174
G: K 380 -1 80 2166 80 3354
G: K 381 -1 80 3337 80 4189
G: K 382 -1 80 4189 80 5032
G: K 383 -1 80 5024 81 494
G: K 384 -1 81 493 81 808
G: K 385 -1 81 813 81 1401
G: K 386 -1 81 1447 81 3061
G: K 387 1 81 3089 81 4934
G: K 388 1 81 4926 81 5508
G: P 389 1 81 5500 -1 -1
G: P 390 1 -1 -1 82 413
G: K 391 -1 82 409 82 1156
G: K 392 -1 82 1148 82 2468
G: K 393 -1 82 2467 82 2917
G: K 394 -1 82 3087 82 3801
G: K 395 -1 82 3803 83 2500
G: K 396 -1 83 2786 83 3665
G: K 397 -1 83 3652 83 4117
G: K 398 -1 83 4103 83 4490
G: K 399 -1 83 4493 84 552
G: K 400 -1 84 659 84 2003
G: K 401 -1 84 2019 84 3669
G: K 403 -1 84 3806 84 5048
G: K 404 -1 84 5057 85 991
G: K 405 -1 85 1361 85 1829
G: K 406 -1 85 1829 85 3545
G: K 407 -1 85 3546 85 3960
G: K 408 -1 85 3964 86 149
G: K 409 -1 86 150 86 990
G: K 410 -1 86 989 86 2570
G: K 411 -1 86 2585 86 3122
G: K 412 -1 86 3114 86 3741
G: K 413 -1 86 3743 86 4055
G: K 414 -1 86 4057 86 4948
G: P 415 -1 86 4910 -1 -1
G: P 416 -1 -1 -1 87 1070
G: K 417 1 87 1136 87 1610
G: K 418 -1 87 1606 87 2293
G: K 419 -1 87 2295 87 3294
G: P 420 -1 87 3278 -1 -1
G: P 421 -1 -1 -1 88 1086
G: K 422 -1 88 1206 88 4356
G: K 423 -1 88 4420 89 1032
G: K 424 -1 89 1087 89 1480
G: K 425 -1 89 1485 89 1926
G: K 426 -1 89 1963 89 3769
G: K 427 -1 89 3774 90 1425
G: K 428 -1 90 1396 90 3934
G: P 429 -1 90 3971 -1 -1
G: D 430 -1 -1 -1 -1 -1
G: K 431 1 91 29 91 1376
G: K 432 1 91 1398 91 1599
G: K 433 1 91 1634 91 2069
G: K 434 1 91 2179 91 2695
G: K 435 -1 91 2691 91 4425
G: K 436 -1 91 4428 92 174
G: K 437 -1 92 166 92 901
G: K 438 -1 92 960 92 2157
G: K 439 1 92 2242 92 3139
G: K 440 1 92 3119 92 3860
G: K 441 1 92 3859 92 4417
G: K 442 1 92 4417 93 392
G: K 443 1 93 411 93 1575
G: K 444 -1 93 1979 93 2798
G: K 445 -1 93 2797 93 3580
G: K 446 -1 93 3722 93 4133
G: P 447 -1 93 4303 -1 -1
G: P 448 -1 -1 -1 94 860
G: K 567 -1 94 874 94 2857
G: K 449 -1 94 2858 94 3218
G: K 450 -1 94 3201 94 3897
G: K 451 -1 94 3896 94 4178
G: P 452 -1 -1 -1 95 1126
G: K 453 -1 95 1126 95 1579
G: K 454 -1 95 2237 95 3110
G: K 455 -1 95 3109 95 4294
G: P 456 1 95 4346 -1 -1
G: K 457 1 95 5134 96 244
G: K 458 -1 96 233 96 701
G: K 459 1 96 684 96 1893
G: K 460 -1 96 1885 96 2890
G: K 461 -1 96 3442 96 5593
G: P 462 -1 96 5770 -1 -1
G: P 463 -1 -1 -1 97 327
G: K 464 1 97 499 97 1444
G: K 465 -1 97 1440 97 2724
G: K 466 -1 97 2701 97 4165
G: K 467 -1 97 4151 97 4946
G: K 468 -1 97 4935 98 215
G: K 469 -1 98 183 98 576
G: K 470 -1 98 544 98 691
G: K 471 -1 98 716 98 1652
G: K 491 -1 98 1654 98 2335
G: K 472 -1 98 2336 99 1811
G: K 473 -1 99 1816 99 2671
G: K 474 -1 99 2733 99 4047
G: P 475 -1 99 4689 -1 -1
