The input genome is 601979 bp long, 541781 will be kept.
min distance 59
----------------------------------------
fragments: id start end
F: 0 370 5317
F: 1 5922 12303
F: 2 13001 18681
F: 3 19797 25039
F: 4 25717 31200
F: 5 31749 38073
F: 6 38707 43310
F: 7 43915 48794
F: 8 49567 54509
F: 9 55071 59754
F: 10 60443 67121
F: 11 67542 72324
F: 12 73073 78210
F: 13 79071 83997
F: 14 84666 90756
F: 15 91313 96720
F: 16 97206 103890
F: 17 104224 108902
F: 18 109313 115283
F: 19 116035 121472
F: 20 121832 127052
F: 21 127849 132386
F: 22 132758 138134
F: 23 139133 144280
F: 24 144838 149403
F: 25 150045 155104
F: 26 155519 159923
F: 27 160420 164862
F: 28 165832 172251
F: 29 172759 179381
F: 30 180253 185345
F: 31 186098 191560
F: 32 192101 197395
F: 33 197969 203128
F: 34 203385 209270
F: 35 210271 215491
F: 36 216227 221739
F: 37 222126 228394
F: 38 228807 233681
F: 39 234179 238747
F: 40 239442 245991
F: 41 246568 252000
F: 42 252381 258206
F: 43 259059 264618
F: 44 265214 270691
F: 45 270982 276717
F: 46 277256 283031
F: 47 283468 289564
F: 48 290173 295653
F: 49 296004 301768
F: 50 302361 307387
F: 51 307862 313977
F: 52 314513 320606
F: 53 321272 326757
F: 54 327054 332627
F: 55 333199 338455
F: 56 339225 345858
F: 57 346326 350622
F: 58 351303 356371
F: 59 356835 362485
F: 60 362782 367297
F: 61 368174 374408
F: 62 375249 381736
F: 63 382136 388046
F: 64 388508 394240
F: 65 394655 399965
F: 66 400398 405063
F: 67 405940 410114
F: 68 410830 415668
F: 69 416293 422535
F: 70 423459 429589
F: 71 430139 435811
F: 72 436431 441192
F: 73 441833 447668
F: 74 448226 453357
F: 75 454142 460626
F: 76 461069 466859
F: 77 467310 472446
F: 78 472937 478647
F: 79 479373 484451
F: 80 484948 490755
F: 81 491243 497201
F: 82 498008 503731
F: 83 504516 509907
F: 84 510561 515819
F: 85 516288 521315
F: 86 521721 526777
F: 87 527516 532342
F: 88 532932 538078
F: 89 538413 543161
F: 90 543639 549092
F: 91 549718 554560
F: 92 555429 560167
F: 93 561006 565690
F: 94 566344 571146
F: 95 571885 577100
F: 96 577702 583674
F: 97 584396 589854
F: 98 590430 595788
F: 99 596400 601920
----------------------------------------
genes: [Kept,Partial,Discared] locus strand fragment1 start_pos fragment2 end_pos 
G: K 0 1 0 315 0 1476
G: K 1 1 0 1475 0 2417
G: K 2 1 0 2501 0 4496
G: K 3 1 0 4510 1 1454
G: K 4 1 1 1425 1 2700
G: K 5 1 1 2703 1 3339
G: K 6 1 1 3311 1 4097
G: K 7 1 1 4099 1 5476
G: K 8 1 1 5475 1 6279
G: P 9 1 1 6307 -1 -1
G: P 10 -1 -1 -1 2 746
G: K 11 -1 2 750 2 1626
G: K 12 -1 2 1585 2 2413
G: K 13 1 2 2751 2 4686
G: P 14 1 2 4732 -1 -1
G: P 15 1 -1 -1 3 2841
G: K 16 1 3 2882 3 4094
G: K 17 1 3 4074 3 5034
G: K 18 1 3 5033 4 736
G: K 19 1 4 765 4 1227
G: K 20 1 4 1232 4 2105
G: K 21 1 4 2105 4 3215
G: K 22 1 4 3417 4 4314
G: K 23 1 4 4317 4 4881
G: K 24 1 4 4858 4 5326
G: P 25 1 4 5325 -1 -1
G: P 26 -1 -1 -1 5 476
G: K 27 -1 5 477 5 1104
G: K 28 -1 5 1137 5 5586
G: K 29 1 5 5848 6 945
G: K 30 1 6 1094 6 1889
G: K 31 -1 6 1851 6 2511
G: K 32 1 6 2539 6 3805
G: K 33 1 6 3794 7 260
G: K 34 1 7 226 7 1573
G: K 35 -1 7 1569 7 3111
G: K 36 -1 7 3101 7 4262
G: K 37 1 7 4420 8 553
G: K 38 1 8 573 8 843
G: K 39 1 8 1040 8 2729
G: K 40 1 8 2733 8 3594
G: K 41 1 8 3571 8 4465
G: K 42 1 8 4440 9 412
G: K 43 1 9 413 9 1367
G: K 44 1 9 1350 9 2517
G: K 45 -1 9 2746 9 4096
G: P 46 1 9 4148 -1 -1
G: P 47 1 -1 -1 10 183
G: K 48 1 10 169 10 1501
G: K 49 1 10 1509 10 1908
G: K 50 1 10 1907 10 3578
G: K 51 -1 10 3554 10 4493
G: K 52 -1 10 4496 10 4877
G: K 53 -1 10 4883 10 5027
G: K 54 -1 10 5040 10 5424
G: K 55 -1 10 5407 10 6268
G: P 56 -1 10 6252 -1 -1
G: P 57 -1 -1 -1 11 700
G: K 58 -1 11 680 11 1127
G: K 59 1 11 1133 11 2027
G: K 60 -1 11 2005 11 3757
G: K 61 1 11 4061 12 615
G: K 62 1 12 565 12 1510
G: K 813 1 12 1764 12 2814
G: K 63 1 12 2815 13 858
G: K 64 1 13 857 13 2273
G: K 65 1 13 2276 13 4235
G: K 66 1 13 4245 14 225
G: K 67 1 14 248 14 1721
G: K 695 -1 14 3673 14 3973
G: P 68 1 -1 -1 15 2350
G: K 69 1 15 2460 15 3339
G: K 70 1 15 3343 16 81
G: K 71 1 16 67 16 2488
G: K 72 1 16 2465 16 4466
G: K 73 1 16 4468 16 4897
G: K 74 1 16 4960 17 1017
G: K 75 -1 17 1013 17 1421
G: K 76 1 17 1654 17 2905
G: K 77 1 17 2897 17 4031
G: K 78 1 17 4029 18 176
G: K 79 1 18 175 18 2755
G: K 80 1 18 2810 18 3245
G: K 82 1 18 3245 18 3815
G: K 83 1 18 3807 18 4713
G: K 84 1 18 4713 18 5664
G: K 85 1 18 5656 19 80
G: K 86 1 19 108 19 540
G: K 87 1 19 556 19 1018
G: K 88 1 19 1027 19 3130
G: K 89 1 19 3181 19 3823
G: K 90 1 19 3823 19 4315
G: K 91 1 19 4298 19 4625
G: K 92 1 19 4627 19 5092
G: K 93 1 19 5075 20 721
G: K 94 1 20 724 20 1927
G: K 95 1 20 2110 20 4117
G: K 96 1 20 4173 20 4932
G: K 97 1 20 5031 21 472
G: K 98 1 21 474 21 1911
G: K 99 1 21 1903 21 3352
G: K 100 1 21 3326 21 3995
G: K 101 1 21 3987 22 41
G: K 102 1 22 30 22 894
G: K 103 1 22 915 22 1146
G: K 104 1 22 1148 22 3356
G: K 105 1 22 3363 22 4005
G: K 106 -1 22 3973 22 4573
G: K 107 1 22 4613 22 5204
G: P 108 1 22 5203 -1 -1
G: P 109 1 -1 -1 23 828
G: K 110 1 23 811 23 1666
G: K 111 1 23 1680 23 2988
G: K 112 1 23 2977 23 3604
G: K 113 1 23 3617 23 5018
G: P 114 1 23 4950 -1 -1
G: P 115 1 -1 -1 24 466
G: K 116 1 24 474 24 1233
G: K 117 1 24 1222 24 1882
G: K 118 1 24 1865 24 2894
G: P 119 1 24 2908 -1 -1
G: P 120 1 -1 -1 25 1049
G: K 121 1 25 1051 25 1972
G: K 122 1 25 2011 25 4171
G: K 123 1 25 4148 26 96
G: K 124 1 26 142 26 460
G: K 125 1 26 465 26 1335
G: K 126 -1 26 1315 26 2347
G: K 127 1 26 2382 26 2820
G: K 128 1 26 2827 26 3610
G: K 129 1 26 3609 26 3972
G: K 130 1 26 3961 27 530
G: K 131 -1 27 1090 27 1528
G: K 132 -1 27 1502 27 2318
G: K 133 1 27 2337 27 2634
G: K 134 -1 27 2605 27 3460
G: P 487 -1 27 3507 -1 -1
G: P 135 1 -1 -1 28 901
G: K 136 1 28 836 28 2063
G: K 137 1 28 2062 28 3886
G: K 138 1 28 3969 28 5700
G: P 139 1 -1 -1 30 3290
G: K 140 1 30 3294 30 4908
G: P 141 1 30 4907 -1 -1
G: P 142 1 -1 -1 31 1241
G: K 143 1 31 1227 31 1563
G: K 144 1 31 1587 31 2421
G: K 145 1 31 2420 31 3230
G: K 146 1 31 3242 31 4559
G: P 147 1 31 4542 -1 -1
G: P 148 1 -1 -1 32 959
G: K 149 1 32 1034 32 1877
G: K 150 1 32 1916 32 2387
G: K 151 1 32 2476 32 2797
G: K 152 1 32 2800 32 3586
G: K 153 1 32 3585 32 4221
G: K 154 1 32 4224 32 4548
G: P 155 1 32 4547 -1 -1
G: D 156 1 -1 -1 -1 -1
G: P 157 1 -1 -1 33 267
G: K 158 1 33 269 33 1076
G: K 159 1 33 1081 33 1516
G: K 160 1 33 1515 33 2121
G: K 161 1 33 2120 33 2378
G: K 162 1 33 2381 33 2750
G: K 163 1 33 2749 33 3082
G: K 164 1 33 3087 33 3645
G: K 165 1 33 3647 33 3842
G: K 166 1 33 3832 33 4276
G: K 167 1 33 4282 33 4852
G: P 168 1 33 4853 -1 -1
G: P 169 1 -1 -1 34 446
G: K 170 1 34 451 34 901
G: K 171 1 34 900 34 2355
G: K 172 1 34 2348 34 2987
G: K 173 1 34 2989 34 3724
G: K 174 1 34 3723 34 3933
G: K 175 1 34 3943 34 4057
G: K 176 1 34 4056 34 4437
G: K 177 1 34 4436 34 4805
G: K 178 1 34 4820 34 5819
G: P 179 1 34 5831 -1 -1
G: P 180 1 -1 -1 35 140
G: K 181 1 35 124 35 1057
G: K 182 1 35 1049 35 2342
G: K 183 1 35 2334 35 3069
G: K 184 1 35 3058 35 4897
G: P 185 1 35 4897 -1 -1
G: P 186 1 -1 -1 36 2145
G: K 187 1 36 4611 36 5376
G: K 188 1 36 5368 37 1251
G: K 189 1 37 1253 37 2249
G: K 190 1 37 2223 37 3213
G: K 191 1 37 3381 37 4347
G: K 192 1 37 4353 38 2076
G: P 193 1 38 2077 -1 -1
G: K 194 1 39 2841 39 3882
G: K 195 1 39 3885 40 1094
G: K 196 1 40 1152 40 1698
G: K 197 1 40 1700 40 1883
G: K 198 1 40 1885 40 2272
G: K 199 1 40 2997 40 4809
G: K 200 1 40 4820 40 5486
G: K 201 1 40 5495 40 5882
G: P 484 1 40 6008 -1 -1
G: P 202 1 -1 -1 41 1640
G: K 203 1 41 1639 41 3997
G: K 204 -1 41 3993 41 5046
G: K 205 1 41 5081 42 1086
G: K 206 1 42 1069 42 1585
G: K 207 -1 42 1574 42 2165
G: K 208 -1 42 2151 42 3075
G: K 209 -1 42 3074 42 3626
G: K 210 1 42 3826 42 4486
G: K 211 1 42 4485 42 4683
G: K 558 -1 42 4683 42 5340
G: K 212 1 42 5341 42 5797
G: P 213 1 42 5799 -1 -1
G: P 214 1 -1 -1 43 304
G: K 215 1 43 296 43 1715
G: K 216 1 43 1698 43 2331
G: K 217 1 43 2349 43 3348
G: K 561 -1 43 3349 43 3631
G: K 218 1 43 3632 43 5195
G: P 219 1 -1 -1 44 1087
G: K 220 1 44 1104 45 823
G: K 221 1 45 825 45 1890
G: K 222 1 45 1849 45 2296
G: K 223 -1 45 2327 45 2606
G: K 224 1 45 2915 45 3344
G: K 225 1 45 3333 45 4305
G: K 226 1 45 4306 45 5572
G: K 227 1 45 5574 46 419
G: K 228 1 46 464 46 1934
G: K 229 1 46 1899 46 3423
G: K 230 1 46 3894 46 4758
G: K 231 1 46 4757 46 5234
G: K 232 1 46 5239 47 41
G: K 233 1 47 44 47 515
G: K 234 1 47 533 47 2780
G: K 235 1 47 2872 47 3175
G: K 236 1 47 3167 47 3482
G: K 237 1 47 3474 47 3795
G: K 238 1 47 3784 47 4672
G: K 239 1 47 4661 47 5090
G: K 240 1 47 5082 47 5979
G: K 241 1 47 6008 48 653
G: K 242 1 48 721 48 3166
G: K 243 -1 48 3162 48 4215
G: K 244 1 48 4267 49 311
G: K 245 1 49 316 49 2233
G: K 246 1 49 2921 49 5075
G: K 247 1 49 5077 49 5593
G: K 248 1 49 5588 50 95
G: K 249 -1 50 78 50 810
G: K 250 -1 50 796 50 1450
G: K 251 -1 50 1430 50 2945
G: K 252 -1 50 2989 50 4807
G: K 253 -1 50 4796 51 639
G: K 254 -1 51 658 51 1399
G: K 255 -1 51 1401 51 2718
G: K 256 -1 51 2722 51 4744
G: K 257 1 51 4919 51 6041
G: D 258 1 -1 -1 -1 -1
G: K 259 1 52 100 52 871
G: K 260 1 52 916 52 1216
G: K 262 1 52 1216 52 2635
G: K 263 1 52 2765 52 5117
G: K 698 -1 53 1249 53 2035
G: K 264 1 53 2036 53 4700
G: P 265 1 53 4706 -1 -1
G: P 266 1 -1 -1 54 687
G: K 488 -1 54 801 54 1437
G: K 267 1 54 1438 54 2326
G: K 268 1 54 2319 54 2931
G: K 269 -1 54 2863 54 3724
G: K 270 -1 54 3742 55 51
G: K 271 -1 55 51 55 399
G: K 272 -1 55 432 55 1128
G: K 273 -1 55 1278 55 2307
G: K 274 -1 55 2687 55 3740
G: K 275 -1 55 3750 55 5157
G: K 276 -1 55 5160 56 283
G: K 277 -1 56 532 56 1534
G: K 278 -1 56 1551 56 2682
G: K 279 -1 56 2709 56 4179
G: K 280 -1 56 4261 56 4810
G: K 281 -1 56 4823 57 698
G: K 282 1 57 740 57 2939
G: K 283 -1 57 2935 57 3610
G: P 284 -1 57 3602 -1 -1
G: P 285 -1 -1 -1 58 1193
G: K 286 -1 58 1854 58 2349
G: K 287 1 58 2680 58 4177
G: K 288 1 58 4397 58 4796
G: K 289 1 58 4758 59 270
G: K 290 1 59 272 59 884
G: K 291 1 59 915 59 1167
G: K 292 1 60 106 60 1243
G: K 293 1 60 1232 60 1964
G: K 294 1 60 1947 60 3627
G: K 295 -1 60 3623 60 4055
G: K 296 -1 60 4054 61 1413
G: K 297 -1 61 1470 61 2214
G: K 298 -1 61 2206 61 3646
G: K 299 -1 61 3763 61 4879
G: K 300 -1 61 4881 61 5274
G: P 301 -1 61 5393 -1 -1
G: P 302 -1 -1 -1 62 2428
G: K 303 -1 62 2630 62 3629
G: K 304 -1 62 3646 62 4882
G: K 305 -1 62 4883 62 5903
G: K 306 -1 62 5933 63 0
G: P 307 -1 -1 -1 63 1049
G: K 308 -1 63 1030 63 1882
G: K 815 -1 63 2006 63 2804
G: K 309 -1 63 2805 63 4599
G: K 310 -1 63 4686 63 5874
G: K 311 -1 63 5873 64 3119
G: K 312 -1 64 3100 64 4345
G: K 313 -1 64 4351 65 1882
G: K 314 1 65 1935 65 2742
G: K 315 -1 65 2748 65 3366
G: K 694 -1 65 3387 65 4338
G: K 316 -1 65 4339 66 2049
G: K 317 -1 66 2108 66 2990
G: K 318 -1 66 3034 66 4390
G: K 812 1 66 4412 66 4511
G: P 319 -1 66 4512 -1 -1
G: P 320 -1 -1 -1 67 936
G: K 321 -1 67 976 67 2827
G: K 322 -1 67 2841 67 3684
G: P 323 -1 67 3700 -1 -1
G: P 324 -1 -1 -1 68 335
G: K 325 -1 68 655 68 3532
G: K 326 -1 68 4331 69 596
G: K 327 1 69 652 69 1351
G: K 328 -1 69 2186 69 2996
G: K 329 -1 69 2943 69 4023
G: K 330 -1 69 4022 69 4181
G: K 331 -1 69 4197 69 5085
G: K 332 -1 69 5097 69 5934
G: K 333 -1 69 5917 70 1058
G: K 334 -1 70 1096 70 2455
G: K 335 -1 70 2458 70 3160
G: K 336 -1 70 3168 70 3801
G: K 337 -1 70 3788 70 4505
G: K 338 -1 70 5144 71 996
G: K 339 -1 71 985 71 1567
G: K 340 -1 71 1574 71 1805
G: K 341 1 71 1863 71 2907
G: K 342 1 71 3015 71 4275
G: K 343 1 71 4278 71 4704
G: K 344 -1 71 4687 72 2280
G: K 345 -1 72 2457 72 3498
G: K 811 1 72 3618 72 4134
G: K 346 -1 73 1079 73 5057
G: K 347 -1 73 5066 74 2864
G: K 348 -1 74 2953 74 3463
G: K 349 -1 74 3541 74 4597
G: P 350 -1 74 4600 -1 -1
G: P 351 -1 -1 -1 75 2252
G: K 352 1 75 2295 75 2829
G: K 353 1 75 2819 75 3440
G: K 354 -1 75 3591 75 4572
G: K 355 1 75 4982 75 6206
G: K 356 1 75 6205 76 253
G: K 560 -1 76 382 76 1441
G: K 357 -1 76 1529 76 2213
G: K 358 1 76 2260 76 2821
G: K 359 1 76 2823 76 3330
G: K 360 -1 76 3326 76 3659
G: K 361 1 76 3807 76 4230
G: K 362 -1 76 4232 77 187
G: K 363 -1 77 343 77 1207
G: K 364 -1 77 1219 77 2416
G: K 365 1 77 3223 77 3856
G: K 366 1 77 3827 77 4754
G: K 367 -1 77 4743 78 349
G: K 368 1 78 468 78 960
G: K 369 1 78 985 78 1357
G: K 370 1 78 1359 78 1530
G: K 371 -1 78 1544 78 1823
G: K 372 1 78 1886 78 2582
G: K 373 1 78 2574 78 3504
G: K 374 1 78 3505 78 5503
G: K 696 1 78 5525 79 103
G: K 375 -1 79 104 79 896
G: K 376 -1 79 885 79 1881
G: K 377 -1 79 1880 79 3578
G: K 814 1 79 3645 79 3783
G: K 378 -1 79 3784 79 4774
G: K 379 -1 79 4760 80 154
G: K 380 -1 80 146 80 1316
G: K 381 -1 80 1302 80 2154
G: K 382 -1 80 2154 80 3015
G: K 383 -1 80 3007 80 4705
G: K 384 -1 80 4704 80 5019
G: K 385 -1 80 5024 80 5621
G: K 386 -1 80 5667 81 1004
G: K 387 1 81 1032 81 2895
G: K 388 1 81 2887 81 3484
G: K 389 1 81 3479 81 4145
G: K 390 1 81 4609 81 5260
G: P 391 -1 81 5256 -1 -1
G: P 392 -1 -1 -1 82 556
G: K 393 -1 82 555 82 1011
G: K 394 -1 82 1181 82 1916
G: K 395 -1 82 1918 83 261
G: K 396 -1 83 547 83 1423
G: K 397 -1 83 1407 83 1878
G: K 398 -1 83 1861 83 2245
G: K 399 -1 83 2248 83 4255
G: P 400 -1 83 4362 -1 -1
G: P 401 -1 -1 -1 84 1324
G: K 402 -1 84 1336 84 1675
G: K 403 -1 84 1800 84 3039
G: K 404 -1 84 3048 84 4647
G: K 486 1 84 5016 85 603
G: K 405 -1 85 604 85 1081
G: K 406 -1 85 1081 85 2833
G: K 407 -1 85 2834 85 3233
G: K 408 -1 85 3237 85 4680
G: K 409 -1 85 4681 86 106
G: K 410 -1 86 105 86 1662
G: K 411 -1 86 1677 86 2217
G: K 412 -1 86 2212 86 2839
G: K 413 -1 86 2841 86 3156
G: K 414 -1 86 3158 86 4043
G: K 415 -1 86 4005 86 4491
G: K 416 -1 86 4496 87 75
G: K 417 1 87 141 87 621
G: K 418 -1 87 617 87 1316
G: K 419 -1 87 1318 87 2332
G: K 420 -1 87 2316 87 4338
G: K 421 -1 87 4337 88 73
G: K 422 -1 88 193 88 3319
G: P 423 -1 88 3383 -1 -1
G: P 424 -1 -1 -1 89 378
G: K 425 -1 89 383 89 821
G: K 426 -1 89 858 89 2658
G: K 697 -1 89 2662 89 3136
G: K 427 -1 89 3137 90 842
G: K 428 -1 90 807 90 3372
G: K 429 -1 90 3409 90 5125
G: K 430 -1 90 5127 90 5388
G: P 431 1 -1 -1 91 889
G: K 432 1 91 911 91 1103
G: K 433 1 91 1138 91 1564
G: K 434 1 91 1674 91 2190
G: K 435 -1 91 2186 91 3932
G: P 436 -1 91 3935 -1 -1
G: P 437 -1 -1 -1 92 490
G: K 438 -1 92 549 92 1785
G: K 439 1 92 1870 92 2788
G: K 440 1 92 2768 92 3515
G: K 441 1 92 3514 92 4075
G: P 442 1 92 4075 -1 -1
G: P 443 1 -1 -1 93 881
G: K 444 -1 93 1285 93 2134
G: K 445 -1 93 2133 93 2940
G: K 446 -1 93 3082 93 3514
G: K 447 -1 93 3684 93 4509
G: K 448 -1 93 4477 94 330
G: K 449 -1 94 345 94 708
G: K 450 -1 94 691 94 1408
G: K 451 -1 94 1407 94 1698
G: K 452 -1 94 2308 94 3973
G: K 453 -1 94 3973 94 4438
G: P 454 -1 -1 -1 95 449
G: K 455 -1 95 448 95 1642
G: K 557 1 95 1693 95 2713
G: K 456 1 95 2714 95 3506
G: K 457 1 95 3490 95 4381
G: K 458 -1 95 4370 95 4853
G: K 459 1 95 4836 96 216
G: K 460 -1 96 205 96 1231
G: K 461 -1 96 1783 96 3898
G: K 462 -1 96 4075 96 4603
G: K 463 -1 96 4604 96 5111
G: P 464 1 96 5283 -1 -1
G: P 465 -1 -1 -1 97 874
G: K 466 -1 97 854 97 2333
G: K 467 -1 97 2319 97 3111
G: K 468 -1 97 3103 97 4300
G: K 469 -1 97 4271 97 4661
G: K 470 -1 97 4629 97 4776
G: K 485 -1 97 4800 98 377
G: K 471 -1 98 378 98 1332
G: K 559 -1 98 1334 98 2261
G: K 472 -1 98 2262 99 1815
G: K 473 -1 99 1820 99 2693
G: K 474 -1 99 2755 99 4078
G: P 475 -1 99 4720 -1 -1
