The input genome is 615865 bp long, 554278 will be kept.
min distance 60
----------------------------------------
fragments: id start end
F: 0 404 5428
F: 1 6177 12675
F: 2 13529 19209
F: 3 20277 25748
F: 4 26270 31971
F: 5 32588 39010
F: 6 39560 44183
F: 7 44805 49796
F: 8 50500 55591
F: 9 56151 61093
F: 10 61986 68727
F: 11 69105 73931
F: 12 74497 79855
F: 13 80622 85695
F: 14 86493 92712
F: 15 93347 99007
F: 16 99494 106178
F: 17 106714 111392
F: 18 111836 117856
F: 19 118455 124173
F: 20 124595 129815
F: 21 130648 135294
F: 22 135624 141062
F: 23 141814 147417
F: 24 147882 152635
F: 25 153209 158418
F: 26 158724 163275
F: 27 163808 168428
F: 28 169457 176009
F: 29 176573 183278
F: 30 184018 189392
F: 31 189782 195676
F: 32 196188 201540
F: 33 201942 207326
F: 34 207761 213685
F: 35 214842 220254
F: 36 221167 226784
F: 37 227330 233626
F: 38 234301 239175
F: 39 239595 244246
F: 40 244893 251551
F: 41 252230 257662
F: 42 258058 263952
F: 43 264809 270612
F: 44 271239 276792
F: 45 277242 283103
F: 46 283592 289483
F: 47 289828 296038
F: 48 296504 302119
F: 49 302805 308625
F: 50 309216 314309
F: 51 314715 320900
F: 52 321678 327771
F: 53 328325 333966
F: 54 334355 339949
F: 55 340687 345993
F: 56 346899 353670
F: 57 354085 358489
F: 58 359009 364318
F: 59 364788 370533
F: 60 371007 375522
F: 61 376306 382778
F: 62 383678 390351
F: 63 390718 396719
F: 64 397153 403006
F: 65 403208 408734
F: 66 409193 413938
F: 67 414742 419053
F: 68 419621 424726
F: 69 425566 431916
F: 70 432849 439121
F: 71 439636 445429
F: 72 446061 450822
F: 73 451638 457630
F: 74 458066 463353
F: 75 464346 470830
F: 76 471443 477259
F: 77 477858 482994
F: 78 483596 489513
F: 79 490394 495742
F: 80 496621 502455
F: 81 502943 509073
F: 82 509685 515689
F: 83 516433 521874
F: 84 522704 527994
F: 85 528516 533563
F: 86 533889 539125
F: 87 539805 544802
F: 88 545350 550640
F: 89 551019 555768
F: 90 556401 561917
F: 91 562366 567386
F: 92 568222 573137
F: 93 573887 578839
F: 94 579510 584405
F: 95 585211 590462
F: 96 591167 597221
F: 97 597771 603447
F: 98 604057 609560
F: 99 610057 615805
----------------------------------------
genes: [Kept,Partial,Discared] locus strand fragment1 start_pos fragment2 end_pos 
G: K 0 1 0 281 0 1430
G: K 1 1 0 1429 0 2383
G: K 2 1 0 2467 0 4450
G: K 3 1 0 4464 1 1262
G: K 4 1 1 1230 1 2502
G: K 5 1 1 2505 1 3156
G: K 6 1 1 3128 1 3899
G: K 783 -1 1 3900 1 5451
G: P 7 1 1 5452 -1 -1
G: P 8 1 -1 -1 2 238
G: K 9 1 2 266 2 923
G: K 11 -1 2 927 2 1824
G: K 12 -1 2 1777 2 2617
G: K 13 1 2 2955 2 4839
G: P 14 1 2 4885 -1 -1
G: P 15 1 -1 -1 3 3114
G: K 16 1 3 3155 3 4346
G: K 17 1 3 4326 3 5259
G: K 18 1 3 5258 4 816
G: K 19 1 4 845 4 1316
G: K 20 1 4 1321 4 2206
G: K 21 1 4 2206 4 3355
G: K 22 1 4 3557 4 4454
G: K 23 1 4 4457 4 5042
G: K 24 1 4 5016 4 5472
G: P 25 1 4 5471 -1 -1
G: P 26 -1 -1 -1 5 342
G: K 27 -1 5 343 5 973
G: K 28 -1 5 1006 5 5437
G: K 29 1 5 5699 6 800
G: K 30 1 6 949 6 1747
G: K 31 -1 6 1712 6 2369
G: K 480 -1 6 2396 6 2999
G: K 884 -1 6 2999 6 3986
G: K 32 1 6 3987 7 14
G: K 33 1 7 3 7 1692
G: K 34 1 7 1658 7 3080
G: K 35 -1 7 3076 7 4636
G: K 36 -1 7 4626 8 95
G: K 37 1 8 253 8 2110
G: K 38 1 8 2130 8 2409
G: K 39 1 8 2606 8 4307
G: P 40 1 8 4311 -1 -1
G: P 41 1 -1 -1 9 365
G: K 42 1 9 349 9 1828
G: K 43 1 9 1829 9 2783
G: K 44 1 9 2769 9 3993
G: P 45 -1 9 4222 -1 -1
G: P 46 1 -1 -1 10 515
G: K 47 1 10 518 10 1211
G: K 48 1 10 1197 10 2514
G: K 49 1 10 2522 10 2927
G: K 50 1 10 2926 10 4642
G: K 51 -1 10 4618 10 5599
G: K 52 -1 10 5602 10 5971
G: K 53 -1 10 5977 10 6118
G: K 54 -1 10 6131 10 6515
G: K 55 -1 10 6504 11 225
G: K 56 -1 11 206 11 752
G: K 57 -1 11 730 11 1744
G: K 58 -1 11 1724 11 2195
G: K 59 1 11 2201 11 3095
G: K 60 -1 11 3073 11 4780
G: P 546 1 -1 -1 12 54
G: K 61 1 12 55 12 2146
G: K 62 1 12 2099 12 3038
G: K 63 1 12 3293 13 1218
G: K 64 1 13 1217 13 2633
G: K 65 1 13 2636 13 4622
G: K 66 1 13 4632 14 372
G: K 67 1 14 395 14 1841
G: K 68 1 14 6024 15 1975
G: K 69 1 15 2085 15 2967
G: P 70 1 15 2971 -1 -1
G: K 71 1 15 5657 16 2045
G: K 72 1 16 2022 16 4029
G: K 73 1 16 4031 16 4475
G: K 74 1 16 4538 17 471
G: K 75 -1 17 461 17 896
G: K 76 1 17 1129 17 2395
G: K 77 1 17 2387 17 3536
G: P 78 1 17 3537 -1 -1
G: P 79 1 -1 -1 18 2287
G: K 80 1 18 2342 18 2768
G: K 81 1 18 2767 18 3448
G: K 82 1 18 3447 18 4023
G: K 83 1 18 4015 18 4936
G: K 84 1 18 4936 18 5899
G: K 85 1 18 5888 19 460
G: K 886 1 19 487 19 1363
G: K 86 1 19 1364 19 1799
G: K 87 1 19 1815 19 2328
G: K 88 1 19 2337 19 4437
G: P 943 1 19 4487 -1 -1
G: P 89 1 -1 -1 20 361
G: K 90 1 20 361 20 853
G: K 91 1 20 842 20 1163
G: K 92 1 20 1165 20 1627
G: K 93 1 20 1610 20 3047
G: K 94 1 20 3050 20 4280
G: K 95 1 20 4463 21 384
G: K 96 1 21 440 21 1175
G: K 97 1 21 1274 21 2789
G: K 98 1 21 2791 21 4339
G: K 99 1 21 4328 22 834
G: K 100 1 22 805 22 1501
G: K 101 1 22 1493 22 2465
G: K 102 1 22 2454 22 3300
G: K 103 1 22 3321 22 3564
G: P 104 1 22 3566 -1 -1
G: P 105 1 -1 -1 23 242
G: K 106 -1 23 216 23 795
G: K 482 -1 23 834 23 2019
G: K 107 1 23 2020 23 2602
G: K 108 1 23 2601 23 3390
G: K 109 1 23 3371 23 4598
G: K 110 1 23 4584 23 5436
G: K 941 -1 23 5448 24 859
G: K 545 -1 24 860 24 1406
G: K 784 1 24 1406 24 2081
G: K 785 1 24 2081 24 3974
G: P 111 1 24 3975 -1 -1
G: P 112 1 -1 -1 25 629
G: K 113 1 25 642 25 2046
G: K 114 1 25 1978 25 2746
G: K 115 1 25 2770 25 3241
G: K 887 -1 25 3248 25 4223
G: K 116 1 25 4224 25 5001
G: K 117 1 25 4993 26 159
G: K 118 1 26 139 26 1177
G: K 119 1 26 1194 26 2931
G: P 120 1 26 2937 -1 -1
G: P 121 1 -1 -1 27 438
G: K 888 -1 27 476 27 1040
G: K 122 1 27 1041 27 3243
G: P 123 1 27 3220 -1 -1
G: D 124 1 -1 -1 -1 -1
G: P 125 1 -1 -1 28 316
G: K 126 -1 28 296 28 1391
G: K 127 1 28 1426 28 1861
G: K 128 1 28 1868 28 2681
G: K 129 1 28 2680 28 3043
G: K 130 1 28 3029 28 4547
G: K 131 -1 28 5107 28 5548
G: K 132 -1 28 5525 28 6332
G: P 133 1 28 6351 -1 -1
G: P 134 -1 -1 -1 29 406
G: K 885 -1 29 453 29 1368
G: K 135 1 29 1369 29 2863
G: K 136 1 29 2804 29 4040
G: K 137 1 29 4039 29 5896
G: K 138 1 29 5979 30 250
G: P 483 1 -1 -1 31 468
G: K 139 1 31 3953 32 916
G: K 675 1 32 919 32 1813
G: K 140 1 32 1814 32 3494
G: K 141 1 32 3493 32 3760
G: P 142 1 32 3749 -1 -1
G: P 143 1 -1 -1 33 210
G: K 144 1 33 234 33 1098
G: K 145 1 33 1097 33 1934
G: K 146 1 33 1946 33 3275
G: K 147 1 33 3258 33 4449
G: P 148 1 33 4487 -1 -1
G: P 149 1 -1 -1 34 855
G: K 150 1 34 894 34 1383
G: K 151 1 34 1472 34 1796
G: K 152 1 34 1799 34 2588
G: K 153 1 34 2587 34 3247
G: K 547 -1 34 3249 34 3885
G: K 154 1 34 3886 34 4207
G: K 155 1 34 4206 34 5073
G: K 156 1 34 5072 34 5342
G: K 157 1 34 5344 34 5785
G: P 158 1 34 5787 -1 -1
G: D 159 1 -1 -1 -1 -1
G: P 160 1 -1 -1 35 579
G: K 161 1 35 572 35 839
G: K 162 1 35 842 35 1226
G: K 163 1 35 1225 35 1573
G: K 164 1 35 1578 35 2124
G: K 165 1 35 2126 35 2309
G: K 166 1 35 2302 35 2740
G: K 167 1 35 2746 35 3307
G: K 168 1 35 3308 35 3671
G: K 169 1 35 3675 35 4317
G: K 676 -1 35 4321 35 5251
G: P 170 1 35 5252 -1 -1
G: P 171 1 -1 -1 36 849
G: K 172 1 36 842 36 1514
G: K 173 1 36 1516 36 2311
G: K 174 1 36 2310 36 2529
G: K 175 1 36 2539 36 2653
G: K 176 1 36 2652 36 3048
G: K 177 1 36 3047 36 3419
G: K 178 1 36 3434 36 4421
G: P 786 -1 36 4432 -1 -1
G: D 179 1 -1 -1 -1 -1
G: P 180 1 -1 -1 37 737
G: K 181 1 37 721 37 1636
G: K 182 1 37 1628 37 2894
G: K 183 1 37 2886 37 3645
G: K 184 1 37 3634 37 5503
G: P 185 1 37 5503 -1 -1
G: P 186 1 -1 -1 38 1787
G: P 187 1 38 4253 -1 -1
G: P 188 1 -1 -1 39 1510
G: K 189 1 39 1512 39 2520
G: K 190 1 39 2488 39 3457
G: K 191 1 39 3625 39 4588
G: K 481 1 39 4593 40 294
G: K 192 1 40 295 40 4759
G: K 193 1 40 4760 41 666
G: K 194 1 41 3607 41 4636
G: K 195 1 41 4639 42 1286
G: K 196 1 42 1344 42 1911
G: K 197 1 42 1913 42 2093
G: K 198 1 42 2095 42 2506
G: K 199 1 42 3231 42 5097
G: K 200 1 42 5108 42 5759
G: P 201 1 42 5768 -1 -1
G: P 202 1 -1 -1 43 1433
G: K 203 1 43 1432 43 3844
G: K 204 -1 43 3840 43 4884
G: P 945 1 43 4918 -1 -1
G: P 205 1 -1 -1 44 1357
G: K 206 1 44 1340 44 1853
G: K 207 -1 44 1845 44 2457
G: K 208 -1 44 2440 44 3388
G: K 209 -1 44 3387 44 3948
G: K 210 1 44 4148 44 4808
G: K 211 1 44 4807 44 4999
G: K 212 1 44 5000 44 5447
G: P 213 1 44 5449 -1 -1
G: P 214 1 -1 -1 45 638
G: K 215 1 45 630 45 2085
G: K 216 1 45 2062 45 2698
G: K 217 1 45 2716 45 3685
G: K 218 1 45 3687 45 5280
G: P 219 1 -1 -1 46 971
G: K 220 1 46 988 47 227
G: K 221 1 47 229 47 1312
G: K 222 1 47 1268 47 1742
G: K 223 -1 47 1773 47 2055
G: K 224 1 47 2364 47 2802
G: K 225 1 47 2788 47 3760
G: K 226 1 47 3761 47 5024
G: K 227 1 47 5026 47 6181
G: P 228 1 -1 -1 48 1029
G: K 229 1 48 994 48 2503
G: K 230 1 48 2974 48 3865
G: K 231 1 48 3864 48 4353
G: K 232 1 48 4358 48 5426
G: P 233 1 48 5429 -1 -1
G: P 234 1 -1 -1 49 1789
G: K 235 1 49 1881 49 2184
G: K 236 1 49 2176 49 2485
G: K 237 1 49 2477 49 2801
G: K 238 1 49 2793 49 3672
G: K 239 1 49 3658 49 4096
G: K 240 1 49 4085 49 4994
G: P 241 1 49 5023 -1 -1
G: K 242 1 50 15 50 2475
G: K 243 -1 50 2471 50 3560
G: K 548 -1 50 3611 50 4559
G: K 244 1 50 4560 51 957
G: K 245 1 51 962 51 2909
G: K 246 1 51 3597 51 5724
G: P 247 1 51 5726 -1 -1
G: P 248 1 -1 -1 52 114
G: K 249 -1 52 94 52 862
G: K 250 -1 52 848 52 1493
G: K 251 -1 52 1479 52 2967
G: K 252 -1 52 3011 52 4868
G: P 253 -1 52 4857 -1 -1
G: P 254 -1 -1 -1 53 344
G: K 255 -1 53 346 53 1666
G: K 256 -1 53 1670 53 3713
G: K 257 1 53 3888 53 4989
G: K 258 1 53 5092 53 5548
G: P 259 1 -1 -1 54 491
G: K 260 1 54 536 54 842
G: K 261 1 54 841 54 1924
G: K 262 1 54 1924 54 3337
G: P 263 1 54 3467 -1 -1
G: K 264 1 55 2367 55 5046
G: P 265 1 55 5052 -1 -1
G: P 266 1 -1 -1 56 582
G: K 267 1 56 697 56 1594
G: K 268 1 56 1584 56 2196
G: K 269 -1 56 2119 56 2971
G: K 270 -1 56 2989 56 5494
G: K 271 -1 56 5494 56 5842
G: K 272 -1 56 5875 56 6586
G: K 273 -1 56 6736 57 594
G: K 274 -1 57 974 57 2009
G: K 275 -1 57 2019 57 3441
G: P 276 -1 57 3444 -1 -1
G: P 277 -1 -1 -1 58 962
G: K 278 -1 58 979 58 2083
G: K 279 -1 58 2110 58 3574
G: K 280 -1 58 3656 58 4220
G: K 281 -1 58 4233 59 1451
G: K 782 -1 59 1492 59 2140
G: K 282 1 59 2141 59 4337
G: K 283 -1 59 4333 59 5002
G: P 284 -1 59 4994 -1 -1
G: P 285 -1 -1 -1 60 1322
G: K 286 -1 60 1983 60 2460
G: K 287 1 60 2791 60 4303
G: D 288 1 -1 -1 -1 -1
G: P 289 1 -1 -1 61 626
G: K 290 1 61 628 61 1231
G: K 291 1 61 1262 61 1514
G: P 672 1 61 6086 -1 -1
G: P 292 1 -1 -1 62 978
G: K 293 1 62 961 62 1732
G: K 294 1 62 1721 62 3407
G: K 295 -1 62 3403 62 3838
G: K 296 -1 62 3837 62 6594
G: K 297 -1 62 6651 63 361
G: K 298 -1 63 353 63 1769
G: K 299 -1 63 1886 63 2999
G: K 300 -1 63 3001 63 3394
G: K 301 -1 63 3513 63 4569
G: K 302 -1 63 4575 64 1197
G: K 303 -1 64 1399 64 2380
G: K 304 -1 64 2397 64 3636
G: K 305 -1 64 3637 64 4651
G: P 942 1 64 4680 -1 -1
G: P 306 -1 -1 -1 65 897
G: K 307 -1 65 872 65 1973
G: K 308 -1 65 1954 65 2791
G: K 309 -1 65 2916 65 4746
G: K 673 1 65 4832 65 5279
G: K 310 -1 65 5280 66 489
G: K 311 -1 66 488 66 4067
G: P 312 -1 66 4051 -1 -1
G: P 313 -1 -1 -1 67 3506
G: P 314 1 67 3559 -1 -1
G: P 315 -1 -1 -1 68 159
G: K 316 -1 68 181 68 3664
G: K 317 -1 68 3723 68 4626
G: K 318 -1 68 4670 69 99
G: K 319 -1 69 122 69 1013
G: K 320 -1 69 933 69 2061
G: K 321 -1 69 2101 69 3943
G: K 322 -1 69 3957 69 4815
G: K 323 -1 69 4831 69 5380
G: P 324 -1 69 5483 -1 -1
G: P 325 -1 -1 -1 70 2207
G: K 944 1 70 3005 70 3995
G: K 326 -1 70 3996 70 5706
G: P 327 1 70 5762 -1 -1
G: K 328 -1 71 494 71 1286
G: K 329 -1 71 1221 71 2349
G: K 330 -1 71 2348 71 2519
G: K 331 -1 71 2535 71 3432
G: K 332 -1 71 3444 71 4278
G: K 333 -1 71 4261 72 194
G: K 334 -1 72 232 72 1630
G: K 336 -1 72 1641 72 2283
G: K 337 -1 72 2270 72 3002
G: K 338 -1 72 3638 73 587
G: K 339 -1 73 579 73 1152
G: K 340 -1 73 1159 73 1390
G: K 341 1 73 1448 73 2525
G: K 342 1 73 2633 73 3902
G: K 343 1 73 3905 73 4328
G: K 344 -1 73 4314 74 1732
G: K 345 -1 74 1909 74 2935
G: P 346 -1 -1 -1 75 3040
G: K 347 -1 75 3049 76 170
G: K 348 -1 76 259 76 778
G: K 349 -1 76 856 76 1924
G: K 350 -1 76 1927 76 2782
G: K 351 -1 76 2792 76 5546
G: P 352 1 76 5589 -1 -1
G: P 353 1 -1 -1 77 328
G: K 354 -1 77 479 77 1472
G: K 355 1 77 1882 77 3160
G: K 356 1 77 3159 77 4095
G: K 357 -1 77 4312 77 4990
G: P 358 1 77 5037 -1 -1
G: P 359 1 -1 -1 78 360
G: K 360 -1 78 356 78 683
G: K 361 1 78 831 78 1251
G: K 362 -1 78 1253 78 3434
G: K 363 -1 78 3587 78 4484
G: K 364 -1 78 4496 78 5741
G: P 365 1 -1 -1 79 374
G: K 366 1 79 351 79 1275
G: K 367 -1 79 1264 79 2539
G: K 368 1 79 2658 79 3168
G: K 369 1 79 3190 79 3571
G: K 370 1 79 3573 79 3753
G: K 371 -1 79 3767 79 4034
G: K 674 -1 79 4096 79 4537
G: K 372 1 79 4538 79 5222
G: P 373 1 79 5211 -1 -1
G: P 374 1 -1 -1 80 1964
G: K 376 -1 80 1987 80 2983
G: K 377 -1 80 2982 80 4701
G: K 378 -1 80 4769 80 5768
G: K 379 -1 80 5754 81 422
G: K 380 -1 81 414 81 1620
G: K 381 -1 81 1606 81 2500
G: K 382 -1 81 2500 81 3367
G: K 383 -1 81 3356 81 5084
G: K 384 -1 81 5083 81 5386
G: K 385 -1 81 5391 81 5964
G: K 386 -1 81 6010 82 882
G: K 387 1 82 910 82 2767
G: K 388 1 82 2759 82 3356
G: K 389 1 82 3345 82 4008
G: K 390 1 82 4472 82 5120
G: K 391 -1 82 5116 82 5899
G: K 392 -1 82 5891 83 433
G: K 393 -1 83 432 83 906
G: K 394 -1 83 1076 83 1790
G: K 395 -1 83 1792 84 495
G: K 396 -1 84 781 84 1696
G: K 397 -1 84 1680 84 2175
G: K 398 -1 84 2143 84 2548
G: K 399 -1 84 2551 84 4570
G: K 400 -1 84 4677 85 209
G: K 401 -1 85 225 85 1887
G: K 402 -1 85 1899 85 2247
G: K 403 -1 85 2372 85 3614
G: P 404 -1 85 3623 -1 -1
G: K 405 -1 86 207 86 696
G: K 406 -1 86 696 86 2409
G: K 407 -1 86 2410 86 2842
G: K 408 -1 86 2846 86 4316
G: K 409 -1 86 4317 86 5175
G: K 410 -1 86 5174 87 818
G: K 411 -1 87 833 87 1364
G: K 412 -1 87 1356 87 1998
G: K 413 -1 87 2000 87 2312
G: K 414 -1 87 2314 87 3199
G: K 415 -1 87 3164 87 3674
G: P 416 -1 87 3679 -1 -1
G: P 417 1 -1 -1 88 114
G: K 418 -1 88 110 88 818
G: K 419 -1 88 820 88 1828
G: K 420 -1 88 1812 88 3831
G: K 421 -1 88 3830 88 4970
G: K 422 -1 88 5090 89 2694
G: P 423 -1 89 2758 -1 -1
G: D 424 -1 -1 -1 -1 -1
G: P 425 -1 -1 -1 90 295
G: K 426 -1 90 332 90 2150
G: K 427 -1 90 2155 90 5134
G: K 428 -1 90 5105 91 1699
G: K 429 -1 91 1736 91 3434
G: K 430 -1 91 3436 91 3706
G: P 431 1 91 3894 -1 -1
G: D 432 1 -1 -1 -1 -1
G: P 433 1 -1 -1 92 84
G: K 434 1 92 194 92 728
G: K 435 -1 92 724 92 2485
G: K 436 -1 92 2488 92 4081
G: K 437 -1 92 4073 92 4841
G: K 438 -1 92 4900 93 498
G: K 439 1 93 583 93 1504
G: K 440 1 93 1481 93 2219
G: K 441 1 93 2218 93 2785
G: K 442 1 93 2785 93 4018
G: P 443 1 93 4037 -1 -1
G: K 444 -1 94 30 94 858
G: K 445 -1 94 857 94 1640
G: K 446 -1 94 1782 94 2217
G: K 447 -1 94 2387 94 3242
G: K 448 -1 94 3210 94 4461
G: K 449 -1 94 4476 94 4845
G: P 450 -1 94 4828 -1 -1
G: P 451 -1 -1 -1 95 143
G: K 452 -1 95 753 95 2415
G: K 453 -1 95 2415 95 2904
G: K 454 -1 95 3562 95 4453
G: P 455 -1 95 4452 -1 -1
G: P 456 1 -1 -1 96 549
G: K 457 1 96 530 96 1427
G: K 458 -1 96 1413 96 1896
G: K 459 1 96 1882 96 3097
G: K 460 -1 96 3086 96 4097
G: K 461 -1 96 4649 97 205
G: K 462 -1 97 382 97 910
G: K 463 -1 97 911 97 1424
G: K 464 1 97 1596 97 2544
G: K 465 -1 97 2537 97 3851
G: K 466 -1 97 3831 97 5307
G: P 467 -1 97 5293 -1 -1
G: P 468 -1 -1 -1 98 970
G: K 469 -1 98 941 98 1325
G: K 470 -1 98 1299 98 1443
G: K 471 -1 98 1468 98 2422
G: K 472 -1 98 2425 99 1963
G: K 473 -1 99 1968 99 2874
G: K 474 -1 99 2936 99 4292
G: P 475 -1 99 4934 -1 -1
