The input genome is 600734 bp long, 540660 will be kept.
min distance 59
----------------------------------------
fragments: id start end
F: 0 439 5386
F: 1 5991 12372
F: 2 13070 18750
F: 3 19866 25089
F: 4 25767 31198
F: 5 31747 38071
F: 6 38708 43311
F: 7 43908 48787
F: 8 49560 54502
F: 9 55131 59814
F: 10 60503 67181
F: 11 67596 72378
F: 12 73127 78264
F: 13 79103 84029
F: 14 84698 90788
F: 15 91369 96776
F: 16 97262 103887
F: 17 104221 108899
F: 18 109310 115280
F: 19 116062 121458
F: 20 121818 127038
F: 21 127835 132372
F: 22 132655 138012
F: 23 138963 144110
F: 24 144696 149261
F: 25 149903 154962
F: 26 155377 159781
F: 27 160278 164720
F: 28 165660 171997
F: 29 172505 179127
F: 30 179999 185040
F: 31 185708 191170
F: 32 191704 196992
F: 33 197566 202725
F: 34 202982 208867
F: 35 209840 215060
F: 36 215724 221190
F: 37 221577 227845
F: 38 228258 233132
F: 39 233630 238198
F: 40 238925 245474
F: 41 246051 251505
F: 42 251871 257696
F: 43 258549 264048
F: 44 264717 270170
F: 45 270460 276195
F: 46 276760 282535
F: 47 282972 289068
F: 48 289755 295235
F: 49 295586 301260
F: 50 301853 306879
F: 51 307290 313313
F: 52 313892 319985
F: 53 320651 326136
F: 54 326342 331840
F: 55 332412 337668
F: 56 338431 345064
F: 57 345532 349828
F: 58 350568 355636
F: 59 356188 361838
F: 60 362222 366737
F: 61 367614 373848
F: 62 374626 381113
F: 63 381513 387423
F: 64 387885 393525
F: 65 393940 399250
F: 66 399683 404348
F: 67 405225 409319
F: 68 410035 414873
F: 69 415498 421642
F: 70 422566 428696
F: 71 429246 434918
F: 72 435518 440279
F: 73 440820 446655
F: 74 447213 452344
F: 75 453178 459662
F: 76 460020 465810
F: 77 466261 471397
F: 78 471800 477510
F: 79 478236 483314
F: 80 483862 489677
F: 81 490165 496123
F: 82 496984 502707
F: 83 503454 508845
F: 84 509415 514673
F: 85 515237 520264
F: 86 520621 525677
F: 87 526416 531233
F: 88 531879 537025
F: 89 537360 542108
F: 90 542590 548043
F: 91 548669 553431
F: 92 554394 559132
F: 93 559913 564597
F: 94 565207 570009
F: 95 570748 575963
F: 96 576565 582461
F: 97 583183 588641
F: 98 589247 594605
F: 99 595155 600675
----------------------------------------
genes: [Kept,Partial,Discared] locus strand fragment1 start_pos fragment2 end_pos 
G: K 0 1 0 246 0 1413
G: K 1 1 0 1412 0 2351
G: K 2 1 0 2435 0 4406
G: K 3 1 0 4420 1 1394
G: K 4 1 1 1368 1 2655
G: K 5 1 1 2655 1 3303
G: K 6 1 1 3275 1 4031
G: K 7 1 1 4033 1 5389
G: K 8 1 1 5388 1 6186
G: P 9 1 1 6214 -1 -1
G: P 10 -1 -1 -1 2 635
G: K 11 -1 2 639 2 1506
G: K 12 -1 2 1465 2 2305
G: K 13 1 2 2643 2 4563
G: P 14 1 2 4609 -1 -1
G: P 15 1 -1 -1 3 2736
G: K 16 1 3 2777 3 3971
G: K 17 1 3 3954 3 4884
G: K 18 1 3 4883 4 554
G: K 19 1 4 583 4 1027
G: K 20 1 4 1032 4 1899
G: K 21 1 4 1899 4 3003
G: K 22 1 4 3205 4 4123
G: K 23 1 4 4126 4 4702
G: K 24 1 4 4670 4 5129
G: P 25 1 4 5128 -1 -1
G: P 26 -1 -1 -1 5 337
G: K 27 -1 5 338 5 959
G: K 747 1 5 991 5 1975
G: P 28 -1 5 1976 -1 -1
G: P 29 1 -1 -1 6 1688
G: K 30 1 6 1837 6 2617
G: K 31 -1 6 2585 6 3227
G: K 608 1 6 3254 6 4055
G: K 32 1 6 4056 7 116
G: K 33 1 7 105 7 1758
G: K 34 1 7 1730 7 3131
G: K 35 -1 7 3127 7 4669
G: K 36 -1 7 4650 8 168
G: K 37 1 8 326 8 2126
G: K 38 1 8 2146 8 2416
G: K 39 1 8 2613 8 4326
G: P 40 1 8 4330 -1 -1
G: P 41 1 -1 -1 9 473
G: K 42 1 9 457 9 1921
G: K 43 1 9 1922 9 2891
G: K 44 1 9 2874 9 4044
G: K 45 -1 9 4273 10 260
G: K 46 1 10 312 10 1041
G: K 47 1 10 1044 10 1725
G: K 48 1 10 1711 10 2983
G: K 749 -1 10 2990 10 3974
G: K 49 1 10 3975 10 4371
G: K 50 1 10 4370 10 6023
G: P 51 -1 10 5999 -1 -1
G: P 52 -1 -1 -1 11 247
G: K 53 -1 11 253 11 421
G: K 54 -1 11 434 11 824
G: K 55 -1 11 807 11 1644
G: K 56 -1 11 1625 11 2162
G: K 57 -1 11 2140 11 3136
G: K 58 -1 11 3113 11 3557
G: K 59 1 11 3563 11 4469
G: K 60 -1 11 4447 12 599
G: K 61 1 12 903 12 2946
G: K 62 1 12 2899 12 3817
G: K 63 1 12 4072 13 2113
G: K 64 1 13 2112 13 3513
G: P 65 1 13 3516 -1 -1
G: P 66 1 -1 -1 14 1474
G: K 67 1 14 1497 14 2967
G: K 68 1 15 479 15 3266
G: K 69 1 15 3376 15 4237
G: K 70 1 15 4241 16 1030
G: K 71 1 16 1016 16 3455
G: K 72 1 16 3432 16 5469
G: K 73 1 16 5471 16 5891
G: K 74 1 16 5954 17 2088
G: K 75 -1 17 2084 17 2504
G: K 76 1 17 2737 17 3961
G: K 77 1 17 3953 18 10
G: K 503 1 18 10 18 631
G: K 78 1 18 632 18 1841
G: K 79 1 18 1840 18 4411
G: K 80 1 18 4466 18 4886
G: K 81 1 18 4885 18 5575
G: P 82 1 18 5574 -1 -1
G: P 83 1 -1 -1 19 263
G: K 84 1 19 263 19 1208
G: K 85 1 19 1200 19 2361
G: K 86 1 19 2389 19 2815
G: K 87 1 19 2831 19 3305
G: P 88 1 19 3314 -1 -1
G: P 89 1 -1 -1 20 330
G: K 90 1 20 330 20 816
G: K 91 1 20 805 20 1129
G: K 92 1 20 1131 20 1584
G: K 93 1 20 1567 20 2968
G: K 94 1 20 2971 20 4174
G: K 95 1 20 4357 21 293
G: K 96 1 21 349 21 1108
G: K 97 1 21 1207 21 2674
G: K 98 1 21 2676 21 4122
G: K 99 1 21 4114 22 743
G: K 100 1 22 717 22 1404
G: K 101 1 22 1396 22 2347
G: K 102 1 22 2336 22 3191
G: K 103 1 22 3212 22 3449
G: P 104 1 22 3451 -1 -1
G: D 105 1 -1 -1 -1 -1
G: P 106 -1 -1 -1 23 508
G: K 107 1 23 548 23 1127
G: K 108 1 23 1126 23 1927
G: K 109 1 23 1911 23 3099
G: K 110 1 23 3085 23 3925
G: P 111 1 23 3939 -1 -1
G: P 112 1 -1 -1 24 145
G: K 113 1 24 158 24 1547
G: K 114 1 24 1482 24 2199
G: K 115 1 24 2223 24 2700
G: K 116 1 24 2708 24 3485
G: K 117 1 24 3477 24 4122
G: P 118 1 24 4096 -1 -1
G: P 119 1 -1 -1 25 1690
G: K 120 1 25 1696 25 3256
G: K 121 1 25 3258 25 4182
G: K 122 1 25 4221 26 877
G: K 123 1 26 854 26 2273
G: K 124 1 26 2319 26 2628
G: K 125 1 26 2633 26 3500
G: P 126 -1 26 3480 -1 -1
G: P 127 1 -1 -1 27 111
G: K 128 1 27 118 27 898
G: K 129 1 27 897 27 1257
G: K 130 1 27 1243 27 2704
G: K 131 -1 27 3264 27 3690
G: P 132 -1 27 3667 -1 -1
G: D 133 1 -1 -1 -1 -1
G: P 134 -1 -1 -1 28 249
G: K 135 1 28 297 28 1773
G: K 136 1 28 1714 28 2950
G: K 137 1 28 2949 28 4791
G: P 138 1 28 4874 -1 -1
G: K 139 1 30 890 30 4295
G: K 140 1 30 4299 31 219
G: K 141 1 31 218 31 506
G: K 142 1 31 489 31 2349
G: K 143 1 31 2338 31 2671
G: K 144 1 31 2692 31 3541
G: K 145 1 31 3540 31 4371
G: P 146 1 31 4383 -1 -1
G: P 147 1 -1 -1 32 842
G: K 148 1 32 880 32 2131
G: K 149 1 32 2206 32 3052
G: K 150 1 32 3091 32 3565
G: K 607 1 32 3653 32 3740
G: K 151 1 32 3741 32 4065
G: K 152 1 32 4068 32 4836
G: P 153 1 32 4835 -1 -1
G: D 154 1 -1 -1 -1 -1
G: P 155 1 -1 -1 33 805
G: K 156 1 33 804 33 1068
G: K 157 1 33 1070 33 1499
G: K 158 1 33 1501 33 2320
G: K 159 1 33 2325 33 2751
G: K 160 1 33 2750 33 3359
G: K 161 1 33 3358 33 3622
G: K 162 1 33 3625 33 4003
G: K 163 1 33 4002 33 4335
G: K 164 1 33 4340 33 4889
G: K 165 1 33 4891 33 5077
G: K 166 1 33 5070 34 74
G: K 167 1 34 80 34 635
G: K 168 1 34 636 34 1002
G: K 169 1 34 1006 34 1666
G: K 170 1 34 1671 34 2133
G: K 171 1 34 2132 34 3569
G: K 172 1 34 3562 34 4210
G: K 173 1 34 4212 34 4962
G: K 174 1 34 4961 34 5174
G: K 175 1 34 5184 34 5298
G: K 176 1 34 5297 34 5684
G: P 177 1 34 5683 -1 -1
G: P 178 1 -1 -1 35 202
G: K 179 1 35 214 35 598
G: K 180 1 35 581 35 1433
G: K 181 1 35 1417 35 2341
G: K 182 1 35 2333 35 3605
G: K 183 1 35 3597 35 4347
G: K 184 1 35 4336 36 303
G: K 185 1 36 303 36 1287
G: K 186 1 36 1386 36 3513
G: K 187 1 37 126 37 891
G: K 188 1 37 883 37 2698
G: K 189 1 37 2700 37 3711
G: K 190 1 37 3682 37 4639
G: K 191 1 37 4807 37 5779
G: K 192 1 37 5785 38 3475
G: K 193 1 38 3476 39 1278
G: P 194 1 39 4216 -1 -1
G: P 195 1 -1 -1 40 2503
G: K 196 1 40 2561 40 3116
G: K 197 1 40 3118 40 3298
G: K 198 1 40 3300 40 3675
G: K 199 1 40 4400 40 6227
G: P 200 1 40 6238 -1 -1
G: P 201 1 -1 -1 41 147
G: K 202 1 41 274 41 2200
G: K 203 1 41 2199 41 4566
G: P 204 -1 41 4562 -1 -1
G: P 205 1 -1 -1 42 1627
G: K 206 1 42 1607 42 2102
G: K 207 -1 42 2094 42 2688
G: K 208 -1 42 2671 42 3598
G: K 209 -1 42 3597 42 4149
G: K 210 1 42 4349 42 5006
G: K 211 1 42 5005 42 5194
G: K 212 1 42 5195 42 5654
G: P 213 1 42 5656 -1 -1
G: P 214 1 -1 -1 43 140
G: K 215 1 43 132 43 1563
G: K 216 1 43 1546 43 2170
G: K 217 1 43 2188 43 3172
G: K 218 1 43 3174 43 4719
G: P 219 1 -1 -1 44 589
G: K 220 1 44 606 45 350
G: K 221 1 45 352 45 1393
G: K 222 1 45 1352 45 1799
G: K 223 -1 45 1830 45 2115
G: K 224 1 45 2424 45 2853
G: K 225 1 45 2842 45 3775
G: K 226 1 45 3776 45 5027
G: P 227 1 45 5029 -1 -1
G: P 228 1 -1 -1 46 1375
G: K 229 1 46 1346 46 2837
G: K 746 -1 46 2878 46 3184
G: K 230 1 46 3614 46 4481
G: K 231 1 46 4480 46 4963
G: P 232 1 46 4968 -1 -1
G: P 233 1 -1 -1 47 265
G: K 234 1 47 283 47 2449
G: K 505 -1 47 2540 47 2960
G: K 610 -1 47 2960 47 3437
G: K 235 1 47 3438 47 3741
G: K 236 1 47 3733 47 4033
G: K 237 1 47 4025 47 4343
G: K 238 1 47 4335 47 5211
G: K 239 1 47 5200 47 5623
G: P 240 1 47 5615 -1 -1
G: P 241 1 -1 -1 48 1096
G: K 242 1 48 1164 48 3621
G: K 243 -1 48 3617 48 4676
G: K 244 1 48 4728 49 775
G: K 245 1 49 780 49 2673
G: K 246 1 49 3361 49 5488
G: P 247 1 49 5490 -1 -1
G: P 248 1 -1 -1 50 574
G: K 249 -1 50 557 50 1295
G: K 250 -1 50 1281 50 1950
G: K 251 -1 50 1933 50 3439
G: P 252 -1 50 3483 -1 -1
G: P 253 -1 -1 -1 51 1236
G: K 254 -1 51 1255 51 1978
G: K 255 -1 51 1980 51 3282
G: K 256 -1 51 3286 51 5275
G: P 257 1 51 5450 -1 -1
G: K 258 1 52 73 52 526
G: K 259 1 52 692 52 1463
G: K 260 1 52 1508 52 1802
G: K 261 1 52 1801 52 2896
G: K 262 1 52 2896 52 4291
G: P 263 1 52 4421 -1 -1
G: P 264 1 53 2885 -1 -1
G: P 265 1 -1 -1 54 746
G: K 266 1 54 745 54 1597
G: K 748 -1 54 1711 54 2011
G: K 267 1 54 2012 54 2888
G: K 268 1 54 2881 54 3481
G: K 269 -1 54 3416 54 4262
G: K 270 -1 54 4280 55 589
G: K 271 -1 55 589 55 946
G: K 272 -1 55 979 55 1675
G: K 273 -1 55 1825 55 2857
G: K 274 -1 55 3237 55 4260
G: P 275 -1 55 4270 -1 -1
G: P 276 -1 -1 -1 56 792
G: K 277 -1 56 1041 56 2040
G: K 278 -1 56 2057 56 3140
G: K 279 -1 56 3167 56 4604
G: K 280 -1 56 4686 56 5232
G: K 281 -1 56 5245 57 1102
G: K 282 1 57 1144 57 3328
G: K 283 -1 57 3324 57 3984
G: P 284 -1 57 3976 -1 -1
G: P 285 -1 -1 -1 58 1496
G: K 286 -1 58 2157 58 2652
G: K 287 1 58 2983 58 4465
G: P 288 1 58 4685 -1 -1
G: K 289 1 58 5046 59 482
G: K 290 1 59 484 59 1075
G: K 291 1 59 1106 59 1364
G: K 292 1 60 216 60 1323
G: K 293 1 60 1315 60 2056
G: K 294 1 60 2045 60 3683
G: K 295 -1 60 3679 60 4099
G: K 296 -1 60 4098 61 1418
G: K 297 -1 61 1475 61 2240
G: K 298 -1 61 2232 61 3702
G: K 299 -1 61 3819 61 4923
G: K 300 -1 61 4925 61 5315
G: P 301 -1 61 5434 -1 -1
G: P 302 -1 -1 -1 62 2460
G: K 303 -1 62 2662 62 3628
G: K 304 -1 62 3645 62 4875
G: K 305 -1 62 4876 62 5908
G: K 306 -1 62 5938 63 17
G: P 307 -1 -1 -1 63 1093
G: K 308 -1 63 1074 63 1896
G: K 309 -1 63 2021 63 3824
G: K 310 -1 63 3911 63 5093
G: K 311 -1 63 5092 64 2266
G: K 312 -1 64 2247 64 3507
G: K 501 -1 64 3512 64 4901
G: K 313 -1 64 4902 65 2615
G: K 314 1 65 2668 65 3481
G: K 315 -1 65 3487 65 4114
G: K 316 -1 65 4136 66 1846
G: K 317 -1 66 1905 66 2772
G: K 318 -1 66 2816 66 4163
G: P 319 -1 66 4186 -1 -1
G: P 320 -1 -1 -1 67 598
G: K 321 -1 67 638 67 2444
G: K 322 -1 67 2458 67 3322
G: K 323 -1 67 3338 67 3863
G: K 324 -1 67 3966 68 32
G: K 325 -1 68 352 68 3211
G: K 326 -1 68 4010 69 242
G: K 327 1 69 298 69 982
G: K 500 -1 69 1816 69 5623
G: P 328 -1 69 5624 -1 -1
G: P 329 -1 -1 -1 70 399
G: K 330 -1 70 398 70 563
G: K 331 -1 70 579 70 1473
G: K 332 -1 70 1485 70 2319
G: K 333 -1 70 2308 70 4603
G: K 334 -1 70 4641 70 6024
G: K 335 -1 70 6027 71 13
G: K 336 -1 71 21 71 660
G: K 337 -1 71 647 71 1367
G: K 338 -1 71 2003 71 4556
G: K 339 -1 71 4545 71 5121
G: K 340 -1 71 5128 71 5356
G: K 341 1 71 5414 72 213
G: K 342 1 72 321 72 1572
G: K 343 1 72 1575 72 1992
G: K 344 -1 72 1981 73 540
G: K 345 -1 73 717 73 1740
G: K 611 1 73 3512 73 4979
G: K 346 -1 73 5674 74 3184
G: K 347 -1 74 3193 75 1425
G: K 348 -1 75 1514 75 2027
G: K 349 -1 75 2102 75 3173
G: K 350 -1 75 3176 75 4007
G: P 351 -1 75 4017 -1 -1
G: P 352 1 -1 -1 76 446
G: K 353 1 76 436 76 1069
G: K 354 -1 76 1220 76 2210
G: K 355 1 76 2620 76 3877
G: K 356 1 76 3876 76 4815
G: K 357 -1 76 5032 76 5743
G: P 358 1 -1 -1 77 104
G: K 359 1 77 106 77 604
G: K 360 -1 77 600 77 927
G: K 361 1 77 1075 77 1480
G: K 362 -1 77 1482 77 3666
G: K 363 -1 77 3819 77 4677
G: K 364 -1 77 4689 78 362
G: K 365 1 78 1169 78 1790
G: K 366 1 78 1767 78 2706
G: K 367 -1 78 2695 78 3943
G: K 368 1 78 4062 78 4563
G: K 369 1 78 4585 78 4963
G: K 370 1 78 4965 78 5139
G: K 371 -1 78 5153 78 5432
G: P 609 1 78 5494 -1 -1
G: P 372 1 -1 -1 79 508
G: K 373 1 79 500 79 1454
G: K 374 1 79 1455 79 3474
G: K 375 -1 79 3497 79 4280
G: P 376 -1 79 4269 -1 -1
G: P 377 -1 -1 -1 80 1312
G: K 378 -1 80 1380 80 2343
G: K 379 -1 80 2329 80 3316
G: K 380 -1 80 3305 80 4478
G: K 381 -1 80 4464 80 5328
G: P 382 -1 80 5328 -1 -1
G: P 383 -1 -1 -1 81 1576
G: K 384 -1 81 1575 81 1899
G: K 385 -1 81 1904 81 2504
G: K 386 -1 81 2550 81 4185
G: P 387 1 81 4213 -1 -1
G: D 388 1 -1 -1 -1 -1
G: P 389 1 -1 -1 82 492
G: K 502 -1 82 955 82 2014
G: K 390 1 82 2015 82 2657
G: K 391 -1 82 2653 82 3397
G: K 392 -1 82 3389 82 4700
G: K 393 -1 82 4699 82 5173
G: P 394 -1 82 5343 -1 -1
G: P 395 -1 -1 -1 83 4437
G: P 396 -1 83 4723 -1 -1
G: P 397 -1 -1 -1 84 90
G: K 398 -1 84 73 84 460
G: K 399 -1 84 463 84 2458
G: K 400 -1 84 2565 84 3909
G: P 401 -1 84 3925 -1 -1
G: P 402 -1 -1 -1 85 104
G: K 403 -1 85 229 85 1471
G: K 404 -1 85 1480 85 3103
G: K 405 -1 85 3473 85 3935
G: K 406 -1 85 3935 86 267
G: K 407 -1 86 268 86 673
G: K 408 -1 86 677 86 2120
G: K 409 -1 86 2121 86 2955
G: K 410 -1 86 2954 86 4523
G: P 411 -1 86 4538 -1 -1
G: P 412 -1 86 5052 -1 -1
G: P 413 -1 -1 -1 87 210
G: K 414 -1 87 212 87 1130
G: K 415 -1 87 1092 87 1554
G: K 416 -1 87 1559 87 2936
G: K 417 1 87 3002 87 3476
G: K 418 -1 87 3472 87 4174
G: P 419 -1 87 4176 -1 -1
G: P 420 -1 -1 -1 88 1724
G: K 421 -1 88 1723 88 2872
G: K 422 -1 88 2992 89 619
G: K 423 -1 89 683 89 2687
G: K 424 -1 89 2742 89 3147
G: K 425 -1 89 3152 89 3593
G: K 426 -1 89 3630 90 194
G: K 427 -1 90 199 90 3094
G: P 428 -1 90 3065 -1 -1
G: P 429 -1 -1 -1 91 1256
G: K 430 -1 91 1258 91 1519
G: K 431 1 91 1707 91 3069
G: K 432 1 91 3091 91 3289
G: K 433 1 91 3324 91 3759
G: K 434 1 91 3869 91 4406
G: K 435 -1 91 4402 92 426
G: K 436 -1 92 429 92 1974
G: K 437 -1 92 1966 92 2695
G: K 438 -1 92 2754 92 4011
G: P 439 1 92 4096 -1 -1
G: P 440 1 -1 -1 93 243
G: K 441 1 93 242 93 797
G: K 442 1 93 797 93 2000
G: K 443 1 93 2019 93 3198
G: K 444 -1 93 3602 93 4430
G: P 445 -1 93 4429 -1 -1
G: K 446 -1 94 54 94 462
G: K 447 -1 94 632 94 1463
G: K 448 -1 94 1434 94 2643
G: K 449 -1 94 2658 94 3024
G: K 450 -1 94 3007 94 3715
G: K 451 -1 94 3714 94 4014
G: K 452 -1 94 4624 95 739
G: K 453 -1 95 739 95 1195
G: K 454 -1 95 1853 95 2735
G: K 455 -1 95 2734 95 3952
G: K 456 1 95 4004 95 4790
G: P 457 1 95 4774 -1 -1
G: P 458 -1 -1 -1 96 305
G: K 459 1 96 291 96 1482
G: K 460 -1 96 1471 96 2485
G: K 461 -1 96 3037 96 5200
G: P 462 -1 96 5377 -1 -1
G: D 463 -1 -1 -1 -1 -1
G: P 464 1 -1 -1 97 924
G: K 465 -1 97 920 97 2204
G: K 466 -1 97 2184 97 3681
G: K 467 -1 97 3667 97 4444
G: P 468 -1 97 4436 -1 -1
G: D 469 -1 -1 -1 -1 -1
G: P 470 -1 -1 -1 98 39
G: K 471 -1 98 64 98 1006
G: K 472 -1 98 1009 99 477
G: K 473 -1 99 482 99 1340
G: K 474 -1 99 1402 99 2746
G: K 475 -1 99 3388 99 4201
G: P 504 1 99 4226 -1 -1
