The input genome is 600834 bp long, 600834 will be kept.
min distance 0
----------------------------------------
fragments: id start end
F: 0 0 5279
F: 1 5279 12328
F: 2 12328 18730
F: 3 18730 25169
F: 4 25169 31271
F: 5 31271 38165
F: 6 38165 43361
F: 7 43361 48976
F: 8 48976 54632
F: 9 54632 59971
F: 10 59971 67330
F: 11 67330 72474
F: 12 72474 78301
F: 13 78301 84115
F: 14 84115 90931
F: 15 90931 97024
F: 16 97024 104135
F: 17 104135 109163
F: 18 109163 115485
F: 19 115485 121636
F: 20 121636 127173
F: 21 127173 132566
F: 22 132566 138255
F: 23 138255 144343
F: 24 144343 149407
F: 25 149407 155130
F: 26 155130 159890
F: 27 159890 164883
F: 28 164883 172241
F: 29 172241 179323
F: 30 179323 185377
F: 31 185377 191601
F: 32 191601 197391
F: 33 197391 203065
F: 34 203065 209241
F: 35 209241 215544
F: 36 215544 221799
F: 37 221799 228578
F: 38 228578 233850
F: 39 233850 238857
F: 40 238857 246071
F: 41 246071 252026
F: 42 252026 258246
F: 43 258246 264692
F: 44 264692 270707
F: 45 270707 276723
F: 46 276723 283043
F: 47 283043 289517
F: 48 289517 295595
F: 49 295595 301715
F: 50 301715 307328
F: 51 307328 313859
F: 52 313859 320549
F: 53 320549 326641
F: 54 326641 332452
F: 55 332452 338221
F: 56 338221 345565
F: 57 345565 350270
F: 58 350270 355960
F: 59 355960 362096
F: 60 362096 366944
F: 61 366944 374084
F: 62 374084 381420
F: 63 381420 387671
F: 64 387671 393806
F: 65 393806 399474
F: 66 399474 404521
F: 67 404521 409513
F: 68 409513 415008
F: 69 415008 421816
F: 70 421816 428811
F: 71 428811 434974
F: 72 434974 440298
F: 73 440298 446715
F: 74 446715 452384
F: 75 452384 459631
F: 76 459631 465901
F: 77 465901 471494
F: 78 471494 477819
F: 79 477819 483705
F: 80 483705 490044
F: 81 490044 496529
F: 82 496529 503000
F: 83 503000 509117
F: 84 509117 514970
F: 85 514970 520403
F: 86 520403 525892
F: 87 525892 531477
F: 88 531477 537154
F: 89 537154 542178
F: 90 542178 548244
F: 91 548244 553653
F: 92 553653 559230
F: 93 559230 564788
F: 94 564788 570186
F: 95 570186 576081
F: 96 576081 582706
F: 97 582706 588832
F: 98 588832 594707
F: 99 594707 600834
----------------------------------------
genes: [Kept,Partial,Discared] locus strand fragment1 start_pos fragment2 end_pos 
G: K 0 1 0 685 0 1843
G: K 1 1 0 1842 0 2784
G: K 2 1 0 2868 0 4908
G: K 3 1 0 4922 1 2268
G: K 4 1 1 2242 1 3511
G: K 5 1 1 3514 1 4153
G: K 6 1 1 4125 1 4890
G: K 7 1 1 4892 1 6242
G: K 8 1 1 6241 1 7036
G: K 9 1 2 15 2 681
G: K 10 -1 2 654 2 1542
G: K 11 -1 2 1546 2 2398
G: K 12 -1 2 2363 2 3188
G: K 13 1 2 3526 2 5398
G: K 14 1 2 5444 3 842
G: K 15 1 3 851 3 3998
G: K 16 1 3 4039 3 5233
G: K 17 1 3 5213 3 6170
G: K 18 1 3 6169 4 1308
G: K 19 1 4 1337 4 1775
G: K 20 1 4 1780 4 2695
G: K 21 1 4 2695 4 3802
G: K 22 1 4 4004 4 4916
G: K 23 1 4 4919 4 5495
G: K 24 1 4 5460 4 5922
G: K 25 1 4 5921 5 449
G: K 26 -1 5 438 5 1008
G: K 27 -1 5 1009 5 1636
G: K 28 -1 5 1669 5 6067
G: K 29 1 5 6329 6 1496
G: K 30 1 6 1645 6 2422
G: K 31 -1 6 2390 6 3053
G: K 32 1 6 3081 6 4356
G: K 33 1 6 4345 7 889
G: K 34 1 7 861 7 2232
G: K 35 -1 7 2228 7 3770
G: K 36 -1 7 3754 7 4927
G: K 37 1 7 5085 8 1273
G: K 38 1 8 1293 8 1572
G: K 39 1 8 1769 8 3479
G: K 40 1 8 3483 8 4344
G: K 41 1 8 4324 8 5191
G: K 42 1 8 5175 9 986
G: K 43 1 9 987 9 1947
G: K 44 1 9 1930 9 3082
G: K 45 -1 9 3311 9 4712
G: K 46 1 9 4764 10 130
G: K 47 1 10 133 10 820
G: K 48 1 10 806 10 2078
G: K 49 1 10 2086 10 2485
G: K 50 1 10 2484 10 4185
G: K 51 -1 10 4161 10 5127
G: K 52 -1 10 5130 10 5520
G: K 53 -1 10 5526 10 5673
G: K 54 -1 10 5686 10 6085
G: K 55 -1 10 6068 10 6923
G: K 56 -1 10 6904 11 100
G: K 57 -1 11 81 11 1098
G: K 58 -1 11 1081 11 1534
G: K 59 1 11 1540 11 2449
G: K 60 -1 11 2427 11 4134
G: K 61 1 11 4438 12 1394
G: K 62 1 12 1344 12 2274
G: K 63 1 12 2529 13 767
G: K 64 1 13 766 13 2203
G: K 65 1 13 2206 13 4168
G: K 66 1 13 4178 13 5750
G: K 67 1 13 5773 14 1387
G: K 68 1 14 5570 15 1505
G: K 69 1 15 1615 15 2485
G: K 70 1 15 2489 15 5168
G: K 71 1 15 5154 16 1503
G: K 72 1 16 1477 16 3457
G: K 73 1 16 3459 16 3873
G: K 74 1 16 3936 16 7032
G: K 75 -1 16 7028 17 343
G: K 76 1 17 576 17 1830
G: K 77 1 17 1822 17 2959
G: K 78 1 17 2960 17 4169
G: K 79 1 17 4168 18 1744
G: K 80 1 18 1799 18 2237
G: K 81 1 18 2236 18 2923
G: K 82 1 18 2922 18 3486
G: K 83 1 18 3478 18 4354
G: K 84 1 18 4354 18 5308
G: K 85 1 18 5300 19 133
G: K 86 1 19 161 19 584
G: K 87 1 19 600 19 1068
G: K 88 1 19 1077 19 3144
G: K 89 1 19 3195 19 3855
G: K 90 1 19 3855 19 4359
G: K 91 1 19 4348 19 4666
G: K 92 1 19 4668 19 5118
G: K 93 1 19 5101 20 363
G: K 94 1 20 366 20 1569
G: K 95 1 20 1752 20 3735
G: K 96 1 20 3791 20 4532
G: K 97 1 20 4631 21 585
G: K 98 1 21 587 21 2042
G: K 99 1 21 2037 21 3462
G: K 100 1 21 3436 21 4111
G: K 101 1 21 4100 21 5057
G: K 102 1 21 5046 22 508
G: K 103 1 22 529 22 763
G: K 104 1 22 765 22 2961
G: K 105 1 22 2968 22 3604
G: K 106 -1 22 3578 22 4166
G: K 107 1 22 4206 22 4773
G: K 108 1 22 4772 22 5555
G: K 109 1 22 5539 23 1023
G: K 110 1 23 1009 23 1867
G: K 111 1 23 1881 23 3192
G: K 112 1 23 3181 23 3808
G: K 113 1 23 3821 23 5201
G: K 114 1 23 5136 23 5871
G: K 577 -1 23 5894 24 4
G: K 115 1 24 5 24 494
G: K 116 1 24 502 24 1282
G: K 117 1 24 1274 24 1931
G: K 118 1 24 1911 24 2961
G: K 119 1 24 2975 24 4676
G: K 845 1 24 4681 25 328
G: K 120 1 25 329 25 1892
G: K 121 1 25 1894 25 2815
G: K 122 1 25 2854 25 5032
G: K 123 1 25 5006 26 744
G: K 124 1 26 790 26 1102
G: K 125 1 26 1107 26 1977
G: K 126 -1 26 1954 26 3028
G: K 127 1 26 3063 26 3516
G: K 128 1 26 3523 26 4315
G: K 129 1 26 4314 26 4674
G: K 130 1 26 4663 27 1400
G: K 131 -1 27 1960 27 2389
G: K 132 -1 27 2363 27 3188
G: K 133 1 27 3207 27 3513
G: K 134 -1 27 3481 27 4360
G: K 135 1 27 4408 28 912
G: K 136 1 28 853 28 2089
G: K 137 1 28 2088 28 3954
G: K 138 1 28 4037 28 5801
G: K 844 -1 28 5872 28 7159
G: K 717 -1 30 1271 30 1841
G: K 139 1 30 1842 30 5217
G: K 140 1 30 5221 31 787
G: K 141 1 31 786 31 1065
G: K 142 1 31 1051 31 2920
G: K 143 1 31 2903 31 3251
G: K 144 1 31 3275 31 4127
G: K 145 1 31 4126 31 4972
G: K 146 1 31 4984 32 62
G: K 147 1 32 48 32 1191
G: K 148 1 32 1229 32 2480
G: K 149 1 32 2555 32 3413
G: K 495 1 32 3451 33 208
G: K 150 1 33 209 33 692
G: K 151 1 33 781 33 1099
G: K 152 1 33 1102 33 1906
G: K 153 1 33 1905 33 2553
G: K 154 1 33 2556 33 2877
G: K 155 1 33 2876 33 3734
G: K 156 1 33 3733 33 4009
G: K 157 1 33 4011 33 4443
G: K 158 1 33 4445 33 5273
G: K 159 1 33 5278 34 27
G: K 160 1 34 26 34 629
G: K 161 1 34 628 34 895
G: K 162 1 34 898 34 1264
G: K 163 1 34 1263 34 1599
G: K 164 1 34 1604 34 2138
G: K 165 1 34 2140 34 2326
G: K 166 1 34 2319 34 2757
G: K 167 1 34 2763 34 3327
G: K 168 1 34 3328 34 3676
G: K 169 1 34 3680 34 4337
G: K 170 1 34 4342 34 4789
G: K 171 1 34 4788 35 85
G: K 172 1 35 81 35 723
G: K 173 1 35 725 35 1487
G: K 174 1 35 1486 35 1702
G: K 175 1 35 1712 35 1826
G: K 176 1 35 1825 35 2206
G: K 177 1 35 2205 35 2574
G: K 178 1 35 2589 35 3594
G: K 499 -1 35 3605 35 4295
G: K 179 1 35 4296 35 4671
G: K 180 1 35 4654 35 5500
G: K 181 1 35 5484 36 96
G: K 182 1 36 88 36 1372
G: K 183 1 36 1364 36 2114
G: K 184 1 36 2103 36 3957
G: K 185 1 36 3957 36 4923
G: K 186 1 36 5022 37 942
G: K 187 1 37 3408 37 4167
G: K 188 1 37 4159 37 5920
G: K 189 1 37 5922 38 142
G: K 190 1 38 107 38 1115
G: K 191 1 38 1283 38 2255
G: K 192 1 38 2261 39 1384
G: K 193 1 39 1385 39 4589
G: K 194 1 40 2523 40 3558
G: K 195 1 40 3561 40 5982
G: K 196 1 40 6040 40 6586
G: K 197 1 40 6588 40 6771
G: K 198 1 40 6773 40 7145
G: K 199 1 41 656 41 2489
G: K 200 1 41 2500 41 3163
G: K 201 1 41 3172 41 3541
G: K 202 1 41 3668 41 5585
G: K 203 1 41 5584 42 2038
G: K 204 -1 42 2034 42 3066
G: K 205 1 42 3101 42 4958
G: K 206 1 42 4938 42 5457
G: K 207 -1 42 5449 42 6049
G: K 208 -1 42 6029 43 766
G: K 209 -1 43 765 43 1314
G: K 210 1 43 1514 43 2180
G: K 211 1 43 2179 43 2368
G: K 212 1 43 2369 43 2810
G: K 213 1 43 2812 43 3166
G: K 214 1 43 3158 43 3971
G: K 215 1 43 3963 43 5367
G: K 216 1 43 5350 43 5989
G: K 217 1 43 6007 44 533
G: K 218 1 44 535 44 2119
G: K 846 -1 44 3037 44 3514
G: K 219 1 44 3515 44 4631
G: K 220 1 44 4648 45 4150
G: K 221 1 45 4152 45 5193
G: K 222 1 45 5155 45 5605
G: K 223 -1 45 5636 45 5915
G: K 224 1 46 208 46 640
G: K 225 1 46 626 46 1577
G: K 226 1 46 1578 46 2841
G: K 227 1 46 2843 46 3983
G: K 228 1 46 4028 46 5507
G: K 229 1 46 5475 47 643
G: K 230 1 47 1114 47 1966
G: K 231 1 47 1968 47 2445
G: K 232 1 47 2450 47 3473
G: K 233 1 47 3476 47 3959
G: K 843 -1 47 3975 47 5337
G: K 718 1 47 5338 48 67
G: K 234 1 48 68 48 2255
G: K 235 1 48 2347 48 2644
G: K 236 1 48 2639 48 2924
G: K 237 1 48 2916 48 3240
G: K 238 1 48 3232 48 4126
G: K 239 1 48 4115 48 4538
G: K 240 1 48 4530 48 5415
G: K 241 1 48 5444 49 710
G: K 242 1 49 778 49 3184
G: K 243 -1 49 3180 49 4236
G: K 244 1 49 4288 50 61
G: K 245 1 50 66 50 1959
G: K 246 1 50 2647 50 4786
G: K 247 1 50 4788 50 5286
G: K 248 1 50 5275 51 517
G: K 249 -1 51 500 51 1232
G: K 250 -1 51 1218 51 1881
G: K 251 -1 51 1864 51 3370
G: K 252 -1 51 3414 51 5301
G: K 253 -1 51 5290 52 103
G: K 254 -1 52 122 52 863
G: K 255 -1 52 865 52 2179
G: K 256 -1 52 2183 52 4229
G: K 257 1 52 4404 52 5553
G: K 258 1 52 5656 52 6118
G: K 259 1 52 6284 53 368
G: K 260 1 53 413 53 701
G: K 261 1 53 700 53 1777
G: K 262 1 53 1777 53 3151
G: K 263 1 53 3281 53 5615
G: K 264 1 54 2415 54 5094
G: K 265 1 54 5100 55 165
G: K 266 1 55 164 55 1031
G: K 267 1 55 1146 55 2046
G: K 268 1 55 2039 55 2672
G: K 269 -1 55 2601 55 3441
G: K 270 -1 55 3459 56 108
G: K 271 -1 56 108 56 456
G: K 272 -1 56 489 56 1176
G: K 273 -1 56 1326 56 2361
G: K 274 -1 56 2741 56 3758
G: K 275 -1 56 3768 56 5172
G: K 276 -1 56 5175 56 6372
G: K 277 -1 56 6621 57 282
G: K 278 -1 57 299 57 1385
G: K 279 -1 57 1412 57 2843
G: K 280 -1 57 2925 57 3462
G: K 281 -1 57 3475 58 1707
G: K 282 1 58 1749 58 3957
G: K 283 -1 58 3953 58 4640
G: K 284 -1 58 4629 58 5445
G: K 285 -1 58 5505 59 1516
G: K 579 1 59 1660 59 1939
G: K 286 -1 59 2456 59 2951
G: K 287 1 59 3282 59 4752
G: K 288 1 59 4972 59 5380
G: K 289 1 59 5336 60 292
G: K 290 1 60 294 60 888
G: K 291 1 60 919 60 1180
G: K 292 1 61 1218 61 2370
G: K 293 1 61 2359 61 3139
G: K 294 1 61 3128 61 4784
G: K 295 -1 61 4780 61 5203
G: K 296 -1 61 5202 62 816
G: K 297 -1 62 873 62 1626
G: K 298 -1 62 1618 62 3067
G: K 299 -1 62 3184 62 4333
G: K 300 -1 62 4335 62 4728
G: K 301 -1 62 4847 62 5942
G: K 302 -1 62 5948 63 1645
G: K 303 -1 63 1847 63 2846
G: K 304 -1 63 2863 63 4126
G: K 305 -1 63 4127 63 5153
G: K 306 -1 63 5183 63 6137
G: K 307 -1 63 6115 64 956
G: K 309 -1 64 1081 64 2896
G: K 310 -1 64 2983 64 4168
G: K 311 -1 64 4167 65 1584
G: K 312 -1 65 1568 65 2813
G: K 313 -1 65 2819 66 910
G: K 314 1 66 963 66 1782
G: K 315 -1 66 1788 66 2403
G: K 316 -1 66 2425 67 813
G: K 317 -1 67 875 67 1745
G: K 318 -1 67 1786 67 3118
G: K 319 -1 67 3141 67 4056
G: K 320 -1 67 3973 68 121
G: K 321 -1 68 161 68 2000
G: K 322 -1 68 2014 68 2860
G: K 323 -1 68 2876 68 3410
G: K 324 -1 68 3513 68 4425
G: K 325 -1 68 4745 69 2082
G: K 326 -1 69 2881 69 4558
G: K 327 1 69 4614 69 5313
G: K 328 -1 69 6148 70 165
G: K 329 -1 70 109 70 1207
G: K 330 -1 70 1206 70 1368
G: K 331 -1 70 1384 70 2287
G: K 332 -1 70 2299 70 3118
G: K 333 -1 70 3107 70 5408
G: K 334 -1 70 5446 70 6808
G: K 335 -1 70 6811 71 482
G: K 336 -1 71 490 71 1144
G: K 337 -1 71 1131 71 1866
G: K 338 -1 71 2502 71 5043
G: K 339 -1 71 5032 71 5614
G: K 340 -1 71 5621 71 5846
G: K 341 1 71 5904 72 785
G: K 342 1 72 893 72 2180
G: K 498 1 72 2182 72 3472
G: K 343 1 72 3473 72 3881
G: K 344 -1 72 3867 73 2395
G: K 345 -1 73 2572 73 3601
G: K 497 -1 73 4059 73 4836
G: K 346 -1 74 428 74 4334
G: K 347 -1 74 4343 75 2934
G: K 348 -1 75 3023 75 3527
G: K 349 -1 75 3605 75 4652
G: K 350 -1 75 4655 75 5486
G: K 351 -1 75 5496 76 943
G: K 352 1 76 986 76 1508
G: K 353 1 76 1492 76 2119
G: K 354 -1 76 2270 76 3239
G: K 355 1 76 3649 76 4876
G: K 356 1 76 4875 76 5817
G: K 357 -1 76 6034 77 448
G: K 358 1 77 495 77 1065
G: K 359 1 77 1067 77 1577
G: K 360 -1 77 1573 77 1909
G: K 361 1 77 2057 77 2489
G: K 362 -1 77 2491 77 4648
G: K 363 -1 77 4801 78 57
G: K 364 -1 78 69 78 1302
G: K 365 1 78 2109 78 2739
G: K 366 1 78 2713 78 3646
G: K 367 -1 78 3632 78 4904
G: K 368 1 78 5023 78 5521
G: K 369 1 78 5543 78 5912
G: K 370 1 78 5914 78 6085
G: K 371 -1 78 6099 79 47
G: K 372 1 79 110 79 785
G: K 373 1 79 777 79 1719
G: K 374 1 79 1720 79 3760
G: K 375 -1 79 3783 79 4590
G: K 376 -1 79 4579 79 5572
G: K 377 -1 79 5571 80 1407
G: K 378 -1 80 1475 80 2465
G: K 379 -1 80 2451 80 3456
G: K 380 -1 80 3448 80 4639
G: K 381 -1 80 4625 80 5477
G: K 382 -1 80 5477 80 6326
G: K 383 -1 80 6315 81 1677
G: K 384 -1 81 1676 81 2000
G: K 385 -1 81 2005 81 2596
G: K 386 -1 81 2642 81 4298
G: K 387 1 81 4326 81 6180
G: K 388 1 81 6172 82 272
G: K 389 1 82 264 82 918
G: K 390 1 82 1382 82 2033
G: K 391 -1 82 2029 82 2785
G: K 392 -1 82 2777 82 4079
G: K 393 -1 82 4078 82 4528
G: K 394 -1 82 4698 82 5415
G: K 395 -1 82 5417 83 3941
G: K 719 1 83 4226 83 5738
G: K 396 -1 83 5739 84 513
G: K 397 -1 84 500 84 968
G: K 398 -1 84 951 84 1329
G: K 399 -1 84 1332 84 3360
G: K 578 -1 84 3466 84 3715
G: K 400 -1 84 3716 84 5045
G: K 401 -1 84 5061 85 885
G: K 402 -1 85 897 85 1233
G: K 403 -1 85 1358 85 2582
G: K 404 -1 85 2591 85 4163
G: K 405 -1 85 4533 85 4998
G: K 406 -1 85 4998 86 1272
G: K 407 -1 86 1273 86 1684
G: K 408 -1 86 1685 86 3119
G: K 409 -1 86 3120 86 3978
G: K 410 -1 86 3977 87 66
G: K 411 -1 87 81 87 621
G: K 412 -1 87 607 87 1273
G: K 413 -1 87 1275 87 1596
G: K 414 -1 87 1598 87 2492
G: K 415 -1 87 2454 87 2919
G: K 416 -1 87 2924 87 4331
G: K 417 1 87 4397 87 4871
G: K 418 -1 87 4867 87 5539
G: K 419 -1 87 5541 88 955
G: K 420 -1 88 936 88 2940
G: K 421 -1 88 2939 88 4115
G: K 422 -1 88 4235 89 1759
G: K 423 -1 89 1823 89 3842
G: K 424 -1 89 3897 89 4296
G: K 425 -1 89 4301 89 4739
G: K 426 -1 89 4776 90 1579
G: K 496 -1 90 1583 90 1826
G: K 427 -1 90 1827 90 4728
G: K 428 -1 90 4699 91 1201
G: K 429 -1 91 1238 91 2933
G: K 430 -1 91 2935 91 3205
G: K 431 1 91 3393 91 4761
G: K 432 1 91 4783 91 4984
G: K 433 1 91 5019 92 48
G: K 434 1 92 158 92 677
G: K 435 -1 92 673 92 2428
G: K 436 -1 92 2431 92 4024
G: K 437 -1 92 4016 92 4754
G: K 438 -1 92 4813 93 457
G: K 439 1 93 542 93 1439
G: K 440 1 93 1419 93 2172
G: K 441 1 93 2171 93 2732
G: K 442 1 93 2732 93 3935
G: K 443 1 93 3954 93 5106
G: K 444 -1 93 5510 94 819
G: K 445 -1 94 818 94 1634
G: K 446 -1 94 1776 94 2193
G: K 447 -1 94 2363 94 3176
G: K 448 -1 94 3147 94 4374
G: K 449 -1 94 4389 94 4749
G: K 450 -1 94 4732 95 48
G: K 451 -1 95 47 95 335
G: K 452 -1 95 945 95 2628
G: K 453 -1 95 2628 95 3099
G: K 454 -1 95 3757 95 4645
G: K 455 -1 95 4644 95 5835
G: K 456 1 95 5887 96 787
G: K 457 1 96 768 96 1662
G: K 458 -1 96 1651 96 2128
G: K 459 1 96 2114 96 3305
G: K 460 -1 96 3294 96 4317
G: K 461 -1 96 4869 97 452
G: K 462 -1 97 629 97 1157
G: K 463 -1 97 1158 97 1686
G: K 464 1 97 1858 97 2815
G: K 465 -1 97 2811 97 4107
G: K 466 -1 97 4087 97 5542
G: K 467 -1 97 5528 98 203
G: K 468 -1 98 195 98 1374
G: K 469 -1 98 1348 98 1738
G: K 470 -1 98 1703 98 1847
G: K 471 -1 98 1872 98 2820
G: K 472 -1 98 2823 99 2324
G: K 473 -1 99 2329 99 3211
G: K 474 -1 99 3273 99 4605
G: K 475 -1 99 5247 99 6084
