The input genome is 601979 bp long, 601979 will be kept.
min distance 0
----------------------------------------
fragments: id start end
F: 0 0 5368
F: 1 5368 12417
F: 2 12417 18819
F: 3 18819 25258
F: 4 25258 31360
F: 5 31360 38254
F: 6 38254 43450
F: 7 43450 49065
F: 8 49065 54721
F: 9 54721 60060
F: 10 60060 67419
F: 11 67419 72563
F: 12 72563 78390
F: 13 78390 84204
F: 14 84204 91020
F: 15 91020 97113
F: 16 97113 104224
F: 17 104224 109327
F: 18 109327 115652
F: 19 115652 121803
F: 20 121803 127340
F: 21 127340 132733
F: 22 132733 138422
F: 23 138422 144511
F: 24 144511 149575
F: 25 149575 155298
F: 26 155298 160058
F: 27 160058 165051
F: 28 165051 172409
F: 29 172409 179491
F: 30 179491 185545
F: 31 185545 191769
F: 32 191769 197573
F: 33 197573 203247
F: 34 203247 209423
F: 35 209423 215726
F: 36 215726 222067
F: 37 222067 228846
F: 38 228846 234118
F: 39 234118 239125
F: 40 239125 246339
F: 41 246339 252294
F: 42 252294 258524
F: 43 258524 264970
F: 44 264970 270986
F: 45 270986 277002
F: 46 277002 283322
F: 47 283322 289796
F: 48 289796 295874
F: 49 295874 302154
F: 50 302154 307767
F: 51 307767 314298
F: 52 314298 320988
F: 53 320988 327080
F: 54 327080 332891
F: 55 332891 338660
F: 56 338660 346004
F: 57 346004 350709
F: 58 350709 356399
F: 59 356399 362535
F: 60 362535 367383
F: 61 367383 374523
F: 62 374523 381945
F: 63 381945 388196
F: 64 388196 394331
F: 65 394331 399999
F: 66 399999 405070
F: 67 405070 410062
F: 68 410062 415557
F: 69 415557 422365
F: 70 422365 429360
F: 71 429360 435545
F: 72 435545 440869
F: 73 440869 447286
F: 74 447286 452955
F: 75 452955 460202
F: 76 460202 466472
F: 77 466472 472065
F: 78 472065 478390
F: 79 478390 484376
F: 80 484376 490807
F: 81 490807 497293
F: 82 497293 503764
F: 83 503764 509881
F: 84 509881 515734
F: 85 515734 521167
F: 86 521167 526656
F: 87 526656 532273
F: 88 532273 537950
F: 89 537950 542974
F: 90 542974 549089
F: 91 549089 554498
F: 92 554498 560113
F: 93 560113 565755
F: 94 565755 571153
F: 95 571153 577048
F: 96 577048 583673
F: 97 583673 589799
F: 98 589799 595852
F: 99 595852 601979
----------------------------------------
genes: [Kept,Partial,Discared] locus strand fragment1 start_pos fragment2 end_pos 
G: K 0 1 0 685 0 1846
G: K 1 1 0 1845 0 2787
G: K 2 1 0 2871 0 4866
G: K 3 1 0 4880 1 2008
G: K 4 1 1 1979 1 3254
G: K 5 1 1 3257 1 3893
G: K 6 1 1 3865 1 4651
G: K 7 1 1 4653 1 6030
G: K 8 1 1 6029 1 6833
G: K 9 1 1 6861 2 487
G: K 10 -1 2 457 2 1330
G: K 11 -1 2 1334 2 2210
G: K 12 -1 2 2169 2 2997
G: K 13 1 2 3335 2 5270
G: K 14 1 2 5316 3 684
G: K 15 1 3 693 3 3819
G: K 16 1 3 3860 3 5072
G: K 17 1 3 5052 3 6012
G: K 18 1 3 6011 4 1195
G: K 19 1 4 1224 4 1686
G: K 20 1 4 1691 4 2564
G: K 21 1 4 2564 4 3674
G: K 22 1 4 3876 4 4773
G: K 23 1 4 4776 4 5340
G: K 24 1 4 5317 4 5785
G: K 25 1 4 5784 5 315
G: K 26 -1 5 304 5 865
G: K 27 -1 5 866 5 1493
G: K 28 -1 5 1526 5 5975
G: K 29 1 5 6237 6 1398
G: K 30 1 6 1547 6 2342
G: K 31 -1 6 2304 6 2964
G: K 32 1 6 2992 6 4258
G: K 33 1 6 4247 7 725
G: K 34 1 7 691 7 2038
G: K 35 -1 7 2034 7 3576
G: K 36 -1 7 3566 7 4727
G: K 37 1 7 4885 8 1055
G: K 38 1 8 1075 8 1345
G: K 39 1 8 1542 8 3231
G: K 40 1 8 3235 8 4096
G: K 41 1 8 4073 8 4967
G: K 42 1 8 4942 9 762
G: K 43 1 9 763 9 1717
G: K 44 1 9 1700 9 2867
G: K 45 -1 9 3096 9 4446
G: K 46 1 9 4498 9 5233
G: K 47 1 9 5236 10 566
G: K 48 1 10 552 10 1884
G: K 49 1 10 1892 10 2291
G: K 50 1 10 2290 10 3961
G: K 51 -1 10 3937 10 4876
G: K 52 -1 10 4879 10 5260
G: K 53 -1 10 5266 10 5410
G: K 54 -1 10 5423 10 5807
G: K 55 -1 10 5790 10 6651
G: K 56 -1 10 6635 10 7184
G: K 57 -1 10 7156 11 823
G: K 58 -1 11 803 11 1250
G: K 59 1 11 1256 11 2150
G: K 60 -1 11 2128 11 3880
G: K 61 1 11 4184 12 1125
G: K 62 1 12 1075 12 2020
G: K 813 1 12 2274 12 3324
G: K 63 1 12 3325 13 1539
G: K 64 1 13 1538 13 2954
G: K 65 1 13 2957 13 4916
G: K 66 1 13 4926 14 687
G: K 67 1 14 710 14 2183
G: K 695 -1 14 4135 14 4435
G: K 68 1 14 6666 15 2643
G: K 69 1 15 2753 15 3632
G: K 70 1 15 3636 16 174
G: K 71 1 16 160 16 2581
G: K 72 1 16 2558 16 4559
G: K 73 1 16 4561 16 4990
G: K 74 1 16 5053 17 1017
G: K 75 -1 17 1013 17 1421
G: K 76 1 17 1654 17 2905
G: K 77 1 17 2897 17 4031
G: K 78 1 17 4029 18 162
G: K 79 1 18 161 18 2741
G: K 80 1 18 2796 18 3231
G: K 82 1 18 3231 18 3801
G: K 83 1 18 3793 18 4699
G: K 84 1 18 4699 18 5650
G: K 85 1 18 5642 19 463
G: K 86 1 19 491 19 923
G: K 87 1 19 939 19 1401
G: K 88 1 19 1410 19 3513
G: K 89 1 19 3564 19 4206
G: K 90 1 19 4206 19 4698
G: K 91 1 19 4681 19 5008
G: K 92 1 19 5010 19 5475
G: K 93 1 19 5458 20 750
G: K 94 1 20 753 20 1956
G: K 95 1 20 2139 20 4146
G: K 96 1 20 4202 20 4961
G: K 97 1 20 5060 21 981
G: K 98 1 21 983 21 2420
G: K 99 1 21 2412 21 3861
G: K 100 1 21 3835 21 4504
G: K 101 1 21 4496 22 66
G: K 102 1 22 55 22 919
G: K 103 1 22 940 22 1171
G: K 104 1 22 1173 22 3381
G: K 105 1 22 3388 22 4030
G: K 106 -1 22 3998 22 4598
G: K 107 1 22 4638 22 5229
G: K 108 1 22 5228 23 361
G: K 109 1 23 345 23 1539
G: K 110 1 23 1522 23 2377
G: K 111 1 23 2391 23 3699
G: K 112 1 23 3688 23 4315
G: K 113 1 23 4328 23 5729
G: K 114 1 23 5661 24 286
G: K 115 1 24 310 24 793
G: K 116 1 24 801 24 1560
G: K 117 1 24 1549 24 2209
G: K 118 1 24 2192 24 3221
G: K 119 1 24 3235 24 4990
G: K 120 1 24 4996 25 1519
G: K 121 1 25 1521 25 2442
G: K 122 1 25 2481 25 4641
G: K 123 1 25 4618 26 317
G: K 124 1 26 363 26 681
G: K 125 1 26 686 26 1556
G: K 126 -1 26 1536 26 2568
G: K 127 1 26 2603 26 3041
G: K 128 1 26 3048 26 3831
G: K 129 1 26 3830 26 4193
G: K 130 1 26 4182 27 892
G: K 131 -1 27 1452 27 1890
G: K 132 -1 27 1864 27 2680
G: K 133 1 27 2699 27 2996
G: K 134 -1 27 2967 27 3822
G: K 487 -1 27 3869 28 199
G: K 135 1 28 200 28 1682
G: K 136 1 28 1617 28 2844
G: K 137 1 28 2843 28 4667
G: K 138 1 28 4750 28 6481
G: K 139 1 30 665 30 4052
G: K 140 1 30 4056 30 5670
G: K 141 1 30 5669 30 5945
G: K 142 1 30 5928 31 1794
G: K 143 1 31 1780 31 2116
G: K 144 1 31 2140 31 2974
G: K 145 1 31 2973 31 3783
G: K 146 1 31 3795 31 5112
G: K 147 1 31 5095 32 23
G: K 148 1 32 61 32 1291
G: K 149 1 32 1366 32 2209
G: K 150 1 32 2248 32 2719
G: K 151 1 32 2808 32 3129
G: K 152 1 32 3132 32 3918
G: K 153 1 32 3917 32 4553
G: K 154 1 32 4556 32 4880
G: K 155 1 32 4879 32 5743
G: K 156 1 32 5742 33 214
G: K 157 1 33 216 33 663
G: K 158 1 33 665 33 1472
G: K 159 1 33 1477 33 1912
G: K 160 1 33 1911 33 2517
G: K 161 1 33 2516 33 2774
G: K 162 1 33 2777 33 3146
G: K 163 1 33 3145 33 3478
G: K 164 1 33 3483 33 4041
G: K 165 1 33 4043 33 4238
G: K 166 1 33 4228 33 4672
G: K 167 1 33 4678 33 5248
G: K 168 1 33 5249 33 5603
G: K 169 1 33 5607 34 584
G: K 170 1 34 589 34 1039
G: K 171 1 34 1038 34 2493
G: K 172 1 34 2486 34 3125
G: K 173 1 34 3127 34 3862
G: K 174 1 34 3861 34 4071
G: K 175 1 34 4081 34 4195
G: K 176 1 34 4194 34 4575
G: K 177 1 34 4574 34 4943
G: K 178 1 34 4958 34 5957
G: K 179 1 34 5969 35 165
G: K 180 1 35 151 35 988
G: K 181 1 35 972 35 1905
G: K 182 1 35 1897 35 3190
G: K 183 1 35 3182 35 3917
G: K 184 1 35 3906 35 5745
G: K 185 1 35 5745 36 384
G: K 186 1 36 483 36 2646
G: K 187 1 36 5112 36 5877
G: K 188 1 36 5869 37 1310
G: K 189 1 37 1312 37 2308
G: K 190 1 37 2282 37 3272
G: K 191 1 37 3440 37 4406
G: K 192 1 37 4412 38 2037
G: K 193 1 38 2038 38 5233
G: K 194 1 39 2902 39 3943
G: K 195 1 39 3946 40 1411
G: K 196 1 40 1469 40 2015
G: K 197 1 40 2017 40 2200
G: K 198 1 40 2202 40 2589
G: K 199 1 40 3314 40 5126
G: K 200 1 40 5137 40 5803
G: K 201 1 40 5812 40 6199
G: K 484 1 40 6325 40 7156
G: K 202 1 40 7157 41 1869
G: K 203 1 41 1868 41 4226
G: K 204 -1 41 4222 41 5275
G: K 205 1 41 5310 42 1173
G: K 206 1 42 1156 42 1672
G: K 207 -1 42 1661 42 2252
G: K 208 -1 42 2238 42 3162
G: K 209 -1 42 3161 42 3713
G: K 210 1 42 3913 42 4573
G: K 211 1 42 4572 42 4770
G: K 558 -1 42 4770 42 5427
G: K 212 1 42 5428 42 5884
G: K 213 1 42 5886 43 34
G: K 214 1 43 17 43 839
G: K 215 1 43 831 43 2250
G: K 216 1 43 2233 43 2866
G: K 217 1 43 2884 43 3883
G: K 561 -1 43 3884 43 4166
G: K 218 1 43 4167 43 5730
G: K 219 1 44 203 44 1331
G: K 220 1 44 1348 45 819
G: K 221 1 45 821 45 1886
G: K 222 1 45 1845 45 2292
G: K 223 -1 45 2323 45 2602
G: K 224 1 45 2911 45 3340
G: K 225 1 45 3329 45 4301
G: K 226 1 45 4302 45 5568
G: K 227 1 45 5570 46 673
G: K 228 1 46 718 46 2188
G: K 229 1 46 2153 46 3677
G: K 230 1 46 4148 46 5012
G: K 231 1 46 5011 46 5488
G: K 232 1 46 5493 47 187
G: K 233 1 47 190 47 661
G: K 234 1 47 679 47 2926
G: K 235 1 47 3018 47 3321
G: K 236 1 47 3313 47 3628
G: K 237 1 47 3620 47 3941
G: K 238 1 47 3930 47 4818
G: K 239 1 47 4807 47 5236
G: K 240 1 47 5228 47 6125
G: K 241 1 47 6154 48 1030
G: K 242 1 48 1098 48 3543
G: K 243 -1 48 3539 48 4592
G: K 244 1 48 4644 49 441
G: K 245 1 49 446 49 2363
G: K 246 1 49 3051 49 5205
G: K 247 1 49 5207 49 5723
G: K 248 1 49 5718 50 302
G: K 249 -1 50 285 50 1017
G: K 250 -1 50 1003 50 1657
G: K 251 -1 50 1637 50 3152
G: K 252 -1 50 3196 50 5014
G: K 253 -1 50 5003 51 734
G: K 254 -1 51 753 51 1494
G: K 255 -1 51 1496 51 2813
G: K 256 -1 51 2817 51 4839
G: K 257 1 51 5014 51 6136
G: K 258 1 51 6239 52 149
G: K 259 1 52 315 52 1086
G: K 260 1 52 1131 52 1431
G: K 262 1 52 1431 52 2850
G: K 263 1 52 2980 52 5332
G: K 698 -1 53 1533 53 2319
G: K 264 1 53 2320 53 4984
G: K 265 1 53 4990 53 5899
G: K 266 1 53 5898 54 661
G: K 488 -1 54 775 54 1411
G: K 267 1 54 1412 54 2300
G: K 268 1 54 2293 54 2905
G: K 269 -1 54 2837 54 3698
G: K 270 -1 54 3716 55 359
G: K 271 -1 55 359 55 707
G: K 272 -1 55 740 55 1436
G: K 273 -1 55 1586 55 2615
G: K 274 -1 55 2995 55 4048
G: K 275 -1 55 4058 55 5465
G: K 276 -1 55 5468 56 848
G: K 277 -1 56 1097 56 2099
G: K 278 -1 56 2116 56 3247
G: K 279 -1 56 3274 56 4744
G: K 280 -1 56 4826 56 5375
G: K 281 -1 56 5388 57 1020
G: K 282 1 57 1062 57 3261
G: K 283 -1 57 3257 57 3932
G: K 284 -1 57 3924 58 32
G: K 285 -1 58 92 58 1787
G: K 286 -1 58 2448 58 2943
G: K 287 1 58 3274 58 4771
G: K 288 1 58 4991 58 5390
G: K 289 1 58 5352 59 706
G: K 290 1 59 708 59 1320
G: K 291 1 59 1351 59 1603
G: K 292 1 60 353 60 1490
G: K 293 1 60 1479 60 2211
G: K 294 1 60 2194 60 3874
G: K 295 -1 60 3870 60 4302
G: K 296 -1 60 4301 61 2204
G: K 297 -1 61 2261 61 3005
G: K 298 -1 61 2997 61 4437
G: K 299 -1 61 4554 61 5670
G: K 300 -1 61 5672 61 6065
G: K 301 -1 61 6184 62 85
G: K 302 -1 62 91 62 3154
G: K 303 -1 62 3356 62 4355
G: K 304 -1 62 4372 62 5608
G: K 305 -1 62 5609 62 6629
G: K 306 -1 62 6659 63 191
G: K 307 -1 63 169 63 1240
G: K 308 -1 63 1221 63 2073
G: K 815 -1 63 2197 63 2995
G: K 309 -1 63 2996 63 4790
G: K 310 -1 63 4877 63 6065
G: K 311 -1 63 6064 64 3431
G: K 312 -1 64 3412 64 4657
G: K 313 -1 64 4663 65 2206
G: K 314 1 65 2259 65 3066
G: K 315 -1 65 3072 65 3690
G: K 694 -1 65 3711 65 4662
G: K 316 -1 65 4663 66 2448
G: K 317 -1 66 2507 66 3389
G: K 318 -1 66 3433 66 4789
G: K 812 1 66 4811 66 4910
G: K 319 -1 66 4911 67 755
G: K 320 -1 67 663 67 1806
G: K 321 -1 67 1846 67 3697
G: K 322 -1 67 3711 67 4554
G: K 323 -1 67 4570 68 139
G: K 324 -1 68 242 68 1103
G: K 325 -1 68 1423 68 4300
G: K 326 -1 68 5099 69 1332
G: K 327 1 69 1388 69 2087
G: K 328 -1 69 2922 69 3732
G: K 329 -1 69 3679 69 4759
G: K 330 -1 69 4758 69 4917
G: K 331 -1 69 4933 69 5821
G: K 332 -1 69 5833 69 6670
G: K 333 -1 69 6653 70 2152
G: K 334 -1 70 2190 70 3549
G: K 335 -1 70 3552 70 4254
G: K 336 -1 70 4262 70 4895
G: K 337 -1 70 4882 70 5599
G: K 338 -1 70 6238 71 1775
G: K 339 -1 71 1764 71 2346
G: K 340 -1 71 2353 71 2584
G: K 341 1 71 2642 71 3686
G: K 342 1 71 3794 71 5054
G: K 343 1 71 5057 71 5483
G: K 344 -1 71 5466 72 3166
G: K 345 -1 72 3343 72 4384
G: K 811 1 72 4504 72 5020
G: K 346 -1 73 2043 73 6021
G: K 347 -1 73 6030 74 3804
G: K 348 -1 74 3893 74 4403
G: K 349 -1 74 4481 74 5537
G: K 350 -1 74 5540 75 717
G: K 351 -1 75 727 75 3439
G: K 352 1 75 3482 75 4016
G: K 353 1 75 4006 75 4627
G: K 354 -1 75 4778 75 5759
G: K 355 1 75 6169 76 146
G: K 356 1 76 145 76 1120
G: K 560 -1 76 1249 76 2308
G: K 357 -1 76 2396 76 3080
G: K 358 1 76 3127 76 3688
G: K 359 1 76 3690 76 4197
G: K 360 -1 76 4193 76 4526
G: K 361 1 76 4674 76 5097
G: K 362 -1 76 5099 77 1025
G: K 363 -1 77 1181 77 2045
G: K 364 -1 77 2057 77 3254
G: K 365 1 77 4061 77 4694
G: K 366 1 77 4665 77 5592
G: K 367 -1 77 5581 78 1221
G: K 368 1 78 1340 78 1832
G: K 369 1 78 1857 78 2229
G: K 370 1 78 2231 78 2402
G: K 371 -1 78 2416 78 2695
G: K 372 1 78 2758 78 3454
G: K 373 1 78 3446 78 4376
G: K 374 1 78 4377 79 50
G: K 696 1 79 72 79 1086
G: K 375 -1 79 1087 79 1879
G: K 376 -1 79 1868 79 2864
G: K 377 -1 79 2863 79 4561
G: K 814 1 79 4628 79 4766
G: K 378 -1 79 4767 79 5757
G: K 379 -1 79 5743 80 726
G: K 380 -1 80 718 80 1888
G: K 381 -1 80 1874 80 2726
G: K 382 -1 80 2726 80 3587
G: K 383 -1 80 3579 80 5277
G: K 384 -1 80 5276 80 5591
G: K 385 -1 80 5596 80 6193
G: K 386 -1 80 6239 81 1440
G: K 387 1 81 1468 81 3331
G: K 388 1 81 3323 81 3920
G: K 389 1 81 3915 81 4581
G: K 390 1 81 5045 81 5696
G: K 391 -1 81 5692 81 6460
G: K 392 -1 81 6452 82 1271
G: K 393 -1 82 1270 82 1726
G: K 394 -1 82 1896 82 2631
G: K 395 -1 82 2633 83 1013
G: K 396 -1 83 1299 83 2175
G: K 397 -1 83 2159 83 2630
G: K 398 -1 83 2613 83 2997
G: K 399 -1 83 3000 83 5007
G: K 400 -1 83 5114 84 356
G: K 401 -1 84 372 84 2004
G: K 402 -1 84 2016 84 2355
G: K 403 -1 84 2480 84 3719
G: K 404 -1 84 3728 84 5327
G: K 486 1 84 5696 85 1157
G: K 405 -1 85 1158 85 1635
G: K 406 -1 85 1635 85 3387
G: K 407 -1 85 3388 85 3787
G: K 408 -1 85 3791 85 5234
G: K 409 -1 85 5235 86 660
G: K 410 -1 86 659 86 2216
G: K 411 -1 86 2231 86 2771
G: K 412 -1 86 2766 86 3393
G: K 413 -1 86 3395 86 3710
G: K 414 -1 86 3712 86 4597
G: K 415 -1 86 4559 86 5045
G: K 416 -1 86 5050 87 935
G: K 417 1 87 1001 87 1481
G: K 418 -1 87 1477 87 2176
G: K 419 -1 87 2178 87 3192
G: K 420 -1 87 3176 87 5198
G: K 421 -1 87 5197 88 732
G: K 422 -1 88 852 88 3978
G: K 423 -1 88 4042 89 387
G: K 424 -1 89 442 89 841
G: K 425 -1 89 846 89 1284
G: K 426 -1 89 1321 89 3121
G: K 697 -1 89 3125 89 3599
G: K 427 -1 89 3600 90 1507
G: K 428 -1 90 1472 90 4037
G: K 429 -1 90 4074 90 5790
G: K 430 -1 90 5792 90 6053
G: K 431 1 91 126 91 1518
G: K 432 1 91 1540 91 1732
G: K 433 1 91 1767 91 2193
G: K 434 1 91 2303 91 2819
G: K 435 -1 91 2815 91 4561
G: K 436 -1 91 4564 92 670
G: K 437 -1 92 665 92 1421
G: K 438 -1 92 1480 92 2716
G: K 439 1 92 2801 92 3719
G: K 440 1 92 3699 92 4446
G: K 441 1 92 4445 92 5006
G: K 442 1 92 5006 93 588
G: K 443 1 93 607 93 1774
G: K 444 -1 93 2178 93 3027
G: K 445 -1 93 3026 93 3833
G: K 446 -1 93 3975 93 4407
G: K 447 -1 93 4577 93 5402
G: K 448 -1 93 5370 94 919
G: K 449 -1 94 934 94 1297
G: K 450 -1 94 1280 94 1997
G: K 451 -1 94 1996 94 2287
G: K 452 -1 94 2897 94 4562
G: K 453 -1 94 4562 94 5027
G: K 454 -1 95 287 95 1181
G: K 455 -1 95 1180 95 2374
G: K 557 1 95 2425 95 3445
G: K 456 1 95 3446 95 4238
G: K 457 1 95 4222 95 5113
G: K 458 -1 95 5102 95 5585
G: K 459 1 95 5568 96 870
G: K 460 -1 96 859 96 1885
G: K 461 -1 96 2437 96 4552
G: K 462 -1 96 4729 96 5257
G: K 463 -1 96 5258 96 5765
G: K 464 1 96 5937 97 296
G: K 465 -1 97 292 97 1597
G: K 466 -1 97 1577 97 3056
G: K 467 -1 97 3042 97 3834
G: K 468 -1 97 3826 97 5023
G: K 469 -1 97 4994 97 5384
G: K 470 -1 97 5352 97 5499
G: K 485 -1 97 5523 98 1008
G: K 471 -1 98 1009 98 1963
G: K 559 -1 98 1965 98 2892
G: K 472 -1 98 2893 99 2363
G: K 473 -1 99 2368 99 3241
G: K 474 -1 99 3303 99 4626
G: K 475 -1 99 5268 99 6081
