The input genome is 615865 bp long, 615865 will be kept.
min distance 0
----------------------------------------
fragments: id start end
F: 0 0 5368
F: 1 5368 12577
F: 2 12577 19076
F: 3 19076 25627
F: 4 25627 31790
F: 5 31790 38769
F: 6 38769 43967
F: 7 43967 49653
F: 8 49653 55391
F: 9 55391 60934
F: 10 60934 68508
F: 11 68508 73692
F: 12 73692 79676
F: 13 79676 85900
F: 14 85900 92940
F: 15 92940 99175
F: 16 99175 106331
F: 17 106331 111514
F: 18 111514 117978
F: 19 117978 124235
F: 20 124235 129934
F: 21 129934 135353
F: 22 135353 141122
F: 23 141122 147445
F: 24 147445 152719
F: 25 152719 158442
F: 26 158442 163309
F: 27 163309 168492
F: 28 168492 176166
F: 29 176166 183434
F: 30 183434 189531
F: 31 189531 195756
F: 32 195756 201618
F: 33 201618 207344
F: 34 207344 213663
F: 35 213663 220172
F: 36 220172 226834
F: 37 226834 233639
F: 38 233639 239156
F: 39 239156 244167
F: 40 244167 251499
F: 41 251499 257629
F: 42 257629 263859
F: 43 263859 270459
F: 44 270459 276579
F: 45 276579 282936
F: 46 282936 289343
F: 47 289343 295838
F: 48 295838 301916
F: 49 301916 308362
F: 50 308362 314047
F: 51 314047 320724
F: 52 320724 327829
F: 53 327829 333964
F: 54 333964 340002
F: 55 340002 345986
F: 56 345986 353654
F: 57 353654 358413
F: 58 358413 364231
F: 59 364231 370444
F: 60 370444 375423
F: 61 375423 382706
F: 62 382706 390223
F: 63 390223 396565
F: 64 396565 402792
F: 65 402792 408461
F: 66 408461 413740
F: 67 413740 418936
F: 68 418936 424560
F: 69 424560 431876
F: 70 431876 439021
F: 71 439021 445269
F: 72 445269 450622
F: 73 450622 457419
F: 74 457419 463088
F: 75 463088 470520
F: 76 470520 476973
F: 77 476973 482648
F: 78 482648 489106
F: 79 489106 495372
F: 80 495372 502025
F: 81 502025 508670
F: 82 508670 515328
F: 83 515328 521552
F: 84 521552 527780
F: 85 527780 533304
F: 86 533304 538890
F: 87 538890 544507
F: 88 544507 550439
F: 89 550439 555573
F: 90 555573 561706
F: 91 561706 567122
F: 92 567122 572918
F: 93 572918 578560
F: 94 578560 584066
F: 95 584066 590281
F: 96 590281 597029
F: 97 597029 603369
F: 98 603369 609613
F: 99 609613 615865
----------------------------------------
genes: [Kept,Partial,Discared] locus strand fragment1 start_pos fragment2 end_pos 
G: K 0 1 0 685 0 1834
G: K 1 1 0 1833 0 2787
G: K 2 1 0 2871 0 4854
G: K 3 1 0 4868 1 2071
G: K 4 1 1 2039 1 3311
G: K 5 1 1 3314 1 3965
G: K 6 1 1 3937 1 4708
G: K 783 -1 1 4709 1 6260
G: K 7 1 1 6261 2 390
G: K 8 1 2 389 2 1190
G: K 9 1 2 1218 2 1875
G: K 11 -1 2 1879 2 2776
G: K 12 -1 2 2729 2 3569
G: K 13 1 2 3907 2 5791
G: K 14 1 2 5837 3 1129
G: K 15 1 3 1138 3 4315
G: K 16 1 3 4356 3 5547
G: K 17 1 3 5527 3 6460
G: K 18 1 3 6459 4 1459
G: K 19 1 4 1488 4 1959
G: K 20 1 4 1964 4 2849
G: K 21 1 4 2849 4 3998
G: K 22 1 4 4200 4 5097
G: K 23 1 4 5100 4 5685
G: K 24 1 4 5659 4 6115
G: K 25 1 4 6114 5 566
G: K 26 -1 5 555 5 1140
G: K 27 -1 5 1141 5 1771
G: K 28 -1 5 1804 5 6235
G: K 29 1 5 6497 6 1591
G: K 30 1 6 1740 6 2538
G: K 31 -1 6 2503 6 3160
G: K 480 -1 6 3187 6 3790
G: K 884 -1 6 3790 6 4777
G: K 32 1 6 4778 7 852
G: K 33 1 7 841 7 2530
G: K 34 1 7 2496 7 3918
G: K 35 -1 7 3914 7 5474
G: K 36 -1 7 5464 8 942
G: K 37 1 8 1100 8 2957
G: K 38 1 8 2977 8 3256
G: K 39 1 8 3453 8 5154
G: K 40 1 8 5158 9 278
G: K 41 1 9 261 9 1125
G: K 42 1 9 1109 9 2588
G: K 43 1 9 2589 9 3543
G: K 44 1 9 3529 9 4753
G: K 45 -1 9 4982 10 771
G: K 46 1 10 823 10 1567
G: K 47 1 10 1570 10 2263
G: K 48 1 10 2249 10 3566
G: K 49 1 10 3574 10 3979
G: K 50 1 10 3978 10 5694
G: K 51 -1 10 5670 10 6651
G: K 52 -1 10 6654 10 7023
G: K 53 -1 10 7029 10 7170
G: K 54 -1 10 7183 10 7567
G: K 55 -1 10 7556 11 822
G: K 56 -1 11 803 11 1349
G: K 57 -1 11 1327 11 2341
G: K 58 -1 11 2321 11 2792
G: K 59 1 11 2798 11 3692
G: K 60 -1 11 3670 12 193
G: K 546 1 12 496 12 859
G: K 61 1 12 860 12 2951
G: K 62 1 12 2904 12 3843
G: K 63 1 12 4098 13 2164
G: K 64 1 13 2163 13 3579
G: K 65 1 13 3582 13 5568
G: K 66 1 13 5578 14 965
G: K 67 1 14 988 14 2434
G: K 68 1 14 6617 15 2382
G: K 69 1 15 2492 15 3374
G: K 70 1 15 3378 15 6078
G: K 71 1 15 6064 16 2364
G: K 72 1 16 2341 16 4348
G: K 73 1 16 4350 16 4794
G: K 74 1 16 4857 17 854
G: K 75 -1 17 844 17 1279
G: K 76 1 17 1512 17 2778
G: K 77 1 17 2770 17 3919
G: K 78 1 17 3920 17 5156
G: K 79 1 17 5155 18 2609
G: K 80 1 18 2664 18 3090
G: K 81 1 18 3089 18 3770
G: K 82 1 18 3769 18 4345
G: K 83 1 18 4337 18 5258
G: K 84 1 18 5258 18 6221
G: K 85 1 18 6210 19 937
G: K 886 1 19 964 19 1840
G: K 86 1 19 1841 19 2276
G: K 87 1 19 2292 19 2805
G: K 88 1 19 2814 19 4914
G: K 943 1 19 4964 20 72
G: K 89 1 20 73 20 721
G: K 90 1 20 721 20 1213
G: K 91 1 20 1202 20 1523
G: K 92 1 20 1525 20 1987
G: K 93 1 20 1970 20 3407
G: K 94 1 20 3410 20 4640
G: K 95 1 20 4823 21 1098
G: K 96 1 21 1154 21 1889
G: K 97 1 21 1988 21 3503
G: K 98 1 21 3505 21 5053
G: K 99 1 21 5042 22 1105
G: K 100 1 22 1076 22 1772
G: K 101 1 22 1764 22 2736
G: K 102 1 22 2725 22 3571
G: K 103 1 22 3592 22 3835
G: K 104 1 22 3837 23 315
G: K 105 1 23 322 23 934
G: K 106 -1 23 908 23 1487
G: K 482 -1 23 1526 23 2711
G: K 107 1 23 2712 23 3294
G: K 108 1 23 3293 23 4082
G: K 109 1 23 4063 23 5290
G: K 110 1 23 5276 23 6128
G: K 941 -1 23 6140 24 1296
G: K 545 -1 24 1297 24 1843
G: K 784 1 24 1843 24 2518
G: K 785 1 24 2518 24 4411
G: K 111 1 24 4412 25 485
G: K 112 1 25 474 25 1119
G: K 113 1 25 1132 25 2536
G: K 114 1 25 2468 25 3236
G: K 115 1 25 3260 25 3731
G: K 887 -1 25 3738 25 4713
G: K 116 1 25 4714 25 5491
G: K 117 1 25 5483 26 441
G: K 118 1 26 421 26 1459
G: K 119 1 26 1476 26 3213
G: K 120 1 26 3219 27 8
G: K 121 1 27 10 27 937
G: K 888 -1 27 975 27 1539
G: K 122 1 27 1540 27 3742
G: K 123 1 27 3719 28 15
G: K 124 1 28 61 28 370
G: K 125 1 28 375 28 1281
G: K 126 -1 28 1261 28 2356
G: K 127 1 28 2391 28 2826
G: K 128 1 28 2833 28 3646
G: K 129 1 28 3645 28 4008
G: K 130 1 28 3994 28 5512
G: K 131 -1 28 6072 28 6513
G: K 132 -1 28 6490 28 7297
G: K 133 1 28 7316 28 7625
G: K 134 -1 28 7590 29 813
G: K 885 -1 29 860 29 1775
G: K 135 1 29 1776 29 3270
G: K 136 1 29 3211 29 4447
G: K 137 1 29 4446 29 6303
G: K 138 1 29 6386 30 834
G: K 483 1 30 5973 31 719
G: K 139 1 31 4204 32 1348
G: K 675 1 32 1351 32 2245
G: K 140 1 32 2246 32 3926
G: K 141 1 32 3925 32 4192
G: K 142 1 32 4181 33 197
G: K 143 1 33 186 33 534
G: K 144 1 33 558 33 1422
G: K 145 1 33 1421 33 2258
G: K 146 1 33 2270 33 3599
G: K 147 1 33 3582 33 4773
G: K 148 1 33 4811 34 339
G: K 149 1 34 414 34 1272
G: K 150 1 34 1311 34 1800
G: K 151 1 34 1889 34 2213
G: K 152 1 34 2216 34 3005
G: K 153 1 34 3004 34 3664
G: K 547 -1 34 3666 34 4302
G: K 154 1 34 4303 34 4624
G: K 155 1 34 4623 34 5490
G: K 156 1 34 5489 34 5759
G: K 157 1 34 5761 34 6202
G: K 158 1 34 6204 35 689
G: K 159 1 35 694 35 1114
G: K 160 1 35 1113 35 1758
G: K 161 1 35 1751 35 2018
G: K 162 1 35 2021 35 2405
G: K 163 1 35 2404 35 2752
G: K 164 1 35 2757 35 3303
G: K 165 1 35 3305 35 3488
G: K 166 1 35 3481 35 3919
G: K 167 1 35 3925 35 4486
G: K 168 1 35 4487 35 4850
G: K 169 1 35 4854 35 5496
G: K 676 -1 35 5500 35 6430
G: K 170 1 35 6431 36 378
G: K 171 1 36 377 36 1844
G: K 172 1 36 1837 36 2509
G: K 173 1 36 2511 36 3306
G: K 174 1 36 3305 36 3524
G: K 175 1 36 3534 36 3648
G: K 176 1 36 3647 36 4043
G: K 177 1 36 4042 36 4414
G: K 178 1 36 4429 36 5416
G: K 786 -1 36 5427 37 16
G: K 179 1 37 17 37 386
G: K 180 1 37 372 37 1233
G: K 181 1 37 1217 37 2132
G: K 182 1 37 2124 37 3390
G: K 183 1 37 3382 37 4141
G: K 184 1 37 4130 37 5999
G: K 185 1 37 5999 38 178
G: K 186 1 38 277 38 2449
G: K 187 1 38 4915 39 163
G: K 188 1 39 155 39 1949
G: K 189 1 39 1951 39 2959
G: K 190 1 39 2927 39 3896
G: K 191 1 39 4064 40 16
G: K 481 1 40 21 40 1020
G: K 192 1 40 1021 40 5485
G: K 193 1 40 5486 41 1397
G: K 194 1 41 4338 41 5367
G: K 195 1 41 5370 42 1715
G: K 196 1 42 1773 42 2340
G: K 197 1 42 2342 42 2522
G: K 198 1 42 2524 42 2935
G: K 199 1 42 3660 42 5526
G: K 200 1 42 5537 42 6188
G: K 201 1 42 6197 43 339
G: K 202 1 43 466 43 2383
G: K 203 1 43 2382 43 4794
G: K 204 -1 43 4790 43 5834
G: K 945 1 43 5868 44 276
G: K 205 1 44 277 44 2137
G: K 206 1 44 2120 44 2633
G: K 207 -1 44 2625 44 3237
G: K 208 -1 44 3220 44 4168
G: K 209 -1 44 4167 44 4728
G: K 210 1 44 4928 44 5588
G: K 211 1 44 5587 44 5779
G: K 212 1 44 5780 45 107
G: K 213 1 45 109 45 472
G: K 214 1 45 464 45 1301
G: K 215 1 45 1293 45 2748
G: K 216 1 45 2725 45 3361
G: K 217 1 45 3379 45 4348
G: K 218 1 45 4350 45 5943
G: K 219 1 46 505 46 1627
G: K 220 1 46 1644 47 712
G: K 221 1 47 714 47 1797
G: K 222 1 47 1753 47 2227
G: K 223 -1 47 2258 47 2540
G: K 224 1 47 2849 47 3287
G: K 225 1 47 3273 47 4245
G: K 226 1 47 4246 47 5509
G: K 227 1 47 5511 48 171
G: K 228 1 48 216 48 1695
G: K 229 1 48 1660 48 3169
G: K 230 1 48 3640 48 4531
G: K 231 1 48 4530 48 5019
G: K 232 1 48 5024 49 14
G: K 233 1 49 17 49 476
G: K 234 1 49 494 49 2678
G: K 235 1 49 2770 49 3073
G: K 236 1 49 3065 49 3374
G: K 237 1 49 3366 49 3690
G: K 238 1 49 3682 49 4561
G: K 239 1 49 4547 49 4985
G: K 240 1 49 4974 49 5883
G: K 241 1 49 5912 50 801
G: K 242 1 50 869 50 3329
G: K 243 -1 50 3325 50 4414
G: K 548 -1 50 4465 50 5413
G: K 244 1 50 5414 51 1625
G: K 245 1 51 1630 51 3577
G: K 246 1 51 4265 51 6392
G: K 247 1 51 6394 52 215
G: K 248 1 52 207 52 1068
G: K 249 -1 52 1048 52 1816
G: K 250 -1 52 1802 52 2447
G: K 251 -1 52 2433 52 3921
G: K 252 -1 52 3965 52 5822
G: K 253 -1 52 5811 53 68
G: K 254 -1 53 87 53 840
G: K 255 -1 53 842 53 2162
G: K 256 -1 53 2166 53 4209
G: K 257 1 53 4384 53 5485
G: K 258 1 53 5588 53 6044
G: K 259 1 54 75 54 882
G: K 260 1 54 927 54 1233
G: K 261 1 54 1232 54 2315
G: K 262 1 54 2315 54 3728
G: K 263 1 54 3858 55 160
G: K 264 1 55 3052 55 5731
G: K 265 1 55 5737 56 650
G: K 266 1 56 649 56 1495
G: K 267 1 56 1610 56 2507
G: K 268 1 56 2497 56 3109
G: K 269 -1 56 3032 56 3884
G: K 270 -1 56 3902 56 6407
G: K 271 -1 56 6407 56 6755
G: K 272 -1 56 6788 56 7499
G: K 273 -1 56 7649 57 1025
G: K 274 -1 57 1405 57 2440
G: K 275 -1 57 2450 57 3872
G: K 276 -1 57 3875 58 283
G: K 277 -1 58 532 58 1558
G: K 278 -1 58 1575 58 2679
G: K 279 -1 58 2706 58 4170
G: K 280 -1 58 4252 58 4816
G: K 281 -1 58 4829 59 2008
G: K 782 -1 59 2049 59 2697
G: K 282 1 59 2698 59 4894
G: K 283 -1 59 4890 59 5559
G: K 284 -1 59 5551 60 148
G: K 285 -1 60 208 60 1885
G: K 286 -1 60 2546 60 3023
G: K 287 1 60 3354 60 4866
G: K 288 1 61 107 61 518
G: K 289 1 61 477 61 1509
G: K 290 1 61 1511 61 2114
G: K 291 1 61 2145 61 2397
G: K 672 1 61 6969 62 526
G: K 292 1 62 840 62 1950
G: K 293 1 62 1933 62 2704
G: K 294 1 62 2693 62 4379
G: K 295 -1 62 4375 62 4810
G: K 296 -1 62 4809 63 49
G: K 297 -1 63 106 63 856
G: K 298 -1 63 848 63 2264
G: K 299 -1 63 2381 63 3494
G: K 300 -1 63 3496 63 3889
G: K 301 -1 63 4008 63 5064
G: K 302 -1 63 5070 64 1785
G: K 303 -1 64 1987 64 2968
G: K 304 -1 64 2985 64 4224
G: K 305 -1 64 4225 64 5239
G: K 942 1 64 5268 65 334
G: K 306 -1 65 335 65 1313
G: K 307 -1 65 1288 65 2389
G: K 308 -1 65 2370 65 3207
G: K 309 -1 65 3332 65 5162
G: K 673 1 65 5248 66 26
G: K 310 -1 66 27 66 1221
G: K 311 -1 66 1220 66 4799
G: K 312 -1 66 4783 67 764
G: K 313 -1 67 770 67 4508
G: K 314 1 67 4561 68 208
G: K 315 -1 68 214 68 844
G: K 316 -1 68 866 68 4349
G: K 317 -1 68 4408 68 5311
G: K 318 -1 68 5355 69 1105
G: K 319 -1 69 1128 69 2019
G: K 320 -1 69 1939 69 3067
G: K 321 -1 69 3107 69 4949
G: K 322 -1 69 4963 69 5821
G: K 323 -1 69 5837 69 6386
G: K 324 -1 69 6489 70 61
G: K 325 -1 70 381 70 3180
G: K 944 1 70 3978 70 4968
G: K 326 -1 70 4969 70 6679
G: K 327 1 70 6735 71 274
G: K 328 -1 71 1109 71 1901
G: K 329 -1 71 1836 71 2964
G: K 330 -1 71 2963 71 3134
G: K 331 -1 71 3150 71 4047
G: K 332 -1 71 4059 71 4893
G: K 333 -1 71 4876 72 986
G: K 334 -1 72 1024 72 2422
G: K 336 -1 72 2433 72 3075
G: K 337 -1 72 3062 72 3794
G: K 338 -1 72 4430 73 1603
G: K 339 -1 73 1595 73 2168
G: K 340 -1 73 2175 73 2406
G: K 341 1 73 2464 73 3541
G: K 342 1 73 3649 73 4918
G: K 343 1 73 4921 73 5344
G: K 344 -1 73 5330 74 2379
G: K 345 -1 74 2556 74 3582
G: K 346 -1 75 380 75 4298
G: K 347 -1 75 4307 76 1093
G: K 348 -1 76 1182 76 1701
G: K 349 -1 76 1779 76 2847
G: K 350 -1 76 2850 76 3705
G: K 351 -1 76 3715 77 16
G: K 352 1 77 59 77 560
G: K 353 1 77 550 77 1213
G: K 354 -1 77 1364 77 2357
G: K 355 1 77 2767 77 4045
G: K 356 1 77 4044 77 4980
G: K 357 -1 77 5197 78 200
G: K 358 1 78 247 78 796
G: K 359 1 78 798 78 1308
G: K 360 -1 78 1304 78 1631
G: K 361 1 78 1779 78 2199
G: K 362 -1 78 2201 78 4382
G: K 363 -1 78 4535 78 5432
G: K 364 -1 78 5444 79 231
G: K 365 1 79 1038 79 1662
G: K 366 1 79 1639 79 2563
G: K 367 -1 79 2552 79 3827
G: K 368 1 79 3946 79 4456
G: K 369 1 79 4478 79 4859
G: K 370 1 79 4861 79 5041
G: K 371 -1 79 5055 79 5322
G: K 674 -1 79 5384 79 5825
G: K 372 1 79 5826 80 244
G: K 373 1 80 233 80 1184
G: K 374 1 80 1185 80 3213
G: K 376 -1 80 3236 80 4232
G: K 377 -1 80 4231 80 5950
G: K 378 -1 80 6018 81 364
G: K 379 -1 81 350 81 1340
G: K 380 -1 81 1332 81 2538
G: K 381 -1 81 2524 81 3418
G: K 382 -1 81 3418 81 4285
G: K 383 -1 81 4274 81 6002
G: K 384 -1 81 6001 81 6304
G: K 385 -1 81 6309 82 237
G: K 386 -1 82 283 82 1897
G: K 387 1 82 1925 82 3782
G: K 388 1 82 3774 82 4371
G: K 389 1 82 4360 82 5023
G: K 390 1 82 5487 82 6135
G: K 391 -1 82 6131 83 256
G: K 392 -1 83 248 83 1538
G: K 393 -1 83 1537 83 2011
G: K 394 -1 83 2181 83 2895
G: K 395 -1 83 2897 84 1647
G: K 396 -1 84 1933 84 2848
G: K 397 -1 84 2832 84 3327
G: K 398 -1 84 3295 84 3700
G: K 399 -1 84 3703 84 5722
G: K 400 -1 84 5829 85 945
G: K 401 -1 85 961 85 2623
G: K 402 -1 85 2635 85 2983
G: K 403 -1 85 3108 85 4350
G: K 404 -1 85 4359 86 422
G: K 405 -1 86 792 86 1281
G: K 406 -1 86 1281 86 2994
G: K 407 -1 86 2995 86 3427
G: K 408 -1 86 3431 86 4901
G: K 409 -1 86 4902 87 174
G: K 410 -1 87 173 87 1733
G: K 411 -1 87 1748 87 2279
G: K 412 -1 87 2271 87 2913
G: K 413 -1 87 2915 87 3227
G: K 414 -1 87 3229 87 4114
G: K 415 -1 87 4079 87 4589
G: K 416 -1 87 4594 88 393
G: K 417 1 88 459 88 957
G: K 418 -1 88 953 88 1661
G: K 419 -1 88 1663 88 2671
G: K 420 -1 88 2655 88 4674
G: K 421 -1 88 4673 88 5813
G: K 422 -1 89 1 89 3274
G: K 423 -1 89 3338 90 232
G: K 424 -1 90 287 90 689
G: K 425 -1 90 694 90 1123
G: K 426 -1 90 1160 90 2978
G: K 427 -1 90 2983 90 5962
G: K 428 -1 90 5933 91 2359
G: K 429 -1 91 2396 91 4094
G: K 430 -1 91 4096 91 4366
G: K 431 1 91 4554 92 506
G: K 432 1 92 528 92 720
G: K 433 1 92 755 92 1184
G: K 434 1 92 1294 92 1828
G: K 435 -1 92 1824 92 3585
G: K 436 -1 92 3588 92 5181
G: K 437 -1 92 5173 93 145
G: K 438 -1 93 204 93 1467
G: K 439 1 93 1552 93 2473
G: K 440 1 93 2450 93 3188
G: K 441 1 93 3187 93 3754
G: K 442 1 93 3754 93 4987
G: K 443 1 93 5006 94 576
G: K 444 -1 94 980 94 1808
G: K 445 -1 94 1807 94 2590
G: K 446 -1 94 2732 94 3167
G: K 447 -1 94 3337 94 4192
G: K 448 -1 94 4160 94 5411
G: K 449 -1 94 5426 95 289
G: K 450 -1 95 272 95 998
G: K 451 -1 95 997 95 1288
G: K 452 -1 95 1898 95 3560
G: K 453 -1 95 3560 95 4049
G: K 454 -1 95 4707 95 5598
G: K 455 -1 95 5597 96 597
G: K 456 1 96 649 96 1435
G: K 457 1 96 1416 96 2313
G: K 458 -1 96 2299 96 2782
G: K 459 1 96 2768 96 3983
G: K 460 -1 96 3972 96 4983
G: K 461 -1 96 5535 97 947
G: K 462 -1 97 1124 97 1652
G: K 463 -1 97 1653 97 2166
G: K 464 1 97 2338 97 3286
G: K 465 -1 97 3279 97 4593
G: K 466 -1 97 4573 97 6049
G: K 467 -1 97 6035 98 481
G: K 468 -1 98 473 98 1658
G: K 469 -1 98 1629 98 2013
G: K 470 -1 98 1987 98 2131
G: K 471 -1 98 2156 98 3110
G: K 472 -1 98 3113 99 2407
G: K 473 -1 99 2412 99 3318
G: K 474 -1 99 3380 99 4736
G: K 475 -1 99 5378 99 6209
