The input genome is 591503 bp long, 591503 will be kept.
min distance 0
----------------------------------------
fragments: id start end
F: 0 0 5258
F: 1 5258 11984
F: 2 11984 18303
F: 3 18303 24517
F: 4 24517 30619
F: 5 30619 37348
F: 6 37348 42526
F: 7 42526 47757
F: 8 47757 53413
F: 9 53413 58599
F: 10 58599 65837
F: 11 65837 70975
F: 12 70975 76640
F: 13 76640 82196
F: 14 82196 88896
F: 15 88896 94801
F: 16 94801 101818
F: 17 101818 106771
F: 18 106771 113077
F: 19 113077 119164
F: 20 119164 124685
F: 21 124685 129889
F: 22 129889 135489
F: 23 135489 141576
F: 24 141576 146573
F: 25 146573 152215
F: 26 152215 156975
F: 27 156975 161855
F: 28 161855 169126
F: 29 169126 176197
F: 30 176197 182028
F: 31 182028 188184
F: 32 188184 193953
F: 33 193953 199545
F: 34 199545 205536
F: 35 205536 211594
F: 36 211594 217657
F: 37 217657 224253
F: 38 224253 229481
F: 39 229481 234488
F: 40 234488 241651
F: 41 241651 247601
F: 42 247601 253748
F: 43 253748 260095
F: 44 260095 266041
F: 45 266041 272007
F: 46 272007 278181
F: 47 278181 284655
F: 48 284655 290596
F: 49 290596 296652
F: 50 296652 302212
F: 51 302212 308611
F: 52 308611 315144
F: 53 315144 321236
F: 54 321236 326956
F: 55 326956 332725
F: 56 332725 339914
F: 57 339914 344540
F: 58 344540 350171
F: 59 350171 356226
F: 60 356226 360979
F: 61 360979 367890
F: 62 367890 375081
F: 63 375081 381332
F: 64 381332 387425
F: 65 387425 393055
F: 66 393055 398094
F: 67 398094 403086
F: 68 403086 408557
F: 69 408557 415290
F: 70 415290 422285
F: 71 422285 428362
F: 72 428362 433606
F: 73 433606 439975
F: 74 439975 445605
F: 75 445605 452815
F: 76 452815 458899
F: 77 458899 464381
F: 78 464381 470472
F: 79 470472 476119
F: 80 476119 482364
F: 81 482364 488751
F: 82 488751 495122
F: 83 495122 501201
F: 84 501201 506970
F: 85 506970 512403
F: 86 512403 517722
F: 87 517722 523188
F: 88 523188 528865
F: 89 528865 533833
F: 90 533833 539705
F: 91 539705 545114
F: 92 545114 550620
F: 93 550620 555993
F: 94 555993 561390
F: 95 561390 567242
F: 96 567242 573675
F: 97 573675 579697
F: 98 579697 585430
F: 99 585430 591503
----------------------------------------
genes: [Kept,Partial,Discared] locus strand fragment1 start_pos fragment2 end_pos 
G: K 0 1 0 685 0 1840
G: K 1 1 0 1839 0 2772
G: K 2 1 0 2856 0 4818
G: K 3 1 0 4832 1 2139
G: K 4 1 1 2107 1 3364
G: K 5 1 1 3367 1 4000
G: K 6 1 1 3972 1 4755
G: K 7 1 1 4757 1 6125
G: K 8 1 1 6124 2 190
G: K 9 1 2 218 2 881
G: K 10 -1 2 854 2 1721
G: K 11 -1 2 1725 2 2619
G: K 12 -1 2 2581 2 3403
G: K 13 1 2 3741 2 5661
G: K 14 1 2 5707 3 1167
G: K 15 1 3 1176 3 4314
G: K 16 1 3 4355 3 5561
G: K 17 1 3 5544 4 263
G: K 18 1 4 262 4 1801
G: K 19 1 4 1830 4 2274
G: K 20 1 4 2279 4 3149
G: K 21 1 4 3149 4 4253
G: K 22 1 4 4455 4 5355
G: K 23 1 4 5358 4 5928
G: K 24 1 4 5896 5 256
G: K 25 1 5 255 5 876
G: K 26 -1 5 862 5 1438
G: K 27 -1 5 1439 5 2060
G: K 28 -1 5 2093 5 6449
G: K 516 -1 5 6710 6 434
G: K 29 1 6 435 6 2448
G: K 30 1 6 2597 6 3374
G: K 31 -1 6 3342 6 3978
G: K 32 1 6 4006 7 79
G: K 33 1 7 68 7 1721
G: K 34 1 7 1693 7 3064
G: K 35 -1 7 3060 7 4605
G: K 36 -1 7 4595 8 528
G: K 37 1 8 686 8 2462
G: K 38 1 8 2482 8 2755
G: K 39 1 8 2952 8 4662
G: K 40 1 8 4666 8 5527
G: K 41 1 8 5507 9 709
G: K 42 1 9 693 9 2145
G: K 43 1 9 2146 9 3115
G: K 44 1 9 3098 9 4250
G: K 45 -1 9 4479 10 655
G: K 46 1 10 707 10 1421
G: K 47 1 10 1424 10 2099
G: K 48 1 10 2085 10 3348
G: K 49 1 10 3356 10 3752
G: K 50 1 10 3751 10 5428
G: K 51 -1 10 5404 10 6361
G: K 52 -1 10 6364 10 6739
G: K 53 -1 10 6745 10 6895
G: K 54 -1 10 6908 11 60
G: K 55 -1 11 46 11 883
G: K 56 -1 11 864 11 1401
G: K 57 -1 11 1379 11 2378
G: K 58 -1 11 2358 11 2814
G: K 59 1 11 2820 11 3717
G: K 60 -1 11 3695 12 264
G: K 61 1 12 568 12 2617
G: K 62 1 12 2567 12 3506
G: K 63 1 12 3761 13 2092
G: K 64 1 13 2091 13 3498
G: K 65 1 13 3501 13 5451
G: K 518 1 13 5460 14 558
G: K 66 1 14 559 14 2143
G: K 67 1 14 2166 14 3582
G: K 478 -1 15 943 15 2329
G: K 68 1 15 2451 15 5190
G: K 69 1 15 5300 16 265
G: K 70 1 16 269 16 2963
G: K 71 1 16 2952 16 5385
G: K 72 1 16 5362 17 358
G: K 73 1 17 360 17 777
G: K 74 1 17 840 17 3960
G: K 75 -1 17 3956 17 4382
G: K 76 1 17 4615 18 895
G: K 77 1 18 887 18 2027
G: K 78 1 18 2028 18 3252
G: K 79 1 18 3251 18 5798
G: K 80 1 18 5853 18 6276
G: K 81 1 18 6275 19 653
G: K 82 1 19 652 19 1234
G: K 83 1 19 1226 19 2108
G: K 84 1 19 2108 19 3044
G: K 85 1 19 3036 19 4185
G: K 86 1 19 4213 19 4642
G: K 87 1 19 4658 19 5138
G: K 88 1 19 5147 20 1127
G: K 89 1 20 1178 20 1805
G: K 90 1 20 1805 20 2291
G: K 91 1 20 2280 20 2604
G: K 92 1 20 2606 20 3077
G: K 93 1 20 3060 20 4467
G: K 94 1 20 4470 21 152
G: K 95 1 21 335 21 2303
G: K 96 1 21 2359 21 3109
G: K 97 1 21 3208 21 4654
G: K 98 1 21 4656 22 895
G: K 99 1 22 887 22 2321
G: K 100 1 22 2295 22 2964
G: K 101 1 22 2956 22 3931
G: K 102 1 22 3920 22 4757
G: K 103 1 22 4778 22 5012
G: K 104 1 22 5014 23 1610
G: K 105 1 23 1617 23 2223
G: K 106 -1 23 2197 23 2779
G: K 107 1 23 2819 23 3398
G: K 108 1 23 3397 23 4180
G: K 109 1 23 4164 23 5346
G: K 110 1 23 5332 24 67
G: K 111 1 24 81 24 1404
G: K 112 1 24 1393 24 2023
G: K 113 1 24 2036 24 3392
G: K 114 1 24 3327 24 4044
G: K 115 1 24 4068 24 4542
G: K 116 1 24 4550 25 312
G: K 117 1 25 304 25 949
G: K 118 1 25 929 25 1967
G: K 119 1 25 1981 25 3724
G: K 120 1 25 3730 25 5287
G: K 121 1 25 5289 26 568
G: K 122 1 26 607 26 2746
G: K 123 1 26 2723 26 4142
G: K 124 1 26 4188 26 4497
G: K 125 1 26 4502 27 606
G: K 126 -1 27 586 27 1630
G: K 127 1 27 1665 27 2109
G: K 128 1 27 2116 27 2908
G: K 129 1 27 2907 27 3261
G: K 130 1 27 3250 27 4714
G: K 131 -1 28 394 28 826
G: K 132 -1 28 803 28 1595
G: K 133 1 28 1614 28 1914
G: K 134 -1 28 1891 28 2728
G: K 135 1 28 2776 28 4276
G: K 136 1 28 4214 28 5447
G: K 137 1 28 5446 29 14
G: K 138 1 29 97 29 1834
G: K 139 1 30 3387 31 898
G: K 140 1 31 902 31 2504
G: K 141 1 31 2503 31 2791
G: K 142 1 31 2777 31 4655
G: K 143 1 31 4641 31 4977
G: K 144 1 31 5001 31 5865
G: K 145 1 31 5864 32 530
G: K 146 1 32 542 32 1826
G: K 147 1 32 1812 32 2955
G: K 148 1 32 2993 32 4232
G: K 149 1 32 4307 32 5168
G: K 150 1 32 5207 32 5675
G: K 151 1 32 5764 33 319
G: K 152 1 33 322 33 1096
G: K 153 1 33 1095 33 1731
G: K 154 1 33 1734 33 2055
G: K 155 1 33 2054 33 2912
G: K 156 1 33 2911 33 3175
G: K 157 1 33 3177 33 3609
G: K 158 1 33 3611 33 4421
G: K 476 -1 33 4425 34 0
G: K 159 1 34 1 34 418
G: K 160 1 34 417 34 1020
G: K 161 1 34 1019 34 1286
G: K 162 1 34 1289 34 1667
G: K 163 1 34 1666 34 1999
G: K 164 1 34 2004 34 2565
G: K 165 1 34 2567 34 2759
G: K 166 1 34 2752 34 3169
G: K 167 1 34 3175 34 3745
G: K 168 1 34 3746 34 4094
G: K 169 1 34 4098 34 4734
G: K 170 1 34 4739 34 5192
G: K 171 1 34 5191 35 634
G: K 172 1 35 627 35 1275
G: K 173 1 35 1277 35 2045
G: K 174 1 35 2044 35 2263
G: K 175 1 35 2273 35 2387
G: K 176 1 35 2386 35 2773
G: K 177 1 35 2772 35 3138
G: K 178 1 35 3153 35 4152
G: K 179 1 35 4164 35 4536
G: K 180 1 35 4522 35 5359
G: K 181 1 35 5343 36 203
G: K 182 1 36 195 36 1482
G: K 183 1 36 1474 36 2224
G: K 184 1 36 2213 36 4037
G: K 185 1 36 4037 36 4988
G: K 186 1 36 5087 37 1175
G: K 187 1 37 3641 37 4412
G: K 188 1 37 4404 37 6198
G: K 189 1 37 6200 38 588
G: K 190 1 38 562 38 1516
G: K 191 1 38 1684 38 2647
G: K 192 1 38 2653 39 1844
G: K 193 1 39 1845 40 39
G: K 194 1 40 2980 40 4006
G: K 195 1 40 4009 40 6460
G: K 196 1 40 6518 40 7067
G: K 197 1 40 7069 41 89
G: K 198 1 41 91 41 469
G: K 199 1 41 1194 41 3024
G: K 200 1 41 3035 41 3683
G: K 201 1 41 3692 41 4058
G: K 202 1 41 4185 42 176
G: K 203 1 42 175 42 2542
G: K 204 -1 42 2538 42 3573
G: K 205 1 42 3608 42 5408
G: K 206 1 42 5388 42 5892
G: K 207 -1 42 5884 43 322
G: K 208 -1 43 305 43 1232
G: K 209 -1 43 1231 43 1777
G: K 210 1 43 1977 43 2658
G: K 211 1 43 2657 43 2843
G: K 212 1 43 2844 43 3291
G: K 213 1 43 3293 43 3638
G: K 214 1 43 3630 43 4437
G: K 215 1 43 4429 43 5878
G: K 216 1 43 5861 44 135
G: K 217 1 44 153 44 1125
G: K 218 1 44 1127 44 2654
G: K 219 1 44 3573 44 4713
G: K 220 1 44 4730 45 4226
G: K 221 1 45 4228 45 5281
G: K 222 1 45 5237 45 5702
G: K 223 -1 45 5733 46 49
G: K 224 1 46 358 46 787
G: K 225 1 46 776 46 1712
G: K 226 1 46 1713 46 2949
G: K 227 1 46 2951 46 4076
G: K 228 1 46 4121 46 5606
G: K 229 1 46 5574 47 876
G: K 230 1 47 1347 47 2220
G: K 231 1 47 2219 47 2702
G: K 232 1 47 2707 47 3730
G: K 233 1 47 3733 47 4198
G: K 234 1 47 4216 47 6382
G: K 235 1 48 0 48 309
G: K 236 1 48 301 48 607
G: K 237 1 48 599 48 917
G: K 238 1 48 909 48 1782
G: K 239 1 48 1771 48 2188
G: K 240 1 48 2183 48 3065
G: K 241 1 48 3094 48 4429
G: K 242 1 48 4497 49 1010
G: K 243 -1 49 1006 49 2071
G: K 244 1 49 2123 49 3992
G: K 245 1 49 3997 49 5890
G: K 246 1 50 522 50 2634
G: K 247 1 50 2636 50 3134
G: K 248 1 50 3126 50 3975
G: K 249 -1 50 3958 50 4678
G: K 250 -1 50 4664 50 5324
G: K 251 -1 50 5304 51 1238
G: K 252 -1 51 1282 51 3121
G: K 253 -1 51 3110 51 4463
G: K 254 -1 51 4482 51 5211
G: K 255 -1 51 5213 52 101
G: K 256 -1 52 105 52 2112
G: K 257 1 52 2287 52 3397
G: K 258 1 52 3500 52 3953
G: K 259 1 52 4119 52 4887
G: K 260 1 52 4932 52 5226
G: K 261 1 52 5225 52 6305
G: K 262 1 52 6305 53 1149
G: K 263 1 53 1279 53 3577
G: K 264 1 54 377 54 3044
G: K 265 1 54 3050 54 3926
G: K 266 1 54 3925 54 4780
G: K 267 1 54 4895 55 54
G: K 268 1 55 47 55 650
G: K 269 -1 55 585 55 1419
G: K 270 -1 55 1437 55 3828
G: K 271 -1 55 3828 55 4176
G: K 272 -1 55 4209 55 4893
G: K 273 -1 55 5043 56 306
G: K 274 -1 56 686 56 1715
G: K 275 -1 56 1725 56 3099
G: K 276 -1 56 3102 56 4275
G: K 277 -1 56 4524 56 5517
G: K 278 -1 56 5534 56 6635
G: K 279 -1 56 6662 57 916
G: K 280 -1 57 998 57 1541
G: K 281 -1 57 1554 57 4497
G: K 282 1 57 4539 58 2082
G: K 283 -1 58 2078 58 2738
G: K 284 -1 58 2727 58 3531
G: K 285 -1 58 3591 58 5286
G: K 286 -1 59 316 59 802
G: K 287 1 59 1133 59 2585
G: K 288 1 59 2805 59 3204
G: K 289 1 59 3166 59 4210
G: K 290 1 59 4212 59 4809
G: K 291 1 59 4840 59 5095
G: K 292 1 60 3926 61 280
G: K 293 1 61 269 61 1025
G: K 294 1 61 1014 61 2655
G: K 295 -1 61 2651 61 3065
G: K 296 -1 61 3064 61 5767
G: K 520 -1 61 5823 61 6339
G: K 297 -1 61 6340 62 164
G: K 298 -1 62 156 62 1587
G: K 299 -1 62 1704 62 2805
G: K 300 -1 62 2807 62 3206
G: K 301 -1 62 3325 62 4366
G: K 302 -1 62 4372 63 193
G: K 303 -1 63 395 63 1361
G: K 304 -1 63 1378 63 2626
G: K 305 -1 63 2627 63 3641
G: K 306 -1 63 3671 63 4625
G: K 307 -1 63 4603 63 5680
G: K 308 -1 63 5661 64 223
G: K 309 -1 64 348 64 2166
G: K 310 -1 64 2253 64 3450
G: K 311 -1 64 3449 65 932
G: K 312 -1 65 916 65 2152
G: K 521 1 65 2157 65 3012
G: K 313 -1 65 3013 66 1097
G: K 314 1 66 1150 66 1969
G: K 315 -1 66 1975 66 2593
G: K 316 -1 66 2615 67 996
G: K 317 -1 67 1055 67 1919
G: K 318 -1 67 1963 67 3289
G: K 319 -1 67 3312 67 4224
G: K 320 -1 67 4147 68 262
G: K 321 -1 68 302 68 2138
G: K 322 -1 68 2152 68 2995
G: K 323 -1 68 3011 68 3551
G: K 324 -1 68 3654 68 4524
G: K 325 -1 68 4844 69 2187
G: K 326 -1 69 2986 69 4702
G: K 327 1 69 4758 69 5442
G: K 328 -1 69 6277 70 357
G: K 329 -1 70 298 70 1372
G: K 330 -1 70 1371 70 1533
G: K 331 -1 70 1549 70 2443
G: K 332 -1 70 2455 70 3259
G: K 333 -1 70 3245 70 5555
G: K 334 -1 70 5593 70 6952
G: K 335 -1 70 6955 71 626
G: K 336 -1 71 634 71 1288
G: K 337 -1 71 1275 71 1992
G: K 338 -1 71 2628 71 5181
G: K 339 -1 71 5170 71 5749
G: K 340 -1 71 5756 71 5978
G: K 341 1 71 6036 72 997
G: K 342 1 72 1105 72 2350
G: K 343 1 72 2353 72 2770
G: K 344 -1 72 2756 73 1337
G: K 345 -1 73 1514 73 2540
G: K 346 -1 73 5007 74 2586
G: K 347 -1 74 2595 75 1138
G: K 348 -1 75 1227 75 1743
G: K 349 -1 75 1821 75 2859
G: K 350 -1 75 2862 75 3705
G: K 351 -1 75 3715 75 6424
G: K 352 1 75 6467 75 6968
G: K 353 1 75 6958 76 381
G: K 354 -1 76 532 76 1501
G: K 355 1 76 1911 76 3147
G: K 356 1 76 3146 76 4109
G: K 357 -1 76 4326 76 5001
G: K 358 1 76 5048 76 5603
G: K 359 1 76 5605 77 22
G: K 360 -1 77 18 77 351
G: K 361 1 77 499 77 919
G: K 362 -1 77 921 77 3066
G: K 363 -1 77 3219 77 4071
G: K 364 -1 77 4083 77 5274
G: K 365 1 78 599 78 1217
G: K 366 1 78 1191 78 2112
G: K 367 -1 78 2101 78 3358
G: K 368 1 78 3477 78 3966
G: K 369 1 78 3988 78 4357
G: K 370 1 78 4359 78 4533
G: K 371 -1 78 4547 78 4814
G: K 372 1 78 4877 78 5552
G: K 373 1 78 5544 79 377
G: K 477 1 79 377 79 938
G: K 374 1 79 939 79 2961
G: K 375 -1 79 2984 79 3785
G: K 376 -1 79 3774 79 4770
G: K 377 -1 79 4769 80 796
G: K 378 -1 80 864 80 1842
G: K 379 -1 80 1828 80 2806
G: K 380 -1 80 2798 80 3956
G: K 381 -1 80 3942 80 4788
G: K 382 -1 80 4788 80 5631
G: K 383 -1 80 5623 81 1073
G: K 384 -1 81 1072 81 1393
G: K 385 -1 81 1398 81 1983
G: K 386 -1 81 2029 81 3655
G: K 387 1 81 3683 81 5546
G: K 388 1 81 5538 81 6126
G: K 389 1 81 6118 82 397
G: K 519 -1 82 860 82 2294
G: K 390 1 82 2295 82 2937
G: K 391 -1 82 2933 82 3680
G: K 392 -1 82 3672 82 4977
G: K 393 -1 82 4976 82 5441
G: K 394 -1 82 5611 82 6322
G: K 395 -1 82 6324 83 4897
G: K 396 -1 83 5183 83 6056
G: K 397 -1 83 6043 84 432
G: K 398 -1 84 415 84 802
G: K 399 -1 84 805 84 2812
G: K 400 -1 84 2919 84 4266
G: K 401 -1 84 4282 85 175
G: K 402 -1 85 187 85 520
G: K 403 -1 85 645 85 1872
G: K 404 -1 85 1881 85 3456
G: K 405 -1 85 3826 85 4285
G: K 406 -1 85 4285 86 586
G: K 407 -1 86 587 86 989
G: K 408 -1 86 993 86 2424
G: K 409 -1 86 2425 86 3265
G: K 410 -1 86 3264 86 4827
G: K 411 -1 86 4842 87 51
G: K 412 -1 87 43 87 670
G: K 413 -1 87 672 87 984
G: K 414 -1 87 986 87 1871
G: K 415 -1 87 1833 87 2310
G: K 416 -1 87 2315 87 3698
G: K 417 1 87 3764 87 4244
G: K 418 -1 87 4240 87 4918
G: K 419 -1 87 4920 88 453
G: K 420 -1 88 437 88 2438
G: K 421 -1 88 2437 88 3586
G: K 422 -1 88 3706 89 1209
G: K 423 -1 89 1273 89 3304
G: K 424 -1 89 3359 89 3758
G: K 425 -1 89 3763 89 4210
G: K 426 -1 89 4247 90 1082
G: K 427 -1 90 1087 90 3952
G: K 428 -1 90 3923 91 565
G: K 429 -1 91 602 91 2288
G: K 430 -1 91 2290 91 2551
G: K 431 1 91 2739 91 4107
G: K 432 1 91 4129 91 4321
G: K 433 1 91 4356 91 4788
G: K 434 1 91 4898 92 5
G: K 435 -1 92 1 92 1720
G: K 436 -1 92 1723 92 3241
G: K 437 -1 92 3233 92 3971
G: K 438 -1 92 4030 92 5236
G: K 439 1 92 5321 93 721
G: K 440 1 93 701 93 1433
G: K 441 1 93 1432 93 2005
G: K 442 1 93 2005 93 3214
G: K 443 1 93 3233 93 4406
G: K 444 -1 93 4810 94 259
G: K 445 -1 94 258 94 1035
G: K 446 -1 94 1177 94 1588
G: K 447 -1 94 1758 94 2568
G: K 448 -1 94 2542 94 3721
G: K 449 -1 94 3736 94 4099
G: K 450 -1 94 4082 94 4784
G: K 451 -1 94 4783 94 5071
G: K 452 -1 95 284 95 1958
G: K 453 -1 95 1958 95 2414
G: K 517 1 95 3071 95 3428
G: K 454 -1 95 3429 95 4302
G: K 455 -1 95 4301 95 5486
G: K 456 1 95 5538 96 493
G: K 457 1 96 477 96 1362
G: K 458 -1 96 1351 96 1819
G: K 459 1 96 1805 96 2996
G: K 460 -1 96 2985 96 4017
G: K 461 -1 96 4569 97 275
G: K 462 -1 97 452 97 983
G: K 463 -1 97 984 97 1485
G: K 464 1 97 1657 97 2605
G: K 465 -1 97 2601 97 3906
G: K 466 -1 97 3886 97 5365
G: K 467 -1 97 5351 98 115
G: K 468 -1 98 107 98 1277
G: K 469 -1 98 1248 98 1635
G: K 470 -1 98 1603 98 1750
G: K 471 -1 98 1775 98 2714
G: K 472 -1 98 2717 99 2336
G: K 473 -1 99 2341 99 3196
G: K 474 -1 99 3258 99 4569
G: K 475 -1 99 5211 99 6030
