The input genome is 600734 bp long, 600734 will be kept.
min distance 0
----------------------------------------
fragments: id start end
F: 0 0 5279
F: 1 5279 12328
F: 2 12328 18730
F: 3 18730 25169
F: 4 25169 31271
F: 5 31271 38165
F: 6 38165 43361
F: 7 43361 48976
F: 8 48976 54632
F: 9 54632 59971
F: 10 59971 67330
F: 11 67330 72474
F: 12 72474 78301
F: 13 78301 84115
F: 14 84115 90931
F: 15 90931 97024
F: 16 97024 104135
F: 17 104135 109145
F: 18 109145 115467
F: 19 115467 121618
F: 20 121618 127155
F: 21 127155 132548
F: 22 132548 138237
F: 23 138237 144324
F: 24 144324 149388
F: 25 149388 155111
F: 26 155111 159871
F: 27 159871 164864
F: 28 164864 172222
F: 29 172222 179304
F: 30 179304 185358
F: 31 185358 191582
F: 32 191582 197358
F: 33 197358 203032
F: 34 203032 209208
F: 35 209208 215511
F: 36 215511 221766
F: 37 221766 228545
F: 38 228545 233817
F: 39 233817 238824
F: 40 238824 246038
F: 41 246038 251993
F: 42 251993 258213
F: 43 258213 264659
F: 44 264659 270674
F: 45 270674 276690
F: 46 276690 283010
F: 47 283010 289484
F: 48 289484 295562
F: 49 295562 301650
F: 50 301650 307263
F: 51 307263 313794
F: 52 313794 320484
F: 53 320484 326576
F: 54 326576 332387
F: 55 332387 338156
F: 56 338156 345500
F: 57 345500 350205
F: 58 350205 355895
F: 59 355895 362031
F: 60 362031 366879
F: 61 366879 374019
F: 62 374019 381355
F: 63 381355 387606
F: 64 387606 393741
F: 65 393741 399409
F: 66 399409 404449
F: 67 404449 409441
F: 68 409441 414936
F: 69 414936 421744
F: 70 421744 428739
F: 71 428739 434902
F: 72 434902 440226
F: 73 440226 446643
F: 74 446643 452312
F: 75 452312 459559
F: 76 459559 465829
F: 77 465829 471422
F: 78 471422 477747
F: 79 477747 483625
F: 80 483625 489964
F: 81 489964 496449
F: 82 496449 502920
F: 83 502920 509037
F: 84 509037 514890
F: 85 514890 520323
F: 86 520323 525812
F: 87 525812 531388
F: 88 531388 537065
F: 89 537065 542089
F: 90 542089 548155
F: 91 548155 553564
F: 92 553564 559141
F: 93 559141 564688
F: 94 564688 570086
F: 95 570086 575981
F: 96 575981 582606
F: 97 582606 588732
F: 98 588732 594607
F: 99 594607 600734
----------------------------------------
genes: [Kept,Partial,Discared] locus strand fragment1 start_pos fragment2 end_pos 
G: K 0 1 0 685 0 1852
G: K 1 1 0 1851 0 2790
G: K 2 1 0 2874 0 4845
G: K 3 1 0 4859 1 2106
G: K 4 1 1 2080 1 3367
G: K 5 1 1 3367 1 4015
G: K 6 1 1 3987 1 4743
G: K 7 1 1 4745 1 6101
G: K 8 1 1 6100 1 6898
G: K 9 1 1 6926 2 537
G: K 10 -1 2 513 2 1377
G: K 11 -1 2 1381 2 2248
G: K 12 -1 2 2207 2 3047
G: K 13 1 2 3385 2 5305
G: K 14 1 2 5351 3 743
G: K 15 1 3 752 3 3872
G: K 16 1 3 3913 3 5107
G: K 17 1 3 5090 3 6020
G: K 18 1 3 6019 4 1152
G: K 19 1 4 1181 4 1625
G: K 20 1 4 1630 4 2497
G: K 21 1 4 2497 4 3601
G: K 22 1 4 3803 4 4721
G: K 23 1 4 4724 4 5300
G: K 24 1 4 5268 4 5727
G: K 25 1 4 5726 5 242
G: K 26 -1 5 228 5 813
G: K 27 -1 5 814 5 1435
G: K 747 1 5 1467 5 2451
G: K 28 -1 5 2452 5 6847
G: K 29 1 6 215 6 2231
G: K 30 1 6 2380 6 3160
G: K 31 -1 6 3128 6 3770
G: K 608 1 6 3797 6 4598
G: K 32 1 6 4599 7 663
G: K 33 1 7 652 7 2305
G: K 34 1 7 2277 7 3678
G: K 35 -1 7 3674 7 5216
G: K 36 -1 7 5197 8 752
G: K 37 1 8 910 8 2710
G: K 38 1 8 2730 8 3000
G: K 39 1 8 3197 8 4910
G: K 40 1 8 4914 9 134
G: K 41 1 9 117 9 972
G: K 42 1 9 956 9 2420
G: K 43 1 9 2421 9 3390
G: K 44 1 9 3373 9 4543
G: K 45 -1 9 4772 10 792
G: K 46 1 10 844 10 1573
G: K 47 1 10 1576 10 2257
G: K 48 1 10 2243 10 3515
G: K 749 -1 10 3522 10 4506
G: K 49 1 10 4507 10 4903
G: K 50 1 10 4902 10 6555
G: K 51 -1 10 6531 11 132
G: K 52 -1 11 135 11 513
G: K 53 -1 11 519 11 687
G: K 54 -1 11 700 11 1090
G: K 55 -1 11 1073 11 1910
G: K 56 -1 11 1891 11 2428
G: K 57 -1 11 2406 11 3402
G: K 58 -1 11 3379 11 3823
G: K 59 1 11 3829 11 4735
G: K 60 -1 11 4713 12 1252
G: K 61 1 12 1556 12 3599
G: K 62 1 12 3552 12 4470
G: K 63 1 12 4725 13 2915
G: K 64 1 13 2914 13 4315
G: K 65 1 13 4318 14 481
G: K 66 1 14 491 14 2057
G: K 67 1 14 2080 14 3550
G: K 68 1 15 917 15 3704
G: K 69 1 15 3814 15 4675
G: K 70 1 15 4679 16 1268
G: K 71 1 16 1254 16 3693
G: K 72 1 16 3670 16 5707
G: K 73 1 16 5709 16 6129
G: K 74 1 16 6192 17 2174
G: K 75 -1 17 2170 17 2590
G: K 76 1 17 2823 17 4047
G: K 77 1 17 4039 18 175
G: K 503 1 18 175 18 796
G: K 78 1 18 797 18 2006
G: K 79 1 18 2005 18 4576
G: K 80 1 18 4631 18 5051
G: K 81 1 18 5050 18 5740
G: K 82 1 18 5739 18 6315
G: K 83 1 18 6307 19 858
G: K 84 1 19 858 19 1803
G: K 85 1 19 1795 19 2956
G: K 86 1 19 2984 19 3410
G: K 87 1 19 3426 19 3900
G: K 88 1 19 3909 19 6012
G: K 89 1 19 6063 20 530
G: K 90 1 20 530 20 1016
G: K 91 1 20 1005 20 1329
G: K 92 1 20 1331 20 1784
G: K 93 1 20 1767 20 3168
G: K 94 1 20 3171 20 4374
G: K 95 1 20 4557 21 973
G: K 96 1 21 1029 21 1788
G: K 97 1 21 1887 21 3354
G: K 98 1 21 3356 21 4802
G: K 99 1 21 4794 22 850
G: K 100 1 22 824 22 1511
G: K 101 1 22 1503 22 2454
G: K 102 1 22 2443 22 3298
G: K 103 1 22 3319 22 3556
G: K 104 1 22 3558 23 53
G: K 105 1 23 60 23 669
G: K 106 -1 23 646 23 1234
G: K 107 1 23 1274 23 1853
G: K 108 1 23 1852 23 2653
G: K 109 1 23 2637 23 3825
G: K 110 1 23 3811 23 4651
G: K 111 1 23 4665 23 5982
G: K 112 1 23 5971 24 517
G: K 113 1 24 530 24 1919
G: K 114 1 24 1854 24 2571
G: K 115 1 24 2595 24 3072
G: K 116 1 24 3080 24 3857
G: K 117 1 24 3849 24 4494
G: K 118 1 24 4468 25 478
G: K 119 1 25 492 25 2205
G: K 120 1 25 2211 25 3771
G: K 121 1 25 3773 25 4697
G: K 122 1 25 4736 26 1143
G: K 123 1 26 1120 26 2539
G: K 124 1 26 2585 26 2894
G: K 125 1 26 2899 26 3766
G: K 126 -1 26 3746 27 45
G: K 127 1 27 80 27 518
G: K 128 1 27 525 27 1305
G: K 129 1 27 1304 27 1664
G: K 130 1 27 1650 27 3111
G: K 131 -1 27 3671 27 4097
G: K 132 -1 27 4074 27 4884
G: K 133 1 27 4903 28 219
G: K 134 -1 28 193 28 1045
G: K 135 1 28 1093 28 2569
G: K 136 1 28 2510 28 3746
G: K 137 1 28 3745 28 5587
G: K 138 1 28 5670 29 43
G: K 139 1 30 1585 30 4990
G: K 140 1 30 4994 31 569
G: K 141 1 31 568 31 856
G: K 142 1 31 839 31 2699
G: K 143 1 31 2688 31 3021
G: K 144 1 31 3042 31 3891
G: K 145 1 31 3890 31 4721
G: K 146 1 31 4733 31 6041
G: K 147 1 31 6024 32 964
G: K 148 1 32 1002 32 2253
G: K 149 1 32 2328 32 3174
G: K 150 1 32 3213 32 3687
G: K 607 1 32 3775 32 3862
G: K 151 1 32 3863 32 4187
G: K 152 1 32 4190 32 4958
G: K 153 1 32 4957 32 5590
G: K 154 1 32 5593 33 141
G: K 155 1 33 140 33 1013
G: K 156 1 33 1012 33 1276
G: K 157 1 33 1278 33 1707
G: K 158 1 33 1709 33 2528
G: K 159 1 33 2533 33 2959
G: K 160 1 33 2958 33 3567
G: K 161 1 33 3566 33 3830
G: K 162 1 33 3833 33 4211
G: K 163 1 33 4210 33 4543
G: K 164 1 33 4548 33 5097
G: K 165 1 33 5099 33 5285
G: K 166 1 33 5278 34 24
G: K 167 1 34 30 34 585
G: K 168 1 34 586 34 952
G: K 169 1 34 956 34 1616
G: K 170 1 34 1621 34 2083
G: K 171 1 34 2082 34 3519
G: K 172 1 34 3512 34 4160
G: K 173 1 34 4162 34 4912
G: K 174 1 34 4911 34 5124
G: K 175 1 34 5134 34 5248
G: K 176 1 34 5247 34 5634
G: K 177 1 34 5633 34 5996
G: K 178 1 34 6011 35 834
G: K 179 1 35 846 35 1230
G: K 180 1 35 1213 35 2065
G: K 181 1 35 2049 35 2973
G: K 182 1 35 2965 35 4237
G: K 183 1 35 4229 35 4979
G: K 184 1 35 4968 36 516
G: K 185 1 36 516 36 1500
G: K 186 1 36 1599 36 3726
G: K 187 1 36 6192 37 702
G: K 188 1 37 694 37 2509
G: K 189 1 37 2511 37 3522
G: K 190 1 37 3493 37 4450
G: K 191 1 37 4618 37 5590
G: K 192 1 37 5596 38 3188
G: K 193 1 38 3189 39 1091
G: K 194 1 39 4029 40 60
G: K 195 1 40 63 40 2604
G: K 196 1 40 2662 40 3217
G: K 197 1 40 3219 40 3399
G: K 198 1 40 3401 40 3776
G: K 199 1 40 4501 40 6328
G: K 200 1 40 6339 40 6996
G: K 201 1 40 7005 41 160
G: K 202 1 41 287 41 2213
G: K 203 1 41 2212 41 4579
G: K 204 -1 41 4575 41 5634
G: K 205 1 41 5669 42 1505
G: K 206 1 42 1485 42 1980
G: K 207 -1 42 1972 42 2566
G: K 208 -1 42 2549 42 3476
G: K 209 -1 42 3475 42 4027
G: K 210 1 42 4227 42 4884
G: K 211 1 42 4883 42 5072
G: K 212 1 42 5073 42 5532
G: K 213 1 42 5534 42 5894
G: K 214 1 42 5886 43 476
G: K 215 1 43 468 43 1899
G: K 216 1 43 1882 43 2506
G: K 217 1 43 2524 43 3508
G: K 218 1 43 3510 43 5055
G: K 219 1 43 5974 44 647
G: K 220 1 44 664 45 136
G: K 221 1 45 138 45 1179
G: K 222 1 45 1138 45 1585
G: K 223 -1 45 1616 45 1901
G: K 224 1 45 2210 45 2639
G: K 225 1 45 2628 45 3561
G: K 226 1 45 3562 45 4813
G: K 227 1 45 4815 45 5928
G: K 228 1 45 5973 46 1445
G: K 229 1 46 1416 46 2907
G: K 746 -1 46 2948 46 3254
G: K 230 1 46 3684 46 4551
G: K 231 1 46 4550 46 5033
G: K 232 1 46 5038 46 6079
G: K 233 1 46 6082 47 227
G: K 234 1 47 245 47 2411
G: K 505 -1 47 2502 47 2922
G: K 610 -1 47 2922 47 3399
G: K 235 1 47 3400 47 3703
G: K 236 1 47 3695 47 3995
G: K 237 1 47 3987 47 4305
G: K 238 1 47 4297 47 5173
G: K 239 1 47 5162 47 5585
G: K 240 1 47 5577 47 6456
G: K 241 1 48 11 48 1367
G: K 242 1 48 1435 48 3892
G: K 243 -1 48 3888 48 4947
G: K 244 1 48 4999 49 799
G: K 245 1 49 804 49 2697
G: K 246 1 49 3385 49 5512
G: K 247 1 49 5514 49 6006
G: K 248 1 49 6001 50 777
G: K 249 -1 50 760 50 1498
G: K 250 -1 50 1484 50 2153
G: K 251 -1 50 2136 50 3642
G: K 252 -1 50 3686 50 5549
G: K 253 -1 50 5538 51 1263
G: K 254 -1 51 1282 51 2005
G: K 255 -1 51 2007 51 3309
G: K 256 -1 51 3313 51 5302
G: K 257 1 51 5477 52 68
G: K 258 1 52 171 52 624
G: K 259 1 52 790 52 1561
G: K 260 1 52 1606 52 1900
G: K 261 1 52 1899 52 2994
G: K 262 1 52 2994 52 4389
G: K 263 1 52 4519 53 160
G: K 264 1 53 3052 53 5698
G: K 265 1 53 5704 54 512
G: K 266 1 54 511 54 1363
G: K 748 -1 54 1477 54 1777
G: K 267 1 54 1778 54 2654
G: K 268 1 54 2647 54 3247
G: K 269 -1 54 3182 54 4028
G: K 270 -1 54 4046 55 614
G: K 271 -1 55 614 55 971
G: K 272 -1 55 1004 55 1700
G: K 273 -1 55 1850 55 2882
G: K 274 -1 55 3262 55 4285
G: K 275 -1 55 4295 55 5678
G: K 276 -1 55 5681 56 1067
G: K 277 -1 56 1316 56 2315
G: K 278 -1 56 2332 56 3415
G: K 279 -1 56 3442 56 4879
G: K 280 -1 56 4961 56 5507
G: K 281 -1 56 5520 57 1134
G: K 282 1 57 1176 57 3360
G: K 283 -1 57 3356 57 4016
G: K 284 -1 57 4008 58 107
G: K 285 -1 58 167 58 1859
G: K 286 -1 58 2520 58 3015
G: K 287 1 58 3346 58 4828
G: K 288 1 58 5048 58 5450
G: K 289 1 58 5409 59 775
G: K 290 1 59 777 59 1368
G: K 291 1 59 1399 59 1657
G: K 292 1 60 407 60 1514
G: K 293 1 60 1506 60 2247
G: K 294 1 60 2236 60 3874
G: K 295 -1 60 3870 60 4290
G: K 296 -1 60 4289 61 2153
G: K 297 -1 61 2210 61 2975
G: K 298 -1 61 2967 61 4437
G: K 299 -1 61 4554 61 5658
G: K 300 -1 61 5660 61 6050
G: K 301 -1 61 6169 62 91
G: K 302 -1 62 97 62 3067
G: K 303 -1 62 3269 62 4235
G: K 304 -1 62 4252 62 5482
G: K 305 -1 62 5483 62 6515
G: K 306 -1 62 6545 63 175
G: K 307 -1 63 150 63 1251
G: K 308 -1 63 1232 63 2054
G: K 309 -1 63 2179 63 3982
G: K 310 -1 63 4069 63 5251
G: K 311 -1 63 5250 64 2545
G: K 312 -1 64 2526 64 3786
G: K 501 -1 64 3791 64 5180
G: K 313 -1 64 5181 65 2814
G: K 314 1 65 2867 65 3680
G: K 315 -1 65 3686 65 4313
G: K 316 -1 65 4335 66 2120
G: K 317 -1 66 2179 66 3046
G: K 318 -1 66 3090 66 4437
G: K 319 -1 66 4460 67 332
G: K 320 -1 67 255 67 1374
G: K 321 -1 67 1414 67 3220
G: K 322 -1 67 3234 67 4098
G: K 323 -1 67 4114 67 4639
G: K 324 -1 67 4742 68 626
G: K 325 -1 68 946 68 3805
G: K 326 -1 68 4604 69 804
G: K 327 1 69 860 69 1544
G: K 500 -1 69 2378 69 6185
G: K 328 -1 69 6186 70 188
G: K 329 -1 70 135 70 1221
G: K 330 -1 70 1220 70 1385
G: K 331 -1 70 1401 70 2295
G: K 332 -1 70 2307 70 3141
G: K 333 -1 70 3130 70 5425
G: K 334 -1 70 5463 70 6846
G: K 335 -1 70 6849 71 520
G: K 336 -1 71 528 71 1167
G: K 337 -1 71 1154 71 1874
G: K 338 -1 71 2510 71 5063
G: K 339 -1 71 5052 71 5628
G: K 340 -1 71 5635 71 5863
G: K 341 1 71 5921 72 829
G: K 342 1 72 937 72 2188
G: K 343 1 72 2191 72 2608
G: K 344 -1 72 2597 73 1134
G: K 345 -1 73 1311 73 2334
G: K 611 1 73 4106 73 5573
G: K 346 -1 73 6268 74 3754
G: K 347 -1 74 3763 75 2291
G: K 348 -1 75 2380 75 2893
G: K 349 -1 75 2968 75 4039
G: K 350 -1 75 4042 75 4873
G: K 351 -1 75 4883 76 363
G: K 352 1 76 406 76 907
G: K 353 1 76 897 76 1530
G: K 354 -1 76 1681 76 2671
G: K 355 1 76 3081 76 4338
G: K 356 1 76 4337 76 5276
G: K 357 -1 76 5493 76 6204
G: K 358 1 76 6251 77 536
G: K 359 1 77 538 77 1036
G: K 360 -1 77 1032 77 1359
G: K 361 1 77 1507 77 1912
G: K 362 -1 77 1914 77 4098
G: K 363 -1 77 4251 77 5109
G: K 364 -1 77 5121 78 740
G: K 365 1 78 1547 78 2168
G: K 366 1 78 2145 78 3084
G: K 367 -1 78 3073 78 4321
G: K 368 1 78 4440 78 4941
G: K 369 1 78 4963 78 5341
G: K 370 1 78 5343 78 5517
G: K 371 -1 78 5531 78 5810
G: K 609 1 78 5872 79 312
G: K 372 1 79 313 79 997
G: K 373 1 79 989 79 1943
G: K 374 1 79 1944 79 3963
G: K 375 -1 79 3986 79 4769
G: K 376 -1 79 4758 79 5745
G: K 377 -1 79 5744 80 1549
G: K 378 -1 80 1617 80 2580
G: K 379 -1 80 2566 80 3553
G: K 380 -1 80 3542 80 4715
G: K 381 -1 80 4701 80 5565
G: K 382 -1 80 5565 81 63
G: K 383 -1 81 55 81 1777
G: K 384 -1 81 1776 81 2100
G: K 385 -1 81 2105 81 2705
G: K 386 -1 81 2751 81 4386
G: K 387 1 81 4414 81 6262
G: K 388 1 81 6254 82 360
G: K 389 1 82 352 82 1027
G: K 502 -1 82 1490 82 2549
G: K 390 1 82 2550 82 3192
G: K 391 -1 82 3188 82 3932
G: K 392 -1 82 3924 82 5235
G: K 393 -1 82 5234 82 5708
G: K 394 -1 82 5878 83 118
G: K 395 -1 83 120 83 4971
G: K 396 -1 83 5257 84 13
G: K 397 -1 84 3 84 468
G: K 398 -1 84 451 84 838
G: K 399 -1 84 841 84 2836
G: K 400 -1 84 2943 84 4287
G: K 401 -1 84 4303 85 106
G: K 402 -1 85 118 85 451
G: K 403 -1 85 576 85 1818
G: K 404 -1 85 1827 85 3450
G: K 405 -1 85 3820 85 4282
G: K 406 -1 85 4282 86 565
G: K 407 -1 86 566 86 971
G: K 408 -1 86 975 86 2418
G: K 409 -1 86 2419 86 3253
G: K 410 -1 86 3252 86 4821
G: K 411 -1 86 4836 86 5358
G: K 412 -1 86 5350 87 503
G: K 413 -1 87 505 87 814
G: K 414 -1 87 816 87 1734
G: K 415 -1 87 1696 87 2158
G: K 416 -1 87 2163 87 3540
G: K 417 1 87 3606 87 4080
G: K 418 -1 87 4076 87 4778
G: K 419 -1 87 4780 88 236
G: K 420 -1 88 220 88 2215
G: K 421 -1 88 2214 88 3363
G: K 422 -1 88 3483 89 914
G: K 423 -1 89 978 89 2982
G: K 424 -1 89 3037 89 3442
G: K 425 -1 89 3447 89 3888
G: K 426 -1 89 3925 90 695
G: K 427 -1 90 700 90 3595
G: K 428 -1 90 3566 91 47
G: K 429 -1 91 84 91 1770
G: K 430 -1 91 1772 91 2033
G: K 431 1 91 2221 91 3583
G: K 432 1 91 3605 91 3803
G: K 433 1 91 3838 91 4273
G: K 434 1 91 4383 91 4920
G: K 435 -1 91 4916 92 1256
G: K 436 -1 92 1259 92 2804
G: K 437 -1 92 2796 92 3525
G: K 438 -1 92 3584 92 4841
G: K 439 1 92 4926 93 270
G: K 440 1 93 253 93 1015
G: K 441 1 93 1014 93 1569
G: K 442 1 93 1569 93 2772
G: K 443 1 93 2791 93 3970
G: K 444 -1 93 4374 93 5202
G: K 445 -1 93 5201 94 431
G: K 446 -1 94 573 94 981
G: K 447 -1 94 1151 94 1982
G: K 448 -1 94 1953 94 3162
G: K 449 -1 94 3177 94 3543
G: K 450 -1 94 3526 94 4234
G: K 451 -1 94 4233 94 4533
G: K 452 -1 94 5143 95 1401
G: K 453 -1 95 1401 95 1857
G: K 454 -1 95 2515 95 3397
G: K 455 -1 95 3396 95 4614
G: K 456 1 95 4666 95 5452
G: K 457 1 95 5436 96 432
G: K 458 -1 96 421 96 889
G: K 459 1 96 875 96 2066
G: K 460 -1 96 2055 96 3069
G: K 461 -1 96 3621 96 5784
G: K 462 -1 96 5961 96 6492
G: K 463 -1 96 6493 97 384
G: K 464 1 97 556 97 1501
G: K 465 -1 97 1497 97 2781
G: K 466 -1 97 2761 97 4258
G: K 467 -1 97 4244 97 5021
G: K 468 -1 97 5013 98 57
G: K 469 -1 98 25 98 436
G: K 470 -1 98 401 98 554
G: K 471 -1 98 579 98 1521
G: K 472 -1 98 1524 99 1025
G: K 473 -1 99 1030 99 1888
G: K 474 -1 99 1950 99 3294
G: K 475 -1 99 3936 99 4749
G: K 504 1 99 4774 99 6109
