The input genome is 602903 bp long, 602903 will be kept.
min distance 0
----------------------------------------
fragments: id start end
F: 0 0 5368
F: 1 5368 12417
F: 2 12417 18819
F: 3 18819 25258
F: 4 25258 31360
F: 5 31360 38285
F: 6 38285 43481
F: 7 43481 49096
F: 8 49096 54775
F: 9 54775 60165
F: 10 60165 67524
F: 11 67524 72668
F: 12 72668 78495
F: 13 78495 84309
F: 14 84309 91125
F: 15 91125 97218
F: 16 97218 104329
F: 17 104329 109432
F: 18 109432 115757
F: 19 115757 121922
F: 20 121922 127459
F: 21 127459 132852
F: 22 132852 138541
F: 23 138541 144710
F: 24 144710 149774
F: 25 149774 155497
F: 26 155497 160273
F: 27 160273 165266
F: 28 165266 172624
F: 29 172624 179711
F: 30 179711 185765
F: 31 185765 191989
F: 32 191989 197793
F: 33 197793 203494
F: 34 203494 209670
F: 35 209670 215973
F: 36 215973 222405
F: 37 222405 229184
F: 38 229184 234456
F: 39 234456 239463
F: 40 239463 246701
F: 41 246701 252656
F: 42 252656 258886
F: 43 258886 265332
F: 44 265332 271386
F: 45 271386 277402
F: 46 277402 283722
F: 47 283722 290196
F: 48 290196 296274
F: 49 296274 302554
F: 50 302554 308167
F: 51 308167 314698
F: 52 314698 321388
F: 53 321388 327480
F: 54 327480 333291
F: 55 333291 339139
F: 56 339139 346483
F: 57 346483 351188
F: 58 351188 356878
F: 59 356878 363014
F: 60 363014 367862
F: 61 367862 375002
F: 62 375002 382424
F: 63 382424 388675
F: 64 388675 394810
F: 65 394810 400478
F: 66 400478 405549
F: 67 405549 410544
F: 68 410544 416039
F: 69 416039 422847
F: 70 422847 429842
F: 71 429842 436027
F: 72 436027 441351
F: 73 441351 447860
F: 74 447860 453529
F: 75 453529 460776
F: 76 460776 467046
F: 77 467046 472721
F: 78 472721 479046
F: 79 479046 485072
F: 80 485072 491503
F: 81 491503 498061
F: 82 498061 504603
F: 83 504603 510720
F: 84 510720 516573
F: 85 516573 522006
F: 86 522006 527495
F: 87 527495 533112
F: 88 533112 538789
F: 89 538789 543813
F: 90 543813 549928
F: 91 549928 555337
F: 92 555337 560952
F: 93 560952 566594
F: 94 566594 571992
F: 95 571992 577972
F: 96 577972 584597
F: 97 584597 590723
F: 98 590723 596776
F: 99 596776 602903
----------------------------------------
genes: [Kept,Partial,Discared] locus strand fragment1 start_pos fragment2 end_pos 
G: K 0 1 0 685 0 1834
G: K 1 1 0 1833 0 2769
G: K 2 1 0 2853 0 4836
G: K 3 1 0 4850 1 2029
G: K 4 1 1 2003 1 3284
G: K 5 1 1 3287 1 3929
G: K 6 1 1 3901 1 4663
G: K 7 1 1 4665 1 6009
G: K 8 1 1 6008 1 6800
G: K 9 1 1 6828 2 445
G: K 10 -1 2 421 2 1291
G: K 11 -1 2 1295 2 2159
G: K 12 -1 2 2124 2 2955
G: K 13 1 2 3293 2 5165
G: K 597 -1 2 5210 2 5687
G: K 14 1 2 5688 3 1056
G: K 15 1 3 1065 3 4173
G: K 16 1 3 4214 3 5423
G: K 17 1 3 5406 3 6333
G: K 18 1 3 6332 4 1462
G: K 19 1 4 1491 4 1950
G: K 20 1 4 1955 4 2855
G: K 21 1 4 2855 4 3959
G: K 22 1 4 4161 4 5070
G: K 23 1 4 5073 4 5646
G: K 24 1 4 5614 4 6073
G: K 25 1 4 6072 5 588
G: K 26 -1 5 577 5 1150
G: K 27 -1 5 1151 5 1769
G: K 28 -1 5 1802 5 6164
G: K 29 1 5 6426 6 1544
G: K 30 1 6 1693 6 2479
G: K 31 -1 6 2444 6 3098
G: K 32 1 6 3126 6 4392
G: K 33 1 6 4381 7 892
G: K 34 1 7 864 7 2220
G: K 35 -1 7 2216 7 3749
G: K 36 -1 7 3739 7 4900
G: K 37 1 7 5058 8 1243
G: K 38 1 8 1263 8 1530
G: K 39 1 8 1727 8 3425
G: K 40 1 8 3429 8 4290
G: K 41 1 8 4270 8 5143
G: K 42 1 8 5127 9 903
G: K 43 1 9 904 9 1852
G: K 44 1 9 1835 9 2990
G: K 45 -1 9 3219 9 4593
G: K 46 1 9 4645 9 5374
G: K 47 1 9 5377 10 665
G: K 48 1 10 648 10 1929
G: K 601 -1 10 1936 10 2245
G: K 49 1 10 2246 10 2642
G: K 50 1 10 2641 10 4318
G: K 51 -1 10 4294 10 5245
G: K 52 -1 10 5248 10 5626
G: K 53 -1 10 5632 10 5782
G: K 54 -1 10 5795 10 6182
G: K 55 -1 10 6168 10 7023
G: K 56 -1 10 7004 11 203
G: K 57 -1 11 181 11 1180
G: K 58 -1 11 1160 11 1610
G: K 59 1 11 1616 11 2510
G: K 60 -1 11 2491 11 4207
G: K 61 1 11 4511 12 1464
G: K 62 1 12 1411 12 2329
G: K 63 1 12 2584 13 855
G: K 64 1 13 854 13 2306
G: K 65 1 13 2309 13 4256
G: K 66 1 13 4266 14 24
G: K 67 1 14 47 14 1490
G: K 68 1 14 5673 15 1638
G: K 69 1 15 1748 15 2624
G: K 70 1 15 2628 15 5322
G: K 71 1 15 5308 16 1663
G: K 72 1 16 1634 16 3641
G: K 73 1 16 3643 16 4051
G: K 74 1 16 4114 17 90
G: K 75 -1 17 86 17 509
G: K 76 1 17 742 17 1987
G: K 77 1 17 1979 17 3116
G: K 600 1 17 3116 17 3521
G: K 78 1 17 3522 17 4752
G: K 79 1 17 4751 18 2225
G: K 598 -1 18 2279 18 3230
G: K 80 1 18 3231 18 3651
G: K 81 1 18 3650 18 4331
G: K 82 1 18 4330 18 4900
G: K 83 1 18 4892 18 5768
G: K 84 1 18 5768 19 379
G: K 85 1 19 371 19 1538
G: K 86 1 19 1566 19 1986
G: K 87 1 19 2002 19 2470
G: K 88 1 19 2479 19 4552
G: K 89 1 19 4603 19 5236
G: K 90 1 19 5236 19 5728
G: K 91 1 19 5717 19 6038
G: K 92 1 19 6040 20 328
G: K 93 1 20 311 20 1718
G: K 94 1 20 1721 20 2918
G: K 95 1 20 3101 20 5075
G: K 96 1 20 5131 21 338
G: K 97 1 21 437 21 1895
G: K 98 1 21 1897 21 3331
G: K 99 1 21 3323 21 4760
G: K 100 1 21 4731 22 25
G: K 101 1 22 17 22 971
G: K 102 1 22 960 22 1803
G: K 103 1 22 1824 22 2064
G: K 104 1 22 2066 22 4271
G: K 105 1 22 4278 22 4881
G: K 106 -1 22 4852 22 5461
G: K 107 1 22 5501 23 391
G: K 108 1 23 390 23 1173
G: K 109 1 23 1157 23 2354
G: K 110 1 23 2340 23 3183
G: K 111 1 23 3197 23 4544
G: K 113 1 23 4557 23 5937
G: K 114 1 23 5872 24 417
G: K 115 1 24 441 24 918
G: K 116 1 24 926 24 1685
G: K 117 1 24 1674 24 2355
G: K 118 1 24 2335 24 3373
G: K 119 1 24 3387 25 36
G: K 120 1 25 42 25 1605
G: K 121 1 25 1607 25 2528
G: K 122 1 25 2567 25 4739
G: K 123 1 25 4713 26 439
G: K 124 1 26 485 26 803
G: K 125 1 26 808 26 1693
G: K 126 -1 26 1673 26 2717
G: K 127 1 26 2752 26 3193
G: K 596 -1 26 3199 26 4135
G: K 128 1 26 4136 27 152
G: K 129 1 27 151 27 505
G: K 130 1 27 494 27 1961
G: K 131 -1 27 2521 27 2950
G: K 132 -1 27 2930 27 3725
G: K 133 1 27 3744 27 4047
G: K 134 -1 27 4018 27 4879
G: K 135 1 27 4927 28 1443
G: K 136 1 28 1384 28 2608
G: K 137 1 28 2607 28 4431
G: K 138 1 28 4514 28 6248
G: K 139 1 30 427 30 3793
G: K 140 1 30 3797 30 5405
G: K 141 1 30 5404 30 5686
G: K 142 1 30 5669 31 1487
G: K 143 1 31 1470 31 1812
G: K 144 1 31 1836 31 2706
G: K 145 1 31 2705 31 3542
G: K 146 1 31 3554 31 4856
G: K 147 1 31 4842 31 5985
G: K 148 1 31 6023 32 1026
G: K 149 1 32 1101 32 1953
G: K 495 1 32 1991 32 4541
G: K 150 1 32 4542 32 5016
G: K 151 1 32 5105 32 5435
G: K 152 1 32 5438 33 423
G: K 153 1 33 422 33 1058
G: K 154 1 33 1061 33 1388
G: K 155 1 33 1387 33 2260
G: K 156 1 33 2259 33 2523
G: K 157 1 33 2525 33 2963
G: K 158 1 33 2965 33 3781
G: K 159 1 33 3786 33 4203
G: K 160 1 33 4202 33 4820
G: K 161 1 33 4819 33 5077
G: K 162 1 33 5080 33 5443
G: K 163 1 33 5442 34 68
G: K 164 1 34 73 34 640
G: K 165 1 34 642 34 828
G: K 166 1 34 821 34 1247
G: K 167 1 34 1253 34 1811
G: K 168 1 34 1812 34 2169
G: K 169 1 34 2173 34 2815
G: K 170 1 34 2820 34 3273
G: K 171 1 34 3272 34 4751
G: K 172 1 34 4744 34 5407
G: K 173 1 34 5409 35 4
G: K 174 1 35 3 35 219
G: K 175 1 35 229 35 343
G: K 176 1 35 342 35 735
G: K 177 1 35 734 35 1103
G: K 178 1 35 1118 35 2123
G: K 499 -1 35 2134 35 2806
G: K 179 1 35 2807 35 3191
G: K 180 1 35 3174 35 4011
G: K 181 1 35 3995 35 4910
G: K 182 1 35 4902 35 6174
G: K 183 1 35 6166 36 607
G: K 184 1 36 596 36 2432
G: K 185 1 36 2432 36 3404
G: K 186 1 36 3503 36 5660
G: K 595 1 37 1693 37 2947
G: K 187 1 37 2948 37 3704
G: K 188 1 37 3696 37 5454
G: K 189 1 37 5456 37 6449
G: K 190 1 37 6417 38 625
G: K 191 1 38 793 38 1750
G: K 192 1 38 1756 39 912
G: K 193 1 39 913 39 4084
G: K 194 1 40 2018 40 3044
G: K 736 1 40 3046 40 5206
G: K 195 1 40 5207 41 390
G: K 196 1 41 448 41 1000
G: K 197 1 41 1002 41 1182
G: K 198 1 41 1184 41 1562
G: K 199 1 41 2287 41 4129
G: K 200 1 41 4140 41 4800
G: K 201 1 41 4809 41 5178
G: K 202 1 41 5305 42 1282
G: K 203 1 42 1281 42 3642
G: K 204 -1 42 3638 42 4679
G: K 205 1 42 4714 43 299
G: K 206 1 43 279 43 795
G: K 207 -1 43 787 43 1378
G: K 208 -1 43 1361 43 2291
G: K 209 -1 43 2290 43 2836
G: K 210 1 43 3036 43 3705
G: K 211 1 43 3704 43 3896
G: K 212 1 43 3897 43 4341
G: K 213 1 43 4343 43 4691
G: K 214 1 43 4683 43 5499
G: K 215 1 43 5491 44 473
G: K 216 1 44 456 44 1080
G: K 217 1 44 1098 44 2070
G: K 218 1 44 2072 44 3650
G: K 219 1 44 4569 44 5718
G: K 220 1 44 5735 45 5183
G: K 221 1 45 5185 46 210
G: K 222 1 46 172 46 610
G: K 223 -1 46 641 46 926
G: K 224 1 46 1235 46 1667
G: K 225 1 46 1656 46 2592
G: K 226 1 46 2593 46 3832
G: K 602 1 46 3833 46 4346
G: K 227 1 46 4347 46 5457
G: K 228 1 46 5502 47 649
G: K 229 1 47 614 47 2123
G: K 230 1 47 2594 47 3467
G: K 231 1 47 3466 47 3946
G: K 232 1 47 3951 47 4974
G: K 233 1 47 4977 47 5448
G: K 234 1 47 5466 48 1179
G: K 739 1 48 1270 48 1933
G: K 235 1 48 1934 48 2237
G: K 236 1 48 2229 48 2520
G: K 237 1 48 2512 48 2827
G: K 238 1 48 2819 48 3710
G: K 239 1 48 3696 48 4116
G: K 240 1 48 4108 48 4993
G: K 241 1 48 5022 49 291
G: K 242 1 49 359 49 2771
G: K 243 -1 49 2767 49 3838
G: K 244 1 49 3890 49 5759
G: K 245 1 49 5764 50 1392
G: K 738 -1 50 1541 50 2102
G: K 246 1 50 2641 50 4792
G: K 247 1 50 4794 50 5304
G: K 248 1 50 5293 51 532
G: K 249 -1 51 518 51 1241
G: K 250 -1 51 1221 51 1899
G: K 251 -1 51 1882 51 3391
G: K 252 -1 51 3435 51 5280
G: K 253 -1 51 5269 52 82
G: K 254 -1 52 101 52 854
G: K 255 -1 52 856 52 2173
G: K 256 -1 52 2177 52 4181
G: K 257 1 52 4356 52 5481
G: K 258 1 52 5584 52 6043
G: K 259 1 52 6209 53 302
G: K 260 1 53 347 53 638
G: K 261 1 53 637 53 1729
G: K 262 1 53 1729 53 3097
G: K 263 1 53 3227 53 5549
G: K 264 1 54 2349 54 5025
G: K 265 1 54 5031 55 126
G: K 266 1 55 125 55 989
G: K 267 1 55 1104 55 2010
G: K 268 1 55 2000 55 2624
G: K 269 -1 55 2553 55 3417
G: K 270 -1 55 3435 55 5844
G: K 271 -1 55 5844 56 350
G: K 272 -1 56 383 56 1073
G: K 273 -1 56 1223 56 2264
G: K 274 -1 56 2644 56 3661
G: K 275 -1 56 3671 56 5066
G: K 276 -1 56 5069 56 6260
G: K 277 -1 56 6509 57 152
G: K 278 -1 57 169 57 1246
G: K 279 -1 57 1273 57 2731
G: K 280 -1 57 2813 57 3356
G: K 281 -1 57 3369 58 1586
G: K 282 1 58 1628 58 3803
G: K 283 -1 58 3799 58 4462
G: K 284 -1 58 4454 58 5264
G: K 285 -1 58 5321 59 1365
G: K 286 -1 59 2026 59 2512
G: K 287 1 59 2843 59 4301
G: K 288 1 59 4521 59 4920
G: K 289 1 59 4882 59 5926
G: K 290 1 59 5928 60 401
G: K 291 1 60 432 60 687
G: K 292 1 61 725 61 1847
G: K 293 1 61 1836 61 2574
G: K 294 1 61 2563 61 4195
G: K 295 -1 61 4191 61 4614
G: K 296 -1 61 4613 62 191
G: K 297 -1 62 248 62 1007
G: K 298 -1 62 999 62 2430
G: K 299 -1 62 2547 62 3666
G: K 300 -1 62 3668 62 4058
G: K 301 -1 62 4177 62 5245
G: K 302 -1 62 5251 63 832
G: K 303 -1 63 1034 63 1997
G: K 304 -1 63 2014 63 3268
G: K 305 -1 63 3269 63 4286
G: K 306 -1 63 4316 63 5297
G: K 307 -1 63 5275 64 101
G: K 308 -1 64 82 64 913
G: K 309 -1 64 1038 64 2844
G: K 310 -1 64 2931 64 4134
G: K 311 -1 64 4136 65 1577
G: K 312 -1 65 1561 65 2794
G: K 313 -1 65 2800 66 837
G: K 314 1 66 890 66 1694
G: K 315 -1 66 1700 66 2327
G: K 316 -1 66 2349 67 698
G: K 317 -1 67 757 67 1639
G: K 318 -1 67 1683 67 3042
G: K 319 -1 67 3065 67 3974
G: K 320 -1 67 3894 68 12
G: K 321 -1 68 52 68 1852
G: K 322 -1 68 1866 68 2718
G: K 323 -1 68 2734 68 3262
G: K 324 -1 68 3365 68 4256
G: K 325 -1 68 4576 69 1943
G: K 326 -1 69 2742 69 4437
G: K 327 1 69 4493 69 5177
G: K 328 -1 69 6012 70 47
G: K 329 -1 69 6796 70 1071
G: K 330 -1 70 1070 70 1232
G: K 331 -1 70 1248 70 2154
G: K 332 -1 70 2166 70 2982
G: K 333 -1 70 2968 70 5251
G: K 334 -1 70 5289 70 6666
G: K 335 -1 70 6669 71 322
G: K 336 -1 71 330 71 984
G: K 337 -1 71 971 71 1691
G: K 338 -1 71 2327 71 4844
G: K 339 -1 71 4833 71 5427
G: K 340 -1 71 5434 71 5656
G: K 341 1 71 5714 72 579
G: K 342 1 72 687 72 1953
G: K 498 1 72 1955 72 3224
G: K 343 1 72 3225 72 3642
G: K 344 -1 72 3628 73 2177
G: K 345 -1 73 2351 73 3386
G: K 497 -1 73 3844 73 4621
G: K 346 -1 74 121 74 4024
G: K 347 -1 74 4033 75 2537
G: K 348 -1 75 2626 75 3136
G: K 349 -1 75 3214 75 4255
G: K 350 -1 75 4258 75 5086
G: K 351 -1 75 5096 76 585
G: K 352 1 76 628 76 1150
G: K 353 1 76 1140 76 1788
G: K 354 -1 76 1939 76 2908
G: K 355 1 76 3318 76 4545
G: K 356 1 76 4544 76 5483
G: K 357 -1 76 5700 77 108
G: K 358 1 77 155 77 710
G: K 359 1 77 712 77 1252
G: K 360 -1 77 1248 77 1578
G: K 361 1 77 1726 77 2137
G: K 362 -1 77 2139 77 4311
G: K 363 -1 77 4464 77 5310
G: K 364 -1 77 5322 78 850
G: K 365 1 78 1657 78 2290
G: K 366 1 78 2264 78 3188
G: K 367 -1 78 3177 78 4422
G: K 368 1 78 4541 78 5051
G: K 369 1 78 5073 78 5442
G: K 370 1 78 5444 78 5618
G: K 371 -1 78 5632 78 5911
G: K 372 1 78 5974 79 330
G: K 373 1 79 322 79 1258
G: K 374 1 79 1259 79 3266
G: K 375 -1 79 3289 79 4093
G: K 376 -1 79 4082 79 5081
G: K 377 -1 79 5080 80 728
G: K 735 1 80 795 80 1185
G: K 740 1 80 1185 80 1485
G: K 378 -1 80 1486 80 2467
G: K 379 -1 80 2453 80 3443
G: K 380 -1 80 3435 80 4605
G: K 381 -1 80 4594 80 5452
G: K 382 -1 80 5452 80 6280
G: K 383 -1 80 6272 81 1536
G: K 384 -1 81 1535 81 1856
G: K 385 -1 81 1861 81 2443
G: K 386 -1 81 2489 81 4151
G: K 387 1 81 4179 81 6039
G: K 388 1 81 6031 82 52
G: K 389 1 82 44 82 701
G: K 390 1 82 1165 82 1825
G: K 391 -1 82 1821 82 2568
G: K 392 -1 82 2560 82 3877
G: K 394 -1 82 4047 82 4767
G: K 395 -1 82 4769 83 3216
G: K 396 -1 83 3502 83 4402
G: K 397 -1 83 4389 83 4860
G: K 398 -1 83 4843 83 5230
G: K 399 -1 83 5233 84 1126
G: K 400 -1 84 1233 84 2601
G: K 401 -1 84 2617 84 4249
G: K 402 -1 84 4261 84 4594
G: K 403 -1 84 4719 85 108
G: K 404 -1 85 117 85 1722
G: K 405 -1 85 2092 85 2551
G: K 406 -1 85 2551 85 4252
G: K 407 -1 85 4253 85 4661
G: K 408 -1 85 4665 86 663
G: K 737 1 86 663 86 2397
G: K 409 -1 86 2398 86 3250
G: K 410 -1 86 3249 86 4815
G: K 411 -1 86 4830 86 5361
G: K 412 -1 86 5353 87 497
G: K 413 -1 87 499 87 814
G: K 414 -1 87 816 87 1692
G: K 415 -1 87 1657 87 2134
G: K 416 -1 87 2139 87 3552
G: K 417 1 87 3618 87 4104
G: K 418 -1 87 4100 87 4781
G: K 419 -1 87 4783 88 156
G: K 420 -1 88 140 88 2150
G: K 421 -1 88 2149 88 3307
G: K 422 -1 88 3427 89 885
G: K 423 -1 89 949 89 2998
G: K 424 -1 89 3053 89 3452
G: K 425 -1 89 3457 89 3904
G: K 426 -1 89 3941 90 714
G: K 496 -1 90 718 90 949
G: K 427 -1 90 950 90 3839
G: K 428 -1 90 3810 91 308
G: K 429 -1 91 345 91 2070
G: K 430 -1 91 2072 91 2351
G: K 431 1 91 2539 91 3922
G: K 432 1 91 3944 91 4130
G: K 433 1 91 4165 91 4594
G: K 434 1 91 4704 91 5220
G: K 435 -1 91 5216 92 1526
G: K 436 -1 92 1529 92 3128
G: K 437 -1 92 3120 92 3873
G: K 438 -1 92 3932 92 5153
G: K 439 1 92 5238 93 520
G: K 440 1 93 497 93 1238
G: K 441 1 93 1237 93 1804
G: K 442 1 93 1804 93 3016
G: K 443 1 93 3035 93 4187
G: K 444 -1 93 4591 93 5422
G: K 445 -1 93 5421 94 571
G: K 446 -1 94 713 94 1133
G: K 447 -1 94 1303 94 2134
G: K 448 -1 94 2108 94 3314
G: K 449 -1 94 3329 94 3704
G: K 450 -1 94 3684 94 4407
G: K 451 -1 94 4406 94 4700
G: K 452 -1 94 5310 95 1571
G: K 453 -1 95 1571 95 2051
G: K 454 -1 95 2709 95 3588
G: K 455 -1 95 3587 95 4760
G: K 456 1 95 4812 95 5604
G: K 457 1 95 5588 96 496
G: K 458 -1 96 485 96 962
G: K 459 1 96 948 96 2148
G: K 460 -1 96 2137 96 3151
G: K 461 -1 96 3703 96 5854
G: K 462 -1 96 6031 96 6565
G: K 463 -1 96 6566 97 466
G: K 464 1 97 638 97 1574
G: K 465 -1 97 1570 97 2884
G: K 466 -1 97 2864 97 4334
G: K 467 -1 97 4320 97 5127
G: K 468 -1 97 5119 98 172
G: K 469 -1 98 140 98 530
G: K 470 -1 98 498 98 642
G: K 471 -1 98 667 98 1606
G: K 599 -1 98 1608 98 2994
G: K 472 -1 98 2995 99 2381
G: K 473 -1 99 2386 99 3238
G: K 474 -1 99 3300 99 4632
G: K 475 -1 99 5274 99 6084
