The input genome is 592613 bp long, 592613 will be kept.
min distance 0
----------------------------------------
fragments: id start end
F: 0 0 5258
F: 1 5258 12046
F: 2 12046 18365
F: 3 18365 24664
F: 4 24664 30766
F: 5 30766 37495
F: 6 37495 42673
F: 7 42673 47904
F: 8 47904 53560
F: 9 53560 58746
F: 10 58746 65984
F: 11 65984 71122
F: 12 71122 76880
F: 13 76880 82445
F: 14 82445 89145
F: 15 89145 95050
F: 16 95050 102067
F: 17 102067 107020
F: 18 107020 113326
F: 19 113326 119434
F: 20 119434 124955
F: 21 124955 130159
F: 22 130159 135759
F: 23 135759 141846
F: 24 141846 146843
F: 25 146843 152485
F: 26 152485 157245
F: 27 157245 162125
F: 28 162125 169396
F: 29 169396 176467
F: 30 176467 182401
F: 31 182401 188557
F: 32 188557 194326
F: 33 194326 200000
F: 34 200000 205991
F: 35 205991 212049
F: 36 212049 218141
F: 37 218141 224737
F: 38 224737 229965
F: 39 229965 234972
F: 40 234972 242135
F: 41 242135 248085
F: 42 248085 254232
F: 43 254232 260579
F: 44 260579 266572
F: 45 266572 272538
F: 46 272538 278713
F: 47 278713 285187
F: 48 285187 291217
F: 49 291217 297273
F: 50 297273 302833
F: 51 302833 309232
F: 52 309232 315765
F: 53 315765 321857
F: 54 321857 327577
F: 55 327577 333346
F: 56 333346 340622
F: 57 340622 345327
F: 58 345327 350958
F: 59 350958 357013
F: 60 357013 361766
F: 61 361766 368677
F: 62 368677 375868
F: 63 375868 382119
F: 64 382119 388217
F: 65 388217 393847
F: 66 393847 398886
F: 67 398886 403878
F: 68 403878 409373
F: 69 409373 416106
F: 70 416106 423101
F: 71 423101 429178
F: 72 429178 434438
F: 73 434438 440807
F: 74 440807 446437
F: 75 446437 453647
F: 76 453647 459736
F: 77 459736 465222
F: 78 465222 471313
F: 79 471313 476960
F: 80 476960 483205
F: 81 483205 489592
F: 82 489592 495963
F: 83 495963 502042
F: 84 502042 507811
F: 85 507811 513244
F: 86 513244 518563
F: 87 518563 524069
F: 88 524069 529746
F: 89 529746 534714
F: 90 534714 540586
F: 91 540586 545995
F: 92 545995 551543
F: 93 551543 557007
F: 94 557007 562404
F: 95 562404 568256
F: 96 568256 574755
F: 97 574755 580806
F: 98 580806 586540
F: 99 586540 592613
----------------------------------------
genes: [Kept,Partial,Discared] locus strand fragment1 start_pos fragment2 end_pos 
G: K 0 1 0 685 0 1834
G: K 1 1 0 1833 0 2784
G: K 2 1 0 2868 0 4830
G: K 3 1 0 4844 1 2127
G: K 4 1 1 2098 1 3373
G: K 5 1 1 3376 1 4003
G: K 6 1 1 3975 1 4740
G: K 7 1 1 4742 1 6068
G: K 8 1 1 6067 2 68
G: K 494 -1 2 95 2 755
G: K 9 1 2 756 2 1407
G: K 10 -1 2 1383 2 2247
G: K 568 -1 2 2250 2 2628
G: K 11 -1 2 2629 2 3481
G: K 12 -1 2 3443 2 4265
G: K 13 1 2 4603 3 156
G: K 14 1 3 202 3 1987
G: K 15 1 3 1996 3 5110
G: K 16 1 3 5151 4 28
G: K 17 1 4 8 4 947
G: K 18 1 4 946 4 2485
G: K 19 1 4 2514 4 2952
G: K 20 1 4 2957 4 3818
G: K 21 1 4 3818 4 4934
G: K 22 1 4 5136 4 6048
G: K 23 1 4 6051 5 546
G: K 24 1 5 514 5 973
G: K 25 1 5 972 5 1563
G: K 26 -1 5 1552 5 2110
G: K 27 -1 5 2111 5 2747
G: K 28 -1 5 2780 6 485
G: K 29 1 6 747 6 2748
G: K 30 1 6 2897 6 3677
G: K 31 -1 6 3645 6 4296
G: K 32 1 6 4324 7 391
G: K 33 1 7 380 7 2048
G: K 34 1 7 2020 7 3373
G: K 35 -1 7 3369 7 4902
G: K 36 -1 7 4892 8 834
G: K 37 1 8 992 8 2795
G: K 38 1 8 2815 8 3082
G: K 39 1 8 3279 8 4968
G: K 40 1 8 4972 9 171
G: K 41 1 9 154 9 1024
G: K 42 1 9 1008 9 2475
G: K 43 1 9 2476 9 3430
G: K 44 1 9 3413 9 4571
G: K 45 -1 9 4800 10 970
G: K 46 1 10 1022 10 1778
G: K 47 1 10 1781 10 2453
G: K 48 1 10 2439 10 3705
G: K 49 1 10 3713 10 4106
G: K 50 1 10 4105 10 5776
G: K 51 -1 10 5752 10 6700
G: K 571 -1 10 6702 10 6993
G: K 52 -1 10 6994 11 128
G: K 53 -1 11 134 11 281
G: K 54 -1 11 294 11 678
G: K 55 -1 11 664 11 1489
G: K 56 -1 11 1470 11 2007
G: K 57 -1 11 1985 11 2984
G: K 58 -1 11 2964 11 3408
G: K 59 1 11 3414 11 4302
G: K 60 -1 11 4280 12 852
G: K 61 1 12 1156 12 3238
G: K 62 1 12 3188 12 4106
G: K 63 1 12 4361 13 2599
G: K 64 1 13 2598 13 3999
G: K 65 1 13 4002 14 405
G: K 66 1 14 415 14 1987
G: K 67 1 14 2010 14 3432
G: K 68 1 15 915 15 3642
G: K 69 1 15 3752 15 4607
G: K 70 1 15 4611 16 1340
G: K 71 1 16 1326 16 3792
G: K 72 1 16 3769 16 5764
G: K 73 1 16 5766 16 6180
G: K 74 1 16 6243 17 2337
G: K 75 -1 17 2333 17 2750
G: K 76 1 17 2983 17 4207
G: K 77 1 17 4199 18 377
G: K 78 1 18 378 18 1605
G: K 79 1 18 1604 18 4151
G: K 80 1 18 4206 18 4620
G: K 81 1 18 4619 18 5300
G: K 82 1 18 5299 18 5899
G: K 83 1 18 5891 19 479
G: K 84 1 19 479 19 1421
G: K 85 1 19 1413 19 2601
G: K 86 1 19 2629 19 3049
G: K 87 1 19 3065 19 3551
G: K 88 1 19 3560 19 5633
G: K 89 1 19 5684 20 215
G: K 90 1 20 215 20 698
G: K 91 1 20 687 20 1005
G: K 92 1 20 1007 20 1481
G: K 93 1 20 1464 20 2886
G: K 94 1 20 2889 20 4086
G: K 95 1 20 4269 21 701
G: K 96 1 21 757 21 1492
G: K 97 1 21 1591 21 3022
G: K 98 1 21 3024 21 4461
G: K 99 1 21 4453 22 704
G: K 100 1 22 678 22 1347
G: K 101 1 22 1339 22 2287
G: K 102 1 22 2276 22 3122
G: K 103 1 22 3143 22 3371
G: K 104 1 22 3373 22 5560
G: K 105 1 22 5567 23 585
G: K 106 -1 23 559 23 1144
G: K 107 1 23 1184 23 1754
G: K 108 1 23 1753 23 2551
G: K 109 1 23 2535 23 3711
G: K 110 1 23 3697 23 4546
G: K 111 1 23 4560 23 5877
G: K 112 1 23 5866 24 409
G: K 113 1 24 422 24 1793
G: K 114 1 24 1728 24 2439
G: K 115 1 24 2463 24 2937
G: K 116 1 24 2945 24 3704
G: K 117 1 24 3696 24 4341
G: K 118 1 24 4321 25 347
G: K 119 1 25 361 25 2080
G: K 120 1 25 2086 25 3679
G: K 121 1 25 3681 25 4605
G: K 122 1 25 4644 26 1150
G: K 123 1 26 1124 26 2564
G: K 124 1 26 2610 26 2919
G: K 125 1 26 2924 26 3791
G: K 126 -1 26 3771 27 64
G: K 127 1 27 99 27 540
G: K 128 1 27 547 27 1333
G: K 129 1 27 1332 27 1686
G: K 130 1 27 1675 27 3151
G: K 131 -1 27 3711 27 4137
G: K 132 -1 27 4114 28 29
G: K 133 1 28 48 28 351
G: K 134 -1 28 322 28 1177
G: K 135 1 28 1225 28 2698
G: K 136 1 28 2639 28 3863
G: K 137 1 28 3862 28 5677
G: K 138 1 28 5760 29 199
G: K 139 1 30 1752 30 5112
G: K 569 -1 30 5115 31 246
G: K 140 1 31 247 31 1855
G: K 141 1 31 1854 31 2130
G: K 142 1 31 2116 31 3988
G: K 143 1 31 3974 31 4313
G: K 144 1 31 4337 31 5189
G: K 145 1 31 5188 31 5998
G: K 146 1 31 6010 32 1132
G: K 147 1 32 1118 32 2249
G: K 148 1 32 2287 32 3535
G: K 149 1 32 3610 32 4471
G: K 150 1 32 4510 32 4975
G: K 151 1 32 5064 32 5385
G: K 152 1 32 5388 33 393
G: K 153 1 33 392 33 1031
G: K 154 1 33 1034 33 1358
G: K 155 1 33 1357 33 2251
G: K 156 1 33 2250 33 2511
G: K 157 1 33 2513 33 2948
G: K 158 1 33 2950 33 3754
G: K 159 1 33 3759 33 4176
G: K 160 1 33 4175 33 4778
G: K 161 1 33 4777 33 5032
G: K 162 1 33 5035 33 5401
G: K 163 1 33 5400 34 50
G: K 164 1 34 55 34 598
G: K 165 1 34 600 34 786
G: K 166 1 34 779 34 1205
G: K 167 1 34 1211 34 1760
G: K 168 1 34 1761 34 2121
G: K 169 1 34 2125 34 2761
G: K 170 1 34 2766 34 3216
G: K 171 1 34 3215 34 4643
G: K 172 1 34 4636 34 5293
G: K 173 1 34 5295 35 63
G: K 174 1 35 62 35 269
G: K 175 1 35 279 35 396
G: K 176 1 35 395 35 770
G: K 177 1 35 769 35 1135
G: K 178 1 35 1150 35 2143
G: K 179 1 35 2155 35 2533
G: K 180 1 35 2519 35 3347
G: K 181 1 35 3328 35 4255
G: K 182 1 35 4247 35 5531
G: K 183 1 35 5523 36 200
G: K 184 1 36 189 36 2013
G: K 185 1 36 2013 36 2985
G: K 186 1 36 3084 36 5187
G: K 187 1 37 1561 37 2314
G: K 188 1 37 2306 37 4106
G: K 189 1 37 4108 37 5125
G: K 190 1 37 5093 37 6062
G: K 191 1 37 6230 38 591
G: K 493 1 38 596 38 1595
G: K 192 1 38 1596 39 703
G: K 492 -1 39 703 39 1279
G: K 193 1 39 1280 39 4451
G: K 194 1 40 2385 40 3411
G: K 195 1 40 3414 40 5853
G: K 196 1 40 5911 40 6457
G: K 197 1 40 6459 40 6639
G: K 198 1 40 6641 40 7019
G: K 199 1 41 581 41 2390
G: K 200 1 41 2401 41 3055
G: K 201 1 41 3064 41 3433
G: K 202 1 41 3560 41 5486
G: K 203 1 41 5485 42 1941
G: K 204 -1 42 1937 42 2975
G: K 205 1 42 3010 42 4822
G: K 206 1 42 4802 42 5306
G: K 207 -1 42 5298 42 5898
G: K 208 -1 42 5881 43 676
G: K 209 -1 43 675 43 1236
G: K 210 1 43 1436 43 2099
G: K 211 1 43 2098 43 2293
G: K 212 1 43 2294 43 2741
G: K 213 1 43 2743 43 3082
G: K 214 1 43 3074 43 3881
G: K 215 1 43 3873 43 5289
G: K 216 1 43 5272 43 5899
G: K 217 1 43 5917 44 554
G: K 218 1 44 556 44 2098
G: K 219 1 44 3017 44 4148
G: K 490 -1 44 4164 44 4419
G: K 220 1 44 4420 45 3911
G: K 221 1 45 3913 45 4969
G: K 222 1 45 4922 45 5375
G: K 223 -1 45 5406 45 5688
G: K 224 1 46 31 46 454
G: K 225 1 46 443 46 1391
G: K 226 1 46 1392 46 2628
G: K 227 1 46 2630 46 3761
G: K 228 1 46 3806 46 5288
G: K 229 1 46 5253 47 563
G: K 230 1 47 1034 47 1910
G: K 231 1 47 1909 47 2401
G: K 232 1 47 2406 47 3435
G: K 233 1 47 3438 47 3900
G: K 234 1 47 3918 47 6099
G: K 235 1 47 6191 48 32
G: K 236 1 48 24 48 324
G: K 237 1 48 316 48 631
G: K 238 1 48 623 48 1508
G: K 239 1 48 1497 48 1920
G: K 240 1 48 1912 48 2797
G: K 241 1 48 2826 48 4161
G: K 242 1 48 4229 49 602
G: K 243 -1 49 598 49 1651
G: K 244 1 49 1703 49 3581
G: K 245 1 49 3586 49 5485
G: K 246 1 50 117 50 2229
G: K 247 1 50 2231 50 2738
G: K 248 1 50 2730 50 3576
G: K 249 -1 50 3559 50 4276
G: K 250 -1 50 4262 50 4937
G: K 251 -1 50 4920 51 854
G: K 489 1 51 897 51 2016
G: K 252 -1 51 2017 51 3865
G: K 253 -1 51 3854 51 5195
G: K 254 -1 51 5214 51 5952
G: K 255 -1 51 5954 52 854
G: K 256 -1 52 858 52 2841
G: K 257 1 52 3016 52 4126
G: K 258 1 52 4229 52 4685
G: K 259 1 52 4851 52 5622
G: K 260 1 52 5664 52 5961
G: K 261 1 52 5960 53 531
G: K 262 1 53 531 53 1920
G: K 263 1 53 2050 53 4357
G: K 264 1 54 1157 54 3782
G: K 265 1 54 3788 54 4667
G: K 266 1 54 4666 54 5536
G: K 267 1 54 5651 55 807
G: K 268 1 55 800 55 1403
G: K 269 -1 55 1338 55 2184
G: K 270 -1 55 2202 55 4608
G: K 271 -1 55 4608 55 4956
G: K 272 -1 55 4989 55 5676
G: K 273 -1 56 57 56 1074
G: K 274 -1 56 1454 56 2465
G: K 275 -1 56 2475 56 3864
G: K 276 -1 56 3867 56 5022
G: K 277 -1 56 5271 56 6252
G: K 278 -1 56 6269 57 94
G: K 279 -1 57 121 57 1567
G: K 280 -1 57 1649 57 2192
G: K 281 -1 57 2205 58 449
G: K 282 1 58 491 58 2654
G: K 283 -1 58 2650 58 3325
G: K 284 -1 58 3317 58 4115
G: K 285 -1 58 4175 59 236
G: K 286 -1 59 897 59 1383
G: K 287 1 59 1714 59 3175
G: K 288 1 59 3395 59 3800
G: K 289 1 59 3759 59 4806
G: K 290 1 59 4808 59 5405
G: K 291 1 59 5436 59 5694
G: K 292 1 60 4525 61 900
G: K 293 1 61 889 61 1624
G: K 294 1 61 1616 61 3263
G: K 295 -1 61 3259 61 3688
G: K 296 -1 61 3687 61 6408
G: K 297 -1 61 6465 62 289
G: K 298 -1 62 281 62 1709
G: K 299 -1 62 1826 62 2918
G: K 301 -1 62 3039 62 4098
G: K 302 -1 62 4104 62 7053
G: K 303 -1 63 64 63 1027
G: K 304 -1 63 1044 63 2298
G: K 305 -1 63 2299 63 3328
G: K 306 -1 63 3358 63 4336
G: K 307 -1 63 4317 63 5394
G: K 308 -1 63 5375 63 6200
G: K 309 -1 64 74 64 1874
G: K 310 -1 64 1961 64 3152
G: K 311 -1 64 3151 65 593
G: K 312 -1 65 577 65 1822
G: K 313 -1 65 1828 65 5572
G: K 314 1 65 5625 66 811
G: K 315 -1 66 817 66 1441
G: K 316 -1 66 1463 66 4883
G: K 317 -1 66 4942 67 779
G: K 318 -1 67 823 67 2173
G: K 319 -1 67 2196 67 3090
G: K 320 -1 67 3013 67 4123
G: K 321 -1 67 4163 68 986
G: K 322 -1 68 1000 68 1840
G: K 323 -1 68 1856 68 2399
G: K 324 -1 68 2502 68 3363
G: K 325 -1 68 3683 69 1017
G: K 326 -1 69 1816 69 3526
G: K 327 1 69 3582 69 4278
G: K 328 -1 69 5113 69 5932
G: K 329 -1 69 5876 70 208
G: K 330 -1 70 207 70 372
G: K 331 -1 70 388 70 1270
G: K 332 -1 70 1282 70 2089
G: K 333 -1 70 2075 70 4367
G: K 334 -1 70 4405 70 5746
G: K 335 -1 70 5749 70 6403
G: K 336 -1 70 6411 71 64
G: K 337 -1 71 51 71 768
G: K 338 -1 71 1404 71 3927
G: K 339 -1 71 3916 71 4495
G: K 340 -1 71 4502 71 4721
G: K 341 1 71 4782 71 5805
G: K 342 1 71 5913 72 1081
G: K 343 1 72 1084 72 1501
G: K 344 -1 72 1487 73 94
G: K 345 -1 73 271 73 1294
G: K 346 -1 73 3761 74 1271
G: K 347 -1 74 1280 74 5501
G: K 348 -1 74 5590 75 467
G: K 349 -1 75 545 75 1604
G: K 350 -1 75 1607 75 2441
G: K 351 -1 75 2451 75 5139
G: K 352 1 75 5182 75 5686
G: K 353 1 75 5676 75 6318
G: K 570 1 75 6468 76 734
G: K 354 -1 76 735 76 1728
G: K 355 1 76 2138 76 3380
G: K 356 1 76 3379 76 4333
G: K 357 -1 76 4550 76 5240
G: K 358 1 76 5287 76 5854
G: K 359 1 76 5856 77 268
G: K 360 -1 77 264 77 597
G: K 361 1 77 745 77 1177
G: K 362 -1 77 1179 77 3324
G: K 363 -1 77 3477 77 4329
G: K 364 -1 77 4341 78 46
G: K 365 1 78 853 78 1477
G: K 366 1 78 1451 78 2372
G: K 367 -1 78 2361 78 3597
G: K 368 1 78 3716 78 4208
G: K 369 1 78 4230 78 4599
G: K 370 1 78 4601 78 4781
G: K 371 -1 78 4795 78 5062
G: K 372 1 78 5125 78 5806
G: K 373 1 78 5798 79 664
G: K 374 1 79 665 79 2669
G: K 375 -1 79 2692 79 3481
G: K 376 -1 79 3470 79 4460
G: K 377 -1 79 4459 80 516
G: K 378 -1 80 584 80 1562
G: K 379 -1 80 1545 80 2541
G: K 380 -1 80 2533 80 3721
G: K 381 -1 80 3704 80 4556
G: K 382 -1 80 4556 80 5399
G: K 383 -1 80 5391 81 853
G: K 384 -1 81 852 81 1167
G: K 385 -1 81 1172 81 1760
G: K 386 -1 81 1806 81 3420
G: K 387 1 81 3448 81 5293
G: K 388 1 81 5285 81 5867
G: K 389 1 81 5859 82 129
G: K 390 1 82 593 82 1235
G: K 391 -1 82 1231 82 1978
G: K 392 -1 82 1970 82 3290
G: K 393 -1 82 3289 82 3739
G: K 394 -1 82 3909 82 4623
G: K 395 -1 82 4625 83 3147
G: K 396 -1 83 3433 83 4312
G: K 397 -1 83 4299 83 4764
G: K 398 -1 83 4750 83 5137
G: K 399 -1 83 5140 84 1065
G: K 400 -1 84 1172 84 2516
G: K 401 -1 84 2532 84 4182
G: K 403 -1 84 4319 84 5561
G: K 404 -1 84 5570 85 1379
G: K 405 -1 85 1749 85 2217
G: K 406 -1 85 2217 85 3933
G: K 407 -1 85 3934 85 4348
G: K 408 -1 85 4352 86 398
G: K 409 -1 86 399 86 1239
G: K 410 -1 86 1238 86 2819
G: K 411 -1 86 2834 86 3371
G: K 412 -1 86 3363 86 3990
G: K 413 -1 86 3992 86 4304
G: K 414 -1 86 4306 86 5197
G: K 415 -1 86 5159 87 311
G: K 416 -1 87 316 87 1708
G: K 417 1 87 1774 87 2248
G: K 418 -1 87 2244 87 2931
G: K 419 -1 87 2933 87 3932
G: K 420 -1 87 3916 88 399
G: K 421 -1 88 398 88 1565
G: K 422 -1 88 1685 88 4835
G: K 423 -1 88 4899 89 1244
G: K 424 -1 89 1299 89 1692
G: K 425 -1 89 1697 89 2138
G: K 426 -1 89 2175 89 3981
G: K 427 -1 89 3986 90 1922
G: K 428 -1 90 1893 90 4431
G: K 429 -1 90 4468 91 282
G: K 430 -1 91 284 91 545
G: K 431 1 91 733 91 2080
G: K 432 1 91 2102 91 2303
G: K 433 1 91 2338 91 2773
G: K 434 1 91 2883 91 3399
G: K 435 -1 91 3395 91 5129
G: K 436 -1 91 5132 92 1250
G: K 437 -1 92 1242 92 1977
G: K 438 -1 92 2036 92 3233
G: K 439 1 92 3318 92 4215
G: K 440 1 92 4195 92 4936
G: K 441 1 92 4935 92 5493
G: K 442 1 92 5493 93 1139
G: K 443 1 93 1158 93 2322
G: K 444 -1 93 2726 93 3545
G: K 445 -1 93 3544 93 4327
G: K 446 -1 93 4469 93 4880
G: K 447 -1 93 5050 94 405
G: K 448 -1 94 376 94 1570
G: K 567 -1 94 1584 94 3567
G: K 449 -1 94 3568 94 3928
G: K 450 -1 94 3911 94 4607
G: K 451 -1 94 4606 94 4888
G: K 452 -1 95 101 95 1745
G: K 453 -1 95 1745 95 2198
G: K 454 -1 95 2856 95 3729
G: K 455 -1 95 3728 95 4913
G: K 456 1 95 4965 95 5766
G: K 457 1 95 5753 96 786
G: K 458 -1 96 775 96 1243
G: K 459 1 96 1226 96 2435
G: K 460 -1 96 2427 96 3432
G: K 461 -1 96 3984 96 6135
G: K 462 -1 96 6312 97 341
G: K 463 -1 97 342 97 852
G: K 464 1 97 1024 97 1969
G: K 465 -1 97 1965 97 3249
G: K 466 -1 97 3226 97 4690
G: K 467 -1 97 4676 97 5471
G: K 468 -1 97 5460 98 579
G: K 469 -1 98 547 98 940
G: K 470 -1 98 908 98 1055
G: K 471 -1 98 1080 98 2016
G: K 491 -1 98 2018 98 2699
G: K 472 -1 98 2700 99 2342
G: K 473 -1 99 2347 99 3202
G: K 474 -1 99 3264 99 4578
G: K 475 -1 99 5220 99 6030
