The input genome is 603937 bp long, 603937 will be kept.
min distance 0
----------------------------------------
fragments: id start end
F: 0 0 5368
F: 1 5368 12417
F: 2 12417 18819
F: 3 18819 25258
F: 4 25258 31368
F: 5 31368 38325
F: 6 38325 43521
F: 7 43521 49136
F: 8 49136 54839
F: 9 54839 60229
F: 10 60229 67588
F: 11 67588 72732
F: 12 72732 78595
F: 13 78595 84409
F: 14 84409 91225
F: 15 91225 97319
F: 16 97319 104430
F: 17 104430 109536
F: 18 109536 115861
F: 19 115861 122118
F: 20 122118 127655
F: 21 127655 133049
F: 22 133049 138757
F: 23 138757 145052
F: 24 145052 150116
F: 25 150116 155839
F: 26 155839 160615
F: 27 160615 165608
F: 28 165608 172983
F: 29 172983 180192
F: 30 180192 186246
F: 31 186246 192470
F: 32 192470 198274
F: 33 198274 203975
F: 34 203975 210152
F: 35 210152 216455
F: 36 216455 222887
F: 37 222887 229666
F: 38 229666 234938
F: 39 234938 239949
F: 40 239949 247187
F: 41 247187 253142
F: 42 253142 259372
F: 43 259372 265818
F: 44 265818 271872
F: 45 271872 277937
F: 46 277937 284257
F: 47 284257 290731
F: 48 290731 296809
F: 49 296809 303121
F: 50 303121 308734
F: 51 308734 315265
F: 52 315265 321955
F: 53 321955 328047
F: 54 328047 333858
F: 55 333858 339706
F: 56 339706 347050
F: 57 347050 351755
F: 58 351755 357445
F: 59 357445 363600
F: 60 363600 368448
F: 61 368448 375588
F: 62 375588 383010
F: 63 383010 389261
F: 64 389261 395396
F: 65 395396 401064
F: 66 401064 406135
F: 67 406135 411190
F: 68 411190 416685
F: 69 416685 423580
F: 70 423580 430593
F: 71 430593 436841
F: 72 436841 442165
F: 73 442165 448674
F: 74 448674 454343
F: 75 454343 461590
F: 76 461590 467903
F: 77 467903 473578
F: 78 473578 479903
F: 79 479903 485929
F: 80 485929 492360
F: 81 492360 498918
F: 82 498918 505474
F: 83 505474 511591
F: 84 511591 517522
F: 85 517522 522955
F: 86 522955 528444
F: 87 528444 534061
F: 88 534061 539738
F: 89 539738 544762
F: 90 544762 550877
F: 91 550877 556286
F: 92 556286 561901
F: 93 561901 567543
F: 94 567543 572992
F: 95 572992 578972
F: 96 578972 585631
F: 97 585631 591757
F: 98 591757 597810
F: 99 597810 603937
----------------------------------------
genes: [Kept,Partial,Discared] locus strand fragment1 start_pos fragment2 end_pos 
G: K 0 1 0 685 0 1831
G: K 1 1 0 1830 0 2763
G: K 2 1 0 2847 0 4821
G: K 3 1 0 4835 1 2041
G: K 4 1 1 2006 1 3275
G: K 5 1 1 3278 1 3908
G: K 6 1 1 3880 1 4687
G: K 7 1 1 4689 1 6048
G: K 8 1 1 6047 1 6857
G: K 9 1 1 6885 2 508
G: K 10 -1 2 484 2 1351
G: K 11 -1 2 1355 2 2270
G: K 12 -1 2 2232 2 3051
G: K 13 1 2 3389 2 5321
G: K 14 1 2 5367 3 765
G: K 15 1 3 774 3 3948
G: K 16 1 3 3989 3 5186
G: K 17 1 3 5166 3 6099
G: K 18 1 3 6098 4 1198
G: K 19 1 4 1227 4 1668
G: K 20 1 4 1673 4 2540
G: K 21 1 4 2540 4 3647
G: K 22 1 4 3849 4 4773
G: K 23 1 4 4776 4 5337
G: K 24 1 4 5308 4 5773
G: K 25 1 4 5772 5 283
G: K 26 -1 5 269 5 851
G: K 27 -1 5 852 5 1494
G: K 28 -1 5 1527 5 5910
G: K 29 1 5 6172 6 1231
G: K 30 1 6 1380 6 2169
G: K 31 -1 6 2137 6 2785
G: K 32 1 6 2813 6 4097
G: K 33 1 6 4086 7 546
G: K 34 1 7 518 7 1895
G: K 35 -1 7 1891 7 3490
G: K 36 -1 7 3480 7 4665
G: K 37 1 7 4823 8 984
G: K 38 1 8 1004 8 1271
G: K 39 1 8 1468 8 3196
G: K 40 1 8 3200 8 4061
G: K 41 1 8 4038 8 4905
G: K 42 1 8 4889 9 665
G: K 43 1 9 666 9 1626
G: K 44 1 9 1609 9 2773
G: K 45 -1 9 3002 9 4343
G: K 46 1 9 4395 9 5112
G: K 47 1 9 5115 10 406
G: K 48 1 10 392 10 1694
G: K 49 1 10 1702 10 2098
G: K 50 1 10 2097 10 3786
G: K 51 -1 10 3762 10 4728
G: K 52 -1 10 4731 10 5112
G: K 53 -1 10 5118 10 5268
G: K 54 -1 10 5281 10 5665
G: K 55 -1 10 5651 10 6485
G: K 56 -1 10 6466 10 7012
G: K 57 -1 10 6990 11 639
G: K 58 -1 11 616 11 1060
G: K 59 1 11 1066 11 1981
G: K 60 -1 11 1959 11 3666
G: K 61 1 11 3970 12 908
G: K 62 1 12 855 12 1800
G: K 63 1 12 2055 13 257
G: K 64 1 13 256 13 1696
G: K 65 1 13 1699 13 3664
G: K 66 1 13 3674 13 5267
G: K 67 1 13 5290 14 907
G: K 478 -1 14 4968 14 6369
G: K 68 1 14 6491 15 2441
G: K 655 -1 15 2550 15 3423
G: K 69 1 15 3424 15 4303
G: K 777 1 15 4306 15 5458
G: K 70 1 15 5459 16 2041
G: K 71 1 16 2030 16 4493
G: K 72 1 16 4470 16 6465
G: K 73 1 16 6467 16 6887
G: K 74 1 16 6950 17 2971
G: K 75 -1 17 2967 17 3378
G: K 76 1 17 3611 17 4859
G: K 77 1 17 4851 18 876
G: K 78 1 18 877 18 2131
G: K 79 1 18 2130 18 4698
G: K 80 1 18 4753 18 5182
G: K 81 1 18 5181 18 5862
G: K 82 1 18 5861 19 130
G: K 83 1 19 122 19 1004
G: K 84 1 19 1004 19 1943
G: K 85 1 19 1935 19 3084
G: K 86 1 19 3112 19 3544
G: K 87 1 19 3560 19 4055
G: K 88 1 19 4064 19 6146
G: K 89 1 19 6197 20 570
G: K 90 1 20 570 20 1071
G: K 91 1 20 1060 20 1381
G: K 92 1 20 1383 20 1857
G: K 93 1 20 1840 20 3247
G: K 94 1 20 3250 20 4444
G: K 95 1 20 4627 21 1085
G: K 96 1 21 1141 21 1879
G: K 97 1 21 1978 21 3469
G: K 98 1 21 3471 21 4926
G: K 99 1 21 4918 22 961
G: K 100 1 22 938 22 1607
G: K 101 1 22 1599 22 2565
G: K 102 1 22 2554 22 3415
G: K 103 1 22 3436 22 3691
G: K 104 1 22 3693 23 178
G: K 105 1 23 185 23 791
G: K 106 -1 23 765 23 1359
G: K 107 1 23 1399 23 1972
G: K 108 1 23 1971 23 2757
G: K 109 1 23 2738 23 3926
G: K 110 1 23 3909 23 4758
G: K 111 1 23 4772 23 6113
G: K 112 1 23 6102 24 461
G: K 113 1 24 474 24 1851
G: K 114 1 24 1786 24 2524
G: K 115 1 24 2548 24 3052
G: K 116 1 24 3060 24 3834
G: K 117 1 24 3826 24 4489
G: K 118 1 24 4469 25 443
G: K 119 1 25 457 25 2179
G: K 120 1 25 2185 25 3769
G: K 121 1 25 3771 25 4707
G: K 122 1 25 4746 26 1153
G: K 123 1 26 1130 26 2564
G: K 124 1 26 2610 26 2931
G: K 125 1 26 2936 26 3806
G: K 126 -1 26 3789 27 57
G: K 127 1 27 92 27 548
G: K 128 1 27 555 27 1365
G: K 129 1 27 1364 27 1721
G: K 130 1 27 1710 27 3189
G: K 131 -1 27 3749 27 4175
G: K 132 -1 27 4149 27 4938
G: K 133 1 27 4957 28 276
G: K 134 -1 28 247 28 1108
G: K 135 1 28 1156 28 2641
G: K 136 1 28 2582 28 3833
G: K 137 1 28 3832 28 5641
G: K 138 1 28 5724 29 80
G: K 139 1 30 1495 30 4888
G: K 140 1 30 4892 31 440
G: K 141 1 31 439 31 706
G: K 142 1 31 695 31 2579
G: K 143 1 31 2565 31 2901
G: K 144 1 31 2925 31 3789
G: K 145 1 31 3788 31 4631
G: K 146 1 31 4643 31 5924
G: K 147 1 31 5913 32 847
G: K 148 1 32 885 32 2124
G: K 149 1 32 2199 32 3063
G: K 150 1 32 3102 32 3570
G: K 151 1 32 3659 32 3992
G: K 152 1 32 3995 32 4787
G: K 153 1 32 4786 32 5416
G: K 154 1 32 5419 32 5740
G: K 155 1 32 5739 33 820
G: K 156 1 33 819 33 1083
G: K 157 1 33 1085 33 1526
G: K 158 1 33 1528 33 2350
G: K 476 -1 33 2354 33 3530
G: K 159 1 33 3531 33 3948
G: K 160 1 33 3947 33 4553
G: K 161 1 33 4552 33 4816
G: K 162 1 33 4819 33 5200
G: K 163 1 33 5199 33 5535
G: K 164 1 33 5540 34 409
G: K 165 1 34 411 34 597
G: K 166 1 34 590 34 1022
G: K 167 1 34 1028 34 1598
G: K 168 1 34 1599 34 1962
G: K 169 1 34 1966 34 2602
G: K 170 1 34 2607 34 3066
G: K 171 1 34 3065 34 4547
G: K 172 1 34 4540 34 5194
G: K 173 1 34 5196 34 5958
G: K 174 1 34 5957 34 6176
G: K 175 1 35 9 35 132
G: K 176 1 35 131 35 536
G: K 177 1 35 535 35 907
G: K 178 1 35 922 35 1924
G: K 179 1 35 1936 35 2305
G: K 180 1 35 2294 35 3113
G: K 181 1 35 3100 35 4024
G: K 182 1 35 4016 35 5291
G: K 183 1 35 5283 35 6036
G: K 184 1 35 6025 36 1561
G: K 185 1 36 1561 36 2515
G: K 186 1 36 2614 36 4783
G: K 187 1 37 817 37 1603
G: K 188 1 37 1595 37 3389
G: K 189 1 37 3391 37 4375
G: K 190 1 37 4349 37 5309
G: K 191 1 37 5477 37 6455
G: K 192 1 37 6461 38 4098
G: K 193 1 38 4099 39 2118
G: K 194 1 40 48 40 1101
G: K 195 1 40 1104 40 3609
G: K 196 1 40 3667 40 4198
G: K 197 1 40 4200 40 4380
G: K 198 1 40 4382 40 4763
G: K 199 1 40 5488 41 77
G: K 200 1 41 88 41 742
G: K 201 1 41 751 41 1117
G: K 657 1 41 1243 41 1642
G: K 202 1 41 1643 41 3563
G: K 203 1 41 3562 41 5902
G: K 204 -1 41 5898 42 984
G: K 528 -1 42 1018 42 1780
G: K 205 1 42 1781 42 3635
G: K 206 1 42 3615 42 4125
G: K 207 -1 42 4117 42 4720
G: K 208 -1 42 4703 42 5624
G: K 209 -1 42 5623 42 6169
G: K 210 1 43 139 43 820
G: K 211 1 43 819 43 1014
G: K 212 1 43 1015 43 1462
G: K 213 1 43 1464 43 1809
G: K 214 1 43 1804 43 2614
G: K 215 1 43 2606 43 4064
G: K 216 1 43 4047 43 4683
G: K 217 1 43 4701 43 5676
G: K 218 1 43 5678 44 795
G: K 219 1 44 1714 44 2845
G: K 220 1 44 2862 45 2325
G: K 221 1 45 2327 45 3365
G: K 222 1 45 3321 45 3786
G: K 223 -1 45 3817 45 4102
G: K 224 1 45 4411 45 4846
G: K 225 1 45 4832 45 5765
G: K 226 1 45 5766 46 937
G: K 227 1 46 939 46 2067
G: K 228 1 46 2112 46 3642
G: K 229 1 46 3610 46 5122
G: K 230 1 46 5593 47 137
G: K 231 1 47 136 47 637
G: K 232 1 47 642 47 1674
G: K 233 1 47 1677 47 2157
G: K 234 1 47 2175 47 4341
G: K 235 1 47 4433 47 4739
G: K 236 1 47 4731 47 5037
G: K 237 1 47 5029 47 5335
G: K 238 1 47 5327 47 6221
G: K 239 1 47 6207 48 144
G: K 240 1 48 139 48 1024
G: K 241 1 48 1053 48 2418
G: K 242 1 48 2486 48 4901
G: K 243 -1 48 4897 48 5968
G: K 244 1 48 6020 49 1805
G: K 245 1 49 1810 49 3721
G: K 246 1 49 4409 50 248
G: K 247 1 50 250 50 742
G: K 248 1 50 734 50 1577
G: K 249 -1 50 1560 50 2304
G: K 250 -1 50 2290 50 2953
G: K 251 -1 50 2936 50 4457
G: K 252 -1 50 4501 51 712
G: K 253 -1 51 701 51 2039
G: K 254 -1 51 2058 51 2787
G: K 255 -1 51 2789 51 4091
G: K 256 -1 51 4095 51 6129
G: K 257 1 51 6304 52 898
G: K 258 1 52 1001 52 1463
G: K 259 1 52 1629 52 2403
G: K 260 1 52 2448 52 2748
G: K 261 1 52 2747 52 3836
G: K 262 1 52 3836 52 5213
G: K 263 1 52 5343 53 957
G: K 529 1 53 3848 53 4508
G: K 264 1 53 4509 54 1111
G: K 530 -1 54 1116 54 1383
G: K 265 1 54 1384 54 2266
G: K 266 1 54 2265 54 3132
G: K 772 -1 54 3246 54 3534
G: K 267 1 54 3535 54 4429
G: K 268 1 54 4422 54 5028
G: K 269 -1 54 4960 55 1
G: K 270 -1 55 19 55 2434
G: K 271 -1 55 2434 55 2794
G: K 272 -1 55 2827 55 3517
G: K 273 -1 55 3667 55 4714
G: K 274 -1 55 5094 56 263
G: K 275 -1 56 273 56 1647
G: K 276 -1 56 1650 56 2829
G: K 277 -1 56 3078 56 4101
G: K 278 -1 56 4118 56 5249
G: K 279 -1 56 5276 56 6728
G: K 280 -1 56 6810 57 12
G: K 281 -1 57 25 57 2968
G: K 282 1 57 3010 58 468
G: K 283 -1 58 464 58 1136
G: K 284 -1 58 1125 58 1929
G: K 285 -1 58 1989 58 3672
G: K 286 -1 58 4333 58 4816
G: K 287 1 58 5147 59 909
G: K 288 1 59 1129 59 1528
G: K 289 1 59 1490 59 2546
G: K 290 1 59 2548 59 3154
G: K 291 1 59 3185 59 3440
G: K 292 1 60 2171 60 3290
G: K 293 1 60 3279 60 4014
G: K 294 1 60 4003 61 808
G: K 295 -1 61 804 61 1218
G: K 296 -1 61 1217 61 3938
G: K 297 -1 61 3995 61 4742
G: K 298 -1 61 4734 61 6177
G: K 299 -1 61 6294 62 252
G: K 300 -1 62 254 62 650
G: K 301 -1 62 769 62 1819
G: K 656 -1 62 1824 62 3228
G: K 302 -1 62 3229 62 6247
G: K 303 -1 62 6449 63 20
G: K 304 -1 63 37 63 1294
G: K 305 -1 63 1295 63 2312
G: K 306 -1 63 2342 63 3302
G: K 307 -1 63 3280 63 4354
G: K 308 -1 63 4335 63 5136
G: K 309 -1 63 5261 64 837
G: K 310 -1 64 924 64 2136
G: K 311 -1 64 2135 64 5696
G: K 312 -1 64 5683 65 826
G: K 313 -1 65 832 65 4531
G: K 314 1 65 4584 65 5397
G: K 315 -1 65 5403 66 362
G: K 316 -1 66 384 66 3873
G: K 317 -1 66 3932 66 4805
G: K 318 -1 66 4849 67 1110
G: K 319 -1 67 1133 67 2063
G: K 320 -1 67 1980 67 3096
G: K 321 -1 67 3136 67 4966
G: K 322 -1 67 4980 68 783
G: K 323 -1 68 799 68 1342
G: K 324 -1 68 1445 68 2333
G: K 325 -1 68 2653 68 5491
G: K 771 1 69 794 69 1829
G: K 326 -1 69 1830 69 3519
G: K 327 1 69 3575 69 4268
G: K 328 -1 69 5103 69 5940
G: K 329 -1 69 5875 70 54
G: K 330 -1 70 53 70 221
G: K 331 -1 70 237 70 1146
G: K 774 1 70 1157 70 1631
G: K 332 -1 70 1632 70 2457
G: K 333 -1 70 2443 70 4738
G: K 334 -1 70 4776 70 6174
G: K 335 -1 70 6177 70 6846
G: K 336 -1 70 6854 71 495
G: K 337 -1 71 476 71 1211
G: K 338 -1 71 1847 71 4415
G: K 339 -1 71 4404 71 4974
G: K 340 -1 71 4981 71 5203
G: K 341 1 71 5261 72 51
G: K 342 1 72 159 72 1410
G: K 343 1 72 1413 72 1836
G: K 344 -1 72 1822 73 371
G: K 345 -1 73 548 73 1595
G: K 346 -1 73 4062 74 1498
G: K 347 -1 74 1507 75 89
G: K 348 -1 75 178 75 709
G: K 349 -1 75 787 75 1840
G: K 350 -1 75 1843 75 2695
G: K 351 -1 75 2705 75 5417
G: K 352 1 75 5460 75 5961
G: K 353 1 75 5951 75 6590
G: K 354 -1 75 6741 76 502
G: K 355 1 76 912 76 2136
G: K 356 1 76 2135 76 3092
G: K 357 -1 76 3309 76 3984
G: K 358 1 76 4031 76 4586
G: K 359 1 76 4588 76 5107
G: K 360 -1 76 5100 76 5451
G: K 361 1 76 5599 76 6031
G: K 362 -1 76 6033 77 1880
G: K 363 -1 77 2033 77 2888
G: K 364 -1 77 2900 77 4139
G: K 365 1 77 4946 77 5576
G: K 366 1 77 5547 78 820
G: K 367 -1 78 809 78 2045
G: K 368 1 78 2164 78 2656
G: K 369 1 78 2678 78 3053
G: K 370 1 78 3055 78 3223
G: K 371 -1 78 3237 78 3510
G: K 372 1 78 3573 78 4257
G: K 373 1 78 4249 78 5200
G: K 477 1 78 5200 78 5770
G: K 374 1 78 5771 79 1501
G: K 653 -1 79 1523 79 2525
G: K 375 -1 79 2526 79 3327
G: K 376 -1 79 3316 79 4309
G: K 377 -1 79 4308 79 5982
G: K 773 1 80 23 80 3182
G: K 776 -1 80 3182 80 3851
G: K 378 -1 80 3852 80 4833
G: K 379 -1 80 4819 80 5794
G: K 380 -1 80 5786 81 528
G: K 381 -1 81 514 81 1363
G: K 382 -1 81 1363 81 2188
G: K 383 -1 81 2180 81 3872
G: K 384 -1 81 3871 81 4195
G: K 385 -1 81 4200 81 4779
G: K 386 -1 81 4825 81 6457
G: K 387 1 81 6485 82 1820
G: K 388 1 82 1812 82 2403
G: K 389 1 82 2395 82 3061
G: K 390 1 82 3525 82 4167
G: K 391 -1 82 4163 82 4934
G: K 392 -1 82 4929 82 6276
G: K 393 -1 82 6275 83 178
G: K 394 -1 83 348 83 1056
G: K 395 -1 83 1058 83 6011
G: K 396 -1 84 180 84 1059
G: K 397 -1 84 1046 84 1514
G: K 399 -1 84 1517 84 3512
G: K 400 -1 84 3619 84 4966
G: K 401 -1 84 4982 85 728
G: K 402 -1 85 740 85 1082
G: K 403 -1 85 1207 85 2464
G: K 404 -1 85 2473 85 4045
G: K 405 -1 85 4415 85 4883
G: K 406 -1 85 4883 86 1193
G: K 407 -1 86 1194 86 1596
G: K 408 -1 86 1600 86 3025
G: K 409 -1 86 3026 86 3863
G: K 410 -1 86 3862 86 5467
G: K 411 -1 86 5482 87 521
G: K 412 -1 87 513 87 1134
G: K 413 -1 87 1136 87 1457
G: K 414 -1 87 1459 87 2356
G: K 415 -1 87 2321 87 2798
G: K 416 -1 87 2803 87 4207
G: K 417 1 87 4273 87 4762
G: K 418 -1 87 4758 87 5439
G: K 527 1 87 5440 88 198
G: K 419 -1 88 199 88 1186
G: K 420 -1 88 1170 88 3165
G: K 421 -1 88 3164 88 4310
G: K 422 -1 88 4430 89 1960
G: K 423 -1 89 2024 89 4094
G: K 424 -1 89 4149 89 4548
G: K 425 -1 89 4553 89 4994
G: K 426 -1 90 7 90 1849
G: K 427 -1 90 1854 90 4776
G: K 428 -1 90 4741 91 1203
G: K 429 -1 91 1240 91 2965
G: K 654 1 91 2966 91 3335
G: K 430 -1 91 3336 91 3597
G: K 431 1 91 3785 91 5180
G: K 432 1 91 5202 91 5394
G: K 433 1 92 20 92 446
G: K 434 1 92 556 92 1078
G: K 435 -1 92 1074 92 2817
G: K 436 -1 92 2820 92 4338
G: K 437 -1 92 4330 92 5074
G: K 438 -1 92 5133 93 730
G: K 439 1 93 815 93 1736
G: K 440 1 93 1716 93 2442
G: K 441 1 93 2441 93 3014
G: K 442 1 93 3014 93 4217
G: K 443 1 93 4236 93 5397
G: K 444 -1 94 159 94 990
G: K 445 -1 94 989 94 1787
G: K 446 -1 94 1929 94 2340
G: K 447 -1 94 2510 94 3323
G: K 448 -1 94 3294 94 4530
G: K 449 -1 94 4545 94 4902
G: K 450 -1 94 4888 95 153
G: K 451 -1 95 152 95 446
G: K 452 -1 95 1056 95 2724
G: K 453 -1 95 2724 95 3180
G: K 454 -1 95 3838 95 4711
G: K 455 -1 95 4710 95 5901
G: K 775 -1 95 5952 96 227
G: K 456 1 96 228 96 1041
G: K 457 1 96 1025 96 1916
G: K 458 -1 96 1905 96 2376
G: K 459 1 96 2362 96 3595
G: K 460 -1 96 3584 96 4589
G: K 461 -1 96 5141 97 606
G: K 462 -1 97 783 97 1335
G: K 463 -1 97 1336 97 1849
G: K 464 1 97 2021 97 2972
G: K 465 -1 97 2968 97 4279
G: K 466 -1 97 4262 97 5717
G: K 467 -1 97 5703 98 363
G: K 468 -1 98 355 98 1555
G: K 469 -1 98 1520 98 1922
G: K 470 -1 98 1890 98 2040
G: K 471 -1 98 2065 98 3010
G: K 472 -1 98 3013 99 2372
G: K 473 -1 99 2377 99 3232
G: K 474 -1 99 3294 99 4623
G: K 475 -1 99 5265 99 6084
