The input genome is 597938 bp long, 597938 will be kept.
min distance 0
----------------------------------------
fragments: id start end
F: 0 0 5258
F: 1 5258 12307
F: 2 12307 18626
F: 3 18626 24951
F: 4 24951 31053
F: 5 31053 37889
F: 6 37889 43067
F: 7 43067 48552
F: 8 48552 54208
F: 9 54208 59394
F: 10 59394 66702
F: 11 66702 71846
F: 12 71846 77673
F: 13 77673 83401
F: 14 83401 90101
F: 15 90101 96111
F: 16 96111 103222
F: 17 103222 108231
F: 18 108231 114553
F: 19 114553 120704
F: 20 120704 126241
F: 21 126241 131539
F: 22 131539 137228
F: 23 137228 143315
F: 24 143315 148379
F: 25 148379 154102
F: 26 154102 158862
F: 27 158862 163742
F: 28 163742 171100
F: 29 171100 178182
F: 30 178182 184168
F: 31 184168 190392
F: 32 190392 196168
F: 33 196168 201842
F: 34 201842 207925
F: 35 207925 214228
F: 36 214228 220422
F: 37 220422 227149
F: 38 227149 232421
F: 39 232421 237428
F: 40 237428 244642
F: 41 244642 250597
F: 42 250597 256744
F: 43 256744 263097
F: 44 263097 269111
F: 45 269111 275078
F: 46 275078 281398
F: 47 281398 287872
F: 48 287872 293950
F: 49 293950 300006
F: 50 300006 305566
F: 51 305566 312097
F: 52 312097 318787
F: 53 318787 324879
F: 54 324879 330690
F: 55 330690 336459
F: 56 336459 343803
F: 57 343803 348508
F: 58 348508 354198
F: 59 354198 360334
F: 60 360334 365087
F: 61 365087 372148
F: 62 372148 379417
F: 63 379417 385668
F: 64 385668 391803
F: 65 391803 397470
F: 66 397470 402509
F: 67 402509 407501
F: 68 407501 412996
F: 69 412996 419804
F: 70 419804 426799
F: 71 426799 432962
F: 72 432962 438286
F: 73 438286 444703
F: 74 444703 450333
F: 75 450333 457543
F: 76 457543 463717
F: 77 463717 469310
F: 78 469310 475452
F: 79 475452 481330
F: 80 481330 487575
F: 81 487575 494060
F: 82 494060 500531
F: 83 500531 506648
F: 84 506648 512501
F: 85 512501 517934
F: 86 517934 523423
F: 87 523423 528929
F: 88 528929 534606
F: 89 534606 539630
F: 90 539630 545558
F: 91 545558 550967
F: 92 550967 556515
F: 93 556515 562062
F: 94 562062 567459
F: 95 567459 573354
F: 96 573354 579869
F: 97 579869 585990
F: 98 585990 591865
F: 99 591865 597938
----------------------------------------
genes: [Kept,Partial,Discared] locus strand fragment1 start_pos fragment2 end_pos 
G: K 0 1 0 685 0 1843
G: K 1 1 0 1842 0 2781
G: K 614 -1 0 2864 0 5057
G: K 2 1 0 5058 1 1753
G: K 3 1 1 1767 1 4296
G: K 4 1 1 4267 1 5521
G: K 5 1 1 5524 1 6172
G: K 6 1 1 6141 1 6912
G: K 7 1 1 6914 2 1194
G: K 8 1 2 1193 2 2003
G: K 9 1 2 2031 2 2715
G: K 10 -1 2 2691 2 3579
G: K 11 -1 2 3583 2 4450
G: K 12 -1 2 4406 2 5237
G: K 13 1 2 5575 3 1134
G: K 14 1 3 1180 3 2953
G: K 15 1 3 2962 3 6079
G: K 16 1 3 6120 4 995
G: K 17 1 4 978 4 1911
G: K 18 1 4 1910 4 3443
G: K 19 1 4 3472 4 3916
G: K 20 1 4 3921 4 4797
G: K 21 1 4 4797 4 5901
G: K 22 1 5 1 5 913
G: K 23 1 5 916 5 1510
G: K 24 1 5 1478 5 1937
G: K 25 1 5 1936 5 2545
G: K 26 -1 5 2531 5 3113
G: K 27 -1 5 3114 5 3735
G: K 28 -1 5 3768 6 1288
G: K 29 1 6 1550 6 3581
G: K 30 1 6 3730 6 4510
G: K 31 -1 6 4478 6 5141
G: K 32 1 6 5169 7 1260
G: K 33 1 7 1249 7 2932
G: K 34 1 7 2904 7 4257
G: K 35 -1 7 4253 8 313
G: K 36 -1 8 303 8 1458
G: K 37 1 8 1616 8 3392
G: K 38 1 8 3412 8 3682
G: K 39 1 8 3879 8 5559
G: K 40 1 8 5563 9 786
G: K 42 1 9 786 9 2238
G: K 43 1 9 2239 9 3184
G: K 44 1 9 3167 9 4325
G: K 45 -1 9 4554 10 718
G: K 46 1 10 770 10 1487
G: K 47 1 10 1490 10 2174
G: K 48 1 10 2160 10 3435
G: K 49 1 10 3443 10 3842
G: K 50 1 10 3841 10 5512
G: K 51 -1 10 5488 10 6439
G: K 52 -1 10 6442 10 6826
G: K 53 -1 10 6832 10 6988
G: K 54 -1 10 7001 11 80
G: K 55 -1 11 66 11 915
G: K 56 -1 11 896 11 1433
G: K 57 -1 11 1411 11 2404
G: K 58 -1 11 2384 11 2837
G: K 59 1 11 2843 11 3746
G: K 60 -1 11 3724 12 308
G: K 61 1 12 612 12 2655
G: K 62 1 12 2605 12 3508
G: K 63 1 12 3763 13 1986
G: K 64 1 13 1985 13 3386
G: K 65 1 13 3389 13 5351
G: K 66 1 13 5361 14 1184
G: K 612 -1 14 1206 14 3333
G: K 67 1 14 3334 14 4798
G: K 68 1 15 2281 15 5050
G: K 69 1 15 5160 16 5
G: K 70 1 16 9 16 2661
G: K 71 1 16 2647 16 5110
G: K 72 1 16 5087 16 7058
G: K 73 1 16 7060 17 363
G: K 74 1 17 426 17 3501
G: K 75 -1 17 3497 17 3914
G: K 76 1 17 4147 18 398
G: K 77 1 18 390 18 1521
G: K 503 1 18 1521 18 2148
G: K 78 1 18 2149 18 3361
G: K 79 1 18 3360 18 5907
G: K 80 1 18 5962 19 54
G: K 81 1 19 53 19 734
G: K 82 1 19 733 19 1309
G: K 83 1 19 1304 19 2180
G: K 84 1 19 2180 19 3128
G: K 85 1 19 3120 19 4269
G: K 86 1 19 4297 19 4717
G: K 87 1 19 4733 19 5195
G: K 88 1 19 5204 20 1147
G: K 89 1 20 1198 20 1825
G: K 90 1 20 1825 20 2308
G: K 91 1 20 2297 20 2615
G: K 92 1 20 2617 20 3070
G: K 93 1 20 3053 20 4469
G: K 94 1 20 4472 21 132
G: K 95 1 21 315 21 2289
G: K 96 1 21 2345 21 3074
G: K 97 1 21 3173 21 4601
G: K 98 1 21 4603 22 739
G: K 99 1 22 731 22 2180
G: K 100 1 22 2154 22 2829
G: K 101 1 22 2821 22 3775
G: K 102 1 22 3764 22 4604
G: K 103 1 22 4625 22 4862
G: K 104 1 22 4864 23 1353
G: K 105 1 23 1360 23 1972
G: K 106 -1 23 1949 23 2537
G: K 107 1 23 2577 23 3144
G: K 108 1 23 3143 23 3935
G: K 109 1 23 3919 23 5092
G: K 110 1 23 5078 23 5915
G: K 111 1 23 5929 24 1171
G: K 112 1 24 1160 24 1790
G: K 113 1 24 1803 24 3192
G: K 114 1 24 3127 24 3835
G: K 115 1 24 3859 24 4333
G: K 116 1 24 4341 25 51
G: K 117 1 25 43 25 694
G: K 118 1 25 668 25 1739
G: K 119 1 25 1753 25 3457
G: K 120 1 25 3463 25 5023
G: K 121 1 25 5025 26 223
G: K 122 1 26 262 26 2407
G: K 123 1 26 2384 26 3800
G: K 124 1 26 3846 26 4158
G: K 125 1 26 4163 27 270
G: K 126 -1 27 250 27 1312
G: K 127 1 27 1347 27 1785
G: K 128 1 27 1792 27 2581
G: K 129 1 27 2580 27 2934
G: K 130 1 27 2920 27 4381
G: K 131 -1 28 61 28 487
G: K 132 -1 28 464 28 1274
G: K 133 1 28 1293 28 1593
G: K 134 -1 28 1567 28 2431
G: K 135 1 28 2479 28 3955
G: K 136 1 28 3896 28 5123
G: K 137 1 28 5122 28 6943
G: K 138 1 28 7026 29 1384
G: K 616 -1 30 1522 30 1627
G: K 139 1 30 3031 31 417
G: K 140 1 31 421 31 2038
G: K 141 1 31 2037 31 2316
G: K 142 1 31 2302 31 4162
G: K 143 1 31 4151 31 4484
G: K 144 1 31 4505 31 5366
G: K 145 1 31 5365 31 6178
G: K 146 1 31 6190 32 1271
G: K 147 1 32 1254 32 2397
G: K 148 1 32 2435 32 3665
G: K 149 1 32 3740 32 4586
G: K 150 1 32 4625 32 5090
G: K 151 1 32 5179 32 5503
G: K 152 1 32 5506 33 504
G: K 153 1 33 503 33 1133
G: K 154 1 33 1136 33 1469
G: K 155 1 33 1468 33 2347
G: K 156 1 33 2346 33 2610
G: K 157 1 33 2612 33 3041
G: K 158 1 33 3043 33 3862
G: K 159 1 33 3867 33 4281
G: K 160 1 33 4280 33 4883
G: K 161 1 33 4882 33 5143
G: K 162 1 33 5146 33 5515
G: K 163 1 33 5514 34 164
G: K 164 1 34 169 34 715
G: K 165 1 34 717 34 903
G: K 166 1 34 896 34 1322
G: K 167 1 34 1328 34 1883
G: K 168 1 34 1884 34 2235
G: K 169 1 34 2239 34 2890
G: K 170 1 34 2895 34 3354
G: K 171 1 34 3353 34 4793
G: K 172 1 34 4786 34 5434
G: K 173 1 34 5436 35 103
G: K 174 1 35 102 35 318
G: K 175 1 35 328 35 442
G: K 176 1 35 441 35 819
G: K 177 1 35 818 35 1184
G: K 178 1 35 1199 35 2198
G: K 179 1 35 2210 35 2591
G: K 180 1 35 2577 35 3402
G: K 181 1 35 3386 35 4310
G: K 182 1 35 4302 35 5565
G: K 183 1 35 5557 35 6292
G: K 184 1 35 6281 36 1802
G: K 185 1 36 1802 36 2768
G: K 186 1 36 2867 36 5009
G: K 187 1 37 1281 37 2040
G: K 188 1 37 2032 37 3811
G: K 189 1 37 3813 37 4818
G: K 190 1 37 4789 37 5764
G: K 191 1 37 5932 38 153
G: K 192 1 38 159 38 4530
G: K 193 1 38 4531 39 2424
G: K 194 1 40 355 40 1378
G: K 195 1 40 1381 40 3862
G: K 196 1 40 3920 40 4466
G: K 197 1 40 4468 40 4648
G: K 198 1 40 4650 40 5025
G: K 199 1 40 5750 41 342
G: K 200 1 41 353 41 1004
G: K 201 1 41 1013 41 1379
G: K 202 1 41 1506 41 3408
G: K 203 1 41 3407 41 5792
G: K 204 -1 41 5788 42 874
G: K 205 1 42 909 42 2715
G: K 206 1 42 2695 42 3199
G: K 207 -1 42 3191 42 3782
G: K 208 -1 42 3765 42 4692
G: K 209 -1 42 4691 42 5234
G: K 210 1 42 5434 42 6103
G: K 211 1 42 6102 43 144
G: K 212 1 43 145 43 589
G: K 213 1 43 591 43 963
G: K 214 1 43 955 43 1768
G: K 215 1 43 1760 43 3176
G: K 216 1 43 3159 43 3783
G: K 217 1 43 3801 43 4773
G: K 218 1 43 4775 43 6320
G: K 219 1 44 886 44 2005
G: K 220 1 44 2022 45 1426
G: K 221 1 45 1428 45 2469
G: K 222 1 45 2428 45 2875
G: K 223 -1 45 2906 45 3188
G: K 224 1 45 3497 45 3911
G: K 225 1 45 3900 45 4833
G: K 226 1 45 4834 46 103
G: K 227 1 46 105 46 1257
G: K 228 1 46 1302 46 2778
G: K 229 1 46 2740 46 4228
G: K 230 1 46 4699 46 5563
G: K 231 1 46 5562 46 6045
G: K 232 1 46 6050 47 753
G: K 233 1 47 756 47 1218
G: K 234 1 47 1236 47 3402
G: K 505 -1 47 3493 47 3910
G: K 235 1 47 3911 47 4226
G: K 236 1 47 4218 47 4524
G: K 237 1 47 4516 47 4831
G: K 238 1 47 4823 47 5699
G: K 239 1 47 5688 47 6111
G: K 240 1 47 6103 48 505
G: K 241 1 48 534 48 1884
G: K 242 1 48 1952 48 4355
G: K 243 -1 48 4351 48 5413
G: K 244 1 48 5465 49 1277
G: K 245 1 49 1282 49 3175
G: K 246 1 49 3863 49 5978
G: K 247 1 49 5980 50 425
G: K 248 1 50 417 50 1266
G: K 249 -1 50 1246 50 1975
G: K 250 -1 50 1961 50 2630
G: K 251 -1 50 2613 50 4134
G: K 252 -1 50 4178 51 493
G: K 253 -1 51 482 51 1820
G: K 254 -1 51 1839 51 2580
G: K 255 -1 51 2582 51 3881
G: K 256 -1 51 3885 51 5874
G: K 257 1 51 6049 52 613
G: K 258 1 52 716 52 1169
G: K 259 1 52 1335 52 2106
G: K 260 1 52 2151 52 2445
G: K 261 1 52 2444 52 3524
G: K 262 1 52 3524 52 4943
G: K 263 1 52 5073 53 681
G: K 264 1 53 3573 54 115
G: K 265 1 54 121 54 1009
G: K 266 1 54 1008 54 1863
G: K 267 1 54 1978 54 2854
G: K 268 1 54 2847 54 3444
G: K 269 -1 54 3379 54 4216
G: K 270 -1 54 4234 55 802
G: K 271 -1 55 802 55 1165
G: K 272 -1 55 1198 55 1882
G: K 273 -1 55 2032 55 3055
G: K 274 -1 55 3435 55 4449
G: K 275 -1 55 4459 56 61
G: K 276 -1 56 64 56 1219
G: K 277 -1 56 1468 56 2443
G: K 278 -1 56 2460 56 3543
G: K 279 -1 56 3570 56 5007
G: K 280 -1 56 5089 56 5635
G: K 281 -1 56 5648 57 1217
G: K 282 1 57 1259 57 3440
G: K 283 -1 57 3436 57 4105
G: K 284 -1 57 4097 58 187
G: K 285 -1 58 247 58 1921
G: K 286 -1 58 2582 58 3083
G: K 287 1 58 3414 58 4887
G: K 288 1 58 5107 58 5509
G: K 289 1 58 5468 59 816
G: K 290 1 59 818 59 1409
G: K 291 1 59 1440 59 1692
G: K 292 1 60 442 60 1549
G: K 293 1 60 1538 60 2279
G: K 294 1 60 2268 60 3921
G: K 295 -1 60 3917 60 4334
G: K 296 -1 60 4333 61 2274
G: K 297 -1 61 2331 61 3087
G: K 298 -1 61 3079 61 4507
G: K 299 -1 61 4624 61 5728
G: K 300 -1 61 5730 61 6120
G: K 301 -1 61 6239 62 213
G: K 302 -1 62 219 62 3168
G: K 303 -1 62 3370 62 4333
G: K 304 -1 62 4350 62 5589
G: K 305 -1 62 5590 62 6616
G: K 306 -1 62 6646 63 352
G: K 307 -1 63 330 63 1419
G: K 308 -1 63 1400 63 2204
G: K 309 -1 63 2329 63 4117
G: K 310 -1 63 4204 63 5392
G: K 311 -1 63 5391 64 2686
G: K 312 -1 64 2667 64 3909
G: K 501 -1 64 3914 64 5264
G: K 313 -1 64 5265 65 2841
G: K 314 1 65 2894 65 3701
G: K 315 -1 65 3707 65 4334
G: K 316 -1 65 4356 66 2130
G: K 317 -1 66 2189 66 3053
G: K 318 -1 66 3097 66 4429
G: K 319 -1 66 4452 67 322
G: K 320 -1 67 245 67 1373
G: K 321 -1 67 1413 67 3213
G: K 322 -1 67 3227 67 4073
G: K 323 -1 67 4089 67 4617
G: K 324 -1 67 4720 68 598
G: K 325 -1 68 918 68 3735
G: K 326 -1 68 4534 69 716
G: K 327 1 69 772 69 1468
G: K 613 -1 69 1760 69 1952
G: K 500 -1 69 2494 69 6226
G: K 328 -1 69 6227 70 235
G: K 329 -1 70 179 70 1241
G: K 330 -1 70 1240 70 1405
G: K 331 -1 70 1421 70 2315
G: K 332 -1 70 2327 70 3152
G: K 333 -1 70 3138 70 5439
G: K 334 -1 70 5477 70 6824
G: K 335 -1 70 6827 71 498
G: K 336 -1 71 506 71 1136
G: K 337 -1 71 1123 71 1852
G: K 615 -1 71 2487 71 4425
G: K 338 -1 71 4426 72 777
G: K 339 -1 72 766 72 1345
G: K 340 -1 72 1352 72 1574
G: K 341 1 72 1632 72 2709
G: K 342 1 72 2817 72 4047
G: K 343 1 72 4050 72 4476
G: K 344 -1 72 4459 73 2990
G: K 345 -1 73 3167 73 4187
G: K 346 -1 74 237 74 4164
G: K 347 -1 74 4173 75 2755
G: K 348 -1 75 2844 75 3351
G: K 349 -1 75 3429 75 4467
G: K 350 -1 75 4470 75 5301
G: K 351 -1 75 5311 76 828
G: K 352 1 76 871 76 1369
G: K 353 1 76 1359 76 1992
G: K 354 -1 76 2143 76 3118
G: K 355 1 76 3528 76 4770
G: K 356 1 76 4769 76 5705
G: K 357 -1 76 5922 77 462
G: K 358 1 77 509 77 1064
G: K 359 1 77 1066 77 1567
G: K 360 -1 77 1563 77 1890
G: K 361 1 77 2038 77 2458
G: K 362 -1 77 2460 77 4680
G: K 363 -1 77 4833 78 95
G: K 364 -1 78 107 78 1289
G: K 365 1 78 2096 78 2705
G: K 366 1 78 2682 78 3615
G: K 367 -1 78 3604 78 4840
G: K 368 1 78 4959 78 5448
G: K 369 1 78 5470 78 5851
G: K 370 1 78 5853 78 6027
G: K 371 -1 78 6041 79 172
G: K 372 1 79 235 79 928
G: K 373 1 79 920 79 1856
G: K 374 1 79 1857 79 3894
G: K 375 -1 79 3917 79 4709
G: K 376 -1 79 4698 79 5697
G: K 377 -1 79 5696 80 1492
G: K 378 -1 80 1560 80 2514
G: K 379 -1 80 2500 80 3475
G: K 380 -1 80 3467 80 4646
G: K 381 -1 80 4629 80 5478
G: K 382 -1 80 5478 81 64
G: K 383 -1 81 56 81 1751
G: K 384 -1 81 1750 81 2068
G: K 385 -1 81 2073 81 2655
G: K 386 -1 81 2701 81 4315
G: K 387 1 81 4343 81 6191
G: K 388 1 81 6183 82 277
G: K 389 1 82 269 82 944
G: K 502 -1 82 1407 82 2481
G: K 390 1 82 2482 82 3130
G: K 391 -1 82 3126 82 3888
G: K 392 -1 82 3880 82 5182
G: K 393 -1 82 5181 82 5643
G: K 394 -1 82 5813 83 53
G: K 395 -1 83 55 83 4906
G: K 396 -1 83 5192 83 6077
G: K 397 -1 83 6064 84 412
G: K 398 -1 84 395 84 764
G: K 399 -1 84 767 84 2777
G: K 400 -1 84 2884 84 4228
G: K 401 -1 84 4244 85 23
G: K 402 -1 85 35 85 368
G: K 403 -1 85 493 85 1729
G: K 404 -1 85 1738 85 3328
G: K 405 -1 85 3698 85 4160
G: K 406 -1 85 4160 86 452
G: K 407 -1 86 453 86 858
G: K 408 -1 86 862 86 2302
G: K 409 -1 86 2303 86 3149
G: K 410 -1 86 3148 86 4705
G: K 411 -1 86 4720 86 5257
G: K 412 -1 86 5249 87 402
G: K 413 -1 87 404 87 713
G: K 414 -1 87 715 87 1639
G: K 415 -1 87 1601 87 2066
G: K 416 -1 87 2071 87 3448
G: K 417 1 87 3514 87 3988
G: K 418 -1 87 3984 87 4701
G: K 419 -1 87 4703 88 193
G: K 420 -1 88 177 88 2142
G: K 421 -1 88 2141 88 3284
G: K 422 -1 88 3404 89 874
G: K 423 -1 89 938 89 2933
G: K 424 -1 89 2988 89 3387
G: K 425 -1 89 3392 89 3836
G: K 426 -1 89 3873 90 643
G: K 427 -1 90 648 90 3543
G: K 428 -1 90 3514 91 91
G: K 429 -1 91 128 91 1841
G: K 430 -1 91 1843 91 2104
G: K 431 1 91 2292 91 3648
G: K 432 1 91 3670 91 3874
G: K 433 1 91 3909 91 4338
G: K 434 1 91 4448 91 4973
G: K 435 -1 91 4969 92 1294
G: K 436 -1 92 1297 92 2842
G: K 437 -1 92 2834 92 3566
G: K 438 -1 92 3625 92 4846
G: K 439 1 92 4931 93 277
G: K 440 1 93 260 93 1016
G: K 441 1 93 1015 93 1570
G: K 442 1 93 1570 93 2773
G: K 443 1 93 2792 93 3944
G: K 444 -1 93 4348 93 5176
G: K 445 -1 93 5175 94 411
G: K 446 -1 94 553 94 964
G: K 447 -1 94 1134 94 1971
G: K 448 -1 94 1942 94 3130
G: K 449 -1 94 3145 94 3514
G: K 450 -1 94 3497 94 4205
G: K 451 -1 94 4204 94 4498
G: K 452 -1 94 5108 95 1367
G: K 453 -1 95 1367 95 1826
G: K 454 -1 95 2484 95 3369
G: K 455 -1 95 3368 95 4550
G: K 456 1 95 4602 95 5388
G: K 457 1 95 5372 96 353
G: K 458 -1 96 342 96 810
G: K 459 1 96 796 96 1981
G: K 460 -1 96 1973 96 2990
G: K 461 -1 96 3542 96 5669
G: K 462 -1 96 5846 96 6374
G: K 463 -1 96 6375 97 370
G: K 464 1 97 542 97 1487
G: K 465 -1 97 1483 97 2764
G: K 466 -1 97 2744 97 4223
G: K 467 -1 97 4209 97 4998
G: K 468 -1 97 4990 98 27
G: K 469 -1 97 6119 98 385
G: K 470 -1 98 353 98 500
G: K 471 -1 98 525 98 1470
G: K 472 -1 98 1473 99 950
G: K 473 -1 99 955 99 1816
G: K 474 -1 99 1878 99 3231
G: K 475 -1 99 3873 99 4695
G: K 504 1 99 4720 99 6055
