The input genome is 591767 bp long, 591767 will be kept.
min distance 0
----------------------------------------
fragments: id start end
F: 0 0 5258
F: 1 5258 11984
F: 2 11984 18303
F: 3 18303 24517
F: 4 24517 30619
F: 5 30619 37348
F: 6 37348 42526
F: 7 42526 47757
F: 8 47757 53413
F: 9 53413 58599
F: 10 58599 65837
F: 11 65837 70975
F: 12 70975 76649
F: 13 76649 82205
F: 14 82205 88905
F: 15 88905 94810
F: 16 94810 101827
F: 17 101827 106780
F: 18 106780 113086
F: 19 113086 119173
F: 20 119173 124694
F: 21 124694 129898
F: 22 129898 135498
F: 23 135498 141585
F: 24 141585 146582
F: 25 146582 152224
F: 26 152224 156984
F: 27 156984 161864
F: 28 161864 169135
F: 29 169135 176212
F: 30 176212 182043
F: 31 182043 188199
F: 32 188199 193968
F: 33 193968 199574
F: 34 199574 205565
F: 35 205565 211623
F: 36 211623 217686
F: 37 217686 224282
F: 38 224282 229510
F: 39 229510 234517
F: 40 234517 241680
F: 41 241680 247630
F: 42 247630 253777
F: 43 253777 260124
F: 44 260124 266081
F: 45 266081 272047
F: 46 272047 278221
F: 47 278221 284695
F: 48 284695 290725
F: 49 290725 296781
F: 50 296781 302341
F: 51 302341 308740
F: 52 308740 315273
F: 53 315273 321365
F: 54 321365 327085
F: 55 327085 332854
F: 56 332854 340130
F: 57 340130 344756
F: 58 344756 350387
F: 59 350387 356442
F: 60 356442 361195
F: 61 361195 368106
F: 62 368106 375297
F: 63 375297 381548
F: 64 381548 387641
F: 65 387641 393271
F: 66 393271 398310
F: 67 398310 403302
F: 68 403302 408773
F: 69 408773 415506
F: 70 415506 422501
F: 71 422501 428578
F: 72 428578 433822
F: 73 433822 440191
F: 74 440191 445821
F: 75 445821 453031
F: 76 453031 459115
F: 77 459115 464601
F: 78 464601 470692
F: 79 470692 476339
F: 80 476339 482584
F: 81 482584 488971
F: 82 488971 495342
F: 83 495342 501421
F: 84 501421 507190
F: 85 507190 512623
F: 86 512623 517942
F: 87 517942 523448
F: 88 523448 529125
F: 89 529125 534093
F: 90 534093 539965
F: 91 539965 545374
F: 92 545374 550884
F: 93 550884 556257
F: 94 556257 561654
F: 95 561654 567506
F: 96 567506 573939
F: 97 573939 579961
F: 98 579961 585694
F: 99 585694 591767
----------------------------------------
genes: [Kept,Partial,Discared] locus strand fragment1 start_pos fragment2 end_pos 
G: K 0 1 0 685 0 1849
G: K 1 1 0 1848 0 2781
G: K 2 1 0 2865 0 4818
G: K 3 1 0 4832 1 2085
G: K 4 1 1 2056 1 3310
G: K 5 1 1 3313 1 3952
G: K 6 1 1 3924 1 4689
G: K 7 1 1 4691 1 6020
G: K 8 1 1 6019 2 82
G: K 9 1 2 110 2 770
G: K 10 -1 2 746 2 1619
G: K 11 -1 2 1623 2 2505
G: K 12 -1 2 2461 2 3301
G: K 13 1 2 3639 2 5511
G: K 14 1 2 5557 3 1047
G: K 15 1 3 1056 3 4227
G: K 16 1 3 4268 3 5438
G: K 17 1 3 5421 4 134
G: K 18 1 4 133 4 1690
G: K 19 1 4 1719 4 2151
G: K 20 1 4 2156 4 3032
G: K 21 1 4 3032 4 4127
G: K 22 1 4 4329 4 5226
G: K 23 1 4 5229 4 5802
G: K 24 1 4 5770 5 121
G: K 25 1 5 120 5 726
G: K 26 -1 5 715 5 1282
G: K 27 -1 5 1283 5 1901
G: K 28 -1 5 1934 5 6308
G: K 29 1 5 6570 6 1839
G: K 30 1 6 1988 6 2765
G: K 31 -1 6 2733 6 3378
G: K 32 1 6 3406 6 4651
G: K 33 1 6 4640 7 1133
G: K 34 1 7 1105 7 2479
G: K 35 -1 7 2475 7 4020
G: K 36 -1 7 4010 7 5162
G: K 37 1 8 89 8 1865
G: K 38 1 8 1885 8 2146
G: K 39 1 8 2343 8 4029
G: K 637 1 8 4032 8 4773
G: K 40 1 8 4774 8 5635
G: K 41 1 8 5621 9 835
G: K 42 1 9 819 9 2295
G: K 43 1 9 2296 9 3265
G: K 44 1 9 3248 9 4400
G: K 45 -1 9 4629 10 784
G: K 46 1 10 836 10 1553
G: K 47 1 10 1556 10 2237
G: K 48 1 10 2223 10 3486
G: K 49 1 10 3494 10 3887
G: K 50 1 10 3886 10 5566
G: K 51 -1 10 5539 10 6487
G: K 52 -1 10 6490 10 6868
G: K 53 -1 10 6874 10 7021
G: K 54 -1 10 7034 11 189
G: K 55 -1 11 175 11 1009
G: K 56 -1 11 990 11 1533
G: K 57 -1 11 1511 11 2528
G: K 58 -1 11 2508 11 2946
G: K 59 1 11 2952 11 3858
G: K 60 -1 11 3833 12 426
G: K 61 1 12 730 12 2773
G: K 62 1 12 2723 12 3644
G: K 63 1 12 3899 13 2272
G: K 64 1 13 2271 13 3705
G: K 65 1 13 3708 14 123
G: K 66 1 14 133 14 1705
G: K 67 1 14 1728 14 3153
G: K 68 1 15 636 15 3396
G: K 69 1 15 3506 15 4367
G: K 70 1 15 4371 16 1115
G: K 71 1 16 1098 16 3528
G: K 72 1 16 3505 16 5503
G: K 73 1 16 5505 16 5928
G: K 74 1 16 5991 17 2049
G: K 75 -1 17 2045 17 2462
G: K 76 1 17 2695 17 3916
G: K 77 1 17 3908 18 86
G: K 78 1 18 87 18 1296
G: K 79 1 18 1295 18 3842
G: K 80 1 18 3897 18 4317
G: K 81 1 18 4316 18 4997
G: K 82 1 18 4996 18 5563
G: K 83 1 18 5555 19 131
G: K 84 1 19 131 19 1085
G: K 85 1 19 1077 19 2226
G: K 86 1 19 2254 19 2683
G: K 88 1 19 2708 19 4793
G: K 89 1 19 4841 19 5471
G: K 90 1 19 5471 19 5951
G: K 91 1 19 5940 20 174
G: K 92 1 20 176 20 644
G: K 93 1 20 624 20 2046
G: K 94 1 20 2049 20 3246
G: K 95 1 20 3429 20 5382
G: K 96 1 20 5438 21 670
G: K 97 1 21 769 21 2203
G: K 98 1 21 2205 21 3648
G: K 99 1 21 3640 21 5089
G: K 100 1 21 5063 22 528
G: K 101 1 22 520 22 1474
G: K 102 1 22 1463 22 2306
G: K 103 1 22 2327 22 2564
G: K 104 1 22 2566 22 4744
G: K 105 1 22 4751 22 5360
G: K 106 -1 22 5334 23 316
G: K 107 1 23 356 23 926
G: K 108 1 23 925 23 1720
G: K 109 1 23 1704 23 2868
G: K 110 1 23 2854 23 3703
G: K 111 1 23 3717 23 5034
G: K 112 1 23 5020 23 5653
G: K 113 1 23 5666 24 971
G: K 114 1 24 906 24 1626
G: K 115 1 24 1650 24 2115
G: K 116 1 24 2123 24 2885
G: K 117 1 24 2877 24 3522
G: K 118 1 24 3502 24 4528
G: K 119 1 24 4542 25 1240
G: K 120 1 25 1246 25 2830
G: K 121 1 25 2832 25 3759
G: K 122 1 25 3798 26 298
G: K 123 1 26 275 26 1691
G: K 124 1 26 1737 26 2058
G: K 125 1 26 2063 26 2939
G: K 126 -1 26 2919 26 3969
G: K 127 1 26 4004 26 4442
G: K 128 1 26 4449 27 481
G: K 129 1 27 480 27 837
G: K 130 1 27 826 27 2281
G: K 131 -1 27 2841 27 3267
G: K 132 -1 27 3247 27 4039
G: K 133 1 27 4058 27 4361
G: K 134 -1 27 4332 28 295
G: K 135 1 28 340 28 1867
G: K 136 1 28 1808 28 3023
G: K 137 1 28 3022 28 4801
G: K 138 1 28 4884 28 6594
G: K 139 1 30 870 30 4212
G: K 140 1 30 4216 30 5812
G: K 141 1 30 5811 31 247
G: K 142 1 31 230 31 2105
G: K 143 1 31 2091 31 2442
G: K 144 1 31 2466 31 3330
G: K 145 1 31 3329 31 4139
G: K 146 1 31 4151 31 5438
G: K 147 1 31 5424 32 420
G: K 148 1 32 458 32 1694
G: K 149 1 32 1769 32 2627
G: K 150 1 32 2666 32 3137
G: K 151 1 32 3226 32 3547
G: K 152 1 32 3550 32 4315
G: K 153 1 32 4314 32 4947
G: K 154 1 32 4950 32 5271
G: K 155 1 32 5270 33 359
G: K 156 1 33 358 33 628
G: K 157 1 33 630 33 1071
G: K 635 1 33 1072 33 2125
G: K 158 1 33 2126 33 2933
G: K 159 1 33 2938 33 3358
G: K 160 1 33 3357 33 3963
G: K 161 1 33 3962 33 4220
G: K 162 1 33 4223 33 4595
G: K 163 1 33 4594 33 4933
G: K 164 1 33 4938 33 5478
G: K 165 1 33 5480 34 54
G: K 166 1 34 47 34 479
G: K 167 1 34 485 34 1049
G: K 168 1 34 1050 34 1398
G: K 169 1 34 1402 34 2029
G: K 170 1 34 2034 34 2487
G: K 171 1 34 2486 34 3914
G: K 172 1 34 3907 34 4573
G: K 173 1 34 4575 34 5322
G: K 174 1 34 5321 34 5537
G: K 175 1 34 5547 34 5664
G: K 176 1 34 5663 35 47
G: K 177 1 35 46 35 412
G: K 178 1 35 427 35 1423
G: K 636 1 35 1434 35 2175
G: K 179 1 35 2176 35 2548
G: K 180 1 35 2534 35 3356
G: K 181 1 35 3340 35 4282
G: K 182 1 35 4274 35 5558
G: K 183 1 35 5550 36 227
G: K 184 1 36 216 36 2079
G: K 185 1 36 2079 36 3045
G: K 514 -1 36 3143 36 4052
G: K 186 1 36 4053 37 111
G: K 187 1 37 2577 37 3342
G: K 188 1 37 3334 37 5122
G: K 189 1 37 5124 37 6114
G: K 190 1 37 6085 38 446
G: K 191 1 38 614 38 1565
G: K 192 1 38 1571 39 723
G: K 193 1 39 724 39 3898
G: K 194 1 40 1832 40 2864
G: K 195 1 40 2867 40 5312
G: K 196 1 40 5370 40 5916
G: K 197 1 40 5918 40 6101
G: K 198 1 40 6103 40 6478
G: K 199 1 41 40 41 1846
G: K 200 1 41 1857 41 2520
G: K 201 1 41 2529 41 2898
G: K 202 1 41 3025 41 4927
G: K 203 1 41 4926 42 1337
G: K 204 -1 42 1333 42 2389
G: K 205 1 42 2424 42 4278
G: K 206 1 42 4258 42 4759
G: K 207 -1 42 4751 42 5363
G: K 208 -1 42 5343 43 156
G: K 209 -1 43 155 43 707
G: K 210 1 43 907 43 1576
G: K 211 1 43 1575 43 1770
G: K 212 1 43 1771 43 2203
G: K 213 1 43 2205 43 2544
G: K 214 1 43 2536 43 3349
G: K 215 1 43 3341 43 4763
G: K 216 1 43 4740 43 5373
G: K 217 1 43 5391 44 16
G: K 218 1 44 18 44 1545
G: K 219 1 44 2464 44 3583
G: K 220 1 44 3600 45 3076
G: K 221 1 45 3078 45 4122
G: K 222 1 45 4078 45 4543
G: K 223 -1 45 4574 45 4862
G: K 224 1 45 5171 45 5594
G: K 225 1 45 5583 46 547
G: K 226 1 46 548 46 1784
G: K 227 1 46 1786 46 2896
G: K 228 1 46 2941 46 4459
G: K 229 1 46 4421 46 5903
G: K 230 1 47 200 47 1070
G: K 231 1 47 1069 47 1552
G: K 232 1 47 1557 47 2592
G: K 233 1 47 2595 47 3075
G: K 234 1 47 3093 47 5283
G: K 235 1 47 5375 47 5678
G: K 236 1 47 5670 47 5976
G: K 237 1 47 5971 47 6283
G: K 238 1 47 6275 48 686
G: K 239 1 48 675 48 1104
G: K 240 1 48 1096 48 1996
G: K 241 1 48 2025 48 3390
G: K 242 1 48 3458 48 5846
G: K 243 -1 48 5842 49 865
G: K 244 1 49 917 49 2819
G: K 245 1 49 2824 49 4726
G: K 246 1 49 5414 50 1488
G: K 247 1 50 1490 50 1997
G: K 248 1 50 1989 50 2835
G: K 249 -1 50 2818 50 3535
G: K 250 -1 50 3524 50 4178
G: K 251 -1 50 4161 51 104
G: K 252 -1 51 148 51 1972
G: K 253 -1 51 1961 51 3311
G: K 254 -1 51 3330 51 4068
G: K 255 -1 51 4070 51 5378
G: K 634 -1 51 5381 51 5723
G: K 256 -1 51 5724 52 1329
G: K 257 1 52 1504 52 2602
G: K 258 1 52 2705 52 3179
G: K 259 1 52 3345 52 4128
G: K 260 1 52 4173 52 4473
G: K 261 1 52 4472 52 5567
G: K 262 1 52 5567 53 405
G: K 513 1 53 534 53 1818
G: K 263 1 53 1819 53 4171
G: K 264 1 54 971 54 3656
G: K 633 -1 54 3661 54 4222
G: K 265 1 54 4223 54 5099
G: K 266 1 54 5098 55 233
G: K 267 1 55 348 55 1245
G: K 268 1 55 1238 55 1847
G: K 269 -1 55 1779 55 2628
G: K 270 -1 55 2646 55 5025
G: K 271 -1 55 5025 55 5376
G: K 272 -1 55 5409 56 324
G: K 273 -1 56 474 56 1491
G: K 274 -1 56 1871 56 2888
G: K 275 -1 56 2898 56 4290
G: K 276 -1 56 4293 56 5451
G: K 277 -1 56 5700 56 6681
G: K 278 -1 56 6698 57 499
G: K 279 -1 57 526 57 1978
G: K 280 -1 57 2060 57 2609
G: K 281 -1 57 2622 58 930
G: K 282 1 58 972 58 3180
G: K 283 -1 58 3176 58 3836
G: K 284 -1 58 3825 58 4638
G: K 285 -1 58 4698 59 765
G: K 286 -1 59 1426 59 1912
G: K 287 1 59 2243 59 3707
G: K 288 1 59 3924 59 4338
G: K 289 1 59 4297 59 5356
G: K 290 1 59 5358 59 5958
G: K 291 1 59 5989 60 192
G: K 292 1 61 325 61 1426
G: K 293 1 61 1415 61 2156
G: K 294 1 61 2142 61 3795
G: K 295 -1 61 3791 61 4214
G: K 296 -1 61 4213 62 5
G: K 297 -1 62 62 62 803
G: K 298 -1 62 795 62 2226
G: K 299 -1 62 2343 62 3450
G: K 300 -1 62 3452 62 3842
G: K 301 -1 62 3961 62 5017
G: K 302 -1 62 5023 63 859
G: K 303 -1 63 1061 63 2054
G: K 304 -1 63 2071 63 3322
G: K 305 -1 63 3323 63 4352
G: K 306 -1 63 4382 63 5336
G: K 307 -1 63 5314 64 131
G: K 308 -1 64 109 64 949
G: K 309 -1 64 1074 64 2901
G: K 310 -1 64 2988 64 4185
G: K 311 -1 64 4184 65 1631
G: K 312 -1 65 1615 65 2857
G: K 313 -1 65 2863 66 935
G: K 314 1 66 988 66 1795
G: K 315 -1 66 1801 66 2416
G: K 316 -1 66 2438 67 819
G: K 317 -1 67 878 67 1742
G: K 318 -1 67 1786 67 3109
G: K 319 -1 67 3132 67 4032
G: K 320 -1 67 3958 68 79
G: K 321 -1 68 119 68 1919
G: K 322 -1 68 1933 68 2779
G: K 323 -1 68 2795 68 3344
G: K 324 -1 68 3447 68 4326
G: K 325 -1 68 4646 69 1992
G: K 326 -1 69 2791 69 4468
G: K 327 1 69 4524 69 5208
G: K 328 -1 69 6043 70 135
G: K 329 -1 70 79 70 1144
G: K 330 -1 70 1143 70 1305
G: K 331 -1 70 1321 70 2203
G: K 332 -1 70 2215 70 3004
G: K 333 -1 70 2987 70 5264
G: K 334 -1 70 5302 70 6679
G: K 335 -1 70 6682 71 341
G: K 336 -1 71 349 71 991
G: K 337 -1 71 978 71 1707
G: K 338 -1 71 2343 71 4884
G: K 339 -1 71 4873 71 5449
G: K 340 -1 71 5456 71 5681
G: K 341 1 71 5739 72 688
G: K 342 1 72 796 72 2050
G: K 343 1 72 2053 72 2470
G: K 344 -1 72 2456 73 1025
G: K 345 -1 73 1202 73 2225
G: K 346 -1 73 4692 74 2214
G: K 347 -1 74 2223 75 787
G: K 348 -1 75 876 75 1386
G: K 349 -1 75 1464 75 2496
G: K 350 -1 75 2499 75 3321
G: K 351 -1 75 3331 75 6028
G: K 352 1 75 6071 75 6590
G: K 353 1 75 6580 76 24
G: K 354 -1 76 175 76 1168
G: K 355 1 76 1578 76 2808
G: K 356 1 76 2807 76 3746
G: K 357 -1 76 3963 76 4644
G: K 358 1 76 4691 76 5249
G: K 359 1 76 5251 76 5752
G: K 360 -1 76 5748 77 3
G: K 361 1 77 151 77 568
G: K 362 -1 77 570 77 2733
G: K 363 -1 77 2886 77 3747
G: K 364 -1 77 3759 77 4953
G: K 365 1 78 274 78 901
G: K 366 1 78 869 78 1799
G: K 367 -1 78 1788 78 3042
G: K 368 1 78 3161 78 3650
G: K 369 1 78 3672 78 4041
G: K 370 1 78 4043 78 4220
G: K 371 -1 78 4234 78 4501
G: K 372 1 78 4564 78 5245
G: K 373 1 78 5237 79 100
G: K 374 1 79 101 79 2105
G: K 375 -1 79 2128 79 2926
G: K 376 -1 79 2915 79 3902
G: K 377 -1 79 3901 79 5584
G: K 378 -1 80 5 80 986
G: K 379 -1 80 969 80 1947
G: K 380 -1 80 1939 80 3103
G: K 381 -1 80 3089 80 3932
G: K 382 -1 80 3932 80 4769
G: K 383 -1 80 4761 81 220
G: K 384 -1 81 219 81 534
G: K 385 -1 81 539 81 1121
G: K 386 -1 81 1167 81 2793
G: K 387 1 81 2821 81 4678
G: K 388 1 81 4670 81 5264
G: K 389 1 81 5256 81 5916
G: K 390 1 81 6380 82 644
G: K 391 -1 82 640 82 1390
G: K 392 -1 82 1379 82 2690
G: K 393 -1 82 2689 82 3145
G: K 394 -1 82 3315 82 4044
G: K 512 -1 82 4045 82 4699
G: K 395 -1 82 4700 83 3231
G: K 396 -1 83 3517 83 4393
G: K 397 -1 83 4380 83 4845
G: K 398 -1 83 4828 83 5215
G: K 399 -1 83 5218 84 1116
G: K 400 -1 84 1223 84 2570
G: K 401 -1 84 2586 84 4218
G: K 402 -1 84 4230 84 4566
G: K 403 -1 84 4691 85 158
G: K 404 -1 85 167 85 1736
G: K 405 -1 85 2106 85 2559
G: K 406 -1 85 2559 85 4263
G: K 407 -1 85 4264 85 4663
G: K 408 -1 85 4667 86 665
G: K 409 -1 86 666 86 1521
G: K 410 -1 86 1520 86 3077
G: K 411 -1 86 3092 86 3623
G: K 412 -1 86 3615 86 4251
G: K 413 -1 86 4253 86 4565
G: K 414 -1 86 4567 87 127
G: K 415 -1 87 92 87 569
G: K 416 -1 87 574 87 1951
G: K 417 1 87 2017 87 2485
G: K 418 -1 87 2481 87 3174
G: K 419 -1 87 3176 87 4199
G: K 420 -1 87 4183 88 660
G: K 421 -1 88 659 88 1799
G: K 422 -1 88 1919 88 5063
G: K 423 -1 88 5127 89 1499
G: K 424 -1 89 1554 89 1959
G: K 425 -1 89 1964 89 2405
G: K 426 -1 89 2442 89 4242
G: K 427 -1 89 4247 90 2156
G: K 428 -1 90 2127 90 4650
G: K 429 -1 90 4687 91 501
G: K 430 -1 91 503 91 767
G: K 431 1 91 955 91 2329
G: K 432 1 91 2351 91 2552
G: K 433 1 91 2587 91 3019
G: K 434 1 91 3129 91 3645
G: K 435 -1 91 3641 91 5360
G: K 436 -1 91 5363 92 1478
G: K 437 -1 92 1470 92 2208
G: K 438 -1 92 2267 92 3464
G: K 439 1 92 3549 92 4452
G: K 440 1 92 4426 92 5179
G: K 441 1 92 5178 93 223
G: K 442 1 93 223 93 1417
G: K 443 1 93 1436 93 2603
G: K 444 -1 93 3007 93 3835
G: K 445 -1 93 3834 93 4617
G: K 446 -1 93 4759 93 5173
G: K 447 -1 93 5343 94 789
G: K 448 -1 94 760 94 1948
G: K 449 -1 94 1963 94 2326
G: K 450 -1 94 2309 94 3008
G: K 451 -1 94 3007 94 3295
G: K 452 -1 94 3905 95 176
G: K 453 -1 95 176 95 629
G: K 454 -1 95 1287 95 2172
G: K 455 -1 95 2171 95 3377
G: K 456 1 95 3429 95 4227
G: K 457 1 95 4211 95 5093
G: K 458 -1 95 5079 95 5550
G: K 459 1 95 5536 96 875
G: K 460 -1 96 864 96 1872
G: K 461 -1 96 2424 96 4533
G: K 462 -1 96 4710 96 5235
G: K 463 -1 96 5236 96 5749
G: K 515 1 96 5920 97 1566
G: K 464 1 97 1567 97 2500
G: K 465 -1 97 2496 97 3777
G: K 466 -1 97 3757 97 5209
G: K 467 -1 97 5195 97 5981
G: K 468 -1 97 5973 98 1139
G: K 469 -1 98 1116 98 1509
G: K 470 -1 98 1477 98 1621
G: K 471 -1 98 1646 98 2582
G: K 472 -1 98 2585 99 2309
G: K 473 -1 99 2314 99 3178
G: K 474 -1 99 3240 99 4554
G: K 475 -1 99 5196 99 6030
