The input genome is 592613 bp long, 414829 will be kept.
min distance 176
----------------------------------------
fragments: id start end
F: 0 1430 5249
F: 1 7120 12039
F: 2 13927 18165
F: 3 19988 24258
F: 4 26123 30429
F: 5 32235 37322
F: 6 38989 42406
F: 7 44217 47651
F: 8 49722 53364
F: 9 54984 58668
F: 10 60330 65702
F: 11 67053 70710
F: 12 72558 76285
F: 13 77732 81781
F: 14 83730 88572
F: 15 90092 94600
F: 16 96939 101607
F: 17 102989 106729
F: 18 108520 113108
F: 19 115505 119331
F: 20 121072 124907
F: 21 126534 129957
F: 22 131257 135618
F: 23 137819 141552
F: 24 143088 146640
F: 25 148148 152296
F: 26 153368 157071
F: 27 158391 162001
F: 28 164389 169249
F: 29 171335 176314
F: 30 178485 182162
F: 31 184111 188418
F: 32 190210 194133
F: 33 196416 199838
F: 34 201201 206005
F: 35 207554 211996
F: 36 213754 217925
F: 37 220122 224683
F: 38 226150 229834
F: 39 231278 234892
F: 40 237925 242089
F: 41 243928 247915
F: 42 249968 254033
F: 43 255964 260281
F: 44 262280 266403
F: 45 268310 272545
F: 46 274138 278684
F: 47 280591 285228
F: 48 286827 291221
F: 49 293335 297314
F: 50 299109 302808
F: 51 304238 309237
F: 52 310872 315624
F: 53 317662 321704
F: 54 323466 327485
F: 55 329127 333241
F: 56 334923 340395
F: 57 341659 345100
F: 58 346670 350631
F: 59 352249 356604
F: 60 357878 361427
F: 61 363550 368269
F: 62 370416 375299
F: 63 377204 381546
F: 64 383135 387713
F: 65 389144 393411
F: 66 394627 398506
F: 67 400188 403455
F: 68 405161 409001
F: 69 411131 415894
F: 70 418051 422902
F: 71 424741 428946
F: 72 430957 434295
F: 73 436468 440744
F: 74 442718 446414
F: 75 448353 453416
F: 76 454985 459479
F: 77 460439 464885
F: 78 466996 471016
F: 79 472545 476599
F: 80 478292 482985
F: 81 485340 489444
F: 82 491842 495991
F: 83 497551 502004
F: 84 503752 507816
F: 85 509781 513272
F: 86 514886 518743
F: 87 520134 524027
F: 88 525401 529746
F: 89 531158 534796
F: 90 536506 540705
F: 91 542413 546119
F: 92 548069 551725
F: 93 553566 557251
F: 94 559208 562519
F: 95 563675 568024
F: 96 570445 574522
F: 97 576084 580594
F: 98 582466 586298
F: 99 588053 592437
----------------------------------------
genes: [Kept,Partial,Discared] locus strand fragment1 start_pos fragment2 end_pos 
G: P 0 1 -1 -1 0 404
G: K 1 1 0 403 0 1354
G: K 2 1 0 1438 0 3400
G: K 3 1 0 3414 1 265
G: K 4 1 1 236 1 1511
G: K 5 1 1 1514 1 2141
G: K 6 1 1 2113 1 2878
G: K 7 1 1 2880 1 4206
G: P 8 1 1 4205 -1 -1
G: D 494 -1 -1 -1 -1 -1
G: D 9 1 -1 -1 -1 -1
G: P 10 -1 -1 -1 2 366
G: K 568 -1 2 369 2 747
G: K 11 -1 2 748 2 1600
G: K 12 -1 2 1562 2 2384
G: P 13 1 2 2722 -1 -1
G: P 14 1 -1 -1 3 364
G: K 15 1 3 373 3 3487
G: P 16 1 3 3528 -1 -1
G: D 17 1 -1 -1 -1 -1
G: P 18 1 -1 -1 4 1026
G: K 19 1 4 1055 4 1493
G: K 20 1 4 1498 4 2359
G: K 21 1 4 2359 4 3475
G: P 22 1 4 3677 -1 -1
G: D 23 1 -1 -1 -1 -1
G: D 24 1 -1 -1 -1 -1
G: P 25 1 -1 -1 5 94
G: K 26 -1 5 83 5 641
G: K 27 -1 5 642 5 1278
G: P 28 -1 5 1311 -1 -1
G: P 29 1 -1 -1 6 1254
G: K 30 1 6 1403 6 2183
G: K 31 -1 6 2151 6 2802
G: P 32 1 6 2830 -1 -1
G: P 33 1 -1 -1 7 504
G: K 34 1 7 476 7 1829
G: K 35 -1 7 1825 7 3358
G: P 36 -1 7 3348 -1 -1
G: P 37 1 -1 -1 8 977
G: K 38 1 8 997 8 1264
G: K 39 1 8 1461 8 3150
G: P 40 1 8 3154 -1 -1
G: D 41 1 -1 -1 -1 -1
G: P 42 1 -1 -1 9 1051
G: K 43 1 9 1052 9 2006
G: K 44 1 9 1989 9 3147
G: P 45 -1 9 3376 -1 -1
G: P 46 1 -1 -1 10 194
G: K 47 1 10 197 10 869
G: K 48 1 10 855 10 2121
G: K 49 1 10 2129 10 2522
G: K 50 1 10 2521 10 4192
G: K 51 -1 10 4168 10 5116
G: P 571 -1 10 5118 -1 -1
G: D 52 -1 -1 -1 -1 -1
G: D 53 -1 -1 -1 -1 -1
G: D 54 -1 -1 -1 -1 -1
G: P 55 -1 -1 -1 11 420
G: K 56 -1 11 401 11 938
G: K 57 -1 11 916 11 1915
G: K 58 -1 11 1895 11 2339
G: K 59 1 11 2345 11 3233
G: P 60 -1 11 3211 -1 -1
G: P 61 1 -1 -1 12 1802
G: K 62 1 12 1752 12 2670
G: K 63 1 12 2925 13 1747
G: K 64 1 13 1746 13 3147
G: P 65 1 13 3150 -1 -1
G: P 66 1 -1 -1 14 702
G: K 67 1 14 725 14 2147
G: P 68 1 -1 -1 15 2695
G: K 69 1 15 2805 15 3660
G: P 70 1 15 3664 -1 -1
G: P 71 1 -1 -1 16 1903
G: K 72 1 16 1880 16 3875
G: K 73 1 16 3877 16 4291
G: K 74 1 16 4354 17 1415
G: K 75 -1 17 1411 17 1828
G: K 76 1 17 2061 17 3285
G: P 77 1 17 3277 -1 -1
G: P 78 1 -1 -1 18 105
G: K 79 1 18 104 18 2651
G: K 80 1 18 2706 18 3120
G: K 81 1 18 3119 18 3800
G: K 82 1 18 3799 18 4399
G: P 83 1 18 4391 -1 -1
G: D 84 1 -1 -1 -1 -1
G: P 85 1 -1 -1 19 422
G: K 86 1 19 450 19 870
G: K 87 1 19 886 19 1372
G: K 88 1 19 1381 19 3454
G: P 89 1 19 3505 -1 -1
G: D 90 1 -1 -1 -1 -1
G: D 91 1 -1 -1 -1 -1
G: D 92 1 -1 -1 -1 -1
G: P 93 1 -1 -1 20 1248
G: K 94 1 20 1251 20 2448
G: P 95 1 20 2631 -1 -1
G: D 96 1 -1 -1 -1 -1
G: K 97 1 21 12 21 1443
G: K 98 1 21 1445 21 2882
G: P 99 1 21 2874 -1 -1
G: P 100 1 -1 -1 22 249
G: K 101 1 22 241 22 1189
G: K 102 1 22 1178 22 2024
G: K 103 1 22 2045 22 2273
G: P 104 1 22 2275 -1 -1
G: D 105 1 -1 -1 -1 -1
G: D 106 -1 -1 -1 -1 -1
G: D 107 1 -1 -1 -1 -1
G: P 108 1 -1 -1 23 491
G: K 109 1 23 475 23 1651
G: K 110 1 23 1637 23 2486
G: P 111 1 23 2500 -1 -1
G: D 112 1 -1 -1 -1 -1
G: P 113 1 -1 -1 24 551
G: K 114 1 24 486 24 1197
G: K 115 1 24 1221 24 1695
G: K 116 1 24 1703 24 2462
G: K 117 1 24 2454 24 3099
G: P 118 1 24 3079 -1 -1
G: P 119 1 -1 -1 25 775
G: K 120 1 25 781 25 2374
G: K 121 1 25 2376 25 3300
G: K 122 1 25 3339 26 267
G: K 123 1 26 241 26 1681
G: K 124 1 26 1727 26 2036
G: K 125 1 26 2041 26 2908
G: P 126 -1 26 2888 -1 -1
G: D 127 1 -1 -1 -1 -1
G: P 128 1 -1 -1 27 187
G: K 129 1 27 186 27 540
G: K 130 1 27 529 27 2005
G: K 131 -1 27 2565 27 2991
G: P 132 -1 27 2968 -1 -1
G: D 133 1 -1 -1 -1 -1
G: D 134 -1 -1 -1 -1 -1
G: P 135 1 -1 -1 28 434
G: K 136 1 28 375 28 1599
G: K 137 1 28 1598 28 3413
G: P 138 1 28 3496 -1 -1
G: P 139 1 -1 -1 30 3094
G: P 569 -1 30 3097 -1 -1
G: P 140 1 -1 -1 31 145
G: K 141 1 31 144 31 420
G: K 142 1 31 406 31 2278
G: K 143 1 31 2264 31 2603
G: K 144 1 31 2627 31 3479
G: K 145 1 31 3478 31 4288
G: P 146 1 31 4300 -1 -1
G: P 147 1 -1 -1 32 596
G: K 148 1 32 634 32 1882
G: K 149 1 32 1957 32 2818
G: K 150 1 32 2857 32 3322
G: K 151 1 32 3411 32 3732
G: P 152 1 32 3735 -1 -1
G: D 153 1 -1 -1 -1 -1
G: D 154 1 -1 -1 -1 -1
G: P 155 1 -1 -1 33 161
G: K 156 1 33 160 33 421
G: K 157 1 33 423 33 858
G: K 158 1 33 860 33 1664
G: K 159 1 33 1669 33 2086
G: K 160 1 33 2085 33 2688
G: K 161 1 33 2687 33 2942
G: K 162 1 33 2945 33 3311
G: P 163 1 33 3310 -1 -1
G: D 164 1 -1 -1 -1 -1
G: D 165 1 -1 -1 -1 -1
G: P 166 1 -1 -1 34 4
G: K 167 1 34 10 34 559
G: K 168 1 34 560 34 920
G: K 169 1 34 924 34 1560
G: K 170 1 34 1565 34 2015
G: K 171 1 34 2014 34 3442
G: K 172 1 34 3435 34 4092
G: P 173 1 34 4094 -1 -1
G: D 174 1 -1 -1 -1 -1
G: D 175 1 -1 -1 -1 -1
G: D 176 1 -1 -1 -1 -1
G: D 177 1 -1 -1 -1 -1
G: P 178 1 -1 -1 35 580
G: K 179 1 35 592 35 970
G: K 180 1 35 956 35 1784
G: K 181 1 35 1765 35 2692
G: K 182 1 35 2684 35 3968
G: P 183 1 35 3960 -1 -1
G: P 184 1 -1 -1 36 308
G: K 185 1 36 308 36 1280
G: K 186 1 36 1379 36 3482
G: P 187 1 -1 -1 37 333
G: K 188 1 37 325 37 2125
G: K 189 1 37 2127 37 3144
G: K 190 1 37 3112 37 4081
G: P 191 1 37 4249 -1 -1
G: P 493 1 -1 -1 38 182
G: P 192 1 38 183 -1 -1
G: D 492 -1 -1 -1 -1 -1
G: P 193 1 -1 -1 39 3138
G: P 194 1 -1 -1 40 458
G: K 195 1 40 461 40 2900
G: K 196 1 40 2958 40 3504
G: K 197 1 40 3506 40 3686
G: K 198 1 40 3688 40 4066
G: P 199 1 -1 -1 41 597
G: K 200 1 41 608 41 1262
G: K 201 1 41 1271 41 1640
G: K 202 1 41 1767 41 3693
G: K 203 1 41 3692 42 58
G: K 204 -1 42 54 42 1092
G: K 205 1 42 1127 42 2939
G: K 206 1 42 2919 42 3423
G: K 207 -1 42 3415 42 4015
G: P 208 -1 42 3998 -1 -1
G: D 209 -1 -1 -1 -1 -1
G: P 210 1 -1 -1 43 367
G: K 211 1 43 366 43 561
G: K 212 1 43 562 43 1009
G: K 213 1 43 1011 43 1350
G: K 214 1 43 1342 43 2149
G: K 215 1 43 2141 43 3557
G: K 216 1 43 3540 43 4167
G: P 217 1 43 4185 -1 -1
G: P 218 1 -1 -1 44 397
G: K 219 1 44 1316 44 2447
G: K 490 -1 44 2463 44 2718
G: K 220 1 44 2719 45 2173
G: K 221 1 45 2175 45 3231
G: K 222 1 45 3184 45 3637
G: K 223 -1 45 3668 45 3950
G: D 224 1 -1 -1 -1 -1
G: D 225 1 -1 -1 -1 -1
G: P 226 1 -1 -1 46 1028
G: K 227 1 46 1030 46 2161
G: K 228 1 46 2206 46 3688
G: P 229 1 46 3653 -1 -1
G: P 230 1 -1 -1 47 32
G: K 231 1 47 31 47 523
G: K 232 1 47 528 47 1557
G: K 233 1 47 1560 47 2022
G: K 234 1 47 2040 47 4221
G: K 235 1 47 4313 47 4628
G: P 236 1 47 4620 -1 -1
G: D 237 1 -1 -1 -1 -1
G: D 238 1 -1 -1 -1 -1
G: P 239 1 -1 -1 48 280
G: K 240 1 48 272 48 1157
G: K 241 1 48 1186 48 2521
G: P 242 1 48 2589 -1 -1
G: D 243 -1 -1 -1 -1 -1
G: P 244 1 -1 -1 49 1463
G: K 245 1 49 1468 49 3367
G: P 246 1 -1 -1 50 393
G: K 247 1 50 395 50 902
G: K 248 1 50 894 50 1740
G: K 249 -1 50 1723 50 2440
G: K 250 -1 50 2426 50 3101
G: P 251 -1 50 3084 -1 -1
G: P 489 1 -1 -1 51 611
G: K 252 -1 51 612 51 2460
G: K 253 -1 51 2449 51 3790
G: K 254 -1 51 3809 51 4547
G: P 255 -1 51 4549 -1 -1
G: P 256 -1 -1 -1 52 1201
G: K 257 1 52 1376 52 2486
G: K 258 1 52 2589 52 3045
G: K 259 1 52 3211 52 3982
G: K 260 1 52 4024 52 4321
G: P 261 1 52 4320 -1 -1
G: P 262 1 -1 -1 53 23
G: K 263 1 53 153 53 2460
G: P 264 1 -1 -1 54 2173
G: K 265 1 54 2179 54 3058
G: K 266 1 54 3057 54 3927
G: D 267 1 -1 -1 -1 -1
G: D 268 1 -1 -1 -1 -1
G: P 269 -1 -1 -1 55 634
G: K 270 -1 55 652 55 3058
G: K 271 -1 55 3058 55 3406
G: P 272 -1 55 3439 -1 -1
G: D 273 -1 -1 -1 -1 -1
G: P 274 -1 -1 -1 56 888
G: K 275 -1 56 898 56 2287
G: K 276 -1 56 2290 56 3445
G: K 277 -1 56 3694 56 4675
G: P 278 -1 56 4692 -1 -1
G: P 279 -1 -1 -1 57 530
G: K 280 -1 57 612 57 1155
G: P 281 -1 57 1168 -1 -1
G: P 282 1 -1 -1 58 1311
G: K 283 -1 58 1307 58 1982
G: K 284 -1 58 1974 58 2772
G: P 285 -1 58 2832 -1 -1
G: P 286 -1 -1 -1 59 92
G: K 287 1 59 423 59 1884
G: K 288 1 59 2104 59 2509
G: K 289 1 59 2468 59 3515
G: K 290 1 59 3517 59 4114
G: P 291 1 59 4145 -1 -1
G: D 292 1 -1 -1 -1 -1
G: D 293 1 -1 -1 -1 -1
G: P 294 1 -1 -1 61 1479
G: K 295 -1 61 1475 61 1904
G: K 296 -1 61 1903 61 4624
G: P 297 -1 61 4681 -1 -1
G: D 298 -1 -1 -1 -1 -1
G: K 299 -1 62 87 62 1179
G: K 301 -1 62 1300 62 2359
G: P 302 -1 62 2365 -1 -1
G: D 303 -1 -1 -1 -1 -1
G: P 304 -1 -1 -1 63 962
G: K 305 -1 63 963 63 1992
G: K 306 -1 63 2022 63 3000
G: K 307 -1 63 2981 63 4058
G: P 308 -1 63 4039 -1 -1
G: P 309 -1 -1 -1 64 858
G: K 310 -1 64 945 64 2136
G: P 311 -1 64 2135 -1 -1
G: P 312 -1 -1 -1 65 895
G: P 313 -1 65 901 -1 -1
G: P 314 1 -1 -1 66 31
G: K 315 -1 66 37 66 661
G: P 316 -1 66 683 -1 -1
G: D 317 -1 -1 -1 -1 -1
G: P 318 -1 -1 -1 67 871
G: K 319 -1 67 894 67 1788
G: K 320 -1 67 1711 67 2821
G: P 321 -1 67 2861 -1 -1
G: P 322 -1 -1 -1 68 557
G: K 323 -1 68 573 68 1116
G: K 324 -1 68 1219 68 2080
G: P 325 -1 68 2400 -1 -1
G: K 326 -1 69 58 69 1768
G: K 327 1 69 1824 69 2520
G: K 328 -1 69 3355 69 4174
G: P 329 -1 69 4118 -1 -1
G: D 330 -1 -1 -1 -1 -1
G: D 331 -1 -1 -1 -1 -1
G: P 332 -1 -1 -1 70 144
G: K 333 -1 70 130 70 2422
G: K 334 -1 70 2460 70 3801
G: K 335 -1 70 3804 70 4458
G: P 336 -1 70 4466 -1 -1
G: D 337 -1 -1 -1 -1 -1
G: P 338 -1 -1 -1 71 2287
G: K 339 -1 71 2276 71 2855
G: K 340 -1 71 2862 71 3081
G: K 341 1 71 3142 71 4165
G: D 342 1 -1 -1 -1 -1
G: D 343 1 -1 -1 -1 -1
G: D 344 -1 -1 -1 -1 -1
G: D 345 -1 -1 -1 -1 -1
G: P 346 -1 73 1731 -1 -1
G: P 347 -1 -1 -1 74 3590
G: P 348 -1 74 3679 -1 -1
G: D 349 -1 -1 -1 -1 -1
G: P 350 -1 -1 -1 75 525
G: K 351 -1 75 535 75 3223
G: K 352 1 75 3266 75 3770
G: K 353 1 75 3760 75 4402
G: P 570 1 75 4552 -1 -1
G: P 354 -1 -1 -1 76 390
G: K 355 1 76 800 76 2042
G: K 356 1 76 2041 76 2995
G: K 357 -1 76 3212 76 3902
G: P 358 1 76 3949 -1 -1
G: D 359 1 -1 -1 -1 -1
G: D 360 -1 -1 -1 -1 -1
G: K 361 1 77 42 77 474
G: K 362 -1 77 476 77 2621
G: K 363 -1 77 2774 77 3626
G: P 364 -1 77 3638 -1 -1
G: D 365 1 -1 -1 -1 -1
G: P 366 1 -1 -1 78 598
G: K 367 -1 78 587 78 1823
G: K 368 1 78 1942 78 2434
G: K 369 1 78 2456 78 2825
G: K 370 1 78 2827 78 3007
G: K 371 -1 78 3021 78 3288
G: P 372 1 78 3351 -1 -1
G: D 373 1 -1 -1 -1 -1
G: P 374 1 -1 -1 79 1437
G: K 375 -1 79 1460 79 2249
G: K 376 -1 79 2238 79 3228
G: P 377 -1 79 3227 -1 -1
G: P 378 -1 -1 -1 80 230
G: K 379 -1 80 213 80 1209
G: K 380 -1 80 1201 80 2389
G: K 381 -1 80 2372 80 3224
G: K 382 -1 80 3224 80 4067
G: P 383 -1 80 4059 -1 -1
G: D 384 -1 -1 -1 -1 -1
G: D 385 -1 -1 -1 -1 -1
G: P 386 -1 -1 -1 81 1285
G: K 387 1 81 1313 81 3158
G: K 388 1 81 3150 81 3732
G: P 389 1 81 3724 -1 -1
G: D 390 1 -1 -1 -1 -1
G: D 391 -1 -1 -1 -1 -1
G: P 392 -1 -1 -1 82 1040
G: K 393 -1 82 1039 82 1489
G: K 394 -1 82 1659 82 2373
G: K 395 -1 82 2375 83 1559
G: K 396 -1 83 1845 83 2724
G: K 397 -1 83 2711 83 3176
G: K 398 -1 83 3162 83 3549
G: P 399 -1 83 3552 -1 -1
G: P 400 -1 -1 -1 84 806
G: K 401 -1 84 822 84 2472
G: K 403 -1 84 2609 84 3851
G: P 404 -1 84 3860 -1 -1
G: P 405 -1 -1 -1 85 247
G: K 406 -1 85 247 85 1963
G: K 407 -1 85 1964 85 2378
G: P 408 -1 85 2382 -1 -1
G: D 409 -1 -1 -1 -1 -1
G: P 410 -1 -1 -1 86 1177
G: K 411 -1 86 1192 86 1729
G: K 412 -1 86 1721 86 2348
G: K 413 -1 86 2350 86 2662
G: K 414 -1 86 2664 86 3555
G: P 415 -1 86 3517 -1 -1
G: P 416 -1 -1 -1 87 137
G: K 417 1 87 203 87 677
G: K 418 -1 87 673 87 1360
G: K 419 -1 87 1362 87 2361
G: P 420 -1 87 2345 -1 -1
G: P 421 -1 -1 -1 88 233
G: K 422 -1 88 353 88 3503
G: P 423 -1 88 3567 -1 -1
G: P 424 -1 -1 -1 89 280
G: K 425 -1 89 285 89 726
G: K 426 -1 89 763 89 2569
G: K 427 -1 89 2574 90 130
G: K 428 -1 90 101 90 2639
G: P 429 -1 90 2676 -1 -1
G: D 430 -1 -1 -1 -1 -1
G: P 431 1 -1 -1 91 253
G: K 432 1 91 275 91 476
G: K 433 1 91 511 91 946
G: K 434 1 91 1056 91 1572
G: K 435 -1 91 1568 91 3302
G: P 436 -1 91 3305 -1 -1
G: D 437 -1 -1 -1 -1 -1
G: P 438 -1 -1 -1 92 1159
G: K 439 1 92 1244 92 2141
G: K 440 1 92 2121 92 2862
G: K 441 1 92 2861 92 3419
G: P 442 1 92 3419 -1 -1
G: P 443 1 -1 -1 93 299
G: K 444 -1 93 703 93 1522
G: K 445 -1 93 1521 93 2304
G: K 446 -1 93 2446 93 2857
G: P 447 -1 93 3027 -1 -1
G: D 448 -1 -1 -1 -1 -1
G: P 567 -1 -1 -1 94 1366
G: K 449 -1 94 1367 94 1727
G: K 450 -1 94 1710 94 2406
G: K 451 -1 94 2405 94 2687
G: K 452 -1 94 3297 95 474
G: K 453 -1 95 474 95 927
G: K 454 -1 95 1585 95 2458
G: K 455 -1 95 2457 95 3642
G: P 456 1 95 3694 -1 -1
G: D 457 1 -1 -1 -1 -1
G: D 458 -1 -1 -1 -1 -1
G: P 459 1 -1 -1 96 246
G: K 460 -1 96 238 96 1243
G: K 461 -1 96 1795 96 3946
G: D 462 -1 -1 -1 -1 -1
G: D 463 -1 -1 -1 -1 -1
G: P 464 1 -1 -1 97 640
G: K 465 -1 97 636 97 1920
G: K 466 -1 97 1897 97 3361
G: K 467 -1 97 3347 97 4142
G: P 468 -1 97 4131 -1 -1
G: D 469 -1 -1 -1 -1 -1
G: D 470 -1 -1 -1 -1 -1
G: P 471 -1 -1 -1 98 356
G: K 491 -1 98 358 98 1039
G: K 472 -1 98 1040 99 829
G: K 473 -1 99 834 99 1689
G: K 474 -1 99 1751 99 3065
G: P 475 -1 99 3707 -1 -1
