The input genome is 603937 bp long, 422755 will be kept.
min distance 179
----------------------------------------
fragments: id start end
F: 0 1468 5379
F: 1 7353 12272
F: 2 14318 18575
F: 3 20525 24963
F: 4 26983 31325
F: 5 33019 38202
F: 6 39946 43479
F: 7 45442 48959
F: 8 50967 54745
F: 9 56389 60085
F: 10 62105 67531
F: 11 69066 72754
F: 12 74488 78399
F: 13 79973 84067
F: 14 86053 90911
F: 15 92422 96995
F: 16 99552 104244
F: 17 105474 109294
F: 18 111099 115730
F: 19 117951 121951
F: 20 123567 127592
F: 21 129395 132866
F: 22 134205 138616
F: 23 140959 144784
F: 24 146326 149960
F: 25 151395 155596
F: 26 156825 160538
F: 27 161945 165650
F: 28 168075 173001
F: 29 175138 180251
F: 30 182494 186171
F: 31 188099 192507
F: 32 194348 198366
F: 33 200680 204228
F: 34 205526 210330
F: 35 212037 216556
F: 36 218389 222768
F: 37 224944 229572
F: 38 231008 234792
F: 39 236100 239714
F: 40 242705 246882
F: 41 248881 252971
F: 42 255026 259091
F: 43 261208 265541
F: 44 267651 271774
F: 45 273494 277919
F: 46 279723 284403
F: 47 286308 291090
F: 48 292702 297096
F: 49 299111 303145
F: 50 305033 308758
F: 51 310161 315255
F: 52 316975 321807
F: 53 323781 327925
F: 54 329560 333704
F: 55 335259 339594
F: 56 341200 346799
F: 57 348030 351560
F: 58 353470 357512
F: 59 359136 363746
F: 60 365030 368579
F: 61 370870 375633
F: 62 377872 382833
F: 63 384747 389107
F: 64 390737 395429
F: 65 396761 401098
F: 66 402355 406288
F: 67 408155 411422
F: 68 413121 417037
F: 69 418897 423859
F: 70 425727 430826
F: 71 432829 437039
F: 72 438940 442460
F: 73 444749 449025
F: 74 450905 454654
F: 75 456834 461937
F: 76 463629 468123
F: 77 469317 473777
F: 78 475873 480031
F: 79 481734 485857
F: 80 487594 492293
F: 81 494719 498823
F: 82 501400 505549
F: 83 507208 511760
F: 84 513420 517631
F: 85 519473 523107
F: 86 524730 528600
F: 87 530060 534139
F: 88 535529 539901
F: 89 541210 545048
F: 90 546621 550990
F: 91 552768 556656
F: 92 558502 562222
F: 93 563970 567770
F: 94 569694 573104
F: 95 574694 579102
F: 96 581550 585627
F: 97 587252 591762
F: 98 593707 597578
F: 99 599324 603758
----------------------------------------
genes: [Kept,Partial,Discared] locus strand fragment1 start_pos fragment2 end_pos 
G: P 0 1 -1 -1 0 363
G: K 1 1 0 362 0 1295
G: K 2 1 0 1379 0 3353
G: K 3 1 0 3367 1 56
G: K 4 1 1 21 1 1290
G: K 5 1 1 1293 1 1923
G: K 6 1 1 1895 1 2702
G: K 7 1 1 2704 1 4063
G: K 8 1 1 4062 1 4872
G: P 9 1 1 4900 -1 -1
G: D 10 -1 -1 -1 -1 -1
G: P 11 -1 -1 -1 2 369
G: K 12 -1 2 331 2 1150
G: K 13 1 2 1488 2 3420
G: P 14 1 2 3466 -1 -1
G: P 15 1 -1 -1 3 2242
G: K 16 1 3 2283 3 3480
G: K 17 1 3 3460 3 4393
G: P 18 1 3 4392 -1 -1
G: D 19 1 -1 -1 -1 -1
G: P 20 1 -1 -1 4 815
G: K 21 1 4 815 4 1922
G: K 22 1 4 2124 4 3048
G: K 23 1 4 3051 4 3612
G: K 24 1 4 3583 4 4048
G: P 25 1 4 4047 -1 -1
G: D 26 -1 -1 -1 -1 -1
G: D 27 -1 -1 -1 -1 -1
G: P 28 -1 -1 -1 5 4259
G: P 29 1 5 4521 -1 -1
G: P 30 1 -1 -1 6 548
G: K 31 -1 6 516 6 1164
G: K 32 1 6 1192 6 2476
G: P 33 1 6 2465 -1 -1
G: D 34 1 -1 -1 -1 -1
G: P 35 -1 -1 -1 7 1569
G: K 36 -1 7 1559 7 2744
G: P 37 1 7 2902 -1 -1
G: D 38 1 -1 -1 -1 -1
G: P 39 1 -1 -1 8 1365
G: K 40 1 8 1369 8 2230
G: K 41 1 8 2207 8 3074
G: P 42 1 8 3058 -1 -1
G: P 43 1 -1 -1 9 76
G: K 44 1 9 59 9 1223
G: K 45 -1 9 1452 9 2793
G: K 46 1 9 2845 9 3562
G: P 47 1 9 3565 -1 -1
G: D 48 1 -1 -1 -1 -1
G: P 49 1 -1 -1 10 222
G: K 50 1 10 221 10 1910
G: K 51 -1 10 1886 10 2852
G: K 52 -1 10 2855 10 3236
G: K 53 -1 10 3242 10 3392
G: K 54 -1 10 3405 10 3789
G: K 55 -1 10 3775 10 4609
G: K 56 -1 10 4590 10 5136
G: P 57 -1 10 5114 -1 -1
G: D 58 -1 -1 -1 -1 -1
G: P 59 1 -1 -1 11 503
G: K 60 -1 11 481 11 2188
G: P 61 1 11 2492 -1 -1
G: P 62 1 -1 -1 12 44
G: P 63 1 12 299 -1 -1
G: P 64 1 -1 -1 13 318
G: K 65 1 13 321 13 2286
G: K 66 1 13 2296 13 3889
G: P 67 1 13 3912 -1 -1
G: K 478 -1 14 3324 14 4725
G: K 68 1 14 4847 15 1244
G: K 655 -1 15 1353 15 2226
G: K 69 1 15 2227 15 3106
G: K 777 1 15 3109 15 4261
G: P 70 1 15 4262 -1 -1
G: P 71 1 -1 -1 16 2260
G: K 72 1 16 2237 16 4232
G: K 73 1 16 4234 16 4654
G: P 74 1 -1 -1 17 1927
G: K 75 -1 17 1923 17 2334
G: K 76 1 17 2567 17 3815
G: P 77 1 17 3807 -1 -1
G: P 78 1 -1 -1 18 568
G: K 79 1 18 567 18 3135
G: K 80 1 18 3190 18 3619
G: K 81 1 18 3618 18 4299
G: P 82 1 18 4298 -1 -1
G: D 83 1 -1 -1 -1 -1
G: D 84 1 -1 -1 -1 -1
G: P 85 1 -1 -1 19 994
G: K 86 1 19 1022 19 1454
G: K 87 1 19 1470 19 1965
G: P 88 1 19 1974 -1 -1
G: D 89 1 -1 -1 -1 -1
G: D 90 1 -1 -1 -1 -1
G: D 91 1 -1 -1 -1 -1
G: P 92 1 -1 -1 20 408
G: K 93 1 20 391 20 1798
G: K 94 1 20 1801 20 2995
G: P 95 1 20 3178 -1 -1
G: P 96 1 -1 -1 21 139
G: K 97 1 21 238 21 1729
G: K 98 1 21 1731 21 3186
G: P 99 1 21 3178 -1 -1
G: P 100 1 -1 -1 22 451
G: K 101 1 22 443 22 1409
G: K 102 1 22 1398 22 2259
G: K 103 1 22 2280 22 2535
G: P 104 1 22 2537 -1 -1
G: D 105 1 -1 -1 -1 -1
G: D 106 -1 -1 -1 -1 -1
G: D 107 1 -1 -1 -1 -1
G: P 108 1 -1 -1 23 555
G: K 109 1 23 536 23 1724
G: K 110 1 23 1707 23 2556
G: P 111 1 23 2570 -1 -1
G: D 112 1 -1 -1 -1 -1
G: P 113 1 -1 -1 24 577
G: K 114 1 24 512 24 1250
G: K 115 1 24 1274 24 1778
G: K 116 1 24 1786 24 2560
G: K 117 1 24 2552 24 3215
G: P 118 1 24 3195 -1 -1
G: P 119 1 -1 -1 25 900
G: K 120 1 25 906 25 2490
G: K 121 1 25 2492 25 3428
G: K 122 1 25 3467 26 167
G: K 123 1 26 144 26 1578
G: K 124 1 26 1624 26 1945
G: K 125 1 26 1950 26 2820
G: P 126 -1 26 2803 -1 -1
G: D 127 1 -1 -1 -1 -1
G: P 128 1 -1 -1 27 35
G: K 129 1 27 34 27 391
G: K 130 1 27 380 27 1859
G: K 131 -1 27 2419 27 2845
G: K 132 -1 27 2819 27 3608
G: P 133 1 27 3627 -1 -1
G: D 134 -1 -1 -1 -1 -1
G: P 135 1 -1 -1 28 174
G: K 136 1 28 115 28 1366
G: K 137 1 28 1365 28 3174
G: P 138 1 28 3257 -1 -1
G: P 139 1 -1 -1 30 2586
G: P 140 1 30 2590 -1 -1
G: D 141 1 -1 -1 -1 -1
G: P 142 1 -1 -1 31 726
G: K 143 1 31 712 31 1048
G: K 144 1 31 1072 31 1936
G: K 145 1 31 1935 31 2778
G: K 146 1 31 2790 31 4071
G: P 147 1 31 4060 -1 -1
G: P 148 1 -1 -1 32 246
G: K 149 1 32 321 32 1185
G: K 150 1 32 1224 32 1692
G: K 151 1 32 1781 32 2114
G: K 152 1 32 2117 32 2909
G: K 153 1 32 2908 32 3538
G: K 154 1 32 3541 32 3862
G: P 155 1 32 3861 -1 -1
G: D 156 1 -1 -1 -1 -1
G: D 157 1 -1 -1 -1 -1
G: D 158 1 -1 -1 -1 -1
G: P 476 -1 -1 -1 33 1124
G: K 159 1 33 1125 33 1542
G: K 160 1 33 1541 33 2147
G: K 161 1 33 2146 33 2410
G: K 162 1 33 2413 33 2794
G: K 163 1 33 2793 33 3129
G: P 164 1 33 3134 -1 -1
G: D 165 1 -1 -1 -1 -1
G: D 166 1 -1 -1 -1 -1
G: P 167 1 -1 -1 34 47
G: K 168 1 34 48 34 411
G: K 169 1 34 415 34 1051
G: K 170 1 34 1056 34 1515
G: K 171 1 34 1514 34 2996
G: K 172 1 34 2989 34 3643
G: K 173 1 34 3645 34 4407
G: K 174 1 34 4406 34 4625
G: K 175 1 34 4635 34 4758
G: P 176 1 34 4757 -1 -1
G: D 177 1 -1 -1 -1 -1
G: P 178 1 -1 -1 35 39
G: K 179 1 35 51 35 420
G: K 180 1 35 409 35 1228
G: K 181 1 35 1215 35 2139
G: K 182 1 35 2131 35 3406
G: K 183 1 35 3398 35 4151
G: P 184 1 35 4140 -1 -1
G: P 185 1 -1 -1 36 581
G: K 186 1 36 680 36 2849
G: D 187 1 -1 -1 -1 -1
G: P 188 1 -1 -1 37 1332
G: K 189 1 37 1334 37 2318
G: K 190 1 37 2292 37 3252
G: K 191 1 37 3420 37 4398
G: K 192 1 37 4404 38 2756
G: K 193 1 38 2757 39 956
G: D 194 1 -1 -1 -1 -1
G: P 195 1 -1 -1 40 853
G: K 196 1 40 911 40 1442
G: K 197 1 40 1444 40 1624
G: K 198 1 40 1626 40 2007
G: P 199 1 40 2732 -1 -1
G: D 200 1 -1 -1 -1 -1
G: D 201 1 -1 -1 -1 -1
G: D 657 1 -1 -1 -1 -1
G: P 202 1 -1 -1 41 1869
G: P 203 1 41 1868 -1 -1
G: D 204 -1 -1 -1 -1 -1
G: D 528 -1 -1 -1 -1 -1
G: P 205 1 -1 -1 42 1751
G: K 206 1 42 1731 42 2241
G: K 207 -1 42 2233 42 2836
G: K 208 -1 42 2819 42 3740
G: P 209 -1 42 3739 -1 -1
G: D 210 1 -1 -1 -1 -1
G: D 211 1 -1 -1 -1 -1
G: D 212 1 -1 -1 -1 -1
G: D 213 1 -1 -1 -1 -1
G: P 214 1 -1 -1 43 778
G: K 215 1 43 770 43 2228
G: K 216 1 43 2211 43 2847
G: K 217 1 43 2865 43 3840
G: P 218 1 43 3842 -1 -1
G: P 219 1 -1 -1 44 1012
G: K 220 1 44 1029 45 703
G: K 221 1 45 705 45 1743
G: K 222 1 45 1699 45 2164
G: K 223 -1 45 2195 45 2480
G: K 224 1 45 2789 45 3224
G: K 225 1 45 3210 45 4143
G: P 226 1 45 4144 -1 -1
G: P 227 1 -1 -1 46 281
G: K 228 1 46 326 46 1856
G: K 229 1 46 1824 46 3336
G: K 230 1 46 3807 46 4671
G: P 231 1 46 4670 -1 -1
G: D 232 1 -1 -1 -1 -1
G: P 233 1 -1 -1 47 106
G: K 234 1 47 124 47 2290
G: K 235 1 47 2382 47 2688
G: K 236 1 47 2680 47 2986
G: K 237 1 47 2978 47 3284
G: K 238 1 47 3276 47 4170
G: K 239 1 47 4156 47 4567
G: P 240 1 47 4562 -1 -1
G: P 241 1 -1 -1 48 447
G: K 242 1 48 515 48 2930
G: K 243 -1 48 2926 48 3997
G: P 244 1 48 4049 -1 -1
G: P 245 1 -1 -1 49 1419
G: P 246 1 49 2107 -1 -1
G: D 247 1 -1 -1 -1 -1
G: D 248 1 -1 -1 -1 -1
G: P 249 -1 -1 -1 50 392
G: K 250 -1 50 378 50 1041
G: K 251 -1 50 1024 50 2545
G: P 252 -1 50 2589 -1 -1
G: P 253 -1 -1 -1 51 612
G: K 254 -1 51 631 51 1360
G: K 255 -1 51 1362 51 2664
G: K 256 -1 51 2668 51 4702
G: P 257 1 51 4877 -1 -1
G: D 258 1 -1 -1 -1 -1
G: P 259 1 -1 -1 52 693
G: K 260 1 52 738 52 1038
G: K 261 1 52 1037 52 2126
G: K 262 1 52 2126 52 3503
G: P 263 1 52 3633 -1 -1
G: K 529 1 53 2022 53 2682
G: P 264 1 53 2683 -1 -1
G: D 530 -1 -1 -1 -1 -1
G: P 265 1 -1 -1 54 753
G: K 266 1 54 752 54 1619
G: K 772 -1 54 1733 54 2021
G: K 267 1 54 2022 54 2916
G: K 268 1 54 2909 54 3515
G: P 269 -1 54 3447 -1 -1
G: P 270 -1 -1 -1 55 1033
G: K 271 -1 55 1033 55 1393
G: K 272 -1 55 1426 55 2116
G: K 273 -1 55 2266 55 3313
G: P 274 -1 55 3693 -1 -1
G: P 275 -1 -1 -1 56 153
G: K 276 -1 56 156 56 1335
G: K 277 -1 56 1584 56 2607
G: K 278 -1 56 2624 56 3755
G: K 279 -1 56 3782 56 5234
G: P 280 -1 56 5316 -1 -1
G: P 281 -1 -1 -1 57 1988
G: P 282 1 57 2030 -1 -1
G: D 283 -1 -1 -1 -1 -1
G: P 284 -1 -1 -1 58 214
G: K 285 -1 58 274 58 1957
G: K 286 -1 58 2618 58 3101
G: P 287 1 58 3432 -1 -1
G: D 288 1 -1 -1 -1 -1
G: P 289 1 -1 -1 59 855
G: K 290 1 59 857 59 1463
G: K 291 1 59 1494 59 1749
G: K 292 1 60 741 60 1860
G: K 293 1 60 1849 60 2584
G: P 294 1 60 2573 -1 -1
G: D 295 -1 -1 -1 -1 -1
G: P 296 -1 -1 -1 61 1516
G: K 297 -1 61 1573 61 2320
G: K 298 -1 61 2312 61 3755
G: P 299 -1 61 3872 -1 -1
G: D 300 -1 -1 -1 -1 -1
G: D 301 -1 -1 -1 -1 -1
G: P 656 -1 -1 -1 62 944
G: K 302 -1 62 945 62 3963
G: P 303 -1 62 4165 -1 -1
G: D 304 -1 -1 -1 -1 -1
G: P 305 -1 -1 -1 63 575
G: K 306 -1 63 605 63 1565
G: K 307 -1 63 1543 63 2617
G: K 308 -1 63 2598 63 3399
G: P 309 -1 63 3524 -1 -1
G: P 310 -1 -1 -1 64 660
G: K 311 -1 64 659 64 4220
G: P 312 -1 64 4207 -1 -1
G: P 313 -1 -1 -1 65 3166
G: K 314 1 65 3219 65 4032
G: P 315 -1 65 4038 -1 -1
G: P 316 -1 -1 -1 66 2582
G: K 317 -1 66 2641 66 3514
G: P 318 -1 66 3558 -1 -1
G: P 319 -1 -1 -1 67 43
G: P 320 -1 -1 -1 67 1076
G: K 321 -1 67 1116 67 2946
G: P 322 -1 67 2960 -1 -1
G: D 323 -1 -1 -1 -1 -1
G: P 324 -1 -1 -1 68 402
G: K 325 -1 68 722 68 3560
G: D 771 1 -1 -1 -1 -1
G: P 326 -1 -1 -1 69 1307
G: K 327 1 69 1363 69 2056
G: K 328 -1 69 2891 69 3728
G: K 329 -1 69 3663 69 4737
G: K 330 -1 69 4736 69 4904
G: P 331 -1 69 4920 -1 -1
G: D 774 1 -1 -1 -1 -1
G: P 332 -1 -1 -1 70 310
G: K 333 -1 70 296 70 2591
G: K 334 -1 70 2629 70 4027
G: K 335 -1 70 4030 70 4699
G: P 336 -1 70 4707 -1 -1
G: D 337 -1 -1 -1 -1 -1
G: P 338 -1 -1 -1 71 2179
G: K 339 -1 71 2168 71 2738
G: K 340 -1 71 2745 71 2967
G: K 341 1 71 3025 71 4063
G: P 342 1 71 4171 -1 -1
G: D 343 1 -1 -1 -1 -1
G: D 344 -1 -1 -1 -1 -1
G: D 345 -1 -1 -1 -1 -1
G: P 346 -1 73 1478 -1 -1
G: P 347 -1 -1 -1 74 3527
G: P 348 -1 74 3616 -1 -1
G: D 349 -1 -1 -1 -1 -1
G: P 350 -1 -1 -1 75 204
G: K 351 -1 75 214 75 2926
G: K 352 1 75 2969 75 3470
G: K 353 1 75 3460 75 4099
G: P 354 -1 75 4250 -1 -1
G: P 355 1 -1 -1 76 97
G: K 356 1 76 96 76 1053
G: K 357 -1 76 1270 76 1945
G: K 358 1 76 1992 76 2547
G: K 359 1 76 2549 76 3068
G: K 360 -1 76 3061 76 3412
G: K 361 1 76 3560 76 3992
G: K 362 -1 76 3994 77 466
G: K 363 -1 77 619 77 1474
G: K 364 -1 77 1486 77 2725
G: K 365 1 77 3532 77 4162
G: P 366 1 77 4133 -1 -1
G: D 367 -1 -1 -1 -1 -1
G: P 368 1 -1 -1 78 361
G: K 369 1 78 383 78 758
G: K 370 1 78 760 78 928
G: K 371 -1 78 942 78 1215
G: K 372 1 78 1278 78 1962
G: K 373 1 78 1954 78 2905
G: K 477 1 78 2905 78 3475
G: P 374 1 78 3476 -1 -1
G: P 653 -1 -1 -1 79 694
G: K 375 -1 79 695 79 1496
G: K 376 -1 79 1485 79 2478
G: P 377 -1 79 2477 -1 -1
G: P 773 1 -1 -1 80 1517
G: K 776 -1 80 1517 80 2186
G: K 378 -1 80 2187 80 3168
G: K 379 -1 80 3154 80 4129
G: P 380 -1 80 4121 -1 -1
G: D 381 -1 -1 -1 -1 -1
G: D 382 -1 -1 -1 -1 -1
G: P 383 -1 -1 -1 81 1513
G: K 384 -1 81 1512 81 1836
G: K 385 -1 81 1841 81 2420
G: K 386 -1 81 2466 81 4098
G: D 387 1 -1 -1 -1 -1
G: D 388 1 -1 -1 -1 -1
G: P 389 1 -1 -1 82 579
G: K 390 1 82 1043 82 1685
G: K 391 -1 82 1681 82 2452
G: K 392 -1 82 2447 82 3794
G: P 393 -1 82 3793 -1 -1
G: D 394 -1 -1 -1 -1 -1
G: P 395 -1 -1 -1 83 4277
G: D 396 -1 -1 -1 -1 -1
G: D 397 -1 -1 -1 -1 -1
G: P 399 -1 -1 -1 84 1683
G: K 400 -1 84 1790 84 3137
G: P 401 -1 84 3153 -1 -1
G: D 402 -1 -1 -1 -1 -1
G: P 403 -1 -1 -1 85 513
G: K 404 -1 85 522 85 2094
G: K 405 -1 85 2464 85 2932
G: P 406 -1 85 2932 -1 -1
G: D 407 -1 -1 -1 -1 -1
G: P 408 -1 -1 -1 86 1250
G: K 409 -1 86 1251 86 2088
G: K 410 -1 86 2087 86 3692
G: P 411 -1 86 3707 -1 -1
G: D 412 -1 -1 -1 -1 -1
G: D 413 -1 -1 -1 -1 -1
G: P 414 -1 -1 -1 87 740
G: K 415 -1 87 705 87 1182
G: K 416 -1 87 1187 87 2591
G: K 417 1 87 2657 87 3146
G: K 418 -1 87 3142 87 3823
G: P 527 1 87 3824 -1 -1
G: D 419 -1 -1 -1 -1 -1
G: P 420 -1 -1 -1 88 1697
G: K 421 -1 88 1696 88 2842
G: K 422 -1 88 2962 89 488
G: K 423 -1 89 552 89 2622
G: K 424 -1 89 2677 89 3076
G: K 425 -1 89 3081 89 3522
G: P 426 -1 89 3559 -1 -1
G: P 427 -1 -1 -1 90 2917
G: P 428 -1 90 2882 -1 -1
G: P 429 -1 -1 -1 91 1074
G: K 654 1 91 1075 91 1444
G: K 430 -1 91 1445 91 1706
G: K 431 1 91 1894 91 3289
G: K 432 1 91 3311 91 3503
G: P 433 1 91 3538 -1 -1
G: D 434 1 -1 -1 -1 -1
G: P 435 -1 -1 -1 92 601
G: K 436 -1 92 604 92 2122
G: K 437 -1 92 2114 92 2858
G: P 438 -1 92 2917 -1 -1
G: D 439 1 -1 -1 -1 -1
G: P 440 1 -1 -1 93 373
G: K 441 1 93 372 93 945
G: K 442 1 93 945 93 2148
G: K 443 1 93 2167 93 3328
G: P 444 -1 93 3732 -1 -1
G: D 445 -1 -1 -1 -1 -1
G: P 446 -1 -1 -1 94 189
G: K 447 -1 94 359 94 1172
G: K 448 -1 94 1143 94 2379
G: K 449 -1 94 2394 94 2751
G: P 450 -1 94 2737 -1 -1
G: D 451 -1 -1 -1 -1 -1
G: P 452 -1 -1 -1 95 1022
G: K 453 -1 95 1022 95 1478
G: K 454 -1 95 2136 95 3009
G: K 455 -1 95 3008 95 4199
G: P 775 -1 95 4250 -1 -1
G: D 456 1 -1 -1 -1 -1
G: D 457 1 -1 -1 -1 -1
G: D 458 -1 -1 -1 -1 -1
G: P 459 1 -1 -1 96 1017
G: K 460 -1 96 1006 96 2011
G: P 461 -1 96 2563 -1 -1
G: D 462 -1 -1 -1 -1 -1
G: P 463 -1 -1 -1 97 228
G: K 464 1 97 400 97 1351
G: K 465 -1 97 1347 97 2658
G: K 466 -1 97 2641 97 4096
G: P 467 -1 97 4082 -1 -1
G: D 468 -1 -1 -1 -1 -1
G: D 469 -1 -1 -1 -1 -1
G: P 470 -1 -1 -1 98 90
G: K 471 -1 98 115 98 1060
G: K 472 -1 98 1063 99 858
G: K 473 -1 99 863 99 1718
G: K 474 -1 99 1780 99 3109
G: P 475 -1 99 3751 -1 -1
