The input genome is 591767 bp long, 414236 will be kept.
min distance 175
----------------------------------------
fragments: id start end
F: 0 1521 5340
F: 1 7210 12129
F: 2 13927 18165
F: 3 19987 24257
F: 4 26157 30463
F: 5 32247 37334
F: 6 39064 42481
F: 7 44291 47725
F: 8 49795 53437
F: 9 55056 58740
F: 10 60518 65827
F: 11 67207 70769
F: 12 72616 76343
F: 13 77794 81832
F: 14 83780 88622
F: 15 90141 94649
F: 16 96972 101640
F: 17 102929 106669
F: 18 108412 113000
F: 19 115321 119147
F: 20 120900 124734
F: 21 126360 129783
F: 22 131082 135443
F: 23 137735 141468
F: 24 143003 146555
F: 25 147992 152140
F: 26 153211 156914
F: 27 158143 161753
F: 28 164202 169062
F: 29 171172 176151
F: 30 178304 181981
F: 31 183909 188216
F: 32 189983 193906
F: 33 196159 199581
F: 34 200943 205747
F: 35 207327 211767
F: 36 213498 217669
F: 37 219778 224339
F: 38 225805 229489
F: 39 230932 234546
F: 40 237597 241664
F: 41 243502 247489
F: 42 249541 253606
F: 43 255536 259853
F: 44 261851 265974
F: 45 267880 272115
F: 46 273788 278334
F: 47 280240 284877
F: 48 286475 290869
F: 49 293026 297005
F: 50 298799 302498
F: 51 303926 308925
F: 52 310605 315357
F: 53 317394 321436
F: 54 323207 327226
F: 55 328802 332916
F: 56 334536 340008
F: 57 341289 344730
F: 58 346365 350326
F: 59 352066 356397
F: 60 357615 361164
F: 61 363288 368007
F: 62 370231 375114
F: 63 377013 381355
F: 64 382943 387521
F: 65 389020 393287
F: 66 394415 398294
F: 67 399975 403242
F: 68 404947 408787
F: 69 410738 415501
F: 70 417671 422522
F: 71 424365 428570
F: 72 430580 433918
F: 73 436090 440366
F: 74 442339 446035
F: 75 448013 453076
F: 76 454644 459138
F: 77 460097 464543
F: 78 466614 470634
F: 79 472231 476285
F: 80 477898 482591
F: 81 484884 488943
F: 82 491340 495489
F: 83 497048 501501
F: 84 503199 507263
F: 85 509269 512751
F: 86 514326 518183
F: 87 519689 523505
F: 88 524878 529223
F: 89 530728 534366
F: 90 536075 540274
F: 91 541966 545672
F: 92 547527 551183
F: 93 553020 556705
F: 94 558661 561972
F: 95 563190 567524
F: 96 569847 573924
F: 97 575408 579868
F: 98 581778 585506
F: 99 587208 591592
----------------------------------------
genes: [Kept,Partial,Discared] locus strand fragment1 start_pos fragment2 end_pos 
G: P 0 1 -1 -1 0 328
G: K 1 1 0 327 0 1260
G: K 2 1 0 1344 0 3297
G: K 3 1 0 3311 1 133
G: K 4 1 1 104 1 1358
G: K 5 1 1 1361 1 2000
G: K 6 1 1 1972 1 2737
G: K 7 1 1 2739 1 4068
G: K 8 1 1 4067 1 4856
G: P 9 1 1 4884 -1 -1
G: D 10 -1 -1 -1 -1 -1
G: P 11 -1 -1 -1 2 562
G: K 12 -1 2 518 2 1358
G: K 13 1 2 1696 2 3568
G: P 14 1 2 3614 -1 -1
G: P 15 1 -1 -1 3 2543
G: K 16 1 3 2584 3 3754
G: P 17 1 3 3737 -1 -1
G: P 18 1 -1 -1 4 50
G: K 19 1 4 79 4 511
G: K 20 1 4 516 4 1392
G: K 21 1 4 1392 4 2487
G: K 22 1 4 2689 4 3586
G: K 23 1 4 3589 4 4162
G: P 24 1 4 4130 -1 -1
G: D 25 1 -1 -1 -1 -1
G: D 26 -1 -1 -1 -1 -1
G: P 27 -1 -1 -1 5 273
G: K 28 -1 5 306 5 4680
G: K 29 1 5 4942 6 123
G: K 30 1 6 272 6 1049
G: K 31 -1 6 1017 6 1662
G: K 32 1 6 1690 6 2935
G: P 33 1 6 2924 -1 -1
G: P 34 1 -1 -1 7 714
G: K 35 -1 7 710 7 2255
G: K 36 -1 7 2245 7 3397
G: D 37 1 -1 -1 -1 -1
G: P 38 1 -1 -1 8 108
G: K 39 1 8 305 8 1991
G: K 637 1 8 1994 8 2735
G: K 40 1 8 2736 8 3597
G: P 41 1 8 3583 -1 -1
G: P 42 1 -1 -1 9 652
G: K 43 1 9 653 9 1622
G: K 44 1 9 1605 9 2757
G: P 45 -1 9 2986 -1 -1
G: D 46 1 -1 -1 -1 -1
G: P 47 1 -1 -1 10 318
G: K 48 1 10 304 10 1567
G: K 49 1 10 1575 10 1968
G: K 50 1 10 1967 10 3647
G: K 51 -1 10 3620 10 4568
G: K 52 -1 10 4571 10 4949
G: K 53 -1 10 4955 10 5102
G: P 54 -1 10 5115 -1 -1
G: D 55 -1 -1 -1 -1 -1
G: P 56 -1 -1 -1 11 163
G: K 57 -1 11 141 11 1158
G: K 58 -1 11 1138 11 1576
G: K 59 1 11 1582 11 2488
G: P 60 -1 11 2463 -1 -1
G: P 61 1 -1 -1 12 1132
G: K 62 1 12 1082 12 2003
G: K 63 1 12 2258 13 1127
G: K 64 1 13 1126 13 2560
G: P 65 1 13 2563 -1 -1
G: P 66 1 -1 -1 14 130
G: K 67 1 14 153 14 1578
G: P 68 1 -1 -1 15 2160
G: K 69 1 15 2270 15 3131
G: P 70 1 15 3135 -1 -1
G: P 71 1 -1 -1 16 1366
G: K 72 1 16 1343 16 3341
G: K 73 1 16 3343 16 3766
G: K 74 1 16 3829 17 947
G: K 75 -1 17 943 17 1360
G: K 76 1 17 1593 17 2814
G: P 77 1 17 2806 -1 -1
G: D 78 1 -1 -1 -1 -1
G: P 79 1 -1 -1 18 2210
G: K 80 1 18 2265 18 2685
G: K 81 1 18 2684 18 3365
G: K 82 1 18 3364 18 3931
G: P 83 1 18 3923 -1 -1
G: D 84 1 -1 -1 -1 -1
G: D 85 1 -1 -1 -1 -1
G: K 86 1 19 19 19 448
G: K 88 1 19 473 19 2558
G: K 89 1 19 2606 19 3236
G: K 90 1 19 3236 19 3716
G: P 91 1 19 3705 -1 -1
G: D 92 1 -1 -1 -1 -1
G: P 93 1 -1 -1 20 319
G: K 94 1 20 322 20 1519
G: K 95 1 20 1702 20 3655
G: P 96 1 20 3711 -1 -1
G: P 97 1 -1 -1 21 537
G: K 98 1 21 539 21 1982
G: P 99 1 21 1974 -1 -1
G: P 100 1 21 3397 -1 -1
G: P 101 1 -1 -1 22 290
G: K 102 1 22 279 22 1122
G: K 103 1 22 1143 22 1380
G: K 104 1 22 1382 22 3560
G: K 105 1 22 3567 22 4176
G: P 106 -1 22 4150 -1 -1
G: D 107 1 -1 -1 -1 -1
G: D 108 1 -1 -1 -1 -1
G: P 109 1 -1 -1 23 631
G: K 110 1 23 617 23 1466
G: K 111 1 23 1480 23 2797
G: K 112 1 23 2783 23 3416
G: P 113 1 23 3429 -1 -1
G: P 114 1 -1 -1 24 208
G: K 115 1 24 232 24 697
G: K 116 1 24 705 24 1467
G: K 117 1 24 1459 24 2104
G: K 118 1 24 2084 24 3110
G: P 119 1 24 3124 -1 -1
G: P 120 1 -1 -1 25 1420
G: K 121 1 25 1422 25 2349
G: P 122 1 25 2388 -1 -1
G: P 123 1 -1 -1 26 704
G: K 124 1 26 750 26 1071
G: K 125 1 26 1076 26 1952
G: K 126 -1 26 1932 26 2982
G: K 127 1 26 3017 26 3455
G: P 128 1 26 3462 -1 -1
G: D 129 1 -1 -1 -1 -1
G: P 130 1 -1 -1 27 1122
G: K 131 -1 27 1682 27 2108
G: K 132 -1 27 2088 27 2880
G: K 133 1 27 2899 27 3202
G: P 134 -1 27 3173 -1 -1
G: D 135 1 -1 -1 -1 -1
G: P 136 1 -1 -1 28 685
G: K 137 1 28 684 28 2463
G: K 138 1 28 2546 28 4256
G: P 139 1 -1 -1 30 2120
G: P 140 1 30 2124 -1 -1
G: D 141 1 -1 -1 -1 -1
G: P 142 1 -1 -1 31 239
G: K 143 1 31 225 31 576
G: K 144 1 31 600 31 1464
G: K 145 1 31 1463 31 2273
G: K 146 1 31 2285 31 3572
G: P 147 1 31 3558 -1 -1
G: D 148 1 -1 -1 -1 -1
G: P 149 1 -1 -1 32 843
G: K 150 1 32 882 32 1353
G: K 151 1 32 1442 32 1763
G: K 152 1 32 1766 32 2531
G: K 153 1 32 2530 32 3163
G: K 154 1 32 3166 32 3487
G: P 155 1 32 3486 -1 -1
G: D 156 1 -1 -1 -1 -1
G: D 157 1 -1 -1 -1 -1
G: D 635 1 -1 -1 -1 -1
G: P 158 1 -1 -1 33 742
G: K 159 1 33 747 33 1167
G: K 160 1 33 1166 33 1772
G: K 161 1 33 1771 33 2029
G: K 162 1 33 2032 33 2404
G: K 163 1 33 2403 33 2742
G: K 164 1 33 2747 33 3287
G: P 165 1 33 3289 -1 -1
G: D 166 1 -1 -1 -1 -1
G: D 167 1 -1 -1 -1 -1
G: P 168 1 -1 -1 34 29
G: K 169 1 34 33 34 660
G: K 170 1 34 665 34 1118
G: K 171 1 34 1117 34 2545
G: K 172 1 34 2538 34 3204
G: K 173 1 34 3206 34 3953
G: K 174 1 34 3952 34 4168
G: K 175 1 34 4178 34 4295
G: K 176 1 34 4294 34 4669
G: P 177 1 34 4668 -1 -1
G: D 178 1 -1 -1 -1 -1
G: P 636 1 -1 -1 35 413
G: K 179 1 35 414 35 786
G: K 180 1 35 772 35 1594
G: K 181 1 35 1578 35 2520
G: K 182 1 35 2512 35 3796
G: P 183 1 35 3788 -1 -1
G: P 184 1 -1 -1 36 204
G: K 185 1 36 204 36 1170
G: K 514 -1 36 1268 36 2177
G: P 186 1 36 2178 -1 -1
G: K 187 1 37 485 37 1250
G: K 188 1 37 1242 37 3030
G: K 189 1 37 3032 37 4022
G: P 190 1 37 3993 -1 -1
G: P 191 1 -1 -1 38 42
G: P 192 1 38 48 -1 -1
G: P 193 1 -1 -1 39 2476
G: D 194 1 -1 -1 -1 -1
G: P 195 1 -1 -1 40 2232
G: K 196 1 40 2290 40 2836
G: K 197 1 40 2838 40 3021
G: K 198 1 40 3023 40 3398
G: P 199 1 -1 -1 41 24
G: K 200 1 41 35 41 698
G: K 201 1 41 707 41 1076
G: K 202 1 41 1203 41 3105
G: P 203 1 41 3104 -1 -1
G: P 204 -1 -1 -1 42 478
G: K 205 1 42 513 42 2367
G: K 206 1 42 2347 42 2848
G: K 207 -1 42 2840 42 3452
G: P 208 -1 42 3432 -1 -1
G: D 209 -1 -1 -1 -1 -1
G: D 210 1 -1 -1 -1 -1
G: P 211 1 -1 -1 43 11
G: K 212 1 43 12 43 444
G: K 213 1 43 446 43 785
G: K 214 1 43 777 43 1590
G: K 215 1 43 1582 43 3004
G: K 216 1 43 2981 43 3614
G: P 217 1 43 3632 -1 -1
G: D 218 1 -1 -1 -1 -1
G: K 219 1 44 737 44 1856
G: K 220 1 44 1873 45 1277
G: K 221 1 45 1279 45 2323
G: K 222 1 45 2279 45 2744
G: K 223 -1 45 2775 45 3063
G: K 224 1 45 3372 45 3795
G: P 225 1 45 3784 -1 -1
G: P 226 1 -1 -1 46 43
G: K 227 1 46 45 46 1155
G: K 228 1 46 1200 46 2718
G: K 229 1 46 2680 46 4162
G: D 230 1 -1 -1 -1 -1
G: D 231 1 -1 -1 -1 -1
G: P 232 1 -1 -1 47 573
G: K 233 1 47 576 47 1056
G: K 234 1 47 1074 47 3264
G: K 235 1 47 3356 47 3659
G: K 236 1 47 3651 47 3957
G: K 237 1 47 3952 47 4264
G: P 238 1 47 4256 -1 -1
G: D 239 1 -1 -1 -1 -1
G: P 240 1 -1 -1 48 216
G: K 241 1 48 245 48 1610
G: K 242 1 48 1678 48 4066
G: P 243 -1 48 4062 -1 -1
G: P 244 1 -1 -1 49 518
G: K 245 1 49 523 49 2425
G: P 246 1 49 3113 -1 -1
G: D 247 1 -1 -1 -1 -1
G: P 248 1 -1 -1 50 817
G: K 249 -1 50 800 50 1517
G: K 250 -1 50 1506 50 2160
G: K 251 -1 50 2143 50 3646
G: K 252 -1 50 3690 51 387
G: K 253 -1 51 376 51 1726
G: K 254 -1 51 1745 51 2483
G: K 255 -1 51 2485 51 3793
G: K 634 -1 51 3796 51 4138
G: P 256 -1 51 4139 -1 -1
G: P 257 1 -1 -1 52 737
G: K 258 1 52 840 52 1314
G: K 259 1 52 1480 52 2263
G: K 260 1 52 2308 52 2608
G: K 261 1 52 2607 52 3702
G: P 262 1 52 3702 -1 -1
G: D 513 1 -1 -1 -1 -1
G: P 263 1 -1 -1 53 2050
G: P 264 1 -1 -1 54 1814
G: K 633 -1 54 1819 54 2380
G: K 265 1 54 2381 54 3257
G: P 266 1 54 3256 -1 -1
G: D 267 1 -1 -1 -1 -1
G: P 268 1 -1 -1 55 130
G: K 269 -1 55 62 55 911
G: K 270 -1 55 929 55 3308
G: K 271 -1 55 3308 55 3659
G: P 272 -1 55 3692 -1 -1
G: D 273 -1 -1 -1 -1 -1
G: K 274 -1 56 189 56 1206
G: K 275 -1 56 1216 56 2608
G: K 276 -1 56 2611 56 3769
G: K 277 -1 56 4018 56 4999
G: P 278 -1 56 5016 -1 -1
G: P 279 -1 -1 -1 57 819
G: K 280 -1 57 901 57 1450
G: P 281 -1 57 1463 -1 -1
G: P 282 1 -1 -1 58 1571
G: K 283 -1 58 1567 58 2227
G: K 284 -1 58 2216 58 3029
G: P 285 -1 58 3089 -1 -1
G: P 286 -1 -1 -1 59 233
G: K 287 1 59 564 59 2028
G: K 288 1 59 2245 59 2659
G: K 289 1 59 2618 59 3677
G: K 290 1 59 3679 59 4279
G: P 291 1 59 4310 -1 -1
G: D 292 1 -1 -1 -1 -1
G: P 293 1 -1 -1 61 63
G: K 294 1 61 49 61 1702
G: K 295 -1 61 1698 61 2121
G: P 296 -1 61 2120 -1 -1
G: D 297 -1 -1 -1 -1 -1
G: P 298 -1 -1 -1 62 101
G: K 299 -1 62 218 62 1325
G: K 300 -1 62 1327 62 1717
G: K 301 -1 62 1836 62 2892
G: P 302 -1 62 2898 -1 -1
G: P 303 -1 -1 -1 63 338
G: K 304 -1 63 355 63 1606
G: K 305 -1 63 1607 63 2636
G: K 306 -1 63 2666 63 3620
G: P 307 -1 63 3598 -1 -1
G: D 308 -1 -1 -1 -1 -1
G: P 309 -1 -1 -1 64 1506
G: K 310 -1 64 1593 64 2790
G: K 311 -1 64 2789 65 252
G: K 312 -1 65 236 65 1478
G: P 313 -1 65 1484 -1 -1
G: P 314 1 -1 -1 66 651
G: K 315 -1 66 657 66 1272
G: P 316 -1 66 1294 -1 -1
G: P 317 -1 -1 -1 67 77
G: K 318 -1 67 121 67 1444
G: K 319 -1 67 1467 67 2367
G: P 320 -1 67 2293 -1 -1
G: P 321 -1 -1 -1 68 274
G: K 322 -1 68 288 68 1134
G: K 323 -1 68 1150 68 1699
G: K 324 -1 68 1802 68 2681
G: K 325 -1 68 3001 69 27
G: K 326 -1 69 826 69 2503
G: K 327 1 69 2559 69 3243
G: P 328 -1 69 4078 -1 -1
G: D 329 -1 -1 -1 -1 -1
G: D 330 -1 -1 -1 -1 -1
G: P 331 -1 -1 -1 70 38
G: K 332 -1 70 50 70 839
G: K 333 -1 70 822 70 3099
G: K 334 -1 70 3137 70 4514
G: P 335 -1 70 4517 -1 -1
G: D 336 -1 -1 -1 -1 -1
G: D 337 -1 -1 -1 -1 -1
G: K 338 -1 71 479 71 3020
G: K 339 -1 71 3009 71 3585
G: K 340 -1 71 3592 71 3817
G: P 341 1 71 3875 -1 -1
G: P 342 1 -1 -1 72 48
G: K 343 1 72 51 72 468
G: P 344 -1 72 454 -1 -1
G: D 345 -1 -1 -1 -1 -1
G: K 346 -1 73 2424 74 66
G: P 347 -1 74 75 -1 -1
G: D 348 -1 -1 -1 -1 -1
G: P 349 -1 -1 -1 75 304
G: K 350 -1 75 307 75 1129
G: K 351 -1 75 1139 75 3836
G: K 352 1 75 3879 75 4398
G: K 353 1 75 4388 75 5042
G: D 354 -1 -1 -1 -1 -1
G: P 355 1 -1 -1 76 1195
G: K 356 1 76 1194 76 2133
G: K 357 -1 76 2350 76 3031
G: K 358 1 76 3078 76 3636
G: K 359 1 76 3638 76 4139
G: K 360 -1 76 4135 76 4474
G: D 361 1 -1 -1 -1 -1
G: P 362 -1 -1 -1 77 1751
G: K 363 -1 77 1904 77 2765
G: K 364 -1 77 2777 77 3971
G: D 365 1 -1 -1 -1 -1
G: D 366 1 -1 -1 -1 -1
G: P 367 -1 -1 -1 78 1029
G: K 368 1 78 1148 78 1637
G: K 369 1 78 1659 78 2028
G: K 370 1 78 2030 78 2207
G: K 371 -1 78 2221 78 2488
G: K 372 1 78 2551 78 3232
G: P 373 1 78 3224 -1 -1
G: P 374 1 -1 -1 79 566
G: K 375 -1 79 589 79 1387
G: K 376 -1 79 1376 79 2363
G: K 377 -1 79 2362 79 4045
G: D 378 -1 -1 -1 -1 -1
G: P 379 -1 -1 -1 80 388
G: K 380 -1 80 380 80 1544
G: K 381 -1 80 1530 80 2373
G: K 382 -1 80 2373 80 3210
G: P 383 -1 80 3202 -1 -1
G: D 384 -1 -1 -1 -1 -1
G: D 385 -1 -1 -1 -1 -1
G: P 386 -1 -1 -1 81 493
G: K 387 1 81 521 81 2378
G: K 388 1 81 2370 81 2964
G: K 389 1 81 2956 81 3616
G: D 390 1 -1 -1 -1 -1
G: D 391 -1 -1 -1 -1 -1
G: P 392 -1 -1 -1 82 321
G: K 393 -1 82 320 82 776
G: K 394 -1 82 946 82 1675
G: K 512 -1 82 1676 82 2330
G: K 395 -1 82 2331 83 1525
G: K 396 -1 83 1811 83 2687
G: K 397 -1 83 2674 83 3139
G: K 398 -1 83 3122 83 3509
G: P 399 -1 83 3512 -1 -1
G: P 400 -1 -1 -1 84 792
G: K 401 -1 84 808 84 2440
G: K 402 -1 84 2452 84 2788
G: P 403 -1 84 2913 -1 -1
G: D 404 -1 -1 -1 -1 -1
G: K 405 -1 85 27 85 480
G: K 406 -1 85 480 85 2184
G: K 407 -1 85 2185 85 2584
G: P 408 -1 85 2588 -1 -1
G: D 409 -1 -1 -1 -1 -1
G: P 410 -1 -1 -1 86 1374
G: K 411 -1 86 1389 86 1920
G: K 412 -1 86 1912 86 2548
G: K 413 -1 86 2550 86 2862
G: K 414 -1 86 2864 86 3743
G: P 415 -1 86 3708 -1 -1
G: P 416 -1 -1 -1 87 204
G: K 417 1 87 270 87 738
G: K 418 -1 87 734 87 1427
G: K 419 -1 87 1429 87 2452
G: P 420 -1 87 2436 -1 -1
G: P 421 -1 -1 -1 88 369
G: K 422 -1 88 489 88 3633
G: P 423 -1 88 3697 -1 -1
G: P 424 -1 -1 -1 89 356
G: K 425 -1 89 361 89 802
G: K 426 -1 89 839 89 2639
G: K 427 -1 89 2644 90 174
G: K 428 -1 90 145 90 2668
G: P 429 -1 90 2705 -1 -1
G: D 430 -1 -1 -1 -1 -1
G: P 431 1 -1 -1 91 328
G: K 432 1 91 350 91 551
G: K 433 1 91 586 91 1018
G: K 434 1 91 1128 91 1644
G: K 435 -1 91 1640 91 3359
G: P 436 -1 91 3362 -1 -1
G: P 437 -1 -1 -1 92 55
G: K 438 -1 92 114 92 1311
G: K 439 1 92 1396 92 2299
G: K 440 1 92 2273 92 3026
G: K 441 1 92 3025 92 3580
G: P 442 1 92 3580 -1 -1
G: P 443 1 -1 -1 93 467
G: K 444 -1 93 871 93 1699
G: K 445 -1 93 1698 93 2481
G: K 446 -1 93 2623 93 3037
G: P 447 -1 93 3207 -1 -1
G: D 448 -1 -1 -1 -1 -1
G: D 449 -1 -1 -1 -1 -1
G: P 450 -1 -1 -1 94 604
G: K 451 -1 94 603 94 891
G: K 452 -1 94 1501 94 3169
G: P 453 -1 94 3169 -1 -1
G: P 454 -1 -1 -1 95 636
G: K 455 -1 95 635 95 1841
G: K 456 1 95 1893 95 2691
G: K 457 1 95 2675 95 3557
G: K 458 -1 95 3543 95 4014
G: P 459 1 95 4000 -1 -1
G: D 460 -1 -1 -1 -1 -1
G: K 461 -1 96 83 96 2192
G: K 462 -1 96 2369 96 2894
G: K 463 -1 96 2895 96 3408
G: K 515 1 96 3579 97 97
G: K 464 1 97 98 97 1031
G: K 465 -1 97 1027 97 2308
G: K 466 -1 97 2288 97 3740
G: P 467 -1 97 3726 -1 -1
G: D 468 -1 -1 -1 -1 -1
G: D 469 -1 -1 -1 -1 -1
G: D 470 -1 -1 -1 -1 -1
G: P 471 -1 -1 -1 98 765
G: K 472 -1 98 768 99 795
G: K 473 -1 99 800 99 1664
G: K 474 -1 99 1726 99 3040
G: P 475 -1 99 3682 -1 -1
