The input genome is 600734 bp long, 420513 will be kept.
min distance 178
----------------------------------------
fragments: id start end
F: 0 1467 5378
F: 1 7312 12231
F: 2 14383 18640
F: 3 20597 24867
F: 4 26805 31147
F: 5 32893 38037
F: 6 39771 43304
F: 7 45196 48713
F: 8 50728 54447
F: 9 56079 59775
F: 10 61602 67028
F: 11 68612 72300
F: 12 74078 77877
F: 13 79308 83402
F: 14 85353 90195
F: 15 91705 96278
F: 16 98595 103268
F: 17 104579 108399
F: 18 110178 114809
F: 19 117029 121029
F: 20 122644 126669
F: 21 128370 131810
F: 22 133136 137547
F: 23 139875 143700
F: 24 145241 148875
F: 25 150309 154458
F: 26 155684 159397
F: 27 160845 164455
F: 28 166978 171904
F: 29 173991 179060
F: 30 181302 184979
F: 31 186809 191217
F: 32 193063 197018
F: 33 199298 202786
F: 34 204151 208955
F: 35 210716 215191
F: 36 216897 221276
F: 37 223357 227985
F: 38 229520 233204
F: 39 234650 238264
F: 40 241268 245445
F: 41 247402 251397
F: 42 253452 257517
F: 43 259466 263799
F: 44 265800 269923
F: 45 271679 276067
F: 46 277633 282297
F: 47 284258 288895
F: 48 290501 294895
F: 49 297024 301058
F: 50 302944 306643
F: 51 307999 313093
F: 52 314765 319597
F: 53 321637 325772
F: 54 327515 331590
F: 55 333195 337380
F: 56 338985 344584
F: 57 345779 349309
F: 58 351022 355064
F: 59 356659 361269
F: 60 362595 366144
F: 61 368366 373129
F: 62 375380 380341
F: 63 382319 386661
F: 64 388183 392875
F: 65 394335 398671
F: 66 399829 403762
F: 67 405628 408895
F: 68 410704 414544
F: 69 416486 421378
F: 70 423383 428482
F: 71 430391 434601
F: 72 436557 439986
F: 73 442257 446533
F: 74 448456 452205
F: 75 454267 459370
F: 76 461061 465555
F: 77 466581 471041
F: 78 473135 477293
F: 79 478932 483055
F: 80 484779 489478
F: 81 491895 495999
F: 82 498399 502548
F: 83 504207 508723
F: 84 510400 514549
F: 85 516456 520090
F: 86 521655 525525
F: 87 526985 531054
F: 88 532452 536797
F: 89 538205 541943
F: 90 543698 547993
F: 91 549684 553572
F: 92 555366 559086
F: 93 560912 564617
F: 94 566677 569988
F: 95 571391 575793
F: 96 578297 582374
F: 97 584009 588519
F: 98 590545 594416
F: 99 596150 600556
----------------------------------------
genes: [Kept,Partial,Discared] locus strand fragment1 start_pos fragment2 end_pos 
G: P 0 1 -1 -1 0 385
G: K 1 1 0 384 0 1323
G: K 2 1 0 1407 0 3378
G: K 3 1 0 3392 1 73
G: K 4 1 1 47 1 1334
G: K 5 1 1 1334 1 1982
G: K 6 1 1 1954 1 2710
G: K 7 1 1 2712 1 4068
G: K 8 1 1 4067 1 4865
G: P 9 1 1 4893 -1 -1
G: D 10 -1 -1 -1 -1 -1
G: P 11 -1 -1 -1 2 193
G: K 12 -1 2 152 2 992
G: K 13 1 2 1330 2 3250
G: P 14 1 2 3296 -1 -1
G: P 15 1 -1 -1 3 2005
G: K 16 1 3 2046 3 3240
G: K 17 1 3 3223 3 4153
G: P 18 1 3 4152 -1 -1
G: D 19 1 -1 -1 -1 -1
G: P 20 1 -1 -1 4 861
G: K 21 1 4 861 4 1965
G: K 22 1 4 2167 4 3085
G: K 23 1 4 3088 4 3664
G: K 24 1 4 3632 4 4091
G: P 25 1 4 4090 -1 -1
G: D 26 -1 -1 -1 -1 -1
G: D 27 -1 -1 -1 -1 -1
G: P 747 1 -1 -1 5 829
G: P 28 -1 5 830 -1 -1
G: P 29 1 -1 -1 6 625
G: K 30 1 6 774 6 1554
G: K 31 -1 6 1522 6 2164
G: K 608 1 6 2191 6 2992
G: P 32 1 6 2993 -1 -1
G: P 33 1 -1 -1 7 470
G: K 34 1 7 442 7 1843
G: K 35 -1 7 1839 7 3381
G: P 36 -1 7 3362 -1 -1
G: P 37 1 -1 -1 8 958
G: K 38 1 8 978 8 1248
G: K 39 1 8 1445 8 3158
G: P 40 1 8 3162 -1 -1
G: D 41 1 -1 -1 -1 -1
G: P 42 1 -1 -1 9 973
G: K 43 1 9 974 9 1943
G: K 44 1 9 1926 9 3096
G: P 45 -1 9 3325 -1 -1
G: D 46 1 -1 -1 -1 -1
G: P 47 1 -1 -1 10 626
G: K 48 1 10 612 10 1884
G: K 749 -1 10 1891 10 2875
G: K 49 1 10 2876 10 3272
G: K 50 1 10 3271 10 4924
G: P 51 -1 10 4900 -1 -1
G: D 52 -1 -1 -1 -1 -1
G: D 53 -1 -1 -1 -1 -1
G: D 54 -1 -1 -1 -1 -1
G: P 55 -1 -1 -1 11 628
G: K 56 -1 11 609 11 1146
G: K 57 -1 11 1124 11 2120
G: K 58 -1 11 2097 11 2541
G: K 59 1 11 2547 11 3453
G: P 60 -1 11 3431 -1 -1
G: P 61 1 -1 -1 12 1995
G: K 62 1 12 1948 12 2866
G: K 63 1 12 3121 13 1908
G: K 64 1 13 1907 13 3308
G: P 65 1 13 3311 -1 -1
G: P 66 1 -1 -1 14 819
G: K 67 1 14 842 14 2312
G: K 68 1 15 143 15 2930
G: K 69 1 15 3040 15 3901
G: P 70 1 15 3905 -1 -1
G: P 71 1 -1 -1 16 2122
G: K 72 1 16 2099 16 4136
G: K 73 1 16 4138 16 4558
G: K 74 1 16 4621 17 1730
G: K 75 -1 17 1726 17 2146
G: K 76 1 17 2379 17 3603
G: P 77 1 17 3595 -1 -1
G: D 503 1 -1 -1 -1 -1
G: P 78 1 -1 -1 18 973
G: K 79 1 18 972 18 3543
G: K 80 1 18 3598 18 4018
G: P 81 1 18 4017 -1 -1
G: D 82 1 -1 -1 -1 -1
G: D 83 1 -1 -1 -1 -1
G: P 84 1 -1 -1 19 241
G: K 85 1 19 233 19 1394
G: K 86 1 19 1422 19 1848
G: K 87 1 19 1864 19 2338
G: P 88 1 19 2347 -1 -1
G: D 89 1 -1 -1 -1 -1
G: D 90 1 -1 -1 -1 -1
G: P 91 1 -1 -1 20 303
G: K 92 1 20 305 20 758
G: K 93 1 20 741 20 2142
G: K 94 1 20 2145 20 3348
G: P 95 1 20 3531 -1 -1
G: P 96 1 -1 -1 21 573
G: K 97 1 21 672 21 2139
G: P 98 1 21 2141 -1 -1
G: P 99 1 -1 -1 22 262
G: K 100 1 22 236 22 923
G: K 101 1 22 915 22 1866
G: K 102 1 22 1855 22 2710
G: K 103 1 22 2731 22 2968
G: P 104 1 22 2970 -1 -1
G: D 105 1 -1 -1 -1 -1
G: D 106 -1 -1 -1 -1 -1
G: P 107 1 -1 -1 23 215
G: K 108 1 23 214 23 1015
G: K 109 1 23 999 23 2187
G: K 110 1 23 2173 23 3013
G: P 111 1 23 3027 -1 -1
G: D 112 1 -1 -1 -1 -1
G: P 113 1 -1 -1 24 1002
G: K 114 1 24 937 24 1654
G: K 115 1 24 1678 24 2155
G: K 116 1 24 2163 24 2940
G: K 117 1 24 2932 24 3577
G: P 118 1 24 3551 -1 -1
G: P 119 1 -1 -1 25 1284
G: K 120 1 25 1290 25 2850
G: K 121 1 25 2852 25 3776
G: K 122 1 25 3815 26 570
G: K 123 1 26 547 26 1966
G: K 124 1 26 2012 26 2321
G: K 125 1 26 2326 26 3193
G: P 126 -1 26 3173 -1 -1
G: D 127 1 -1 -1 -1 -1
G: P 128 1 -1 -1 27 331
G: K 129 1 27 330 27 690
G: K 130 1 27 676 27 2137
G: K 131 -1 27 2697 27 3123
G: P 132 -1 27 3100 -1 -1
G: D 133 1 -1 -1 -1 -1
G: D 134 -1 -1 -1 -1 -1
G: P 135 1 -1 -1 28 455
G: K 136 1 28 396 28 1632
G: K 137 1 28 1631 28 3473
G: P 138 1 28 3556 -1 -1
G: P 139 1 -1 -1 30 2992
G: P 140 1 30 2996 -1 -1
G: D 141 1 -1 -1 -1 -1
G: P 142 1 -1 -1 31 1248
G: K 143 1 31 1237 31 1570
G: K 144 1 31 1591 31 2440
G: K 145 1 31 2439 31 3270
G: P 146 1 31 3282 -1 -1
G: D 147 1 -1 -1 -1 -1
G: P 148 1 -1 -1 32 772
G: K 149 1 32 847 32 1693
G: K 150 1 32 1732 32 2206
G: K 607 1 32 2294 32 2381
G: K 151 1 32 2382 32 2706
G: K 152 1 32 2709 32 3477
G: P 153 1 32 3476 -1 -1
G: D 154 1 -1 -1 -1 -1
G: D 155 1 -1 -1 -1 -1
G: D 156 1 -1 -1 -1 -1
G: D 157 1 -1 -1 -1 -1
G: P 158 1 -1 -1 33 588
G: K 159 1 33 593 33 1019
G: K 160 1 33 1018 33 1627
G: K 161 1 33 1626 33 1890
G: K 162 1 33 1893 33 2271
G: K 163 1 33 2270 33 2603
G: K 164 1 33 2608 33 3157
G: K 165 1 33 3159 33 3345
G: P 166 1 33 3338 -1 -1
G: D 167 1 -1 -1 -1 -1
G: D 168 1 -1 -1 -1 -1
G: P 169 1 -1 -1 34 497
G: K 170 1 34 502 34 964
G: K 171 1 34 963 34 2400
G: K 172 1 34 2393 34 3041
G: K 173 1 34 3043 34 3793
G: K 174 1 34 3792 34 4005
G: K 175 1 34 4015 34 4129
G: K 176 1 34 4128 34 4515
G: P 177 1 34 4514 -1 -1
G: D 178 1 -1 -1 -1 -1
G: D 179 1 -1 -1 -1 -1
G: P 180 1 -1 -1 35 557
G: K 181 1 35 541 35 1465
G: K 182 1 35 1457 35 2729
G: K 183 1 35 2721 35 3471
G: P 184 1 35 3460 -1 -1
G: P 185 1 -1 -1 36 114
G: K 186 1 36 213 36 2340
G: D 187 1 -1 -1 -1 -1
G: P 188 1 -1 -1 37 918
G: K 189 1 37 920 37 1931
G: K 190 1 37 1902 37 2859
G: K 191 1 37 3027 37 3999
G: K 192 1 37 4005 38 2213
G: K 193 1 38 2214 39 258
G: P 194 1 39 3196 -1 -1
G: P 195 1 -1 -1 40 160
G: K 196 1 40 218 40 773
G: K 197 1 40 775 40 955
G: K 198 1 40 957 40 1332
G: K 199 1 40 2057 40 3884
G: P 200 1 40 3895 -1 -1
G: D 201 1 -1 -1 -1 -1
G: P 202 1 -1 -1 41 849
G: K 203 1 41 848 41 3215
G: P 204 -1 41 3211 -1 -1
G: P 205 1 -1 -1 42 46
G: K 206 1 42 26 42 521
G: K 207 -1 42 513 42 1107
G: K 208 -1 42 1090 42 2017
G: K 209 -1 42 2016 42 2568
G: K 210 1 42 2768 42 3425
G: K 211 1 42 3424 42 3613
G: P 212 1 42 3614 -1 -1
G: D 213 1 -1 -1 -1 -1
G: D 214 1 -1 -1 -1 -1
G: P 215 1 -1 -1 43 646
G: K 216 1 43 629 43 1253
G: K 217 1 43 1271 43 2255
G: K 218 1 43 2257 43 3802
G: D 219 1 -1 -1 -1 -1
G: D 220 1 -1 -1 -1 -1
G: P 221 1 -1 -1 45 174
G: K 222 1 45 133 45 580
G: K 223 -1 45 611 45 896
G: K 224 1 45 1205 45 1634
G: K 225 1 45 1623 45 2556
G: K 226 1 45 2557 45 3808
G: P 227 1 45 3810 -1 -1
G: P 228 1 -1 -1 46 502
G: K 229 1 46 473 46 1964
G: K 746 -1 46 2005 46 2311
G: K 230 1 46 2741 46 3608
G: K 231 1 46 3607 46 4090
G: P 232 1 46 4095 -1 -1
G: D 233 1 -1 -1 -1 -1
G: P 234 1 -1 -1 47 1163
G: K 505 -1 47 1254 47 1674
G: K 610 -1 47 1674 47 2151
G: K 235 1 47 2152 47 2455
G: K 236 1 47 2447 47 2747
G: K 237 1 47 2739 47 3057
G: K 238 1 47 3049 47 3925
G: K 239 1 47 3914 47 4337
G: P 240 1 47 4329 -1 -1
G: P 241 1 -1 -1 48 350
G: K 242 1 48 418 48 2875
G: K 243 -1 48 2871 48 3930
G: P 244 1 48 3982 -1 -1
G: P 245 1 -1 -1 49 1235
G: P 246 1 49 1923 -1 -1
G: D 247 1 -1 -1 -1 -1
G: D 248 1 -1 -1 -1 -1
G: P 249 -1 -1 -1 50 204
G: K 250 -1 50 190 50 859
G: K 251 -1 50 842 50 2348
G: P 252 -1 50 2392 -1 -1
G: P 253 -1 -1 -1 51 527
G: K 254 -1 51 546 51 1269
G: K 255 -1 51 1271 51 2573
G: K 256 -1 51 2577 51 4566
G: P 257 1 51 4741 -1 -1
G: D 258 1 -1 -1 -1 -1
G: P 259 1 -1 -1 52 590
G: K 260 1 52 635 52 929
G: K 261 1 52 928 52 2023
G: K 262 1 52 2023 52 3418
G: P 263 1 52 3548 -1 -1
G: P 264 1 53 1899 -1 -1
G: D 265 1 -1 -1 -1 -1
G: P 266 1 -1 -1 54 424
G: K 748 -1 54 538 54 838
G: K 267 1 54 839 54 1715
G: K 268 1 54 1708 54 2308
G: K 269 -1 54 2243 54 3089
G: P 270 -1 54 3107 -1 -1
G: P 271 -1 -1 -1 55 163
G: K 272 -1 55 196 55 892
G: K 273 -1 55 1042 55 2074
G: K 274 -1 55 2454 55 3477
G: P 275 -1 55 3487 -1 -1
G: P 276 -1 -1 -1 56 238
G: K 277 -1 56 487 56 1486
G: K 278 -1 56 1503 56 2586
G: K 279 -1 56 2613 56 4050
G: K 280 -1 56 4132 56 4678
G: K 281 -1 56 4691 57 855
G: K 282 1 57 897 57 3081
G: P 283 -1 57 3077 -1 -1
G: D 284 -1 -1 -1 -1 -1
G: P 285 -1 -1 -1 58 1042
G: K 286 -1 58 1703 58 2198
G: K 287 1 58 2529 58 4011
G: D 288 1 -1 -1 -1 -1
G: P 289 1 -1 -1 59 11
G: K 290 1 59 13 59 604
G: K 291 1 59 635 59 893
G: P 292 1 -1 -1 60 950
G: K 293 1 60 942 60 1683
G: K 294 1 60 1672 60 3310
G: P 295 -1 60 3306 -1 -1
G: P 296 -1 -1 -1 61 666
G: K 297 -1 61 723 61 1488
G: K 298 -1 61 1480 61 2950
G: K 299 -1 61 3067 61 4171
G: K 300 -1 61 4173 61 4563
G: P 301 -1 61 4682 -1 -1
G: P 302 -1 -1 -1 62 1706
G: K 303 -1 62 1908 62 2874
G: K 304 -1 62 2891 62 4121
G: P 305 -1 62 4122 -1 -1
G: D 306 -1 -1 -1 -1 -1
G: P 307 -1 -1 -1 63 287
G: K 308 -1 63 268 63 1090
G: K 309 -1 63 1215 63 3018
G: K 310 -1 63 3105 63 4287
G: K 311 -1 63 4286 64 1968
G: K 312 -1 64 1949 64 3209
G: K 501 -1 64 3214 64 4603
G: K 313 -1 64 4604 65 2220
G: K 314 1 65 2273 65 3086
G: K 315 -1 65 3092 65 3719
G: K 316 -1 65 3741 66 1700
G: K 317 -1 66 1759 66 2626
G: P 318 -1 66 2670 -1 -1
G: D 319 -1 -1 -1 -1 -1
G: P 320 -1 -1 -1 67 195
G: K 321 -1 67 235 67 2041
G: K 322 -1 67 2055 67 2919
G: P 323 -1 67 2935 -1 -1
G: D 324 -1 -1 -1 -1 -1
G: P 325 -1 -1 -1 68 2542
G: P 326 -1 68 3341 -1 -1
G: D 327 1 -1 -1 -1 -1
G: K 500 -1 69 828 69 4635
G: P 328 -1 69 4636 -1 -1
G: D 329 -1 -1 -1 -1 -1
G: D 330 -1 -1 -1 -1 -1
G: P 331 -1 -1 -1 70 656
G: K 332 -1 70 668 70 1502
G: K 333 -1 70 1491 70 3786
G: P 334 -1 70 3824 -1 -1
G: D 335 -1 -1 -1 -1 -1
G: D 336 -1 -1 -1 -1 -1
G: P 337 -1 -1 -1 71 222
G: K 338 -1 71 858 71 3411
G: K 339 -1 71 3400 71 3976
G: P 340 -1 71 3983 -1 -1
G: D 341 1 -1 -1 -1 -1
G: P 342 1 -1 -1 72 533
G: K 343 1 72 536 72 953
G: P 344 -1 72 942 -1 -1
G: P 345 -1 -1 -1 73 303
G: K 611 1 73 2075 73 3542
G: K 346 -1 73 4237 74 1941
G: K 347 -1 74 1950 75 336
G: K 348 -1 75 425 75 938
G: K 349 -1 75 1013 75 2084
G: K 350 -1 75 2087 75 2918
G: P 351 -1 75 2928 -1 -1
G: D 352 1 -1 -1 -1 -1
G: P 353 1 -1 -1 76 28
G: K 354 -1 76 179 76 1169
G: K 355 1 76 1579 76 2836
G: K 356 1 76 2835 76 3774
G: P 357 -1 76 3991 -1 -1
G: D 358 1 -1 -1 -1 -1
G: P 359 1 -1 -1 77 284
G: K 360 -1 77 280 77 607
G: K 361 1 77 755 77 1160
G: K 362 -1 77 1162 77 3346
G: K 363 -1 77 3499 77 4357
G: P 364 -1 77 4369 -1 -1
G: P 365 1 -1 -1 78 455
G: K 366 1 78 432 78 1371
G: K 367 -1 78 1360 78 2608
G: K 368 1 78 2727 78 3228
G: K 369 1 78 3250 78 3628
G: K 370 1 78 3630 78 3804
G: K 371 -1 78 3818 78 4097
G: D 609 1 -1 -1 -1 -1
G: D 372 1 -1 -1 -1 -1
G: P 373 1 -1 -1 79 758
G: K 374 1 79 759 79 2778
G: K 375 -1 79 2801 79 3584
G: P 376 -1 79 3573 -1 -1
G: P 377 -1 -1 -1 80 395
G: K 378 -1 80 463 80 1426
G: K 379 -1 80 1412 80 2399
G: K 380 -1 80 2388 80 3561
G: K 381 -1 80 3547 80 4411
G: P 382 -1 80 4411 -1 -1
G: D 383 -1 -1 -1 -1 -1
G: P 384 -1 -1 -1 81 169
G: K 385 -1 81 174 81 774
G: K 386 -1 81 820 81 2455
G: P 387 1 81 2483 -1 -1
G: D 388 1 -1 -1 -1 -1
G: D 389 1 -1 -1 -1 -1
G: P 502 -1 -1 -1 82 599
G: K 390 1 82 600 82 1242
G: K 391 -1 82 1238 82 1982
G: K 392 -1 82 1974 82 3285
G: K 393 -1 82 3284 82 3758
G: P 394 -1 82 3928 -1 -1
G: P 395 -1 -1 -1 83 3684
G: P 396 -1 83 3970 -1 -1
G: D 397 -1 -1 -1 -1 -1
G: D 398 -1 -1 -1 -1 -1
G: P 399 -1 -1 -1 84 1473
G: K 400 -1 84 1580 84 2924
G: P 401 -1 84 2940 -1 -1
G: D 402 -1 -1 -1 -1 -1
G: P 403 -1 -1 -1 85 252
G: K 404 -1 85 261 85 1884
G: K 405 -1 85 2254 85 2716
G: P 406 -1 85 2716 -1 -1
G: D 407 -1 -1 -1 -1 -1
G: P 408 -1 -1 -1 86 1086
G: K 409 -1 86 1087 86 1921
G: K 410 -1 86 1920 86 3489
G: P 411 -1 86 3504 -1 -1
G: D 412 -1 -1 -1 -1 -1
G: D 413 -1 -1 -1 -1 -1
G: P 414 -1 -1 -1 87 561
G: K 415 -1 87 523 87 985
G: K 416 -1 87 990 87 2367
G: K 417 1 87 2433 87 2907
G: K 418 -1 87 2903 87 3605
G: P 419 -1 87 3607 -1 -1
G: P 420 -1 -1 -1 88 1151
G: K 421 -1 88 1150 88 2299
G: P 422 -1 88 2419 -1 -1
G: P 423 -1 -1 -1 89 1842
G: K 424 -1 89 1897 89 2302
G: K 425 -1 89 2307 89 2748
G: P 426 -1 89 2785 -1 -1
G: P 427 -1 -1 -1 90 1986
G: P 428 -1 90 1957 -1 -1
G: P 429 -1 -1 -1 91 241
G: K 430 -1 91 243 91 504
G: K 431 1 91 692 91 2054
G: K 432 1 91 2076 91 2274
G: K 433 1 91 2309 91 2744
G: K 434 1 91 2854 91 3391
G: P 435 -1 91 3387 -1 -1
G: P 436 -1 -1 -1 92 1002
G: K 437 -1 92 994 92 1723
G: K 438 -1 92 1782 92 3039
G: P 439 1 92 3124 -1 -1
G: D 440 1 -1 -1 -1 -1
G: D 441 1 -1 -1 -1 -1
G: P 442 1 -1 -1 93 1001
G: K 443 1 93 1020 93 2199
G: K 444 -1 93 2603 93 3431
G: P 445 -1 93 3430 -1 -1
G: D 446 -1 -1 -1 -1 -1
G: D 447 -1 -1 -1 -1 -1
G: P 448 -1 -1 -1 94 1173
G: K 449 -1 94 1188 94 1554
G: K 450 -1 94 1537 94 2245
G: K 451 -1 94 2244 94 2544
G: K 452 -1 94 3154 95 96
G: K 453 -1 95 96 95 552
G: K 454 -1 95 1210 95 2092
G: K 455 -1 95 2091 95 3309
G: K 456 1 95 3361 95 4147
G: P 457 1 95 4131 -1 -1
G: D 458 -1 -1 -1 -1 -1
G: D 459 1 -1 -1 -1 -1
G: P 460 -1 -1 -1 96 753
G: K 461 -1 96 1305 96 3468
G: P 462 -1 96 3645 -1 -1
G: D 463 -1 -1 -1 -1 -1
G: P 464 1 -1 -1 97 98
G: K 465 -1 97 94 97 1378
G: K 466 -1 97 1358 97 2855
G: K 467 -1 97 2841 97 3618
G: P 468 -1 97 3610 -1 -1
G: D 469 -1 -1 -1 -1 -1
G: D 470 -1 -1 -1 -1 -1
G: D 471 -1 -1 -1 -1 -1
G: D 472 -1 -1 -1 -1 -1
G: P 473 -1 -1 -1 99 345
G: K 474 -1 99 407 99 1751
G: K 475 -1 99 2393 99 3206
G: P 504 1 99 3231 -1 -1
