The input genome is 601979 bp long, 421385 will be kept.
min distance 178
----------------------------------------
fragments: id start end
F: 0 1467 5378
F: 1 7312 12231
F: 2 14383 18640
F: 3 20505 24776
F: 4 26801 31143
F: 5 32889 38033
F: 6 39767 43300
F: 7 45192 48709
F: 8 50665 54443
F: 9 56086 59782
F: 10 61723 67149
F: 11 68733 72421
F: 12 74087 77998
F: 13 79500 83594
F: 14 85543 90385
F: 15 91895 96468
F: 16 98928 103620
F: 17 104931 108751
F: 18 110555 115186
F: 19 117406 121406
F: 20 123021 127046
F: 21 128724 132164
F: 22 133490 137901
F: 23 140243 144068
F: 24 145630 149264
F: 25 150698 154899
F: 26 156153 159866
F: 27 161219 164829
F: 28 167352 172278
F: 29 174321 179420
F: 30 181662 185339
F: 31 187196 191604
F: 32 193487 197505
F: 33 199725 203228
F: 34 204593 209397
F: 35 211114 215633
F: 36 217418 221797
F: 37 223878 228506
F: 38 229941 233637
F: 39 235083 238697
F: 40 241701 245878
F: 41 247853 251848
F: 42 253903 257968
F: 43 260127 264460
F: 44 266461 270584
F: 45 272303 276724
F: 46 278352 283016
F: 47 284977 289614
F: 48 291268 295662
F: 49 297791 301825
F: 50 303685 307384
F: 51 308740 313834
F: 52 315506 320338
F: 53 322378 326513
F: 54 328227 332331
F: 55 333962 338220
F: 56 339825 345424
F: 57 346619 350149
F: 58 351862 355904
F: 59 357499 362109
F: 60 363435 366984
F: 61 369206 373969
F: 62 376220 381181
F: 63 383141 387501
F: 64 389080 393772
F: 65 395232 399568
F: 66 400726 404659
F: 67 406525 409792
F: 68 411601 415441
F: 69 417313 422275
F: 70 424280 429379
F: 71 431406 435616
F: 72 437572 441001
F: 73 443272 447548
F: 74 449471 453220
F: 75 455336 460439
F: 76 462130 466624
F: 77 467650 472110
F: 78 474221 478379
F: 79 480018 484141
F: 80 485865 490564
F: 81 492981 497085
F: 82 499485 503634
F: 83 505293 509809
F: 84 511486 515671
F: 85 517578 521212
F: 86 522777 526647
F: 87 528097 532166
F: 88 533537 537885
F: 89 539193 542931
F: 90 544612 548981
F: 91 550672 554560
F: 92 556405 560125
F: 93 561876 565676
F: 94 567637 570948
F: 95 572477 576885
F: 96 579389 583466
F: 97 585136 589646
F: 98 591672 595543
F: 99 597367 601801
----------------------------------------
genes: [Kept,Partial,Discared] locus strand fragment1 start_pos fragment2 end_pos 
G: P 0 1 -1 -1 0 379
G: K 1 1 0 378 0 1320
G: K 2 1 0 1404 0 3399
G: K 3 1 0 3413 1 64
G: K 4 1 1 35 1 1310
G: K 5 1 1 1313 1 1949
G: K 6 1 1 1921 1 2707
G: K 7 1 1 2709 1 4086
G: K 8 1 1 4085 1 4889
G: P 9 1 1 4917 -1 -1
G: D 10 -1 -1 -1 -1 -1
G: P 11 -1 -1 -1 2 244
G: K 12 -1 2 203 2 1031
G: K 13 1 2 1369 2 3304
G: P 14 1 2 3350 -1 -1
G: P 15 1 -1 -1 3 2133
G: K 16 1 3 2174 3 3386
G: P 17 1 3 3366 -1 -1
G: D 18 1 -1 -1 -1 -1
G: P 19 1 -1 -1 4 143
G: K 20 1 4 148 4 1021
G: K 21 1 4 1021 4 2131
G: K 22 1 4 2333 4 3230
G: K 23 1 4 3233 4 3797
G: K 24 1 4 3774 4 4242
G: P 25 1 4 4241 -1 -1
G: D 26 -1 -1 -1 -1 -1
G: D 27 -1 -1 -1 -1 -1
G: P 28 -1 -1 -1 5 4446
G: P 29 1 5 4708 -1 -1
G: K 30 1 6 34 6 829
G: K 31 -1 6 791 6 1451
G: K 32 1 6 1479 6 2745
G: P 33 1 6 2734 -1 -1
G: P 34 1 -1 -1 7 296
G: K 35 -1 7 292 7 1834
G: K 36 -1 7 1824 7 2985
G: P 37 1 7 3143 -1 -1
G: D 38 1 -1 -1 -1 -1
G: P 39 1 -1 -1 8 1631
G: K 40 1 8 1635 8 2496
G: K 41 1 8 2473 8 3367
G: P 42 1 8 3342 -1 -1
G: P 43 1 -1 -1 9 352
G: K 44 1 9 335 9 1502
G: K 45 -1 9 1731 9 3081
G: P 46 1 9 3133 -1 -1
G: D 47 1 -1 -1 -1 -1
G: P 48 1 -1 -1 10 221
G: K 49 1 10 229 10 628
G: K 50 1 10 627 10 2298
G: K 51 -1 10 2274 10 3213
G: K 52 -1 10 3216 10 3597
G: K 53 -1 10 3603 10 3747
G: K 54 -1 10 3760 10 4144
G: K 55 -1 10 4127 10 4988
G: P 56 -1 10 4972 -1 -1
G: D 57 -1 -1 -1 -1 -1
G: D 58 -1 -1 -1 -1 -1
G: P 59 1 -1 -1 11 836
G: K 60 -1 11 814 11 2566
G: P 61 1 11 2870 -1 -1
G: P 62 1 -1 -1 12 496
G: K 813 1 12 750 12 1800
G: K 63 1 12 1801 13 429
G: K 64 1 13 428 13 1844
G: K 65 1 13 1847 13 3806
G: P 66 1 13 3816 -1 -1
G: P 67 1 -1 -1 14 844
G: K 695 -1 14 2796 14 3096
G: P 68 1 -1 -1 15 1768
G: K 69 1 15 1878 15 2757
G: P 70 1 15 2761 -1 -1
G: P 71 1 -1 -1 16 766
G: K 72 1 16 743 16 2744
G: K 73 1 16 2746 16 3175
G: K 74 1 16 3238 17 310
G: K 75 -1 17 306 17 714
G: K 76 1 17 947 17 2198
G: K 77 1 17 2190 17 3324
G: P 78 1 17 3322 -1 -1
G: P 79 1 -1 -1 18 1513
G: K 80 1 18 1568 18 2003
G: K 82 1 18 2003 18 2573
G: K 83 1 18 2565 18 3471
G: K 84 1 18 3471 18 4422
G: P 85 1 18 4414 -1 -1
G: D 86 1 -1 -1 -1 -1
G: D 87 1 -1 -1 -1 -1
G: P 88 1 -1 -1 19 1759
G: K 89 1 19 1810 19 2452
G: K 90 1 19 2452 19 2944
G: K 91 1 19 2927 19 3254
G: K 92 1 19 3256 19 3721
G: P 93 1 19 3704 -1 -1
G: P 94 1 -1 -1 20 738
G: K 95 1 20 921 20 2928
G: K 96 1 20 2984 20 3743
G: P 97 1 20 3842 -1 -1
G: P 98 1 -1 -1 21 1036
G: K 99 1 21 1028 21 2477
G: K 100 1 21 2451 21 3120
G: P 101 1 21 3112 -1 -1
G: P 102 1 -1 -1 22 162
G: K 103 1 22 183 22 414
G: K 104 1 22 416 22 2624
G: K 105 1 22 2631 22 3273
G: K 106 -1 22 3241 22 3841
G: P 107 1 22 3881 -1 -1
G: D 108 1 -1 -1 -1 -1
G: D 109 1 -1 -1 -1 -1
G: P 110 1 -1 -1 23 556
G: K 111 1 23 570 23 1878
G: K 112 1 23 1867 23 2494
G: P 113 1 23 2507 -1 -1
G: D 114 1 -1 -1 -1 -1
G: D 115 1 -1 -1 -1 -1
G: P 116 1 -1 -1 24 441
G: K 117 1 24 430 24 1090
G: K 118 1 24 1073 24 2102
G: P 119 1 24 2116 -1 -1
G: P 120 1 -1 -1 25 396
G: K 121 1 25 398 25 1319
G: K 122 1 25 1358 25 3518
G: P 123 1 25 3495 -1 -1
G: D 124 1 -1 -1 -1 -1
G: P 125 1 -1 -1 26 701
G: K 126 -1 26 681 26 1713
G: K 127 1 26 1748 26 2186
G: K 128 1 26 2193 26 2976
G: K 129 1 26 2975 26 3338
G: P 130 1 26 3327 -1 -1
G: K 131 -1 27 291 27 729
G: K 132 -1 27 703 27 1519
G: K 133 1 27 1538 27 1835
G: K 134 -1 27 1806 27 2661
G: P 487 -1 27 2708 -1 -1
G: D 135 1 -1 -1 -1 -1
G: P 136 1 -1 -1 28 543
G: K 137 1 28 542 28 2366
G: K 138 1 28 2449 28 4180
G: P 139 1 -1 -1 30 1881
G: K 140 1 30 1885 30 3499
G: P 141 1 30 3498 -1 -1
G: P 142 1 -1 -1 31 143
G: K 143 1 31 129 31 465
G: K 144 1 31 489 31 1323
G: K 145 1 31 1322 31 2132
G: K 146 1 31 2144 31 3461
G: P 147 1 31 3444 -1 -1
G: D 148 1 -1 -1 -1 -1
G: P 149 1 -1 -1 32 491
G: K 150 1 32 530 32 1001
G: K 151 1 32 1090 32 1411
G: K 152 1 32 1414 32 2200
G: K 153 1 32 2199 32 2835
G: K 154 1 32 2838 32 3162
G: P 155 1 32 3161 -1 -1
G: D 156 1 -1 -1 -1 -1
G: D 157 1 -1 -1 -1 -1
G: D 158 1 -1 -1 -1 -1
G: D 159 1 -1 -1 -1 -1
G: P 160 1 -1 -1 33 365
G: K 161 1 33 364 33 622
G: K 162 1 33 625 33 994
G: K 163 1 33 993 33 1326
G: K 164 1 33 1331 33 1889
G: K 165 1 33 1891 33 2086
G: K 166 1 33 2076 33 2520
G: K 167 1 33 2526 33 3096
G: K 168 1 33 3097 33 3451
G: P 169 1 33 3455 -1 -1
G: D 170 1 -1 -1 -1 -1
G: P 171 1 -1 -1 34 1147
G: K 172 1 34 1140 34 1779
G: K 173 1 34 1781 34 2516
G: K 174 1 34 2515 34 2725
G: K 175 1 34 2735 34 2849
G: K 176 1 34 2848 34 3229
G: K 177 1 34 3228 34 3597
G: K 178 1 34 3612 34 4611
G: P 179 1 34 4623 -1 -1
G: D 180 1 -1 -1 -1 -1
G: P 181 1 -1 -1 35 214
G: K 182 1 35 206 35 1499
G: K 183 1 35 1491 35 2226
G: K 184 1 35 2215 35 4054
G: P 185 1 35 4054 -1 -1
G: P 186 1 -1 -1 36 954
G: K 187 1 36 3420 36 4185
G: P 188 1 36 4177 -1 -1
G: P 189 1 -1 -1 37 497
G: K 190 1 37 471 37 1461
G: K 191 1 37 1629 37 2595
G: K 192 1 37 2601 38 942
G: P 193 1 38 943 -1 -1
G: K 194 1 39 1937 39 2978
G: P 195 1 39 2981 -1 -1
G: D 196 1 -1 -1 -1 -1
G: D 197 1 -1 -1 -1 -1
G: P 198 1 -1 -1 40 13
G: K 199 1 40 738 40 2550
G: K 200 1 40 2561 40 3227
G: K 201 1 40 3236 40 3623
G: P 484 1 40 3749 -1 -1
G: P 202 1 -1 -1 41 355
G: K 203 1 41 354 41 2712
G: K 204 -1 41 2708 41 3761
G: P 205 1 41 3796 -1 -1
G: P 206 1 -1 -1 42 63
G: K 207 -1 42 52 42 643
G: K 208 -1 42 629 42 1553
G: K 209 -1 42 1552 42 2104
G: K 210 1 42 2304 42 2964
G: K 211 1 42 2963 42 3161
G: K 558 -1 42 3161 42 3818
G: P 212 1 42 3819 -1 -1
G: D 213 1 -1 -1 -1 -1
G: D 214 1 -1 -1 -1 -1
G: P 215 1 -1 -1 43 647
G: K 216 1 43 630 43 1263
G: K 217 1 43 1281 43 2280
G: K 561 -1 43 2281 43 2563
G: K 218 1 43 2564 43 4127
G: D 219 1 -1 -1 -1 -1
G: D 220 1 -1 -1 -1 -1
G: P 221 1 -1 -1 45 569
G: K 222 1 45 528 45 975
G: K 223 -1 45 1006 45 1285
G: K 224 1 45 1594 45 2023
G: K 225 1 45 2012 45 2984
G: K 226 1 45 2985 45 4251
G: P 227 1 45 4253 -1 -1
G: P 228 1 -1 -1 46 838
G: K 229 1 46 803 46 2327
G: K 230 1 46 2798 46 3662
G: K 231 1 46 3661 46 4138
G: P 232 1 46 4143 -1 -1
G: D 233 1 -1 -1 -1 -1
G: P 234 1 -1 -1 47 1271
G: K 235 1 47 1363 47 1666
G: K 236 1 47 1658 47 1973
G: K 237 1 47 1965 47 2286
G: K 238 1 47 2275 47 3163
G: K 239 1 47 3152 47 3581
G: K 240 1 47 3573 47 4470
G: P 241 1 47 4499 -1 -1
G: P 242 1 -1 -1 48 2071
G: K 243 -1 48 2067 48 3120
G: P 244 1 48 3172 -1 -1
G: P 245 1 -1 -1 49 446
G: K 246 1 49 1134 49 3288
G: K 247 1 49 3290 49 3806
G: P 248 1 49 3801 -1 -1
G: D 249 -1 -1 -1 -1 -1
G: P 250 -1 -1 -1 50 126
G: K 251 -1 50 106 50 1621
G: K 252 -1 50 1665 50 3483
G: P 253 -1 50 3472 -1 -1
G: P 254 -1 -1 -1 51 521
G: K 255 -1 51 523 51 1840
G: K 256 -1 51 1844 51 3866
G: P 257 1 51 4041 -1 -1
G: D 258 1 -1 -1 -1 -1
G: D 259 1 -1 -1 -1 -1
G: P 260 1 -1 -1 52 223
G: K 262 1 52 223 52 1642
G: K 263 1 52 1772 52 4124
G: K 698 -1 53 143 53 929
G: K 264 1 53 930 53 3594
G: P 265 1 53 3600 -1 -1
G: D 266 1 -1 -1 -1 -1
G: P 488 -1 -1 -1 54 264
G: K 267 1 54 265 54 1153
G: K 268 1 54 1146 54 1758
G: K 269 -1 54 1690 54 2551
G: P 270 -1 54 2569 -1 -1
G: D 271 -1 -1 -1 -1 -1
G: P 272 -1 -1 -1 55 365
G: K 273 -1 55 515 55 1544
G: K 274 -1 55 1924 55 2977
G: P 275 -1 55 2987 -1 -1
G: D 276 -1 -1 -1 -1 -1
G: P 277 -1 -1 -1 56 934
G: K 278 -1 56 951 56 2082
G: K 279 -1 56 2109 56 3579
G: K 280 -1 56 3661 56 4210
G: K 281 -1 56 4223 57 405
G: K 282 1 57 447 57 2646
G: K 283 -1 57 2642 57 3317
G: P 284 -1 57 3309 -1 -1
G: P 285 -1 -1 -1 58 634
G: K 286 -1 58 1295 58 1790
G: K 287 1 58 2121 58 3618
G: P 288 1 58 3838 -1 -1
G: D 289 1 -1 -1 -1 -1
G: P 290 1 -1 -1 59 220
G: K 291 1 59 251 59 503
G: P 292 1 -1 -1 60 590
G: K 293 1 60 579 60 1311
G: K 294 1 60 1294 60 2974
G: K 295 -1 60 2970 60 3402
G: K 296 -1 60 3401 61 381
G: K 297 -1 61 438 61 1182
G: K 298 -1 61 1174 61 2614
G: K 299 -1 61 2731 61 3847
G: K 300 -1 61 3849 61 4242
G: P 301 -1 61 4361 -1 -1
G: P 302 -1 -1 -1 62 1457
G: K 303 -1 62 1659 62 2658
G: K 304 -1 62 2675 62 3911
G: K 305 -1 62 3912 62 4932
G: D 306 -1 -1 -1 -1 -1
G: P 307 -1 -1 -1 63 44
G: K 308 -1 63 25 63 877
G: K 815 -1 63 1001 63 1799
G: K 309 -1 63 1800 63 3594
G: P 310 -1 63 3681 -1 -1
G: P 311 -1 -1 -1 64 2547
G: K 312 -1 64 2528 64 3773
G: K 313 -1 64 3779 65 1305
G: K 314 1 65 1358 65 2165
G: K 315 -1 65 2171 65 2789
G: K 694 -1 65 2810 65 3761
G: K 316 -1 65 3762 66 1721
G: K 317 -1 66 1780 66 2662
G: P 318 -1 66 2706 -1 -1
G: D 812 1 -1 -1 -1 -1
G: D 319 -1 -1 -1 -1 -1
G: P 320 -1 -1 -1 67 351
G: K 321 -1 67 391 67 2242
G: K 322 -1 67 2256 67 3099
G: P 323 -1 67 3115 -1 -1
G: D 324 -1 -1 -1 -1 -1
G: P 325 -1 -1 -1 68 2761
G: P 326 -1 68 3560 -1 -1
G: P 327 1 -1 -1 69 331
G: K 328 -1 69 1166 69 1976
G: K 329 -1 69 1923 69 3003
G: K 330 -1 69 3002 69 3161
G: K 331 -1 69 3177 69 4065
G: K 332 -1 69 4077 69 4914
G: K 333 -1 69 4897 70 237
G: K 334 -1 70 275 70 1634
G: K 335 -1 70 1637 70 2339
G: K 336 -1 70 2347 70 2980
G: K 337 -1 70 2967 70 3684
G: P 338 -1 70 4323 -1 -1
G: P 339 -1 -1 -1 71 300
G: K 340 -1 71 307 71 538
G: K 341 1 71 596 71 1640
G: K 342 1 71 1748 71 3008
G: K 343 1 71 3011 71 3437
G: K 344 -1 71 3420 72 1139
G: K 345 -1 72 1316 72 2357
G: K 811 1 72 2477 72 2993
G: P 346 -1 -1 -1 73 3618
G: K 347 -1 73 3627 74 1619
G: K 348 -1 74 1708 74 2218
G: K 349 -1 74 2296 74 3352
G: P 350 -1 74 3355 -1 -1
G: P 351 -1 -1 -1 75 1058
G: K 352 1 75 1101 75 1635
G: K 353 1 75 1625 75 2246
G: K 354 -1 75 2397 75 3378
G: K 355 1 75 3788 75 5012
G: P 356 1 75 5011 -1 -1
G: P 560 -1 -1 -1 76 380
G: K 357 -1 76 468 76 1152
G: K 358 1 76 1199 76 1760
G: K 359 1 76 1762 76 2269
G: K 360 -1 76 2265 76 2598
G: K 361 1 76 2746 76 3169
G: P 362 -1 76 3171 -1 -1
G: K 363 -1 77 3 77 867
G: K 364 -1 77 879 77 2076
G: K 365 1 77 2883 77 3516
G: K 366 1 77 3487 77 4414
G: P 367 -1 77 4403 -1 -1
G: D 368 1 -1 -1 -1 -1
G: P 369 1 -1 -1 78 73
G: K 370 1 78 75 78 246
G: K 371 -1 78 260 78 539
G: K 372 1 78 602 78 1298
G: K 373 1 78 1290 78 2220
G: P 374 1 78 2221 -1 -1
G: D 696 1 -1 -1 -1 -1
G: P 375 -1 -1 -1 79 251
G: K 376 -1 79 240 79 1236
G: K 377 -1 79 1235 79 2933
G: K 814 1 79 3000 79 3138
G: P 378 -1 79 3139 -1 -1
G: P 379 -1 79 4115 -1 -1
G: P 380 -1 -1 -1 80 399
G: K 381 -1 80 385 80 1237
G: K 382 -1 80 1237 80 2098
G: K 383 -1 80 2090 80 3788
G: K 384 -1 80 3787 80 4102
G: P 385 -1 80 4107 -1 -1
G: D 386 -1 -1 -1 -1 -1
G: P 387 1 -1 -1 81 1157
G: K 388 1 81 1149 81 1746
G: K 389 1 81 1741 81 2407
G: K 390 1 81 2871 81 3522
G: P 391 -1 81 3518 -1 -1
G: D 392 -1 -1 -1 -1 -1
G: D 393 -1 -1 -1 -1 -1
G: P 394 -1 -1 -1 82 439
G: P 395 -1 82 441 -1 -1
G: P 396 -1 -1 -1 83 646
G: K 397 -1 83 630 83 1101
G: K 398 -1 83 1084 83 1468
G: K 399 -1 83 1471 83 3478
G: P 400 -1 83 3585 -1 -1
G: P 401 -1 -1 -1 84 399
G: K 402 -1 84 411 84 750
G: K 403 -1 84 875 84 2114
G: K 404 -1 84 2123 84 3722
G: P 486 1 84 4091 -1 -1
G: D 405 -1 -1 -1 -1 -1
G: P 406 -1 -1 -1 85 1543
G: K 407 -1 85 1544 85 1943
G: K 408 -1 85 1947 85 3390
G: P 409 -1 85 3391 -1 -1
G: P 410 -1 -1 -1 86 606
G: K 411 -1 86 621 86 1161
G: K 412 -1 86 1156 86 1783
G: K 413 -1 86 1785 86 2100
G: K 414 -1 86 2102 86 2987
G: K 415 -1 86 2949 86 3435
G: P 416 -1 86 3440 -1 -1
G: P 417 1 -1 -1 87 40
G: K 418 -1 87 36 87 735
G: K 419 -1 87 737 87 1751
G: K 420 -1 87 1735 87 3757
G: P 421 -1 87 3756 -1 -1
G: P 422 -1 -1 -1 88 2714
G: P 423 -1 88 2778 -1 -1
G: D 424 -1 -1 -1 -1 -1
G: P 425 -1 -1 -1 89 41
G: K 426 -1 89 78 89 1878
G: K 697 -1 89 1882 89 2356
G: P 427 -1 89 2357 -1 -1
G: P 428 -1 -1 -1 90 2399
G: K 429 -1 90 2436 90 4152
G: P 430 -1 90 4154 -1 -1
G: D 431 1 -1 -1 -1 -1
G: P 432 1 -1 -1 91 149
G: K 433 1 91 184 91 610
G: K 434 1 91 720 91 1236
G: K 435 -1 91 1232 91 2978
G: P 436 -1 91 2981 -1 -1
G: D 437 -1 -1 -1 -1 -1
G: P 438 -1 -1 -1 92 809
G: K 439 1 92 894 92 1812
G: K 440 1 92 1792 92 2539
G: K 441 1 92 2538 92 3099
G: P 442 1 92 3099 -1 -1
G: P 443 1 -1 -1 93 11
G: K 444 -1 93 415 93 1264
G: K 445 -1 93 1263 93 2070
G: K 446 -1 93 2212 93 2644
G: K 447 -1 93 2814 93 3639
G: P 448 -1 93 3607 -1 -1
G: D 449 -1 -1 -1 -1 -1
G: P 450 -1 -1 -1 94 115
G: K 451 -1 94 114 94 405
G: K 452 -1 94 1015 94 2680
G: K 453 -1 94 2680 94 3145
G: D 454 -1 -1 -1 -1 -1
G: P 455 -1 -1 -1 95 1050
G: K 557 1 95 1101 95 2121
G: K 456 1 95 2122 95 2914
G: K 457 1 95 2898 95 3789
G: K 458 -1 95 3778 95 4261
G: P 459 1 95 4244 -1 -1
G: D 460 -1 -1 -1 -1 -1
G: K 461 -1 96 96 96 2211
G: K 462 -1 96 2388 96 2916
G: K 463 -1 96 2917 96 3424
G: P 464 1 96 3596 -1 -1
G: P 465 -1 -1 -1 97 134
G: K 466 -1 97 114 97 1593
G: K 467 -1 97 1579 97 2371
G: K 468 -1 97 2363 97 3560
G: K 469 -1 97 3531 97 3921
G: K 470 -1 97 3889 97 4036
G: P 485 -1 97 4060 -1 -1
G: P 471 -1 -1 -1 98 90
G: K 559 -1 98 92 98 1019
G: K 472 -1 98 1020 99 848
G: K 473 -1 99 853 99 1726
G: K 474 -1 99 1788 99 3111
G: P 475 -1 99 3753 -1 -1
