The input genome is 597938 bp long, 418556 will be kept.
min distance 177
----------------------------------------
fragments: id start end
F: 0 1431 5342
F: 1 7275 12194
F: 2 14249 18506
F: 3 20367 24637
F: 4 26574 30916
F: 5 32661 37805
F: 6 39538 43071
F: 7 44915 48398
F: 8 50393 54112
F: 9 55743 59427
F: 10 61158 66584
F: 11 68104 71792
F: 12 73569 77310
F: 13 78780 82841
F: 14 84791 89633
F: 15 91240 95813
F: 16 98204 102876
F: 17 104357 108097
F: 18 109823 114454
F: 19 116717 120641
F: 20 122211 126236
F: 21 127936 131376
F: 22 132644 137055
F: 23 139382 143207
F: 24 144747 148381
F: 25 149820 153968
F: 26 155202 158905
F: 27 160352 163962
F: 28 166443 171369
F: 29 173413 178482
F: 30 180723 184400
F: 31 186229 190574
F: 32 192477 196400
F: 33 198733 202155
F: 34 203556 208360
F: 35 210058 214530
F: 36 216225 220495
F: 37 222575 227136
F: 38 228604 232288
F: 39 233810 237424
F: 40 240427 244604
F: 41 246499 250486
F: 42 252596 256661
F: 43 258577 262896
F: 44 264896 269019
F: 45 270774 275009
F: 46 276566 281230
F: 47 283190 287827
F: 48 289427 293821
F: 49 295949 299983
F: 50 301779 305478
F: 51 306928 311927
F: 52 313598 318396
F: 53 320435 324570
F: 54 326294 330369
F: 55 331973 336117
F: 56 337675 343197
F: 57 344391 347921
F: 58 349571 353598
F: 59 355217 359762
F: 60 361037 364586
F: 61 366763 371484
F: 62 373632 378593
F: 63 380570 384912
F: 64 386433 391125
F: 65 392557 396893
F: 66 398104 401983
F: 67 403770 407037
F: 68 408770 412610
F: 69 414503 419376
F: 70 421380 426479
F: 71 428387 432597
F: 72 434643 437981
F: 73 440155 444431
F: 74 446353 450102
F: 75 452163 457266
F: 76 458931 463425
F: 77 464485 468931
F: 78 470985 475069
F: 79 476707 480830
F: 80 482541 487234
F: 81 489629 493733
F: 82 496132 500281
F: 83 502002 506455
F: 84 508252 512316
F: 85 514222 517856
F: 86 519433 523290
F: 87 524712 528708
F: 88 530105 534450
F: 89 535857 539595
F: 90 541210 545410
F: 91 547114 550911
F: 92 552750 556424
F: 93 558243 561948
F: 94 564006 567317
F: 95 568703 573100
F: 96 575598 579675
F: 97 581309 585819
F: 98 587762 591594
F: 99 593355 597761
----------------------------------------
genes: [Kept,Partial,Discared] locus strand fragment1 start_pos fragment2 end_pos 
G: P 0 1 -1 -1 0 412
G: K 1 1 0 411 0 1350
G: K 614 -1 0 1433 0 3626
G: P 2 1 0 3627 -1 -1
G: P 3 1 -1 -1 1 2279
G: K 4 1 1 2250 1 3504
G: K 5 1 1 3507 1 4155
G: K 6 1 1 4124 1 4895
G: P 7 1 1 4897 -1 -1
G: P 8 1 -1 -1 2 61
G: K 9 1 2 89 2 773
G: K 10 -1 2 749 2 1637
G: K 11 -1 2 1641 2 2508
G: K 12 -1 2 2464 2 3295
G: P 13 1 2 3633 -1 -1
G: P 14 1 -1 -1 3 1212
G: P 15 1 3 1221 -1 -1
G: D 16 1 -1 -1 -1 -1
G: P 17 1 -1 -1 4 288
G: K 18 1 4 287 4 1820
G: K 19 1 4 1849 4 2293
G: K 20 1 4 2298 4 3174
G: K 21 1 4 3174 4 4278
G: D 22 1 -1 -1 -1 -1
G: D 23 1 -1 -1 -1 -1
G: P 24 1 -1 -1 5 329
G: K 25 1 5 328 5 937
G: K 26 -1 5 923 5 1505
G: K 27 -1 5 1506 5 2127
G: P 28 -1 5 2160 -1 -1
G: P 29 1 -1 -1 6 1932
G: K 30 1 6 2081 6 2861
G: K 31 -1 6 2829 6 3492
G: P 32 1 6 3520 -1 -1
G: P 33 1 -1 -1 7 1084
G: K 34 1 7 1056 7 2409
G: P 35 -1 7 2405 -1 -1
G: D 36 -1 -1 -1 -1 -1
G: P 37 1 -1 -1 8 1551
G: K 38 1 8 1571 8 1841
G: K 39 1 8 2038 8 3718
G: D 40 1 -1 -1 -1 -1
G: P 42 1 -1 -1 9 703
G: K 43 1 9 704 9 1649
G: K 44 1 9 1632 9 2790
G: P 45 -1 9 3019 -1 -1
G: D 46 1 -1 -1 -1 -1
G: P 47 1 -1 -1 10 410
G: K 48 1 10 396 10 1671
G: K 49 1 10 1679 10 2078
G: K 50 1 10 2077 10 3748
G: K 51 -1 10 3724 10 4675
G: K 52 -1 10 4678 10 5062
G: K 53 -1 10 5068 10 5224
G: P 54 -1 10 5237 -1 -1
G: D 55 -1 -1 -1 -1 -1
G: P 56 -1 -1 -1 11 31
G: K 57 -1 11 9 11 1002
G: K 58 -1 11 982 11 1435
G: K 59 1 11 1441 11 2344
G: P 60 -1 11 2322 -1 -1
G: P 61 1 -1 -1 12 932
G: K 62 1 12 882 12 1785
G: K 63 1 12 2040 13 879
G: K 64 1 13 878 13 2279
G: P 65 1 13 2282 -1 -1
G: D 66 1 -1 -1 -1 -1
G: P 612 -1 -1 -1 14 1943
G: K 67 1 14 1944 14 3408
G: K 68 1 15 1142 15 3911
G: P 69 1 15 4021 -1 -1
G: P 70 1 -1 -1 16 568
G: K 71 1 16 554 16 3017
G: P 72 1 16 2994 -1 -1
G: D 73 1 -1 -1 -1 -1
G: P 74 1 -1 -1 17 2366
G: K 75 -1 17 2362 17 2779
G: P 76 1 17 3012 -1 -1
G: D 77 1 -1 -1 -1 -1
G: P 503 1 -1 -1 18 556
G: K 78 1 18 557 18 1769
G: K 79 1 18 1768 18 4315
G: P 80 1 18 4370 -1 -1
G: D 81 1 -1 -1 -1 -1
G: D 82 1 -1 -1 -1 -1
G: P 83 1 -1 -1 19 16
G: K 84 1 19 16 19 964
G: K 85 1 19 956 19 2105
G: K 86 1 19 2133 19 2553
G: K 87 1 19 2569 19 3031
G: P 88 1 19 3040 -1 -1
G: P 89 1 -1 -1 20 318
G: K 90 1 20 318 20 801
G: K 91 1 20 790 20 1108
G: K 92 1 20 1110 20 1563
G: K 93 1 20 1546 20 2962
G: P 94 1 20 2965 -1 -1
G: P 95 1 -1 -1 21 594
G: K 96 1 21 650 21 1379
G: K 97 1 21 1478 21 2906
G: P 98 1 21 2908 -1 -1
G: P 99 1 -1 -1 22 1075
G: K 100 1 22 1049 22 1724
G: K 101 1 22 1716 22 2670
G: K 102 1 22 2659 22 3499
G: K 103 1 22 3520 22 3757
G: P 104 1 22 3759 -1 -1
G: D 105 1 -1 -1 -1 -1
G: P 106 -1 -1 -1 23 383
G: K 107 1 23 423 23 990
G: K 108 1 23 989 23 1781
G: K 109 1 23 1765 23 2938
G: K 110 1 23 2924 23 3761
G: P 111 1 23 3775 -1 -1
G: P 112 1 -1 -1 24 358
G: K 113 1 24 371 24 1760
G: K 114 1 24 1695 24 2403
G: K 115 1 24 2427 24 2901
G: P 116 1 24 2909 -1 -1
G: D 117 1 -1 -1 -1 -1
G: P 118 1 -1 -1 25 298
G: K 119 1 25 312 25 2016
G: K 120 1 25 2022 25 3582
G: P 121 1 25 3584 -1 -1
G: P 122 1 -1 -1 26 1307
G: K 123 1 26 1284 26 2700
G: K 124 1 26 2746 26 3058
G: P 125 1 26 3063 -1 -1
G: D 126 -1 -1 -1 -1 -1
G: P 127 1 -1 -1 27 295
G: K 128 1 27 302 27 1091
G: K 129 1 27 1090 27 1444
G: K 130 1 27 1430 27 2891
G: P 131 -1 27 3451 -1 -1
G: D 132 -1 -1 -1 -1 -1
G: D 133 1 -1 -1 -1 -1
G: D 134 -1 -1 -1 -1 -1
G: P 135 1 -1 -1 28 1254
G: K 136 1 28 1195 28 2422
G: K 137 1 28 2421 28 4242
G: P 138 1 28 4325 -1 -1
G: D 616 -1 -1 -1 -1 -1
G: P 139 1 30 490 -1 -1
G: D 140 1 -1 -1 -1 -1
G: P 141 1 -1 -1 31 255
G: K 142 1 31 241 31 2101
G: K 143 1 31 2090 31 2423
G: K 144 1 31 2444 31 3305
G: K 145 1 31 3304 31 4117
G: P 146 1 31 4129 -1 -1
G: P 147 1 -1 -1 32 312
G: K 148 1 32 350 32 1580
G: K 149 1 32 1655 32 2501
G: K 150 1 32 2540 32 3005
G: K 151 1 32 3094 32 3418
G: P 152 1 32 3421 -1 -1
G: D 153 1 -1 -1 -1 -1
G: D 154 1 -1 -1 -1 -1
G: D 155 1 -1 -1 -1 -1
G: P 156 1 -1 -1 33 45
G: K 157 1 33 47 33 476
G: K 158 1 33 478 33 1297
G: K 159 1 33 1302 33 1716
G: K 160 1 33 1715 33 2318
G: K 161 1 33 2317 33 2578
G: K 162 1 33 2581 33 2950
G: K 163 1 33 2949 33 3273
G: P 164 1 33 3278 -1 -1
G: D 165 1 -1 -1 -1 -1
G: D 166 1 -1 -1 -1 -1
G: P 167 1 -1 -1 34 169
G: K 168 1 34 170 34 521
G: K 169 1 34 525 34 1176
G: K 170 1 34 1181 34 1640
G: K 171 1 34 1639 34 3079
G: K 172 1 34 3072 34 3720
G: K 173 1 34 3722 34 4472
G: K 174 1 34 4471 34 4687
G: P 175 1 34 4697 -1 -1
G: D 176 1 -1 -1 -1 -1
G: D 177 1 -1 -1 -1 -1
G: P 178 1 -1 -1 35 65
G: K 179 1 35 77 35 458
G: K 180 1 35 444 35 1269
G: K 181 1 35 1253 35 2177
G: K 182 1 35 2169 35 3432
G: K 183 1 35 3424 35 4159
G: P 184 1 35 4148 -1 -1
G: P 185 1 -1 -1 36 771
G: K 186 1 36 870 36 3012
G: D 187 1 -1 -1 -1 -1
G: P 188 1 -1 -1 37 1658
G: K 189 1 37 1660 37 2665
G: K 190 1 37 2636 37 3611
G: P 191 1 37 3779 -1 -1
G: P 192 1 -1 -1 38 3075
G: K 193 1 38 3076 39 1035
G: D 194 1 -1 -1 -1 -1
G: P 195 1 -1 -1 40 863
G: K 196 1 40 921 40 1467
G: K 197 1 40 1469 40 1649
G: K 198 1 40 1651 40 2026
G: P 199 1 40 2751 -1 -1
G: D 200 1 -1 -1 -1 -1
G: D 201 1 -1 -1 -1 -1
G: P 202 1 -1 -1 41 1551
G: K 203 1 41 1550 41 3935
G: P 204 -1 41 3931 -1 -1
G: P 205 1 -1 -1 42 716
G: K 206 1 42 696 42 1200
G: K 207 -1 42 1192 42 1783
G: K 208 -1 42 1766 42 2693
G: K 209 -1 42 2692 42 3235
G: P 210 1 42 3435 -1 -1
G: D 211 1 -1 -1 -1 -1
G: D 212 1 -1 -1 -1 -1
G: D 213 1 -1 -1 -1 -1
G: D 214 1 -1 -1 -1 -1
G: P 215 1 -1 -1 43 1343
G: K 216 1 43 1326 43 1950
G: K 217 1 43 1968 43 2940
G: P 218 1 43 2942 -1 -1
G: P 219 1 -1 -1 44 206
G: P 220 1 44 223 -1 -1
G: P 221 1 -1 -1 45 806
G: K 222 1 45 765 45 1212
G: K 223 -1 45 1243 45 1525
G: K 224 1 45 1834 45 2248
G: K 225 1 45 2237 45 3170
G: P 226 1 45 3171 -1 -1
G: D 227 1 -1 -1 -1 -1
G: P 228 1 -1 -1 46 1290
G: K 229 1 46 1252 46 2740
G: K 230 1 46 3211 46 4075
G: K 231 1 46 4074 46 4557
G: P 232 1 46 4562 -1 -1
G: D 233 1 -1 -1 -1 -1
G: P 234 1 -1 -1 47 1610
G: K 505 -1 47 1701 47 2118
G: K 235 1 47 2119 47 2434
G: K 236 1 47 2426 47 2732
G: K 237 1 47 2724 47 3039
G: K 238 1 47 3031 47 3907
G: K 239 1 47 3896 47 4319
G: P 240 1 47 4311 -1 -1
G: P 241 1 -1 -1 48 329
G: K 242 1 48 397 48 2800
G: K 243 -1 48 2796 48 3858
G: P 244 1 48 3910 -1 -1
G: P 245 1 -1 -1 49 1176
G: K 246 1 49 1864 49 3979
G: P 247 1 49 3981 -1 -1
G: D 248 1 -1 -1 -1 -1
G: P 249 -1 -1 -1 50 202
G: K 250 -1 50 188 50 857
G: K 251 -1 50 840 50 2361
G: P 252 -1 50 2405 -1 -1
G: P 253 -1 -1 -1 51 458
G: K 254 -1 51 477 51 1218
G: K 255 -1 51 1220 51 2519
G: K 256 -1 51 2523 51 4512
G: P 257 1 51 4687 -1 -1
G: D 258 1 -1 -1 -1 -1
G: P 259 1 -1 -1 52 605
G: K 260 1 52 650 52 944
G: K 261 1 52 943 52 2023
G: K 262 1 52 2023 52 3442
G: P 263 1 52 3572 -1 -1
G: P 264 1 53 1925 -1 -1
G: D 265 1 -1 -1 -1 -1
G: P 266 1 -1 -1 54 448
G: K 267 1 54 563 54 1439
G: K 268 1 54 1432 54 2029
G: K 269 -1 54 1964 54 2801
G: P 270 -1 54 2819 -1 -1
G: D 271 -1 -1 -1 -1 -1
G: P 272 -1 -1 -1 55 599
G: K 273 -1 55 749 55 1772
G: K 274 -1 55 2152 55 3166
G: P 275 -1 55 3176 -1 -1
G: P 276 -1 -1 -1 56 3
G: K 277 -1 56 252 56 1227
G: K 278 -1 56 1244 56 2327
G: K 279 -1 56 2354 56 3791
G: K 280 -1 56 3873 56 4419
G: K 281 -1 56 4432 57 629
G: K 282 1 57 671 57 2852
G: K 283 -1 57 2848 57 3517
G: P 284 -1 57 3509 -1 -1
G: P 285 -1 -1 -1 58 858
G: K 286 -1 58 1519 58 2020
G: K 287 1 58 2351 58 3824
G: D 288 1 -1 -1 -1 -1
G: D 289 1 -1 -1 -1 -1
G: P 290 1 -1 -1 59 390
G: K 291 1 59 421 59 673
G: P 292 1 -1 -1 60 846
G: K 293 1 60 835 60 1576
G: K 294 1 60 1565 60 3218
G: P 295 -1 60 3214 -1 -1
G: P 296 -1 -1 -1 61 598
G: K 297 -1 61 655 61 1411
G: K 298 -1 61 1403 61 2831
G: K 299 -1 61 2948 61 4052
G: K 300 -1 61 4054 61 4444
G: P 301 -1 61 4563 -1 -1
G: P 302 -1 -1 -1 62 1684
G: K 303 -1 62 1886 62 2849
G: K 304 -1 62 2866 62 4105
G: P 305 -1 62 4106 -1 -1
G: D 306 -1 -1 -1 -1 -1
G: P 307 -1 -1 -1 63 266
G: K 308 -1 63 247 63 1051
G: K 309 -1 63 1176 63 2964
G: K 310 -1 63 3051 63 4239
G: K 311 -1 63 4238 64 1921
G: K 312 -1 64 1902 64 3144
G: K 501 -1 64 3149 64 4499
G: K 313 -1 64 4500 65 2087
G: K 314 1 65 2140 65 2947
G: K 315 -1 65 2953 65 3580
G: K 316 -1 65 3602 66 1496
G: K 317 -1 66 1555 66 2419
G: K 318 -1 66 2463 66 3795
G: P 319 -1 66 3818 -1 -1
G: P 320 -1 -1 -1 67 112
G: K 321 -1 67 152 67 1952
G: K 322 -1 67 1966 67 2812
G: P 323 -1 67 2828 -1 -1
G: D 324 -1 -1 -1 -1 -1
G: P 325 -1 -1 -1 68 2466
G: P 326 -1 68 3265 -1 -1
G: D 327 1 -1 -1 -1 -1
G: K 613 -1 69 253 69 445
G: K 500 -1 69 987 69 4719
G: P 328 -1 69 4720 -1 -1
G: D 329 -1 -1 -1 -1 -1
G: D 330 -1 -1 -1 -1 -1
G: P 331 -1 -1 -1 70 739
G: K 332 -1 70 751 70 1576
G: K 333 -1 70 1562 70 3863
G: P 334 -1 70 3901 -1 -1
G: D 335 -1 -1 -1 -1 -1
G: D 336 -1 -1 -1 -1 -1
G: P 337 -1 -1 -1 71 264
G: K 615 -1 71 899 71 2837
G: P 338 -1 71 2838 -1 -1
G: D 339 -1 -1 -1 -1 -1
G: D 340 -1 -1 -1 -1 -1
G: P 341 1 -1 -1 72 1028
G: K 342 1 72 1136 72 2366
G: K 343 1 72 2369 72 2795
G: K 344 -1 72 2778 73 1121
G: K 345 -1 73 1298 73 2318
G: P 346 -1 -1 -1 74 2514
G: K 347 -1 74 2523 75 925
G: K 348 -1 75 1014 75 1521
G: K 349 -1 75 1599 75 2637
G: K 350 -1 75 2640 75 3471
G: P 351 -1 75 3481 -1 -1
G: D 352 1 -1 -1 -1 -1
G: P 353 1 -1 -1 76 604
G: K 354 -1 76 755 76 1730
G: K 355 1 76 2140 76 3382
G: K 356 1 76 3381 76 4317
G: D 357 -1 -1 -1 -1 -1
G: P 358 1 -1 -1 77 296
G: K 359 1 77 298 77 799
G: K 360 -1 77 795 77 1122
G: K 361 1 77 1270 77 1690
G: K 362 -1 77 1692 77 3912
G: P 363 -1 77 4065 -1 -1
G: D 364 -1 -1 -1 -1 -1
G: K 365 1 78 421 78 1030
G: K 366 1 78 1007 78 1940
G: K 367 -1 78 1929 78 3165
G: K 368 1 78 3284 78 3773
G: P 369 1 78 3795 -1 -1
G: D 370 1 -1 -1 -1 -1
G: D 371 -1 -1 -1 -1 -1
G: D 372 1 -1 -1 -1 -1
G: P 373 1 -1 -1 79 601
G: K 374 1 79 602 79 2639
G: K 375 -1 79 2662 79 3454
G: P 376 -1 79 3443 -1 -1
G: P 377 -1 -1 -1 80 281
G: K 378 -1 80 349 80 1303
G: K 379 -1 80 1289 80 2264
G: K 380 -1 80 2256 80 3435
G: K 381 -1 80 3418 80 4267
G: P 382 -1 80 4267 -1 -1
G: D 383 -1 -1 -1 -1 -1
G: P 384 -1 -1 -1 81 14
G: K 385 -1 81 19 81 601
G: K 386 -1 81 647 81 2261
G: P 387 1 81 2289 -1 -1
G: D 388 1 -1 -1 -1 -1
G: D 389 1 -1 -1 -1 -1
G: P 502 -1 -1 -1 82 409
G: K 390 1 82 410 82 1058
G: K 391 -1 82 1054 82 1816
G: K 392 -1 82 1808 82 3110
G: K 393 -1 82 3109 82 3571
G: P 394 -1 82 3741 -1 -1
G: P 395 -1 -1 -1 83 3435
G: P 396 -1 83 3721 -1 -1
G: D 397 -1 -1 -1 -1 -1
G: D 398 -1 -1 -1 -1 -1
G: P 399 -1 -1 -1 84 1173
G: K 400 -1 84 1280 84 2624
G: P 401 -1 84 2640 -1 -1
G: D 402 -1 -1 -1 -1 -1
G: P 403 -1 -1 -1 85 8
G: K 404 -1 85 17 85 1607
G: K 405 -1 85 1977 85 2439
G: P 406 -1 85 2439 -1 -1
G: D 407 -1 -1 -1 -1 -1
G: P 408 -1 -1 -1 86 803
G: K 409 -1 86 804 86 1650
G: K 410 -1 86 1649 86 3206
G: K 411 -1 86 3221 86 3758
G: P 412 -1 86 3750 -1 -1
G: D 413 -1 -1 -1 -1 -1
G: P 414 -1 -1 -1 87 350
G: K 415 -1 87 312 87 777
G: K 416 -1 87 782 87 2159
G: K 417 1 87 2225 87 2699
G: K 418 -1 87 2695 87 3412
G: P 419 -1 87 3414 -1 -1
G: P 420 -1 -1 -1 88 966
G: K 421 -1 88 965 88 2108
G: P 422 -1 88 2228 -1 -1
G: P 423 -1 -1 -1 89 1682
G: K 424 -1 89 1737 89 2136
G: K 425 -1 89 2141 89 2585
G: P 426 -1 89 2622 -1 -1
G: P 427 -1 -1 -1 90 1963
G: P 428 -1 90 1934 -1 -1
G: P 429 -1 -1 -1 91 285
G: K 430 -1 91 287 91 548
G: K 431 1 91 736 91 2092
G: K 432 1 91 2114 91 2318
G: K 433 1 91 2353 91 2782
G: K 434 1 91 2892 91 3417
G: P 435 -1 91 3413 -1 -1
G: P 436 -1 -1 -1 92 1059
G: K 437 -1 92 1051 92 1783
G: K 438 -1 92 1842 92 3063
G: P 439 1 92 3148 -1 -1
G: D 440 1 -1 -1 -1 -1
G: D 441 1 -1 -1 -1 -1
G: P 442 1 -1 -1 93 1045
G: K 443 1 93 1064 93 2216
G: K 444 -1 93 2620 93 3448
G: P 445 -1 93 3447 -1 -1
G: D 446 -1 -1 -1 -1 -1
G: P 447 -1 -1 -1 94 27
G: P 448 -1 -1 -1 94 1186
G: K 449 -1 94 1201 94 1570
G: K 450 -1 94 1553 94 2261
G: K 451 -1 94 2260 94 2554
G: K 452 -1 94 3164 95 123
G: K 453 -1 95 123 95 582
G: K 454 -1 95 1240 95 2125
G: K 455 -1 95 2124 95 3306
G: K 456 1 95 3358 95 4144
G: P 457 1 95 4128 -1 -1
G: D 458 -1 -1 -1 -1 -1
G: D 459 1 -1 -1 -1 -1
G: P 460 -1 -1 -1 96 746
G: K 461 -1 96 1298 96 3425
G: P 462 -1 96 3602 -1 -1
G: D 463 -1 -1 -1 -1 -1
G: P 464 1 -1 -1 97 47
G: K 465 -1 97 43 97 1324
G: K 466 -1 97 1304 97 2783
G: K 467 -1 97 2769 97 3558
G: P 468 -1 97 3550 -1 -1
G: D 469 -1 -1 -1 -1 -1
G: D 470 -1 -1 -1 -1 -1
G: D 471 -1 -1 -1 -1 -1
G: D 472 -1 -1 -1 -1 -1
G: P 473 -1 -1 -1 99 326
G: K 474 -1 99 388 99 1741
G: K 475 -1 99 2383 99 3205
G: P 504 1 99 3230 -1 -1
