The input genome is 600834 bp long, 420583 will be kept.
min distance 178
----------------------------------------
fragments: id start end
F: 0 1467 5378
F: 1 7312 12231
F: 2 14383 18640
F: 3 20597 24867
F: 4 26805 31147
F: 5 32893 38037
F: 6 39771 43304
F: 7 45196 48713
F: 8 50728 54447
F: 9 56081 59777
F: 10 61604 67030
F: 11 68614 72302
F: 12 74007 77815
F: 13 79246 83340
F: 14 85291 90133
F: 15 91643 96216
F: 16 98533 103205
F: 17 104516 108336
F: 18 110121 114752
F: 19 116972 120972
F: 20 122587 126649
F: 21 128350 131790
F: 22 133116 137527
F: 23 139855 143680
F: 24 145221 148855
F: 25 150289 154450
F: 26 155707 159420
F: 27 160868 164478
F: 28 167001 171927
F: 29 174014 179083
F: 30 181325 185002
F: 31 186832 191240
F: 32 193086 197041
F: 33 199321 202809
F: 34 204174 208978
F: 35 210739 215214
F: 36 216920 221299
F: 37 223380 228008
F: 38 229543 233227
F: 39 234673 238287
F: 40 241291 245468
F: 41 247425 251420
F: 42 253475 257540
F: 43 259528 263861
F: 44 265862 269985
F: 45 271741 276129
F: 46 277757 282421
F: 47 284382 289019
F: 48 290625 295019
F: 49 297148 301182
F: 50 303068 306767
F: 51 308123 313217
F: 52 314889 319721
F: 53 321761 325896
F: 54 327639 331714
F: 55 333325 337502
F: 56 339107 344706
F: 57 345901 349431
F: 58 351144 355186
F: 59 356781 361391
F: 60 362717 366266
F: 61 368488 373251
F: 62 375502 380463
F: 63 382423 386765
F: 64 388288 392980
F: 65 394440 398776
F: 66 399934 403867
F: 67 405733 409000
F: 68 410809 414649
F: 69 416591 421483
F: 70 423488 428587
F: 71 430506 434716
F: 72 436672 440101
F: 73 442372 446648
F: 74 448571 452320
F: 75 454388 459491
F: 76 461182 465676
F: 77 466702 471162
F: 78 473273 477431
F: 79 479070 483193
F: 80 484917 489616
F: 81 492033 496137
F: 82 498537 502686
F: 83 504345 508861
F: 84 510538 514686
F: 85 516593 520227
F: 86 521792 525662
F: 87 527122 531191
F: 88 532589 536934
F: 89 538342 542080
F: 90 543835 548130
F: 91 549821 553709
F: 92 555503 559223
F: 93 560974 564681
F: 94 566741 570052
F: 95 571471 575879
F: 96 578383 582460
F: 97 584095 588605
F: 98 590631 594502
F: 99 596236 600656
----------------------------------------
genes: [Kept,Partial,Discared] locus strand fragment1 start_pos fragment2 end_pos 
G: P 0 1 -1 -1 0 376
G: K 1 1 0 375 0 1317
G: K 2 1 0 1401 0 3441
G: K 3 1 0 3455 1 235
G: K 4 1 1 209 1 1478
G: K 5 1 1 1481 1 2120
G: K 6 1 1 2092 1 2857
G: K 7 1 1 2859 1 4209
G: P 8 1 1 4208 -1 -1
G: D 9 1 -1 -1 -1 -1
G: D 10 -1 -1 -1 -1 -1
G: P 11 -1 -1 -1 2 343
G: K 12 -1 2 308 2 1133
G: K 13 1 2 1471 2 3343
G: P 14 1 2 3389 -1 -1
G: P 15 1 -1 -1 3 2131
G: K 16 1 3 2172 3 3366
G: P 17 1 3 3346 -1 -1
G: D 18 1 -1 -1 -1 -1
G: P 19 1 -1 -1 4 139
G: K 20 1 4 144 4 1059
G: K 21 1 4 1059 4 2166
G: K 22 1 4 2368 4 3280
G: K 23 1 4 3283 4 3859
G: K 24 1 4 3824 4 4286
G: P 25 1 4 4285 -1 -1
G: D 26 -1 -1 -1 -1 -1
G: P 27 -1 -1 -1 5 14
G: K 28 -1 5 47 5 4445
G: P 29 1 5 4707 -1 -1
G: K 30 1 6 39 6 816
G: K 31 -1 6 784 6 1447
G: K 32 1 6 1475 6 2750
G: P 33 1 6 2739 -1 -1
G: P 34 1 -1 -1 7 397
G: K 35 -1 7 393 7 1935
G: K 36 -1 7 1919 7 3092
G: P 37 1 7 3250 -1 -1
G: D 38 1 -1 -1 -1 -1
G: K 39 1 8 17 8 1727
G: K 40 1 8 1731 8 2592
G: K 41 1 8 2572 8 3439
G: P 42 1 8 3423 -1 -1
G: P 43 1 -1 -1 9 498
G: K 44 1 9 481 9 1633
G: K 45 -1 9 1862 9 3263
G: P 46 1 9 3315 -1 -1
G: D 47 1 -1 -1 -1 -1
G: P 48 1 -1 -1 10 445
G: K 49 1 10 453 10 852
G: K 50 1 10 851 10 2552
G: K 51 -1 10 2528 10 3494
G: K 52 -1 10 3497 10 3887
G: K 53 -1 10 3893 10 4040
G: K 54 -1 10 4053 10 4452
G: K 55 -1 10 4435 10 5290
G: P 56 -1 10 5271 -1 -1
G: D 57 -1 -1 -1 -1 -1
G: P 58 -1 -1 -1 11 250
G: K 59 1 11 256 11 1165
G: K 60 -1 11 1143 11 2850
G: P 61 1 11 3154 -1 -1
G: P 62 1 -1 -1 12 741
G: P 63 1 12 996 -1 -1
G: P 64 1 -1 -1 13 1258
G: K 65 1 13 1261 13 3223
G: P 66 1 13 3233 -1 -1
G: P 67 1 -1 -1 14 211
G: K 68 1 14 4394 15 793
G: K 69 1 15 903 15 1773
G: K 70 1 15 1777 15 4456
G: P 71 1 15 4442 -1 -1
G: P 72 1 -1 -1 16 1948
G: K 73 1 16 1950 16 2364
G: P 74 1 16 2427 -1 -1
G: D 75 -1 -1 -1 -1 -1
G: K 76 1 17 195 17 1449
G: K 77 1 17 1441 17 2578
G: K 78 1 17 2579 17 3788
G: K 79 1 17 3787 18 786
G: K 80 1 18 841 18 1279
G: K 81 1 18 1278 18 1965
G: K 82 1 18 1964 18 2528
G: K 83 1 18 2520 18 3396
G: K 84 1 18 3396 18 4350
G: P 85 1 18 4342 -1 -1
G: D 86 1 -1 -1 -1 -1
G: D 87 1 -1 -1 -1 -1
G: P 88 1 -1 -1 19 1657
G: K 89 1 19 1708 19 2368
G: K 90 1 19 2368 19 2872
G: K 91 1 19 2861 19 3179
G: K 92 1 19 3181 19 3631
G: P 93 1 19 3614 -1 -1
G: P 94 1 -1 -1 20 618
G: K 95 1 20 801 20 2784
G: K 96 1 20 2840 20 3581
G: P 97 1 20 3680 -1 -1
G: P 98 1 -1 -1 21 865
G: K 99 1 21 860 21 2285
G: K 100 1 21 2259 21 2934
G: P 101 1 21 2923 -1 -1
G: D 102 1 -1 -1 -1 -1
G: P 103 1 -1 -1 22 213
G: K 104 1 22 215 22 2411
G: K 105 1 22 2418 22 3054
G: K 106 -1 22 3028 22 3616
G: K 107 1 22 3656 22 4223
G: P 108 1 22 4222 -1 -1
G: D 109 1 -1 -1 -1 -1
G: P 110 1 -1 -1 23 267
G: K 111 1 23 281 23 1592
G: K 112 1 23 1581 23 2208
G: K 113 1 23 2221 23 3601
G: P 114 1 23 3536 -1 -1
G: D 577 -1 -1 -1 -1 -1
G: D 115 1 -1 -1 -1 -1
G: P 116 1 -1 -1 24 404
G: K 117 1 24 396 24 1053
G: K 118 1 24 1033 24 2083
G: P 119 1 24 2097 -1 -1
G: D 845 1 -1 -1 -1 -1
G: P 120 1 -1 -1 25 1010
G: K 121 1 25 1012 25 1933
G: K 122 1 25 1972 25 4150
G: K 123 1 25 4124 26 167
G: K 124 1 26 213 26 525
G: K 125 1 26 530 26 1400
G: K 126 -1 26 1377 26 2451
G: K 127 1 26 2486 26 2939
G: P 128 1 26 2946 -1 -1
G: D 129 1 -1 -1 -1 -1
G: P 130 1 -1 -1 27 422
G: K 131 -1 27 982 27 1411
G: K 132 -1 27 1385 27 2210
G: K 133 1 27 2229 27 2535
G: K 134 -1 27 2503 27 3382
G: P 135 1 27 3430 -1 -1
G: D 136 1 -1 -1 -1 -1
G: P 137 1 -1 -1 28 1836
G: K 138 1 28 1919 28 3683
G: P 844 -1 28 3754 -1 -1
G: D 717 -1 -1 -1 -1 -1
G: P 139 1 -1 -1 30 3215
G: P 140 1 30 3219 -1 -1
G: D 141 1 -1 -1 -1 -1
G: P 142 1 -1 -1 31 1465
G: K 143 1 31 1448 31 1796
G: K 144 1 31 1820 31 2672
G: K 145 1 31 2671 31 3517
G: P 146 1 31 3529 -1 -1
G: D 147 1 -1 -1 -1 -1
G: P 148 1 -1 -1 32 995
G: K 149 1 32 1070 32 1928
G: P 495 1 32 1966 -1 -1
G: D 150 1 -1 -1 -1 -1
G: D 151 1 -1 -1 -1 -1
G: D 152 1 -1 -1 -1 -1
G: P 153 1 -1 -1 33 623
G: K 154 1 33 626 33 947
G: K 155 1 33 946 33 1804
G: K 156 1 33 1803 33 2079
G: K 157 1 33 2081 33 2513
G: K 158 1 33 2515 33 3343
G: P 159 1 33 3348 -1 -1
G: D 160 1 -1 -1 -1 -1
G: D 161 1 -1 -1 -1 -1
G: P 162 1 -1 -1 34 155
G: K 163 1 34 154 34 490
G: K 164 1 34 495 34 1029
G: K 165 1 34 1031 34 1217
G: K 166 1 34 1210 34 1648
G: K 167 1 34 1654 34 2218
G: K 168 1 34 2219 34 2567
G: K 169 1 34 2571 34 3228
G: K 170 1 34 3233 34 3680
G: P 171 1 34 3679 -1 -1
G: D 172 1 -1 -1 -1 -1
G: D 173 1 -1 -1 -1 -1
G: P 174 1 -1 -1 35 204
G: K 175 1 35 214 35 328
G: K 176 1 35 327 35 708
G: K 177 1 35 707 35 1076
G: K 178 1 35 1091 35 2096
G: K 499 -1 35 2107 35 2797
G: K 179 1 35 2798 35 3173
G: K 180 1 35 3156 35 4002
G: P 181 1 35 3986 -1 -1
G: D 182 1 -1 -1 -1 -1
G: P 183 1 -1 -1 36 738
G: K 184 1 36 727 36 2581
G: K 185 1 36 2581 36 3547
G: P 186 1 36 3646 -1 -1
G: K 187 1 37 1827 37 2586
G: K 188 1 37 2578 37 4339
G: P 189 1 37 4341 -1 -1
G: P 190 1 -1 -1 38 150
G: K 191 1 38 318 38 1290
G: K 192 1 38 1296 39 561
G: P 193 1 39 562 -1 -1
G: K 194 1 40 89 40 1124
G: K 195 1 40 1127 40 3548
G: K 196 1 40 3606 40 4152
G: P 197 1 40 4154 -1 -1
G: D 198 1 -1 -1 -1 -1
G: P 199 1 -1 -1 41 1135
G: K 200 1 41 1146 41 1809
G: K 201 1 41 1818 41 2187
G: P 202 1 41 2314 -1 -1
G: P 203 1 -1 -1 42 589
G: K 204 -1 42 585 42 1617
G: K 205 1 42 1652 42 3509
G: K 206 1 42 3489 42 4008
G: P 207 -1 42 4000 -1 -1
G: D 208 -1 -1 -1 -1 -1
G: P 209 -1 -1 -1 43 32
G: K 210 1 43 232 43 898
G: K 211 1 43 897 43 1086
G: K 212 1 43 1087 43 1528
G: K 213 1 43 1530 43 1884
G: K 214 1 43 1876 43 2689
G: K 215 1 43 2681 43 4085
G: P 216 1 43 4068 -1 -1
G: D 217 1 -1 -1 -1 -1
G: P 218 1 -1 -1 44 949
G: K 846 -1 44 1867 44 2344
G: K 219 1 44 2345 44 3461
G: K 220 1 44 3478 45 3116
G: K 221 1 45 3118 45 4159
G: P 222 1 45 4121 -1 -1
G: D 223 -1 -1 -1 -1 -1
G: D 224 1 -1 -1 -1 -1
G: P 225 1 -1 -1 46 543
G: K 226 1 46 544 46 1807
G: K 227 1 46 1809 46 2949
G: K 228 1 46 2994 46 4473
G: P 229 1 46 4441 -1 -1
G: P 230 1 -1 -1 47 627
G: K 231 1 47 629 47 1106
G: K 232 1 47 1111 47 2134
G: K 233 1 47 2137 47 2620
G: K 843 -1 47 2636 47 3998
G: P 718 1 47 3999 -1 -1
G: P 234 1 -1 -1 48 1147
G: K 235 1 48 1239 48 1536
G: K 236 1 48 1531 48 1816
G: K 237 1 48 1808 48 2132
G: K 238 1 48 2124 48 3018
G: K 239 1 48 3007 48 3430
G: K 240 1 48 3422 48 4307
G: P 241 1 48 4336 -1 -1
G: P 242 1 -1 -1 49 1631
G: K 243 -1 49 1627 49 2683
G: P 244 1 49 2735 -1 -1
G: P 245 1 -1 -1 50 606
G: K 246 1 50 1294 50 3433
G: P 247 1 50 3435 -1 -1
G: D 248 1 -1 -1 -1 -1
G: P 249 -1 -1 -1 51 437
G: K 250 -1 51 423 51 1086
G: K 251 -1 51 1069 51 2575
G: K 252 -1 51 2619 51 4506
G: P 253 -1 51 4495 -1 -1
G: D 254 -1 -1 -1 -1 -1
G: P 255 -1 -1 -1 52 1149
G: K 256 -1 52 1153 52 3199
G: K 257 1 52 3374 52 4523
G: P 258 1 52 4626 -1 -1
G: D 259 1 -1 -1 -1 -1
G: D 260 1 -1 -1 -1 -1
G: P 261 1 -1 -1 53 565
G: K 262 1 53 565 53 1939
G: P 263 1 53 2069 -1 -1
G: P 264 1 54 1417 -1 -1
G: D 265 1 -1 -1 -1 -1
G: P 266 1 -1 -1 55 158
G: K 267 1 55 273 55 1173
G: K 268 1 55 1166 55 1799
G: K 269 -1 55 1728 55 2568
G: P 270 -1 55 2586 -1 -1
G: D 271 -1 -1 -1 -1 -1
G: P 272 -1 -1 -1 56 290
G: K 273 -1 56 440 56 1475
G: K 274 -1 56 1855 56 2872
G: K 275 -1 56 2882 56 4286
G: K 276 -1 56 4289 56 5486
G: D 277 -1 -1 -1 -1 -1
G: P 278 -1 -1 -1 57 1049
G: K 279 -1 57 1076 57 2507
G: K 280 -1 57 2589 57 3126
G: K 281 -1 57 3139 58 833
G: K 282 1 58 875 58 3083
G: K 283 -1 58 3079 58 3766
G: P 284 -1 58 3755 -1 -1
G: P 285 -1 -1 -1 59 695
G: K 579 1 59 839 59 1118
G: K 286 -1 59 1635 59 2130
G: K 287 1 59 2461 59 3931
G: K 288 1 59 4151 59 4559
G: P 289 1 59 4515 -1 -1
G: P 290 1 -1 -1 60 267
G: K 291 1 60 298 60 559
G: P 292 1 -1 -1 61 826
G: K 293 1 61 815 61 1595
G: K 294 1 61 1584 61 3240
G: K 295 -1 61 3236 61 3659
G: P 296 -1 61 3658 -1 -1
G: P 297 -1 -1 -1 62 208
G: K 298 -1 62 200 62 1649
G: K 299 -1 62 1766 62 2915
G: K 300 -1 62 2917 62 3310
G: K 301 -1 62 3429 62 4524
G: K 302 -1 62 4530 63 642
G: K 303 -1 63 844 63 1843
G: K 304 -1 63 1860 63 3123
G: K 305 -1 63 3124 63 4150
G: P 306 -1 63 4180 -1 -1
G: P 307 -1 -1 -1 64 339
G: K 309 -1 64 464 64 2279
G: K 310 -1 64 2366 64 3551
G: K 311 -1 64 3550 65 950
G: K 312 -1 65 934 65 2179
G: K 313 -1 65 2185 66 450
G: K 314 1 66 503 66 1322
G: K 315 -1 66 1328 66 1943
G: P 316 -1 66 1965 -1 -1
G: P 317 -1 -1 -1 67 533
G: K 318 -1 67 574 67 1906
G: K 319 -1 67 1929 67 2844
G: P 320 -1 67 2761 -1 -1
G: P 321 -1 -1 -1 68 704
G: K 322 -1 68 718 68 1564
G: K 323 -1 68 1580 68 2114
G: K 324 -1 68 2217 68 3129
G: K 325 -1 68 3449 69 499
G: K 326 -1 69 1298 69 2975
G: K 327 1 69 3031 69 3730
G: P 328 -1 69 4565 -1 -1
G: D 329 -1 -1 -1 -1 -1
G: D 330 -1 -1 -1 -1 -1
G: P 331 -1 -1 -1 70 615
G: K 332 -1 70 627 70 1446
G: K 333 -1 70 1435 70 3736
G: P 334 -1 70 3774 -1 -1
G: D 335 -1 -1 -1 -1 -1
G: D 336 -1 -1 -1 -1 -1
G: P 337 -1 -1 -1 71 171
G: K 338 -1 71 807 71 3348
G: K 339 -1 71 3337 71 3919
G: K 340 -1 71 3926 71 4151
G: P 341 1 71 4209 -1 -1
G: P 342 1 -1 -1 72 482
G: K 498 1 72 484 72 1774
G: K 343 1 72 1775 72 2183
G: K 344 -1 72 2169 73 321
G: K 345 -1 73 498 73 1527
G: K 497 -1 73 1985 73 2762
G: P 346 -1 -1 -1 74 2478
G: K 347 -1 74 2487 75 930
G: K 348 -1 75 1019 75 1523
G: K 349 -1 75 1601 75 2648
G: K 350 -1 75 2651 75 3482
G: P 351 -1 75 3492 -1 -1
G: D 352 1 -1 -1 -1 -1
G: P 353 1 -1 -1 76 568
G: K 354 -1 76 719 76 1688
G: K 355 1 76 2098 76 3325
G: K 356 1 76 3324 76 4266
G: P 357 -1 76 4483 -1 -1
G: P 358 1 -1 -1 77 264
G: K 359 1 77 266 77 776
G: K 360 -1 77 772 77 1108
G: K 361 1 77 1256 77 1688
G: K 362 -1 77 1690 77 3847
G: P 363 -1 77 4000 -1 -1
G: D 364 -1 -1 -1 -1 -1
G: K 365 1 78 330 78 960
G: K 366 1 78 934 78 1867
G: K 367 -1 78 1853 78 3125
G: K 368 1 78 3244 78 3742
G: K 369 1 78 3764 78 4133
G: P 370 1 78 4135 -1 -1
G: D 371 -1 -1 -1 -1 -1
G: D 372 1 -1 -1 -1 -1
G: P 373 1 -1 -1 79 468
G: K 374 1 79 469 79 2509
G: K 375 -1 79 2532 79 3339
G: P 376 -1 79 3328 -1 -1
G: P 377 -1 -1 -1 80 195
G: K 378 -1 80 263 80 1253
G: K 379 -1 80 1239 80 2244
G: K 380 -1 80 2236 80 3427
G: K 381 -1 80 3413 80 4265
G: P 382 -1 80 4265 -1 -1
G: D 383 -1 -1 -1 -1 -1
G: P 384 -1 -1 -1 81 11
G: K 385 -1 81 16 81 607
G: K 386 -1 81 653 81 2309
G: P 387 1 81 2337 -1 -1
G: D 388 1 -1 -1 -1 -1
G: D 389 1 -1 -1 -1 -1
G: P 390 1 -1 -1 82 25
G: K 391 -1 82 21 82 777
G: K 392 -1 82 769 82 2071
G: K 393 -1 82 2070 82 2520
G: K 394 -1 82 2690 82 3407
G: K 395 -1 82 3409 83 2596
G: K 719 1 83 2881 83 4393
G: P 396 -1 83 4394 -1 -1
G: D 397 -1 -1 -1 -1 -1
G: D 398 -1 -1 -1 -1 -1
G: P 399 -1 -1 -1 84 1939
G: K 578 -1 84 2045 84 2294
G: K 400 -1 84 2295 84 3624
G: P 401 -1 84 3640 -1 -1
G: D 402 -1 -1 -1 -1 -1
G: P 403 -1 -1 -1 85 959
G: K 404 -1 85 968 85 2540
G: K 405 -1 85 2910 85 3375
G: P 406 -1 85 3375 -1 -1
G: P 407 -1 -1 -1 86 295
G: K 408 -1 86 296 86 1730
G: K 409 -1 86 1731 86 2589
G: P 410 -1 86 2588 -1 -1
G: D 411 -1 -1 -1 -1 -1
G: P 412 -1 -1 -1 87 43
G: K 413 -1 87 45 87 366
G: K 414 -1 87 368 87 1262
G: K 415 -1 87 1224 87 1689
G: K 416 -1 87 1694 87 3101
G: K 417 1 87 3167 87 3641
G: P 418 -1 87 3637 -1 -1
G: D 419 -1 -1 -1 -1 -1
G: P 420 -1 -1 -1 88 1828
G: K 421 -1 88 1827 88 3003
G: K 422 -1 88 3123 89 571
G: K 423 -1 89 635 89 2654
G: K 424 -1 89 2709 89 3108
G: K 425 -1 89 3113 89 3551
G: P 426 -1 89 3588 -1 -1
G: P 496 -1 -1 -1 90 169
G: K 427 -1 90 170 90 3071
G: P 428 -1 90 3042 -1 -1
G: P 429 -1 -1 -1 91 1356
G: K 430 -1 91 1358 91 1628
G: K 431 1 91 1816 91 3184
G: K 432 1 91 3206 91 3407
G: K 433 1 91 3442 91 3880
G: D 434 1 -1 -1 -1 -1
G: P 435 -1 -1 -1 92 578
G: K 436 -1 92 581 92 2174
G: K 437 -1 92 2166 92 2904
G: P 438 -1 92 2963 -1 -1
G: D 439 1 -1 -1 -1 -1
G: P 440 1 -1 -1 93 428
G: K 441 1 93 427 93 988
G: K 442 1 93 988 93 2191
G: K 443 1 93 2210 93 3362
G: D 444 -1 -1 -1 -1 -1
G: D 445 -1 -1 -1 -1 -1
G: P 446 -1 -1 -1 94 240
G: K 447 -1 94 410 94 1223
G: K 448 -1 94 1194 94 2421
G: K 449 -1 94 2436 94 2796
G: P 450 -1 94 2779 -1 -1
G: D 451 -1 -1 -1 -1 -1
G: P 452 -1 -1 -1 95 1343
G: K 453 -1 95 1343 95 1814
G: K 454 -1 95 2472 95 3360
G: P 455 -1 95 3359 -1 -1
G: D 456 1 -1 -1 -1 -1
G: D 457 1 -1 -1 -1 -1
G: D 458 -1 -1 -1 -1 -1
G: P 459 1 -1 -1 96 1003
G: K 460 -1 96 992 96 2015
G: P 461 -1 96 2567 -1 -1
G: D 462 -1 -1 -1 -1 -1
G: P 463 -1 -1 -1 97 297
G: K 464 1 97 469 97 1426
G: K 465 -1 97 1422 97 2718
G: K 466 -1 97 2698 97 4153
G: P 467 -1 97 4139 -1 -1
G: D 468 -1 -1 -1 -1 -1
G: D 469 -1 -1 -1 -1 -1
G: P 470 -1 -1 -1 98 48
G: K 471 -1 98 73 98 1021
G: K 472 -1 98 1024 99 795
G: K 473 -1 99 800 99 1682
G: K 474 -1 99 1744 99 3076
G: P 475 -1 99 3718 -1 -1
