The input genome is 615865 bp long, 431105 will be kept.
min distance 182
----------------------------------------
fragments: id start end
F: 0 1491 5440
F: 1 7630 12636
F: 2 14506 19008
F: 3 21051 25489
F: 4 27353 31806
F: 5 33595 38792
F: 6 40651 44209
F: 7 46176 49738
F: 8 51770 55576
F: 9 57284 61019
F: 10 63090 68635
F: 11 70007 73961
F: 12 76001 80039
F: 13 81839 85949
F: 14 87715 92831
F: 15 94415 98988
F: 16 101579 106281
F: 17 107564 111472
F: 18 113157 118043
F: 19 120324 124454
F: 20 126060 130152
F: 21 132128 135599
F: 22 136928 141470
F: 23 143696 147625
F: 24 149123 152871
F: 25 154554 158817
F: 26 159971 163759
F: 27 165116 168821
F: 28 171268 176384
F: 29 178467 183580
F: 30 186063 189783
F: 31 191726 196134
F: 32 198010 202092
F: 33 204319 207948
F: 34 209315 214213
F: 35 216038 220604
F: 36 222565 226977
F: 37 229248 233886
F: 38 235534 239318
F: 39 240726 244479
F: 40 247541 251876
F: 41 253863 257953
F: 42 260209 264282
F: 43 266248 270846
F: 44 272846 277042
F: 45 278845 283270
F: 46 284881 289767
F: 47 291321 296351
F: 48 298051 302611
F: 49 304761 308910
F: 50 310631 314559
F: 51 316058 321272
F: 52 323195 328107
F: 53 330110 334381
F: 54 336190 340374
F: 55 342128 346463
F: 56 348406 354005
F: 57 355325 358899
F: 58 360731 364773
F: 59 366555 371165
F: 60 372413 376171
F: 61 378409 383368
F: 62 385831 390819
F: 63 392780 397210
F: 64 398935 403627
F: 65 404989 409538
F: 66 410827 414760
F: 67 416577 419844
F: 68 421422 425521
F: 69 427536 432511
F: 70 434377 439688
F: 71 441703 445956
F: 72 448023 451543
F: 73 453853 458160
F: 74 459879 463859
F: 75 465984 471146
F: 76 473002 477496
F: 77 478701 483271
F: 78 485330 489504
F: 79 491404 495564
F: 80 497050 501991
F: 81 504186 508511
F: 82 511113 515262
F: 83 516952 521561
F: 84 523385 527596
F: 85 529481 533181
F: 86 534769 538823
F: 87 540432 544511
F: 88 545905 550370
F: 89 551726 555576
F: 90 557082 561685
F: 91 563330 567276
F: 92 569286 573006
F: 93 574915 578809
F: 94 580889 584388
F: 95 586046 590465
F: 96 592888 597162
F: 97 598909 603465
F: 98 605515 609468
F: 99 611242 615683
----------------------------------------
genes: [Kept,Partial,Discared] locus strand fragment1 start_pos fragment2 end_pos 
G: P 0 1 -1 -1 0 343
G: K 1 1 0 342 0 1296
G: K 2 1 0 1380 0 3363
G: P 3 1 0 3377 -1 -1
G: P 4 1 -1 -1 1 1049
G: K 5 1 1 1052 1 1703
G: K 6 1 1 1675 1 2446
G: K 783 -1 1 2447 1 3998
G: P 7 1 1 3999 -1 -1
G: D 8 1 -1 -1 -1 -1
G: D 9 1 -1 -1 -1 -1
G: P 11 -1 -1 -1 2 847
G: K 12 -1 2 800 2 1640
G: K 13 1 2 1978 2 3862
G: P 14 1 2 3908 -1 -1
G: P 15 1 -1 -1 3 2340
G: K 16 1 3 2381 3 3572
G: P 17 1 3 3552 -1 -1
G: D 18 1 -1 -1 -1 -1
G: P 19 1 -1 -1 4 233
G: K 20 1 4 238 4 1123
G: K 21 1 4 1123 4 2272
G: K 22 1 4 2474 4 3371
G: K 23 1 4 3374 4 3959
G: K 24 1 4 3933 4 4389
G: P 25 1 4 4388 -1 -1
G: D 26 -1 -1 -1 -1 -1
G: D 27 -1 -1 -1 -1 -1
G: P 28 -1 -1 -1 5 4430
G: P 29 1 5 4692 -1 -1
G: P 30 1 -1 -1 6 656
G: K 31 -1 6 621 6 1278
G: K 480 -1 6 1305 6 1908
G: K 884 -1 6 1908 6 2895
G: P 32 1 6 2896 -1 -1
G: P 33 1 -1 -1 7 321
G: K 34 1 7 287 7 1709
G: K 35 -1 7 1705 7 3265
G: P 36 -1 7 3255 -1 -1
G: P 37 1 -1 -1 8 840
G: K 38 1 8 860 8 1139
G: K 39 1 8 1336 8 3037
G: P 40 1 8 3041 -1 -1
G: D 41 1 -1 -1 -1 -1
G: P 42 1 -1 -1 9 695
G: K 43 1 9 696 9 1650
G: K 44 1 9 1636 9 2860
G: P 45 -1 9 3089 -1 -1
G: D 46 1 -1 -1 -1 -1
G: P 47 1 -1 -1 10 107
G: K 48 1 10 93 10 1410
G: K 49 1 10 1418 10 1823
G: K 50 1 10 1822 10 3538
G: K 51 -1 10 3514 10 4495
G: K 52 -1 10 4498 10 4867
G: K 53 -1 10 4873 10 5014
G: K 54 -1 10 5027 10 5411
G: P 55 -1 10 5400 -1 -1
G: D 56 -1 -1 -1 -1 -1
G: P 57 -1 -1 -1 11 842
G: K 58 -1 11 822 11 1293
G: K 59 1 11 1299 11 2193
G: K 60 -1 11 2171 11 3878
G: D 546 1 -1 -1 -1 -1
G: P 61 1 -1 -1 12 642
G: K 62 1 12 595 12 1534
G: K 63 1 12 1789 13 1
G: K 64 1 13 0 13 1416
G: K 65 1 13 1419 13 3405
G: P 66 1 13 3415 -1 -1
G: P 67 1 -1 -1 14 619
G: K 68 1 14 4802 15 907
G: K 69 1 15 1017 15 1899
G: P 70 1 15 1903 -1 -1
G: D 71 1 -1 -1 -1 -1
G: P 72 1 -1 -1 16 1944
G: K 73 1 16 1946 16 2390
G: P 74 1 16 2453 -1 -1
G: P 75 -1 -1 -1 17 46
G: K 76 1 17 279 17 1545
G: K 77 1 17 1537 17 2686
G: P 78 1 17 2687 -1 -1
G: P 79 1 -1 -1 18 966
G: K 80 1 18 1021 18 1447
G: K 81 1 18 1446 18 2127
G: K 82 1 18 2126 18 2702
G: K 83 1 18 2694 18 3615
G: K 84 1 18 3615 18 4578
G: P 85 1 18 4567 -1 -1
G: D 886 1 -1 -1 -1 -1
G: D 86 1 -1 -1 -1 -1
G: P 87 1 -1 -1 19 459
G: K 88 1 19 468 19 2568
G: K 943 1 19 2618 19 3983
G: P 89 1 19 3984 -1 -1
G: D 90 1 -1 -1 -1 -1
G: D 91 1 -1 -1 -1 -1
G: P 92 1 -1 -1 20 162
G: K 93 1 20 145 20 1582
G: K 94 1 20 1585 20 2815
G: P 95 1 20 2998 -1 -1
G: D 96 1 -1 -1 -1 -1
G: P 97 1 -1 -1 21 1309
G: K 98 1 21 1311 21 2859
G: P 99 1 21 2848 -1 -1
G: P 100 1 -1 -1 22 197
G: K 101 1 22 189 22 1161
G: K 102 1 22 1150 22 1996
G: K 103 1 22 2017 22 2260
G: K 104 1 22 2262 22 4509
G: P 105 1 22 4516 -1 -1
G: D 106 -1 -1 -1 -1 -1
G: P 482 -1 -1 -1 23 137
G: K 107 1 23 138 23 720
G: K 108 1 23 719 23 1508
G: K 109 1 23 1489 23 2716
G: K 110 1 23 2702 23 3554
G: P 941 -1 23 3566 -1 -1
G: P 545 -1 -1 -1 24 165
G: K 784 1 24 165 24 840
G: K 785 1 24 840 24 2733
G: P 111 1 24 2734 -1 -1
G: D 112 1 -1 -1 -1 -1
G: P 113 1 -1 -1 25 701
G: K 114 1 25 633 25 1401
G: K 115 1 25 1425 25 1896
G: K 887 -1 25 1903 25 2878
G: K 116 1 25 2879 25 3656
G: P 117 1 25 3648 -1 -1
G: D 118 1 -1 -1 -1 -1
G: P 119 1 -1 -1 26 1684
G: K 120 1 26 1690 26 3346
G: P 121 1 26 3348 -1 -1
G: D 888 -1 -1 -1 -1 -1
G: P 122 1 -1 -1 27 1935
G: K 123 1 27 1912 27 3391
G: P 124 1 27 3437 -1 -1
G: D 125 1 -1 -1 -1 -1
G: D 126 -1 -1 -1 -1 -1
G: P 127 1 -1 -1 28 50
G: K 128 1 28 57 28 870
G: K 129 1 28 869 28 1232
G: K 130 1 28 1218 28 2736
G: K 131 -1 28 3296 28 3737
G: K 132 -1 28 3714 28 4521
G: K 133 1 28 4540 28 4849
G: P 134 -1 28 4814 -1 -1
G: D 885 -1 -1 -1 -1 -1
G: P 135 1 -1 -1 29 969
G: K 136 1 29 910 29 2146
G: K 137 1 29 2145 29 4002
G: P 138 1 29 4085 -1 -1
G: P 483 1 30 3344 -1 -1
G: P 139 1 31 2009 -1 -1
G: D 675 1 -1 -1 -1 -1
G: P 140 1 -1 -1 32 1672
G: K 141 1 32 1671 32 1938
G: K 142 1 32 1927 32 3805
G: P 143 1 32 3794 -1 -1
G: D 144 1 -1 -1 -1 -1
G: D 145 1 -1 -1 -1 -1
G: P 146 1 -1 -1 33 898
G: K 147 1 33 881 33 2072
G: K 148 1 33 2110 33 3364
G: P 149 1 33 3439 -1 -1
G: D 150 1 -1 -1 -1 -1
G: P 151 1 -1 -1 34 242
G: K 152 1 34 245 34 1034
G: K 153 1 34 1033 34 1693
G: K 547 -1 34 1695 34 2331
G: K 154 1 34 2332 34 2653
G: K 155 1 34 2652 34 3519
G: K 156 1 34 3518 34 3788
G: K 157 1 34 3790 34 4231
G: P 158 1 34 4233 -1 -1
G: D 159 1 -1 -1 -1 -1
G: D 160 1 -1 -1 -1 -1
G: D 161 1 -1 -1 -1 -1
G: P 162 1 -1 -1 35 30
G: K 163 1 35 29 35 377
G: K 164 1 35 382 35 928
G: K 165 1 35 930 35 1113
G: K 166 1 35 1106 35 1544
G: K 167 1 35 1550 35 2111
G: K 168 1 35 2112 35 2475
G: K 169 1 35 2479 35 3121
G: K 676 -1 35 3125 35 4055
G: K 170 1 35 4056 35 4512
G: P 171 1 35 4511 -1 -1
G: P 172 1 -1 -1 36 116
G: K 173 1 36 118 36 913
G: K 174 1 36 912 36 1131
G: K 175 1 36 1141 36 1255
G: K 176 1 36 1254 36 1650
G: K 177 1 36 1649 36 2021
G: K 178 1 36 2036 36 3023
G: K 786 -1 36 3034 36 4285
G: P 179 1 36 4286 -1 -1
G: D 180 1 -1 -1 -1 -1
G: D 181 1 -1 -1 -1 -1
G: P 182 1 -1 -1 37 976
G: K 183 1 37 968 37 1727
G: K 184 1 37 1716 37 3585
G: K 185 1 37 3585 37 4569
G: P 186 1 -1 -1 38 554
G: P 187 1 38 3020 -1 -1
G: K 188 1 38 3777 39 379
G: K 189 1 39 381 39 1389
G: K 190 1 39 1357 39 2326
G: K 191 1 39 2494 39 3457
G: P 481 1 39 3462 -1 -1
G: P 192 1 -1 -1 40 2111
G: P 193 1 40 2112 -1 -1
G: K 194 1 41 1974 41 3003
G: P 195 1 41 3006 -1 -1
G: D 196 1 -1 -1 -1 -1
G: D 197 1 -1 -1 -1 -1
G: P 198 1 -1 -1 42 355
G: K 199 1 42 1080 42 2946
G: K 200 1 42 2957 42 3608
G: K 201 1 42 3617 42 3989
G: D 202 1 -1 -1 -1 -1
G: P 203 1 -1 -1 43 2405
G: K 204 -1 43 2401 43 3445
G: K 945 1 43 3479 43 4487
G: P 205 1 43 4488 -1 -1
G: P 206 1 -1 -1 44 246
G: K 207 -1 44 238 44 850
G: K 208 -1 44 833 44 1781
G: K 209 -1 44 1780 44 2341
G: K 210 1 44 2541 44 3201
G: K 211 1 44 3200 44 3392
G: K 212 1 44 3393 44 3840
G: P 213 1 44 3842 -1 -1
G: D 214 1 -1 -1 -1 -1
G: P 215 1 -1 -1 45 482
G: K 216 1 45 459 45 1095
G: K 217 1 45 1113 45 2082
G: K 218 1 45 2084 45 3677
G: D 219 1 -1 -1 -1 -1
G: D 220 1 -1 -1 -1 -1
G: D 221 1 -1 -1 -1 -1
G: P 222 1 -1 -1 47 249
G: K 223 -1 47 280 47 562
G: K 224 1 47 871 47 1309
G: K 225 1 47 1295 47 2267
G: K 226 1 47 2268 47 3531
G: K 227 1 47 3533 47 4688
G: P 228 1 47 4733 -1 -1
G: P 229 1 -1 -1 48 956
G: K 230 1 48 1427 48 2318
G: K 231 1 48 2317 48 2806
G: K 232 1 48 2811 48 3879
G: K 233 1 48 3882 48 4341
G: P 234 1 48 4359 -1 -1
G: P 235 1 -1 -1 49 228
G: K 236 1 49 220 49 529
G: K 237 1 49 521 49 845
G: K 238 1 49 837 49 1716
G: K 239 1 49 1702 49 2140
G: K 240 1 49 2129 49 3038
G: P 241 1 49 3067 -1 -1
G: P 242 1 -1 -1 50 1060
G: K 243 -1 50 1056 50 2145
G: K 548 -1 50 2196 50 3144
G: P 244 1 50 3145 -1 -1
G: P 245 1 -1 -1 51 1566
G: K 246 1 51 2254 51 4381
G: K 247 1 51 4383 51 4881
G: P 248 1 51 4873 -1 -1
G: D 249 -1 -1 -1 -1 -1
G: D 250 -1 -1 -1 -1 -1
G: P 251 -1 -1 -1 52 1450
G: K 252 -1 52 1494 52 3351
G: K 253 -1 52 3340 52 4702
G: P 254 -1 52 4721 -1 -1
G: D 255 -1 -1 -1 -1 -1
G: P 256 -1 -1 -1 53 1928
G: K 257 1 53 2103 53 3204
G: K 258 1 53 3307 53 3763
G: P 259 1 53 3929 -1 -1
G: D 260 1 -1 -1 -1 -1
G: P 261 1 -1 -1 54 89
G: K 262 1 54 89 54 1502
G: K 263 1 54 1632 54 3972
G: K 264 1 55 926 55 3605
G: P 265 1 55 3611 -1 -1
G: D 266 1 -1 -1 -1 -1
G: P 267 1 -1 -1 56 87
G: K 268 1 56 77 56 689
G: K 269 -1 56 612 56 1464
G: K 270 -1 56 1482 56 3987
G: K 271 -1 56 3987 56 4335
G: K 272 -1 56 4368 56 5079
G: P 273 -1 56 5229 -1 -1
G: P 274 -1 -1 -1 57 769
G: K 275 -1 57 779 57 2201
G: K 276 -1 57 2204 57 3371
G: D 277 -1 -1 -1 -1 -1
G: P 278 -1 -1 -1 58 361
G: K 279 -1 58 388 58 1852
G: K 280 -1 58 1934 58 2498
G: P 281 -1 58 2511 -1 -1
G: P 782 -1 -1 -1 59 373
G: K 282 1 59 374 59 2570
G: K 283 -1 59 2566 59 3235
G: K 284 -1 59 3227 59 4037
G: P 285 -1 59 4097 -1 -1
G: K 286 -1 60 577 60 1054
G: K 287 1 60 1385 60 2897
G: K 288 1 60 3117 60 3528
G: P 289 1 60 3487 -1 -1
G: D 290 1 -1 -1 -1 -1
G: D 291 1 -1 -1 -1 -1
G: K 672 1 61 3983 61 4823
G: D 292 1 -1 -1 -1 -1
G: D 293 1 -1 -1 -1 -1
G: P 294 1 -1 -1 62 1254
G: K 295 -1 62 1250 62 1685
G: K 296 -1 62 1684 62 4441
G: P 297 -1 62 4498 -1 -1
G: D 298 -1 -1 -1 -1 -1
G: P 299 -1 -1 -1 63 937
G: K 300 -1 63 939 63 1332
G: K 301 -1 63 1451 63 2507
G: P 302 -1 63 2513 -1 -1
G: P 303 -1 -1 -1 64 598
G: K 304 -1 64 615 64 1854
G: K 305 -1 64 1855 64 2869
G: K 942 1 64 2898 64 4191
G: P 306 -1 64 4192 -1 -1
G: P 307 -1 -1 -1 65 192
G: K 308 -1 65 173 65 1010
G: K 309 -1 65 1135 65 2965
G: K 673 1 65 3051 65 3498
G: P 310 -1 65 3499 -1 -1
G: P 311 -1 -1 -1 66 2433
G: K 312 -1 66 2417 66 3677
G: K 313 -1 66 3683 67 1671
G: K 314 1 67 1724 67 2567
G: K 315 -1 67 2573 67 3203
G: K 316 -1 67 3225 68 1863
G: K 317 -1 68 1922 68 2825
G: P 318 -1 68 2869 -1 -1
G: D 319 -1 -1 -1 -1 -1
G: P 320 -1 -1 -1 69 91
G: K 321 -1 69 131 69 1973
G: K 322 -1 69 1987 69 2845
G: K 323 -1 69 2861 69 3410
G: K 324 -1 69 3513 69 4401
G: K 325 -1 69 4721 70 679
G: K 944 1 70 1477 70 2467
G: K 326 -1 70 2468 70 4178
G: K 327 1 70 4234 70 4918
G: D 328 -1 -1 -1 -1 -1
G: P 329 -1 -1 -1 71 282
G: K 330 -1 71 281 71 452
G: K 331 -1 71 468 71 1365
G: K 332 -1 71 1377 71 2211
G: P 333 -1 71 2194 -1 -1
G: D 334 -1 -1 -1 -1 -1
G: P 336 -1 -1 -1 72 321
G: K 337 -1 72 308 72 1040
G: P 338 -1 72 1676 -1 -1
G: D 339 -1 -1 -1 -1 -1
G: D 340 -1 -1 -1 -1 -1
G: P 341 1 -1 -1 73 310
G: K 342 1 73 418 73 1687
G: K 343 1 73 1690 73 2113
G: P 344 -1 73 2099 -1 -1
G: K 345 -1 74 96 74 1122
G: K 346 -1 74 3589 75 1402
G: P 347 -1 75 1411 -1 -1
G: D 348 -1 -1 -1 -1 -1
G: P 349 -1 -1 -1 76 365
G: K 350 -1 76 368 76 1223
G: K 351 -1 76 1233 76 3987
G: P 352 1 76 4030 -1 -1
G: D 353 1 -1 -1 -1 -1
G: P 354 -1 -1 -1 77 629
G: K 355 1 77 1039 77 2317
G: K 356 1 77 2316 77 3252
G: K 357 -1 77 3469 77 4147
G: P 358 1 77 4194 -1 -1
G: D 359 1 -1 -1 -1 -1
G: D 360 -1 -1 -1 -1 -1
G: D 361 1 -1 -1 -1 -1
G: P 362 -1 -1 -1 78 1700
G: K 363 -1 78 1853 78 2750
G: K 364 -1 78 2762 78 4007
G: D 365 1 -1 -1 -1 -1
G: P 366 1 -1 -1 79 265
G: K 367 -1 79 254 79 1529
G: K 368 1 79 1648 79 2158
G: K 369 1 79 2180 79 2561
G: K 370 1 79 2563 79 2743
G: K 371 -1 79 2757 79 3024
G: K 674 -1 79 3086 79 3527
G: P 372 1 79 3528 -1 -1
G: D 373 1 -1 -1 -1 -1
G: P 374 1 -1 -1 80 1535
G: K 376 -1 80 1558 80 2554
G: K 377 -1 80 2553 80 4272
G: P 378 -1 80 4340 -1 -1
G: D 379 -1 -1 -1 -1 -1
G: P 380 -1 -1 -1 81 377
G: K 381 -1 81 363 81 1257
G: K 382 -1 81 1257 81 2124
G: K 383 -1 81 2113 81 3841
G: K 384 -1 81 3840 81 4143
G: P 385 -1 81 4148 -1 -1
G: D 386 -1 -1 -1 -1 -1
G: P 387 1 -1 -1 82 1339
G: K 388 1 82 1331 82 1928
G: K 389 1 82 1917 82 2580
G: K 390 1 82 3044 82 3692
G: P 391 -1 82 3688 -1 -1
G: D 392 -1 -1 -1 -1 -1
G: P 393 -1 -1 -1 83 387
G: K 394 -1 83 557 83 1271
G: P 395 -1 83 1273 -1 -1
G: K 396 -1 84 100 84 1015
G: K 397 -1 84 999 84 1494
G: K 398 -1 84 1462 84 1867
G: K 399 -1 84 1870 84 3889
G: P 400 -1 84 3996 -1 -1
G: P 401 -1 -1 -1 85 922
G: K 402 -1 85 934 85 1282
G: K 403 -1 85 1407 85 2649
G: P 404 -1 85 2658 -1 -1
G: D 405 -1 -1 -1 -1 -1
G: P 406 -1 -1 -1 86 1529
G: K 407 -1 86 1530 86 1962
G: K 408 -1 86 1966 86 3436
G: P 409 -1 86 3437 -1 -1
G: P 410 -1 -1 -1 87 191
G: K 411 -1 87 206 87 737
G: K 412 -1 87 729 87 1371
G: K 413 -1 87 1373 87 1685
G: K 414 -1 87 1687 87 2572
G: K 415 -1 87 2537 87 3047
G: P 416 -1 87 3052 -1 -1
G: D 417 1 -1 -1 -1 -1
G: P 418 -1 -1 -1 88 263
G: K 419 -1 88 265 88 1273
G: K 420 -1 88 1257 88 3276
G: K 421 -1 88 3275 88 4415
G: P 422 -1 -1 -1 89 1987
G: P 423 -1 89 2051 -1 -1
G: D 424 -1 -1 -1 -1 -1
G: D 425 -1 -1 -1 -1 -1
G: P 426 -1 -1 -1 90 1469
G: K 427 -1 90 1474 90 4453
G: K 428 -1 90 4424 91 735
G: K 429 -1 91 772 91 2470
G: K 430 -1 91 2472 91 2742
G: P 431 1 91 2930 -1 -1
G: D 432 1 -1 -1 -1 -1
G: D 433 1 -1 -1 -1 -1
G: D 434 1 -1 -1 -1 -1
G: P 435 -1 -1 -1 92 1421
G: K 436 -1 92 1424 92 3017
G: P 437 -1 92 3009 -1 -1
G: D 438 -1 -1 -1 -1 -1
G: P 439 1 -1 -1 93 476
G: K 440 1 93 453 93 1191
G: K 441 1 93 1190 93 1757
G: K 442 1 93 1757 93 2990
G: P 443 1 93 3009 -1 -1
G: D 444 -1 -1 -1 -1 -1
G: P 445 -1 -1 -1 94 261
G: K 446 -1 94 403 94 838
G: K 447 -1 94 1008 94 1863
G: K 448 -1 94 1831 94 3082
G: K 449 -1 94 3097 94 3466
G: P 450 -1 94 3449 -1 -1
G: D 451 -1 -1 -1 -1 -1
G: P 452 -1 -1 -1 95 1580
G: K 453 -1 95 1580 95 2069
G: K 454 -1 95 2727 95 3618
G: P 455 -1 95 3617 -1 -1
G: D 456 1 -1 -1 -1 -1
G: D 457 1 -1 -1 -1 -1
G: P 458 -1 -1 -1 96 175
G: K 459 1 96 161 96 1376
G: K 460 -1 96 1365 96 2376
G: P 461 -1 96 2928 -1 -1
G: D 462 -1 -1 -1 -1 -1
G: P 463 -1 -1 -1 97 286
G: K 464 1 97 458 97 1406
G: K 465 -1 97 1399 97 2713
G: K 466 -1 97 2693 97 4169
G: P 467 -1 97 4155 -1 -1
G: D 468 -1 -1 -1 -1 -1
G: D 469 -1 -1 -1 -1 -1
G: D 470 -1 -1 -1 -1 -1
G: K 471 -1 98 10 98 964
G: K 472 -1 98 967 99 778
G: K 473 -1 99 783 99 1689
G: K 474 -1 99 1751 99 3107
G: P 475 -1 99 3749 -1 -1
