The input genome is 602903 bp long, 422032 will be kept.
min distance 179
----------------------------------------
fragments: id start end
F: 0 1468 5379
F: 1 7314 12233
F: 2 14386 18643
F: 3 20574 24936
F: 4 26875 31217
F: 5 32964 38108
F: 6 39847 43380
F: 7 45273 48790
F: 8 50747 54525
F: 9 56169 59865
F: 10 61742 67168
F: 11 68753 72441
F: 12 74108 78019
F: 13 79522 83616
F: 14 85552 90410
F: 15 91921 96494
F: 16 98998 103690
F: 17 105002 108822
F: 18 110627 115258
F: 19 117479 121479
F: 20 123095 127120
F: 21 128855 132326
F: 22 133653 138064
F: 23 140407 144232
F: 24 145774 149408
F: 25 150843 155044
F: 26 156270 159983
F: 27 161337 165042
F: 28 167566 172492
F: 29 174629 179742
F: 30 181985 185662
F: 31 187493 191901
F: 32 193806 197824
F: 33 200045 203593
F: 34 204959 209763
F: 35 211481 216000
F: 36 217786 222165
F: 37 224247 228875
F: 38 230311 234095
F: 39 235542 239156
F: 40 242161 246338
F: 41 248375 252370
F: 42 254426 258491
F: 43 260651 264984
F: 44 266986 271109
F: 45 272829 277254
F: 46 278888 283552
F: 47 285514 290151
F: 48 291806 296200
F: 49 298330 302364
F: 50 304225 307950
F: 51 309307 314401
F: 52 316074 320906
F: 53 322947 327082
F: 54 328797 332901
F: 55 334456 338718
F: 56 340324 345923
F: 57 347198 350728
F: 58 352442 356484
F: 59 358108 362718
F: 60 364045 367594
F: 61 369817 374580
F: 62 376832 381793
F: 63 383754 388114
F: 64 389694 394386
F: 65 395847 400183
F: 66 401342 405275
F: 67 407142 410409
F: 68 412219 416059
F: 69 417932 422894
F: 70 424900 429999
F: 71 432045 436255
F: 72 438213 441642
F: 73 443914 448190
F: 74 450114 453863
F: 75 455980 461083
F: 76 462775 467269
F: 77 468373 472833
F: 78 474945 479103
F: 79 480806 484929
F: 80 486654 491353
F: 81 493771 497875
F: 82 500276 504425
F: 83 506085 510601
F: 84 512279 516464
F: 85 518372 522006
F: 86 523581 527451
F: 87 528902 532981
F: 88 534384 538756
F: 89 540065 543903
F: 90 545585 549954
F: 91 551646 555534
F: 92 557380 561100
F: 93 562852 566652
F: 94 568614 572024
F: 95 573460 577868
F: 96 580388 584465
F: 97 586136 590646
F: 98 592673 596544
F: 99 598290 602724
----------------------------------------
genes: [Kept,Partial,Discared] locus strand fragment1 start_pos fragment2 end_pos 
G: P 0 1 -1 -1 0 366
G: K 1 1 0 365 0 1301
G: K 2 1 0 1385 0 3368
G: K 3 1 0 3382 1 83
G: K 4 1 1 57 1 1338
G: K 5 1 1 1341 1 1983
G: K 6 1 1 1955 1 2717
G: K 7 1 1 2719 1 4063
G: K 8 1 1 4062 1 4854
G: P 9 1 1 4882 -1 -1
G: D 10 -1 -1 -1 -1 -1
G: P 11 -1 -1 -1 2 190
G: K 12 -1 2 155 2 986
G: K 13 1 2 1324 2 3196
G: K 597 -1 2 3241 2 3718
G: P 14 1 2 3719 -1 -1
G: P 15 1 -1 -1 3 2418
G: K 16 1 3 2459 3 3668
G: P 17 1 3 3651 -1 -1
G: D 18 1 -1 -1 -1 -1
G: P 19 1 -1 -1 4 333
G: K 20 1 4 338 4 1238
G: K 21 1 4 1238 4 2342
G: K 22 1 4 2544 4 3453
G: K 23 1 4 3456 4 4029
G: P 24 1 4 3997 -1 -1
G: D 25 1 -1 -1 -1 -1
G: D 26 -1 -1 -1 -1 -1
G: P 27 -1 -1 -1 5 165
G: K 28 -1 5 198 5 4560
G: P 29 1 5 4822 -1 -1
G: K 30 1 6 131 6 917
G: K 31 -1 6 882 6 1536
G: K 32 1 6 1564 6 2830
G: P 33 1 6 2819 -1 -1
G: P 34 1 -1 -1 7 428
G: K 35 -1 7 424 7 1957
G: K 36 -1 7 1947 7 3108
G: P 37 1 7 3266 -1 -1
G: D 38 1 -1 -1 -1 -1
G: K 39 1 8 76 8 1774
G: K 40 1 8 1778 8 2639
G: K 41 1 8 2619 8 3492
G: P 42 1 8 3476 -1 -1
G: P 43 1 -1 -1 9 458
G: K 44 1 9 441 9 1596
G: K 45 -1 9 1825 9 3199
G: P 46 1 9 3251 -1 -1
G: D 47 1 -1 -1 -1 -1
G: P 48 1 -1 -1 10 352
G: K 601 -1 10 359 10 668
G: K 49 1 10 669 10 1065
G: K 50 1 10 1064 10 2741
G: K 51 -1 10 2717 10 3668
G: K 52 -1 10 3671 10 4049
G: K 53 -1 10 4055 10 4205
G: K 54 -1 10 4218 10 4605
G: P 55 -1 10 4591 -1 -1
G: D 56 -1 -1 -1 -1 -1
G: D 57 -1 -1 -1 -1 -1
G: P 58 -1 -1 -1 11 381
G: K 59 1 11 387 11 1281
G: K 60 -1 11 1262 11 2978
G: K 61 1 11 3282 12 24
G: P 62 1 -1 -1 12 889
G: P 63 1 12 1144 -1 -1
G: P 64 1 -1 -1 13 1279
G: K 65 1 13 1282 13 3229
G: P 66 1 13 3239 -1 -1
G: P 67 1 -1 -1 14 247
G: K 68 1 14 4430 15 842
G: K 69 1 15 952 15 1828
G: K 70 1 15 1832 15 4526
G: P 71 1 15 4512 -1 -1
G: P 72 1 -1 -1 16 1861
G: K 73 1 16 1863 16 2271
G: P 74 1 16 2334 -1 -1
G: D 75 -1 -1 -1 -1 -1
G: K 76 1 17 69 17 1314
G: K 77 1 17 1306 17 2443
G: K 600 1 17 2443 17 2848
G: P 78 1 17 2849 -1 -1
G: P 79 1 -1 -1 18 1030
G: K 598 -1 18 1084 18 2035
G: K 80 1 18 2036 18 2456
G: K 81 1 18 2455 18 3136
G: K 82 1 18 3135 18 3705
G: K 83 1 18 3697 18 4573
G: P 84 1 18 4573 -1 -1
G: D 85 1 -1 -1 -1 -1
G: P 86 1 -1 -1 19 264
G: K 87 1 19 280 19 748
G: K 88 1 19 757 19 2830
G: K 89 1 19 2881 19 3514
G: P 90 1 19 3514 -1 -1
G: P 91 1 19 3995 -1 -1
G: D 92 1 -1 -1 -1 -1
G: P 93 1 -1 -1 20 545
G: K 94 1 20 548 20 1745
G: K 95 1 20 1928 20 3902
G: P 96 1 20 3958 -1 -1
G: P 97 1 -1 -1 21 499
G: K 98 1 21 501 21 1935
G: K 99 1 21 1927 21 3364
G: P 100 1 21 3335 -1 -1
G: P 101 1 -1 -1 22 170
G: K 102 1 22 159 22 1002
G: K 103 1 22 1023 22 1263
G: K 104 1 22 1265 22 3470
G: K 105 1 22 3477 22 4080
G: P 106 -1 22 4051 -1 -1
G: D 107 1 -1 -1 -1 -1
G: D 108 1 -1 -1 -1 -1
G: P 109 1 -1 -1 23 488
G: K 110 1 23 474 23 1317
G: K 111 1 23 1331 23 2678
G: P 113 1 23 2691 -1 -1
G: D 114 1 -1 -1 -1 -1
G: D 115 1 -1 -1 -1 -1
G: P 116 1 -1 -1 24 621
G: K 117 1 24 610 24 1291
G: K 118 1 24 1271 24 2309
G: P 119 1 24 2323 -1 -1
G: P 120 1 -1 -1 25 536
G: K 121 1 25 538 25 1459
G: K 122 1 25 1498 25 3670
G: P 123 1 25 3644 -1 -1
G: P 124 1 -1 -1 26 30
G: K 125 1 26 35 26 920
G: K 126 -1 26 900 26 1944
G: K 127 1 26 1979 26 2420
G: K 596 -1 26 2426 26 3362
G: P 128 1 26 3363 -1 -1
G: D 129 1 -1 -1 -1 -1
G: P 130 1 -1 -1 27 897
G: K 131 -1 27 1457 27 1886
G: K 132 -1 27 1866 27 2661
G: K 133 1 27 2680 27 2983
G: P 134 -1 27 2954 -1 -1
G: D 135 1 -1 -1 -1 -1
G: P 136 1 -1 -1 28 308
G: K 137 1 28 307 28 2131
G: K 138 1 28 2214 28 3948
G: P 139 1 -1 -1 30 1519
G: K 140 1 30 1523 30 3131
G: K 141 1 30 3130 30 3412
G: P 142 1 30 3395 -1 -1
G: P 143 1 -1 -1 31 84
G: K 144 1 31 108 31 978
G: K 145 1 31 977 31 1814
G: K 146 1 31 1826 31 3128
G: K 147 1 31 3114 31 4257
G: P 148 1 31 4295 -1 -1
G: P 149 1 -1 -1 32 136
G: K 495 1 32 174 32 2724
G: K 150 1 32 2725 32 3199
G: K 151 1 32 3288 32 3618
G: P 152 1 32 3621 -1 -1
G: D 153 1 -1 -1 -1 -1
G: D 154 1 -1 -1 -1 -1
G: P 155 1 -1 -1 33 8
G: K 156 1 33 7 33 271
G: K 157 1 33 273 33 711
G: K 158 1 33 713 33 1529
G: K 159 1 33 1534 33 1951
G: K 160 1 33 1950 33 2568
G: K 161 1 33 2567 33 2825
G: K 162 1 33 2828 33 3191
G: K 163 1 33 3190 33 3517
G: P 164 1 33 3522 -1 -1
G: D 165 1 -1 -1 -1 -1
G: D 166 1 -1 -1 -1 -1
G: P 167 1 -1 -1 34 346
G: K 168 1 34 347 34 704
G: K 169 1 34 708 34 1350
G: K 170 1 34 1355 34 1808
G: K 171 1 34 1807 34 3286
G: K 172 1 34 3279 34 3942
G: K 173 1 34 3944 34 4715
G: P 174 1 34 4714 -1 -1
G: D 175 1 -1 -1 -1 -1
G: D 176 1 -1 -1 -1 -1
G: D 177 1 -1 -1 -1 -1
G: P 178 1 -1 -1 35 312
G: K 499 -1 35 323 35 995
G: K 179 1 35 996 35 1380
G: K 180 1 35 1363 35 2200
G: K 181 1 35 2184 35 3099
G: K 182 1 35 3091 35 4363
G: P 183 1 35 4355 -1 -1
G: P 184 1 -1 -1 36 619
G: K 185 1 36 619 36 1591
G: K 186 1 36 1690 36 3847
G: P 595 1 -1 -1 37 1105
G: K 187 1 37 1106 37 1862
G: K 188 1 37 1854 37 3612
G: K 189 1 37 3614 37 4607
G: P 190 1 37 4575 -1 -1
G: P 191 1 -1 -1 38 623
G: P 192 1 38 629 -1 -1
G: P 193 1 -1 -1 39 2998
G: P 194 1 -1 -1 40 346
G: K 736 1 40 348 40 2508
G: P 195 1 40 2509 -1 -1
G: D 196 1 -1 -1 -1 -1
G: D 197 1 -1 -1 -1 -1
G: D 198 1 -1 -1 -1 -1
G: K 199 1 41 613 41 2455
G: K 200 1 41 2466 41 3126
G: K 201 1 41 3135 41 3504
G: P 202 1 41 3631 -1 -1
G: P 203 1 -1 -1 42 1872
G: K 204 -1 42 1868 42 2909
G: P 205 1 42 2944 -1 -1
G: D 206 1 -1 -1 -1 -1
G: D 207 -1 -1 -1 -1 -1
G: P 208 -1 -1 -1 43 526
G: K 209 -1 43 525 43 1071
G: K 210 1 43 1271 43 1940
G: K 211 1 43 1939 43 2131
G: K 212 1 43 2132 43 2576
G: K 213 1 43 2578 43 2926
G: K 214 1 43 2918 43 3734
G: P 215 1 43 3726 -1 -1
G: D 216 1 -1 -1 -1 -1
G: P 217 1 -1 -1 44 416
G: K 218 1 44 418 44 1996
G: K 219 1 44 2915 44 4064
G: K 220 1 44 4081 45 3740
G: P 221 1 45 3742 -1 -1
G: D 222 1 -1 -1 -1 -1
G: D 223 -1 -1 -1 -1 -1
G: P 224 1 -1 -1 46 181
G: K 225 1 46 170 46 1106
G: K 226 1 46 1107 46 2346
G: K 602 1 46 2347 46 2860
G: K 227 1 46 2861 46 3971
G: P 228 1 46 4016 -1 -1
G: P 229 1 -1 -1 47 331
G: K 230 1 47 802 47 1675
G: K 231 1 47 1674 47 2154
G: K 232 1 47 2159 47 3182
G: K 233 1 47 3185 47 3656
G: P 234 1 47 3674 -1 -1
G: P 739 1 -1 -1 48 323
G: K 235 1 48 324 48 627
G: K 236 1 48 619 48 910
G: K 237 1 48 902 48 1217
G: K 238 1 48 1209 48 2100
G: K 239 1 48 2086 48 2506
G: K 240 1 48 2498 48 3383
G: P 241 1 48 3412 -1 -1
G: P 242 1 -1 -1 49 715
G: K 243 -1 49 711 49 1782
G: K 244 1 49 1834 49 3703
G: P 245 1 49 3708 -1 -1
G: P 738 -1 -1 -1 50 431
G: K 246 1 50 970 50 3121
G: K 247 1 50 3123 50 3633
G: P 248 1 50 3622 -1 -1
G: P 249 -1 -1 -1 51 101
G: K 250 -1 51 81 51 759
G: K 251 -1 51 742 51 2251
G: K 252 -1 51 2295 51 4140
G: P 253 -1 51 4129 -1 -1
G: D 254 -1 -1 -1 -1 -1
G: P 255 -1 -1 -1 52 797
G: K 256 -1 52 801 52 2805
G: K 257 1 52 2980 52 4105
G: K 258 1 52 4208 52 4667
G: D 259 1 -1 -1 -1 -1
G: D 260 1 -1 -1 -1 -1
G: P 261 1 -1 -1 53 170
G: K 262 1 53 170 53 1538
G: K 263 1 53 1668 53 3990
G: K 264 1 54 1032 54 3708
G: P 265 1 54 3714 -1 -1
G: D 266 1 -1 -1 -1 -1
G: P 267 1 -1 -1 55 845
G: K 268 1 55 835 55 1459
G: K 269 -1 55 1388 55 2252
G: P 270 -1 55 2270 -1 -1
G: D 271 -1 -1 -1 -1 -1
G: D 272 -1 -1 -1 -1 -1
G: K 273 -1 56 38 56 1079
G: K 274 -1 56 1459 56 2476
G: K 275 -1 56 2486 56 3881
G: K 276 -1 56 3884 56 5075
G: P 277 -1 56 5324 -1 -1
G: P 278 -1 -1 -1 57 531
G: K 279 -1 57 558 57 2016
G: K 280 -1 57 2098 57 2641
G: K 281 -1 57 2654 58 332
G: K 282 1 58 374 58 2549
G: K 283 -1 58 2545 58 3208
G: K 284 -1 58 3200 58 4010
G: P 285 -1 -1 -1 59 135
G: K 286 -1 59 796 59 1282
G: K 287 1 59 1613 59 3071
G: K 288 1 59 3291 59 3690
G: P 289 1 59 3652 -1 -1
G: D 290 1 -1 -1 -1 -1
G: D 291 1 -1 -1 -1 -1
G: D 292 1 -1 -1 -1 -1
G: P 293 1 -1 -1 61 619
G: K 294 1 61 608 61 2240
G: K 295 -1 61 2236 61 2659
G: P 296 -1 61 2658 -1 -1
G: D 297 -1 -1 -1 -1 -1
G: P 298 -1 -1 -1 62 600
G: K 299 -1 62 717 62 1836
G: K 300 -1 62 1838 62 2228
G: K 301 -1 62 2347 62 3415
G: P 302 -1 62 3421 -1 -1
G: P 303 -1 -1 -1 63 667
G: K 304 -1 63 684 63 1938
G: K 305 -1 63 1939 63 2956
G: K 306 -1 63 2986 63 3967
G: P 307 -1 63 3945 -1 -1
G: D 308 -1 -1 -1 -1 -1
G: K 309 -1 64 19 64 1825
G: K 310 -1 64 1912 64 3115
G: K 311 -1 64 3117 65 540
G: K 312 -1 65 524 65 1757
G: P 313 -1 65 1763 -1 -1
G: K 314 1 66 26 66 830
G: K 315 -1 66 836 66 1463
G: P 316 -1 66 1485 -1 -1
G: P 317 -1 -1 -1 67 46
G: K 318 -1 67 90 67 1449
G: K 319 -1 67 1472 67 2381
G: P 320 -1 67 2301 -1 -1
G: P 321 -1 -1 -1 68 177
G: K 322 -1 68 191 68 1043
G: K 323 -1 68 1059 68 1587
G: K 324 -1 68 1690 68 2581
G: K 325 -1 68 2901 69 50
G: K 326 -1 69 849 69 2544
G: K 327 1 69 2600 69 3284
G: P 328 -1 69 4119 -1 -1
G: P 329 -1 69 4903 -1 -1
G: D 330 -1 -1 -1 -1 -1
G: P 331 -1 -1 -1 70 101
G: K 332 -1 70 113 70 929
G: K 333 -1 70 915 70 3198
G: K 334 -1 70 3236 70 4613
G: P 335 -1 70 4616 -1 -1
G: D 336 -1 -1 -1 -1 -1
G: D 337 -1 -1 -1 -1 -1
G: K 338 -1 71 124 71 2641
G: K 339 -1 71 2630 71 3224
G: K 340 -1 71 3231 71 3453
G: P 341 1 71 3511 -1 -1
G: D 342 1 -1 -1 -1 -1
G: P 498 1 -1 -1 72 1038
G: K 343 1 72 1039 72 1456
G: P 344 -1 72 1442 -1 -1
G: P 345 -1 -1 -1 73 823
G: K 497 -1 73 1281 73 2058
G: K 346 -1 73 4067 74 1770
G: K 347 -1 74 1779 75 86
G: K 348 -1 75 175 75 685
G: K 349 -1 75 763 75 1804
G: K 350 -1 75 1807 75 2635
G: P 351 -1 75 2645 -1 -1
G: D 352 1 -1 -1 -1 -1
G: D 353 1 -1 -1 -1 -1
G: P 354 -1 -1 -1 76 909
G: K 355 1 76 1319 76 2546
G: K 356 1 76 2545 76 3484
G: K 357 -1 76 3701 76 4379
G: P 358 1 76 4426 -1 -1
G: D 359 1 -1 -1 -1 -1
G: P 360 -1 -1 -1 77 251
G: K 361 1 77 399 77 810
G: K 362 -1 77 812 77 2984
G: K 363 -1 77 3137 77 3983
G: P 364 -1 77 3995 -1 -1
G: P 365 1 -1 -1 78 66
G: K 366 1 78 40 78 964
G: K 367 -1 78 953 78 2198
G: K 368 1 78 2317 78 2827
G: K 369 1 78 2849 78 3218
G: K 370 1 78 3220 78 3394
G: K 371 -1 78 3408 78 3687
G: P 372 1 78 3750 -1 -1
G: D 373 1 -1 -1 -1 -1
G: P 374 1 -1 -1 79 1506
G: K 375 -1 79 1529 79 2333
G: K 376 -1 79 2322 79 3321
G: P 377 -1 79 3320 -1 -1
G: D 735 1 -1 -1 -1 -1
G: D 740 1 -1 -1 -1 -1
G: P 378 -1 -1 -1 80 885
G: K 379 -1 80 871 80 1861
G: K 380 -1 80 1853 80 3023
G: K 381 -1 80 3012 80 3870
G: K 382 -1 80 3870 80 4698
G: P 383 -1 80 4690 -1 -1
G: D 384 -1 -1 -1 -1 -1
G: P 385 -1 -1 -1 81 175
G: K 386 -1 81 221 81 1883
G: K 387 1 81 1911 81 3771
G: P 388 1 81 3763 -1 -1
G: D 389 1 -1 -1 -1 -1
G: D 390 1 -1 -1 -1 -1
G: P 391 -1 -1 -1 82 353
G: K 392 -1 82 345 82 1662
G: K 394 -1 82 1832 82 2552
G: K 395 -1 82 2554 83 1734
G: K 396 -1 83 2020 83 2920
G: K 397 -1 83 2907 83 3378
G: K 398 -1 83 3361 83 3748
G: P 399 -1 83 3751 -1 -1
G: P 400 -1 -1 -1 84 1042
G: K 401 -1 84 1058 84 2690
G: K 402 -1 84 2702 84 3035
G: P 403 -1 84 3160 -1 -1
G: D 404 -1 -1 -1 -1 -1
G: K 405 -1 85 293 85 752
G: K 406 -1 85 752 85 2453
G: K 407 -1 85 2454 85 2862
G: P 408 -1 85 2866 -1 -1
G: P 737 1 -1 -1 86 822
G: K 409 -1 86 823 86 1675
G: K 410 -1 86 1674 86 3240
G: K 411 -1 86 3255 86 3786
G: P 412 -1 86 3778 -1 -1
G: D 413 -1 -1 -1 -1 -1
G: P 414 -1 -1 -1 87 285
G: K 415 -1 87 250 87 727
G: K 416 -1 87 732 87 2145
G: K 417 1 87 2211 87 2697
G: K 418 -1 87 2693 87 3374
G: P 419 -1 87 3376 -1 -1
G: P 420 -1 -1 -1 88 878
G: K 421 -1 88 877 88 2035
G: P 422 -1 88 2155 -1 -1
G: P 423 -1 -1 -1 89 1722
G: K 424 -1 89 1777 89 2176
G: K 425 -1 89 2181 89 2628
G: P 426 -1 89 2665 -1 -1
G: D 496 -1 -1 -1 -1 -1
G: P 427 -1 -1 -1 90 2067
G: P 428 -1 90 2038 -1 -1
G: P 429 -1 -1 -1 91 352
G: K 430 -1 91 354 91 633
G: K 431 1 91 821 91 2204
G: K 432 1 91 2226 91 2412
G: K 433 1 91 2447 91 2876
G: K 434 1 91 2986 91 3502
G: P 435 -1 91 3498 -1 -1
G: P 436 -1 -1 -1 92 1085
G: K 437 -1 92 1077 92 1830
G: K 438 -1 92 1889 92 3110
G: P 439 1 92 3195 -1 -1
G: D 440 1 -1 -1 -1 -1
G: D 441 1 -1 -1 -1 -1
G: P 442 1 -1 -1 93 1116
G: K 443 1 93 1135 93 2287
G: K 444 -1 93 2691 93 3522
G: P 445 -1 93 3521 -1 -1
G: D 446 -1 -1 -1 -1 -1
G: P 447 -1 -1 -1 94 114
G: K 448 -1 94 88 94 1294
G: K 449 -1 94 1309 94 1684
G: K 450 -1 94 1664 94 2387
G: K 451 -1 94 2386 94 2680
G: K 452 -1 94 3290 95 103
G: K 453 -1 95 103 95 583
G: K 454 -1 95 1241 95 2120
G: K 455 -1 95 2119 95 3292
G: K 456 1 95 3344 95 4136
G: P 457 1 95 4120 -1 -1
G: D 458 -1 -1 -1 -1 -1
G: D 459 1 -1 -1 -1 -1
G: P 460 -1 -1 -1 96 735
G: K 461 -1 96 1287 96 3438
G: P 462 -1 96 3615 -1 -1
G: D 463 -1 -1 -1 -1 -1
G: P 464 1 -1 -1 97 35
G: K 465 -1 97 31 97 1345
G: K 466 -1 97 1325 97 2795
G: K 467 -1 97 2781 97 3588
G: P 468 -1 97 3580 -1 -1
G: D 469 -1 -1 -1 -1 -1
G: D 470 -1 -1 -1 -1 -1
G: D 471 -1 -1 -1 -1 -1
G: P 599 -1 -1 -1 98 1044
G: K 472 -1 98 1045 99 867
G: K 473 -1 99 872 99 1724
G: K 474 -1 99 1786 99 3118
G: P 475 -1 99 3760 -1 -1
