The input genome is 591503 bp long, 414052 will be kept.
min distance 175
----------------------------------------
fragments: id start end
F: 0 1521 5340
F: 1 7210 12067
F: 2 13865 18103
F: 3 19925 24195
F: 4 26095 30401
F: 5 32185 37272
F: 6 39002 42419
F: 7 44229 47663
F: 8 49733 53375
F: 9 54994 58678
F: 10 60414 65723
F: 11 67200 70760
F: 12 72607 76334
F: 13 77785 81823
F: 14 83771 88613
F: 15 90132 94640
F: 16 96963 101631
F: 17 102919 106659
F: 18 108397 112985
F: 19 115306 119132
F: 20 120885 124719
F: 21 126345 129768
F: 22 131067 135428
F: 23 137720 141453
F: 24 142988 146540
F: 25 147977 152125
F: 26 153196 156899
F: 27 158128 161738
F: 28 164187 169047
F: 29 171157 176136
F: 30 178289 181966
F: 31 183894 188201
F: 32 189968 193891
F: 33 196144 199566
F: 34 200928 205732
F: 35 207312 211752
F: 36 213483 217654
F: 37 219763 224324
F: 38 225790 229474
F: 39 230917 234531
F: 40 237530 241597
F: 41 243435 247422
F: 42 249474 253539
F: 43 255469 259786
F: 44 261784 265907
F: 45 267811 272046
F: 46 273719 278265
F: 47 280143 284780
F: 48 286378 290772
F: 49 292929 296908
F: 50 298702 302401
F: 51 303829 308828
F: 52 310508 315260
F: 53 317297 321339
F: 54 323110 327080
F: 55 328635 332749
F: 56 334356 339828
F: 57 341109 344550
F: 58 346153 350114
F: 59 351854 356162
F: 60 357347 360896
F: 61 363020 367739
F: 62 369963 374846
F: 63 376745 381087
F: 64 382675 387253
F: 65 388752 393019
F: 66 394147 398026
F: 67 399707 402974
F: 68 404679 408519
F: 69 410470 415233
F: 70 417365 422216
F: 71 424059 428264
F: 72 430274 433612
F: 73 435784 440060
F: 74 441999 445695
F: 75 447673 452736
F: 76 454304 458798
F: 77 459757 464203
F: 78 466274 470265
F: 79 471862 475916
F: 80 477529 482222
F: 81 484574 488618
F: 82 491015 495164
F: 83 496723 501176
F: 84 502874 506938
F: 85 508944 512426
F: 86 514001 517858
F: 87 519364 523180
F: 88 524553 528898
F: 89 530403 534041
F: 90 535750 539949
F: 91 541641 545347
F: 92 547202 550858
F: 93 552695 556380
F: 94 558336 561647
F: 95 562865 567199
F: 96 569522 573599
F: 97 575083 579543
F: 98 581518 585246
F: 99 586948 591328
----------------------------------------
genes: [Kept,Partial,Discared] locus strand fragment1 start_pos fragment2 end_pos 
G: P 0 1 -1 -1 0 319
G: K 1 1 0 318 0 1251
G: K 2 1 0 1335 0 3297
G: K 3 1 0 3311 1 187
G: K 4 1 1 155 1 1412
G: K 5 1 1 1415 1 2048
G: K 6 1 1 2020 1 2803
G: K 7 1 1 2805 1 4173
G: P 8 1 1 4172 -1 -1
G: D 9 1 -1 -1 -1 -1
G: D 10 -1 -1 -1 -1 -1
G: P 11 -1 -1 -1 2 738
G: K 12 -1 2 700 2 1522
G: K 13 1 2 1860 2 3780
G: P 14 1 2 3826 -1 -1
G: P 15 1 -1 -1 3 2692
G: K 16 1 3 2733 3 3939
G: P 17 1 3 3922 -1 -1
G: P 18 1 -1 -1 4 223
G: K 19 1 4 252 4 696
G: K 20 1 4 701 4 1571
G: K 21 1 4 1571 4 2675
G: K 22 1 4 2877 4 3777
G: P 23 1 4 3780 -1 -1
G: D 24 1 -1 -1 -1 -1
G: D 25 1 -1 -1 -1 -1
G: D 26 -1 -1 -1 -1 -1
G: P 27 -1 -1 -1 5 494
G: K 28 -1 5 527 5 4883
G: D 516 -1 -1 -1 -1 -1
G: P 29 1 -1 -1 6 794
G: K 30 1 6 943 6 1720
G: K 31 -1 6 1688 6 2324
G: P 32 1 6 2352 -1 -1
G: P 33 1 -1 -1 7 18
G: P 34 1 -1 -1 7 1361
G: K 35 -1 7 1357 7 2902
G: P 36 -1 7 2892 -1 -1
G: P 37 1 -1 -1 8 486
G: K 38 1 8 506 8 779
G: K 39 1 8 976 8 2686
G: K 40 1 8 2690 8 3551
G: P 41 1 8 3531 -1 -1
G: P 42 1 -1 -1 9 564
G: K 43 1 9 565 9 1534
G: K 44 1 9 1517 9 2669
G: P 45 -1 9 2898 -1 -1
G: D 46 1 -1 -1 -1 -1
G: P 47 1 -1 -1 10 284
G: K 48 1 10 270 10 1533
G: K 49 1 10 1541 10 1937
G: K 50 1 10 1936 10 3613
G: K 51 -1 10 3589 10 4546
G: K 52 -1 10 4549 10 4924
G: K 53 -1 10 4930 10 5080
G: P 54 -1 10 5093 -1 -1
G: D 55 -1 -1 -1 -1 -1
G: P 56 -1 -1 -1 11 38
G: K 57 -1 11 16 11 1015
G: K 58 -1 11 995 11 1451
G: K 59 1 11 1457 11 2354
G: P 60 -1 11 2332 -1 -1
G: P 61 1 -1 -1 12 985
G: K 62 1 12 935 12 1874
G: K 63 1 12 2129 13 947
G: K 64 1 13 946 13 2353
G: P 65 1 13 2356 -1 -1
G: D 518 1 -1 -1 -1 -1
G: P 66 1 -1 -1 14 568
G: K 67 1 14 591 14 2007
G: P 478 -1 -1 -1 15 1093
G: K 68 1 15 1215 15 3954
G: P 69 1 15 4064 -1 -1
G: P 70 1 -1 -1 16 801
G: K 71 1 16 790 16 3223
G: P 72 1 16 3200 -1 -1
G: D 73 1 -1 -1 -1 -1
G: P 74 1 -1 -1 17 2859
G: K 75 -1 17 2855 17 3281
G: P 76 1 17 3514 -1 -1
G: P 77 1 -1 -1 18 401
G: K 78 1 18 402 18 1626
G: K 79 1 18 1625 18 4172
G: P 80 1 18 4227 -1 -1
G: D 81 1 -1 -1 -1 -1
G: D 82 1 -1 -1 -1 -1
G: D 83 1 -1 -1 -1 -1
G: P 84 1 -1 -1 19 815
G: K 85 1 19 807 19 1956
G: K 86 1 19 1984 19 2413
G: K 87 1 19 2429 19 2909
G: P 88 1 19 2918 -1 -1
G: P 89 1 -1 -1 20 84
G: K 90 1 20 84 20 570
G: K 91 1 20 559 20 883
G: K 92 1 20 885 20 1356
G: K 93 1 20 1339 20 2746
G: P 94 1 20 2749 -1 -1
G: P 95 1 -1 -1 21 643
G: K 96 1 21 699 21 1449
G: K 97 1 21 1548 21 2994
G: P 98 1 21 2996 -1 -1
G: P 99 1 -1 -1 22 1143
G: K 100 1 22 1117 22 1786
G: K 101 1 22 1778 22 2753
G: K 102 1 22 2742 22 3579
G: K 103 1 22 3600 22 3834
G: P 104 1 22 3836 -1 -1
G: D 105 1 -1 -1 -1 -1
G: P 106 -1 -1 -1 23 548
G: K 107 1 23 588 23 1167
G: K 108 1 23 1166 23 1949
G: K 109 1 23 1933 23 3115
G: P 110 1 23 3101 -1 -1
G: D 111 1 -1 -1 -1 -1
G: P 112 1 -1 -1 24 611
G: K 113 1 24 624 24 1980
G: K 114 1 24 1915 24 2632
G: K 115 1 24 2656 24 3130
G: P 116 1 24 3138 -1 -1
G: D 117 1 -1 -1 -1 -1
G: P 118 1 -1 -1 25 563
G: K 119 1 25 577 25 2320
G: K 120 1 25 2326 25 3883
G: P 121 1 25 3885 -1 -1
G: P 122 1 -1 -1 26 1765
G: K 123 1 26 1742 26 3161
G: K 124 1 26 3207 26 3516
G: P 125 1 26 3521 -1 -1
G: P 126 -1 -1 -1 27 477
G: K 127 1 27 512 27 956
G: K 128 1 27 963 27 1755
G: K 129 1 27 1754 27 2108
G: K 130 1 27 2097 27 3561
G: D 131 -1 -1 -1 -1 -1
G: D 132 -1 -1 -1 -1 -1
G: D 133 1 -1 -1 -1 -1
G: P 134 -1 -1 -1 28 396
G: K 135 1 28 444 28 1944
G: K 136 1 28 1882 28 3115
G: P 137 1 28 3114 -1 -1
G: D 138 1 -1 -1 -1 -1
G: P 139 1 30 1295 -1 -1
G: P 140 1 -1 -1 31 638
G: K 141 1 31 637 31 925
G: K 142 1 31 911 31 2789
G: K 143 1 31 2775 31 3111
G: K 144 1 31 3135 31 3999
G: P 145 1 31 3998 -1 -1
G: P 146 1 -1 -1 32 42
G: K 147 1 32 28 32 1171
G: K 148 1 32 1209 32 2448
G: K 149 1 32 2523 32 3384
G: K 150 1 32 3423 32 3891
G: D 151 1 -1 -1 -1 -1
G: D 152 1 -1 -1 -1 -1
G: D 153 1 -1 -1 -1 -1
G: D 154 1 -1 -1 -1 -1
G: P 155 1 -1 -1 33 721
G: K 156 1 33 720 33 984
G: K 157 1 33 986 33 1418
G: K 158 1 33 1420 33 2230
G: K 476 -1 33 2234 33 3401
G: P 159 1 33 3402 -1 -1
G: D 160 1 -1 -1 -1 -1
G: D 161 1 -1 -1 -1 -1
G: P 162 1 -1 -1 34 284
G: K 163 1 34 283 34 616
G: K 164 1 34 621 34 1182
G: K 165 1 34 1184 34 1376
G: K 166 1 34 1369 34 1786
G: K 167 1 34 1792 34 2362
G: K 168 1 34 2363 34 2711
G: K 169 1 34 2715 34 3351
G: K 170 1 34 3356 34 3809
G: P 171 1 34 3808 -1 -1
G: D 172 1 -1 -1 -1 -1
G: P 173 1 -1 -1 35 269
G: K 174 1 35 268 35 487
G: K 175 1 35 497 35 611
G: K 176 1 35 610 35 997
G: K 177 1 35 996 35 1362
G: K 178 1 35 1377 35 2376
G: K 179 1 35 2388 35 2760
G: K 180 1 35 2746 35 3583
G: P 181 1 35 3567 -1 -1
G: D 182 1 -1 -1 -1 -1
G: P 183 1 -1 -1 36 335
G: K 184 1 36 324 36 2148
G: K 185 1 36 2148 36 3099
G: P 186 1 36 3198 -1 -1
G: K 187 1 37 1535 37 2306
G: K 188 1 37 2298 37 4092
G: P 189 1 37 4094 -1 -1
G: D 190 1 -1 -1 -1 -1
G: K 191 1 38 147 38 1110
G: K 192 1 38 1116 39 408
G: K 193 1 39 409 39 3610
G: P 194 1 -1 -1 40 964
G: K 195 1 40 967 40 3418
G: K 196 1 40 3476 40 4025
G: P 197 1 40 4027 -1 -1
G: D 198 1 -1 -1 -1 -1
G: P 199 1 -1 -1 41 1240
G: K 200 1 41 1251 41 1899
G: K 201 1 41 1908 41 2274
G: P 202 1 41 2401 -1 -1
G: P 203 1 -1 -1 42 669
G: K 204 -1 42 665 42 1700
G: K 205 1 42 1735 42 3535
G: K 206 1 42 3515 42 4019
G: P 207 -1 42 4011 -1 -1
G: D 208 -1 -1 -1 -1 -1
G: P 209 -1 -1 -1 43 56
G: K 210 1 43 256 43 937
G: K 211 1 43 936 43 1122
G: K 212 1 43 1123 43 1570
G: K 213 1 43 1572 43 1917
G: K 214 1 43 1909 43 2716
G: K 215 1 43 2708 43 4157
G: P 216 1 43 4140 -1 -1
G: D 217 1 -1 -1 -1 -1
G: P 218 1 -1 -1 44 965
G: K 219 1 44 1884 44 3024
G: K 220 1 44 3041 45 2456
G: K 221 1 45 2458 45 3511
G: K 222 1 45 3467 45 3932
G: P 223 -1 45 3963 -1 -1
G: D 224 1 -1 -1 -1 -1
G: P 225 1 -1 -1 46 0
G: K 226 1 46 1 46 1237
G: K 227 1 46 1239 46 2364
G: K 228 1 46 2409 46 3894
G: P 229 1 46 3862 -1 -1
G: P 230 1 -1 -1 47 258
G: K 231 1 47 257 47 740
G: K 232 1 47 745 47 1768
G: K 233 1 47 1771 47 2236
G: K 234 1 47 2254 47 4420
G: P 235 1 47 4512 -1 -1
G: D 236 1 -1 -1 -1 -1
G: D 237 1 -1 -1 -1 -1
G: P 238 1 -1 -1 48 59
G: K 239 1 48 48 48 465
G: K 240 1 48 460 48 1342
G: K 241 1 48 1371 48 2706
G: P 242 1 48 2774 -1 -1
G: D 243 -1 -1 -1 -1 -1
G: P 244 1 -1 -1 49 1659
G: K 245 1 49 1664 49 3557
G: P 246 1 -1 -1 50 584
G: K 247 1 50 586 50 1084
G: K 248 1 50 1076 50 1925
G: K 249 -1 50 1908 50 2628
G: K 250 -1 50 2614 50 3274
G: P 251 -1 50 3254 -1 -1
G: P 252 -1 -1 -1 51 1504
G: K 253 -1 51 1493 51 2846
G: K 254 -1 51 2865 51 3594
G: K 255 -1 51 3596 51 4883
G: K 256 -1 51 4887 52 215
G: K 257 1 52 390 52 1500
G: K 258 1 52 1603 52 2056
G: K 259 1 52 2222 52 2990
G: K 260 1 52 3035 52 3329
G: K 261 1 52 3328 52 4408
G: P 262 1 52 4408 -1 -1
G: P 263 1 -1 -1 53 1424
G: P 264 1 -1 -1 54 1170
G: K 265 1 54 1176 54 2052
G: K 266 1 54 2051 54 2906
G: K 267 1 54 3021 54 3900
G: P 268 1 54 3893 -1 -1
G: D 269 -1 -1 -1 -1 -1
G: P 270 -1 -1 -1 55 2149
G: K 271 -1 55 2149 55 2497
G: K 272 -1 55 2530 55 3214
G: P 273 -1 55 3364 -1 -1
G: P 274 -1 -1 -1 56 84
G: K 275 -1 56 94 56 1468
G: K 276 -1 56 1471 56 2644
G: K 277 -1 56 2893 56 3886
G: K 278 -1 56 3903 56 5004
G: P 279 -1 56 5031 -1 -1
G: P 280 -1 -1 -1 57 346
G: K 281 -1 57 359 57 3302
G: K 282 1 57 3344 58 469
G: K 283 -1 58 465 58 1125
G: K 284 -1 58 1114 58 1918
G: K 285 -1 58 1978 58 3673
G: D 286 -1 -1 -1 -1 -1
G: P 287 1 -1 -1 59 902
G: K 288 1 59 1122 59 1521
G: K 289 1 59 1483 59 2527
G: K 290 1 59 2529 59 3126
G: K 291 1 59 3157 59 3412
G: P 292 1 60 2805 -1 -1
G: D 293 1 -1 -1 -1 -1
G: P 294 1 -1 -1 61 614
G: K 295 -1 61 610 61 1024
G: K 296 -1 61 1023 61 3726
G: K 520 -1 61 3782 61 4298
G: P 297 -1 61 4299 -1 -1
G: D 298 -1 -1 -1 -1 -1
G: P 299 -1 -1 -1 62 732
G: K 300 -1 62 734 62 1133
G: K 301 -1 62 1252 62 2293
G: P 302 -1 62 2299 -1 -1
G: D 303 -1 -1 -1 -1 -1
G: P 304 -1 -1 -1 63 962
G: K 305 -1 63 963 63 1977
G: K 306 -1 63 2007 63 2961
G: K 307 -1 63 2939 63 4016
G: P 308 -1 63 3997 -1 -1
G: P 309 -1 -1 -1 64 823
G: K 310 -1 64 910 64 2107
G: P 311 -1 64 2106 -1 -1
G: P 312 -1 -1 -1 65 825
G: K 521 1 65 830 65 1685
G: K 313 -1 65 1686 66 5
G: K 314 1 66 58 66 877
G: K 315 -1 66 883 66 1501
G: P 316 -1 66 1523 -1 -1
G: P 317 -1 -1 -1 67 306
G: K 318 -1 67 350 67 1676
G: K 319 -1 67 1699 67 2611
G: P 320 -1 67 2534 -1 -1
G: P 321 -1 -1 -1 68 545
G: K 322 -1 68 559 68 1402
G: K 323 -1 68 1418 68 1958
G: K 324 -1 68 2061 68 2931
G: K 325 -1 68 3251 69 274
G: K 326 -1 69 1073 69 2789
G: K 327 1 69 2845 69 3529
G: P 328 -1 69 4364 -1 -1
G: D 329 -1 -1 -1 -1 -1
G: D 330 -1 -1 -1 -1 -1
G: P 331 -1 -1 -1 70 368
G: K 332 -1 70 380 70 1184
G: K 333 -1 70 1170 70 3480
G: P 334 -1 70 3518 -1 -1
G: D 335 -1 -1 -1 -1 -1
G: D 336 -1 -1 -1 -1 -1
G: P 337 -1 -1 -1 71 218
G: K 338 -1 71 854 71 3407
G: K 339 -1 71 3396 71 3975
G: K 340 -1 71 3982 71 4204
G: D 341 1 -1 -1 -1 -1
G: P 342 1 -1 -1 72 438
G: K 343 1 72 441 72 858
G: P 344 -1 72 844 -1 -1
G: P 345 -1 -1 -1 73 362
G: K 346 -1 73 2829 74 562
G: P 347 -1 74 571 -1 -1
G: D 348 -1 -1 -1 -1 -1
G: P 349 -1 -1 -1 75 791
G: K 350 -1 75 794 75 1637
G: K 351 -1 75 1647 75 4356
G: K 352 1 75 4399 75 4900
G: P 353 1 75 4890 -1 -1
G: P 354 -1 -1 -1 76 12
G: K 355 1 76 422 76 1658
G: K 356 1 76 1657 76 2620
G: K 357 -1 76 2837 76 3512
G: K 358 1 76 3559 76 4114
G: P 359 1 76 4116 -1 -1
G: D 360 -1 -1 -1 -1 -1
G: P 361 1 -1 -1 77 61
G: K 362 -1 77 63 77 2208
G: K 363 -1 77 2361 77 3213
G: K 364 -1 77 3225 77 4416
G: D 365 1 -1 -1 -1 -1
G: P 366 1 -1 -1 78 219
G: K 367 -1 78 208 78 1465
G: K 368 1 78 1584 78 2073
G: K 369 1 78 2095 78 2464
G: K 370 1 78 2466 78 2640
G: K 371 -1 78 2654 78 2921
G: K 372 1 78 2984 78 3659
G: P 373 1 78 3651 -1 -1
G: D 477 1 -1 -1 -1 -1
G: P 374 1 -1 -1 79 1571
G: K 375 -1 79 1594 79 2395
G: K 376 -1 79 2384 79 3380
G: P 377 -1 79 3379 -1 -1
G: P 378 -1 -1 -1 80 432
G: K 379 -1 80 418 80 1396
G: K 380 -1 80 1388 80 2546
G: K 381 -1 80 2532 80 3378
G: K 382 -1 80 3378 80 4221
G: P 383 -1 80 4213 -1 -1
G: D 384 -1 -1 -1 -1 -1
G: D 385 -1 -1 -1 -1 -1
G: P 386 -1 -1 -1 81 1445
G: K 387 1 81 1473 81 3336
G: K 388 1 81 3328 81 3916
G: P 389 1 81 3908 -1 -1
G: P 519 -1 -1 -1 82 30
G: K 390 1 82 31 82 673
G: K 391 -1 82 669 82 1416
G: K 392 -1 82 1408 82 2713
G: K 393 -1 82 2712 82 3177
G: K 394 -1 82 3347 82 4058
G: K 395 -1 82 4060 83 3296
G: P 396 -1 83 3582 -1 -1
G: P 397 -1 83 4442 -1 -1
G: D 398 -1 -1 -1 -1 -1
G: P 399 -1 -1 -1 84 1139
G: K 400 -1 84 1246 84 2593
G: P 401 -1 84 2609 -1 -1
G: D 402 -1 -1 -1 -1 -1
G: D 403 -1 -1 -1 -1 -1
G: P 404 -1 -1 -1 85 1482
G: K 405 -1 85 1852 85 2311
G: P 406 -1 85 2311 -1 -1
G: D 407 -1 -1 -1 -1 -1
G: P 408 -1 -1 -1 86 826
G: K 409 -1 86 827 86 1667
G: K 410 -1 86 1666 86 3229
G: K 411 -1 86 3244 86 3772
G: P 412 -1 86 3764 -1 -1
G: D 413 -1 -1 -1 -1 -1
G: P 414 -1 -1 -1 87 229
G: K 415 -1 87 191 87 668
G: K 416 -1 87 673 87 2056
G: K 417 1 87 2122 87 2602
G: K 418 -1 87 2598 87 3276
G: P 419 -1 87 3278 -1 -1
G: P 420 -1 -1 -1 88 1073
G: K 421 -1 88 1072 88 2221
G: P 422 -1 88 2341 -1 -1
G: P 423 -1 -1 -1 89 1766
G: K 424 -1 89 1821 89 2220
G: K 425 -1 89 2225 89 2672
G: P 426 -1 89 2709 -1 -1
G: P 427 -1 -1 -1 90 2035
G: P 428 -1 90 2006 -1 -1
G: P 429 -1 -1 -1 91 352
G: K 430 -1 91 354 91 615
G: K 431 1 91 803 91 2171
G: K 432 1 91 2193 91 2385
G: K 433 1 91 2420 91 2852
G: K 434 1 91 2962 91 3478
G: P 435 -1 91 3474 -1 -1
G: P 436 -1 -1 -1 92 1153
G: K 437 -1 92 1145 92 1883
G: K 438 -1 92 1942 92 3148
G: P 439 1 92 3233 -1 -1
G: D 440 1 -1 -1 -1 -1
G: D 441 1 -1 -1 -1 -1
G: P 442 1 -1 -1 93 1139
G: K 443 1 93 1158 93 2331
G: K 444 -1 93 2735 93 3557
G: P 445 -1 93 3556 -1 -1
G: D 446 -1 -1 -1 -1 -1
G: P 447 -1 -1 -1 94 225
G: K 448 -1 94 199 94 1378
G: K 449 -1 94 1393 94 1756
G: K 450 -1 94 1739 94 2441
G: K 451 -1 94 2440 94 2728
G: P 452 -1 -1 -1 95 483
G: K 453 -1 95 483 95 939
G: K 517 1 95 1596 95 1953
G: K 454 -1 95 1954 95 2827
G: K 455 -1 95 2826 95 4011
G: P 456 1 95 4063 -1 -1
G: D 457 1 -1 -1 -1 -1
G: D 458 -1 -1 -1 -1 -1
G: P 459 1 -1 -1 96 716
G: K 460 -1 96 705 96 1737
G: P 461 -1 96 2289 -1 -1
G: D 462 -1 -1 -1 -1 -1
G: P 463 -1 -1 -1 97 77
G: K 464 1 97 249 97 1197
G: K 465 -1 97 1193 97 2498
G: K 466 -1 97 2478 97 3957
G: P 467 -1 97 3943 -1 -1
G: D 468 -1 -1 -1 -1 -1
G: D 469 -1 -1 -1 -1 -1
G: D 470 -1 -1 -1 -1 -1
G: P 471 -1 -1 -1 98 893
G: K 472 -1 98 896 99 818
G: K 473 -1 99 823 99 1678
G: K 474 -1 99 1740 99 3051
G: P 475 -1 99 3693 -1 -1
