The input genome is 591767 bp long, 473413 will be kept.
min distance 117
----------------------------------------
fragments: id start end
F: 0 731 5282
F: 1 6897 12074
F: 2 13168 18326
F: 3 19721 24397
F: 4 25742 30616
F: 5 31814 37445
F: 6 38730 42651
F: 7 44011 47952
F: 8 49725 53606
F: 9 54786 58873
F: 10 59859 65970
F: 11 67095 71118
F: 12 72273 76634
F: 13 77756 82098
F: 14 83105 88830
F: 15 89921 94852
F: 16 96373 101800
F: 17 102560 106820
F: 18 107788 113117
F: 19 114573 119244
F: 20 120306 124774
F: 21 125864 129854
F: 22 130733 135473
F: 23 137080 141553
F: 24 142626 146662
F: 25 147492 152189
F: 26 153058 157066
F: 27 158184 162063
F: 28 163658 169410
F: 29 170570 176463
F: 30 178133 182321
F: 31 183618 188498
F: 32 189574 194238
F: 33 195713 199933
F: 34 200453 206029
F: 35 207263 212136
F: 36 213171 218086
F: 37 219496 224734
F: 38 225632 229826
F: 39 230719 234825
F: 40 236705 241945
F: 41 243174 247762
F: 42 249054 253821
F: 43 255228 260010
F: 44 261513 266073
F: 45 267221 272156
F: 46 273203 278317
F: 47 279386 284854
F: 48 285878 290788
F: 49 292125 296890
F: 50 297877 302325
F: 51 303026 308714
F: 52 309641 315123
F: 53 316324 321237
F: 54 322508 326976
F: 55 328044 332681
F: 56 333730 339726
F: 57 340410 344390
F: 58 345300 349934
F: 59 351052 356038
F: 60 356594 360745
F: 61 362291 367625
F: 62 369123 374674
F: 63 375683 380933
F: 64 381880 387086
F: 65 388109 392794
F: 66 393793 397824
F: 67 399145 402718
F: 68 403899 408231
F: 69 409700 414956
F: 70 416405 421999
F: 71 423404 428057
F: 72 429496 433381
F: 73 434868 439771
F: 74 440881 445382
F: 75 446665 452486
F: 76 453568 458585
F: 77 459358 463998
F: 78 465255 470076
F: 79 471297 475777
F: 80 476966 482106
F: 81 483432 488545
F: 82 490645 495033
F: 83 496411 501147
F: 84 502280 506948
F: 85 508205 512428
F: 86 513393 517802
F: 87 518816 523160
F: 88 524142 528842
F: 89 529882 533927
F: 90 534831 539777
F: 91 541020 545295
F: 92 546854 550748
F: 93 552041 556212
F: 94 557523 561521
F: 95 562461 567199
F: 96 568814 573709
F: 97 574703 579793
F: 98 580799 585543
F: 99 586666 591650
----------------------------------------
genes: [Kept,Partial,Discared] locus strand fragment1 start_pos fragment2 end_pos 
G: P 0 1 -1 -1 0 1118
G: K 1 1 0 1117 0 2050
G: K 2 1 0 2134 0 4087
G: K 3 1 0 4101 1 446
G: K 4 1 1 417 1 1671
G: K 5 1 1 1674 1 2313
G: K 6 1 1 2285 1 3050
G: K 7 1 1 3052 1 4381
G: K 8 1 1 4380 1 5169
G: D 9 1 -1 -1 -1 -1
G: P 10 -1 -1 -1 2 435
G: K 11 -1 2 439 2 1321
G: K 12 -1 2 1277 2 2117
G: K 13 1 2 2455 2 4327
G: P 14 1 2 4373 -1 -1
G: P 15 1 -1 -1 3 2809
G: K 16 1 3 2850 3 4020
G: P 17 1 3 4003 -1 -1
G: P 18 1 -1 -1 4 465
G: K 19 1 4 494 4 926
G: K 20 1 4 931 4 1807
G: K 21 1 4 1807 4 2902
G: K 22 1 4 3104 4 4001
G: K 23 1 4 4004 4 4577
G: P 24 1 4 4545 -1 -1
G: D 25 1 -1 -1 -1 -1
G: P 26 -1 -1 -1 5 87
G: K 27 -1 5 88 5 706
G: K 28 -1 5 739 5 5113
G: K 29 1 5 5375 6 457
G: K 30 1 6 606 6 1383
G: K 31 -1 6 1351 6 1996
G: K 32 1 6 2024 6 3269
G: P 33 1 6 3258 -1 -1
G: P 34 1 -1 -1 7 994
G: K 35 -1 7 990 7 2535
G: K 36 -1 7 2525 7 3677
G: P 37 1 7 3835 -1 -1
G: P 38 1 -1 -1 8 178
G: K 39 1 8 375 8 2061
G: K 637 1 8 2064 8 2805
G: K 40 1 8 2806 8 3667
G: P 41 1 8 3653 -1 -1
G: P 42 1 -1 -1 9 922
G: K 43 1 9 923 9 1892
G: K 44 1 9 1875 9 3027
G: P 45 -1 9 3256 -1 -1
G: P 46 1 -1 -1 10 293
G: K 47 1 10 296 10 977
G: K 48 1 10 963 10 2226
G: K 49 1 10 2234 10 2627
G: K 50 1 10 2626 10 4306
G: K 51 -1 10 4279 10 5227
G: K 52 -1 10 5230 10 5608
G: K 53 -1 10 5614 10 5761
G: P 54 -1 10 5774 -1 -1
G: D 55 -1 -1 -1 -1 -1
G: P 56 -1 -1 -1 11 275
G: K 57 -1 11 253 11 1270
G: K 58 -1 11 1250 11 1688
G: K 59 1 11 1694 11 2600
G: P 60 -1 11 2575 -1 -1
G: P 61 1 -1 -1 12 1475
G: K 62 1 12 1425 12 2346
G: K 63 1 12 2601 13 1165
G: K 64 1 13 1164 13 2598
G: P 65 1 13 2601 -1 -1
G: P 66 1 -1 -1 14 805
G: K 67 1 14 828 14 2253
G: P 68 1 -1 -1 15 2380
G: K 69 1 15 2490 15 3351
G: P 70 1 15 3355 -1 -1
G: P 71 1 -1 -1 16 1965
G: K 72 1 16 1942 16 3940
G: K 73 1 16 3942 16 4365
G: K 74 1 16 4428 17 1316
G: K 75 -1 17 1312 17 1729
G: K 76 1 17 1962 17 3183
G: P 77 1 17 3175 -1 -1
G: P 78 1 -1 -1 18 288
G: K 79 1 18 287 18 2834
G: K 80 1 18 2889 18 3309
G: K 81 1 18 3308 18 3989
G: K 82 1 18 3988 18 4555
G: P 83 1 18 4547 -1 -1
G: D 84 1 -1 -1 -1 -1
G: P 85 1 -1 -1 19 739
G: K 86 1 19 767 19 1196
G: K 88 1 19 1221 19 3306
G: K 89 1 19 3354 19 3984
G: K 90 1 19 3984 19 4464
G: P 91 1 19 4453 -1 -1
G: D 92 1 -1 -1 -1 -1
G: P 93 1 -1 -1 20 913
G: K 94 1 20 916 20 2113
G: K 95 1 20 2296 20 4249
G: P 96 1 20 4305 -1 -1
G: P 97 1 -1 -1 21 1033
G: K 98 1 21 1035 21 2478
G: K 99 1 21 2470 21 3919
G: P 100 1 21 3893 -1 -1
G: P 101 1 -1 -1 22 639
G: K 102 1 22 628 22 1471
G: K 103 1 22 1492 22 1729
G: K 104 1 22 1731 22 3909
G: K 105 1 22 3916 22 4525
G: P 106 -1 22 4499 -1 -1
G: D 107 1 -1 -1 -1 -1
G: P 108 1 -1 -1 23 138
G: K 109 1 23 122 23 1286
G: K 110 1 23 1272 23 2121
G: K 111 1 23 2135 23 3452
G: K 112 1 23 3438 23 4071
G: P 113 1 23 4084 -1 -1
G: P 114 1 -1 -1 24 585
G: K 115 1 24 609 24 1074
G: K 116 1 24 1082 24 1844
G: K 117 1 24 1836 24 2481
G: K 118 1 24 2461 24 3487
G: K 119 1 24 3501 25 330
G: K 120 1 25 336 25 1920
G: K 121 1 25 1922 25 2849
G: P 122 1 25 2888 -1 -1
G: P 123 1 -1 -1 26 857
G: K 124 1 26 903 26 1224
G: K 125 1 26 1229 26 2105
G: K 126 -1 26 2085 26 3135
G: K 127 1 26 3170 26 3608
G: P 128 1 26 3615 -1 -1
G: D 129 1 -1 -1 -1 -1
G: P 130 1 -1 -1 27 1081
G: K 131 -1 27 1641 27 2067
G: K 132 -1 27 2047 27 2839
G: K 133 1 27 2858 27 3161
G: P 134 -1 27 3132 -1 -1
G: P 135 1 -1 -1 28 73
G: K 136 1 28 14 28 1229
G: K 137 1 28 1228 28 3007
G: K 138 1 28 3090 28 4800
G: P 139 1 -1 -1 30 2291
G: K 140 1 30 2295 30 3891
G: K 141 1 30 3890 30 4157
G: K 142 1 30 4140 31 530
G: K 143 1 31 516 31 867
G: K 144 1 31 891 31 1755
G: K 145 1 31 1754 31 2564
G: K 146 1 31 2576 31 3863
G: P 147 1 31 3849 -1 -1
G: P 148 1 -1 -1 32 319
G: K 149 1 32 394 32 1252
G: K 150 1 32 1291 32 1762
G: K 151 1 32 1851 32 2172
G: K 152 1 32 2175 32 2940
G: K 153 1 32 2939 32 3572
G: K 154 1 32 3575 32 3896
G: P 155 1 32 3895 -1 -1
G: D 156 1 -1 -1 -1 -1
G: D 157 1 -1 -1 -1 -1
G: P 635 1 -1 -1 33 380
G: K 158 1 33 381 33 1188
G: K 159 1 33 1193 33 1613
G: K 160 1 33 1612 33 2218
G: K 161 1 33 2217 33 2475
G: K 162 1 33 2478 33 2850
G: K 163 1 33 2849 33 3188
G: K 164 1 33 3193 33 3733
G: K 165 1 33 3735 33 3915
G: P 166 1 33 3908 -1 -1
G: P 167 1 -1 -1 34 170
G: K 168 1 34 171 34 519
G: K 169 1 34 523 34 1150
G: K 170 1 34 1155 34 1608
G: K 171 1 34 1607 34 3035
G: K 172 1 34 3028 34 3694
G: K 173 1 34 3696 34 4443
G: K 174 1 34 4442 34 4658
G: K 175 1 34 4668 34 4785
G: K 176 1 34 4784 34 5159
G: K 177 1 34 5158 34 5524
G: P 178 1 34 5539 -1 -1
G: P 636 1 -1 -1 35 477
G: K 179 1 35 478 35 850
G: K 180 1 35 836 35 1658
G: K 181 1 35 1642 35 2584
G: K 182 1 35 2576 35 3860
G: K 183 1 35 3852 35 4587
G: K 184 1 35 4576 36 531
G: K 185 1 36 531 36 1497
G: K 514 -1 36 1595 36 2504
G: K 186 1 36 2505 36 4626
G: K 187 1 37 767 37 1532
G: K 188 1 37 1524 37 3312
G: K 189 1 37 3314 37 4304
G: K 190 1 37 4275 37 5232
G: P 191 1 -1 -1 38 215
G: P 192 1 38 221 -1 -1
G: P 193 1 -1 -1 39 2689
G: P 194 1 -1 -1 40 676
G: K 195 1 40 679 40 3124
G: K 196 1 40 3182 40 3728
G: K 197 1 40 3730 40 3913
G: K 198 1 40 3915 40 4290
G: K 199 1 40 5015 41 352
G: K 200 1 41 363 41 1026
G: K 201 1 41 1035 41 1404
G: K 202 1 41 1531 41 3433
G: P 203 1 41 3432 -1 -1
G: P 204 -1 -1 -1 42 965
G: K 205 1 42 1000 42 2854
G: K 206 1 42 2834 42 3335
G: K 207 -1 42 3327 42 3939
G: P 208 -1 42 3919 -1 -1
G: D 209 -1 -1 -1 -1 -1
G: P 210 1 -1 -1 43 125
G: K 211 1 43 124 43 319
G: K 212 1 43 320 43 752
G: K 213 1 43 754 43 1093
G: K 214 1 43 1085 43 1898
G: K 215 1 43 1890 43 3312
G: K 216 1 43 3289 43 3922
G: P 217 1 43 3940 -1 -1
G: P 218 1 -1 -1 44 156
G: K 219 1 44 1075 44 2194
G: K 220 1 44 2211 45 1936
G: K 221 1 45 1938 45 2982
G: K 222 1 45 2938 45 3403
G: K 223 -1 45 3434 45 3722
G: K 224 1 45 4031 45 4454
G: P 225 1 45 4443 -1 -1
G: P 226 1 -1 -1 46 628
G: K 227 1 46 630 46 1740
G: K 228 1 46 1785 46 3303
G: K 229 1 46 3265 46 4747
G: D 230 1 -1 -1 -1 -1
G: P 231 1 -1 -1 47 387
G: K 232 1 47 392 47 1427
G: K 233 1 47 1430 47 1910
G: K 234 1 47 1928 47 4118
G: K 235 1 47 4210 47 4513
G: K 236 1 47 4505 47 4811
G: K 237 1 47 4806 47 5118
G: P 238 1 47 5110 -1 -1
G: D 239 1 -1 -1 -1 -1
G: P 240 1 -1 -1 48 813
G: K 241 1 48 842 48 2207
G: K 242 1 48 2275 48 4663
G: P 243 -1 48 4659 -1 -1
G: P 244 1 -1 -1 49 1419
G: K 245 1 49 1424 49 3326
G: K 246 1 49 4014 50 392
G: K 247 1 50 394 50 901
G: K 248 1 50 893 50 1739
G: K 249 -1 50 1722 50 2439
G: K 250 -1 50 2428 50 3082
G: P 251 -1 50 3065 -1 -1
G: P 252 -1 -1 -1 51 1287
G: K 253 -1 51 1276 51 2626
G: K 254 -1 51 2645 51 3383
G: K 255 -1 51 3385 51 4693
G: K 634 -1 51 4696 51 5038
G: K 256 -1 51 5039 52 428
G: K 257 1 52 603 52 1701
G: K 258 1 52 1804 52 2278
G: K 259 1 52 2444 52 3227
G: K 260 1 52 3272 52 3572
G: K 261 1 52 3571 52 4666
G: P 262 1 52 4666 -1 -1
G: P 513 1 -1 -1 53 767
G: K 263 1 53 768 53 3120
G: P 264 1 -1 -1 54 2513
G: K 633 -1 54 2518 54 3079
G: K 265 1 54 3080 54 3956
G: P 266 1 54 3955 -1 -1
G: P 267 1 -1 -1 55 286
G: K 268 1 55 279 55 888
G: K 269 -1 55 820 55 1669
G: K 270 -1 55 1687 55 4066
G: K 271 -1 55 4066 55 4417
G: P 272 -1 55 4450 -1 -1
G: P 273 -1 -1 -1 56 615
G: K 274 -1 56 995 56 2012
G: K 275 -1 56 2022 56 3414
G: K 276 -1 56 3417 56 4575
G: K 277 -1 56 4824 56 5805
G: K 278 -1 56 5822 57 219
G: K 279 -1 57 246 57 1698
G: K 280 -1 57 1780 57 2329
G: K 281 -1 57 2342 58 386
G: K 282 1 58 428 58 2636
G: K 283 -1 58 2632 58 3292
G: K 284 -1 58 3281 58 4094
G: K 285 -1 58 4154 59 100
G: K 286 -1 59 761 59 1247
G: K 287 1 59 1578 59 3042
G: K 288 1 59 3259 59 3673
G: K 289 1 59 3632 59 4691
G: P 290 1 59 4693 -1 -1
G: P 291 1 -1 -1 60 40
G: P 292 1 -1 -1 61 330
G: K 293 1 61 319 61 1060
G: K 294 1 61 1046 61 2699
G: K 295 -1 61 2695 61 3118
G: P 296 -1 61 3117 -1 -1
G: D 297 -1 -1 -1 -1 -1
G: P 298 -1 -1 -1 62 1209
G: K 299 -1 62 1326 62 2433
G: K 300 -1 62 2435 62 2825
G: K 301 -1 62 2944 62 4000
G: K 302 -1 62 4006 63 473
G: K 303 -1 63 675 63 1668
G: K 304 -1 63 1685 63 2936
G: K 305 -1 63 2937 63 3966
G: K 306 -1 63 3996 63 4950
G: P 307 -1 63 4928 -1 -1
G: P 308 -1 -1 -1 64 617
G: K 309 -1 64 742 64 2569
G: K 310 -1 64 2656 64 3853
G: K 311 -1 64 3852 65 1163
G: K 312 -1 65 1147 65 2389
G: K 313 -1 65 2395 66 413
G: K 314 1 66 466 66 1273
G: K 315 -1 66 1279 66 1894
G: P 316 -1 66 1916 -1 -1
G: K 317 -1 67 43 67 907
G: K 318 -1 67 951 67 2274
G: K 319 -1 67 2297 67 3197
G: P 320 -1 67 3123 -1 -1
G: P 321 -1 -1 -1 68 1322
G: K 322 -1 68 1336 68 2182
G: K 323 -1 68 2198 68 2747
G: K 324 -1 68 2850 68 3729
G: K 325 -1 68 4049 69 1065
G: K 326 -1 69 1864 69 3541
G: K 327 1 69 3597 69 4281
G: P 328 -1 69 5116 -1 -1
G: P 329 -1 -1 -1 70 245
G: K 330 -1 70 244 70 406
G: K 331 -1 70 422 70 1304
G: K 332 -1 70 1316 70 2105
G: K 333 -1 70 2088 70 4365
G: P 334 -1 70 4403 -1 -1
G: D 335 -1 -1 -1 -1 -1
G: P 336 -1 -1 -1 71 88
G: K 337 -1 71 75 71 804
G: K 338 -1 71 1440 71 3981
G: K 339 -1 71 3970 71 4546
G: P 340 -1 71 4553 -1 -1
G: D 341 1 -1 -1 -1 -1
G: P 342 1 -1 -1 72 1132
G: K 343 1 72 1135 72 1552
G: P 344 -1 72 1538 -1 -1
G: K 345 -1 73 156 73 1179
G: K 346 -1 73 3646 74 1524
G: P 347 -1 74 1533 -1 -1
G: K 348 -1 75 32 75 542
G: K 349 -1 75 620 75 1652
G: K 350 -1 75 1655 75 2477
G: K 351 -1 75 2487 75 5184
G: K 352 1 75 5227 75 5746
G: P 353 1 75 5736 -1 -1
G: P 354 -1 -1 -1 76 631
G: K 355 1 76 1041 76 2271
G: K 356 1 76 2270 76 3209
G: K 357 -1 76 3426 76 4107
G: K 358 1 76 4154 76 4712
G: P 359 1 76 4714 -1 -1
G: D 360 -1 -1 -1 -1 -1
G: P 361 1 -1 -1 77 325
G: K 362 -1 77 327 77 2490
G: K 363 -1 77 2643 77 3504
G: P 364 -1 77 3516 -1 -1
G: P 365 1 -1 -1 78 247
G: K 366 1 78 215 78 1145
G: K 367 -1 78 1134 78 2388
G: K 368 1 78 2507 78 2996
G: K 369 1 78 3018 78 3387
G: K 370 1 78 3389 78 3566
G: K 371 -1 78 3580 78 3847
G: K 372 1 78 3910 78 4591
G: P 373 1 78 4583 -1 -1
G: P 374 1 -1 -1 79 1500
G: K 375 -1 79 1523 79 2321
G: K 376 -1 79 2310 79 3297
G: P 377 -1 79 3296 -1 -1
G: P 378 -1 -1 -1 80 359
G: K 379 -1 80 342 80 1320
G: K 380 -1 80 1312 80 2476
G: K 381 -1 80 2462 80 3305
G: K 382 -1 80 3305 80 4142
G: P 383 -1 80 4134 -1 -1
G: D 384 -1 -1 -1 -1 -1
G: P 385 -1 -1 -1 81 273
G: K 386 -1 81 319 81 1945
G: K 387 1 81 1973 81 3830
G: K 388 1 81 3822 81 4416
G: K 389 1 81 4408 81 5068
G: D 390 1 -1 -1 -1 -1
G: D 391 -1 -1 -1 -1 -1
G: P 392 -1 -1 -1 82 1016
G: K 393 -1 82 1015 82 1471
G: K 394 -1 82 1641 82 2370
G: K 512 -1 82 2371 82 3025
G: K 395 -1 82 3026 83 2162
G: K 396 -1 83 2448 83 3324
G: K 397 -1 83 3311 83 3776
G: K 398 -1 83 3759 83 4146
G: K 399 -1 83 4149 84 257
G: K 400 -1 84 364 84 1711
G: K 401 -1 84 1727 84 3359
G: K 402 -1 84 3371 84 3707
G: P 403 -1 84 3832 -1 -1
G: P 404 -1 -1 -1 85 721
G: K 405 -1 85 1091 85 1544
G: K 406 -1 85 1544 85 3248
G: K 407 -1 85 3249 85 3648
G: P 408 -1 85 3652 -1 -1
G: P 409 -1 -1 -1 86 751
G: K 410 -1 86 750 86 2307
G: K 411 -1 86 2322 86 2853
G: K 412 -1 86 2845 86 3481
G: K 413 -1 86 3483 86 3795
G: P 414 -1 86 3797 -1 -1
G: D 415 -1 -1 -1 -1 -1
G: P 416 -1 -1 -1 87 1077
G: K 417 1 87 1143 87 1611
G: K 418 -1 87 1607 87 2300
G: K 419 -1 87 2302 87 3325
G: P 420 -1 87 3309 -1 -1
G: P 421 -1 -1 -1 88 1105
G: K 422 -1 88 1225 88 4369
G: K 423 -1 88 4433 89 742
G: K 424 -1 89 797 89 1202
G: K 425 -1 89 1207 89 1648
G: K 426 -1 89 1685 89 3485
G: K 427 -1 89 3490 90 1418
G: K 428 -1 90 1389 90 3912
G: P 429 -1 90 3949 -1 -1
G: D 430 -1 -1 -1 -1 -1
G: P 431 1 -1 -1 91 1274
G: K 432 1 91 1296 91 1497
G: K 433 1 91 1532 91 1964
G: K 434 1 91 2074 91 2590
G: P 435 -1 91 2586 -1 -1
G: D 436 -1 -1 -1 -1 -1
G: P 437 -1 -1 -1 92 728
G: K 438 -1 92 787 92 1984
G: K 439 1 92 2069 92 2972
G: K 440 1 92 2946 92 3699
G: P 441 1 92 3698 -1 -1
G: P 442 1 -1 -1 93 260
G: K 443 1 93 279 93 1446
G: K 444 -1 93 1850 93 2678
G: K 445 -1 93 2677 93 3460
G: K 446 -1 93 3602 93 4016
G: D 447 -1 -1 -1 -1 -1
G: P 448 -1 -1 -1 94 682
G: K 449 -1 94 697 94 1060
G: K 450 -1 94 1043 94 1742
G: K 451 -1 94 1741 94 2029
G: P 452 -1 94 2639 -1 -1
G: D 453 -1 -1 -1 -1 -1
G: K 454 -1 95 480 95 1365
G: K 455 -1 95 1364 95 2570
G: K 456 1 95 2622 95 3420
G: K 457 1 95 3404 95 4286
G: P 458 -1 95 4272 -1 -1
G: P 459 1 95 4729 -1 -1
G: P 460 -1 -1 -1 96 564
G: K 461 -1 96 1116 96 3225
G: K 462 -1 96 3402 96 3927
G: K 463 -1 96 3928 96 4441
G: K 515 1 96 4612 97 802
G: K 464 1 97 803 97 1736
G: K 465 -1 97 1732 97 3013
G: K 466 -1 97 2993 97 4445
G: P 467 -1 97 4431 -1 -1
G: P 468 -1 -1 -1 98 301
G: K 469 -1 98 278 98 671
G: K 470 -1 98 639 98 783
G: K 471 -1 98 808 98 1744
G: K 472 -1 98 1747 99 1337
G: K 473 -1 99 1342 99 2206
G: K 474 -1 99 2268 99 3582
G: P 475 -1 99 4224 -1 -1
