The input genome is 600734 bp long, 480587 will be kept.
min distance 118
----------------------------------------
fragments: id start end
F: 0 690 5318
F: 1 6872 12162
F: 2 13355 18599
F: 3 20080 24831
F: 4 26065 31051
F: 5 32162 37815
F: 6 39108 43094
F: 7 44502 48443
F: 8 49995 54196
F: 9 55334 59475
F: 10 60642 66787
F: 11 68003 72043
F: 12 73367 77728
F: 13 79016 83358
F: 14 84358 90091
F: 15 91144 96114
F: 16 97541 103249
F: 17 104009 108320
F: 18 109366 114695
F: 19 116149 120855
F: 20 121976 126494
F: 21 127826 131816
F: 22 132620 137534
F: 23 139065 143641
F: 24 144703 148756
F: 25 149703 154417
F: 26 155224 159295
F: 27 160367 164293
F: 28 165841 171682
F: 29 172893 178871
F: 30 180602 184820
F: 31 186111 191094
F: 32 192317 196981
F: 33 198409 202689
F: 34 203184 208798
F: 35 210101 214974
F: 36 216099 221078
F: 37 222377 227792
F: 38 228795 233050
F: 39 234050 238175
F: 40 240051 245456
F: 41 246720 251524
F: 42 252721 257607
F: 43 259281 264072
F: 44 265483 270136
F: 45 271239 276220
F: 46 277380 282512
F: 47 283582 289050
F: 48 290103 295104
F: 49 296274 301202
F: 50 302259 306880
F: 51 307702 313390
F: 52 314481 319963
F: 53 321174 326132
F: 54 327193 331871
F: 55 333121 337758
F: 56 338816 344955
F: 57 345719 349699
F: 58 350602 355395
F: 59 356460 361568
F: 60 362204 366439
F: 61 368134 373468
F: 62 375094 380704
F: 63 381657 387073
F: 64 388026 393284
F: 65 394282 399020
F: 66 400017 404101
F: 67 405628 409211
F: 68 410468 414800
F: 69 416276 421534
F: 70 422962 428647
F: 71 430037 434842
F: 72 436219 440202
F: 73 441700 446689
F: 74 447827 452372
F: 75 453650 459627
F: 76 460729 465816
F: 77 466648 471319
F: 78 472684 477528
F: 79 478730 483293
F: 80 484414 489656
F: 81 490849 496117
F: 82 497941 502560
F: 83 504021 508757
F: 84 509891 514644
F: 85 515934 520157
F: 86 521185 525594
F: 87 526592 531063
F: 88 532108 536808
F: 89 537648 541894
F: 90 542938 547884
F: 91 548898 553411
F: 92 555011 558993
F: 93 560253 564484
F: 94 565987 569985
F: 95 571217 575955
F: 96 577417 582506
F: 97 583556 588646
F: 98 589731 594497
F: 99 595632 600616
----------------------------------------
genes: [Kept,Partial,Discared] locus strand fragment1 start_pos fragment2 end_pos 
G: P 0 1 -1 -1 0 1162
G: K 1 1 0 1161 0 2100
G: K 2 1 0 2184 0 4155
G: K 3 1 0 4169 1 513
G: K 4 1 1 487 1 1774
G: K 5 1 1 1774 1 2422
G: K 6 1 1 2394 1 3150
G: K 7 1 1 3152 1 4508
G: P 8 1 1 4507 -1 -1
G: D 9 1 -1 -1 -1 -1
G: P 10 -1 -1 -1 2 350
G: K 11 -1 2 354 2 1221
G: K 12 -1 2 1180 2 2020
G: K 13 1 2 2358 2 4278
G: P 14 1 2 4324 -1 -1
G: P 15 1 -1 -1 3 2522
G: K 16 1 3 2563 3 3757
G: K 17 1 3 3740 3 4670
G: K 18 1 3 4669 4 256
G: K 19 1 4 285 4 729
G: K 20 1 4 734 4 1601
G: K 21 1 4 1601 4 2705
G: K 22 1 4 2907 4 3825
G: K 23 1 4 3828 4 4404
G: K 24 1 4 4372 4 4831
G: P 25 1 4 4830 -1 -1
G: D 26 -1 -1 -1 -1 -1
G: P 27 -1 -1 -1 5 544
G: K 747 1 5 576 5 1560
G: P 28 -1 5 1561 -1 -1
G: P 29 1 -1 -1 6 1288
G: K 30 1 6 1437 6 2217
G: K 31 -1 6 2185 6 2827
G: K 608 1 6 2854 6 3655
G: P 32 1 6 3656 -1 -1
G: P 33 1 -1 -1 7 1164
G: K 34 1 7 1136 7 2537
G: P 35 -1 7 2533 -1 -1
G: D 36 -1 -1 -1 -1 -1
G: P 37 1 -1 -1 8 1691
G: K 38 1 8 1711 8 1981
G: K 39 1 8 2178 8 3891
G: P 40 1 8 3895 -1 -1
G: P 41 1 -1 -1 9 270
G: K 42 1 9 254 9 1718
G: K 43 1 9 1719 9 2688
G: K 44 1 9 2671 9 3841
G: K 45 -1 9 4070 10 121
G: K 46 1 10 173 10 902
G: K 47 1 10 905 10 1586
G: K 48 1 10 1572 10 2844
G: K 749 -1 10 2851 10 3835
G: K 49 1 10 3836 10 4232
G: K 50 1 10 4231 10 5884
G: P 51 -1 10 5860 -1 -1
G: D 52 -1 -1 -1 -1 -1
G: P 53 -1 -1 -1 11 14
G: K 54 -1 11 27 11 417
G: K 55 -1 11 400 11 1237
G: K 56 -1 11 1218 11 1755
G: K 57 -1 11 1733 11 2729
G: K 58 -1 11 2706 11 3150
G: P 59 1 11 3156 -1 -1
G: P 60 -1 -1 -1 12 359
G: K 61 1 12 663 12 2706
G: K 62 1 12 2659 12 3577
G: K 63 1 12 3832 13 2200
G: K 64 1 13 2199 13 3600
G: K 65 1 13 3603 14 238
G: K 66 1 14 248 14 1814
G: K 67 1 14 1837 14 3307
G: K 68 1 15 704 15 3491
G: K 69 1 15 3601 15 4462
G: K 70 1 15 4466 16 751
G: K 71 1 16 737 16 3176
G: K 72 1 16 3153 16 5190
G: K 73 1 16 5192 16 5612
G: K 74 1 16 5675 17 2300
G: K 75 -1 17 2296 17 2716
G: K 76 1 17 2949 17 4173
G: P 77 1 17 4165 -1 -1
G: P 503 1 -1 -1 18 575
G: K 78 1 18 576 18 1785
G: K 79 1 18 1784 18 4355
G: K 80 1 18 4410 18 4830
G: P 81 1 18 4829 -1 -1
G: D 82 1 -1 -1 -1 -1
G: P 83 1 -1 -1 19 176
G: K 84 1 19 176 19 1121
G: K 85 1 19 1113 19 2274
G: K 86 1 19 2302 19 2728
G: K 87 1 19 2744 19 3218
G: P 88 1 19 3227 -1 -1
G: P 89 1 -1 -1 20 172
G: K 90 1 20 172 20 658
G: K 91 1 20 647 20 971
G: K 92 1 20 973 20 1426
G: K 93 1 20 1409 20 2810
G: K 94 1 20 2813 20 4016
G: K 95 1 20 4199 21 302
G: K 96 1 21 358 21 1117
G: K 97 1 21 1216 21 2683
G: P 98 1 21 2685 -1 -1
G: P 99 1 -1 -1 22 778
G: K 100 1 22 752 22 1439
G: K 101 1 22 1431 22 2382
G: K 102 1 22 2371 22 3226
G: K 103 1 22 3247 22 3484
G: P 104 1 22 3486 -1 -1
G: D 105 1 -1 -1 -1 -1
G: P 106 -1 -1 -1 23 406
G: K 107 1 23 446 23 1025
G: K 108 1 23 1024 23 1825
G: K 109 1 23 1809 23 2997
G: K 110 1 23 2983 23 3823
G: P 111 1 23 3837 -1 -1
G: P 112 1 -1 -1 24 138
G: K 113 1 24 151 24 1540
G: K 114 1 24 1475 24 2192
G: K 115 1 24 2216 24 2693
G: K 116 1 24 2701 24 3478
G: P 117 1 24 3470 -1 -1
G: P 118 1 -1 -1 25 163
G: K 119 1 25 177 25 1890
G: K 120 1 25 1896 25 3456
G: K 121 1 25 3458 25 4382
G: K 122 1 25 4421 26 1030
G: K 123 1 26 1007 26 2426
G: K 124 1 26 2472 26 2781
G: K 125 1 26 2786 26 3653
G: P 126 -1 26 3633 -1 -1
G: P 127 1 -1 -1 27 22
G: K 128 1 27 29 27 809
G: K 129 1 27 808 27 1168
G: K 130 1 27 1154 27 2615
G: K 131 -1 27 3175 27 3601
G: P 132 -1 27 3578 -1 -1
G: D 133 1 -1 -1 -1 -1
G: P 134 -1 -1 -1 28 68
G: K 135 1 28 116 28 1592
G: K 136 1 28 1533 28 2769
G: K 137 1 28 2768 28 4610
G: P 138 1 28 4693 -1 -1
G: K 139 1 30 287 30 3692
G: P 140 1 30 3696 -1 -1
G: P 141 1 -1 -1 31 103
G: K 142 1 31 86 31 1946
G: K 143 1 31 1935 31 2268
G: K 144 1 31 2289 31 3138
G: K 145 1 31 3137 31 3968
G: P 146 1 31 3980 -1 -1
G: P 147 1 -1 -1 32 229
G: K 148 1 32 267 32 1518
G: K 149 1 32 1593 32 2439
G: K 150 1 32 2478 32 2952
G: K 607 1 32 3040 32 3127
G: K 151 1 32 3128 32 3452
G: K 152 1 32 3455 32 4223
G: P 153 1 32 4222 -1 -1
G: D 154 1 -1 -1 -1 -1
G: D 155 1 -1 -1 -1 -1
G: P 156 1 -1 -1 33 225
G: K 157 1 33 227 33 656
G: K 158 1 33 658 33 1477
G: K 159 1 33 1482 33 1908
G: K 160 1 33 1907 33 2516
G: K 161 1 33 2515 33 2779
G: K 162 1 33 2782 33 3160
G: K 163 1 33 3159 33 3492
G: K 164 1 33 3497 33 4046
G: K 165 1 33 4048 33 4234
G: P 166 1 33 4227 -1 -1
G: P 167 1 -1 -1 34 433
G: K 168 1 34 434 34 800
G: K 169 1 34 804 34 1464
G: K 170 1 34 1469 34 1931
G: K 171 1 34 1930 34 3367
G: K 172 1 34 3360 34 4008
G: K 173 1 34 4010 34 4760
G: K 174 1 34 4759 34 4972
G: K 175 1 34 4982 34 5096
G: K 176 1 34 5095 34 5482
G: P 177 1 34 5481 -1 -1
G: D 178 1 -1 -1 -1 -1
G: P 179 1 -1 -1 35 337
G: K 180 1 35 320 35 1172
G: K 181 1 35 1156 35 2080
G: K 182 1 35 2072 35 3344
G: K 183 1 35 3336 35 4086
G: P 184 1 35 4075 -1 -1
G: P 185 1 -1 -1 36 912
G: K 186 1 36 1011 36 3138
G: P 187 1 -1 -1 37 91
G: K 188 1 37 83 37 1898
G: K 189 1 37 1900 37 2911
G: K 190 1 37 2882 37 3839
G: K 191 1 37 4007 37 4979
G: K 192 1 37 4985 38 2938
G: K 193 1 38 2939 39 858
G: P 194 1 39 3796 -1 -1
G: P 195 1 -1 -1 40 1377
G: K 196 1 40 1435 40 1990
G: K 197 1 40 1992 40 2172
G: K 198 1 40 2174 40 2549
G: K 199 1 40 3274 40 5101
G: P 200 1 40 5112 -1 -1
G: D 201 1 -1 -1 -1 -1
G: P 202 1 -1 -1 41 1531
G: K 203 1 41 1530 41 3897
G: P 204 -1 41 3893 -1 -1
G: P 205 1 -1 -1 42 777
G: K 206 1 42 757 42 1252
G: K 207 -1 42 1244 42 1838
G: K 208 -1 42 1821 42 2748
G: K 209 -1 42 2747 42 3299
G: K 210 1 42 3499 42 4156
G: K 211 1 42 4155 42 4344
G: K 212 1 42 4345 42 4804
G: P 213 1 42 4806 -1 -1
G: D 214 1 -1 -1 -1 -1
G: P 215 1 -1 -1 43 831
G: K 216 1 43 814 43 1438
G: K 217 1 43 1456 43 2440
G: K 218 1 43 2442 43 3987
G: D 219 1 -1 -1 -1 -1
G: D 220 1 -1 -1 -1 -1
G: P 221 1 -1 -1 45 614
G: K 222 1 45 573 45 1020
G: K 223 -1 45 1051 45 1336
G: K 224 1 45 1645 45 2074
G: K 225 1 45 2063 45 2996
G: K 226 1 45 2997 45 4248
G: P 227 1 45 4250 -1 -1
G: P 228 1 -1 -1 46 755
G: K 229 1 46 726 46 2217
G: K 746 -1 46 2258 46 2564
G: K 230 1 46 2994 46 3861
G: K 231 1 46 3860 46 4343
G: P 232 1 46 4348 -1 -1
G: D 233 1 -1 -1 -1 -1
G: P 234 1 -1 -1 47 1839
G: K 505 -1 47 1930 47 2350
G: K 610 -1 47 2350 47 2827
G: K 235 1 47 2828 47 3131
G: K 236 1 47 3123 47 3423
G: K 237 1 47 3415 47 3733
G: K 238 1 47 3725 47 4601
G: K 239 1 47 4590 47 5013
G: P 240 1 47 5005 -1 -1
G: P 241 1 -1 -1 48 748
G: K 242 1 48 816 48 3273
G: K 243 -1 48 3269 48 4328
G: K 244 1 48 4380 49 87
G: K 245 1 49 92 49 1985
G: K 246 1 49 2673 49 4800
G: P 247 1 49 4802 -1 -1
G: P 248 1 -1 -1 50 168
G: K 249 -1 50 151 50 889
G: K 250 -1 50 875 50 1544
G: K 251 -1 50 1527 50 3033
G: P 252 -1 50 3077 -1 -1
G: P 253 -1 -1 -1 51 824
G: K 254 -1 51 843 51 1566
G: K 255 -1 51 1568 51 2870
G: K 256 -1 51 2874 51 4863
G: P 257 1 51 5038 -1 -1
G: D 258 1 -1 -1 -1 -1
G: K 259 1 52 103 52 874
G: K 260 1 52 919 52 1213
G: K 261 1 52 1212 52 2307
G: K 262 1 52 2307 52 3702
G: P 263 1 52 3832 -1 -1
G: P 264 1 53 2362 -1 -1
G: D 265 1 -1 -1 -1 -1
G: P 266 1 -1 -1 54 746
G: K 748 -1 54 860 54 1160
G: K 267 1 54 1161 54 2037
G: K 268 1 54 2030 54 2630
G: K 269 -1 54 2565 54 3411
G: P 270 -1 54 3429 -1 -1
G: P 271 -1 -1 -1 55 237
G: K 272 -1 55 270 55 966
G: K 273 -1 55 1116 55 2148
G: K 274 -1 55 2528 55 3551
G: P 275 -1 55 3561 -1 -1
G: P 276 -1 -1 -1 56 407
G: K 277 -1 56 656 56 1655
G: K 278 -1 56 1672 56 2755
G: K 279 -1 56 2782 56 4219
G: K 280 -1 56 4301 56 4847
G: K 281 -1 56 4860 57 915
G: K 282 1 57 957 57 3141
G: K 283 -1 57 3137 57 3797
G: P 284 -1 57 3789 -1 -1
G: P 285 -1 -1 -1 58 1462
G: K 286 -1 58 2123 58 2618
G: K 287 1 58 2949 58 4431
G: P 288 1 58 4651 -1 -1
G: P 289 1 -1 -1 59 210
G: K 290 1 59 212 59 803
G: K 291 1 59 834 59 1092
G: K 292 1 60 234 60 1341
G: K 293 1 60 1333 60 2074
G: K 294 1 60 2063 60 3701
G: K 295 -1 60 3697 60 4117
G: K 296 -1 60 4116 61 898
G: K 297 -1 61 955 61 1720
G: K 298 -1 61 1712 61 3182
G: K 299 -1 61 3299 61 4403
G: K 300 -1 61 4405 61 4795
G: P 301 -1 61 4914 -1 -1
G: P 302 -1 -1 -1 62 1992
G: K 303 -1 62 2194 62 3160
G: K 304 -1 62 3177 62 4407
G: K 305 -1 62 4408 62 5440
G: P 306 -1 62 5470 -1 -1
G: P 307 -1 -1 -1 63 949
G: K 308 -1 63 930 63 1752
G: K 309 -1 63 1877 63 3680
G: K 310 -1 63 3767 63 4949
G: K 311 -1 63 4948 64 2125
G: K 312 -1 64 2106 64 3366
G: K 501 -1 64 3371 64 4760
G: K 313 -1 64 4761 65 2273
G: K 314 1 65 2326 65 3139
G: K 315 -1 65 3145 65 3772
G: K 316 -1 65 3794 66 1512
G: K 317 -1 66 1571 66 2438
G: K 318 -1 66 2482 66 3829
G: P 319 -1 66 3852 -1 -1
G: P 320 -1 -1 -1 67 195
G: K 321 -1 67 235 67 2041
G: K 322 -1 67 2055 67 2919
G: K 323 -1 67 2935 67 3460
G: P 324 -1 67 3563 -1 -1
G: P 325 -1 -1 -1 68 2778
G: P 326 -1 68 3577 -1 -1
G: P 327 1 -1 -1 69 204
G: K 500 -1 69 1038 69 4845
G: P 328 -1 69 4846 -1 -1
G: P 329 -1 -1 -1 70 3
G: K 330 -1 70 2 70 167
G: K 331 -1 70 183 70 1077
G: K 332 -1 70 1089 70 1923
G: K 333 -1 70 1912 70 4207
G: K 334 -1 70 4245 70 5628
G: P 335 -1 70 5631 -1 -1
G: D 336 -1 -1 -1 -1 -1
G: P 337 -1 -1 -1 71 576
G: K 338 -1 71 1212 71 3765
G: K 339 -1 71 3754 71 4330
G: K 340 -1 71 4337 71 4565
G: P 341 1 71 4623 -1 -1
G: P 342 1 -1 -1 72 871
G: K 343 1 72 874 72 1291
G: P 344 -1 72 1280 -1 -1
G: P 345 -1 -1 -1 73 860
G: K 611 1 73 2632 73 4099
G: K 346 -1 73 4794 74 2570
G: K 347 -1 74 2579 75 953
G: K 348 -1 75 1042 75 1555
G: K 349 -1 75 1630 75 2701
G: K 350 -1 75 2704 75 3535
G: P 351 -1 75 3545 -1 -1
G: D 352 1 -1 -1 -1 -1
G: P 353 1 -1 -1 76 360
G: K 354 -1 76 511 76 1501
G: K 355 1 76 1911 76 3168
G: K 356 1 76 3167 76 4106
G: K 357 -1 76 4323 76 5034
G: P 358 1 76 5081 -1 -1
G: P 359 1 -1 -1 77 217
G: K 360 -1 77 213 77 540
G: K 361 1 77 688 77 1093
G: K 362 -1 77 1095 77 3279
G: K 363 -1 77 3432 77 4290
G: P 364 -1 77 4302 -1 -1
G: K 365 1 78 285 78 906
G: K 366 1 78 883 78 1822
G: K 367 -1 78 1811 78 3059
G: K 368 1 78 3178 78 3679
G: K 369 1 78 3701 78 4079
G: K 370 1 78 4081 78 4255
G: K 371 -1 78 4269 78 4548
G: P 609 1 78 4610 -1 -1
G: P 372 1 -1 -1 79 14
G: K 373 1 79 6 79 960
G: K 374 1 79 961 79 2980
G: K 375 -1 79 3003 79 3786
G: P 376 -1 79 3775 -1 -1
G: P 377 -1 -1 -1 80 760
G: K 378 -1 80 828 80 1791
G: K 379 -1 80 1777 80 2764
G: K 380 -1 80 2753 80 3926
G: K 381 -1 80 3912 80 4776
G: P 382 -1 80 4776 -1 -1
G: P 383 -1 -1 -1 81 892
G: K 384 -1 81 891 81 1215
G: K 385 -1 81 1220 81 1820
G: K 386 -1 81 1866 81 3501
G: P 387 1 81 3529 -1 -1
G: D 388 1 -1 -1 -1 -1
G: D 389 1 -1 -1 -1 -1
G: P 502 -1 -1 -1 82 1057
G: K 390 1 82 1058 82 1700
G: K 391 -1 82 1696 82 2440
G: K 392 -1 82 2432 82 3743
G: K 393 -1 82 3742 82 4216
G: P 394 -1 82 4386 -1 -1
G: P 395 -1 -1 -1 83 3870
G: P 396 -1 83 4156 -1 -1
G: D 397 -1 -1 -1 -1 -1
G: D 398 -1 -1 -1 -1 -1
G: P 399 -1 -1 -1 84 1982
G: K 400 -1 84 2089 84 3433
G: P 401 -1 84 3449 -1 -1
G: D 402 -1 -1 -1 -1 -1
G: P 403 -1 -1 -1 85 774
G: K 404 -1 85 783 85 2406
G: K 405 -1 85 2776 85 3238
G: P 406 -1 85 3238 -1 -1
G: P 407 -1 -1 -1 86 109
G: K 408 -1 86 113 86 1556
G: K 409 -1 86 1557 86 2391
G: K 410 -1 86 2390 86 3959
G: P 411 -1 86 3974 -1 -1
G: D 412 -1 -1 -1 -1 -1
G: P 413 -1 -1 -1 87 34
G: K 414 -1 87 36 87 954
G: K 415 -1 87 916 87 1378
G: K 416 -1 87 1383 87 2760
G: K 417 1 87 2826 87 3300
G: K 418 -1 87 3296 87 3998
G: P 419 -1 87 4000 -1 -1
G: P 420 -1 -1 -1 88 1495
G: K 421 -1 88 1494 88 2643
G: K 422 -1 88 2763 89 331
G: K 423 -1 89 395 89 2399
G: K 424 -1 89 2454 89 2859
G: K 425 -1 89 2864 89 3305
G: P 426 -1 89 3342 -1 -1
G: P 427 -1 -1 -1 90 2746
G: P 428 -1 90 2717 -1 -1
G: P 429 -1 -1 -1 91 1027
G: K 430 -1 91 1029 91 1290
G: K 431 1 91 1478 91 2840
G: K 432 1 91 2862 91 3060
G: K 433 1 91 3095 91 3530
G: K 434 1 91 3640 91 4177
G: P 435 -1 91 4173 -1 -1
G: P 436 -1 -1 -1 92 1357
G: K 437 -1 92 1349 92 2078
G: K 438 -1 92 2137 92 3394
G: P 439 1 92 3479 -1 -1
G: D 440 1 -1 -1 -1 -1
G: P 441 1 -1 -1 93 457
G: K 442 1 93 457 93 1660
G: K 443 1 93 1679 93 2858
G: K 444 -1 93 3262 93 4090
G: P 445 -1 93 4089 -1 -1
G: D 446 -1 -1 -1 -1 -1
G: P 447 -1 -1 -1 94 683
G: K 448 -1 94 654 94 1863
G: K 449 -1 94 1878 94 2244
G: K 450 -1 94 2227 94 2935
G: K 451 -1 94 2934 94 3234
G: K 452 -1 94 3844 95 270
G: K 453 -1 95 270 95 726
G: K 454 -1 95 1384 95 2266
G: K 455 -1 95 2265 95 3483
G: K 456 1 95 3535 95 4321
G: P 457 1 95 4305 -1 -1
G: D 458 -1 -1 -1 -1 -1
G: P 459 1 -1 -1 96 630
G: K 460 -1 96 619 96 1633
G: K 461 -1 96 2185 96 4348
G: K 462 -1 96 4525 96 5056
G: P 463 -1 96 5057 -1 -1
G: P 464 1 -1 -1 97 551
G: K 465 -1 97 547 97 1831
G: K 466 -1 97 1811 97 3308
G: K 467 -1 97 3294 97 4071
G: P 468 -1 97 4063 -1 -1
G: D 469 -1 -1 -1 -1 -1
G: D 470 -1 -1 -1 -1 -1
G: P 471 -1 -1 -1 98 522
G: K 472 -1 98 525 99 0
G: K 473 -1 99 5 99 863
G: K 474 -1 99 925 99 2269
G: K 475 -1 99 2911 99 3724
G: P 504 1 99 3749 -1 -1
