The input genome is 601979 bp long, 481583 will be kept.
min distance 119
----------------------------------------
fragments: id start end
F: 0 702 5377
F: 1 6932 12222
F: 2 13416 18660
F: 3 20242 24993
F: 4 26228 31214
F: 5 32326 38046
F: 6 39357 43343
F: 7 44688 48645
F: 8 50198 54399
F: 9 55538 59679
F: 10 60847 66992
F: 11 68209 72249
F: 12 73672 78033
F: 13 79236 83664
F: 14 84665 90398
F: 15 91452 96422
F: 16 97850 103558
F: 17 104319 108630
F: 18 109677 115006
F: 19 116506 121212
F: 20 122334 126852
F: 21 128185 132175
F: 22 132980 137894
F: 23 139524 144100
F: 24 145163 149216
F: 25 150178 154892
F: 26 155700 159771
F: 27 160844 164770
F: 28 166319 172160
F: 29 173372 179350
F: 30 181082 185300
F: 31 186592 191575
F: 32 192799 197463
F: 33 198838 203172
F: 34 203666 209282
F: 35 210586 215459
F: 36 216585 221564
F: 37 222864 228279
F: 38 229371 233626
F: 39 234627 238752
F: 40 240629 246034
F: 41 247299 252103
F: 42 253415 258301
F: 43 259976 264767
F: 44 266179 270832
F: 45 271936 276917
F: 46 278055 283188
F: 47 284259 289727
F: 48 290781 295782
F: 49 296953 301886
F: 50 302944 307565
F: 51 308388 314076
F: 52 315168 320650
F: 53 321903 326861
F: 54 327866 332622
F: 55 333774 338510
F: 56 339569 345708
F: 57 346473 350453
F: 58 351356 356149
F: 59 357215 362323
F: 60 362960 367195
F: 61 368891 374225
F: 62 375843 381535
F: 63 382489 387905
F: 64 388859 394117
F: 65 395116 399854
F: 66 400928 405012
F: 67 406482 410123
F: 68 411381 415713
F: 69 417190 422534
F: 70 423963 429648
F: 71 430944 435844
F: 72 437222 441205
F: 73 442678 447668
F: 74 448807 453352
F: 75 454631 460608
F: 76 461724 466811
F: 77 467644 472315
F: 78 473681 478525
F: 79 479728 484291
F: 80 485413 490655
F: 81 491804 497161
F: 82 498986 503651
F: 83 505113 509849
F: 84 510984 515737
F: 85 517066 521289
F: 86 522296 526727
F: 87 527765 532239
F: 88 533285 537985
F: 89 538826 543072
F: 90 544101 549063
F: 91 550078 554591
F: 92 556234 560216
F: 93 561477 565708
F: 94 567226 571224
F: 95 572426 577195
F: 96 578658 583747
F: 97 584798 589888
F: 98 590962 595740
F: 99 596876 601860
----------------------------------------
genes: [Kept,Partial,Discared] locus strand fragment1 start_pos fragment2 end_pos 
G: P 0 1 -1 -1 0 1144
G: K 1 1 0 1143 0 2085
G: K 2 1 0 2169 0 4164
G: K 3 1 0 4178 1 444
G: K 4 1 1 415 1 1690
G: K 5 1 1 1693 1 2329
G: K 6 1 1 2301 1 3087
G: K 7 1 1 3089 1 4466
G: K 8 1 1 4465 1 5269
G: D 9 1 -1 -1 -1 -1
G: P 10 -1 -1 -1 2 331
G: K 11 -1 2 335 2 1211
G: K 12 -1 2 1170 2 1998
G: K 13 1 2 2336 2 4271
G: P 14 1 2 4317 -1 -1
G: P 15 1 -1 -1 3 2396
G: K 16 1 3 2437 3 3649
G: K 17 1 3 3629 3 4589
G: K 18 1 3 4588 4 225
G: K 19 1 4 254 4 716
G: K 20 1 4 721 4 1594
G: K 21 1 4 1594 4 2704
G: K 22 1 4 2906 4 3803
G: K 23 1 4 3806 4 4370
G: K 24 1 4 4347 4 4815
G: P 25 1 4 4814 -1 -1
G: D 26 -1 -1 -1 -1 -1
G: P 27 -1 -1 -1 5 527
G: K 28 -1 5 560 5 5009
G: K 29 1 5 5271 6 295
G: K 30 1 6 444 6 1239
G: K 31 -1 6 1201 6 1861
G: K 32 1 6 1889 6 3155
G: P 33 1 6 3144 -1 -1
G: P 34 1 -1 -1 7 800
G: K 35 -1 7 796 7 2338
G: K 36 -1 7 2328 7 3489
G: P 37 1 7 3647 -1 -1
G: P 38 1 -1 -1 8 212
G: K 39 1 8 409 8 2098
G: K 40 1 8 2102 8 2963
G: K 41 1 8 2940 8 3834
G: P 42 1 8 3809 -1 -1
G: P 43 1 -1 -1 9 900
G: K 44 1 9 883 9 2050
G: K 45 -1 9 2279 9 3629
G: P 46 1 9 3681 -1 -1
G: D 47 1 -1 -1 -1 -1
G: P 48 1 -1 -1 10 1097
G: K 49 1 10 1105 10 1504
G: K 50 1 10 1503 10 3174
G: K 51 -1 10 3150 10 4089
G: K 52 -1 10 4092 10 4473
G: K 53 -1 10 4479 10 4623
G: K 54 -1 10 4636 10 5020
G: K 55 -1 10 5003 10 5864
G: P 56 -1 10 5848 -1 -1
G: P 57 -1 -1 -1 11 33
G: K 58 -1 11 13 11 460
G: K 59 1 11 466 11 1360
G: K 60 -1 11 1338 11 3090
G: K 61 1 11 3394 12 16
G: P 62 1 -1 -1 12 911
G: K 813 1 12 1165 12 2215
G: K 63 1 12 2216 13 693
G: K 64 1 13 692 13 2108
G: K 65 1 13 2111 13 4070
G: K 66 1 13 4080 14 226
G: K 67 1 14 249 14 1722
G: K 695 -1 14 3674 14 3974
G: P 68 1 -1 -1 15 2211
G: K 69 1 15 2321 15 3200
G: P 70 1 15 3204 -1 -1
G: P 71 1 -1 -1 16 1844
G: K 72 1 16 1821 16 3822
G: K 73 1 16 3824 16 4253
G: K 74 1 16 4316 17 922
G: K 75 -1 17 918 17 1326
G: K 76 1 17 1559 17 2810
G: K 77 1 17 2802 17 3936
G: P 78 1 17 3934 -1 -1
G: P 79 1 -1 -1 18 2391
G: K 80 1 18 2446 18 2881
G: K 82 1 18 2881 18 3451
G: K 83 1 18 3443 18 4349
G: K 84 1 18 4349 18 5300
G: P 85 1 18 5292 -1 -1
G: P 86 1 -1 -1 19 69
G: K 87 1 19 85 19 547
G: K 88 1 19 556 19 2659
G: K 89 1 19 2710 19 3352
G: K 90 1 19 3352 19 3844
G: K 91 1 19 3827 19 4154
G: K 92 1 19 4156 19 4621
G: K 93 1 19 4604 20 219
G: K 94 1 20 222 20 1425
G: K 95 1 20 1608 20 3615
G: K 96 1 20 3671 20 4430
G: P 97 1 -1 -1 21 136
G: K 98 1 21 138 21 1575
G: K 99 1 21 1567 21 3016
G: K 100 1 21 2990 21 3659
G: P 101 1 21 3651 -1 -1
G: P 102 1 -1 -1 22 672
G: K 103 1 22 693 22 924
G: K 104 1 22 926 22 3134
G: K 105 1 22 3141 22 3783
G: K 106 -1 22 3751 22 4351
G: P 107 1 22 4391 -1 -1
G: D 108 1 -1 -1 -1 -1
G: P 109 1 -1 -1 23 437
G: K 110 1 23 420 23 1275
G: K 111 1 23 1289 23 2597
G: K 112 1 23 2586 23 3213
G: P 113 1 23 3226 -1 -1
G: P 114 1 23 4559 -1 -1
G: P 115 1 -1 -1 24 141
G: K 116 1 24 149 24 908
G: K 117 1 24 897 24 1557
G: K 118 1 24 1540 24 2569
G: P 119 1 24 2583 -1 -1
G: P 120 1 -1 -1 25 916
G: K 121 1 25 918 25 1839
G: K 122 1 25 1878 25 4038
G: P 123 1 25 4015 -1 -1
G: P 124 1 -1 -1 26 279
G: K 125 1 26 284 26 1154
G: K 126 -1 26 1134 26 2166
G: K 127 1 26 2201 26 2639
G: K 128 1 26 2646 26 3429
G: K 129 1 26 3428 26 3791
G: K 130 1 26 3780 27 106
G: K 131 -1 27 666 27 1104
G: K 132 -1 27 1078 27 1894
G: K 133 1 27 1913 27 2210
G: K 134 -1 27 2181 27 3036
G: P 487 -1 27 3083 -1 -1
G: P 135 1 -1 -1 28 414
G: K 136 1 28 349 28 1576
G: K 137 1 28 1575 28 3399
G: K 138 1 28 3482 28 5213
G: P 139 1 -1 -1 30 2461
G: K 140 1 30 2465 30 4079
G: P 141 1 30 4078 -1 -1
G: P 142 1 -1 -1 31 747
G: K 143 1 31 733 31 1069
G: K 144 1 31 1093 31 1927
G: K 145 1 31 1926 31 2736
G: K 146 1 31 2748 31 4065
G: P 147 1 31 4048 -1 -1
G: P 148 1 -1 -1 32 261
G: K 149 1 32 336 32 1179
G: K 150 1 32 1218 32 1689
G: K 151 1 32 1778 32 2099
G: K 152 1 32 2102 32 2888
G: K 153 1 32 2887 32 3523
G: K 154 1 32 3526 32 3850
G: P 155 1 32 3849 -1 -1
G: D 156 1 -1 -1 -1 -1
G: D 157 1 -1 -1 -1 -1
G: P 158 1 -1 -1 33 207
G: K 159 1 33 212 33 647
G: K 160 1 33 646 33 1252
G: K 161 1 33 1251 33 1509
G: K 162 1 33 1512 33 1881
G: K 163 1 33 1880 33 2213
G: K 164 1 33 2218 33 2776
G: K 165 1 33 2778 33 2973
G: K 166 1 33 2963 33 3407
G: K 167 1 33 3413 33 3983
G: P 168 1 33 3984 -1 -1
G: P 169 1 -1 -1 34 165
G: K 170 1 34 170 34 620
G: K 171 1 34 619 34 2074
G: K 172 1 34 2067 34 2706
G: K 173 1 34 2708 34 3443
G: K 174 1 34 3442 34 3652
G: K 175 1 34 3662 34 3776
G: K 176 1 34 3775 34 4156
G: K 177 1 34 4155 34 4524
G: K 178 1 34 4539 34 5538
G: P 179 1 34 5550 -1 -1
G: D 180 1 -1 -1 -1 -1
G: P 181 1 -1 -1 35 742
G: K 182 1 35 734 35 2027
G: K 183 1 35 2019 35 2754
G: K 184 1 35 2743 35 4582
G: P 185 1 35 4582 -1 -1
G: P 186 1 -1 -1 36 1787
G: P 187 1 36 4253 -1 -1
G: P 188 1 -1 -1 37 513
G: K 189 1 37 515 37 1511
G: K 190 1 37 1485 37 2475
G: K 191 1 37 2643 37 3609
G: K 192 1 37 3615 38 1512
G: P 193 1 38 1513 -1 -1
G: K 194 1 39 2393 39 3434
G: P 195 1 39 3437 -1 -1
G: P 196 1 -1 -1 40 511
G: K 197 1 40 513 40 696
G: K 198 1 40 698 40 1085
G: K 199 1 40 1810 40 3622
G: K 200 1 40 3633 40 4299
G: K 201 1 40 4308 40 4695
G: P 484 1 40 4821 -1 -1
G: P 202 1 -1 -1 41 909
G: K 203 1 41 908 41 3266
G: K 204 -1 41 3262 41 4315
G: K 205 1 41 4350 42 52
G: K 206 1 42 35 42 551
G: K 207 -1 42 540 42 1131
G: K 208 -1 42 1117 42 2041
G: K 209 -1 42 2040 42 2592
G: K 210 1 42 2792 42 3452
G: K 211 1 42 3451 42 3649
G: K 558 -1 42 3649 42 4306
G: K 212 1 42 4307 42 4763
G: P 213 1 42 4765 -1 -1
G: D 214 1 -1 -1 -1 -1
G: P 215 1 -1 -1 43 798
G: K 216 1 43 781 43 1414
G: K 217 1 43 1432 43 2431
G: K 561 -1 43 2432 43 2714
G: K 218 1 43 2715 43 4278
G: P 219 1 -1 -1 44 122
G: P 220 1 44 139 -1 -1
G: P 221 1 -1 -1 45 936
G: K 222 1 45 895 45 1342
G: K 223 -1 45 1373 45 1652
G: K 224 1 45 1961 45 2390
G: K 225 1 45 2379 45 3351
G: K 226 1 45 3352 45 4618
G: P 227 1 45 4620 -1 -1
G: P 228 1 -1 -1 46 1135
G: K 229 1 46 1100 46 2624
G: K 230 1 46 3095 46 3959
G: K 231 1 46 3958 46 4435
G: P 232 1 46 4440 -1 -1
G: D 233 1 -1 -1 -1 -1
G: P 234 1 -1 -1 47 1989
G: K 235 1 47 2081 47 2384
G: K 236 1 47 2376 47 2691
G: K 237 1 47 2683 47 3004
G: K 238 1 47 2993 47 3881
G: K 239 1 47 3870 47 4299
G: K 240 1 47 4291 47 5188
G: K 241 1 47 5217 48 45
G: K 242 1 48 113 48 2558
G: K 243 -1 48 2554 48 3607
G: P 244 1 48 3659 -1 -1
G: P 245 1 -1 -1 49 1284
G: K 246 1 49 1972 49 4126
G: K 247 1 49 4128 49 4644
G: P 248 1 49 4639 -1 -1
G: P 249 -1 -1 -1 50 227
G: K 250 -1 50 213 50 867
G: K 251 -1 50 847 50 2362
G: K 252 -1 50 2406 50 4224
G: K 253 -1 50 4213 51 113
G: K 254 -1 51 132 51 873
G: K 255 -1 51 875 51 2192
G: K 256 -1 51 2196 51 4218
G: K 257 1 51 4393 51 5515
G: P 258 1 51 5618 -1 -1
G: P 259 1 -1 -1 52 216
G: K 260 1 52 261 52 561
G: K 262 1 52 561 52 1980
G: K 263 1 52 2110 52 4462
G: K 698 -1 53 618 53 1404
G: K 264 1 53 1405 53 4069
G: P 265 1 53 4075 -1 -1
G: D 266 1 -1 -1 -1 -1
G: P 488 -1 -1 -1 54 625
G: K 267 1 54 626 54 1514
G: K 268 1 54 1507 54 2119
G: K 269 -1 54 2051 54 2912
G: P 270 -1 54 2930 -1 -1
G: D 271 -1 -1 -1 -1 -1
G: P 272 -1 -1 -1 55 553
G: K 273 -1 55 703 55 1732
G: K 274 -1 55 2112 55 3165
G: K 275 -1 55 3175 55 4582
G: P 276 -1 55 4585 -1 -1
G: K 277 -1 56 188 56 1190
G: K 278 -1 56 1207 56 2338
G: K 279 -1 56 2365 56 3835
G: K 280 -1 56 3917 56 4466
G: K 281 -1 56 4479 57 551
G: K 282 1 57 593 57 2792
G: K 283 -1 57 2788 57 3463
G: P 284 -1 57 3455 -1 -1
G: P 285 -1 -1 -1 58 1140
G: K 286 -1 58 1801 58 2296
G: K 287 1 58 2627 58 4124
G: K 288 1 58 4344 58 4743
G: P 289 1 58 4705 -1 -1
G: P 290 1 -1 -1 59 504
G: K 291 1 59 535 59 787
G: P 292 1 -1 -1 60 1065
G: K 293 1 60 1054 60 1786
G: K 294 1 60 1769 60 3449
G: K 295 -1 60 3445 60 3877
G: K 296 -1 60 3876 61 696
G: K 297 -1 61 753 61 1497
G: K 298 -1 61 1489 61 2929
G: K 299 -1 61 3046 61 4162
G: K 300 -1 61 4164 61 4557
G: P 301 -1 61 4676 -1 -1
G: P 302 -1 -1 -1 62 1834
G: K 303 -1 62 2036 62 3035
G: K 304 -1 62 3052 62 4288
G: K 305 -1 62 4289 62 5309
G: P 306 -1 62 5339 -1 -1
G: P 307 -1 -1 -1 63 696
G: K 308 -1 63 677 63 1529
G: K 815 -1 63 1653 63 2451
G: K 309 -1 63 2452 63 4246
G: P 310 -1 63 4333 -1 -1
G: P 311 -1 -1 -1 64 2768
G: K 312 -1 64 2749 64 3994
G: K 313 -1 64 4000 65 1421
G: K 314 1 65 1474 65 2281
G: K 315 -1 65 2287 65 2905
G: K 694 -1 65 2926 65 3877
G: K 316 -1 65 3878 66 1519
G: K 317 -1 66 1578 66 2460
G: K 318 -1 66 2504 66 3860
G: K 812 1 66 3882 66 3981
G: P 319 -1 66 3982 -1 -1
G: P 320 -1 -1 -1 67 394
G: K 321 -1 67 434 67 2285
G: K 322 -1 67 2299 67 3142
G: P 323 -1 67 3158 -1 -1
G: D 324 -1 -1 -1 -1 -1
G: K 325 -1 68 104 68 2981
G: P 326 -1 68 3780 -1 -1
G: P 327 1 -1 -1 69 454
G: K 328 -1 69 1289 69 2099
G: K 329 -1 69 2046 69 3126
G: K 330 -1 69 3125 69 3284
G: K 331 -1 69 3300 69 4188
G: K 332 -1 69 4200 69 5037
G: K 333 -1 69 5020 70 554
G: K 334 -1 70 592 70 1951
G: K 335 -1 70 1954 70 2656
G: K 336 -1 70 2664 70 3297
G: K 337 -1 70 3284 70 4001
G: K 338 -1 70 4640 71 191
G: K 339 -1 71 180 71 762
G: K 340 -1 71 769 71 1000
G: K 341 1 71 1058 71 2102
G: K 342 1 71 2210 71 3470
G: K 343 1 71 3473 71 3899
G: K 344 -1 71 3882 72 1489
G: K 345 -1 72 1666 72 2707
G: K 811 1 72 2827 72 3343
G: K 346 -1 73 234 73 4212
G: K 347 -1 73 4221 74 2283
G: K 348 -1 74 2372 74 2882
G: K 349 -1 74 2960 74 4016
G: P 350 -1 74 4019 -1 -1
G: P 351 -1 -1 -1 75 1763
G: K 352 1 75 1806 75 2340
G: K 353 1 75 2330 75 2951
G: K 354 -1 75 3102 75 4083
G: K 355 1 75 4493 75 5717
G: P 356 1 75 5716 -1 -1
G: P 560 -1 -1 -1 76 786
G: K 357 -1 76 874 76 1558
G: K 358 1 76 1605 76 2166
G: K 359 1 76 2168 76 2675
G: K 360 -1 76 2671 76 3004
G: K 361 1 76 3152 76 3575
G: P 362 -1 76 3577 -1 -1
G: K 363 -1 77 9 77 873
G: K 364 -1 77 885 77 2082
G: K 365 1 77 2889 77 3522
G: K 366 1 77 3493 77 4420
G: P 367 -1 77 4409 -1 -1
G: P 368 1 -1 -1 78 216
G: K 369 1 78 241 78 613
G: K 370 1 78 615 78 786
G: K 371 -1 78 800 78 1079
G: K 372 1 78 1142 78 1838
G: K 373 1 78 1830 78 2760
G: K 374 1 78 2761 78 4759
G: P 696 1 78 4781 -1 -1
G: P 375 -1 -1 -1 79 541
G: K 376 -1 79 530 79 1526
G: K 377 -1 79 1525 79 3223
G: K 814 1 79 3290 79 3428
G: K 378 -1 79 3429 79 4419
G: P 379 -1 79 4405 -1 -1
G: P 380 -1 -1 -1 80 851
G: K 381 -1 80 837 80 1689
G: K 382 -1 80 1689 80 2550
G: K 383 -1 80 2542 80 4240
G: K 384 -1 80 4239 80 4554
G: K 385 -1 80 4559 80 5156
G: K 386 -1 80 5202 81 443
G: K 387 1 81 471 81 2334
G: K 388 1 81 2326 81 2923
G: K 389 1 81 2918 81 3584
G: K 390 1 81 4048 81 4699
G: P 391 -1 81 4695 -1 -1
G: D 392 -1 -1 -1 -1 -1
G: P 393 -1 -1 -1 82 33
G: K 394 -1 82 203 82 938
G: P 395 -1 82 940 -1 -1
G: P 396 -1 -1 -1 83 826
G: K 397 -1 83 810 83 1281
G: K 398 -1 83 1264 83 1648
G: K 399 -1 83 1651 83 3658
G: P 400 -1 83 3765 -1 -1
G: P 401 -1 -1 -1 84 901
G: K 402 -1 84 913 84 1252
G: K 403 -1 84 1377 84 2616
G: K 404 -1 84 2625 84 4224
G: P 486 1 84 4593 -1 -1
G: P 405 -1 -1 -1 85 303
G: K 406 -1 85 303 85 2055
G: K 407 -1 85 2056 85 2455
G: K 408 -1 85 2459 85 3902
G: P 409 -1 85 3903 -1 -1
G: P 410 -1 -1 -1 86 1087
G: K 411 -1 86 1102 86 1642
G: K 412 -1 86 1637 86 2264
G: K 413 -1 86 2266 86 2581
G: K 414 -1 86 2583 86 3468
G: K 415 -1 86 3430 86 3916
G: P 416 -1 86 3921 -1 -1
G: P 417 1 -1 -1 87 372
G: K 418 -1 87 368 87 1067
G: K 419 -1 87 1069 87 2083
G: K 420 -1 87 2067 87 4089
G: P 421 -1 87 4088 -1 -1
G: P 422 -1 -1 -1 88 2966
G: P 423 -1 88 3030 -1 -1
G: D 424 -1 -1 -1 -1 -1
G: P 425 -1 -1 -1 89 408
G: K 426 -1 89 445 89 2245
G: K 697 -1 89 2249 89 2723
G: K 427 -1 89 2724 90 380
G: K 428 -1 90 345 90 2910
G: K 429 -1 90 2947 90 4663
G: K 430 -1 90 4665 90 4926
G: P 431 1 -1 -1 91 529
G: K 432 1 91 551 91 743
G: K 433 1 91 778 91 1204
G: K 434 1 91 1314 91 1830
G: K 435 -1 91 1826 91 3572
G: P 436 -1 91 3575 -1 -1
G: D 437 -1 -1 -1 -1 -1
G: P 438 -1 -1 -1 92 980
G: K 439 1 92 1065 92 1983
G: K 440 1 92 1963 92 2710
G: K 441 1 92 2709 92 3270
G: P 442 1 92 3270 -1 -1
G: P 443 1 -1 -1 93 410
G: K 444 -1 93 814 93 1663
G: K 445 -1 93 1662 93 2469
G: K 446 -1 93 2611 93 3043
G: K 447 -1 93 3213 93 4038
G: P 448 -1 93 4006 -1 -1
G: D 449 -1 -1 -1 -1 -1
G: P 450 -1 -1 -1 94 526
G: K 451 -1 94 525 94 816
G: K 452 -1 94 1426 94 3091
G: K 453 -1 94 3091 94 3556
G: D 454 -1 -1 -1 -1 -1
G: P 455 -1 -1 -1 95 1101
G: K 557 1 95 1152 95 2172
G: K 456 1 95 2173 95 2965
G: K 457 1 95 2949 95 3840
G: K 458 -1 95 3829 95 4312
G: P 459 1 95 4295 -1 -1
G: P 460 -1 -1 -1 96 275
G: K 461 -1 96 827 96 2942
G: K 462 -1 96 3119 96 3647
G: K 463 -1 96 3648 96 4155
G: P 464 1 96 4327 -1 -1
G: P 465 -1 -1 -1 97 472
G: K 466 -1 97 452 97 1931
G: K 467 -1 97 1917 97 2709
G: K 468 -1 97 2701 97 3898
G: K 469 -1 97 3869 97 4259
G: K 470 -1 97 4227 97 4374
G: P 485 -1 97 4398 -1 -1
G: P 471 -1 -1 -1 98 800
G: K 559 -1 98 802 98 1729
G: K 472 -1 98 1730 99 1339
G: K 473 -1 99 1344 99 2217
G: K 474 -1 99 2279 99 3602
G: P 475 -1 99 4244 -1 -1
