The input genome is 603937 bp long, 483149 will be kept.
min distance 119
----------------------------------------
fragments: id start end
F: 0 702 5377
F: 1 6932 12222
F: 2 13484 18728
F: 3 20244 25061
F: 4 26274 31282
F: 5 32386 38130
F: 6 39481 43467
F: 7 44822 48827
F: 8 50386 54587
F: 9 55710 59897
F: 10 60972 67158
F: 11 68375 72415
F: 12 73887 78248
F: 13 79495 83923
F: 14 85009 90742
F: 15 91818 96865
F: 16 98293 104001
F: 17 104671 109073
F: 18 110169 115498
F: 19 116998 121704
F: 20 122826 127344
F: 21 128677 132667
F: 22 133472 138386
F: 23 140009 144585
F: 24 145574 149701
F: 25 150653 155462
F: 26 156270 160341
F: 27 161414 165340
F: 28 166939 172780
F: 29 173992 179970
F: 30 181736 185954
F: 31 187246 192229
F: 32 193413 198129
F: 33 199438 203773
F: 34 204322 209938
F: 35 211187 216115
F: 36 217535 222514
F: 37 223814 229229
F: 38 230321 234576
F: 39 235567 239702
F: 40 241529 246982
F: 41 248237 253051
F: 42 254408 259296
F: 43 260971 265762
F: 44 267283 271936
F: 45 273093 278074
F: 46 279264 284419
F: 47 285544 291012
F: 48 292160 297161
F: 49 298364 303336
F: 50 304358 308979
F: 51 309809 315497
F: 52 316722 322204
F: 53 323368 328331
F: 54 329342 334104
F: 55 335166 339907
F: 56 341163 347302
F: 57 348086 352066
F: 58 353023 357816
F: 59 358822 363930
F: 60 364648 368883
F: 61 370579 375913
F: 62 377433 383125
F: 63 384079 389495
F: 64 390415 395673
F: 65 396684 401422
F: 66 402571 406655
F: 67 408125 411766
F: 68 412926 417258
F: 69 418766 424110
F: 70 425446 431224
F: 71 432520 437420
F: 72 438795 442778
F: 73 444220 449266
F: 74 450470 455015
F: 75 456335 462312
F: 76 463428 468515
F: 77 469449 474120
F: 78 475548 480392
F: 79 481513 486158
F: 80 487244 492522
F: 81 493586 498943
F: 82 500674 505433
F: 83 506895 511631
F: 84 512766 517519
F: 85 518902 523125
F: 86 524061 528563
F: 87 529654 534188
F: 88 535284 539984
F: 89 540743 545043
F: 90 546072 551034
F: 91 552049 556562
F: 92 558221 562203
F: 93 563464 567695
F: 94 569204 573203
F: 95 574343 579174
F: 96 580645 585734
F: 97 586787 591904
F: 98 592887 597756
F: 99 598834 603818
----------------------------------------
genes: [Kept,Partial,Discared] locus strand fragment1 start_pos fragment2 end_pos 
G: P 0 1 -1 -1 0 1129
G: K 1 1 0 1128 0 2061
G: K 2 1 0 2145 0 4119
G: K 3 1 0 4133 1 477
G: K 4 1 1 442 1 1711
G: K 5 1 1 1714 1 2344
G: K 6 1 1 2316 1 3123
G: K 7 1 1 3125 1 4484
G: P 8 1 1 4483 -1 -1
G: D 9 1 -1 -1 -1 -1
G: P 10 -1 -1 -1 2 284
G: K 11 -1 2 288 2 1203
G: K 12 -1 2 1165 2 1984
G: K 13 1 2 2322 2 4254
G: P 14 1 2 4300 -1 -1
G: P 15 1 -1 -1 3 2523
G: K 16 1 3 2564 3 3761
G: K 17 1 3 3741 3 4674
G: K 18 1 3 4673 4 182
G: K 19 1 4 211 4 652
G: K 20 1 4 657 4 1524
G: K 21 1 4 1524 4 2631
G: K 22 1 4 2833 4 3757
G: K 23 1 4 3760 4 4321
G: K 24 1 4 4292 4 4757
G: P 25 1 4 4756 -1 -1
G: D 26 -1 -1 -1 -1 -1
G: P 27 -1 -1 -1 5 476
G: K 28 -1 5 509 5 4892
G: K 29 1 5 5154 6 75
G: K 30 1 6 224 6 1013
G: K 31 -1 6 981 6 1629
G: K 32 1 6 1657 6 2941
G: P 33 1 6 2930 -1 -1
G: P 34 1 -1 -1 7 594
G: K 35 -1 7 590 7 2189
G: K 36 -1 7 2179 7 3364
G: P 37 1 7 3522 -1 -1
G: P 38 1 -1 -1 8 21
G: K 39 1 8 218 8 1946
G: K 40 1 8 1950 8 2811
G: K 41 1 8 2788 8 3655
G: P 42 1 8 3639 -1 -1
G: P 43 1 -1 -1 9 755
G: K 44 1 9 738 9 1902
G: K 45 -1 9 2131 9 3472
G: P 46 1 9 3524 -1 -1
G: D 47 1 -1 -1 -1 -1
G: P 48 1 -1 -1 10 951
G: K 49 1 10 959 10 1355
G: K 50 1 10 1354 10 3043
G: K 51 -1 10 3019 10 3985
G: K 52 -1 10 3988 10 4369
G: K 53 -1 10 4375 10 4525
G: K 54 -1 10 4538 10 4922
G: K 55 -1 10 4908 10 5742
G: P 56 -1 10 5723 -1 -1
G: D 57 -1 -1 -1 -1 -1
G: P 58 -1 -1 -1 11 273
G: K 59 1 11 279 11 1194
G: K 60 -1 11 1172 11 2879
G: P 61 1 11 3183 -1 -1
G: P 62 1 -1 -1 12 645
G: P 63 1 12 900 -1 -1
G: P 64 1 -1 -1 13 796
G: K 65 1 13 799 13 2764
G: K 66 1 13 2774 13 4367
G: K 67 1 13 4390 14 307
G: P 478 -1 14 4368 -1 -1
G: P 68 1 -1 -1 15 1848
G: K 655 -1 15 1957 15 2830
G: K 69 1 15 2831 15 3710
G: K 777 1 15 3713 15 4865
G: K 70 1 15 4866 16 1067
G: K 71 1 16 1056 16 3519
G: K 72 1 16 3496 16 5491
G: P 73 1 16 5493 -1 -1
G: P 74 1 -1 -1 17 2730
G: K 75 -1 17 2726 17 3137
G: P 76 1 17 3370 -1 -1
G: P 77 1 -1 -1 18 243
G: K 78 1 18 244 18 1498
G: K 79 1 18 1497 18 4065
G: K 80 1 18 4120 18 4549
G: K 81 1 18 4548 18 5229
G: P 82 1 18 5228 -1 -1
G: D 83 1 -1 -1 -1 -1
G: P 84 1 -1 -1 19 806
G: K 85 1 19 798 19 1947
G: K 86 1 19 1975 19 2407
G: K 87 1 19 2423 19 2918
G: P 88 1 19 2927 -1 -1
G: D 89 1 -1 -1 -1 -1
G: P 90 1 -1 -1 20 363
G: K 91 1 20 352 20 673
G: K 92 1 20 675 20 1149
G: K 93 1 20 1132 20 2539
G: K 94 1 20 2542 20 3736
G: K 95 1 20 3919 21 63
G: K 96 1 21 119 21 857
G: K 97 1 21 956 21 2447
G: K 98 1 21 2449 21 3904
G: K 99 1 21 3896 22 538
G: K 100 1 22 515 22 1184
G: K 101 1 22 1176 22 2142
G: K 102 1 22 2131 22 2992
G: K 103 1 22 3013 22 3268
G: P 104 1 22 3270 -1 -1
G: D 105 1 -1 -1 -1 -1
G: P 106 -1 -1 -1 23 107
G: K 107 1 23 147 23 720
G: K 108 1 23 719 23 1505
G: K 109 1 23 1486 23 2674
G: K 110 1 23 2657 23 3506
G: P 111 1 23 3520 -1 -1
G: D 112 1 -1 -1 -1 -1
G: P 113 1 -1 -1 24 1329
G: K 114 1 24 1264 24 2002
G: K 115 1 24 2026 24 2530
G: K 116 1 24 2538 24 3312
G: K 117 1 24 3304 24 3967
G: P 118 1 24 3947 -1 -1
G: P 119 1 -1 -1 25 1642
G: K 120 1 25 1648 25 3232
G: K 121 1 25 3234 25 4170
G: K 122 1 25 4209 26 722
G: K 123 1 26 699 26 2133
G: K 124 1 26 2179 26 2500
G: K 125 1 26 2505 26 3375
G: P 126 -1 26 3358 -1 -1
G: D 127 1 -1 -1 -1 -1
G: P 128 1 -1 -1 27 566
G: K 129 1 27 565 27 922
G: K 130 1 27 911 27 2390
G: K 131 -1 27 2950 27 3376
G: P 132 -1 27 3350 -1 -1
G: D 133 1 -1 -1 -1 -1
G: D 134 -1 -1 -1 -1 -1
G: P 135 1 -1 -1 28 1310
G: K 136 1 28 1251 28 2502
G: K 137 1 28 2501 28 4310
G: P 138 1 28 4393 -1 -1
G: P 139 1 -1 -1 30 3344
G: P 140 1 30 3348 -1 -1
G: D 141 1 -1 -1 -1 -1
G: P 142 1 -1 -1 31 1579
G: K 143 1 31 1565 31 1901
G: K 144 1 31 1925 31 2789
G: K 145 1 31 2788 31 3631
G: K 146 1 31 3643 31 4924
G: P 147 1 31 4913 -1 -1
G: P 148 1 -1 -1 32 1181
G: K 149 1 32 1256 32 2120
G: K 150 1 32 2159 32 2627
G: K 151 1 32 2716 32 3049
G: K 152 1 32 3052 32 3844
G: K 153 1 32 3843 32 4473
G: P 154 1 32 4476 -1 -1
G: D 155 1 -1 -1 -1 -1
G: D 156 1 -1 -1 -1 -1
G: P 157 1 -1 -1 33 362
G: K 158 1 33 364 33 1186
G: K 476 -1 33 1190 33 2366
G: K 159 1 33 2367 33 2784
G: K 160 1 33 2783 33 3389
G: K 161 1 33 3388 33 3652
G: K 162 1 33 3655 33 4036
G: P 163 1 33 4035 -1 -1
G: P 164 1 -1 -1 34 62
G: K 165 1 34 64 34 250
G: K 166 1 34 243 34 675
G: K 167 1 34 681 34 1251
G: K 168 1 34 1252 34 1615
G: K 169 1 34 1619 34 2255
G: K 170 1 34 2260 34 2719
G: K 171 1 34 2718 34 4200
G: K 172 1 34 4193 34 4847
G: K 173 1 34 4849 34 5611
G: P 174 1 34 5610 -1 -1
G: D 175 1 -1 -1 -1 -1
G: D 176 1 -1 -1 -1 -1
G: D 177 1 -1 -1 -1 -1
G: P 178 1 -1 -1 35 889
G: K 179 1 35 901 35 1270
G: K 180 1 35 1259 35 2078
G: K 181 1 35 2065 35 2989
G: K 182 1 35 2981 35 4256
G: P 183 1 35 4248 -1 -1
G: P 184 1 -1 -1 36 481
G: K 185 1 36 481 36 1435
G: K 186 1 36 1534 36 3703
G: P 187 1 -1 -1 37 676
G: K 188 1 37 668 37 2462
G: K 189 1 37 2464 37 3448
G: K 190 1 37 3422 37 4382
G: P 191 1 37 4550 -1 -1
G: P 192 1 -1 -1 38 3443
G: K 193 1 38 3444 39 1489
G: D 194 1 -1 -1 -1 -1
G: P 195 1 -1 -1 40 2029
G: K 196 1 40 2087 40 2618
G: K 197 1 40 2620 40 2800
G: K 198 1 40 2802 40 3183
G: P 199 1 40 3908 -1 -1
G: D 200 1 -1 -1 -1 -1
G: P 201 1 -1 -1 41 67
G: K 657 1 41 193 41 592
G: K 202 1 41 593 41 2513
G: P 203 1 41 2512 -1 -1
G: D 204 -1 -1 -1 -1 -1
G: P 528 -1 -1 -1 42 514
G: K 205 1 42 515 42 2369
G: K 206 1 42 2349 42 2859
G: K 207 -1 42 2851 42 3454
G: K 208 -1 42 3437 42 4358
G: P 209 -1 42 4357 -1 -1
G: D 210 1 -1 -1 -1 -1
G: D 211 1 -1 -1 -1 -1
G: D 212 1 -1 -1 -1 -1
G: P 213 1 -1 -1 43 210
G: K 214 1 43 205 43 1015
G: K 215 1 43 1007 43 2465
G: K 216 1 43 2448 43 3084
G: K 217 1 43 3102 43 4077
G: P 218 1 43 4079 -1 -1
G: K 219 1 44 249 44 1380
G: K 220 1 44 1397 45 1104
G: K 221 1 45 1106 45 2144
G: K 222 1 45 2100 45 2565
G: K 223 -1 45 2596 45 2881
G: K 224 1 45 3190 45 3625
G: K 225 1 45 3611 45 4544
G: P 226 1 45 4545 -1 -1
G: P 227 1 -1 -1 46 740
G: K 228 1 46 785 46 2315
G: K 229 1 46 2283 46 3795
G: K 230 1 46 4266 46 5130
G: P 231 1 46 5129 -1 -1
G: P 232 1 -1 -1 47 387
G: K 233 1 47 390 47 870
G: K 234 1 47 888 47 3054
G: K 235 1 47 3146 47 3452
G: K 236 1 47 3444 47 3750
G: K 237 1 47 3742 47 4048
G: K 238 1 47 4040 47 4934
G: K 239 1 47 4920 47 5331
G: P 240 1 47 5326 -1 -1
G: P 241 1 -1 -1 48 989
G: K 242 1 48 1057 48 3472
G: K 243 -1 48 3468 48 4539
G: K 244 1 48 4591 49 250
G: K 245 1 49 255 49 2166
G: P 246 1 49 2854 -1 -1
G: D 247 1 -1 -1 -1 -1
G: P 248 1 -1 -1 50 340
G: K 249 -1 50 323 50 1067
G: K 250 -1 50 1053 50 1716
G: K 251 -1 50 1699 50 3220
G: P 252 -1 50 3264 -1 -1
G: P 253 -1 -1 -1 51 964
G: K 254 -1 51 983 51 1712
G: K 255 -1 51 1714 51 3016
G: K 256 -1 51 3020 51 5054
G: P 257 1 51 5229 -1 -1
G: P 258 1 -1 -1 52 6
G: K 259 1 52 172 52 946
G: K 260 1 52 991 52 1291
G: K 261 1 52 1290 52 2379
G: K 262 1 52 2379 52 3756
G: P 263 1 52 3886 -1 -1
G: K 529 1 53 2435 53 3095
G: P 264 1 53 3096 -1 -1
G: P 530 -1 -1 -1 54 88
G: K 265 1 54 89 54 971
G: K 266 1 54 970 54 1837
G: K 772 -1 54 1951 54 2239
G: K 267 1 54 2240 54 3134
G: K 268 1 54 3127 54 3733
G: K 269 -1 54 3665 54 4517
G: K 270 -1 54 4535 55 1126
G: K 271 -1 55 1126 55 1486
G: K 272 -1 55 1519 55 2209
G: K 273 -1 55 2359 55 3406
G: P 274 -1 55 3786 -1 -1
G: P 275 -1 -1 -1 56 190
G: K 276 -1 56 193 56 1372
G: K 277 -1 56 1621 56 2644
G: K 278 -1 56 2661 56 3792
G: K 279 -1 56 3819 56 5271
G: K 280 -1 56 5353 56 5899
G: K 281 -1 56 5912 57 1932
G: P 282 1 57 1974 -1 -1
G: D 283 -1 -1 -1 -1 -1
G: P 284 -1 -1 -1 58 661
G: K 285 -1 58 721 58 2404
G: K 286 -1 58 3065 58 3548
G: P 287 1 58 3879 -1 -1
G: P 288 1 -1 -1 59 151
G: K 289 1 59 113 59 1169
G: K 290 1 59 1171 59 1777
G: K 291 1 59 1808 59 2063
G: K 292 1 60 1123 60 2242
G: K 293 1 60 2231 60 2966
G: P 294 1 60 2955 -1 -1
G: D 295 -1 -1 -1 -1 -1
G: P 296 -1 -1 -1 61 1807
G: K 297 -1 61 1864 61 2611
G: K 298 -1 61 2603 61 4046
G: K 299 -1 61 4163 61 5261
G: P 300 -1 61 5263 -1 -1
G: D 301 -1 -1 -1 -1 -1
G: P 656 -1 -1 -1 62 1383
G: K 302 -1 62 1384 62 4402
G: K 303 -1 62 4604 62 5597
G: K 304 -1 62 5614 63 225
G: K 305 -1 63 226 63 1243
G: K 306 -1 63 1273 63 2233
G: K 307 -1 63 2211 63 3285
G: K 308 -1 63 3266 63 4067
G: P 309 -1 63 4192 -1 -1
G: P 310 -1 -1 -1 64 982
G: K 311 -1 64 981 64 4542
G: P 312 -1 64 4529 -1 -1
G: P 313 -1 -1 -1 65 3243
G: K 314 1 65 3296 65 4109
G: P 315 -1 65 4115 -1 -1
G: P 316 -1 -1 -1 66 2366
G: K 317 -1 66 2425 66 3298
G: P 318 -1 66 3342 -1 -1
G: P 319 -1 -1 -1 67 73
G: P 320 -1 -1 -1 67 1106
G: K 321 -1 67 1146 67 2976
G: P 322 -1 67 2990 -1 -1
G: D 323 -1 -1 -1 -1 -1
G: P 324 -1 -1 -1 68 597
G: K 325 -1 68 917 68 3755
G: D 771 1 -1 -1 -1 -1
G: P 326 -1 -1 -1 69 1438
G: K 327 1 69 1494 69 2187
G: K 328 -1 69 3022 69 3859
G: K 329 -1 69 3794 69 4868
G: K 330 -1 69 4867 69 5035
G: P 331 -1 69 5051 -1 -1
G: D 774 1 -1 -1 -1 -1
G: P 332 -1 -1 -1 70 591
G: K 333 -1 70 577 70 2872
G: K 334 -1 70 2910 70 4308
G: K 335 -1 70 4311 70 4980
G: K 336 -1 70 4988 70 5642
G: P 337 -1 70 5623 -1 -1
G: P 338 -1 -1 -1 71 2488
G: K 339 -1 71 2477 71 3047
G: K 340 -1 71 3054 71 3276
G: K 341 1 71 3334 71 4372
G: P 342 1 71 4480 -1 -1
G: D 343 1 -1 -1 -1 -1
G: P 344 -1 -1 -1 72 3741
G: P 345 -1 72 3918 -1 -1
G: P 346 -1 73 2007 -1 -1
G: P 347 -1 -1 -1 74 3962
G: P 348 -1 74 4051 -1 -1
G: D 349 -1 -1 -1 -1 -1
G: P 350 -1 -1 -1 75 703
G: K 351 -1 75 713 75 3425
G: K 352 1 75 3468 75 3969
G: K 353 1 75 3959 75 4598
G: K 354 -1 75 4749 75 5757
G: P 355 1 -1 -1 76 298
G: K 356 1 76 297 76 1254
G: K 357 -1 76 1471 76 2146
G: K 358 1 76 2193 76 2748
G: K 359 1 76 2750 76 3269
G: K 360 -1 76 3262 76 3613
G: K 361 1 76 3761 76 4193
G: K 362 -1 76 4195 77 334
G: K 363 -1 77 487 77 1342
G: K 364 -1 77 1354 77 2593
G: K 365 1 77 3400 77 4030
G: P 366 1 77 4001 -1 -1
G: P 367 -1 -1 -1 78 75
G: K 368 1 78 194 78 686
G: K 369 1 78 708 78 1083
G: K 370 1 78 1085 78 1253
G: K 371 -1 78 1267 78 1540
G: K 372 1 78 1603 78 2287
G: K 373 1 78 2279 78 3230
G: K 477 1 78 3230 78 3800
G: P 374 1 78 3801 -1 -1
G: P 653 -1 -1 -1 79 915
G: K 375 -1 79 916 79 1717
G: K 376 -1 79 1706 79 2699
G: K 377 -1 79 2698 79 4372
G: K 773 1 79 4439 80 1867
G: K 776 -1 80 1867 80 2536
G: K 378 -1 80 2537 80 3518
G: K 379 -1 80 3504 80 4479
G: P 380 -1 80 4471 -1 -1
G: P 381 -1 -1 -1 81 137
G: K 382 -1 81 137 81 962
G: K 383 -1 81 954 81 2646
G: K 384 -1 81 2645 81 2969
G: K 385 -1 81 2974 81 3553
G: K 386 -1 81 3599 81 5231
G: K 387 1 81 5259 82 64
G: K 388 1 82 56 82 647
G: K 389 1 82 639 82 1305
G: K 390 1 82 1769 82 2411
G: K 391 -1 82 2407 82 3178
G: K 392 -1 82 3173 82 4520
G: P 393 -1 82 4519 -1 -1
G: D 394 -1 -1 -1 -1 -1
G: P 395 -1 -1 -1 83 4590
G: D 396 -1 -1 -1 -1 -1
G: P 397 -1 -1 -1 84 339
G: K 399 -1 84 342 84 2337
G: K 400 -1 84 2444 84 3791
G: P 401 -1 84 3807 -1 -1
G: D 402 -1 -1 -1 -1 -1
G: P 403 -1 -1 -1 85 1084
G: K 404 -1 85 1093 85 2665
G: K 405 -1 85 3035 85 3503
G: K 406 -1 85 3503 86 87
G: K 407 -1 86 88 86 490
G: K 408 -1 86 494 86 1919
G: K 409 -1 86 1920 86 2757
G: K 410 -1 86 2756 86 4361
G: P 411 -1 86 4376 -1 -1
G: D 412 -1 -1 -1 -1 -1
G: P 413 -1 -1 -1 87 247
G: K 414 -1 87 249 87 1146
G: K 415 -1 87 1111 87 1588
G: K 416 -1 87 1593 87 2997
G: K 417 1 87 3063 87 3552
G: K 418 -1 87 3548 87 4229
G: P 527 1 87 4230 -1 -1
G: D 419 -1 -1 -1 -1 -1
G: P 420 -1 -1 -1 88 1942
G: K 421 -1 88 1941 88 3087
G: K 422 -1 88 3207 89 955
G: K 423 -1 89 1019 89 3089
G: K 424 -1 89 3144 89 3543
G: K 425 -1 89 3548 89 3989
G: K 426 -1 89 4026 90 539
G: K 427 -1 90 544 90 3466
G: K 428 -1 90 3431 91 31
G: K 429 -1 91 68 91 1793
G: K 654 1 91 1794 91 2163
G: K 430 -1 91 2164 91 2425
G: K 431 1 91 2613 91 4008
G: K 432 1 91 4030 91 4222
G: P 433 1 91 4257 -1 -1
G: D 434 1 -1 -1 -1 -1
G: P 435 -1 -1 -1 92 882
G: K 436 -1 92 885 92 2403
G: K 437 -1 92 2395 92 3139
G: P 438 -1 92 3198 -1 -1
G: P 439 1 -1 -1 93 173
G: K 440 1 93 153 93 879
G: K 441 1 93 878 93 1451
G: K 442 1 93 1451 93 2654
G: K 443 1 93 2673 93 3834
G: D 444 -1 -1 -1 -1 -1
G: P 445 -1 -1 -1 94 126
G: K 446 -1 94 268 94 679
G: K 447 -1 94 849 94 1662
G: K 448 -1 94 1633 94 2869
G: K 449 -1 94 2884 94 3241
G: K 450 -1 94 3227 94 3941
G: P 451 -1 94 3940 -1 -1
G: P 452 -1 -1 -1 95 1373
G: K 453 -1 95 1373 95 1829
G: K 454 -1 95 2487 95 3360
G: K 455 -1 95 3359 95 4550
G: P 775 -1 95 4601 -1 -1
G: D 456 1 -1 -1 -1 -1
G: P 457 1 -1 -1 96 243
G: K 458 -1 96 232 96 703
G: K 459 1 96 689 96 1922
G: K 460 -1 96 1911 96 2916
G: P 461 -1 96 3468 -1 -1
G: P 462 -1 -1 -1 97 179
G: K 463 -1 97 180 97 693
G: K 464 1 97 865 97 1816
G: K 465 -1 97 1812 97 3123
G: K 466 -1 97 3106 97 4561
G: P 467 -1 97 4547 -1 -1
G: P 468 -1 -1 -1 98 425
G: K 469 -1 98 390 98 792
G: K 470 -1 98 760 98 910
G: K 471 -1 98 935 98 1880
G: K 472 -1 98 1883 99 1348
G: K 473 -1 99 1353 99 2208
G: K 474 -1 99 2270 99 3599
G: P 475 -1 99 4241 -1 -1
