The input genome is 615865 bp long, 492692 will be kept.
min distance 121
----------------------------------------
fragments: id start end
F: 0 783 5489
F: 1 7255 12663
F: 2 13825 19186
F: 3 20749 25750
F: 4 26880 31981
F: 5 33301 39059
F: 6 40390 44376
F: 7 46045 50112
F: 8 51626 55936
F: 9 57202 61447
F: 10 62645 68927
F: 11 70035 74192
F: 12 75676 80158
F: 13 81561 86093
F: 14 87297 93030
F: 15 94197 99244
F: 16 100681 106476
F: 17 107222 111700
F: 18 112697 118146
F: 19 119655 124442
F: 20 125582 130100
F: 21 131460 135614
F: 22 136390 141443
F: 23 143180 147859
F: 24 148877 153044
F: 25 154058 158888
F: 26 159668 163794
F: 27 164982 168908
F: 28 170428 176404
F: 29 177756 183734
F: 30 185574 189909
F: 31 191232 196254
F: 32 197272 202179
F: 33 203580 207996
F: 34 208455 214293
F: 35 215659 220717
F: 36 222222 227270
F: 37 228515 234170
F: 38 235229 239563
F: 39 240499 244695
F: 40 246422 252022
F: 41 253284 258098
F: 42 259480 264449
F: 43 266142 271016
F: 44 272538 277191
F: 45 278321 283377
F: 46 284528 289818
F: 47 290949 296417
F: 48 297546 302616
F: 49 304002 309052
F: 50 310129 314786
F: 51 315676 321438
F: 52 322495 328249
F: 53 329308 334374
F: 54 335448 340312
F: 55 341401 346281
F: 56 347486 353746
F: 57 354563 358572
F: 58 359487 364383
F: 59 365305 370659
F: 60 371347 375628
F: 61 377183 382889
F: 62 384494 390432
F: 63 391294 396804
F: 64 397663 403060
F: 65 404056 408849
F: 66 409815 414041
F: 67 415517 419217
F: 68 420391 424821
F: 69 426335 431837
F: 70 433128 438971
F: 71 440266 445340
F: 72 446795 450785
F: 73 452300 457415
F: 74 458580 463205
F: 75 464342 470573
F: 76 471828 477007
F: 77 478028 482803
F: 78 484096 489169
F: 79 490628 495316
F: 80 496477 501868
F: 81 503105 508547
F: 82 510368 515224
F: 83 516654 521462
F: 84 522743 527514
F: 85 528752 533068
F: 86 534002 538678
F: 87 539810 544416
F: 88 545514 550214
F: 89 550993 555359
F: 90 556609 561595
F: 91 562521 567125
F: 92 568799 572861
F: 93 574357 578624
F: 94 580078 584194
F: 95 585462 590295
F: 96 591795 597075
F: 97 598192 603322
F: 98 604484 609496
F: 99 610597 615744
----------------------------------------
genes: [Kept,Partial,Discared] locus strand fragment1 start_pos fragment2 end_pos 
G: P 0 1 -1 -1 0 1051
G: K 1 1 0 1050 0 2004
G: K 2 1 0 2088 0 4071
G: K 3 1 0 4085 1 184
G: K 4 1 1 152 1 1424
G: K 5 1 1 1427 1 2078
G: K 6 1 1 2050 1 2821
G: K 783 -1 1 2822 1 4373
G: P 7 1 1 4374 -1 -1
G: D 8 1 -1 -1 -1 -1
G: P 9 1 -1 -1 2 627
G: K 11 -1 2 631 2 1528
G: K 12 -1 2 1481 2 2321
G: K 13 1 2 2659 2 4543
G: P 14 1 2 4589 -1 -1
G: P 15 1 -1 -1 3 2642
G: K 16 1 3 2683 3 3874
G: K 17 1 3 3854 3 4787
G: K 18 1 3 4786 4 206
G: K 19 1 4 235 4 706
G: K 20 1 4 711 4 1596
G: K 21 1 4 1596 4 2745
G: K 22 1 4 2947 4 3844
G: K 23 1 4 3847 4 4432
G: K 24 1 4 4406 4 4862
G: P 25 1 4 4861 -1 -1
G: D 26 -1 -1 -1 -1 -1
G: P 27 -1 -1 -1 5 260
G: K 28 -1 5 293 5 4724
G: P 29 1 5 4986 -1 -1
G: K 30 1 6 119 6 917
G: K 31 -1 6 882 6 1539
G: K 480 -1 6 1566 6 2169
G: K 884 -1 6 2169 6 3156
G: P 32 1 6 3157 -1 -1
G: P 33 1 -1 -1 7 452
G: K 34 1 7 418 7 1840
G: K 35 -1 7 1836 7 3396
G: P 36 -1 7 3386 -1 -1
G: P 37 1 -1 -1 8 984
G: K 38 1 8 1004 8 1283
G: K 39 1 8 1480 8 3181
G: K 40 1 8 3185 8 4043
G: P 41 1 8 4026 -1 -1
G: P 42 1 -1 -1 9 777
G: K 43 1 9 778 9 1732
G: K 44 1 9 1718 9 2942
G: P 45 -1 9 3171 -1 -1
G: D 46 1 -1 -1 -1 -1
G: P 47 1 -1 -1 10 552
G: K 48 1 10 538 10 1855
G: K 49 1 10 1863 10 2268
G: K 50 1 10 2267 10 3983
G: K 51 -1 10 3959 10 4940
G: K 52 -1 10 4943 10 5312
G: K 53 -1 10 5318 10 5459
G: K 54 -1 10 5472 10 5856
G: P 55 -1 10 5845 -1 -1
G: D 56 -1 -1 -1 -1 -1
G: P 57 -1 -1 -1 11 814
G: K 58 -1 11 794 11 1265
G: K 59 1 11 1271 11 2165
G: K 60 -1 11 2143 11 3850
G: P 546 1 11 4153 -1 -1
G: P 61 1 -1 -1 12 967
G: K 62 1 12 920 12 1859
G: K 63 1 12 2114 13 279
G: K 64 1 13 278 13 1694
G: K 65 1 13 1697 13 3683
G: P 66 1 13 3693 -1 -1
G: P 67 1 -1 -1 14 1037
G: K 68 1 14 5220 15 1125
G: K 69 1 15 1235 15 2117
G: K 70 1 15 2121 15 4821
G: K 71 1 15 4807 16 858
G: K 72 1 16 835 16 2842
G: K 73 1 16 2844 16 3288
G: P 74 1 16 3351 -1 -1
G: P 75 -1 -1 -1 17 388
G: K 76 1 17 621 17 1887
G: K 77 1 17 1879 17 3028
G: K 78 1 17 3029 17 4265
G: K 79 1 17 4264 18 1426
G: K 80 1 18 1481 18 1907
G: K 81 1 18 1906 18 2587
G: K 82 1 18 2586 18 3162
G: K 83 1 18 3154 18 4075
G: K 84 1 18 4075 18 5038
G: P 85 1 18 5027 -1 -1
G: P 886 1 -1 -1 19 163
G: K 86 1 19 164 19 599
G: K 87 1 19 615 19 1128
G: K 88 1 19 1137 19 3237
G: K 943 1 19 3287 19 4652
G: P 89 1 19 4653 -1 -1
G: D 90 1 -1 -1 -1 -1
G: P 91 1 -1 -1 20 176
G: K 92 1 20 178 20 640
G: K 93 1 20 623 20 2060
G: K 94 1 20 2063 20 3293
G: P 95 1 20 3476 -1 -1
G: P 96 1 -1 -1 21 363
G: K 97 1 21 462 21 1977
G: K 98 1 21 1979 21 3527
G: K 99 1 21 3516 22 68
G: K 100 1 22 39 22 735
G: K 101 1 22 727 22 1699
G: K 102 1 22 1688 22 2534
G: K 103 1 22 2555 22 2798
G: K 104 1 22 2800 22 5047
G: D 105 1 -1 -1 -1 -1
G: D 106 -1 -1 -1 -1 -1
G: P 482 -1 -1 -1 23 653
G: K 107 1 23 654 23 1236
G: K 108 1 23 1235 23 2024
G: K 109 1 23 2005 23 3232
G: K 110 1 23 3218 23 4070
G: P 941 -1 23 4082 -1 -1
G: P 545 -1 -1 -1 24 411
G: K 784 1 24 411 24 1086
G: K 785 1 24 1086 24 2979
G: P 111 1 24 2980 -1 -1
G: D 112 1 -1 -1 -1 -1
G: P 113 1 -1 -1 25 1197
G: K 114 1 25 1129 25 1897
G: K 115 1 25 1921 25 2392
G: K 887 -1 25 2399 25 3374
G: K 116 1 25 3375 25 4152
G: K 117 1 25 4144 25 4825
G: K 118 1 25 4805 26 233
G: K 119 1 26 250 26 1987
G: K 120 1 26 1993 26 3649
G: P 121 1 26 3651 -1 -1
G: D 888 -1 -1 -1 -1 -1
G: P 122 1 -1 -1 27 2069
G: K 123 1 27 2046 27 3525
G: K 124 1 27 3571 27 3880
G: P 125 1 27 3885 -1 -1
G: P 126 -1 -1 -1 28 420
G: K 127 1 28 455 28 890
G: K 128 1 28 897 28 1710
G: K 129 1 28 1709 28 2072
G: K 130 1 28 2058 28 3576
G: K 131 -1 28 4136 28 4577
G: K 132 -1 28 4554 28 5361
G: K 133 1 28 5380 28 5689
G: P 134 -1 28 5654 -1 -1
G: P 885 -1 -1 -1 29 185
G: K 135 1 29 186 29 1680
G: K 136 1 29 1621 29 2857
G: K 137 1 29 2856 29 4713
G: P 138 1 29 4796 -1 -1
G: P 483 1 30 3833 -1 -1
G: P 139 1 31 2503 -1 -1
G: P 675 1 -1 -1 32 729
G: K 140 1 32 730 32 2410
G: K 141 1 32 2409 32 2676
G: K 142 1 32 2665 32 4543
G: K 143 1 32 4532 32 4880
G: P 144 1 32 4904 -1 -1
G: P 145 1 -1 -1 33 296
G: K 146 1 33 308 33 1637
G: K 147 1 33 1620 33 2811
G: K 148 1 33 2849 33 4103
G: K 149 1 33 4178 34 161
G: K 150 1 34 200 34 689
G: K 151 1 34 778 34 1102
G: K 152 1 34 1105 34 1894
G: K 153 1 34 1893 34 2553
G: K 547 -1 34 2555 34 3191
G: K 154 1 34 3192 34 3513
G: K 155 1 34 3512 34 4379
G: K 156 1 34 4378 34 4648
G: K 157 1 34 4650 34 5091
G: P 158 1 34 5093 -1 -1
G: D 159 1 -1 -1 -1 -1
G: D 160 1 -1 -1 -1 -1
G: P 161 1 -1 -1 35 22
G: K 162 1 35 25 35 409
G: K 163 1 35 408 35 756
G: K 164 1 35 761 35 1307
G: K 165 1 35 1309 35 1492
G: K 166 1 35 1485 35 1923
G: K 167 1 35 1929 35 2490
G: K 168 1 35 2491 35 2854
G: K 169 1 35 2858 35 3500
G: K 676 -1 35 3504 35 4434
G: K 170 1 35 4435 35 4891
G: P 171 1 35 4890 -1 -1
G: P 172 1 -1 -1 36 459
G: K 173 1 36 461 36 1256
G: K 174 1 36 1255 36 1474
G: K 175 1 36 1484 36 1598
G: K 176 1 36 1597 36 1993
G: K 177 1 36 1992 36 2364
G: K 178 1 36 2379 36 3366
G: K 786 -1 36 3377 36 4628
G: K 179 1 36 4629 36 4998
G: P 180 1 36 4984 -1 -1
G: P 181 1 -1 -1 37 451
G: K 182 1 37 443 37 1709
G: K 183 1 37 1701 37 2460
G: K 184 1 37 2449 37 4318
G: K 185 1 37 4318 37 5302
G: K 186 1 37 5401 38 859
G: K 187 1 38 3325 38 4090
G: K 188 1 38 4082 39 606
G: K 189 1 39 608 39 1616
G: K 190 1 39 1584 39 2553
G: K 191 1 39 2721 39 3684
G: P 481 1 39 3689 -1 -1
G: P 192 1 -1 -1 40 3230
G: P 193 1 40 3231 -1 -1
G: K 194 1 41 2553 41 3582
G: P 195 1 41 3585 -1 -1
G: P 196 1 -1 -1 42 489
G: K 197 1 42 491 42 671
G: K 198 1 42 673 42 1084
G: K 199 1 42 1809 42 3675
G: K 200 1 42 3686 42 4337
G: K 201 1 42 4346 42 4718
G: K 202 1 42 4845 43 100
G: K 203 1 43 99 43 2511
G: K 204 -1 43 2507 43 3551
G: K 945 1 43 3585 43 4593
G: K 205 1 43 4594 44 58
G: K 206 1 44 41 44 554
G: K 207 -1 44 546 44 1158
G: K 208 -1 44 1141 44 2089
G: K 209 -1 44 2088 44 2649
G: K 210 1 44 2849 44 3509
G: K 211 1 44 3508 44 3700
G: K 212 1 44 3701 44 4148
G: K 213 1 44 4150 44 4513
G: P 214 1 44 4505 -1 -1
G: P 215 1 -1 -1 45 1006
G: K 216 1 45 983 45 1619
G: K 217 1 45 1637 45 2606
G: K 218 1 45 2608 45 4201
G: P 219 1 -1 -1 46 35
G: P 220 1 46 52 -1 -1
G: P 221 1 -1 -1 47 191
G: K 222 1 47 147 47 621
G: K 223 -1 47 652 47 934
G: K 224 1 47 1243 47 1681
G: K 225 1 47 1667 47 2639
G: K 226 1 47 2640 47 3903
G: K 227 1 47 3905 47 5060
G: P 228 1 47 5105 -1 -1
G: P 229 1 -1 -1 48 1461
G: K 230 1 48 1932 48 2823
G: K 231 1 48 2822 48 3311
G: K 232 1 48 3316 48 4384
G: K 233 1 48 4387 48 4846
G: K 234 1 48 4864 49 592
G: K 235 1 49 684 49 987
G: K 236 1 49 979 49 1288
G: K 237 1 49 1280 49 1604
G: K 238 1 49 1596 49 2475
G: K 239 1 49 2461 49 2899
G: K 240 1 49 2888 49 3797
G: P 241 1 49 3826 -1 -1
G: P 242 1 -1 -1 50 1562
G: K 243 -1 50 1558 50 2647
G: K 548 -1 50 2698 50 3646
G: P 244 1 50 3647 -1 -1
G: K 245 1 51 1 51 1948
G: K 246 1 51 2636 51 4763
G: K 247 1 51 4765 51 5263
G: P 248 1 51 5255 -1 -1
G: P 249 -1 -1 -1 52 45
G: K 250 -1 52 31 52 676
G: K 251 -1 52 662 52 2150
G: K 252 -1 52 2194 52 4051
G: K 253 -1 52 4040 52 5402
G: P 254 -1 52 5421 -1 -1
G: P 255 -1 -1 -1 53 683
G: K 256 -1 53 687 53 2730
G: K 257 1 53 2905 53 4006
G: K 258 1 53 4109 53 4565
G: P 259 1 53 4731 -1 -1
G: D 260 1 -1 -1 -1 -1
G: P 261 1 -1 -1 54 831
G: K 262 1 54 831 54 2244
G: K 263 1 54 2374 54 4714
G: K 264 1 55 1653 55 4332
G: P 265 1 55 4338 -1 -1
G: D 266 1 -1 -1 -1 -1
G: K 267 1 56 110 56 1007
G: K 268 1 56 997 56 1609
G: K 269 -1 56 1532 56 2384
G: K 270 -1 56 2402 56 4907
G: K 271 -1 56 4907 56 5255
G: K 272 -1 56 5288 56 5999
G: K 273 -1 56 6149 57 116
G: K 274 -1 57 496 57 1531
G: K 275 -1 57 1541 57 2963
G: P 276 -1 57 2966 -1 -1
G: P 277 -1 -1 -1 58 484
G: K 278 -1 58 501 58 1605
G: K 279 -1 58 1632 58 3096
G: K 280 -1 58 3178 58 3742
G: K 281 -1 58 3755 59 934
G: K 782 -1 59 975 59 1623
G: K 282 1 59 1624 59 3820
G: K 283 -1 59 3816 59 4485
G: K 284 -1 59 4477 59 5287
G: K 285 -1 59 5347 60 982
G: K 286 -1 60 1643 60 2120
G: K 287 1 60 2451 60 3963
G: P 288 1 60 4183 -1 -1
G: D 289 1 -1 -1 -1 -1
G: P 290 1 -1 -1 61 354
G: K 291 1 61 385 61 637
G: P 672 1 61 5209 -1 -1
G: P 292 1 -1 -1 62 162
G: K 293 1 62 145 62 916
G: K 294 1 62 905 62 2591
G: K 295 -1 62 2587 62 3022
G: K 296 -1 62 3021 62 5778
G: P 297 -1 62 5835 -1 -1
G: P 298 -1 -1 -1 63 1193
G: K 299 -1 63 1310 63 2423
G: K 300 -1 63 2425 63 2818
G: K 301 -1 63 2937 63 3993
G: K 302 -1 63 3999 64 687
G: K 303 -1 64 889 64 1870
G: K 304 -1 64 1887 64 3126
G: K 305 -1 64 3127 64 4141
G: P 942 1 64 4170 -1 -1
G: P 306 -1 -1 -1 65 49
G: K 307 -1 65 24 65 1125
G: K 308 -1 65 1106 65 1943
G: K 309 -1 65 2068 65 3898
G: K 673 1 65 3984 65 4431
G: P 310 -1 65 4432 -1 -1
G: P 311 -1 -1 -1 66 3445
G: P 312 -1 66 3429 -1 -1
G: P 313 -1 -1 -1 67 2731
G: K 314 1 67 2784 67 3627
G: P 315 -1 67 3633 -1 -1
G: P 316 -1 -1 -1 68 2894
G: K 317 -1 68 2953 68 3856
G: P 318 -1 68 3900 -1 -1
G: P 319 -1 -1 -1 69 244
G: K 320 -1 69 164 69 1292
G: K 321 -1 69 1332 69 3174
G: K 322 -1 69 3188 69 4046
G: K 323 -1 69 4062 69 4611
G: P 324 -1 69 4714 -1 -1
G: P 325 -1 -1 -1 70 1928
G: K 944 1 70 2726 70 3716
G: K 326 -1 70 3717 70 5427
G: P 327 1 70 5483 -1 -1
G: P 328 -1 -1 -1 71 656
G: K 329 -1 71 591 71 1719
G: K 330 -1 71 1718 71 1889
G: K 331 -1 71 1905 71 2802
G: K 332 -1 71 2814 71 3648
G: P 333 -1 71 3631 -1 -1
G: P 334 -1 -1 -1 72 896
G: K 336 -1 72 907 72 1549
G: K 337 -1 72 1536 72 2268
G: P 338 -1 72 2904 -1 -1
G: P 339 -1 -1 -1 73 490
G: K 340 -1 73 497 73 728
G: K 341 1 73 786 73 1863
G: K 342 1 73 1971 73 3240
G: K 343 1 73 3243 73 3666
G: K 344 -1 73 3652 74 1218
G: K 345 -1 74 1395 74 2421
G: P 346 -1 -1 -1 75 3044
G: P 347 -1 75 3053 -1 -1
G: P 348 -1 -1 -1 76 393
G: K 349 -1 76 471 76 1539
G: K 350 -1 76 1542 76 2397
G: K 351 -1 76 2407 76 5161
G: D 352 1 -1 -1 -1 -1
G: P 353 1 -1 -1 77 158
G: K 354 -1 77 309 77 1302
G: K 355 1 77 1712 77 2990
G: K 356 1 77 2989 77 3925
G: P 357 -1 77 4142 -1 -1
G: D 358 1 -1 -1 -1 -1
G: D 359 1 -1 -1 -1 -1
G: P 360 -1 -1 -1 78 183
G: K 361 1 78 331 78 751
G: K 362 -1 78 753 78 2934
G: K 363 -1 78 3087 78 3984
G: P 364 -1 78 3996 -1 -1
G: P 365 1 -1 -1 79 140
G: K 366 1 79 117 79 1041
G: K 367 -1 79 1030 79 2305
G: K 368 1 79 2424 79 2934
G: K 369 1 79 2956 79 3337
G: K 370 1 79 3339 79 3519
G: K 371 -1 79 3533 79 3800
G: K 674 -1 79 3862 79 4303
G: P 372 1 79 4304 -1 -1
G: P 373 1 -1 -1 80 79
G: K 374 1 80 80 80 2108
G: K 376 -1 80 2131 80 3127
G: K 377 -1 80 3126 80 4845
G: P 378 -1 80 4913 -1 -1
G: P 379 -1 -1 -1 81 260
G: K 380 -1 81 252 81 1458
G: K 381 -1 81 1444 81 2338
G: K 382 -1 81 2338 81 3205
G: K 383 -1 81 3194 81 4922
G: K 384 -1 81 4921 81 5224
G: P 385 -1 81 5229 -1 -1
G: P 386 -1 -1 -1 82 199
G: K 387 1 82 227 82 2084
G: K 388 1 82 2076 82 2673
G: K 389 1 82 2662 82 3325
G: K 390 1 82 3789 82 4437
G: P 391 -1 82 4433 -1 -1
G: P 392 -1 -1 -1 83 212
G: K 393 -1 83 211 83 685
G: K 394 -1 83 855 83 1569
G: K 395 -1 83 1571 84 456
G: K 396 -1 84 742 84 1657
G: K 397 -1 84 1641 84 2136
G: K 398 -1 84 2104 84 2509
G: K 399 -1 84 2512 84 4531
G: P 400 -1 84 4638 -1 -1
G: P 401 -1 -1 -1 85 1651
G: K 402 -1 85 1663 85 2011
G: K 403 -1 85 2136 85 3378
G: P 404 -1 85 3387 -1 -1
G: K 405 -1 86 94 86 583
G: K 406 -1 86 583 86 2296
G: K 407 -1 86 2297 86 2729
G: K 408 -1 86 2733 86 4203
G: P 409 -1 86 4204 -1 -1
G: P 410 -1 -1 -1 87 813
G: K 411 -1 87 828 87 1359
G: K 412 -1 87 1351 87 1993
G: K 413 -1 87 1995 87 2307
G: K 414 -1 87 2309 87 3194
G: K 415 -1 87 3159 87 3669
G: P 416 -1 87 3674 -1 -1
G: D 417 1 -1 -1 -1 -1
G: P 418 -1 -1 -1 88 654
G: K 419 -1 88 656 88 1664
G: K 420 -1 88 1648 88 3667
G: P 421 -1 88 3666 -1 -1
G: P 422 -1 -1 -1 89 2720
G: P 423 -1 89 2784 -1 -1
G: D 424 -1 -1 -1 -1 -1
G: P 425 -1 -1 -1 90 87
G: K 426 -1 90 124 90 1942
G: K 427 -1 90 1947 90 4926
G: K 428 -1 90 4897 91 1544
G: K 429 -1 91 1581 91 3279
G: K 430 -1 91 3281 91 3551
G: P 431 1 91 3739 -1 -1
G: D 432 1 -1 -1 -1 -1
G: D 433 1 -1 -1 -1 -1
G: P 434 1 -1 -1 92 151
G: K 435 -1 92 147 92 1908
G: K 436 -1 92 1911 92 3504
G: P 437 -1 92 3496 -1 -1
G: P 438 -1 -1 -1 93 28
G: K 439 1 93 113 93 1034
G: K 440 1 93 1011 93 1749
G: K 441 1 93 1748 93 2315
G: K 442 1 93 2315 93 3548
G: P 443 1 93 3567 -1 -1
G: P 444 -1 -1 -1 94 290
G: K 445 -1 94 289 94 1072
G: K 446 -1 94 1214 94 1649
G: K 447 -1 94 1819 94 2674
G: K 448 -1 94 2642 94 3893
G: P 449 -1 94 3908 -1 -1
G: D 450 -1 -1 -1 -1 -1
G: D 451 -1 -1 -1 -1 -1
G: K 452 -1 95 502 95 2164
G: K 453 -1 95 2164 95 2653
G: K 454 -1 95 3311 95 4202
G: P 455 -1 95 4201 -1 -1
G: D 456 1 -1 -1 -1 -1
G: P 457 1 -1 -1 96 799
G: K 458 -1 96 785 96 1268
G: K 459 1 96 1254 96 2469
G: K 460 -1 96 2458 96 3469
G: P 461 -1 96 4021 -1 -1
G: P 462 -1 -1 -1 97 489
G: K 463 -1 97 490 97 1003
G: K 464 1 97 1175 97 2123
G: K 465 -1 97 2116 97 3430
G: K 466 -1 97 3410 97 4886
G: P 467 -1 97 4872 -1 -1
G: P 468 -1 -1 -1 98 543
G: K 469 -1 98 514 98 898
G: K 470 -1 98 872 98 1016
G: K 471 -1 98 1041 98 1995
G: K 472 -1 98 1998 99 1423
G: K 473 -1 99 1428 99 2334
G: K 474 -1 99 2396 99 3752
G: P 475 -1 99 4394 -1 -1
