The input genome is 597938 bp long, 478350 will be kept.
min distance 118
----------------------------------------
fragments: id start end
F: 0 690 5318
F: 1 6958 12135
F: 2 13240 18484
F: 3 20008 24716
F: 4 26019 30936
F: 5 32135 37766
F: 6 39061 42982
F: 7 44390 48331
F: 8 49891 54084
F: 9 55222 59363
F: 10 60530 66675
F: 11 67847 71887
F: 12 73130 77491
F: 13 78685 83027
F: 14 84027 89760
F: 15 90813 95783
F: 16 97389 102890
F: 17 103650 107961
F: 18 109007 114336
F: 19 115790 120496
F: 20 121558 126076
F: 21 127231 131221
F: 22 131984 136898
F: 23 138447 143005
F: 24 144067 148120
F: 25 148998 153695
F: 26 154516 158573
F: 27 159692 163571
F: 28 165119 170960
F: 29 172213 178149
F: 30 179790 184008
F: 31 185203 190186
F: 32 191411 196075
F: 33 197563 201783
F: 34 202278 207892
F: 35 209195 214068
F: 36 215193 220172
F: 37 221406 226821
F: 38 227725 231980
F: 39 232955 237061
F: 40 238913 244249
F: 41 245534 250243
F: 42 251417 256264
F: 43 257905 262696
F: 44 264107 268760
F: 45 269863 274844
F: 46 276022 281136
F: 47 282206 287674
F: 48 288661 293662
F: 49 294842 299765
F: 50 300763 305295
F: 51 306043 311731
F: 52 312773 318255
F: 53 319412 324336
F: 54 325518 330094
F: 55 331286 335923
F: 56 337011 343120
F: 57 343884 347864
F: 58 348843 353559
F: 59 354625 359733
F: 60 360396 364604
F: 61 366263 371597
F: 62 373139 378749
F: 63 379702 385118
F: 64 386071 391329
F: 65 392380 397065
F: 66 398022 402106
F: 67 403633 407216
F: 68 408473 412805
F: 69 414323 419579
F: 70 420938 426623
F: 71 428135 432818
F: 72 434293 438178
F: 73 439676 444665
F: 74 445782 450283
F: 75 451561 457538
F: 76 458576 463663
F: 77 464495 469166
F: 78 470531 475375
F: 79 476577 481140
F: 80 482261 487503
F: 81 488793 493909
F: 82 495885 500366
F: 83 501745 506481
F: 84 507530 512283
F: 85 513541 517764
F: 86 518792 523201
F: 87 524236 528670
F: 88 529715 534415
F: 89 535404 539501
F: 90 540545 545491
F: 91 546497 551010
F: 92 552661 556561
F: 93 557821 562052
F: 94 563365 567363
F: 95 568501 573239
F: 96 574686 579744
F: 97 580774 585864
F: 98 586935 591701
F: 99 592836 597820
----------------------------------------
genes: [Kept,Partial,Discared] locus strand fragment1 start_pos fragment2 end_pos 
G: P 0 1 -1 -1 0 1153
G: K 1 1 0 1152 0 2091
G: K 614 -1 0 2174 0 4367
G: K 2 1 0 4368 1 53
G: K 3 1 1 67 1 2596
G: K 4 1 1 2567 1 3821
G: K 5 1 1 3824 1 4472
G: P 6 1 1 4441 -1 -1
G: P 7 1 -1 -1 2 261
G: K 8 1 2 260 2 1070
G: K 9 1 2 1098 2 1782
G: K 10 -1 2 1758 2 2646
G: K 11 -1 2 2650 2 3517
G: K 12 -1 2 3473 2 4304
G: P 13 1 2 4642 -1 -1
G: P 14 1 -1 -1 3 1571
G: K 15 1 3 1580 3 4697
G: D 16 1 -1 -1 -1 -1
G: P 17 1 -1 -1 4 843
G: K 18 1 4 842 4 2375
G: K 19 1 4 2404 4 2848
G: K 20 1 4 2853 4 3729
G: K 21 1 4 3729 4 4833
G: D 22 1 -1 -1 -1 -1
G: P 23 1 -1 -1 5 428
G: K 24 1 5 396 5 855
G: K 25 1 5 854 5 1463
G: K 26 -1 5 1449 5 2031
G: K 27 -1 5 2032 5 2653
G: K 28 -1 5 2686 6 116
G: K 29 1 6 378 6 2409
G: K 30 1 6 2558 6 3338
G: P 31 -1 6 3306 -1 -1
G: D 32 1 -1 -1 -1 -1
G: P 33 1 -1 -1 7 1609
G: K 34 1 7 1581 7 2934
G: P 35 -1 7 2930 -1 -1
G: P 36 -1 -1 -1 8 119
G: K 37 1 8 277 8 2053
G: K 38 1 8 2073 8 2343
G: P 39 1 8 2540 -1 -1
G: D 40 1 -1 -1 -1 -1
G: P 42 1 -1 -1 9 1224
G: K 43 1 9 1225 9 2170
G: K 44 1 9 2153 9 3311
G: P 45 -1 9 3540 -1 -1
G: P 46 1 -1 -1 10 351
G: K 47 1 10 354 10 1038
G: K 48 1 10 1024 10 2299
G: K 49 1 10 2307 10 2706
G: K 50 1 10 2705 10 4376
G: K 51 -1 10 4352 10 5303
G: K 52 -1 10 5306 10 5690
G: K 53 -1 10 5696 10 5852
G: P 54 -1 10 5865 -1 -1
G: D 55 -1 -1 -1 -1 -1
G: P 56 -1 -1 -1 11 288
G: K 57 -1 11 266 11 1259
G: K 58 -1 11 1239 11 1692
G: K 59 1 11 1698 11 2601
G: P 60 -1 11 2579 -1 -1
G: P 61 1 -1 -1 12 1371
G: K 62 1 12 1321 12 2224
G: K 63 1 12 2479 13 974
G: K 64 1 13 973 13 2374
G: K 65 1 13 2377 13 4339
G: P 66 1 -1 -1 14 558
G: K 612 -1 14 580 14 2707
G: K 67 1 14 2708 14 4172
G: K 68 1 15 1569 15 4338
G: P 69 1 15 4448 -1 -1
G: P 70 1 -1 -1 16 1383
G: K 71 1 16 1369 16 3832
G: P 72 1 16 3809 -1 -1
G: D 73 1 -1 -1 -1 -1
G: P 74 1 -1 -1 17 3073
G: K 75 -1 17 3069 17 3486
G: P 76 1 17 3719 -1 -1
G: P 77 1 -1 -1 18 745
G: K 503 1 18 745 18 1372
G: K 78 1 18 1373 18 2585
G: K 79 1 18 2584 18 5131
G: P 80 1 18 5186 -1 -1
G: D 81 1 -1 -1 -1 -1
G: P 82 1 -1 -1 19 72
G: K 83 1 19 67 19 943
G: K 84 1 19 943 19 1891
G: K 85 1 19 1883 19 3032
G: K 86 1 19 3060 19 3480
G: K 87 1 19 3496 19 3958
G: K 88 1 19 3967 20 293
G: K 89 1 20 344 20 971
G: K 90 1 20 971 20 1454
G: K 91 1 20 1443 20 1761
G: K 92 1 20 1763 20 2216
G: K 93 1 20 2199 20 3615
G: P 94 1 20 3618 -1 -1
G: P 95 1 -1 -1 21 1299
G: K 96 1 21 1355 21 2084
G: K 97 1 21 2183 21 3611
G: K 98 1 21 3613 22 294
G: K 99 1 22 286 22 1735
G: K 100 1 22 1709 22 2384
G: K 101 1 22 2376 22 3330
G: K 102 1 22 3319 22 4159
G: K 103 1 22 4180 22 4417
G: K 104 1 22 4419 23 134
G: K 105 1 23 141 23 753
G: K 106 -1 23 730 23 1318
G: K 107 1 23 1358 23 1925
G: K 108 1 23 1924 23 2716
G: K 109 1 23 2700 23 3873
G: P 110 1 23 3859 -1 -1
G: P 111 1 -1 -1 24 419
G: K 112 1 24 408 24 1038
G: K 113 1 24 1051 24 2440
G: K 114 1 24 2375 24 3083
G: K 115 1 24 3107 24 3581
G: P 116 1 24 3589 -1 -1
G: P 117 1 -1 -1 25 75
G: K 118 1 25 49 25 1120
G: K 119 1 25 1134 25 2838
G: K 120 1 25 2844 25 4404
G: P 121 1 25 4406 -1 -1
G: P 122 1 -1 -1 26 1993
G: K 123 1 26 1970 26 3386
G: K 124 1 26 3432 26 3744
G: P 125 1 26 3749 -1 -1
G: P 126 -1 -1 -1 27 482
G: K 127 1 27 517 27 955
G: K 128 1 27 962 27 1751
G: K 129 1 27 1750 27 2104
G: K 130 1 27 2090 27 3551
G: D 131 -1 -1 -1 -1 -1
G: D 132 -1 -1 -1 -1 -1
G: P 133 1 -1 -1 28 216
G: K 134 -1 28 190 28 1054
G: K 135 1 28 1102 28 2578
G: K 136 1 28 2519 28 3746
G: K 137 1 28 3745 28 5566
G: K 138 1 28 5649 29 271
G: P 616 -1 -1 -1 30 19
G: P 139 1 30 1423 -1 -1
G: P 140 1 -1 -1 31 1003
G: K 141 1 31 1002 31 1281
G: K 142 1 31 1267 31 3127
G: K 143 1 31 3116 31 3449
G: K 144 1 31 3470 31 4331
G: P 145 1 31 4330 -1 -1
G: P 146 1 -1 -1 32 252
G: K 147 1 32 235 32 1378
G: K 148 1 32 1416 32 2646
G: K 149 1 32 2721 32 3567
G: K 150 1 32 3606 32 4071
G: K 151 1 32 4160 32 4484
G: P 152 1 32 4487 -1 -1
G: D 153 1 -1 -1 -1 -1
G: P 154 1 -1 -1 33 74
G: K 155 1 33 73 33 952
G: K 156 1 33 951 33 1215
G: K 157 1 33 1217 33 1646
G: K 158 1 33 1648 33 2467
G: K 159 1 33 2472 33 2886
G: K 160 1 33 2885 33 3488
G: K 161 1 33 3487 33 3748
G: K 162 1 33 3751 33 4120
G: P 163 1 33 4119 -1 -1
G: P 164 1 -1 -1 34 279
G: K 165 1 34 281 34 467
G: K 166 1 34 460 34 886
G: K 167 1 34 892 34 1447
G: K 168 1 34 1448 34 1799
G: K 169 1 34 1803 34 2454
G: K 170 1 34 2459 34 2918
G: K 171 1 34 2917 34 4357
G: K 172 1 34 4350 34 4998
G: P 173 1 34 5000 -1 -1
G: D 174 1 -1 -1 -1 -1
G: D 175 1 -1 -1 -1 -1
G: D 176 1 -1 -1 -1 -1
G: D 177 1 -1 -1 -1 -1
G: P 178 1 -1 -1 35 928
G: K 179 1 35 940 35 1321
G: K 180 1 35 1307 35 2132
G: K 181 1 35 2116 35 3040
G: K 182 1 35 3032 35 4295
G: P 183 1 35 4287 -1 -1
G: P 184 1 -1 -1 36 837
G: K 185 1 36 837 36 1803
G: K 186 1 36 1902 36 4044
G: K 187 1 37 297 37 1056
G: K 188 1 37 1048 37 2827
G: K 189 1 37 2829 37 3834
G: K 190 1 37 3805 37 4780
G: P 191 1 37 4948 -1 -1
G: P 192 1 -1 -1 38 3954
G: K 193 1 38 3955 39 1890
G: D 194 1 -1 -1 -1 -1
G: P 195 1 -1 -1 40 2377
G: K 196 1 40 2435 40 2981
G: K 197 1 40 2983 40 3163
G: K 198 1 40 3165 40 3540
G: P 199 1 40 4265 -1 -1
G: P 200 1 -1 -1 41 112
G: K 201 1 41 121 41 487
G: K 202 1 41 614 41 2516
G: P 203 1 41 2515 -1 -1
G: P 204 -1 -1 -1 42 54
G: K 205 1 42 89 42 1895
G: K 206 1 42 1875 42 2379
G: K 207 -1 42 2371 42 2962
G: K 208 -1 42 2945 42 3872
G: K 209 -1 42 3871 42 4414
G: P 210 1 42 4614 -1 -1
G: D 211 1 -1 -1 -1 -1
G: D 212 1 -1 -1 -1 -1
G: D 213 1 -1 -1 -1 -1
G: P 214 1 -1 -1 43 607
G: K 215 1 43 599 43 2015
G: K 216 1 43 1998 43 2622
G: K 217 1 43 2640 43 3612
G: P 218 1 43 3614 -1 -1
G: P 219 1 -1 -1 44 995
G: K 220 1 44 1012 45 674
G: K 221 1 45 676 45 1717
G: K 222 1 45 1676 45 2123
G: K 223 -1 45 2154 45 2436
G: K 224 1 45 2745 45 3159
G: K 225 1 45 3148 45 4081
G: P 226 1 45 4082 -1 -1
G: P 227 1 -1 -1 46 313
G: K 228 1 46 358 46 1834
G: K 229 1 46 1796 46 3284
G: K 230 1 46 3755 46 4619
G: K 231 1 46 4618 46 5101
G: P 232 1 46 5106 -1 -1
G: P 233 1 -1 -1 47 410
G: K 234 1 47 428 47 2594
G: K 505 -1 47 2685 47 3102
G: K 235 1 47 3103 47 3418
G: K 236 1 47 3410 47 3716
G: K 237 1 47 3708 47 4023
G: K 238 1 47 4015 47 4891
G: K 239 1 47 4880 47 5303
G: P 240 1 47 5295 -1 -1
G: P 241 1 -1 -1 48 1095
G: K 242 1 48 1163 48 3566
G: K 243 -1 48 3562 48 4624
G: K 244 1 48 4676 49 385
G: K 245 1 49 390 49 2283
G: P 246 1 49 2971 -1 -1
G: D 247 1 -1 -1 -1 -1
G: P 248 1 -1 -1 50 509
G: K 249 -1 50 489 50 1218
G: K 250 -1 50 1204 50 1873
G: K 251 -1 50 1856 50 3377
G: K 252 -1 50 3421 51 16
G: K 253 -1 51 5 51 1343
G: K 254 -1 51 1362 51 2103
G: K 255 -1 51 2105 51 3404
G: K 256 -1 51 3408 51 5397
G: P 257 1 51 5572 -1 -1
G: K 258 1 52 40 52 493
G: K 259 1 52 659 52 1430
G: K 260 1 52 1475 52 1769
G: K 261 1 52 1768 52 2848
G: K 262 1 52 2848 52 4267
G: K 263 1 52 4397 53 56
G: P 264 1 53 2948 -1 -1
G: P 265 1 -1 -1 54 370
G: K 266 1 54 369 54 1224
G: K 267 1 54 1339 54 2215
G: K 268 1 54 2208 54 2805
G: K 269 -1 54 2740 54 3577
G: K 270 -1 54 3595 55 206
G: K 271 -1 55 206 55 569
G: K 272 -1 55 602 55 1286
G: K 273 -1 55 1436 55 2459
G: K 274 -1 55 2839 55 3853
G: P 275 -1 55 3863 -1 -1
G: P 276 -1 -1 -1 56 667
G: K 277 -1 56 916 56 1891
G: K 278 -1 56 1908 56 2991
G: K 279 -1 56 3018 56 4455
G: K 280 -1 56 4537 56 5083
G: K 281 -1 56 5096 57 1136
G: K 282 1 57 1178 57 3359
G: P 283 -1 57 3355 -1 -1
G: D 284 -1 -1 -1 -1 -1
G: P 285 -1 -1 -1 58 1586
G: K 286 -1 58 2247 58 2748
G: K 287 1 58 3079 58 4552
G: D 288 1 -1 -1 -1 -1
G: P 289 1 -1 -1 59 389
G: K 290 1 59 391 59 982
G: K 291 1 59 1013 59 1265
G: K 292 1 60 380 60 1487
G: K 293 1 60 1476 60 2217
G: K 294 1 60 2206 60 3859
G: P 295 -1 60 3855 -1 -1
G: P 296 -1 -1 -1 61 1098
G: K 297 -1 61 1155 61 1911
G: K 298 -1 61 1903 61 3331
G: K 299 -1 61 3448 61 4552
G: K 300 -1 61 4554 61 4944
G: P 301 -1 61 5063 -1 -1
G: P 302 -1 -1 -1 62 2177
G: K 303 -1 62 2379 62 3342
G: K 304 -1 62 3359 62 4598
G: P 305 -1 62 4599 -1 -1
G: P 306 -1 -1 -1 63 67
G: K 307 -1 63 45 63 1134
G: K 308 -1 63 1115 63 1919
G: K 309 -1 63 2044 63 3832
G: K 310 -1 63 3919 63 5107
G: K 311 -1 63 5106 64 2283
G: K 312 -1 64 2264 64 3506
G: K 501 -1 64 3511 64 4861
G: K 313 -1 64 4862 65 2264
G: K 314 1 65 2317 65 3124
G: K 315 -1 65 3130 65 3757
G: K 316 -1 65 3779 66 1578
G: K 317 -1 66 1637 66 2501
G: K 318 -1 66 2545 66 3877
G: P 319 -1 66 3900 -1 -1
G: P 320 -1 -1 -1 67 249
G: K 321 -1 67 289 67 2089
G: K 322 -1 67 2103 67 2949
G: K 323 -1 67 2965 67 3493
G: D 324 -1 -1 -1 -1 -1
G: P 325 -1 -1 -1 68 2763
G: P 326 -1 68 3562 -1 -1
G: P 327 1 -1 -1 69 141
G: K 613 -1 69 433 69 625
G: K 500 -1 69 1167 69 4899
G: P 328 -1 69 4900 -1 -1
G: P 329 -1 -1 -1 70 107
G: K 330 -1 70 106 70 271
G: K 331 -1 70 287 70 1181
G: K 332 -1 70 1193 70 2018
G: K 333 -1 70 2004 70 4305
G: P 334 -1 70 4343 -1 -1
G: D 335 -1 -1 -1 -1 -1
G: D 336 -1 -1 -1 -1 -1
G: P 337 -1 -1 -1 71 516
G: K 615 -1 71 1151 71 3089
G: P 338 -1 71 3090 -1 -1
G: P 339 -1 -1 -1 72 14
G: K 340 -1 72 21 72 243
G: K 341 1 72 301 72 1378
G: K 342 1 72 1486 72 2716
G: K 343 1 72 2719 72 3145
G: K 344 -1 72 3128 73 1600
G: K 345 -1 73 1777 73 2797
G: P 346 -1 -1 -1 74 3085
G: K 347 -1 74 3094 75 1527
G: K 348 -1 75 1616 75 2123
G: K 349 -1 75 2201 75 3239
G: K 350 -1 75 3242 75 4073
G: P 351 -1 75 4083 -1 -1
G: P 352 1 -1 -1 76 336
G: K 353 1 76 326 76 959
G: K 354 -1 76 1110 76 2085
G: K 355 1 76 2495 76 3737
G: K 356 1 76 3736 76 4672
G: P 357 -1 76 4889 -1 -1
G: P 358 1 -1 -1 77 286
G: K 359 1 77 288 77 789
G: K 360 -1 77 785 77 1112
G: K 361 1 77 1260 77 1680
G: K 362 -1 77 1682 77 3902
G: P 363 -1 77 4055 -1 -1
G: P 364 -1 -1 -1 78 68
G: K 365 1 78 875 78 1484
G: K 366 1 78 1461 78 2394
G: K 367 -1 78 2383 78 3619
G: K 368 1 78 3738 78 4227
G: K 369 1 78 4249 78 4630
G: K 370 1 78 4632 78 4806
G: P 371 -1 78 4820 -1 -1
G: D 372 1 -1 -1 -1 -1
G: P 373 1 -1 -1 79 731
G: K 374 1 79 732 79 2769
G: K 375 -1 79 2792 79 3584
G: P 376 -1 79 3573 -1 -1
G: P 377 -1 -1 -1 80 561
G: K 378 -1 80 629 80 1583
G: K 379 -1 80 1569 80 2544
G: K 380 -1 80 2536 80 3715
G: K 381 -1 80 3698 80 4547
G: P 382 -1 80 4547 -1 -1
G: P 383 -1 -1 -1 81 533
G: K 384 -1 81 532 81 850
G: K 385 -1 81 855 81 1437
G: K 386 -1 81 1483 81 3097
G: K 387 1 81 3125 81 4973
G: P 388 1 81 4965 -1 -1
G: D 389 1 -1 -1 -1 -1
G: P 502 -1 -1 -1 82 656
G: K 390 1 82 657 82 1305
G: K 391 -1 82 1301 82 2063
G: K 392 -1 82 2055 82 3357
G: K 393 -1 82 3356 82 3818
G: P 394 -1 82 3988 -1 -1
G: P 395 -1 -1 -1 83 3692
G: P 396 -1 83 3978 -1 -1
G: D 397 -1 -1 -1 -1 -1
G: D 398 -1 -1 -1 -1 -1
G: P 399 -1 -1 -1 84 1895
G: K 400 -1 84 2002 84 3346
G: P 401 -1 84 3362 -1 -1
G: D 402 -1 -1 -1 -1 -1
G: P 403 -1 -1 -1 85 689
G: K 404 -1 85 698 85 2288
G: K 405 -1 85 2658 85 3120
G: P 406 -1 85 3120 -1 -1
G: P 407 -1 -1 -1 86 0
G: K 408 -1 86 4 86 1444
G: K 409 -1 86 1445 86 2291
G: K 410 -1 86 2290 86 3847
G: K 411 -1 86 3862 86 4399
G: P 412 -1 86 4391 -1 -1
G: D 413 -1 -1 -1 -1 -1
G: P 414 -1 -1 -1 87 826
G: K 415 -1 87 788 87 1253
G: K 416 -1 87 1258 87 2635
G: K 417 1 87 2701 87 3175
G: K 418 -1 87 3171 87 3888
G: P 419 -1 87 3890 -1 -1
G: P 420 -1 -1 -1 88 1356
G: K 421 -1 88 1355 88 2498
G: K 422 -1 88 2618 89 76
G: K 423 -1 89 140 89 2135
G: K 424 -1 89 2190 89 2589
G: K 425 -1 89 2594 89 3038
G: P 426 -1 89 3075 -1 -1
G: P 427 -1 -1 -1 90 2628
G: P 428 -1 90 2599 -1 -1
G: P 429 -1 -1 -1 91 902
G: K 430 -1 91 904 91 1165
G: K 431 1 91 1353 91 2709
G: K 432 1 91 2731 91 2935
G: K 433 1 91 2970 91 3399
G: K 434 1 91 3509 91 4034
G: P 435 -1 91 4030 -1 -1
G: P 436 -1 -1 -1 92 1148
G: K 437 -1 92 1140 92 1872
G: K 438 -1 92 1931 92 3152
G: P 439 1 92 3237 -1 -1
G: D 440 1 -1 -1 -1 -1
G: P 441 1 -1 -1 93 264
G: K 442 1 93 264 93 1467
G: K 443 1 93 1486 93 2638
G: K 444 -1 93 3042 93 3870
G: P 445 -1 93 3869 -1 -1
G: D 446 -1 -1 -1 -1 -1
G: P 447 -1 -1 -1 94 668
G: K 448 -1 94 639 94 1827
G: K 449 -1 94 1842 94 2211
G: K 450 -1 94 2194 94 2902
G: K 451 -1 94 2901 94 3195
G: K 452 -1 94 3805 95 325
G: K 453 -1 95 325 95 784
G: K 454 -1 95 1442 95 2327
G: K 455 -1 95 2326 95 3508
G: K 456 1 95 3560 95 4346
G: P 457 1 95 4330 -1 -1
G: D 458 -1 -1 -1 -1 -1
G: P 459 1 -1 -1 96 649
G: K 460 -1 96 641 96 1658
G: K 461 -1 96 2210 96 4337
G: K 462 -1 96 4514 96 5042
G: P 463 -1 96 5043 -1 -1
G: P 464 1 -1 -1 97 582
G: K 465 -1 97 578 97 1859
G: K 466 -1 97 1839 97 3318
G: K 467 -1 97 3304 97 4093
G: P 468 -1 97 4085 -1 -1
G: D 469 -1 -1 -1 -1 -1
G: D 470 -1 -1 -1 -1 -1
G: P 471 -1 -1 -1 98 525
G: P 472 -1 98 528 -1 -1
G: P 473 -1 -1 -1 99 845
G: K 474 -1 99 907 99 2260
G: K 475 -1 99 2902 99 3724
G: P 504 1 99 3749 -1 -1
