The input genome is 602903 bp long, 482322 will be kept.
min distance 119
----------------------------------------
fragments: id start end
F: 0 702 5377
F: 1 6932 12222
F: 2 13484 18728
F: 3 20244 25061
F: 4 26274 31261
F: 5 32365 38109
F: 6 39460 43446
F: 7 44834 48839
F: 8 50398 54599
F: 9 55770 59957
F: 10 60998 67143
F: 11 68360 72400
F: 12 73779 78140
F: 13 79387 83815
F: 14 84901 90634
F: 15 91710 96689
F: 16 98117 103825
F: 17 104495 108806
F: 18 109902 115231
F: 19 116731 121437
F: 20 122559 127077
F: 21 128410 132400
F: 22 133205 138119
F: 23 139836 144412
F: 24 145401 149528
F: 25 150480 155194
F: 26 156002 160073
F: 27 161181 165107
F: 28 166706 172547
F: 29 173759 179737
F: 30 181469 185687
F: 31 187004 191987
F: 32 193171 197887
F: 33 199180 203514
F: 34 204063 209679
F: 35 210928 215801
F: 36 217115 222094
F: 37 223394 228809
F: 38 229901 234156
F: 39 235147 239272
F: 40 241099 246507
F: 41 247848 252654
F: 42 254011 258897
F: 43 260572 265363
F: 44 266839 271492
F: 45 272691 277672
F: 46 278862 284017
F: 47 285142 290610
F: 48 291664 296665
F: 49 297868 302809
F: 50 303831 308452
F: 51 309282 314970
F: 52 316117 321599
F: 53 322763 327721
F: 54 328732 333488
F: 55 334623 339359
F: 56 340512 346651
F: 57 347416 351396
F: 58 352299 357092
F: 59 358098 363206
F: 60 363924 368159
F: 61 369855 375189
F: 62 376707 382399
F: 63 383353 388769
F: 64 389689 394947
F: 65 395958 400696
F: 66 401845 405929
F: 67 407399 411040
F: 68 412200 416532
F: 69 418040 423384
F: 70 424720 430405
F: 71 431718 436618
F: 72 437991 441974
F: 73 443416 448431
F: 74 449573 454118
F: 75 455438 461415
F: 76 462531 467618
F: 77 468499 473170
F: 78 474598 479442
F: 79 480563 485208
F: 80 486294 491572
F: 81 492636 497993
F: 82 499783 504449
F: 83 505983 510719
F: 84 511854 516607
F: 85 517990 522213
F: 86 523149 527580
F: 87 528618 533152
F: 88 534198 538898
F: 89 539657 543930
F: 90 544959 549921
F: 91 551033 555546
F: 92 557189 561171
F: 93 562432 566663
F: 94 568172 572170
F: 95 573365 578196
F: 96 579667 584756
F: 97 585780 590870
F: 98 591853 596722
F: 99 597800 602784
----------------------------------------
genes: [Kept,Partial,Discared] locus strand fragment1 start_pos fragment2 end_pos 
G: P 0 1 -1 -1 0 1132
G: K 1 1 0 1131 0 2067
G: K 2 1 0 2151 0 4134
G: K 3 1 0 4148 1 465
G: K 4 1 1 439 1 1720
G: K 5 1 1 1723 1 2365
G: K 6 1 1 2337 1 3099
G: K 7 1 1 3101 1 4445
G: K 8 1 1 4444 1 5236
G: P 9 1 1 5264 -1 -1
G: P 10 -1 -1 -1 2 224
G: K 11 -1 2 228 2 1092
G: K 12 -1 2 1057 2 1888
G: K 13 1 2 2226 2 4098
G: K 597 -1 2 4143 2 4620
G: P 14 1 2 4621 -1 -1
G: P 15 1 -1 -1 3 2748
G: K 16 1 3 2789 3 3998
G: P 17 1 3 3981 -1 -1
G: P 18 1 -1 -1 4 446
G: K 19 1 4 475 4 934
G: K 20 1 4 939 4 1839
G: K 21 1 4 1839 4 2943
G: K 22 1 4 3145 4 4054
G: K 23 1 4 4057 4 4630
G: P 24 1 4 4598 -1 -1
G: D 25 1 -1 -1 -1 -1
G: P 26 -1 -1 -1 5 145
G: K 27 -1 5 146 5 764
G: K 28 -1 5 797 5 5159
G: K 29 1 5 5421 6 369
G: K 30 1 6 518 6 1304
G: K 31 -1 6 1269 6 1923
G: K 32 1 6 1951 6 3217
G: P 33 1 6 3206 -1 -1
G: P 34 1 -1 -1 7 867
G: K 35 -1 7 863 7 2396
G: K 36 -1 7 2386 7 3547
G: P 37 1 7 3705 -1 -1
G: P 38 1 -1 -1 8 228
G: K 39 1 8 425 8 2123
G: K 40 1 8 2127 8 2988
G: K 41 1 8 2968 8 3841
G: P 42 1 8 3825 -1 -1
G: P 43 1 -1 -1 9 857
G: K 44 1 9 840 9 1995
G: K 45 -1 9 2224 9 3598
G: P 46 1 9 3650 -1 -1
G: D 47 1 -1 -1 -1 -1
G: P 48 1 -1 -1 10 1096
G: K 601 -1 10 1103 10 1412
G: K 49 1 10 1413 10 1809
G: K 50 1 10 1808 10 3485
G: K 51 -1 10 3461 10 4412
G: K 52 -1 10 4415 10 4793
G: K 53 -1 10 4799 10 4949
G: K 54 -1 10 4962 10 5349
G: P 55 -1 10 5335 -1 -1
G: D 56 -1 -1 -1 -1 -1
G: P 57 -1 -1 -1 11 344
G: K 58 -1 11 324 11 774
G: K 59 1 11 780 11 1674
G: K 60 -1 11 1655 11 3371
G: K 61 1 11 3675 12 353
G: K 62 1 12 300 12 1218
G: P 63 1 12 1473 -1 -1
G: P 64 1 -1 -1 13 1414
G: K 65 1 13 1417 13 3364
G: P 66 1 13 3374 -1 -1
G: P 67 1 -1 -1 14 898
G: K 68 1 14 5081 15 1053
G: K 69 1 15 1163 15 2039
G: K 70 1 15 2043 15 4737
G: K 71 1 15 4723 16 764
G: K 72 1 16 735 16 2742
G: K 73 1 16 2744 16 3152
G: P 74 1 16 3215 -1 -1
G: P 75 -1 -1 -1 17 343
G: K 76 1 17 576 17 1821
G: K 77 1 17 1813 17 2950
G: K 600 1 17 2950 17 3355
G: P 78 1 17 3356 -1 -1
G: P 79 1 -1 -1 18 1755
G: K 598 -1 18 1809 18 2760
G: K 80 1 18 2761 18 3181
G: K 81 1 18 3180 18 3861
G: K 82 1 18 3860 18 4430
G: K 83 1 18 4422 18 5298
G: P 84 1 18 5298 -1 -1
G: P 85 1 -1 -1 19 564
G: K 86 1 19 592 19 1012
G: K 87 1 19 1028 19 1496
G: K 88 1 19 1505 19 3578
G: K 89 1 19 3629 19 4262
G: P 90 1 19 4262 -1 -1
G: D 91 1 -1 -1 -1 -1
G: D 92 1 -1 -1 -1 -1
G: P 93 1 -1 -1 20 1081
G: K 94 1 20 1084 20 2281
G: K 95 1 20 2464 20 4438
G: P 96 1 20 4494 -1 -1
G: P 97 1 -1 -1 21 944
G: K 98 1 21 946 21 2380
G: K 99 1 21 2372 21 3809
G: P 100 1 21 3780 -1 -1
G: P 101 1 -1 -1 22 618
G: K 102 1 22 607 22 1450
G: K 103 1 22 1471 22 1711
G: K 104 1 22 1713 22 3918
G: K 105 1 22 3925 22 4528
G: P 106 -1 22 4499 -1 -1
G: D 107 1 -1 -1 -1 -1
G: D 108 1 -1 -1 -1 -1
G: P 109 1 -1 -1 23 1059
G: K 110 1 23 1045 23 1888
G: K 111 1 23 1902 23 3249
G: P 113 1 23 3262 -1 -1
G: D 114 1 -1 -1 -1 -1
G: P 115 1 -1 -1 24 227
G: K 116 1 24 235 24 994
G: K 117 1 24 983 24 1664
G: K 118 1 24 1644 24 2682
G: P 119 1 24 2696 -1 -1
G: P 120 1 -1 -1 25 899
G: K 121 1 25 901 25 1822
G: K 122 1 25 1861 25 4033
G: P 123 1 25 4007 -1 -1
G: P 124 1 -1 -1 26 298
G: K 125 1 26 303 26 1188
G: K 126 -1 26 1168 26 2212
G: K 127 1 26 2247 26 2688
G: K 596 -1 26 2694 26 3630
G: P 128 1 26 3631 -1 -1
G: D 129 1 -1 -1 -1 -1
G: P 130 1 -1 -1 27 1053
G: K 131 -1 27 1613 27 2042
G: K 132 -1 27 2022 27 2817
G: K 133 1 27 2836 27 3139
G: P 134 -1 27 3110 -1 -1
G: P 135 1 -1 -1 28 3
G: P 136 1 -1 -1 28 1168
G: K 137 1 28 1167 28 2991
G: K 138 1 28 3074 28 4808
G: P 139 1 -1 -1 30 2035
G: K 140 1 30 2039 30 3647
G: K 141 1 30 3646 30 3928
G: K 142 1 30 3911 31 248
G: K 143 1 31 231 31 573
G: K 144 1 31 597 31 1467
G: K 145 1 31 1466 31 2303
G: K 146 1 31 2315 31 3617
G: K 147 1 31 3603 31 4746
G: P 148 1 31 4784 -1 -1
G: P 149 1 -1 -1 32 771
G: K 495 1 32 809 32 3359
G: K 150 1 32 3360 32 3834
G: K 151 1 32 3923 32 4253
G: P 152 1 32 4256 -1 -1
G: D 153 1 -1 -1 -1 -1
G: P 154 1 -1 -1 33 1
G: K 155 1 33 0 33 873
G: K 156 1 33 872 33 1136
G: K 157 1 33 1138 33 1576
G: K 158 1 33 1578 33 2394
G: K 159 1 33 2399 33 2816
G: K 160 1 33 2815 33 3433
G: K 161 1 33 3432 33 3690
G: K 162 1 33 3693 33 4056
G: P 163 1 33 4055 -1 -1
G: P 164 1 -1 -1 34 71
G: K 165 1 34 73 34 259
G: K 166 1 34 252 34 678
G: K 167 1 34 684 34 1242
G: K 168 1 34 1243 34 1600
G: K 169 1 34 1604 34 2246
G: K 170 1 34 2251 34 2704
G: K 171 1 34 2703 34 4182
G: K 172 1 34 4175 34 4838
G: K 173 1 34 4840 34 5611
G: P 174 1 34 5610 -1 -1
G: D 175 1 -1 -1 -1 -1
G: D 176 1 -1 -1 -1 -1
G: D 177 1 -1 -1 -1 -1
G: P 178 1 -1 -1 35 865
G: K 499 -1 35 876 35 1548
G: K 179 1 35 1549 35 1933
G: K 180 1 35 1916 35 2753
G: K 181 1 35 2737 35 3652
G: P 182 1 35 3644 -1 -1
G: D 183 1 -1 -1 -1 -1
G: P 184 1 -1 -1 36 1290
G: K 185 1 36 1290 36 2262
G: K 186 1 36 2361 36 4518
G: K 595 1 37 704 37 1958
G: K 187 1 37 1959 37 2715
G: K 188 1 37 2707 37 4465
G: P 189 1 37 4467 -1 -1
G: D 190 1 -1 -1 -1 -1
G: K 191 1 38 76 38 1033
G: K 192 1 38 1039 39 221
G: K 193 1 39 222 39 3393
G: K 194 1 40 382 40 1408
G: K 736 1 40 1410 40 3570
G: P 195 1 40 3571 -1 -1
G: D 196 1 -1 -1 -1 -1
G: P 197 1 -1 -1 41 35
G: K 198 1 41 37 41 415
G: K 199 1 41 1140 41 2982
G: K 200 1 41 2993 41 3653
G: K 201 1 41 3662 41 4031
G: P 202 1 41 4158 -1 -1
G: P 203 1 -1 -1 42 2287
G: K 204 -1 42 2283 42 3324
G: P 205 1 42 3359 -1 -1
G: D 206 1 -1 -1 -1 -1
G: D 207 -1 -1 -1 -1 -1
G: P 208 -1 -1 -1 43 605
G: K 209 -1 43 604 43 1150
G: K 210 1 43 1350 43 2019
G: K 211 1 43 2018 43 2210
G: K 212 1 43 2211 43 2655
G: K 213 1 43 2657 43 3005
G: K 214 1 43 2997 43 3813
G: P 215 1 43 3805 -1 -1
G: D 216 1 -1 -1 -1 -1
G: P 217 1 -1 -1 44 563
G: K 218 1 44 565 44 2143
G: K 219 1 44 3062 44 4211
G: K 220 1 44 4228 45 3878
G: K 221 1 45 3880 45 4921
G: P 222 1 45 4883 -1 -1
G: D 223 -1 -1 -1 -1 -1
G: P 224 1 -1 -1 46 207
G: K 225 1 46 196 46 1132
G: K 226 1 46 1133 46 2372
G: K 602 1 46 2373 46 2886
G: K 227 1 46 2887 46 3997
G: P 228 1 46 4042 -1 -1
G: P 229 1 -1 -1 47 703
G: K 230 1 47 1174 47 2047
G: K 231 1 47 2046 47 2526
G: K 232 1 47 2531 47 3554
G: K 233 1 47 3557 47 4028
G: P 234 1 47 4046 -1 -1
G: P 739 1 -1 -1 48 465
G: K 235 1 48 466 48 769
G: K 236 1 48 761 48 1052
G: K 237 1 48 1044 48 1359
G: K 238 1 48 1351 48 2242
G: K 239 1 48 2228 48 2648
G: K 240 1 48 2640 48 3525
G: K 241 1 48 3554 48 4901
G: K 242 1 48 4969 49 1177
G: K 243 -1 49 1173 49 2244
G: K 244 1 49 2296 49 4165
G: K 245 1 49 4170 50 115
G: K 738 -1 50 264 50 825
G: K 246 1 50 1364 50 3515
G: K 247 1 50 3517 50 4027
G: P 248 1 50 4016 -1 -1
G: P 249 -1 -1 -1 51 126
G: K 250 -1 51 106 51 784
G: K 251 -1 51 767 51 2276
G: K 252 -1 51 2320 51 4165
G: K 253 -1 51 4154 51 5498
G: P 254 -1 51 5517 -1 -1
G: P 255 -1 -1 -1 52 754
G: K 256 -1 52 758 52 2762
G: K 257 1 52 2937 52 4062
G: K 258 1 52 4165 52 4624
G: P 259 1 52 4790 -1 -1
G: D 260 1 -1 -1 -1 -1
G: P 261 1 -1 -1 53 354
G: K 262 1 53 354 53 1722
G: K 263 1 53 1852 53 4174
G: K 264 1 54 1097 54 3773
G: K 265 1 54 3779 54 4685
G: P 266 1 54 4684 -1 -1
G: P 267 1 -1 -1 55 678
G: K 268 1 55 668 55 1292
G: K 269 -1 55 1221 55 2085
G: K 270 -1 55 2103 55 4512
G: P 271 -1 55 4512 -1 -1
G: D 272 -1 -1 -1 -1 -1
G: P 273 -1 -1 -1 56 891
G: K 274 -1 56 1271 56 2288
G: K 275 -1 56 2298 56 3693
G: K 276 -1 56 3696 56 4887
G: K 277 -1 56 5136 56 6123
G: P 278 -1 -1 -1 57 313
G: K 279 -1 57 340 57 1798
G: K 280 -1 57 1880 57 2423
G: K 281 -1 57 2436 58 475
G: K 282 1 58 517 58 2692
G: K 283 -1 58 2688 58 3351
G: K 284 -1 58 3343 58 4153
G: K 285 -1 58 4210 59 145
G: K 286 -1 59 806 59 1292
G: K 287 1 59 1623 59 3081
G: K 288 1 59 3301 59 3700
G: K 289 1 59 3662 59 4706
G: P 290 1 59 4708 -1 -1
G: D 291 1 -1 -1 -1 -1
G: D 292 1 -1 -1 -1 -1
G: P 293 1 -1 -1 61 581
G: K 294 1 61 570 61 2202
G: K 295 -1 61 2198 61 2621
G: P 296 -1 61 2620 -1 -1
G: D 297 -1 -1 -1 -1 -1
G: P 298 -1 -1 -1 62 725
G: K 299 -1 62 842 62 1961
G: K 300 -1 62 1963 62 2353
G: K 301 -1 62 2472 62 3540
G: P 302 -1 62 3546 -1 -1
G: K 303 -1 63 105 63 1068
G: K 304 -1 63 1085 63 2339
G: K 305 -1 63 2340 63 3357
G: K 306 -1 63 3387 63 4368
G: P 307 -1 63 4346 -1 -1
G: P 308 -1 63 5404 -1 -1
G: K 309 -1 64 24 64 1830
G: K 310 -1 64 1917 64 3120
G: K 311 -1 64 3122 65 429
G: K 312 -1 65 413 65 1646
G: P 313 -1 65 1652 -1 -1
G: P 314 1 -1 -1 66 327
G: K 315 -1 66 333 66 960
G: P 316 -1 66 982 -1 -1
G: D 317 -1 -1 -1 -1 -1
G: P 318 -1 -1 -1 67 1192
G: K 319 -1 67 1215 67 2124
G: K 320 -1 67 2044 67 3157
G: K 321 -1 67 3197 68 196
G: K 322 -1 68 210 68 1062
G: K 323 -1 68 1078 68 1606
G: K 324 -1 68 1709 68 2600
G: P 325 -1 68 2920 -1 -1
G: K 326 -1 69 741 69 2436
G: K 327 1 69 2492 69 3176
G: K 328 -1 69 4011 69 4854
G: P 329 -1 69 4795 -1 -1
G: D 330 -1 -1 -1 -1 -1
G: P 331 -1 -1 -1 70 281
G: K 332 -1 70 293 70 1109
G: K 333 -1 70 1095 70 3378
G: K 334 -1 70 3416 70 4793
G: K 335 -1 70 4796 70 5444
G: P 336 -1 70 5452 -1 -1
G: D 337 -1 -1 -1 -1 -1
G: K 338 -1 71 451 71 2968
G: K 339 -1 71 2957 71 3551
G: K 340 -1 71 3558 71 3780
G: K 341 1 71 3838 71 4888
G: D 342 1 -1 -1 -1 -1
G: P 498 1 -1 -1 72 1260
G: K 343 1 72 1261 72 1678
G: K 344 -1 72 1664 73 112
G: K 345 -1 73 286 73 1321
G: K 497 -1 73 1779 73 2556
G: K 346 -1 73 4565 74 2311
G: K 347 -1 74 2320 75 628
G: K 348 -1 75 717 75 1227
G: K 349 -1 75 1305 75 2346
G: K 350 -1 75 2349 75 3177
G: K 351 -1 75 3187 75 5923
G: P 352 1 75 5966 -1 -1
G: P 353 1 -1 -1 76 33
G: K 354 -1 76 184 76 1153
G: K 355 1 76 1563 76 2790
G: K 356 1 76 2789 76 3728
G: K 357 -1 76 3945 76 4623
G: P 358 1 76 4670 -1 -1
G: D 359 1 -1 -1 -1 -1
G: P 360 -1 -1 -1 77 125
G: K 361 1 77 273 77 684
G: K 362 -1 77 686 77 2858
G: K 363 -1 77 3011 77 3857
G: P 364 -1 77 3869 -1 -1
G: P 365 1 -1 -1 78 413
G: K 366 1 78 387 78 1311
G: K 367 -1 78 1300 78 2545
G: K 368 1 78 2664 78 3174
G: K 369 1 78 3196 78 3565
G: K 370 1 78 3567 78 3741
G: K 371 -1 78 3755 78 4034
G: K 372 1 78 4097 78 4778
G: P 373 1 78 4770 -1 -1
G: P 374 1 -1 -1 79 1749
G: K 375 -1 79 1772 79 2576
G: K 376 -1 79 2565 79 3564
G: P 377 -1 79 3563 -1 -1
G: D 735 1 -1 -1 -1 -1
G: P 740 1 -1 -1 80 263
G: K 378 -1 80 264 80 1245
G: K 379 -1 80 1231 80 2221
G: K 380 -1 80 2213 80 3383
G: K 381 -1 80 3372 80 4230
G: K 382 -1 80 4230 80 5058
G: K 383 -1 80 5050 81 403
G: K 384 -1 81 402 81 723
G: K 385 -1 81 728 81 1310
G: K 386 -1 81 1356 81 3018
G: K 387 1 81 3046 81 4906
G: P 388 1 81 4898 -1 -1
G: D 389 1 -1 -1 -1 -1
G: P 390 1 -1 -1 82 103
G: K 391 -1 82 99 82 846
G: K 392 -1 82 838 82 2155
G: K 394 -1 82 2325 82 3045
G: K 395 -1 82 3047 83 1836
G: K 396 -1 83 2122 83 3022
G: K 397 -1 83 3009 83 3480
G: K 398 -1 83 3463 83 3850
G: P 399 -1 83 3853 -1 -1
G: K 400 -1 84 99 84 1467
G: K 401 -1 84 1483 84 3115
G: K 402 -1 84 3127 84 3460
G: P 403 -1 84 3585 -1 -1
G: P 404 -1 -1 -1 85 305
G: K 405 -1 85 675 85 1134
G: K 406 -1 85 1134 85 2835
G: K 407 -1 85 2836 85 3244
G: P 408 -1 85 3248 -1 -1
G: P 737 1 -1 -1 86 1254
G: K 409 -1 86 1255 86 2107
G: K 410 -1 86 2106 86 3672
G: K 411 -1 86 3687 86 4218
G: P 412 -1 86 4210 -1 -1
G: D 413 -1 -1 -1 -1 -1
G: P 414 -1 -1 -1 87 569
G: K 415 -1 87 534 87 1011
G: K 416 -1 87 1016 87 2429
G: K 417 1 87 2495 87 2981
G: K 418 -1 87 2977 87 3658
G: P 419 -1 87 3660 -1 -1
G: P 420 -1 -1 -1 88 1064
G: K 421 -1 88 1063 88 2221
G: K 422 -1 88 2341 89 17
G: K 423 -1 89 81 89 2130
G: K 424 -1 89 2185 89 2584
G: K 425 -1 89 2589 89 3036
G: P 426 -1 89 3073 -1 -1
G: D 496 -1 -1 -1 -1 -1
G: P 427 -1 -1 -1 90 2693
G: P 428 -1 90 2664 -1 -1
G: P 429 -1 -1 -1 91 965
G: K 430 -1 91 967 91 1246
G: K 431 1 91 1434 91 2817
G: K 432 1 91 2839 91 3025
G: K 433 1 91 3060 91 3489
G: K 434 1 91 3599 91 4115
G: P 435 -1 91 4111 -1 -1
G: P 436 -1 -1 -1 92 1276
G: K 437 -1 92 1268 92 2021
G: K 438 -1 92 2080 92 3301
G: P 439 1 92 3386 -1 -1
G: D 440 1 -1 -1 -1 -1
G: P 441 1 -1 -1 93 324
G: K 442 1 93 324 93 1536
G: K 443 1 93 1555 93 2707
G: K 444 -1 93 3111 93 3942
G: P 445 -1 93 3941 -1 -1
G: D 446 -1 -1 -1 -1 -1
G: P 447 -1 -1 -1 94 556
G: K 448 -1 94 530 94 1736
G: K 449 -1 94 1751 94 2126
G: K 450 -1 94 2106 94 2829
G: K 451 -1 94 2828 94 3122
G: K 452 -1 94 3732 95 198
G: K 453 -1 95 198 95 678
G: K 454 -1 95 1336 95 2215
G: K 455 -1 95 2214 95 3387
G: K 456 1 95 3439 95 4231
G: P 457 1 95 4215 -1 -1
G: D 458 -1 -1 -1 -1 -1
G: P 459 1 -1 -1 96 453
G: K 460 -1 96 442 96 1456
G: K 461 -1 96 2008 96 4159
G: K 462 -1 96 4336 96 4870
G: P 463 -1 96 4871 -1 -1
G: P 464 1 -1 -1 97 391
G: K 465 -1 97 387 97 1701
G: K 466 -1 97 1681 97 3151
G: K 467 -1 97 3137 97 3944
G: P 468 -1 97 3936 -1 -1
G: P 469 -1 97 5083 -1 -1
G: D 470 -1 -1 -1 -1 -1
G: P 471 -1 -1 -1 98 476
G: K 599 -1 98 478 98 1864
G: K 472 -1 98 1865 99 1357
G: K 473 -1 99 1362 99 2214
G: K 474 -1 99 2276 99 3608
G: P 475 -1 99 4250 -1 -1
