The input genome is 600834 bp long, 480667 will be kept.
min distance 118
----------------------------------------
fragments: id start end
F: 0 690 5318
F: 1 6821 12111
F: 2 13360 18604
F: 3 20085 24836
F: 4 26070 31056
F: 5 32167 37880
F: 6 39173 43159
F: 7 44567 48508
F: 8 50060 54261
F: 9 55399 59540
F: 10 60707 66852
F: 11 68068 72108
F: 12 73391 77752
F: 13 79038 83380
F: 14 84380 90113
F: 15 91166 96136
F: 16 97597 103305
F: 17 104065 108376
F: 18 109422 114751
F: 19 116205 120911
F: 20 122032 126550
F: 21 127882 131872
F: 22 132776 137690
F: 23 139221 143797
F: 24 144859 148912
F: 25 149859 154573
F: 26 155380 159451
F: 27 160523 164449
F: 28 165997 171838
F: 29 173049 179027
F: 30 180758 184976
F: 31 186353 191336
F: 32 192559 197223
F: 33 198651 202931
F: 34 203424 209038
F: 35 210341 215214
F: 36 216339 221318
F: 37 222617 228032
F: 38 229035 233290
F: 39 234290 238415
F: 40 240211 245616
F: 41 246880 251684
F: 42 252881 257767
F: 43 259441 264232
F: 44 265643 270296
F: 45 271399 276380
F: 46 277540 282672
F: 47 283742 289210
F: 48 290263 295264
F: 49 296434 301367
F: 50 302424 307045
F: 51 307882 313570
F: 52 314661 320147
F: 53 321358 326316
F: 54 327377 332074
F: 55 333225 337862
F: 56 338920 345059
F: 57 345823 349803
F: 58 350705 355498
F: 59 356563 361671
F: 60 362307 366542
F: 61 368237 373571
F: 62 375125 380735
F: 63 381688 387104
F: 64 388057 393315
F: 65 394313 399051
F: 66 400004 404088
F: 67 405615 409198
F: 68 410455 414787
F: 69 416263 421519
F: 70 422947 428632
F: 71 430022 434827
F: 72 436294 440277
F: 73 441775 446764
F: 74 447902 452447
F: 75 453725 459702
F: 76 460804 465891
F: 77 466723 471394
F: 78 472759 477603
F: 79 478805 483368
F: 80 484489 489731
F: 81 490924 496192
F: 82 498016 502629
F: 83 504075 508811
F: 84 509945 514698
F: 85 515988 520211
F: 86 521217 525626
F: 87 526624 531095
F: 88 532202 536902
F: 89 537742 541988
F: 90 543016 547962
F: 91 548976 553489
F: 92 555060 559042
F: 93 560302 564533
F: 94 566023 570021
F: 95 571222 575960
F: 96 577422 582511
F: 97 583561 588651
F: 98 589736 594502
F: 99 595732 600716
----------------------------------------
genes: [Kept,Partial,Discared] locus strand fragment1 start_pos fragment2 end_pos 
G: P 0 1 -1 -1 0 1153
G: K 1 1 0 1152 0 2094
G: K 2 1 0 2178 0 4218
G: K 3 1 0 4232 1 726
G: K 4 1 1 700 1 1969
G: K 5 1 1 1972 1 2611
G: K 6 1 1 2583 1 3348
G: K 7 1 1 3350 1 4700
G: P 8 1 1 4699 -1 -1
G: D 9 1 -1 -1 -1 -1
G: P 10 -1 -1 -1 2 510
G: K 11 -1 2 514 2 1366
G: K 12 -1 2 1331 2 2156
G: K 13 1 2 2494 2 4366
G: P 14 1 2 4412 -1 -1
G: P 15 1 -1 -1 3 2643
G: K 16 1 3 2684 3 3878
G: P 17 1 3 3858 -1 -1
G: P 18 1 -1 -1 4 407
G: K 19 1 4 436 4 874
G: K 20 1 4 879 4 1794
G: K 21 1 4 1794 4 2901
G: K 22 1 4 3103 4 4015
G: K 23 1 4 4018 4 4594
G: P 24 1 4 4559 -1 -1
G: D 25 1 -1 -1 -1 -1
G: P 26 -1 -1 -1 5 112
G: K 27 -1 5 113 5 740
G: K 28 -1 5 773 5 5171
G: K 29 1 5 5433 6 488
G: K 30 1 6 637 6 1414
G: K 31 -1 6 1382 6 2045
G: K 32 1 6 2073 6 3348
G: P 33 1 6 3337 -1 -1
G: P 34 1 -1 -1 7 1026
G: K 35 -1 7 1022 7 2564
G: K 36 -1 7 2548 7 3721
G: K 37 1 7 3879 8 189
G: K 38 1 8 209 8 488
G: K 39 1 8 685 8 2395
G: K 40 1 8 2399 8 3260
G: K 41 1 8 3240 8 4107
G: K 42 1 8 4091 9 219
G: K 43 1 9 220 9 1180
G: K 44 1 9 1163 9 2315
G: K 45 -1 9 2544 9 3945
G: P 46 1 9 3997 -1 -1
G: P 47 1 -1 -1 10 84
G: K 48 1 10 70 10 1342
G: K 49 1 10 1350 10 1749
G: K 50 1 10 1748 10 3449
G: K 51 -1 10 3425 10 4391
G: K 52 -1 10 4394 10 4784
G: K 53 -1 10 4790 10 4937
G: K 54 -1 10 4950 10 5349
G: P 55 -1 10 5332 -1 -1
G: D 56 -1 -1 -1 -1 -1
G: P 57 -1 -1 -1 11 360
G: K 58 -1 11 343 11 796
G: K 59 1 11 802 11 1711
G: K 60 -1 11 1689 11 3396
G: K 61 1 11 3700 12 477
G: K 62 1 12 427 12 1357
G: K 63 1 12 1612 13 30
G: K 64 1 13 29 13 1466
G: K 65 1 13 1469 13 3431
G: P 66 1 13 3441 -1 -1
G: P 67 1 -1 -1 14 1122
G: K 68 1 14 5305 15 1270
G: K 69 1 15 1380 15 2250
G: K 70 1 15 2254 15 4933
G: K 71 1 15 4919 16 930
G: K 72 1 16 904 16 2884
G: K 73 1 16 2886 16 3300
G: P 74 1 16 3363 -1 -1
G: P 75 -1 -1 -1 17 413
G: K 76 1 17 646 17 1900
G: K 77 1 17 1892 17 3029
G: K 78 1 17 3030 17 4239
G: K 79 1 17 4238 18 1485
G: K 80 1 18 1540 18 1978
G: K 81 1 18 1977 18 2664
G: K 82 1 18 2663 18 3227
G: K 83 1 18 3219 18 4095
G: K 84 1 18 4095 18 5049
G: P 85 1 18 5041 -1 -1
G: D 86 1 -1 -1 -1 -1
G: P 87 1 -1 -1 19 348
G: K 88 1 19 357 19 2424
G: K 89 1 19 2475 19 3135
G: K 90 1 19 3135 19 3639
G: K 91 1 19 3628 19 3946
G: K 92 1 19 3948 19 4398
G: P 93 1 19 4381 -1 -1
G: P 94 1 -1 -1 20 1173
G: K 95 1 20 1356 20 3339
G: K 96 1 20 3395 20 4136
G: P 97 1 20 4235 -1 -1
G: P 98 1 -1 -1 21 1333
G: K 99 1 21 1328 21 2753
G: K 100 1 21 2727 21 3402
G: P 101 1 21 3391 -1 -1
G: P 102 1 -1 -1 22 298
G: K 103 1 22 319 22 553
G: K 104 1 22 555 22 2751
G: K 105 1 22 2758 22 3394
G: K 106 -1 22 3368 22 3956
G: K 107 1 22 3996 22 4563
G: P 108 1 22 4562 -1 -1
G: P 109 1 -1 -1 23 57
G: K 110 1 23 43 23 901
G: K 111 1 23 915 23 2226
G: K 112 1 23 2215 23 2842
G: K 113 1 23 2855 23 4235
G: P 114 1 23 4170 -1 -1
G: D 577 -1 -1 -1 -1 -1
G: D 115 1 -1 -1 -1 -1
G: P 116 1 -1 -1 24 766
G: K 117 1 24 758 24 1415
G: K 118 1 24 1395 24 2445
G: P 119 1 24 2459 -1 -1
G: D 845 1 -1 -1 -1 -1
G: P 120 1 -1 -1 25 1440
G: K 121 1 25 1442 25 2363
G: K 122 1 25 2402 25 4580
G: K 123 1 25 4554 26 494
G: K 124 1 26 540 26 852
G: K 125 1 26 857 26 1727
G: K 126 -1 26 1704 26 2778
G: K 127 1 26 2813 26 3266
G: K 128 1 26 3273 26 4065
G: P 129 1 26 4064 -1 -1
G: P 130 1 -1 -1 27 767
G: K 131 -1 27 1327 27 1756
G: K 132 -1 27 1730 27 2555
G: K 133 1 27 2574 27 2880
G: K 134 -1 27 2848 27 3727
G: P 135 1 27 3775 -1 -1
G: P 136 1 -1 -1 28 975
G: K 137 1 28 974 28 2840
G: K 138 1 28 2923 28 4687
G: P 844 -1 28 4758 -1 -1
G: P 717 -1 -1 -1 30 406
G: K 139 1 30 407 30 3782
G: P 140 1 30 3786 -1 -1
G: P 141 1 -1 -1 31 89
G: K 142 1 31 75 31 1944
G: K 143 1 31 1927 31 2275
G: K 144 1 31 2299 31 3151
G: K 145 1 31 3150 31 3996
G: P 146 1 31 4008 -1 -1
G: P 147 1 -1 -1 32 233
G: K 148 1 32 271 32 1522
G: K 149 1 32 1597 32 2455
G: P 495 1 32 2493 -1 -1
G: D 150 1 -1 -1 -1 -1
G: D 151 1 -1 -1 -1 -1
G: P 152 1 -1 -1 33 646
G: K 153 1 33 645 33 1293
G: K 154 1 33 1296 33 1617
G: K 155 1 33 1616 33 2474
G: K 156 1 33 2473 33 2749
G: K 157 1 33 2751 33 3183
G: K 158 1 33 3185 33 4013
G: P 159 1 33 4018 -1 -1
G: P 160 1 -1 -1 34 270
G: K 161 1 34 269 34 536
G: K 162 1 34 539 34 905
G: K 163 1 34 904 34 1240
G: K 164 1 34 1245 34 1779
G: K 165 1 34 1781 34 1967
G: K 166 1 34 1960 34 2398
G: K 167 1 34 2404 34 2968
G: K 168 1 34 2969 34 3317
G: K 169 1 34 3321 34 3978
G: K 170 1 34 3983 34 4430
G: P 171 1 34 4429 -1 -1
G: D 172 1 -1 -1 -1 -1
G: P 173 1 -1 -1 35 387
G: K 174 1 35 386 35 602
G: K 175 1 35 612 35 726
G: K 176 1 35 725 35 1106
G: K 177 1 35 1105 35 1474
G: K 178 1 35 1489 35 2494
G: K 499 -1 35 2505 35 3195
G: K 179 1 35 3196 35 3571
G: K 180 1 35 3554 35 4400
G: P 181 1 35 4384 -1 -1
G: P 182 1 -1 -1 36 577
G: K 183 1 36 569 36 1319
G: K 184 1 36 1308 36 3162
G: K 185 1 36 3162 36 4128
G: K 186 1 36 4227 37 124
G: K 187 1 37 2590 37 3349
G: K 188 1 37 3341 37 5102
G: P 189 1 37 5104 -1 -1
G: P 190 1 -1 -1 38 658
G: K 191 1 38 826 38 1798
G: K 192 1 38 1804 39 944
G: P 193 1 39 945 -1 -1
G: K 194 1 40 1169 40 2204
G: K 195 1 40 2207 40 4628
G: K 196 1 40 4686 40 5232
G: P 197 1 40 5234 -1 -1
G: D 198 1 -1 -1 -1 -1
G: P 199 1 -1 -1 41 1680
G: K 200 1 41 1691 41 2354
G: K 201 1 41 2363 41 2732
G: K 202 1 41 2859 41 4776
G: K 203 1 41 4775 42 1183
G: K 204 -1 42 1179 42 2211
G: K 205 1 42 2246 42 4103
G: K 206 1 42 4083 42 4602
G: P 207 -1 42 4594 -1 -1
G: D 208 -1 -1 -1 -1 -1
G: P 209 -1 -1 -1 43 119
G: K 210 1 43 319 43 985
G: K 211 1 43 984 43 1173
G: K 212 1 43 1174 43 1615
G: K 213 1 43 1617 43 1971
G: K 214 1 43 1963 43 2776
G: K 215 1 43 2768 43 4172
G: P 216 1 43 4155 -1 -1
G: D 217 1 -1 -1 -1 -1
G: P 218 1 -1 -1 44 1168
G: K 846 -1 44 2086 44 2563
G: K 219 1 44 2564 44 3680
G: K 220 1 44 3697 45 3458
G: K 221 1 45 3460 45 4501
G: K 222 1 45 4463 45 4913
G: P 223 -1 45 4944 -1 -1
G: D 224 1 -1 -1 -1 -1
G: P 225 1 -1 -1 46 760
G: K 226 1 46 761 46 2024
G: K 227 1 46 2026 46 3166
G: K 228 1 46 3211 46 4690
G: P 229 1 46 4658 -1 -1
G: K 230 1 47 415 47 1267
G: K 231 1 47 1269 47 1746
G: K 232 1 47 1751 47 2774
G: K 233 1 47 2777 47 3260
G: K 843 -1 47 3276 47 4638
G: P 718 1 47 4639 -1 -1
G: P 234 1 -1 -1 48 1509
G: K 235 1 48 1601 48 1898
G: K 236 1 48 1893 48 2178
G: K 237 1 48 2170 48 2494
G: K 238 1 48 2486 48 3380
G: K 239 1 48 3369 48 3792
G: K 240 1 48 3784 48 4669
G: P 241 1 48 4698 -1 -1
G: P 242 1 -1 -1 49 2345
G: K 243 -1 49 2341 49 3397
G: P 244 1 49 3449 -1 -1
G: P 245 1 -1 -1 50 1250
G: K 246 1 50 1938 50 4077
G: K 247 1 50 4079 50 4577
G: P 248 1 50 4566 -1 -1
G: P 249 -1 -1 -1 51 678
G: K 250 -1 51 664 51 1327
G: K 251 -1 51 1310 51 2816
G: K 252 -1 51 2860 51 4747
G: P 253 -1 51 4736 -1 -1
G: P 254 -1 -1 -1 52 61
G: K 255 -1 52 63 52 1377
G: K 256 -1 52 1381 52 3427
G: K 257 1 52 3602 52 4751
G: K 258 1 52 4854 52 5316
G: P 259 1 52 5482 -1 -1
G: D 260 1 -1 -1 -1 -1
G: P 261 1 -1 -1 53 968
G: K 262 1 53 968 53 2342
G: K 263 1 53 2472 53 4806
G: K 264 1 54 1679 54 4358
G: P 265 1 54 4364 -1 -1
G: P 266 1 -1 -1 55 258
G: K 267 1 55 373 55 1273
G: K 268 1 55 1266 55 1899
G: K 269 -1 55 1828 55 2668
G: P 270 -1 55 2686 -1 -1
G: D 271 -1 -1 -1 -1 -1
G: P 272 -1 -1 -1 56 477
G: K 273 -1 56 627 56 1662
G: K 274 -1 56 2042 56 3059
G: K 275 -1 56 3069 56 4473
G: K 276 -1 56 4476 56 5673
G: K 277 -1 56 5922 57 24
G: K 278 -1 57 41 57 1127
G: K 279 -1 57 1154 57 2585
G: K 280 -1 57 2667 57 3204
G: K 281 -1 57 3217 58 1272
G: K 282 1 58 1314 58 3522
G: K 283 -1 58 3518 58 4205
G: P 284 -1 58 4194 -1 -1
G: P 285 -1 -1 -1 59 913
G: K 579 1 59 1057 59 1336
G: K 286 -1 59 1853 59 2348
G: K 287 1 59 2679 59 4149
G: K 288 1 59 4369 59 4777
G: K 289 1 59 4733 60 81
G: K 290 1 60 83 60 677
G: K 291 1 60 708 60 969
G: P 292 1 -1 -1 61 1077
G: K 293 1 61 1066 61 1846
G: K 294 1 61 1835 61 3491
G: K 295 -1 61 3487 61 3910
G: P 296 -1 61 3909 -1 -1
G: P 297 -1 -1 -1 62 585
G: K 298 -1 62 577 62 2026
G: K 299 -1 62 2143 62 3292
G: K 300 -1 62 3294 62 3687
G: K 301 -1 62 3806 62 4901
G: K 302 -1 62 4907 63 1377
G: K 303 -1 63 1579 63 2578
G: K 304 -1 63 2595 63 3858
G: K 305 -1 63 3859 63 4885
G: P 306 -1 63 4915 -1 -1
G: P 307 -1 -1 -1 64 570
G: K 309 -1 64 695 64 2510
G: K 310 -1 64 2597 64 3782
G: K 311 -1 64 3781 65 1077
G: K 312 -1 65 1061 65 2306
G: K 313 -1 65 2312 66 380
G: K 314 1 66 433 66 1252
G: K 315 -1 66 1258 66 1873
G: P 316 -1 66 1895 -1 -1
G: P 317 -1 -1 -1 67 651
G: K 318 -1 67 692 67 2024
G: K 319 -1 67 2047 67 2962
G: P 320 -1 67 2879 -1 -1
G: P 321 -1 -1 -1 68 1058
G: K 322 -1 68 1072 68 1918
G: K 323 -1 68 1934 68 2468
G: K 324 -1 68 2571 68 3483
G: K 325 -1 68 3803 69 827
G: K 326 -1 69 1626 69 3303
G: K 327 1 69 3359 69 4058
G: P 328 -1 69 4893 -1 -1
G: P 329 -1 -1 -1 70 76
G: K 330 -1 70 75 70 237
G: K 331 -1 70 253 70 1156
G: K 332 -1 70 1168 70 1987
G: K 333 -1 70 1976 70 4277
G: K 334 -1 70 4315 70 5677
G: P 335 -1 70 5680 -1 -1
G: D 336 -1 -1 -1 -1 -1
G: P 337 -1 -1 -1 71 655
G: K 338 -1 71 1291 71 3832
G: K 339 -1 71 3821 71 4403
G: K 340 -1 71 4410 71 4635
G: P 341 1 71 4693 -1 -1
G: P 342 1 -1 -1 72 860
G: K 498 1 72 862 72 2152
G: K 343 1 72 2153 72 2561
G: K 344 -1 72 2547 73 918
G: K 345 -1 73 1095 73 2124
G: K 497 -1 73 2582 73 3359
G: P 346 -1 -1 -1 74 3147
G: K 347 -1 74 3156 75 1593
G: K 348 -1 75 1682 75 2186
G: K 349 -1 75 2264 75 3311
G: K 350 -1 75 3314 75 4145
G: P 351 -1 75 4155 -1 -1
G: P 352 1 -1 -1 76 335
G: K 353 1 76 319 76 946
G: K 354 -1 76 1097 76 2066
G: K 355 1 76 2476 76 3703
G: K 356 1 76 3702 76 4644
G: P 357 -1 76 4861 -1 -1
G: P 358 1 -1 -1 77 243
G: K 359 1 77 245 77 755
G: K 360 -1 77 751 77 1087
G: K 361 1 77 1235 77 1667
G: K 362 -1 77 1669 77 3826
G: P 363 -1 77 3979 -1 -1
G: P 364 -1 -1 -1 78 37
G: K 365 1 78 844 78 1474
G: K 366 1 78 1448 78 2381
G: K 367 -1 78 2367 78 3639
G: K 368 1 78 3758 78 4256
G: K 369 1 78 4278 78 4647
G: K 370 1 78 4649 78 4820
G: P 371 -1 78 4834 -1 -1
G: D 372 1 -1 -1 -1 -1
G: P 373 1 -1 -1 79 733
G: K 374 1 79 734 79 2774
G: K 375 -1 79 2797 79 3604
G: P 376 -1 79 3593 -1 -1
G: P 377 -1 -1 -1 80 623
G: K 378 -1 80 691 80 1681
G: K 379 -1 80 1667 80 2672
G: K 380 -1 80 2664 80 3855
G: K 381 -1 80 3841 80 4693
G: P 382 -1 80 4693 -1 -1
G: P 383 -1 -1 -1 81 797
G: K 384 -1 81 796 81 1120
G: K 385 -1 81 1125 81 1716
G: K 386 -1 81 1762 81 3418
G: P 387 1 81 3446 -1 -1
G: D 388 1 -1 -1 -1 -1
G: D 389 1 -1 -1 -1 -1
G: P 390 1 -1 -1 82 546
G: K 391 -1 82 542 82 1298
G: K 392 -1 82 1290 82 2592
G: K 393 -1 82 2591 82 3041
G: K 394 -1 82 3211 82 3928
G: K 395 -1 82 3930 83 2866
G: K 719 1 83 3151 83 4663
G: P 396 -1 83 4664 -1 -1
G: P 397 -1 -1 -1 84 140
G: K 398 -1 84 123 84 501
G: K 399 -1 84 504 84 2532
G: K 578 -1 84 2638 84 2887
G: K 400 -1 84 2888 84 4217
G: P 401 -1 84 4233 -1 -1
G: P 402 -1 -1 -1 85 215
G: K 403 -1 85 340 85 1564
G: K 404 -1 85 1573 85 3145
G: K 405 -1 85 3515 85 3980
G: K 406 -1 85 3980 86 458
G: K 407 -1 86 459 86 870
G: K 408 -1 86 871 86 2305
G: K 409 -1 86 2306 86 3164
G: P 410 -1 86 3163 -1 -1
G: D 411 -1 -1 -1 -1 -1
G: P 412 -1 -1 -1 87 541
G: K 413 -1 87 543 87 864
G: K 414 -1 87 866 87 1760
G: K 415 -1 87 1722 87 2187
G: K 416 -1 87 2192 87 3599
G: K 417 1 87 3665 87 4139
G: P 418 -1 87 4135 -1 -1
G: P 419 -1 -1 -1 88 230
G: K 420 -1 88 211 88 2215
G: K 421 -1 88 2214 88 3390
G: K 422 -1 88 3510 89 1171
G: K 423 -1 89 1235 89 3254
G: K 424 -1 89 3309 89 3708
G: K 425 -1 89 3713 89 4151
G: K 426 -1 89 4188 90 741
G: K 496 -1 90 745 90 988
G: K 427 -1 90 989 90 3890
G: K 428 -1 90 3861 91 469
G: K 429 -1 91 506 91 2201
G: K 430 -1 91 2203 91 2473
G: K 431 1 91 2661 91 4029
G: K 432 1 91 4051 91 4252
G: P 433 1 91 4287 -1 -1
G: D 434 1 -1 -1 -1 -1
G: P 435 -1 -1 -1 92 1021
G: K 436 -1 92 1024 92 2617
G: K 437 -1 92 2609 92 3347
G: P 438 -1 92 3406 -1 -1
G: P 439 1 -1 -1 93 367
G: K 440 1 93 347 93 1100
G: K 441 1 93 1099 93 1660
G: K 442 1 93 1660 93 2863
G: K 443 1 93 2882 93 4034
G: D 444 -1 -1 -1 -1 -1
G: P 445 -1 -1 -1 94 399
G: K 446 -1 94 541 94 958
G: K 447 -1 94 1128 94 1941
G: K 448 -1 94 1912 94 3139
G: K 449 -1 94 3154 94 3514
G: P 450 -1 94 3497 -1 -1
G: D 451 -1 -1 -1 -1 -1
G: P 452 -1 -1 -1 95 1592
G: K 453 -1 95 1592 95 2063
G: K 454 -1 95 2721 95 3609
G: P 455 -1 95 3608 -1 -1
G: D 456 1 -1 -1 -1 -1
G: P 457 1 -1 -1 96 321
G: K 458 -1 96 310 96 787
G: K 459 1 96 773 96 1964
G: K 460 -1 96 1953 96 2976
G: P 461 -1 96 3528 -1 -1
G: P 462 -1 -1 -1 97 302
G: K 463 -1 97 303 97 831
G: K 464 1 97 1003 97 1960
G: K 465 -1 97 1956 97 3252
G: K 466 -1 97 3232 97 4687
G: P 467 -1 97 4673 -1 -1
G: P 468 -1 -1 -1 98 470
G: K 469 -1 98 444 98 834
G: K 470 -1 98 799 98 943
G: K 471 -1 98 968 98 1916
G: K 472 -1 98 1919 99 1299
G: K 473 -1 99 1304 99 2186
G: K 474 -1 99 2248 99 3580
G: P 475 -1 99 4222 -1 -1
