The input genome is 591503 bp long, 473202 will be kept.
min distance 117
----------------------------------------
fragments: id start end
F: 0 654 5205
F: 1 6820 11997
F: 2 13007 18165
F: 3 19560 24236
F: 4 25528 30402
F: 5 31656 37288
F: 6 38573 42494
F: 7 43854 47796
F: 8 49569 53450
F: 9 54630 58717
F: 10 59737 65848
F: 11 66973 70996
F: 12 72209 76570
F: 13 77692 82034
F: 14 83041 88766
F: 15 89857 94788
F: 16 96309 101731
F: 17 102441 106701
F: 18 107669 112998
F: 19 114454 119125
F: 20 120187 124655
F: 21 125745 129735
F: 22 130517 135257
F: 23 136924 141397
F: 24 142470 146501
F: 25 147355 152052
F: 26 152921 156929
F: 27 158047 161926
F: 28 163521 169273
F: 29 170433 176326
F: 30 177996 182184
F: 31 183467 188347
F: 32 189423 194087
F: 33 195562 199782
F: 34 200302 205867
F: 35 207101 211974
F: 36 212978 217858
F: 37 219188 224426
F: 38 225324 229518
F: 39 230411 234517
F: 40 236397 241637
F: 41 242866 247454
F: 42 248746 253513
F: 43 255020 259802
F: 44 261212 265772
F: 45 266920 271855
F: 46 272902 277991
F: 47 279060 284528
F: 48 285552 290462
F: 49 291799 296564
F: 50 297467 301915
F: 51 302605 308293
F: 52 309220 314702
F: 53 315903 320816
F: 54 322087 326548
F: 55 327639 332276
F: 56 333325 339318
F: 57 340093 344073
F: 58 344983 349616
F: 59 350646 355632
F: 60 356225 360358
F: 61 361904 367238
F: 62 368736 374287
F: 63 375296 380546
F: 64 381493 386699
F: 65 387722 392407
F: 66 393406 397437
F: 67 398758 402312
F: 68 403493 407825
F: 69 409294 414550
F: 70 415999 421593
F: 71 422998 427651
F: 72 429090 432975
F: 73 434462 439365
F: 74 440475 444976
F: 75 446350 452171
F: 76 453253 458270
F: 77 459043 463683
F: 78 464940 469761
F: 79 471026 475506
F: 80 476822 481962
F: 81 483288 488401
F: 82 490501 494889
F: 83 496267 501003
F: 84 502245 506913
F: 85 508170 512393
F: 86 513358 517767
F: 87 518691 523035
F: 88 524017 528717
F: 89 529757 533802
F: 90 534802 539748
F: 91 540911 545186
F: 92 546745 550639
F: 93 551931 556102
F: 94 557413 561411
F: 95 562351 567089
F: 96 568541 573436
F: 97 574523 579613
F: 98 580619 585279
F: 99 586402 591386
----------------------------------------
genes: [Kept,Partial,Discared] locus strand fragment1 start_pos fragment2 end_pos 
G: K 0 1 0 31 0 1186
G: K 1 1 0 1185 0 2118
G: K 2 1 0 2202 0 4164
G: K 3 1 0 4178 1 577
G: K 4 1 1 545 1 1802
G: K 5 1 1 1805 1 2438
G: K 6 1 1 2410 1 3193
G: K 7 1 1 3195 1 4563
G: P 8 1 1 4562 -1 -1
G: D 9 1 -1 -1 -1 -1
G: P 10 -1 -1 -1 2 698
G: K 11 -1 2 702 2 1596
G: K 12 -1 2 1558 2 2380
G: K 13 1 2 2718 2 4638
G: P 14 1 2 4684 -1 -1
G: P 15 1 -1 -1 3 3057
G: K 16 1 3 3098 3 4304
G: P 17 1 3 4287 -1 -1
G: P 18 1 -1 -1 4 790
G: K 19 1 4 819 4 1263
G: K 20 1 4 1268 4 2138
G: K 21 1 4 2138 4 3242
G: K 22 1 4 3444 4 4344
G: P 23 1 4 4347 -1 -1
G: D 24 1 -1 -1 -1 -1
G: D 25 1 -1 -1 -1 -1
G: P 26 -1 -1 -1 5 401
G: K 27 -1 5 402 5 1023
G: K 28 -1 5 1056 5 5412
G: D 516 -1 -1 -1 -1 -1
G: P 29 1 -1 -1 6 1223
G: K 30 1 6 1372 6 2149
G: K 31 -1 6 2117 6 2753
G: P 32 1 6 2781 -1 -1
G: P 33 1 -1 -1 7 393
G: K 34 1 7 365 7 1736
G: K 35 -1 7 1732 7 3277
G: P 36 -1 7 3267 -1 -1
G: P 37 1 -1 -1 8 650
G: K 38 1 8 670 8 943
G: K 39 1 8 1140 8 2850
G: K 40 1 8 2854 8 3715
G: P 41 1 8 3695 -1 -1
G: P 42 1 -1 -1 9 928
G: K 43 1 9 929 9 1898
G: K 44 1 9 1881 9 3033
G: P 45 -1 9 3262 -1 -1
G: P 46 1 -1 -1 10 283
G: K 47 1 10 286 10 961
G: K 48 1 10 947 10 2210
G: K 49 1 10 2218 10 2614
G: K 50 1 10 2613 10 4290
G: K 51 -1 10 4266 10 5223
G: K 52 -1 10 5226 10 5601
G: K 53 -1 10 5607 10 5757
G: P 54 -1 10 5770 -1 -1
G: D 55 -1 -1 -1 -1 -1
G: P 56 -1 -1 -1 11 265
G: K 57 -1 11 243 11 1242
G: K 58 -1 11 1222 11 1678
G: K 59 1 11 1684 11 2581
G: P 60 -1 11 2559 -1 -1
G: P 61 1 -1 -1 12 1383
G: K 62 1 12 1333 12 2272
G: K 63 1 12 2527 13 1040
G: K 64 1 13 1039 13 2446
G: P 65 1 13 2449 -1 -1
G: D 518 1 -1 -1 -1 -1
G: P 66 1 -1 -1 14 1298
G: K 67 1 14 1321 14 2737
G: P 478 -1 -1 -1 15 1368
G: K 68 1 15 1490 15 4229
G: P 69 1 15 4339 -1 -1
G: P 70 1 -1 -1 16 1455
G: K 71 1 16 1444 16 3877
G: P 72 1 16 3854 -1 -1
G: P 73 1 -1 -1 17 154
G: K 74 1 17 217 17 3337
G: K 75 -1 17 3333 17 3759
G: P 76 1 17 3992 -1 -1
G: P 77 1 -1 -1 18 1129
G: K 78 1 18 1130 18 2354
G: K 79 1 18 2353 18 4900
G: P 80 1 18 4955 -1 -1
G: D 81 1 -1 -1 -1 -1
G: D 82 1 -1 -1 -1 -1
G: P 83 1 -1 -1 19 731
G: K 84 1 19 731 19 1667
G: K 85 1 19 1659 19 2808
G: K 86 1 19 2836 19 3265
G: K 87 1 19 3281 19 3761
G: K 88 1 19 3770 20 104
G: K 89 1 20 155 20 782
G: K 90 1 20 782 20 1268
G: K 91 1 20 1257 20 1581
G: K 92 1 20 1583 20 2054
G: K 93 1 20 2037 20 3444
G: P 94 1 20 3447 -1 -1
G: P 95 1 -1 -1 21 1243
G: K 96 1 21 1299 21 2049
G: K 97 1 21 2148 21 3594
G: K 98 1 21 3596 22 267
G: K 99 1 22 259 22 1693
G: K 100 1 22 1667 22 2336
G: K 101 1 22 2328 22 3303
G: K 102 1 22 3292 22 4129
G: K 103 1 22 4150 22 4384
G: K 104 1 22 4386 23 175
G: K 105 1 23 182 23 788
G: K 106 -1 23 762 23 1344
G: K 107 1 23 1384 23 1963
G: K 108 1 23 1962 23 2745
G: K 109 1 23 2729 23 3911
G: P 110 1 23 3897 -1 -1
G: P 111 1 -1 -1 24 510
G: K 112 1 24 499 24 1129
G: K 113 1 24 1142 24 2498
G: K 114 1 24 2433 24 3150
G: K 115 1 24 3174 24 3648
G: P 116 1 24 3656 -1 -1
G: P 117 1 -1 -1 25 167
G: K 118 1 25 147 25 1185
G: K 119 1 25 1199 25 2942
G: K 120 1 25 2948 25 4505
G: P 121 1 25 4507 -1 -1
G: P 122 1 -1 -1 26 2040
G: K 123 1 26 2017 26 3436
G: K 124 1 26 3482 26 3791
G: P 125 1 26 3796 -1 -1
G: P 126 -1 -1 -1 27 558
G: K 127 1 27 593 27 1037
G: K 128 1 27 1044 27 1836
G: K 129 1 27 1835 27 2189
G: K 130 1 27 2178 27 3642
G: D 131 -1 -1 -1 -1 -1
G: D 132 -1 -1 -1 -1 -1
G: P 133 1 -1 -1 28 248
G: K 134 -1 28 225 28 1062
G: K 135 1 28 1110 28 2610
G: K 136 1 28 2548 28 3781
G: K 137 1 28 3780 28 5619
G: K 138 1 28 5702 29 527
G: P 139 1 30 1588 -1 -1
G: P 140 1 -1 -1 31 1065
G: K 141 1 31 1064 31 1352
G: K 142 1 31 1338 31 3216
G: K 143 1 31 3202 31 3538
G: K 144 1 31 3562 31 4426
G: P 145 1 31 4425 -1 -1
G: P 146 1 -1 -1 32 587
G: K 147 1 32 573 32 1716
G: K 148 1 32 1754 32 2993
G: K 149 1 32 3068 32 3929
G: K 150 1 32 3968 32 4436
G: P 151 1 32 4525 -1 -1
G: D 152 1 -1 -1 -1 -1
G: P 153 1 -1 -1 33 122
G: K 154 1 33 125 33 446
G: K 155 1 33 445 33 1303
G: K 156 1 33 1302 33 1566
G: K 157 1 33 1568 33 2000
G: K 158 1 33 2002 33 2812
G: K 476 -1 33 2816 33 3983
G: P 159 1 33 3984 -1 -1
G: P 160 1 -1 -1 34 263
G: K 161 1 34 262 34 529
G: K 162 1 34 532 34 910
G: K 163 1 34 909 34 1242
G: K 164 1 34 1247 34 1808
G: K 165 1 34 1810 34 2002
G: K 166 1 34 1995 34 2412
G: K 167 1 34 2418 34 2988
G: K 168 1 34 2989 34 3337
G: K 169 1 34 3341 34 3977
G: K 170 1 34 3982 34 4435
G: P 171 1 34 4434 -1 -1
G: D 172 1 -1 -1 -1 -1
G: P 173 1 -1 -1 35 480
G: K 174 1 35 479 35 698
G: K 175 1 35 708 35 822
G: K 176 1 35 821 35 1208
G: K 177 1 35 1207 35 1573
G: K 178 1 35 1588 35 2587
G: K 179 1 35 2599 35 2971
G: K 180 1 35 2957 35 3794
G: K 181 1 35 3778 35 4696
G: K 182 1 35 4688 36 98
G: K 183 1 36 90 36 840
G: K 184 1 36 829 36 2653
G: K 185 1 36 2653 36 3604
G: P 186 1 36 3703 -1 -1
G: K 187 1 37 2110 37 2881
G: K 188 1 37 2873 37 4667
G: P 189 1 37 4669 -1 -1
G: P 190 1 -1 -1 38 445
G: K 191 1 38 613 38 1576
G: K 192 1 38 1582 39 914
G: P 193 1 39 915 -1 -1
G: K 194 1 40 1071 40 2097
G: K 195 1 40 2100 40 4551
G: K 196 1 40 4609 40 5158
G: P 197 1 40 5160 -1 -1
G: D 198 1 -1 -1 -1 -1
G: P 199 1 -1 -1 41 1809
G: K 200 1 41 1820 41 2468
G: K 201 1 41 2477 41 2843
G: P 202 1 41 2970 -1 -1
G: P 203 1 -1 -1 42 1397
G: K 204 -1 42 1393 42 2428
G: K 205 1 42 2463 42 4263
G: K 206 1 42 4243 42 4747
G: P 207 -1 42 4739 -1 -1
G: D 208 -1 -1 -1 -1 -1
G: P 209 -1 -1 -1 43 505
G: K 210 1 43 705 43 1386
G: K 211 1 43 1385 43 1571
G: K 212 1 43 1572 43 2019
G: K 213 1 43 2021 43 2366
G: K 214 1 43 2358 43 3165
G: K 215 1 43 3157 43 4606
G: P 216 1 43 4589 -1 -1
G: P 217 1 -1 -1 44 8
G: K 218 1 44 10 44 1537
G: K 219 1 44 2456 44 3596
G: K 220 1 44 3613 45 3347
G: K 221 1 45 3349 45 4402
G: K 222 1 45 4358 45 4823
G: P 223 -1 45 4854 -1 -1
G: D 224 1 -1 -1 -1 -1
G: P 225 1 -1 -1 46 817
G: K 226 1 46 818 46 2054
G: K 227 1 46 2056 46 3181
G: K 228 1 46 3226 46 4711
G: P 229 1 46 4679 -1 -1
G: K 230 1 47 468 47 1341
G: K 231 1 47 1340 47 1823
G: K 232 1 47 1828 47 2851
G: K 233 1 47 2854 47 3319
G: P 234 1 47 3337 -1 -1
G: D 235 1 -1 -1 -1 -1
G: D 236 1 -1 -1 -1 -1
G: P 237 1 -1 -1 48 20
G: K 238 1 48 12 48 885
G: K 239 1 48 874 48 1291
G: K 240 1 48 1286 48 2168
G: K 241 1 48 2197 48 3532
G: P 242 1 48 3600 -1 -1
G: P 243 -1 -1 -1 49 868
G: K 244 1 49 920 49 2789
G: K 245 1 49 2794 49 4687
G: P 246 1 -1 -1 50 1819
G: K 247 1 50 1821 50 2319
G: K 248 1 50 2311 50 3160
G: K 249 -1 50 3143 50 3863
G: P 250 -1 50 3849 -1 -1
G: P 251 -1 -1 -1 51 845
G: K 252 -1 51 889 51 2728
G: K 253 -1 51 2717 51 4070
G: K 254 -1 51 4089 51 4818
G: P 255 -1 51 4820 -1 -1
G: P 256 -1 -1 -1 52 1503
G: K 257 1 52 1678 52 2788
G: K 258 1 52 2891 52 3344
G: K 259 1 52 3510 52 4278
G: K 260 1 52 4323 52 4617
G: P 261 1 52 4616 -1 -1
G: P 262 1 -1 -1 53 390
G: K 263 1 53 520 53 2818
G: P 264 1 -1 -1 54 2193
G: K 265 1 54 2199 54 3075
G: K 266 1 54 3074 54 3929
G: P 267 1 54 4044 -1 -1
G: D 268 1 -1 -1 -1 -1
G: P 269 -1 -1 -1 55 736
G: K 270 -1 55 754 55 3145
G: K 271 -1 55 3145 55 3493
G: K 272 -1 55 3526 55 4210
G: P 273 -1 55 4360 -1 -1
G: K 274 -1 56 86 56 1115
G: K 275 -1 56 1125 56 2499
G: K 276 -1 56 2502 56 3675
G: K 277 -1 56 3924 56 4917
G: P 278 -1 56 4934 -1 -1
G: P 279 -1 -1 -1 57 737
G: K 280 -1 57 819 57 1362
G: P 281 -1 57 1375 -1 -1
G: P 282 1 -1 -1 58 1639
G: K 283 -1 58 1635 58 2295
G: K 284 -1 58 2284 58 3088
G: P 285 -1 58 3148 -1 -1
G: P 286 -1 -1 -1 59 327
G: K 287 1 59 658 59 2110
G: K 288 1 59 2330 59 2729
G: K 289 1 59 2691 59 3735
G: K 290 1 59 3737 59 4334
G: K 291 1 59 4365 59 4620
G: P 292 1 60 3927 -1 -1
G: P 293 1 -1 -1 61 100
G: K 294 1 61 89 61 1730
G: K 295 -1 61 1726 61 2140
G: K 296 -1 61 2139 61 4842
G: P 520 -1 61 4898 -1 -1
G: D 297 -1 -1 -1 -1 -1
G: P 298 -1 -1 -1 62 741
G: K 299 -1 62 858 62 1959
G: K 300 -1 62 1961 62 2360
G: K 301 -1 62 2479 62 3520
G: P 302 -1 62 3526 -1 -1
G: K 303 -1 63 180 63 1146
G: K 304 -1 63 1163 63 2411
G: K 305 -1 63 2412 63 3426
G: K 306 -1 63 3456 63 4410
G: P 307 -1 63 4388 -1 -1
G: P 308 -1 -1 -1 64 62
G: K 309 -1 64 187 64 2005
G: K 310 -1 64 2092 64 3289
G: K 311 -1 64 3288 65 635
G: K 312 -1 65 619 65 1855
G: K 521 1 65 1860 65 2715
G: K 313 -1 65 2716 66 746
G: K 314 1 66 799 66 1618
G: K 315 -1 66 1624 66 2242
G: K 316 -1 66 2264 67 332
G: K 317 -1 67 391 67 1255
G: K 318 -1 67 1299 67 2625
G: P 319 -1 67 2648 -1 -1
G: P 320 -1 67 3483 -1 -1
G: P 321 -1 -1 -1 68 1731
G: K 322 -1 68 1745 68 2588
G: K 323 -1 68 2604 68 3144
G: K 324 -1 68 3247 68 4117
G: P 325 -1 -1 -1 69 1450
G: K 326 -1 69 2249 69 3965
G: K 327 1 69 4021 69 4705
G: D 328 -1 -1 -1 -1 -1
G: P 329 -1 -1 -1 70 663
G: K 330 -1 70 662 70 824
G: K 331 -1 70 840 70 1734
G: K 332 -1 70 1746 70 2550
G: K 333 -1 70 2536 70 4846
G: P 334 -1 70 4884 -1 -1
G: D 335 -1 -1 -1 -1 -1
G: P 336 -1 -1 -1 71 575
G: K 337 -1 71 562 71 1279
G: K 338 -1 71 1915 71 4468
G: P 339 -1 71 4457 -1 -1
G: D 340 -1 -1 -1 -1 -1
G: P 341 1 -1 -1 72 269
G: K 342 1 72 377 72 1622
G: K 343 1 72 1625 72 2042
G: K 344 -1 72 2028 73 481
G: K 345 -1 73 658 73 1684
G: K 346 -1 73 4151 74 2086
G: K 347 -1 74 2095 75 393
G: K 348 -1 75 482 75 998
G: K 349 -1 75 1076 75 2114
G: K 350 -1 75 2117 75 2960
G: K 351 -1 75 2970 75 5679
G: P 352 1 75 5722 -1 -1
G: D 353 1 -1 -1 -1 -1
G: K 354 -1 76 94 76 1063
G: K 355 1 76 1473 76 2709
G: K 356 1 76 2708 76 3671
G: K 357 -1 76 3888 76 4563
G: P 358 1 76 4610 -1 -1
G: D 359 1 -1 -1 -1 -1
G: P 360 -1 -1 -1 77 207
G: K 361 1 77 355 77 775
G: K 362 -1 77 777 77 2922
G: K 363 -1 77 3075 77 3927
G: P 364 -1 77 3939 -1 -1
G: K 365 1 78 40 78 658
G: K 366 1 78 632 78 1553
G: K 367 -1 78 1542 78 2799
G: K 368 1 78 2918 78 3407
G: K 369 1 78 3429 78 3798
G: K 370 1 78 3800 78 3974
G: K 371 -1 78 3988 78 4255
G: P 372 1 78 4318 -1 -1
G: D 373 1 -1 -1 -1 -1
G: P 477 1 -1 -1 79 384
G: K 374 1 79 385 79 2407
G: K 375 -1 79 2430 79 3231
G: K 376 -1 79 3220 79 4216
G: K 377 -1 79 4215 80 93
G: K 378 -1 80 161 80 1139
G: K 379 -1 80 1125 80 2103
G: K 380 -1 80 2095 80 3253
G: K 381 -1 80 3239 80 4085
G: K 382 -1 80 4085 80 4928
G: K 383 -1 80 4920 81 149
G: K 384 -1 81 148 81 469
G: K 385 -1 81 474 81 1059
G: K 386 -1 81 1105 81 2731
G: K 387 1 81 2759 81 4622
G: P 388 1 81 4614 -1 -1
G: D 389 1 -1 -1 -1 -1
G: P 519 -1 -1 -1 82 544
G: K 390 1 82 545 82 1187
G: K 391 -1 82 1183 82 1930
G: K 392 -1 82 1922 82 3227
G: K 393 -1 82 3226 82 3691
G: P 394 -1 82 3861 -1 -1
G: P 395 -1 -1 -1 83 3752
G: P 396 -1 83 4038 -1 -1
G: D 397 -1 -1 -1 -1 -1
G: D 398 -1 -1 -1 -1 -1
G: P 399 -1 -1 -1 84 1768
G: K 400 -1 84 1875 84 3222
G: P 401 -1 84 3238 -1 -1
G: D 402 -1 -1 -1 -1 -1
G: P 403 -1 -1 -1 85 672
G: K 404 -1 85 681 85 2256
G: K 405 -1 85 2626 85 3085
G: P 406 -1 85 3085 -1 -1
G: P 407 -1 -1 -1 86 34
G: K 408 -1 86 38 86 1469
G: K 409 -1 86 1470 86 2310
G: K 410 -1 86 2309 86 3872
G: P 411 -1 86 3887 -1 -1
G: P 412 -1 86 4407 -1 -1
G: P 413 -1 -1 -1 87 15
G: K 414 -1 87 17 87 902
G: K 415 -1 87 864 87 1341
G: K 416 -1 87 1346 87 2729
G: K 417 1 87 2795 87 3275
G: K 418 -1 87 3271 87 3949
G: P 419 -1 87 3951 -1 -1
G: P 420 -1 -1 -1 88 1609
G: K 421 -1 88 1608 88 2757
G: K 422 -1 88 2877 89 317
G: K 423 -1 89 381 89 2412
G: K 424 -1 89 2467 89 2866
G: K 425 -1 89 2871 89 3318
G: K 426 -1 89 3355 90 113
G: K 427 -1 90 118 90 2983
G: P 428 -1 90 2954 -1 -1
G: P 429 -1 -1 -1 91 1082
G: K 430 -1 91 1084 91 1345
G: K 431 1 91 1533 91 2901
G: K 432 1 91 2923 91 3115
G: K 433 1 91 3150 91 3582
G: K 434 1 91 3692 91 4208
G: K 435 -1 91 4204 92 89
G: K 436 -1 92 92 92 1610
G: K 437 -1 92 1602 92 2340
G: K 438 -1 92 2399 92 3605
G: P 439 1 92 3690 -1 -1
G: P 440 1 -1 -1 93 122
G: K 441 1 93 121 93 694
G: K 442 1 93 694 93 1903
G: K 443 1 93 1922 93 3095
G: P 444 -1 93 3499 -1 -1
G: D 445 -1 -1 -1 -1 -1
G: P 446 -1 -1 -1 94 168
G: K 447 -1 94 338 94 1148
G: K 448 -1 94 1122 94 2301
G: K 449 -1 94 2316 94 2679
G: K 450 -1 94 2662 94 3364
G: K 451 -1 94 3363 94 3651
G: P 452 -1 -1 -1 95 997
G: K 453 -1 95 997 95 1453
G: K 517 1 95 2110 95 2467
G: K 454 -1 95 2468 95 3341
G: K 455 -1 95 3340 95 4525
G: P 456 1 95 4577 -1 -1
G: P 457 1 -1 -1 96 63
G: K 458 -1 96 52 96 520
G: K 459 1 96 506 96 1697
G: K 460 -1 96 1686 96 2718
G: P 461 -1 96 3270 -1 -1
G: P 462 -1 -1 -1 97 135
G: K 463 -1 97 136 97 637
G: K 464 1 97 809 97 1757
G: K 465 -1 97 1753 97 3058
G: K 466 -1 97 3038 97 4517
G: P 467 -1 97 4503 -1 -1
G: P 468 -1 -1 -1 98 355
G: K 469 -1 98 326 98 713
G: K 470 -1 98 681 98 828
G: K 471 -1 98 853 98 1792
G: K 472 -1 98 1795 99 1364
G: K 473 -1 99 1369 99 2224
G: K 474 -1 99 2286 99 3597
G: P 475 -1 99 4239 -1 -1
