The input genome is 592613 bp long, 474090 will be kept.
min distance 117
----------------------------------------
fragments: id start end
F: 0 656 5282
F: 1 6897 12074
F: 2 13168 18326
F: 3 19721 24397
F: 4 25742 30616
F: 5 31814 37445
F: 6 38730 42651
F: 7 44011 47952
F: 8 49725 53606
F: 9 54786 58873
F: 10 59860 65971
F: 11 67096 71119
F: 12 72274 76635
F: 13 77757 82099
F: 14 83106 88831
F: 15 89922 94853
F: 16 96374 101801
F: 17 102611 106871
F: 18 107839 113168
F: 19 114632 119303
F: 20 120414 124882
F: 21 125972 129962
F: 22 130744 135532
F: 23 137139 141624
F: 24 142697 146738
F: 25 147568 152265
F: 26 153134 157142
F: 27 158260 162139
F: 28 163775 169527
F: 29 170687 176580
F: 30 178250 182438
F: 31 183721 188615
F: 32 189691 194355
F: 33 195830 200050
F: 34 200570 206158
F: 35 207460 212333
F: 36 213368 218283
F: 37 219693 224931
F: 38 225829 230023
F: 39 230916 235022
F: 40 236902 242142
F: 41 243371 247964
F: 42 249256 254023
F: 43 255430 260212
F: 44 261715 266275
F: 45 267423 272358
F: 46 273405 278519
F: 47 279588 285056
F: 48 286080 290990
F: 49 292327 297092
F: 50 297995 302527
F: 51 303228 308916
F: 52 309845 315327
F: 53 316528 321441
F: 54 322730 327198
F: 55 328266 332903
F: 56 333952 340000
F: 57 340684 344664
F: 58 345574 350264
F: 59 351382 356368
F: 60 356924 361132
F: 61 362678 368012
F: 62 369560 375111
F: 63 376120 381370
F: 64 382317 387523
F: 65 388573 393258
F: 66 394257 398288
F: 67 399747 403320
F: 68 404501 408833
F: 69 410350 415606
F: 70 417055 422649
F: 71 424054 428707
F: 72 430146 434031
F: 73 435518 440421
F: 74 441531 446032
F: 75 447315 453136
F: 76 454218 459235
F: 77 460020 464660
F: 78 465922 470743
F: 79 471964 476444
F: 80 477666 482806
F: 81 484152 489265
F: 82 491365 495753
F: 83 497131 501867
F: 84 503000 507668
F: 85 508925 513148
F: 86 514113 518522
F: 87 519446 523880
F: 88 524862 529562
F: 89 530602 534647
F: 90 535637 540583
F: 91 541746 546101
F: 92 547660 551554
F: 93 552787 556961
F: 94 558273 562271
F: 95 563211 567949
F: 96 569490 574469
F: 97 575463 580553
F: 98 581645 586389
F: 99 587512 592496
----------------------------------------
genes: [Kept,Partial,Discared] locus strand fragment1 start_pos fragment2 end_pos 
G: K 0 1 0 29 0 1178
G: K 1 1 0 1177 0 2128
G: K 2 1 0 2212 0 4174
G: K 3 1 0 4188 1 488
G: K 4 1 1 459 1 1734
G: K 5 1 1 1737 1 2364
G: K 6 1 1 2336 1 3101
G: K 7 1 1 3103 1 4429
G: P 8 1 1 4428 -1 -1
G: D 494 -1 -1 -1 -1 -1
G: P 9 1 -1 -1 2 285
G: K 10 -1 2 261 2 1125
G: K 568 -1 2 1128 2 1506
G: K 11 -1 2 1507 2 2359
G: K 12 -1 2 2321 2 3143
G: P 13 1 2 3481 -1 -1
G: P 14 1 -1 -1 3 631
G: K 15 1 3 640 3 3754
G: P 16 1 3 3795 -1 -1
G: D 17 1 -1 -1 -1 -1
G: P 18 1 -1 -1 4 1407
G: K 19 1 4 1436 4 1874
G: K 20 1 4 1879 4 2740
G: K 21 1 4 2740 4 3856
G: P 22 1 4 4058 -1 -1
G: D 23 1 -1 -1 -1 -1
G: D 24 1 -1 -1 -1 -1
G: P 25 1 -1 -1 5 515
G: K 26 -1 5 504 5 1062
G: K 27 -1 5 1063 5 1699
G: P 28 -1 5 1732 -1 -1
G: P 29 1 -1 -1 6 1513
G: K 30 1 6 1662 6 2442
G: K 31 -1 6 2410 6 3061
G: P 32 1 6 3089 -1 -1
G: P 33 1 -1 -1 7 710
G: K 34 1 7 682 7 2035
G: K 35 -1 7 2031 7 3564
G: P 36 -1 7 3554 -1 -1
G: P 37 1 -1 -1 8 974
G: K 38 1 8 994 8 1261
G: K 39 1 8 1458 8 3147
G: P 40 1 8 3151 -1 -1
G: D 41 1 -1 -1 -1 -1
G: P 42 1 -1 -1 9 1249
G: K 43 1 9 1250 9 2204
G: K 44 1 9 2187 9 3345
G: P 45 -1 9 3574 -1 -1
G: P 46 1 -1 -1 10 664
G: K 47 1 10 667 10 1339
G: K 48 1 10 1325 10 2591
G: K 49 1 10 2599 10 2992
G: K 50 1 10 2991 10 4662
G: K 51 -1 10 4638 10 5586
G: K 571 -1 10 5588 10 5879
G: P 52 -1 10 5880 -1 -1
G: D 53 -1 -1 -1 -1 -1
G: D 54 -1 -1 -1 -1 -1
G: P 55 -1 -1 -1 11 377
G: K 56 -1 11 358 11 895
G: K 57 -1 11 873 11 1872
G: K 58 -1 11 1852 11 2296
G: K 59 1 11 2302 11 3190
G: P 60 -1 11 3168 -1 -1
G: K 61 1 12 4 12 2086
G: K 62 1 12 2036 12 2954
G: K 63 1 12 3209 13 1722
G: K 64 1 13 1721 13 3122
G: P 65 1 13 3125 -1 -1
G: P 66 1 -1 -1 14 1326
G: K 67 1 14 1349 14 2771
G: K 68 1 15 138 15 2865
G: K 69 1 15 2975 15 3830
G: K 70 1 15 3834 16 16
G: K 71 1 16 2 16 2468
G: K 72 1 16 2445 16 4440
G: K 73 1 16 4442 16 4856
G: K 74 1 16 4919 17 1793
G: K 75 -1 17 1789 17 2206
G: K 76 1 17 2439 17 3663
G: P 77 1 17 3655 -1 -1
G: P 78 1 -1 -1 18 786
G: K 79 1 18 785 18 3332
G: K 80 1 18 3387 18 3801
G: K 81 1 18 3800 18 4481
G: K 82 1 18 4480 18 5080
G: P 83 1 18 5072 -1 -1
G: P 84 1 -1 -1 19 115
G: K 85 1 19 107 19 1295
G: K 86 1 19 1323 19 1743
G: K 87 1 19 1759 19 2245
G: K 88 1 19 2254 19 4327
G: P 89 1 19 4378 -1 -1
G: D 90 1 -1 -1 -1 -1
G: P 91 1 -1 -1 20 25
G: K 92 1 20 27 20 501
G: K 93 1 20 484 20 1906
G: K 94 1 20 1909 20 3106
G: P 95 1 20 3289 -1 -1
G: P 96 1 -1 -1 21 475
G: K 97 1 21 574 21 2005
G: K 98 1 21 2007 21 3444
G: K 99 1 21 3436 22 119
G: K 100 1 22 93 22 762
G: K 101 1 22 754 22 1702
G: K 102 1 22 1691 22 2537
G: K 103 1 22 2558 22 2786
G: P 104 1 22 2788 -1 -1
G: D 105 1 -1 -1 -1 -1
G: D 106 -1 -1 -1 -1 -1
G: P 107 1 -1 -1 23 374
G: K 108 1 23 373 23 1171
G: K 109 1 23 1155 23 2331
G: K 110 1 23 2317 23 3166
G: P 111 1 23 3180 -1 -1
G: D 112 1 -1 -1 -1 -1
G: P 113 1 -1 -1 24 942
G: K 114 1 24 877 24 1588
G: K 115 1 24 1612 24 2086
G: K 116 1 24 2094 24 2853
G: K 117 1 24 2845 24 3490
G: P 118 1 24 3470 -1 -1
G: P 119 1 -1 -1 25 1355
G: K 120 1 25 1361 25 2954
G: K 121 1 25 2956 25 3880
G: K 122 1 25 3919 26 501
G: K 123 1 26 475 26 1915
G: K 124 1 26 1961 26 2270
G: K 125 1 26 2275 26 3142
G: P 126 -1 26 3122 -1 -1
G: D 127 1 -1 -1 -1 -1
G: P 128 1 -1 -1 27 318
G: K 129 1 27 317 27 671
G: K 130 1 27 660 27 2136
G: K 131 -1 27 2696 27 3122
G: P 132 -1 27 3099 -1 -1
G: D 133 1 -1 -1 -1 -1
G: D 134 -1 -1 -1 -1 -1
G: P 135 1 -1 -1 28 1048
G: K 136 1 28 989 28 2213
G: K 137 1 28 2212 28 4027
G: P 138 1 28 4110 -1 -1
G: P 139 1 -1 -1 30 3329
G: P 569 -1 30 3332 -1 -1
G: P 140 1 -1 -1 31 535
G: K 141 1 31 534 31 810
G: K 142 1 31 796 31 2668
G: K 143 1 31 2654 31 2993
G: K 144 1 31 3017 31 3869
G: K 145 1 31 3868 31 4678
G: P 146 1 31 4690 -1 -1
G: P 147 1 -1 -1 32 1115
G: K 148 1 32 1153 32 2401
G: K 149 1 32 2476 32 3337
G: K 150 1 32 3376 32 3841
G: K 151 1 32 3930 32 4251
G: P 152 1 32 4254 -1 -1
G: D 153 1 -1 -1 -1 -1
G: D 154 1 -1 -1 -1 -1
G: P 155 1 -1 -1 33 747
G: K 156 1 33 746 33 1007
G: K 157 1 33 1009 33 1444
G: K 158 1 33 1446 33 2250
G: K 159 1 33 2255 33 2672
G: K 160 1 33 2671 33 3274
G: K 161 1 33 3273 33 3528
G: K 162 1 33 3531 33 3897
G: P 163 1 33 3896 -1 -1
G: P 164 1 -1 -1 34 28
G: K 165 1 34 30 34 216
G: K 166 1 34 209 34 635
G: K 167 1 34 641 34 1190
G: K 168 1 34 1191 34 1551
G: K 169 1 34 1555 34 2191
G: K 170 1 34 2196 34 2646
G: K 171 1 34 2645 34 4073
G: K 172 1 34 4066 34 4723
G: K 173 1 34 4725 34 5484
G: P 174 1 34 5483 -1 -1
G: D 175 1 -1 -1 -1 -1
G: D 176 1 -1 -1 -1 -1
G: D 177 1 -1 -1 -1 -1
G: P 178 1 -1 -1 35 674
G: K 179 1 35 686 35 1064
G: K 180 1 35 1050 35 1878
G: K 181 1 35 1859 35 2786
G: K 182 1 35 2778 35 4062
G: K 183 1 35 4054 35 4789
G: K 184 1 35 4778 36 694
G: K 185 1 36 694 36 1666
G: K 186 1 36 1765 36 3868
G: K 187 1 37 9 37 762
G: K 188 1 37 754 37 2554
G: K 189 1 37 2556 37 3573
G: K 190 1 37 3541 37 4510
G: P 191 1 37 4678 -1 -1
G: P 493 1 -1 -1 38 503
G: P 192 1 38 504 -1 -1
G: P 492 -1 -1 -1 39 328
G: K 193 1 39 329 39 3500
G: K 194 1 40 455 40 1481
G: K 195 1 40 1484 40 3923
G: K 196 1 40 3981 40 4527
G: K 197 1 40 4529 40 4709
G: K 198 1 40 4711 40 5089
G: P 199 1 -1 -1 41 1154
G: K 200 1 41 1165 41 1819
G: K 201 1 41 1828 41 2197
G: K 202 1 41 2324 41 4250
G: K 203 1 41 4249 42 770
G: K 204 -1 42 766 42 1804
G: K 205 1 42 1839 42 3651
G: K 206 1 42 3631 42 4135
G: K 207 -1 42 4127 42 4727
G: P 208 -1 42 4710 -1 -1
G: P 209 -1 -1 -1 43 38
G: K 210 1 43 238 43 901
G: K 211 1 43 900 43 1095
G: K 212 1 43 1096 43 1543
G: K 213 1 43 1545 43 1884
G: K 214 1 43 1876 43 2683
G: K 215 1 43 2675 43 4091
G: K 216 1 43 4074 43 4701
G: P 217 1 43 4719 -1 -1
G: P 218 1 -1 -1 44 962
G: K 219 1 44 1881 44 3012
G: K 490 -1 44 3028 44 3283
G: K 220 1 44 3284 45 3060
G: K 221 1 45 3062 45 4118
G: K 222 1 45 4071 45 4524
G: K 223 -1 45 4555 45 4837
G: D 224 1 -1 -1 -1 -1
G: P 225 1 -1 -1 46 524
G: K 226 1 46 525 46 1761
G: K 227 1 46 1763 46 2894
G: K 228 1 46 2939 46 4421
G: P 229 1 46 4386 -1 -1
G: K 230 1 47 159 47 1035
G: K 231 1 47 1034 47 1526
G: K 232 1 47 1531 47 2560
G: K 233 1 47 2563 47 3025
G: K 234 1 47 3043 47 5224
G: P 235 1 47 5316 -1 -1
G: D 236 1 -1 -1 -1 -1
G: D 237 1 -1 -1 -1 -1
G: P 238 1 -1 -1 48 615
G: K 239 1 48 604 48 1027
G: K 240 1 48 1019 48 1904
G: K 241 1 48 1933 48 3268
G: P 242 1 48 3336 -1 -1
G: P 243 -1 -1 -1 49 541
G: K 244 1 49 593 49 2471
G: K 245 1 49 2476 49 4375
G: P 246 1 -1 -1 50 1507
G: K 247 1 50 1509 50 2016
G: K 248 1 50 2008 50 2854
G: K 249 -1 50 2837 50 3554
G: K 250 -1 50 3540 50 4215
G: K 251 -1 50 4198 51 459
G: K 489 1 51 502 51 1621
G: K 252 -1 51 1622 51 3470
G: K 253 -1 51 3459 51 4800
G: K 254 -1 51 4819 51 5557
G: K 255 -1 51 5559 52 241
G: K 256 -1 52 245 52 2228
G: K 257 1 52 2403 52 3513
G: K 258 1 52 3616 52 4072
G: K 259 1 52 4238 52 5009
G: K 260 1 52 5051 52 5348
G: P 261 1 52 5347 -1 -1
G: P 262 1 -1 -1 53 1157
G: K 263 1 53 1287 53 3594
G: K 264 1 54 284 54 2909
G: K 265 1 54 2915 54 3794
G: P 266 1 54 3793 -1 -1
G: P 267 1 -1 -1 55 118
G: K 268 1 55 111 55 714
G: K 269 -1 55 649 55 1495
G: K 270 -1 55 1513 55 3919
G: K 271 -1 55 3919 55 4267
G: P 272 -1 55 4300 -1 -1
G: P 273 -1 -1 -1 56 468
G: K 274 -1 56 848 56 1859
G: K 275 -1 56 1869 56 3258
G: K 276 -1 56 3261 56 4416
G: K 277 -1 56 4665 56 5646
G: K 278 -1 56 5663 57 32
G: K 279 -1 57 59 57 1505
G: K 280 -1 57 1587 57 2130
G: K 281 -1 57 2143 58 202
G: K 282 1 58 244 58 2407
G: K 283 -1 58 2403 58 3078
G: K 284 -1 58 3070 58 3868
G: P 285 -1 58 3928 -1 -1
G: K 286 -1 59 473 59 959
G: K 287 1 59 1290 59 2751
G: K 288 1 59 2971 59 3376
G: K 289 1 59 3335 59 4382
G: K 290 1 59 4384 59 4981
G: D 291 1 -1 -1 -1 -1
G: D 292 1 -1 -1 -1 -1
G: P 293 1 -1 -1 61 712
G: K 294 1 61 704 61 2351
G: K 295 -1 61 2347 61 2776
G: P 296 -1 61 2775 -1 -1
G: D 297 -1 -1 -1 -1 -1
G: P 298 -1 -1 -1 62 826
G: K 299 -1 62 943 62 2035
G: K 301 -1 62 2156 62 3215
G: P 302 -1 62 3221 -1 -1
G: P 303 -1 -1 -1 63 775
G: K 304 -1 63 792 63 2046
G: K 305 -1 63 2047 63 3076
G: K 306 -1 63 3106 63 4084
G: K 307 -1 63 4065 63 5142
G: P 308 -1 63 5123 -1 -1
G: P 309 -1 -1 -1 64 1676
G: K 310 -1 64 1763 64 2954
G: K 311 -1 64 2953 65 237
G: K 312 -1 65 221 65 1466
G: P 313 -1 65 1472 -1 -1
G: P 314 1 -1 -1 66 401
G: K 315 -1 66 407 66 1031
G: P 316 -1 66 1053 -1 -1
G: D 317 -1 -1 -1 -1 -1
G: P 318 -1 -1 -1 67 1312
G: K 319 -1 67 1335 67 2229
G: K 320 -1 67 2152 67 3262
G: K 321 -1 67 3302 68 363
G: K 322 -1 68 377 68 1217
G: K 323 -1 68 1233 68 1776
G: K 324 -1 68 1879 68 2740
G: K 325 -1 68 3060 69 40
G: K 326 -1 69 839 69 2549
G: K 327 1 69 2605 69 3301
G: K 328 -1 69 4136 69 4955
G: P 329 -1 69 4899 -1 -1
G: D 330 -1 -1 -1 -1 -1
G: P 331 -1 -1 -1 70 321
G: K 332 -1 70 333 70 1140
G: K 333 -1 70 1126 70 3418
G: K 334 -1 70 3456 70 4797
G: K 335 -1 70 4800 70 5454
G: P 336 -1 70 5462 -1 -1
G: D 337 -1 -1 -1 -1 -1
G: K 338 -1 71 451 71 2974
G: K 339 -1 71 2963 71 3542
G: K 340 -1 71 3549 71 3768
G: P 341 1 71 3829 -1 -1
G: P 342 1 -1 -1 72 113
G: K 343 1 72 116 72 533
G: P 344 -1 72 519 -1 -1
G: P 345 -1 -1 -1 73 214
G: K 346 -1 73 2681 74 547
G: P 347 -1 74 556 -1 -1
G: D 348 -1 -1 -1 -1 -1
G: P 349 -1 -1 -1 75 726
G: K 350 -1 75 729 75 1563
G: K 351 -1 75 1573 75 4261
G: K 352 1 75 4304 75 4808
G: K 353 1 75 4798 75 5440
G: K 570 1 75 5590 76 163
G: K 354 -1 76 164 76 1157
G: K 355 1 76 1567 76 2809
G: K 356 1 76 2808 76 3762
G: K 357 -1 76 3979 76 4669
G: P 358 1 76 4716 -1 -1
G: D 359 1 -1 -1 -1 -1
G: P 360 -1 -1 -1 77 313
G: K 361 1 77 461 77 893
G: K 362 -1 77 895 77 3040
G: K 363 -1 77 3193 77 4045
G: P 364 -1 77 4057 -1 -1
G: K 365 1 78 153 78 777
G: K 366 1 78 751 78 1672
G: K 367 -1 78 1661 78 2897
G: K 368 1 78 3016 78 3508
G: K 369 1 78 3530 78 3899
G: K 370 1 78 3901 78 4081
G: K 371 -1 78 4095 78 4362
G: P 372 1 78 4425 -1 -1
G: P 373 1 -1 -1 79 13
G: K 374 1 79 14 79 2018
G: K 375 -1 79 2041 79 2830
G: K 376 -1 79 2819 79 3809
G: P 377 -1 79 3808 -1 -1
G: P 378 -1 -1 -1 80 856
G: K 379 -1 80 839 80 1835
G: K 380 -1 80 1827 80 3015
G: K 381 -1 80 2998 80 3850
G: K 382 -1 80 3850 80 4693
G: P 383 -1 80 4685 -1 -1
G: P 384 -1 -1 -1 81 220
G: K 385 -1 81 225 81 813
G: K 386 -1 81 859 81 2473
G: K 387 1 81 2501 81 4346
G: K 388 1 81 4338 81 4920
G: P 389 1 81 4912 -1 -1
G: D 390 1 -1 -1 -1 -1
G: P 391 -1 -1 -1 82 205
G: K 392 -1 82 197 82 1517
G: K 393 -1 82 1516 82 1966
G: K 394 -1 82 2136 82 2850
G: K 395 -1 82 2852 83 1979
G: K 396 -1 83 2265 83 3144
G: K 397 -1 83 3131 83 3596
G: K 398 -1 83 3582 83 3969
G: K 399 -1 83 3972 84 107
G: K 400 -1 84 214 84 1558
G: K 401 -1 84 1574 84 3224
G: K 403 -1 84 3361 84 4603
G: K 404 -1 84 4612 85 265
G: K 405 -1 85 635 85 1103
G: K 406 -1 85 1103 85 2819
G: K 407 -1 85 2820 85 3234
G: P 408 -1 85 3238 -1 -1
G: P 409 -1 -1 -1 86 370
G: K 410 -1 86 369 86 1950
G: K 411 -1 86 1965 86 2502
G: K 412 -1 86 2494 86 3121
G: K 413 -1 86 3123 86 3435
G: K 414 -1 86 3437 86 4328
G: P 415 -1 86 4290 -1 -1
G: P 416 -1 -1 -1 87 825
G: K 417 1 87 891 87 1365
G: K 418 -1 87 1361 87 2048
G: K 419 -1 87 2050 87 3049
G: P 420 -1 87 3033 -1 -1
G: P 421 -1 -1 -1 88 772
G: K 422 -1 88 892 88 4042
G: K 423 -1 88 4106 89 388
G: K 424 -1 89 443 89 836
G: K 425 -1 89 841 89 1282
G: K 426 -1 89 1319 89 3125
G: K 427 -1 89 3130 90 999
G: K 428 -1 90 970 90 3508
G: P 429 -1 90 3545 -1 -1
G: D 430 -1 -1 -1 -1 -1
G: P 431 1 -1 -1 91 920
G: K 432 1 91 942 91 1143
G: K 433 1 91 1178 91 1613
G: K 434 1 91 1723 91 2239
G: K 435 -1 91 2235 91 3969
G: P 436 -1 91 3972 -1 -1
G: P 437 -1 -1 -1 92 312
G: K 438 -1 92 371 92 1568
G: K 439 1 92 1653 92 2550
G: K 440 1 92 2530 92 3271
G: K 441 1 92 3270 92 3828
G: P 442 1 92 3828 -1 -1
G: P 443 1 -1 -1 93 1078
G: K 444 -1 93 1482 93 2301
G: K 445 -1 93 2300 93 3083
G: K 446 -1 93 3225 93 3636
G: P 447 -1 93 3806 -1 -1
G: P 448 -1 -1 -1 94 304
G: K 567 -1 94 318 94 2301
G: K 449 -1 94 2302 94 2662
G: K 450 -1 94 2645 94 3341
G: K 451 -1 94 3340 94 3622
G: P 452 -1 -1 -1 95 938
G: K 453 -1 95 938 95 1391
G: K 454 -1 95 2049 95 2922
G: K 455 -1 95 2921 95 4106
G: P 456 1 95 4158 -1 -1
G: D 457 1 -1 -1 -1 -1
G: P 458 -1 -1 -1 96 9
G: P 459 1 -1 -1 96 1201
G: K 460 -1 96 1193 96 2198
G: K 461 -1 96 2750 96 4901
G: D 462 -1 -1 -1 -1 -1
G: P 463 -1 -1 -1 97 144
G: K 464 1 97 316 97 1261
G: K 465 -1 97 1257 97 2541
G: K 466 -1 97 2518 97 3982
G: K 467 -1 97 3968 97 4763
G: P 468 -1 97 4752 -1 -1
G: P 469 -1 -1 -1 98 101
G: K 470 -1 98 69 98 216
G: K 471 -1 98 241 98 1177
G: K 491 -1 98 1179 98 1860
G: K 472 -1 98 1861 99 1370
G: K 473 -1 99 1375 99 2230
G: K 474 -1 99 2292 99 3606
G: P 475 -1 99 4248 -1 -1
