The input genome is 597938 bp long, 358762 will be kept.
min distance 236
----------------------------------------
fragments: id start end
F: 0 1946 5383
F: 1 7851 12233
F: 2 14782 18366
F: 3 20541 24519
F: 4 26808 30786
F: 5 33162 37718
F: 6 39830 42930
F: 7 45207 48235
F: 8 50933 54008
F: 9 56279 59372
F: 10 62015 66520
F: 11 68439 71536
F: 12 73808 77171
F: 13 79113 82721
F: 14 85397 89572
F: 15 91701 95660
F: 16 98603 102710
F: 17 104454 107799
F: 18 110277 114215
F: 19 117041 120439
F: 20 122679 126088
F: 21 128363 131198
F: 22 133026 136919
F: 23 139740 143005
F: 24 145060 148153
F: 25 150463 153799
F: 26 155361 158612
F: 27 160027 163512
F: 28 166617 170882
F: 29 173769 178006
F: 30 180653 183897
F: 31 186376 190193
F: 32 192354 195944
F: 33 198619 201680
F: 34 203601 207907
F: 35 209807 214040
F: 36 216357 220003
F: 37 222761 226801
F: 38 228876 232025
F: 39 234193 237143
F: 40 240783 244269
F: 41 246403 250061
F: 42 252905 256239
F: 43 259022 262547
F: 44 264999 268709
F: 45 271602 274922
F: 46 277221 281202
F: 47 283818 287806
F: 48 290345 293853
F: 49 296480 299986
F: 50 302789 305540
F: 51 308086 312028
F: 52 314368 318521
F: 53 321128 324661
F: 54 326964 330512
F: 55 332672 336263
F: 56 338376 343337
F: 57 345176 348120
F: 58 350479 353760
F: 59 356530 360010
F: 60 361893 364805
F: 61 367704 371709
F: 62 374497 378877
F: 63 381259 385179
F: 64 387684 391456
F: 65 393541 397283
F: 66 399034 402351
F: 67 404650 407375
F: 68 409657 412981
F: 69 415779 419681
F: 70 422908 426744
F: 71 429157 432853
F: 72 435563 438262
F: 73 440921 444771
F: 74 447469 450491
F: 75 453384 457631
F: 76 459955 463658
F: 77 465161 469124
F: 78 471706 475276
F: 79 477434 480988
F: 80 483360 487355
F: 81 490038 493812
F: 82 496720 500363
F: 83 502641 506436
F: 84 508784 512224
F: 85 514737 517773
F: 86 519677 523266
F: 87 525548 528744
F: 88 530760 534549
F: 89 536603 539753
F: 90 542069 545722
F: 91 547721 551181
F: 92 553808 556837
F: 93 559159 562420
F: 94 564927 567738
F: 95 569766 573263
F: 96 576084 579731
F: 97 581957 585791
F: 98 588545 591555
F: 99 593699 597702
----------------------------------------
genes: [Kept,Partial,Discared] locus strand fragment1 start_pos fragment2 end_pos 
G: D 0 1 -1 -1 -1 -1
G: P 1 1 -1 -1 0 835
G: K 614 -1 0 918 0 3111
G: P 2 1 0 3112 -1 -1
G: P 3 1 -1 -1 1 1703
G: K 4 1 1 1674 1 2928
G: K 5 1 1 2931 1 3579
G: K 6 1 1 3548 1 4319
G: P 7 1 1 4321 -1 -1
G: D 8 1 -1 -1 -1 -1
G: P 9 1 -1 -1 2 240
G: K 10 -1 2 216 2 1104
G: K 11 -1 2 1108 2 1975
G: K 12 -1 2 1931 2 2762
G: P 13 1 2 3100 -1 -1
G: P 14 1 -1 -1 3 1038
G: P 15 1 3 1047 -1 -1
G: D 16 1 -1 -1 -1 -1
G: P 17 1 -1 -1 4 54
G: K 18 1 4 53 4 1586
G: K 19 1 4 1615 4 2059
G: K 20 1 4 2064 4 2940
G: P 21 1 4 2940 -1 -1
G: D 22 1 -1 -1 -1 -1
G: D 23 1 -1 -1 -1 -1
G: D 24 1 -1 -1 -1 -1
G: P 25 1 -1 -1 5 436
G: K 26 -1 5 422 5 1004
G: K 27 -1 5 1005 5 1626
G: P 28 -1 5 1659 -1 -1
G: P 29 1 -1 -1 6 1640
G: K 30 1 6 1789 6 2569
G: P 31 -1 6 2537 -1 -1
G: D 32 1 -1 -1 -1 -1
G: P 33 1 -1 -1 7 792
G: K 34 1 7 764 7 2117
G: P 35 -1 7 2113 -1 -1
G: D 36 -1 -1 -1 -1 -1
G: P 37 1 -1 -1 8 1011
G: K 38 1 8 1031 8 1301
G: P 39 1 8 1498 -1 -1
G: D 40 1 -1 -1 -1 -1
G: P 42 1 -1 -1 9 167
G: K 43 1 9 168 9 1113
G: K 44 1 9 1096 9 2254
G: P 45 -1 9 2483 -1 -1
G: D 46 1 -1 -1 -1 -1
G: D 47 1 -1 -1 -1 -1
G: P 48 1 -1 -1 10 814
G: K 49 1 10 822 10 1221
G: K 50 1 10 1220 10 2891
G: K 51 -1 10 2867 10 3818
G: K 52 -1 10 3821 10 4205
G: K 53 -1 10 4211 10 4367
G: P 54 -1 10 4380 -1 -1
G: D 55 -1 -1 -1 -1 -1
G: D 56 -1 -1 -1 -1 -1
G: P 57 -1 -1 -1 11 667
G: K 58 -1 11 647 11 1100
G: K 59 1 11 1106 11 2009
G: P 60 -1 11 1987 -1 -1
G: P 61 1 -1 -1 12 693
G: K 62 1 12 643 12 1546
G: K 63 1 12 1801 13 546
G: K 64 1 13 545 13 1946
G: P 65 1 13 1949 -1 -1
G: D 66 1 -1 -1 -1 -1
G: P 612 -1 -1 -1 14 1337
G: K 67 1 14 1338 14 2802
G: K 68 1 15 681 15 3450
G: P 69 1 15 3560 -1 -1
G: P 70 1 -1 -1 16 169
G: K 71 1 16 155 16 2618
G: P 72 1 16 2595 -1 -1
G: D 73 1 -1 -1 -1 -1
G: P 74 1 -1 -1 17 2269
G: K 75 -1 17 2265 17 2682
G: P 76 1 17 2915 -1 -1
G: D 77 1 -1 -1 -1 -1
G: P 503 1 -1 -1 18 102
G: K 78 1 18 103 18 1315
G: K 79 1 18 1314 18 3861
G: P 80 1 18 3916 -1 -1
G: D 81 1 -1 -1 -1 -1
G: D 82 1 -1 -1 -1 -1
G: D 83 1 -1 -1 -1 -1
G: P 84 1 -1 -1 19 640
G: K 85 1 19 632 19 1781
G: K 86 1 19 1809 19 2229
G: K 87 1 19 2245 19 2707
G: P 88 1 19 2716 -1 -1
G: D 89 1 -1 -1 -1 -1
G: P 90 1 -1 -1 20 333
G: K 91 1 20 322 20 640
G: K 92 1 20 642 20 1095
G: K 93 1 20 1078 20 2494
G: P 94 1 20 2497 -1 -1
G: P 95 1 -1 -1 21 167
G: K 96 1 21 223 21 952
G: K 97 1 21 1051 21 2479
G: P 98 1 21 2481 -1 -1
G: P 99 1 -1 -1 22 693
G: K 100 1 22 667 22 1342
G: K 101 1 22 1334 22 2288
G: K 102 1 22 2277 22 3117
G: K 103 1 22 3138 22 3375
G: P 104 1 22 3377 -1 -1
G: D 105 1 -1 -1 -1 -1
G: P 106 -1 -1 -1 23 25
G: K 107 1 23 65 23 632
G: K 108 1 23 631 23 1423
G: K 109 1 23 1407 23 2580
G: P 110 1 23 2566 -1 -1
G: D 111 1 -1 -1 -1 -1
G: P 112 1 -1 -1 24 45
G: K 113 1 24 58 24 1447
G: K 114 1 24 1382 24 2090
G: K 115 1 24 2114 24 2588
G: P 116 1 24 2596 -1 -1
G: D 117 1 -1 -1 -1 -1
G: D 118 1 -1 -1 -1 -1
G: P 119 1 -1 -1 25 1373
G: K 120 1 25 1379 25 2939
G: P 121 1 25 2941 -1 -1
G: P 122 1 -1 -1 26 1148
G: K 123 1 26 1125 26 2541
G: K 124 1 26 2587 26 2899
G: P 125 1 26 2904 -1 -1
G: P 126 -1 -1 -1 27 147
G: K 127 1 27 182 27 620
G: K 128 1 27 627 27 1416
G: K 129 1 27 1415 27 1769
G: K 130 1 27 1755 27 3216
G: D 131 -1 -1 -1 -1 -1
G: D 132 -1 -1 -1 -1 -1
G: D 133 1 -1 -1 -1 -1
G: D 134 -1 -1 -1 -1 -1
G: P 135 1 -1 -1 28 1080
G: K 136 1 28 1021 28 2248
G: K 137 1 28 2247 28 4068
G: P 138 1 28 4151 -1 -1
G: D 616 -1 -1 -1 -1 -1
G: P 139 1 30 560 -1 -1
G: D 140 1 -1 -1 -1 -1
G: P 141 1 -1 -1 31 108
G: K 142 1 31 94 31 1954
G: K 143 1 31 1943 31 2276
G: K 144 1 31 2297 31 3158
G: P 145 1 31 3157 -1 -1
G: D 146 1 -1 -1 -1 -1
G: P 147 1 -1 -1 32 435
G: K 148 1 32 473 32 1703
G: K 149 1 32 1778 32 2624
G: K 150 1 32 2663 32 3128
G: K 151 1 32 3217 32 3541
G: P 152 1 32 3544 -1 -1
G: D 153 1 -1 -1 -1 -1
G: D 154 1 -1 -1 -1 -1
G: D 155 1 -1 -1 -1 -1
G: P 156 1 -1 -1 33 159
G: K 157 1 33 161 33 590
G: K 158 1 33 592 33 1411
G: K 159 1 33 1416 33 1830
G: K 160 1 33 1829 33 2432
G: K 161 1 33 2431 33 2692
G: P 162 1 33 2695 -1 -1
G: D 163 1 -1 -1 -1 -1
G: D 164 1 -1 -1 -1 -1
G: D 165 1 -1 -1 -1 -1
G: D 166 1 -1 -1 -1 -1
G: P 167 1 -1 -1 34 124
G: K 168 1 34 125 34 476
G: K 169 1 34 480 34 1131
G: K 170 1 34 1136 34 1595
G: K 171 1 34 1594 34 3034
G: K 172 1 34 3027 34 3675
G: P 173 1 34 3677 -1 -1
G: D 174 1 -1 -1 -1 -1
G: D 175 1 -1 -1 -1 -1
G: D 176 1 -1 -1 -1 -1
G: D 177 1 -1 -1 -1 -1
G: P 178 1 -1 -1 35 316
G: K 179 1 35 328 35 709
G: K 180 1 35 695 35 1520
G: K 181 1 35 1504 35 2428
G: K 182 1 35 2420 35 3683
G: P 183 1 35 3675 -1 -1
G: D 184 1 -1 -1 -1 -1
G: P 185 1 -1 -1 36 639
G: K 186 1 36 738 36 2880
G: D 187 1 -1 -1 -1 -1
G: P 188 1 -1 -1 37 1472
G: K 189 1 37 1474 37 2479
G: K 190 1 37 2450 37 3425
G: P 191 1 37 3593 -1 -1
G: P 192 1 -1 -1 38 2803
G: K 193 1 38 2804 39 652
G: D 194 1 -1 -1 -1 -1
G: P 195 1 -1 -1 40 507
G: K 196 1 40 565 40 1111
G: K 197 1 40 1113 40 1293
G: K 198 1 40 1295 40 1670
G: P 199 1 40 2395 -1 -1
G: D 200 1 -1 -1 -1 -1
G: D 201 1 -1 -1 -1 -1
G: P 202 1 -1 -1 41 1647
G: P 203 1 41 1646 -1 -1
G: D 204 -1 -1 -1 -1 -1
G: P 205 1 -1 -1 42 407
G: K 206 1 42 387 42 891
G: K 207 -1 42 883 42 1474
G: K 208 -1 42 1457 42 2384
G: K 209 -1 42 2383 42 2926
G: P 210 1 42 3126 -1 -1
G: D 211 1 -1 -1 -1 -1
G: D 212 1 -1 -1 -1 -1
G: D 213 1 -1 -1 -1 -1
G: D 214 1 -1 -1 -1 -1
G: P 215 1 -1 -1 43 898
G: K 216 1 43 881 43 1505
G: K 217 1 43 1523 43 2495
G: P 218 1 43 2497 -1 -1
G: P 219 1 -1 -1 44 103
G: P 220 1 44 120 -1 -1
G: D 221 1 -1 -1 -1 -1
G: P 222 1 -1 -1 45 384
G: K 223 -1 45 415 45 697
G: K 224 1 45 1006 45 1420
G: K 225 1 45 1409 45 2342
G: P 226 1 45 2343 -1 -1
G: D 227 1 -1 -1 -1 -1
G: P 228 1 -1 -1 46 635
G: K 229 1 46 597 46 2085
G: K 230 1 46 2556 46 3420
G: K 231 1 46 3419 46 3902
G: P 232 1 46 3907 -1 -1
G: D 233 1 -1 -1 -1 -1
G: P 234 1 -1 -1 47 982
G: K 505 -1 47 1073 47 1490
G: K 235 1 47 1491 47 1806
G: K 236 1 47 1798 47 2104
G: K 237 1 47 2096 47 2411
G: K 238 1 47 2403 47 3279
G: K 239 1 47 3268 47 3691
G: P 240 1 47 3683 -1 -1
G: D 241 1 -1 -1 -1 -1
G: P 242 1 -1 -1 48 1882
G: K 243 -1 48 1878 48 2940
G: P 244 1 48 2992 -1 -1
G: P 245 1 -1 -1 49 645
G: K 246 1 49 1333 49 3448
G: P 247 1 49 3450 -1 -1
G: D 248 1 -1 -1 -1 -1
G: D 249 -1 -1 -1 -1 -1
G: D 250 -1 -1 -1 -1 -1
G: P 251 -1 -1 -1 50 1351
G: P 252 -1 50 1395 -1 -1
G: D 253 -1 -1 -1 -1 -1
G: P 254 -1 -1 -1 51 60
G: K 255 -1 51 62 51 1361
G: K 256 -1 51 1365 51 3354
G: P 257 1 51 3529 -1 -1
G: D 258 1 -1 -1 -1 -1
G: D 259 1 -1 -1 -1 -1
G: P 260 1 -1 -1 52 174
G: K 261 1 52 173 52 1253
G: K 262 1 52 1253 52 2672
G: P 263 1 52 2802 -1 -1
G: P 264 1 53 1232 -1 -1
G: D 265 1 -1 -1 -1 -1
G: D 266 1 -1 -1 -1 -1
G: P 267 1 -1 -1 54 769
G: K 268 1 54 762 54 1359
G: K 269 -1 54 1294 54 2131
G: P 270 -1 54 2149 -1 -1
G: D 271 -1 -1 -1 -1 -1
G: D 272 -1 -1 -1 -1 -1
G: K 273 -1 55 50 55 1073
G: K 274 -1 55 1453 55 2467
G: P 275 -1 55 2477 -1 -1
G: D 276 -1 -1 -1 -1 -1
G: P 277 -1 -1 -1 56 526
G: K 278 -1 56 543 56 1626
G: K 279 -1 56 1653 56 3090
G: K 280 -1 56 3172 56 3718
G: P 281 -1 56 3731 -1 -1
G: P 282 1 -1 -1 57 2067
G: K 283 -1 57 2063 57 2732
G: P 284 -1 57 2724 -1 -1
G: D 285 -1 -1 -1 -1 -1
G: K 286 -1 58 611 58 1112
G: K 287 1 58 1443 58 2916
G: P 288 1 58 3136 -1 -1
G: D 289 1 -1 -1 -1 -1
G: D 290 1 -1 -1 -1 -1
G: D 291 1 -1 -1 -1 -1
G: D 292 1 -1 -1 -1 -1
G: P 293 1 -1 -1 60 720
G: K 294 1 60 709 60 2362
G: K 295 -1 60 2358 60 2775
G: P 296 -1 60 2774 -1 -1
G: P 297 -1 -1 -1 61 470
G: K 298 -1 61 462 61 1890
G: K 299 -1 61 2007 61 3111
G: K 300 -1 61 3113 61 3503
G: P 301 -1 61 3622 -1 -1
G: P 302 -1 -1 -1 62 819
G: K 303 -1 62 1021 62 1984
G: K 304 -1 62 2001 62 3240
G: K 305 -1 62 3241 62 4267
G: P 306 -1 62 4297 -1 -1
G: D 307 -1 -1 -1 -1 -1
G: P 308 -1 -1 -1 63 362
G: K 309 -1 63 487 63 2275
G: K 310 -1 63 2362 63 3550
G: K 311 -1 63 3549 64 670
G: K 312 -1 64 651 64 1893
G: K 501 -1 64 1898 64 3248
G: K 313 -1 64 3249 65 1103
G: K 314 1 65 1156 65 1963
G: K 315 -1 65 1969 65 2596
G: K 316 -1 65 2618 66 566
G: K 317 -1 66 625 66 1489
G: K 318 -1 66 1533 66 2865
G: P 319 -1 66 2888 -1 -1
G: D 320 -1 -1 -1 -1 -1
G: P 321 -1 -1 -1 67 1072
G: K 322 -1 67 1086 67 1932
G: K 323 -1 67 1948 67 2476
G: P 324 -1 67 2579 -1 -1
G: P 325 -1 -1 -1 68 1579
G: P 326 -1 68 2378 -1 -1
G: D 327 1 -1 -1 -1 -1
G: D 613 -1 -1 -1 -1 -1
G: P 500 -1 -1 -1 69 3443
G: P 328 -1 69 3444 -1 -1
G: D 329 -1 -1 -1 -1 -1
G: D 330 -1 -1 -1 -1 -1
G: D 331 -1 -1 -1 -1 -1
G: P 332 -1 -1 -1 70 48
G: K 333 -1 70 34 70 2335
G: K 334 -1 70 2373 70 3720
G: P 335 -1 70 3723 -1 -1
G: D 336 -1 -1 -1 -1 -1
G: D 337 -1 -1 -1 -1 -1
G: K 615 -1 71 129 71 2067
G: P 338 -1 71 2068 -1 -1
G: D 339 -1 -1 -1 -1 -1
G: D 340 -1 -1 -1 -1 -1
G: P 341 1 -1 -1 72 108
G: K 342 1 72 216 72 1446
G: K 343 1 72 1449 72 1875
G: K 344 -1 72 1858 73 355
G: K 345 -1 73 532 73 1552
G: P 346 -1 -1 -1 74 1398
G: P 347 -1 74 1407 -1 -1
G: P 348 -1 -1 -1 75 300
G: K 349 -1 75 378 75 1416
G: K 350 -1 75 1419 75 2250
G: P 351 -1 75 2260 -1 -1
G: D 352 1 -1 -1 -1 -1
G: D 353 1 -1 -1 -1 -1
G: P 354 -1 -1 -1 76 706
G: K 355 1 76 1116 76 2358
G: K 356 1 76 2357 76 3293
G: P 357 -1 76 3510 -1 -1
G: D 358 1 -1 -1 -1 -1
G: P 359 1 -1 -1 77 123
G: K 360 -1 77 119 77 446
G: K 361 1 77 594 77 1014
G: K 362 -1 77 1016 77 3236
G: P 363 -1 77 3389 -1 -1
G: D 364 -1 -1 -1 -1 -1
G: P 365 1 -1 -1 78 309
G: K 366 1 78 286 78 1219
G: K 367 -1 78 1208 78 2444
G: K 368 1 78 2563 78 3052
G: K 369 1 78 3074 78 3455
G: P 370 1 78 3457 -1 -1
G: D 371 -1 -1 -1 -1 -1
G: D 372 1 -1 -1 -1 -1
G: D 373 1 -1 -1 -1 -1
G: P 374 1 -1 -1 79 1912
G: K 375 -1 79 1935 79 2727
G: P 376 -1 79 2716 -1 -1
G: D 377 -1 -1 -1 -1 -1
G: P 378 -1 -1 -1 80 484
G: K 379 -1 80 470 80 1445
G: K 380 -1 80 1437 80 2616
G: K 381 -1 80 2599 80 3448
G: P 382 -1 80 3448 -1 -1
G: D 383 -1 -1 -1 -1 -1
G: D 384 -1 -1 -1 -1 -1
G: P 385 -1 -1 -1 81 192
G: K 386 -1 81 238 81 1852
G: K 387 1 81 1880 81 3728
G: P 388 1 81 3720 -1 -1
G: D 389 1 -1 -1 -1 -1
G: D 502 -1 -1 -1 -1 -1
G: P 390 1 -1 -1 82 470
G: K 391 -1 82 466 82 1228
G: K 392 -1 82 1220 82 2522
G: K 393 -1 82 2521 82 2983
G: P 394 -1 82 3153 -1 -1
G: P 395 -1 -1 -1 83 2796
G: P 396 -1 83 3082 -1 -1
G: D 397 -1 -1 -1 -1 -1
G: D 398 -1 -1 -1 -1 -1
G: P 399 -1 -1 -1 84 641
G: K 400 -1 84 748 84 2092
G: P 401 -1 84 2108 -1 -1
G: D 402 -1 -1 -1 -1 -1
G: D 403 -1 -1 -1 -1 -1
G: P 404 -1 -1 -1 85 1092
G: K 405 -1 85 1462 85 1924
G: P 406 -1 85 1924 -1 -1
G: D 407 -1 -1 -1 -1 -1
G: P 408 -1 -1 -1 86 559
G: K 409 -1 86 560 86 1406
G: K 410 -1 86 1405 86 2962
G: K 411 -1 86 2977 86 3514
G: P 412 -1 86 3506 -1 -1
G: D 413 -1 -1 -1 -1 -1
G: D 414 -1 -1 -1 -1 -1
G: D 415 -1 -1 -1 -1 -1
G: P 416 -1 -1 -1 87 1323
G: K 417 1 87 1389 87 1863
G: K 418 -1 87 1859 87 2576
G: P 419 -1 87 2578 -1 -1
G: P 420 -1 -1 -1 88 311
G: K 421 -1 88 310 88 1453
G: P 422 -1 88 1573 -1 -1
G: P 423 -1 -1 -1 89 936
G: K 424 -1 89 991 89 1390
G: K 425 -1 89 1395 89 1839
G: P 426 -1 89 1876 -1 -1
G: P 427 -1 -1 -1 90 1104
G: K 428 -1 90 1075 90 3580
G: P 429 -1 90 3617 -1 -1
G: D 430 -1 -1 -1 -1 -1
G: K 431 1 91 129 91 1485
G: K 432 1 91 1507 91 1711
G: K 433 1 91 1746 91 2175
G: K 434 1 91 2285 91 2810
G: P 435 -1 91 2806 -1 -1
G: P 436 -1 -1 -1 92 1
G: P 437 -1 -1 -1 92 725
G: K 438 -1 92 784 92 2005
G: K 439 1 92 2090 92 2984
G: P 440 1 92 2967 -1 -1
G: D 441 1 -1 -1 -1 -1
G: P 442 1 -1 -1 93 129
G: K 443 1 93 148 93 1300
G: K 444 -1 93 1704 93 2532
G: P 445 -1 93 2531 -1 -1
G: D 446 -1 -1 -1 -1 -1
G: D 447 -1 -1 -1 -1 -1
G: P 448 -1 -1 -1 94 265
G: K 449 -1 94 280 94 649
G: K 450 -1 94 632 94 1340
G: K 451 -1 94 1339 94 1633
G: P 452 -1 94 2243 -1 -1
G: D 453 -1 -1 -1 -1 -1
G: K 454 -1 95 177 95 1062
G: K 455 -1 95 1061 95 2243
G: K 456 1 95 2295 95 3081
G: P 457 1 95 3065 -1 -1
G: D 458 -1 -1 -1 -1 -1
G: D 459 1 -1 -1 -1 -1
G: P 460 -1 -1 -1 96 260
G: K 461 -1 96 812 96 2939
G: K 462 -1 96 3116 96 3644
G: P 463 -1 96 3645 -1 -1
G: D 464 1 -1 -1 -1 -1
G: P 465 -1 -1 -1 97 676
G: K 466 -1 97 656 97 2135
G: K 467 -1 97 2121 97 2910
G: P 468 -1 97 2902 -1 -1
G: D 469 -1 -1 -1 -1 -1
G: D 470 -1 -1 -1 -1 -1
G: D 471 -1 -1 -1 -1 -1
G: D 472 -1 -1 -1 -1 -1
G: D 473 -1 -1 -1 -1 -1
G: K 474 -1 99 44 99 1397
G: K 475 -1 99 2039 99 2861
G: P 504 1 99 2886 -1 -1
