The input genome is 600834 bp long, 360500 will be kept.
min distance 237
----------------------------------------
fragments: id start end
F: 0 1878 5335
F: 1 7794 12176
F: 2 14677 18348
F: 3 20612 24590
F: 4 27030 31008
F: 5 33465 38021
F: 6 40118 43220
F: 7 45700 48728
F: 8 51283 54358
F: 9 56567 59660
F: 10 62329 66834
F: 11 68827 72006
F: 12 74139 77502
F: 13 79454 83062
F: 14 85766 90006
F: 15 92211 96170
F: 16 98977 103086
F: 17 104908 108253
F: 18 110734 114672
F: 19 117604 121002
F: 20 123241 126649
F: 21 128910 131755
F: 22 133500 137393
F: 23 140389 143654
F: 24 145722 148815
F: 25 150997 154333
F: 26 155946 159289
F: 27 160877 164362
F: 28 167521 171786
F: 29 174773 179036
F: 30 181752 184996
F: 31 187621 191438
F: 32 193582 197172
F: 33 199958 203019
F: 34 204869 209175
F: 35 210928 215179
F: 36 217509 221155
F: 37 223799 227845
F: 38 229861 233047
F: 39 235171 238166
F: 40 242014 245500
F: 41 247690 251442
F: 42 254287 257621
F: 43 260437 263962
F: 44 266342 270120
F: 45 272839 276159
F: 46 278448 282429
F: 47 285090 289078
F: 48 291482 294996
F: 49 297567 301137
F: 50 303764 306535
F: 51 308802 312744
F: 52 314987 319140
F: 53 321841 325374
F: 54 327664 331212
F: 55 333369 336960
F: 56 339005 344045
F: 57 345862 348806
F: 58 351233 354514
F: 59 357214 360732
F: 60 362653 365565
F: 61 368482 372487
F: 62 375214 379594
F: 63 382005 385925
F: 64 388299 392115
F: 65 394168 397910
F: 66 399765 403082
F: 67 405304 408096
F: 68 410555 413879
F: 69 416617 420594
F: 70 423812 427736
F: 71 430267 433963
F: 72 436834 439533
F: 73 442120 446043
F: 74 448749 451771
F: 75 454684 458931
F: 76 461334 465133
F: 77 466664 470627
F: 78 473128 476792
F: 79 479222 482776
F: 80 485316 489311
F: 81 492056 495830
F: 82 498619 502359
F: 83 504739 508534
F: 84 510980 514455
F: 85 517346 520382
F: 86 522450 526039
F: 87 528348 531544
F: 88 533400 537189
F: 89 539194 542344
F: 90 544577 548254
F: 91 550449 553909
F: 92 556418 559447
F: 93 561778 565039
F: 94 567614 570484
F: 95 572473 576058
F: 96 578728 582368
F: 97 584673 588552
F: 98 591410 594420
F: 99 596594 600597
----------------------------------------
genes: [Kept,Partial,Discared] locus strand fragment1 start_pos fragment2 end_pos 
G: D 0 1 -1 -1 -1 -1
G: P 1 1 -1 -1 0 906
G: K 2 1 0 990 0 3030
G: P 3 1 0 3044 -1 -1
G: P 4 1 -1 -1 1 996
G: K 5 1 1 999 1 1638
G: K 6 1 1 1610 1 2375
G: K 7 1 1 2377 1 3727
G: P 8 1 1 3726 -1 -1
G: D 9 1 -1 -1 -1 -1
G: D 10 -1 -1 -1 -1 -1
G: P 11 -1 -1 -1 2 49
G: K 12 -1 2 14 2 839
G: K 13 1 2 1177 2 3049
G: P 14 1 2 3095 -1 -1
G: P 15 1 -1 -1 3 2116
G: K 16 1 3 2157 3 3351
G: P 17 1 3 3331 -1 -1
G: D 18 1 -1 -1 -1 -1
G: D 19 1 -1 -1 -1 -1
G: P 20 1 -1 -1 4 834
G: K 21 1 4 834 4 1941
G: K 22 1 4 2143 4 3055
G: K 23 1 4 3058 4 3634
G: P 24 1 4 3599 -1 -1
G: D 25 1 -1 -1 -1 -1
G: D 26 -1 -1 -1 -1 -1
G: D 27 -1 -1 -1 -1 -1
G: P 28 -1 -1 -1 5 3873
G: P 29 1 5 4135 -1 -1
G: P 30 1 -1 -1 6 469
G: K 31 -1 6 437 6 1100
G: K 32 1 6 1128 6 2403
G: P 33 1 6 2392 -1 -1
G: D 34 1 -1 -1 -1 -1
G: P 35 -1 -1 -1 7 1431
G: K 36 -1 7 1415 7 2588
G: P 37 1 7 2746 -1 -1
G: D 38 1 -1 -1 -1 -1
G: P 39 1 -1 -1 8 1172
G: K 40 1 8 1176 8 2037
G: K 41 1 8 2017 8 2884
G: P 42 1 8 2868 -1 -1
G: P 43 1 -1 -1 9 12
G: P 44 1 -1 -1 9 1147
G: K 45 -1 9 1376 9 2777
G: P 46 1 9 2829 -1 -1
G: D 47 1 -1 -1 -1 -1
G: D 48 1 -1 -1 -1 -1
G: P 49 1 -1 -1 10 127
G: K 50 1 10 126 10 1827
G: K 51 -1 10 1803 10 2769
G: K 52 -1 10 2772 10 3162
G: K 53 -1 10 3168 10 3315
G: K 54 -1 10 3328 10 3727
G: P 55 -1 10 3710 -1 -1
G: D 56 -1 -1 -1 -1 -1
G: D 57 -1 -1 -1 -1 -1
G: P 58 -1 -1 -1 11 37
G: K 59 1 11 43 11 952
G: K 60 -1 11 930 11 2637
G: P 61 1 11 2941 -1 -1
G: P 62 1 -1 -1 12 609
G: P 63 1 12 864 -1 -1
G: P 64 1 -1 -1 13 1050
G: K 65 1 13 1053 13 3015
G: P 66 1 13 3025 -1 -1
G: D 67 1 -1 -1 -1 -1
G: K 68 1 14 3919 15 225
G: K 69 1 15 335 15 1205
G: K 70 1 15 1209 15 3888
G: P 71 1 15 3874 -1 -1
G: P 72 1 -1 -1 16 1504
G: K 73 1 16 1506 16 1920
G: P 74 1 16 1983 -1 -1
G: D 75 -1 -1 -1 -1 -1
G: P 76 1 -1 -1 17 1057
G: K 77 1 17 1049 17 2186
G: P 78 1 17 2187 -1 -1
G: P 79 1 -1 -1 18 173
G: K 80 1 18 228 18 666
G: K 81 1 18 665 18 1352
G: K 82 1 18 1351 18 1915
G: K 83 1 18 1907 18 2783
G: K 84 1 18 2783 18 3737
G: P 85 1 18 3729 -1 -1
G: D 86 1 -1 -1 -1 -1
G: D 87 1 -1 -1 -1 -1
G: P 88 1 -1 -1 19 1025
G: K 89 1 19 1076 19 1736
G: K 90 1 19 1736 19 2240
G: K 91 1 19 2229 19 2547
G: K 92 1 19 2549 19 2999
G: P 93 1 19 2982 -1 -1
G: D 94 1 -1 -1 -1 -1
G: K 95 1 20 147 20 2130
G: K 96 1 20 2186 20 2927
G: P 97 1 20 3026 -1 -1
G: P 98 1 -1 -1 21 305
G: K 99 1 21 300 21 1725
G: K 100 1 21 1699 21 2374
G: P 101 1 21 2363 -1 -1
G: D 102 1 -1 -1 -1 -1
G: D 103 1 -1 -1 -1 -1
G: P 104 1 -1 -1 22 2027
G: K 105 1 22 2034 22 2670
G: K 106 -1 22 2644 22 3232
G: K 107 1 22 3272 22 3839
G: P 108 1 22 3838 -1 -1
G: D 109 1 -1 -1 -1 -1
G: D 110 1 -1 -1 -1 -1
G: P 111 1 -1 -1 23 1058
G: K 112 1 23 1047 23 1674
G: K 113 1 23 1687 23 3067
G: P 114 1 23 3002 -1 -1
G: D 577 -1 -1 -1 -1 -1
G: D 115 1 -1 -1 -1 -1
G: D 116 1 -1 -1 -1 -1
G: P 117 1 -1 -1 24 552
G: K 118 1 24 532 24 1582
G: P 119 1 24 1596 -1 -1
G: D 845 1 -1 -1 -1 -1
G: P 120 1 -1 -1 25 302
G: K 121 1 25 304 25 1225
G: P 122 1 25 1264 -1 -1
G: D 123 1 -1 -1 -1 -1
G: P 124 1 -1 -1 26 286
G: K 125 1 26 291 26 1161
G: K 126 -1 26 1138 26 2212
G: K 127 1 26 2247 26 2700
G: P 128 1 26 2707 -1 -1
G: D 129 1 -1 -1 -1 -1
G: P 130 1 -1 -1 27 413
G: K 131 -1 27 973 27 1402
G: K 132 -1 27 1376 27 2201
G: K 133 1 27 2220 27 2526
G: K 134 -1 27 2494 27 3373
G: P 135 1 27 3421 -1 -1
G: D 136 1 -1 -1 -1 -1
G: P 137 1 -1 -1 28 1316
G: K 138 1 28 1399 28 3163
G: P 844 -1 28 3234 -1 -1
G: D 717 -1 -1 -1 -1 -1
G: P 139 1 -1 -1 30 2788
G: P 140 1 30 2792 -1 -1
G: D 141 1 -1 -1 -1 -1
G: P 142 1 -1 -1 31 676
G: K 143 1 31 659 31 1007
G: K 144 1 31 1031 31 1883
G: K 145 1 31 1882 31 2728
G: P 146 1 31 2740 -1 -1
G: D 147 1 -1 -1 -1 -1
G: P 148 1 -1 -1 32 499
G: K 149 1 32 574 32 1432
G: P 495 1 32 1470 -1 -1
G: D 150 1 -1 -1 -1 -1
G: D 151 1 -1 -1 -1 -1
G: D 152 1 -1 -1 -1 -1
G: D 153 1 -1 -1 -1 -1
G: P 154 1 -1 -1 33 310
G: K 155 1 33 309 33 1167
G: K 156 1 33 1166 33 1442
G: K 157 1 33 1444 33 1876
G: K 158 1 33 1878 33 2706
G: P 159 1 33 2711 -1 -1
G: D 160 1 -1 -1 -1 -1
G: D 161 1 -1 -1 -1 -1
G: D 162 1 -1 -1 -1 -1
G: D 163 1 -1 -1 -1 -1
G: P 164 1 -1 -1 34 334
G: K 165 1 34 336 34 522
G: K 166 1 34 515 34 953
G: K 167 1 34 959 34 1523
G: K 168 1 34 1524 34 1872
G: K 169 1 34 1876 34 2533
G: K 170 1 34 2538 34 2985
G: P 171 1 34 2984 -1 -1
G: D 172 1 -1 -1 -1 -1
G: D 173 1 -1 -1 -1 -1
G: P 174 1 -1 -1 35 15
G: K 175 1 35 25 35 139
G: K 176 1 35 138 35 519
G: K 177 1 35 518 35 887
G: K 178 1 35 902 35 1907
G: K 499 -1 35 1918 35 2608
G: K 179 1 35 2609 35 2984
G: K 180 1 35 2967 35 3813
G: P 181 1 35 3797 -1 -1
G: D 182 1 -1 -1 -1 -1
G: P 183 1 -1 -1 36 149
G: K 184 1 36 138 36 1992
G: K 185 1 36 1992 36 2958
G: P 186 1 36 3057 -1 -1
G: K 187 1 37 1408 37 2167
G: K 188 1 37 2159 37 3920
G: P 189 1 37 3922 -1 -1
G: D 190 1 -1 -1 -1 -1
G: K 191 1 38 0 38 972
G: K 192 1 38 978 39 63
G: P 193 1 39 64 -1 -1
G: P 194 1 -1 -1 40 401
G: K 195 1 40 404 40 2825
G: K 196 1 40 2883 40 3429
G: P 197 1 40 3431 -1 -1
G: D 198 1 -1 -1 -1 -1
G: P 199 1 -1 -1 41 870
G: K 200 1 41 881 41 1544
G: K 201 1 41 1553 41 1922
G: P 202 1 41 2049 -1 -1
G: D 203 1 -1 -1 -1 -1
G: P 204 -1 -1 -1 42 805
G: K 205 1 42 840 42 2697
G: K 206 1 42 2677 42 3196
G: P 207 -1 42 3188 -1 -1
G: D 208 -1 -1 -1 -1 -1
G: D 209 -1 -1 -1 -1 -1
G: D 210 1 -1 -1 -1 -1
G: P 211 1 -1 -1 43 177
G: K 212 1 43 178 43 619
G: K 213 1 43 621 43 975
G: K 214 1 43 967 43 1780
G: K 215 1 43 1772 43 3176
G: P 216 1 43 3159 -1 -1
G: D 217 1 -1 -1 -1 -1
G: P 218 1 -1 -1 44 469
G: K 846 -1 44 1387 44 1864
G: K 219 1 44 1865 44 2981
G: K 220 1 44 2998 45 2018
G: K 221 1 45 2020 45 3061
G: P 222 1 45 3023 -1 -1
G: D 223 -1 -1 -1 -1 -1
G: D 224 1 -1 -1 -1 -1
G: D 225 1 -1 -1 -1 -1
G: P 226 1 -1 -1 46 1116
G: K 227 1 46 1118 46 2258
G: K 228 1 46 2303 46 3782
G: P 229 1 46 3750 -1 -1
G: D 230 1 -1 -1 -1 -1
G: P 231 1 -1 -1 47 398
G: K 232 1 47 403 47 1426
G: K 233 1 47 1429 47 1912
G: K 843 -1 47 1928 47 3290
G: P 718 1 47 3291 -1 -1
G: P 234 1 -1 -1 48 290
G: K 235 1 48 382 48 679
G: K 236 1 48 674 48 959
G: K 237 1 48 951 48 1275
G: K 238 1 48 1267 48 2161
G: K 239 1 48 2150 48 2573
G: K 240 1 48 2565 48 3450
G: P 241 1 48 3479 -1 -1
G: P 242 1 -1 -1 49 1212
G: K 243 -1 49 1208 49 2264
G: P 244 1 49 2316 -1 -1
G: D 245 1 -1 -1 -1 -1
G: K 246 1 50 598 50 2737
G: P 247 1 50 2739 -1 -1
G: D 248 1 -1 -1 -1 -1
G: D 249 -1 -1 -1 -1 -1
G: P 250 -1 -1 -1 51 407
G: K 251 -1 51 390 51 1896
G: K 252 -1 51 1940 51 3827
G: P 253 -1 51 3816 -1 -1
G: D 254 -1 -1 -1 -1 -1
G: P 255 -1 -1 -1 52 1051
G: K 256 -1 52 1055 52 3101
G: P 257 1 52 3276 -1 -1
G: D 258 1 -1 -1 -1 -1
G: D 259 1 -1 -1 -1 -1
G: D 260 1 -1 -1 -1 -1
G: P 261 1 -1 -1 53 485
G: K 262 1 53 485 53 1859
G: P 263 1 53 1989 -1 -1
G: P 264 1 54 1392 -1 -1
G: D 265 1 -1 -1 -1 -1
G: P 266 1 -1 -1 55 114
G: K 267 1 55 229 55 1129
G: K 268 1 55 1122 55 1755
G: K 269 -1 55 1684 55 2524
G: P 270 -1 55 2542 -1 -1
G: D 271 -1 -1 -1 -1 -1
G: P 272 -1 -1 -1 56 392
G: K 273 -1 56 542 56 1577
G: K 274 -1 56 1957 56 2974
G: K 275 -1 56 2984 56 4388
G: P 276 -1 56 4391 -1 -1
G: D 277 -1 -1 -1 -1 -1
G: K 278 -1 57 2 57 1088
G: K 279 -1 57 1115 57 2546
G: P 280 -1 57 2628 -1 -1
G: P 281 -1 -1 -1 58 744
G: K 282 1 58 786 58 2994
G: P 283 -1 58 2990 -1 -1
G: D 284 -1 -1 -1 -1 -1
G: P 285 -1 -1 -1 59 262
G: K 579 1 59 406 59 685
G: K 286 -1 59 1202 59 1697
G: K 287 1 59 2028 59 3498
G: D 288 1 -1 -1 -1 -1
G: D 289 1 -1 -1 -1 -1
G: P 290 1 -1 -1 60 331
G: K 291 1 60 362 60 623
G: P 292 1 -1 -1 61 832
G: K 293 1 61 821 61 1601
G: K 294 1 61 1590 61 3246
G: K 295 -1 61 3242 61 3665
G: P 296 -1 61 3664 -1 -1
G: P 297 -1 -1 -1 62 496
G: K 298 -1 62 488 62 1937
G: K 299 -1 62 2054 62 3203
G: K 300 -1 62 3205 62 3598
G: P 301 -1 62 3717 -1 -1
G: P 302 -1 -1 -1 63 1060
G: K 303 -1 63 1262 63 2261
G: K 304 -1 63 2278 63 3541
G: P 305 -1 63 3542 -1 -1
G: D 306 -1 -1 -1 -1 -1
G: P 307 -1 -1 -1 64 328
G: K 309 -1 64 453 64 2268
G: K 310 -1 64 2355 64 3540
G: K 311 -1 64 3539 65 1222
G: K 312 -1 65 1206 65 2451
G: K 313 -1 65 2457 66 619
G: K 314 1 66 672 66 1491
G: K 315 -1 66 1497 66 2112
G: K 316 -1 66 2134 67 30
G: K 317 -1 67 92 67 962
G: K 318 -1 67 1003 67 2335
G: P 319 -1 67 2358 -1 -1
G: D 320 -1 -1 -1 -1 -1
G: P 321 -1 -1 -1 68 958
G: K 322 -1 68 972 68 1818
G: K 323 -1 68 1834 68 2368
G: P 324 -1 68 2471 -1 -1
G: P 325 -1 -1 -1 69 473
G: K 326 -1 69 1272 69 2949
G: K 327 1 69 3005 69 3704
G: D 328 -1 -1 -1 -1 -1
G: D 329 -1 -1 -1 -1 -1
G: D 330 -1 -1 -1 -1 -1
G: P 331 -1 -1 -1 70 291
G: K 332 -1 70 303 70 1122
G: K 333 -1 70 1111 70 3412
G: P 334 -1 70 3450 -1 -1
G: D 335 -1 -1 -1 -1 -1
G: D 336 -1 -1 -1 -1 -1
G: P 337 -1 -1 -1 71 410
G: K 338 -1 71 1046 71 3587
G: P 339 -1 71 3576 -1 -1
G: D 340 -1 -1 -1 -1 -1
G: D 341 1 -1 -1 -1 -1
G: P 342 1 -1 -1 72 320
G: K 498 1 72 322 72 1612
G: K 343 1 72 1613 72 2021
G: K 344 -1 72 2007 73 573
G: K 345 -1 73 750 73 1779
G: K 497 -1 73 2237 73 3014
G: P 346 -1 -1 -1 74 2300
G: K 347 -1 74 2309 75 634
G: K 348 -1 75 723 75 1227
G: K 349 -1 75 1305 75 2352
G: K 350 -1 75 2355 75 3186
G: P 351 -1 75 3196 -1 -1
G: D 352 1 -1 -1 -1 -1
G: P 353 1 -1 -1 76 416
G: K 354 -1 76 567 76 1536
G: K 355 1 76 1946 76 3173
G: P 356 1 76 3172 -1 -1
G: D 357 -1 -1 -1 -1 -1
G: P 358 1 -1 -1 77 302
G: K 359 1 77 304 77 814
G: K 360 -1 77 810 77 1146
G: K 361 1 77 1294 77 1726
G: K 362 -1 77 1728 77 3885
G: D 363 -1 -1 -1 -1 -1
G: D 364 -1 -1 -1 -1 -1
G: K 365 1 78 475 78 1105
G: K 366 1 78 1079 78 2012
G: K 367 -1 78 1998 78 3270
G: P 368 1 78 3389 -1 -1
G: D 369 1 -1 -1 -1 -1
G: D 370 1 -1 -1 -1 -1
G: D 371 -1 -1 -1 -1 -1
G: D 372 1 -1 -1 -1 -1
G: P 373 1 -1 -1 79 316
G: K 374 1 79 317 79 2357
G: K 375 -1 79 2380 79 3187
G: P 376 -1 79 3176 -1 -1
G: D 377 -1 -1 -1 -1 -1
G: P 378 -1 -1 -1 80 854
G: K 379 -1 80 840 80 1845
G: K 380 -1 80 1837 80 3028
G: K 381 -1 80 3014 80 3866
G: P 382 -1 80 3866 -1 -1
G: D 383 -1 -1 -1 -1 -1
G: D 384 -1 -1 -1 -1 -1
G: P 385 -1 -1 -1 81 584
G: K 386 -1 81 630 81 2286
G: P 387 1 81 2314 -1 -1
G: D 388 1 -1 -1 -1 -1
G: D 389 1 -1 -1 -1 -1
G: D 390 1 -1 -1 -1 -1
G: P 391 -1 -1 -1 82 695
G: K 392 -1 82 687 82 1989
G: K 393 -1 82 1988 82 2438
G: K 394 -1 82 2608 82 3325
G: K 395 -1 82 3327 83 2202
G: P 719 1 83 2487 -1 -1
G: D 396 -1 -1 -1 -1 -1
G: D 397 -1 -1 -1 -1 -1
G: D 398 -1 -1 -1 -1 -1
G: P 399 -1 -1 -1 84 1497
G: K 578 -1 84 1603 84 1852
G: K 400 -1 84 1853 84 3182
G: P 401 -1 84 3198 -1 -1
G: D 402 -1 -1 -1 -1 -1
G: P 403 -1 -1 -1 85 206
G: K 404 -1 85 215 85 1787
G: K 405 -1 85 2157 85 2622
G: P 406 -1 85 2622 -1 -1
G: D 407 -1 -1 -1 -1 -1
G: P 408 -1 -1 -1 86 1072
G: K 409 -1 86 1073 86 1931
G: K 410 -1 86 1930 86 3508
G: P 411 -1 86 3523 -1 -1
G: D 412 -1 -1 -1 -1 -1
G: D 413 -1 -1 -1 -1 -1
G: P 414 -1 -1 -1 87 36
G: P 415 -1 -1 -1 87 463
G: K 416 -1 87 468 87 1875
G: K 417 1 87 1941 87 2415
G: K 418 -1 87 2411 87 3083
G: P 419 -1 87 3085 -1 -1
G: P 420 -1 -1 -1 88 1017
G: K 421 -1 88 1016 88 2192
G: P 422 -1 88 2312 -1 -1
G: P 423 -1 -1 -1 89 1802
G: K 424 -1 89 1857 89 2256
G: K 425 -1 89 2261 89 2699
G: P 426 -1 89 2736 -1 -1
G: D 496 -1 -1 -1 -1 -1
G: P 427 -1 -1 -1 90 2329
G: P 428 -1 90 2300 -1 -1
G: P 429 -1 -1 -1 91 728
G: K 430 -1 91 730 91 1000
G: K 431 1 91 1188 91 2556
G: K 432 1 91 2578 91 2779
G: K 433 1 91 2814 91 3252
G: P 434 1 91 3362 -1 -1
G: D 435 -1 -1 -1 -1 -1
G: P 436 -1 -1 -1 92 1259
G: K 437 -1 92 1251 92 1989
G: P 438 -1 92 2048 -1 -1
G: D 439 1 -1 -1 -1 -1
G: D 440 1 -1 -1 -1 -1
G: P 441 1 -1 -1 93 184
G: K 442 1 93 184 93 1387
G: K 443 1 93 1406 93 2558
G: P 444 -1 93 2962 -1 -1
G: D 445 -1 -1 -1 -1 -1
G: D 446 -1 -1 -1 -1 -1
G: P 447 -1 -1 -1 94 350
G: K 448 -1 94 321 94 1548
G: K 449 -1 94 1563 94 1923
G: K 450 -1 94 1906 94 2620
G: P 451 -1 94 2619 -1 -1
G: P 452 -1 -1 -1 95 341
G: K 453 -1 95 341 95 812
G: K 454 -1 95 1470 95 2358
G: K 455 -1 95 2357 95 3548
G: D 456 1 -1 -1 -1 -1
G: D 457 1 -1 -1 -1 -1
G: D 458 -1 -1 -1 -1 -1
G: P 459 1 -1 -1 96 658
G: K 460 -1 96 647 96 1670
G: P 461 -1 96 2222 -1 -1
G: D 462 -1 -1 -1 -1 -1
G: D 463 -1 -1 -1 -1 -1
G: P 464 1 -1 -1 97 848
G: K 465 -1 97 844 97 2140
G: K 466 -1 97 2120 97 3575
G: P 467 -1 97 3561 -1 -1
G: D 468 -1 -1 -1 -1 -1
G: D 469 -1 -1 -1 -1 -1
G: D 470 -1 -1 -1 -1 -1
G: P 471 -1 -1 -1 98 242
G: K 472 -1 98 245 99 437
G: K 473 -1 99 442 99 1324
G: K 474 -1 99 1386 99 2718
G: P 475 -1 99 3360 -1 -1
