The input genome is 601979 bp long, 361187 will be kept.
min distance 238
----------------------------------------
fragments: id start end
F: 0 1946 5403
F: 1 7887 12269
F: 2 14735 18406
F: 3 20620 24598
F: 4 26941 30919
F: 5 33313 37869
F: 6 40049 43196
F: 7 45590 48618
F: 8 51311 54393
F: 9 56688 59781
F: 10 62357 66931
F: 11 68935 72114
F: 12 74302 77751
F: 13 79728 83336
F: 14 85949 90189
F: 15 92373 96332
F: 16 99292 103401
F: 17 105147 108492
F: 18 110972 114910
F: 19 117760 121158
F: 20 123339 126808
F: 21 129164 132009
F: 22 133839 137732
F: 23 140601 143866
F: 24 145923 149016
F: 25 151328 154664
F: 26 156262 159605
F: 27 161194 164679
F: 28 167882 172147
F: 29 175058 179321
F: 30 181987 185231
F: 31 187712 191529
F: 32 193767 197357
F: 33 200066 203127
F: 34 205050 209356
F: 35 211255 215506
F: 36 217869 221515
F: 37 224147 228284
F: 38 230280 233497
F: 39 235622 238617
F: 40 242312 245798
F: 41 247989 251741
F: 42 254587 257921
F: 43 260706 264231
F: 44 266637 270415
F: 45 273299 276619
F: 46 278920 282901
F: 47 285519 289507
F: 48 292048 295562
F: 49 298215 301785
F: 50 304508 307341
F: 51 309890 313832
F: 52 316209 320362
F: 53 323064 326597
F: 54 328909 332457
F: 55 334619 338210
F: 56 340301 345343
F: 57 347184 350128
F: 58 352506 355787
F: 59 358494 362012
F: 60 363900 366897
F: 61 369798 373803
F: 62 376593 380973
F: 63 383433 387353
F: 64 389811 393627
F: 65 395714 399456
F: 66 401290 404607
F: 67 406830 409622
F: 68 411932 415256
F: 69 418056 422033
F: 70 425273 429197
F: 71 431680 435376
F: 72 438117 440816
F: 73 443404 447327
F: 74 450037 453059
F: 75 456037 460284
F: 76 462688 466487
F: 77 468034 471997
F: 78 474487 478151
F: 79 480402 483956
F: 80 486385 490404
F: 81 493089 496863
F: 82 499732 503472
F: 83 505841 509636
F: 84 512083 515558
F: 85 518123 521159
F: 86 523065 526654
F: 87 528933 532130
F: 88 534069 537933
F: 89 539989 543139
F: 90 545433 549110
F: 91 551227 554687
F: 92 557232 560261
F: 93 562585 565846
F: 94 568278 571178
F: 95 573231 576834
F: 96 579825 583465
F: 97 585791 589670
F: 98 592503 595513
F: 99 597738 601741
----------------------------------------
genes: [Kept,Partial,Discared] locus strand fragment1 start_pos fragment2 end_pos 
G: D 0 1 -1 -1 -1 -1
G: P 1 1 -1 -1 0 841
G: K 2 1 0 925 0 2920
G: P 3 1 0 2934 -1 -1
G: P 4 1 -1 -1 1 735
G: K 5 1 1 738 1 1374
G: K 6 1 1 1346 1 2132
G: K 7 1 1 2134 1 3511
G: K 8 1 1 3510 1 4314
G: P 9 1 1 4342 -1 -1
G: D 10 -1 -1 -1 -1 -1
G: D 11 -1 -1 -1 -1 -1
G: P 12 -1 -1 -1 2 679
G: K 13 1 2 1017 2 2952
G: P 14 1 2 2998 -1 -1
G: P 15 1 -1 -1 3 2018
G: K 16 1 3 2059 3 3271
G: P 17 1 3 3251 -1 -1
G: D 18 1 -1 -1 -1 -1
G: P 19 1 -1 -1 4 3
G: K 20 1 4 8 4 881
G: K 21 1 4 881 4 1991
G: K 22 1 4 2193 4 3090
G: K 23 1 4 3093 4 3657
G: P 24 1 4 3634 -1 -1
G: D 25 1 -1 -1 -1 -1
G: D 26 -1 -1 -1 -1 -1
G: D 27 -1 -1 -1 -1 -1
G: P 28 -1 -1 -1 5 4022
G: P 29 1 5 4284 -1 -1
G: P 30 1 -1 -1 6 547
G: K 31 -1 6 509 6 1169
G: K 32 1 6 1197 6 2463
G: P 33 1 6 2452 -1 -1
G: D 34 1 -1 -1 -1 -1
G: P 35 -1 -1 -1 7 1436
G: K 36 -1 7 1426 7 2587
G: P 37 1 7 2745 -1 -1
G: D 38 1 -1 -1 -1 -1
G: P 39 1 -1 -1 8 985
G: K 40 1 8 989 8 1850
G: K 41 1 8 1827 8 2721
G: P 42 1 8 2696 -1 -1
G: D 43 1 -1 -1 -1 -1
G: P 44 1 -1 -1 9 900
G: K 45 -1 9 1129 9 2479
G: P 46 1 9 2531 -1 -1
G: D 47 1 -1 -1 -1 -1
G: D 48 1 -1 -1 -1 -1
G: D 49 1 -1 -1 -1 -1
G: P 50 1 -1 -1 10 1664
G: K 51 -1 10 1640 10 2579
G: K 52 -1 10 2582 10 2963
G: K 53 -1 10 2969 10 3113
G: K 54 -1 10 3126 10 3510
G: K 55 -1 10 3493 10 4354
G: P 56 -1 10 4338 -1 -1
G: D 57 -1 -1 -1 -1 -1
G: D 58 -1 -1 -1 -1 -1
G: P 59 1 -1 -1 11 634
G: K 60 -1 11 612 11 2364
G: P 61 1 11 2668 -1 -1
G: P 62 1 -1 -1 12 281
G: K 813 1 12 535 12 1585
G: K 63 1 12 1586 13 201
G: K 64 1 13 200 13 1616
G: K 65 1 13 1619 13 3578
G: P 66 1 13 3588 -1 -1
G: P 67 1 -1 -1 14 438
G: K 695 -1 14 2390 14 2690
G: P 68 1 -1 -1 15 1290
G: K 69 1 15 1400 15 2279
G: P 70 1 15 2283 -1 -1
G: P 71 1 -1 -1 16 402
G: K 72 1 16 379 16 2380
G: K 73 1 16 2382 16 2811
G: K 74 1 16 2874 17 94
G: K 75 -1 17 90 17 498
G: K 76 1 17 731 17 1982
G: K 77 1 17 1974 17 3108
G: P 78 1 17 3106 -1 -1
G: P 79 1 -1 -1 18 1096
G: K 80 1 18 1151 18 1586
G: K 82 1 18 1586 18 2156
G: K 83 1 18 2148 18 3054
G: P 84 1 18 3054 -1 -1
G: D 85 1 -1 -1 -1 -1
G: D 86 1 -1 -1 -1 -1
G: D 87 1 -1 -1 -1 -1
G: P 88 1 -1 -1 19 1405
G: K 89 1 19 1456 19 2098
G: K 90 1 19 2098 19 2590
G: K 91 1 19 2573 19 2900
G: K 92 1 19 2902 19 3367
G: P 93 1 19 3350 -1 -1
G: P 94 1 -1 -1 20 420
G: K 95 1 20 603 20 2610
G: K 96 1 20 2666 20 3425
G: D 97 1 -1 -1 -1 -1
G: P 98 1 -1 -1 21 596
G: K 99 1 21 588 21 2037
G: K 100 1 21 2011 21 2680
G: P 101 1 21 2672 -1 -1
G: D 102 1 -1 -1 -1 -1
G: P 103 1 -1 -1 22 65
G: K 104 1 22 67 22 2275
G: K 105 1 22 2282 22 2924
G: K 106 -1 22 2892 22 3492
G: P 107 1 22 3532 -1 -1
G: D 108 1 -1 -1 -1 -1
G: D 109 1 -1 -1 -1 -1
G: P 110 1 -1 -1 23 198
G: K 111 1 23 212 23 1520
G: K 112 1 23 1509 23 2136
G: P 113 1 23 2149 -1 -1
G: D 114 1 -1 -1 -1 -1
G: D 115 1 -1 -1 -1 -1
G: P 116 1 -1 -1 24 148
G: K 117 1 24 137 24 797
G: K 118 1 24 780 24 1809
G: P 119 1 24 1823 -1 -1
G: D 120 1 -1 -1 -1 -1
G: P 121 1 -1 -1 25 689
G: K 122 1 25 728 25 2888
G: P 123 1 25 2865 -1 -1
G: D 124 1 -1 -1 -1 -1
G: P 125 1 -1 -1 26 592
G: K 126 -1 26 572 26 1604
G: K 127 1 26 1639 26 2077
G: K 128 1 26 2084 26 2867
G: K 129 1 26 2866 26 3229
G: P 130 1 26 3218 -1 -1
G: K 131 -1 27 316 27 754
G: K 132 -1 27 728 27 1544
G: K 133 1 27 1563 27 1860
G: K 134 -1 27 1831 27 2686
G: P 487 -1 27 2733 -1 -1
G: D 135 1 -1 -1 -1 -1
G: P 136 1 -1 -1 28 13
G: K 137 1 28 12 28 1836
G: K 138 1 28 1919 28 3650
G: P 139 1 -1 -1 30 1556
G: K 140 1 30 1560 30 3174
G: P 141 1 30 3173 -1 -1
G: D 142 1 -1 -1 -1 -1
G: D 143 1 -1 -1 -1 -1
G: P 144 1 -1 -1 31 807
G: K 145 1 31 806 31 1616
G: K 146 1 31 1628 31 2945
G: P 147 1 31 2928 -1 -1
G: D 148 1 -1 -1 -1 -1
G: P 149 1 -1 -1 32 211
G: K 150 1 32 250 32 721
G: K 151 1 32 810 32 1131
G: K 152 1 32 1134 32 1920
G: K 153 1 32 1919 32 2555
G: K 154 1 32 2558 32 2882
G: P 155 1 32 2881 -1 -1
G: D 156 1 -1 -1 -1 -1
G: D 157 1 -1 -1 -1 -1
G: D 158 1 -1 -1 -1 -1
G: D 159 1 -1 -1 -1 -1
G: P 160 1 -1 -1 33 24
G: K 161 1 33 23 33 281
G: K 162 1 33 284 33 653
G: K 163 1 33 652 33 985
G: K 164 1 33 990 33 1548
G: K 165 1 33 1550 33 1745
G: K 166 1 33 1735 33 2179
G: K 167 1 33 2185 33 2755
G: P 168 1 33 2756 -1 -1
G: D 169 1 -1 -1 -1 -1
G: D 170 1 -1 -1 -1 -1
G: P 171 1 -1 -1 34 690
G: K 172 1 34 683 34 1322
G: K 173 1 34 1324 34 2059
G: K 174 1 34 2058 34 2268
G: K 175 1 34 2278 34 2392
G: K 176 1 34 2391 34 2772
G: K 177 1 34 2771 34 3140
G: K 178 1 34 3155 34 4154
G: P 179 1 34 4166 -1 -1
G: D 180 1 -1 -1 -1 -1
G: P 181 1 -1 -1 35 73
G: K 182 1 35 65 35 1358
G: K 183 1 35 1350 35 2085
G: K 184 1 35 2074 35 3913
G: P 185 1 35 3913 -1 -1
G: P 186 1 -1 -1 36 503
G: P 187 1 36 2969 -1 -1
G: D 188 1 -1 -1 -1 -1
G: P 189 1 -1 -1 37 228
G: K 190 1 37 202 37 1192
G: K 191 1 37 1360 37 2326
G: K 192 1 37 2332 38 603
G: P 193 1 38 604 -1 -1
G: K 194 1 39 1398 39 2439
G: P 195 1 39 2442 -1 -1
G: D 196 1 -1 -1 -1 -1
G: D 197 1 -1 -1 -1 -1
G: D 198 1 -1 -1 -1 -1
G: K 199 1 40 127 40 1939
G: K 200 1 40 1950 40 2616
G: K 201 1 40 2625 40 3012
G: P 484 1 40 3138 -1 -1
G: P 202 1 -1 -1 41 219
G: K 203 1 41 218 41 2576
G: K 204 -1 41 2572 41 3625
G: P 205 1 41 3660 -1 -1
G: D 206 1 -1 -1 -1 -1
G: D 207 -1 -1 -1 -1 -1
G: P 208 -1 -1 -1 42 869
G: K 209 -1 42 868 42 1420
G: K 210 1 42 1620 42 2280
G: K 211 1 42 2279 42 2477
G: K 558 -1 42 2477 42 3134
G: P 212 1 42 3135 -1 -1
G: D 213 1 -1 -1 -1 -1
G: D 214 1 -1 -1 -1 -1
G: P 215 1 -1 -1 43 68
G: K 216 1 43 51 43 684
G: K 217 1 43 702 43 1701
G: K 561 -1 43 1702 43 1984
G: P 218 1 43 1985 -1 -1
G: D 219 1 -1 -1 -1 -1
G: D 220 1 -1 -1 -1 -1
G: D 221 1 -1 -1 -1 -1
G: D 222 1 -1 -1 -1 -1
G: K 223 -1 45 10 45 289
G: K 224 1 45 598 45 1027
G: K 225 1 45 1016 45 1988
G: K 226 1 45 1989 45 3255
G: P 227 1 45 3257 -1 -1
G: P 228 1 -1 -1 46 270
G: K 229 1 46 235 46 1759
G: K 230 1 46 2230 46 3094
G: K 231 1 46 3093 46 3570
G: P 232 1 46 3575 -1 -1
G: D 233 1 -1 -1 -1 -1
G: P 234 1 -1 -1 47 729
G: K 235 1 47 821 47 1124
G: K 236 1 47 1116 47 1431
G: K 237 1 47 1423 47 1744
G: K 238 1 47 1733 47 2621
G: K 239 1 47 2610 47 3039
G: K 240 1 47 3031 47 3928
G: P 241 1 47 3957 -1 -1
G: P 242 1 -1 -1 48 1291
G: K 243 -1 48 1287 48 2340
G: P 244 1 48 2392 -1 -1
G: P 245 1 -1 -1 49 22
G: K 246 1 49 710 49 2864
G: K 247 1 49 2866 49 3382
G: P 248 1 49 3377 -1 -1
G: D 249 -1 -1 -1 -1 -1
G: D 250 -1 -1 -1 -1 -1
G: P 251 -1 -1 -1 50 798
G: K 252 -1 50 842 50 2660
G: P 253 -1 50 2649 -1 -1
G: D 254 -1 -1 -1 -1 -1
G: P 255 -1 -1 -1 51 690
G: K 256 -1 51 694 51 2716
G: P 257 1 51 2891 -1 -1
G: D 258 1 -1 -1 -1 -1
G: D 259 1 -1 -1 -1 -1
G: D 260 1 -1 -1 -1 -1
G: P 262 1 -1 -1 52 939
G: K 263 1 52 1069 52 3421
G: P 698 -1 -1 -1 53 243
G: K 264 1 53 244 53 2908
G: P 265 1 53 2914 -1 -1
G: D 266 1 -1 -1 -1 -1
G: D 488 -1 -1 -1 -1 -1
G: P 267 1 -1 -1 54 471
G: K 268 1 54 464 54 1076
G: K 269 -1 54 1008 54 1869
G: P 270 -1 54 1887 -1 -1
G: D 271 -1 -1 -1 -1 -1
G: D 272 -1 -1 -1 -1 -1
G: P 273 -1 -1 -1 55 887
G: K 274 -1 55 1267 55 2320
G: P 275 -1 55 2330 -1 -1
G: D 276 -1 -1 -1 -1 -1
G: P 277 -1 -1 -1 56 458
G: K 278 -1 56 475 56 1606
G: K 279 -1 56 1633 56 3103
G: K 280 -1 56 3185 56 3734
G: P 281 -1 56 3747 -1 -1
G: P 282 1 -1 -1 57 2081
G: K 283 -1 57 2077 57 2752
G: P 284 -1 57 2744 -1 -1
G: D 285 -1 -1 -1 -1 -1
G: K 286 -1 58 651 58 1146
G: K 287 1 58 1477 58 2974
G: P 288 1 58 3194 -1 -1
G: D 289 1 -1 -1 -1 -1
G: D 290 1 -1 -1 -1 -1
G: D 291 1 -1 -1 -1 -1
G: P 292 1 -1 -1 60 125
G: K 293 1 60 114 60 846
G: K 294 1 60 829 60 2509
G: K 295 -1 60 2505 60 2937
G: P 296 -1 60 2936 -1 -1
G: P 297 -1 -1 -1 61 590
G: K 298 -1 61 582 61 2022
G: K 299 -1 61 2139 61 3255
G: K 300 -1 61 3257 61 3650
G: P 301 -1 61 3769 -1 -1
G: P 302 -1 -1 -1 62 1084
G: K 303 -1 62 1286 62 2285
G: K 304 -1 62 2302 62 3538
G: P 305 -1 62 3539 -1 -1
G: D 306 -1 -1 -1 -1 -1
G: D 307 -1 -1 -1 -1 -1
G: P 308 -1 -1 -1 63 585
G: K 815 -1 63 709 63 1507
G: K 309 -1 63 1508 63 3302
G: P 310 -1 63 3389 -1 -1
G: P 311 -1 -1 -1 64 1816
G: K 312 -1 64 1797 64 3042
G: K 313 -1 64 3048 65 823
G: K 314 1 65 876 65 1683
G: K 315 -1 65 1689 65 2307
G: K 694 -1 65 2328 65 3279
G: K 316 -1 65 3280 66 1157
G: K 317 -1 66 1216 66 2098
G: P 318 -1 66 2142 -1 -1
G: D 812 1 -1 -1 -1 -1
G: D 319 -1 -1 -1 -1 -1
G: P 320 -1 -1 -1 67 46
G: K 321 -1 67 86 67 1937
G: P 322 -1 67 1951 -1 -1
G: D 323 -1 -1 -1 -1 -1
G: D 324 -1 -1 -1 -1 -1
G: P 325 -1 -1 -1 68 2430
G: P 326 -1 68 3229 -1 -1
G: D 327 1 -1 -1 -1 -1
G: K 328 -1 69 423 69 1233
G: K 329 -1 69 1180 69 2260
G: K 330 -1 69 2259 69 2418
G: K 331 -1 69 2434 69 3322
G: P 332 -1 69 3334 -1 -1
G: D 333 -1 -1 -1 -1 -1
G: P 334 -1 -1 -1 70 641
G: K 335 -1 70 644 70 1346
G: K 336 -1 70 1354 70 1987
G: K 337 -1 70 1974 70 2691
G: P 338 -1 70 3330 -1 -1
G: P 339 -1 -1 -1 71 26
G: K 340 -1 71 33 71 264
G: K 341 1 71 322 71 1366
G: K 342 1 71 1474 71 2734
G: K 343 1 71 2737 71 3163
G: K 344 -1 71 3146 72 594
G: K 345 -1 72 771 72 1812
G: K 811 1 72 1932 72 2448
G: P 346 -1 -1 -1 73 3486
G: K 347 -1 73 3495 74 1053
G: K 348 -1 74 1142 74 1652
G: K 349 -1 74 1730 74 2786
G: P 350 -1 74 2789 -1 -1
G: P 351 -1 -1 -1 75 357
G: K 352 1 75 400 75 934
G: K 353 1 75 924 75 1545
G: K 354 -1 75 1696 75 2677
G: P 355 1 75 3087 -1 -1
G: D 356 1 -1 -1 -1 -1
G: D 560 -1 -1 -1 -1 -1
G: P 357 -1 -1 -1 76 594
G: K 358 1 76 641 76 1202
G: K 359 1 76 1204 76 1711
G: K 360 -1 76 1707 76 2040
G: K 361 1 76 2188 76 2611
G: P 362 -1 76 2613 -1 -1
G: P 363 -1 -1 -1 77 483
G: K 364 -1 77 495 77 1692
G: K 365 1 77 2499 77 3132
G: P 366 1 77 3103 -1 -1
G: D 367 -1 -1 -1 -1 -1
G: D 368 1 -1 -1 -1 -1
G: D 369 1 -1 -1 -1 -1
G: D 370 1 -1 -1 -1 -1
G: P 371 -1 -1 -1 78 273
G: K 372 1 78 336 78 1032
G: K 373 1 78 1024 78 1954
G: P 374 1 78 1955 -1 -1
G: D 696 1 -1 -1 -1 -1
G: D 375 -1 -1 -1 -1 -1
G: P 376 -1 -1 -1 79 852
G: K 377 -1 79 851 79 2549
G: K 814 1 79 2616 79 2754
G: P 378 -1 79 2755 -1 -1
G: D 379 -1 -1 -1 -1 -1
G: D 380 -1 -1 -1 -1 -1
G: P 381 -1 -1 -1 80 717
G: K 382 -1 80 717 80 1578
G: K 383 -1 80 1570 80 3268
G: K 384 -1 80 3267 80 3582
G: P 385 -1 80 3587 -1 -1
G: D 386 -1 -1 -1 -1 -1
G: P 387 1 -1 -1 81 1049
G: K 388 1 81 1041 81 1638
G: K 389 1 81 1633 81 2299
G: K 390 1 81 2763 81 3414
G: P 391 -1 81 3410 -1 -1
G: D 392 -1 -1 -1 -1 -1
G: D 393 -1 -1 -1 -1 -1
G: P 394 -1 -1 -1 82 192
G: P 395 -1 82 194 -1 -1
G: P 396 -1 -1 -1 83 98
G: K 397 -1 83 82 83 553
G: K 398 -1 83 536 83 920
G: K 399 -1 83 923 83 2930
G: P 400 -1 83 3037 -1 -1
G: D 401 -1 -1 -1 -1 -1
G: P 402 -1 -1 -1 84 153
G: K 403 -1 84 278 84 1517
G: K 404 -1 84 1526 84 3125
G: D 486 1 -1 -1 -1 -1
G: D 405 -1 -1 -1 -1 -1
G: P 406 -1 -1 -1 85 998
G: K 407 -1 85 999 85 1398
G: K 408 -1 85 1402 85 2845
G: P 409 -1 85 2846 -1 -1
G: P 410 -1 -1 -1 86 318
G: K 411 -1 86 333 86 873
G: K 412 -1 86 868 86 1495
G: K 413 -1 86 1497 86 1812
G: K 414 -1 86 1814 86 2699
G: K 415 -1 86 2661 86 3147
G: P 416 -1 86 3152 -1 -1
G: D 417 1 -1 -1 -1 -1
G: D 418 -1 -1 -1 -1 -1
G: P 419 -1 -1 -1 87 915
G: K 420 -1 87 899 87 2921
G: P 421 -1 87 2920 -1 -1
G: P 422 -1 -1 -1 88 2182
G: P 423 -1 88 2246 -1 -1
G: D 424 -1 -1 -1 -1 -1
G: D 425 -1 -1 -1 -1 -1
G: P 426 -1 -1 -1 89 1082
G: K 697 -1 89 1086 89 1560
G: P 427 -1 89 1561 -1 -1
G: P 428 -1 -1 -1 90 1578
G: K 429 -1 90 1615 90 3331
G: K 430 -1 90 3333 90 3594
G: D 431 1 -1 -1 -1 -1
G: D 432 1 -1 -1 -1 -1
G: P 433 1 -1 -1 91 55
G: K 434 1 91 165 91 681
G: K 435 -1 91 677 91 2423
G: P 436 -1 91 2426 -1 -1
G: D 437 -1 -1 -1 -1 -1
G: D 438 -1 -1 -1 -1 -1
G: K 439 1 92 67 92 985
G: K 440 1 92 965 92 1712
G: K 441 1 92 1711 92 2272
G: P 442 1 92 2272 -1 -1
G: D 443 1 -1 -1 -1 -1
G: P 444 -1 -1 -1 93 555
G: K 445 -1 93 554 93 1361
G: K 446 -1 93 1503 93 1935
G: K 447 -1 93 2105 93 2930
G: P 448 -1 93 2898 -1 -1
G: D 449 -1 -1 -1 -1 -1
G: D 450 -1 -1 -1 -1 -1
G: D 451 -1 -1 -1 -1 -1
G: K 452 -1 94 374 94 2039
G: K 453 -1 94 2039 94 2504
G: D 454 -1 -1 -1 -1 -1
G: P 455 -1 -1 -1 95 296
G: K 557 1 95 347 95 1367
G: K 456 1 95 1368 95 2160
G: K 457 1 95 2144 95 3035
G: K 458 -1 95 3024 95 3507
G: P 459 1 95 3490 -1 -1
G: D 460 -1 -1 -1 -1 -1
G: P 461 -1 -1 -1 96 1775
G: K 462 -1 96 1952 96 2480
G: K 463 -1 96 2481 96 2988
G: P 464 1 96 3160 -1 -1
G: D 465 -1 -1 -1 -1 -1
G: P 466 -1 -1 -1 97 938
G: K 467 -1 97 924 97 1716
G: K 468 -1 97 1708 97 2905
G: K 469 -1 97 2876 97 3266
G: K 470 -1 97 3234 97 3381
G: P 485 -1 97 3405 -1 -1
G: D 471 -1 -1 -1 -1 -1
G: P 559 -1 -1 -1 98 188
G: K 472 -1 98 189 99 477
G: K 473 -1 99 482 99 1355
G: K 474 -1 99 1417 99 2740
G: P 475 -1 99 3382 -1 -1
