The input genome is 591767 bp long, 355060 will be kept.
min distance 234
----------------------------------------
fragments: id start end
F: 0 1970 5407
F: 1 7848 12230
F: 2 14821 18405
F: 3 20400 24331
F: 4 26425 30403
F: 5 32845 37401
F: 6 39478 42568
F: 7 44874 47813
F: 8 50459 53534
F: 9 55712 58805
F: 10 61425 65877
F: 11 67794 70891
F: 12 73145 76508
F: 13 78397 81924
F: 14 84591 88677
F: 15 90724 94683
F: 16 97595 101702
F: 17 103372 106717
F: 18 109193 113131
F: 19 116064 119462
F: 20 121792 125200
F: 21 127403 130238
F: 22 132080 135904
F: 23 138691 141899
F: 24 143895 146912
F: 25 149391 152727
F: 26 154287 157433
F: 27 158933 162418
F: 28 165286 169551
F: 29 172303 176491
F: 30 179056 182275
F: 31 184679 188397
F: 32 190496 194086
F: 33 196759 199766
F: 34 201774 206080
F: 35 207697 211844
F: 36 214183 217829
F: 37 220585 224600
F: 38 226673 229822
F: 39 231906 234856
F: 40 238500 241895
F: 41 244035 247693
F: 42 250517 253851
F: 43 256632 260130
F: 44 262442 266076
F: 45 268965 272309
F: 46 274623 278422
F: 47 280974 284635
F: 48 287172 290591
F: 49 293247 296695
F: 50 299469 302187
F: 51 304877 308730
F: 52 310982 315135
F: 53 317727 321170
F: 54 323477 327025
F: 55 329113 332704
F: 56 334743 339704
F: 57 341677 344601
F: 58 347053 350274
F: 59 353031 356511
F: 60 358436 361348
F: 61 364239 368244
F: 62 371015 375310
F: 63 377690 381519
F: 64 383885 387657
F: 65 389740 393368
F: 66 395096 398411
F: 67 400565 403290
F: 68 405570 408892
F: 69 411851 415753
F: 70 418757 422593
F: 71 424942 428557
F: 72 430995 433694
F: 73 436220 440070
F: 74 442902 445924
F: 75 448669 452858
F: 76 455322 459025
F: 77 460526 464185
F: 78 466765 470329
F: 79 472447 476001
F: 80 478376 482344
F: 81 485058 488808
F: 82 491742 495366
F: 83 497519 501238
F: 84 503604 507003
F: 85 509382 512418
F: 86 514323 517838
F: 87 520118 523270
F: 88 525259 529043
F: 89 531434 534577
F: 90 536845 540422
F: 91 542466 545926
F: 92 548364 551393
F: 93 553625 556840
F: 94 559219 562030
F: 95 564056 567422
F: 96 570255 573836
F: 97 575982 579696
F: 98 582448 585458
F: 99 587600 591533
----------------------------------------
genes: [Kept,Partial,Discared] locus strand fragment1 start_pos fragment2 end_pos 
G: D 0 1 -1 -1 -1 -1
G: P 1 1 -1 -1 0 811
G: K 2 1 0 895 0 2848
G: P 3 1 0 2862 -1 -1
G: P 4 1 -1 -1 1 720
G: K 5 1 1 723 1 1362
G: K 6 1 1 1334 1 2099
G: K 7 1 1 2101 1 3430
G: K 8 1 1 3429 1 4218
G: P 9 1 1 4246 -1 -1
G: D 10 -1 -1 -1 -1 -1
G: D 11 -1 -1 -1 -1 -1
G: P 12 -1 -1 -1 2 464
G: K 13 1 2 802 2 2674
G: P 14 1 2 2720 -1 -1
G: P 15 1 -1 -1 3 2130
G: K 16 1 3 2171 3 3341
G: P 17 1 3 3324 -1 -1
G: D 18 1 -1 -1 -1 -1
G: P 19 1 -1 -1 4 243
G: K 20 1 4 248 4 1124
G: K 21 1 4 1124 4 2219
G: K 22 1 4 2421 4 3318
G: K 23 1 4 3321 4 3894
G: P 24 1 4 3862 -1 -1
G: D 25 1 -1 -1 -1 -1
G: D 26 -1 -1 -1 -1 -1
G: D 27 -1 -1 -1 -1 -1
G: P 28 -1 -1 -1 5 4082
G: P 29 1 5 4344 -1 -1
G: P 30 1 -1 -1 6 635
G: K 31 -1 6 603 6 1248
G: K 32 1 6 1276 6 2521
G: P 33 1 6 2510 -1 -1
G: P 34 1 -1 -1 7 131
G: K 35 -1 7 127 7 1672
G: K 36 -1 7 1662 7 2814
G: D 37 1 -1 -1 -1 -1
G: D 38 1 -1 -1 -1 -1
G: P 39 1 -1 -1 8 1327
G: K 637 1 8 1330 8 2071
G: K 40 1 8 2072 8 2933
G: P 41 1 8 2919 -1 -1
G: D 42 1 -1 -1 -1 -1
G: P 43 1 -1 -1 9 966
G: K 44 1 9 949 9 2101
G: P 45 -1 9 2330 -1 -1
G: D 46 1 -1 -1 -1 -1
G: D 47 1 -1 -1 -1 -1
G: P 48 1 -1 -1 10 660
G: K 49 1 10 668 10 1061
G: K 50 1 10 1060 10 2740
G: K 51 -1 10 2713 10 3661
G: K 52 -1 10 3664 10 4042
G: K 53 -1 10 4048 10 4195
G: P 54 -1 10 4208 -1 -1
G: D 55 -1 -1 -1 -1 -1
G: D 56 -1 -1 -1 -1 -1
G: P 57 -1 -1 -1 11 571
G: K 58 -1 11 551 11 989
G: K 59 1 11 995 11 1901
G: P 60 -1 11 1876 -1 -1
G: P 61 1 -1 -1 12 603
G: K 62 1 12 553 12 1474
G: K 63 1 12 1729 13 524
G: K 64 1 13 523 13 1957
G: P 65 1 13 1960 -1 -1
G: D 66 1 -1 -1 -1 -1
G: P 67 1 -1 -1 14 767
G: P 68 1 -1 -1 15 1577
G: K 69 1 15 1687 15 2548
G: P 70 1 15 2552 -1 -1
G: P 71 1 -1 -1 16 743
G: K 72 1 16 720 16 2718
G: K 73 1 16 2720 16 3143
G: K 74 1 16 3206 17 504
G: K 75 -1 17 500 17 917
G: K 76 1 17 1150 17 2371
G: P 77 1 17 2363 -1 -1
G: D 78 1 -1 -1 -1 -1
G: P 79 1 -1 -1 18 1429
G: K 80 1 18 1484 18 1904
G: K 81 1 18 1903 18 2584
G: K 82 1 18 2583 18 3150
G: P 83 1 18 3142 -1 -1
G: D 84 1 -1 -1 -1 -1
G: D 85 1 -1 -1 -1 -1
G: D 86 1 -1 -1 -1 -1
G: P 88 1 -1 -1 19 1815
G: K 89 1 19 1863 19 2493
G: K 90 1 19 2493 19 2973
G: K 91 1 19 2962 19 3283
G: P 92 1 19 3285 -1 -1
G: D 93 1 -1 -1 -1 -1
G: P 94 1 -1 -1 20 627
G: K 95 1 20 810 20 2763
G: P 96 1 20 2819 -1 -1
G: D 97 1 -1 -1 -1 -1
G: P 98 1 -1 -1 21 939
G: K 99 1 21 931 21 2380
G: P 100 1 21 2354 -1 -1
G: D 101 1 -1 -1 -1 -1
G: P 102 1 -1 -1 22 124
G: K 103 1 22 145 22 382
G: K 104 1 22 384 22 2562
G: K 105 1 22 2569 22 3178
G: K 106 -1 22 3152 22 3734
G: P 107 1 22 3774 -1 -1
G: D 108 1 -1 -1 -1 -1
G: D 109 1 -1 -1 -1 -1
G: P 110 1 -1 -1 23 510
G: K 111 1 23 524 23 1841
G: K 112 1 23 1827 23 2460
G: P 113 1 23 2473 -1 -1
G: D 114 1 -1 -1 -1 -1
G: D 115 1 -1 -1 -1 -1
G: P 116 1 -1 -1 24 575
G: K 117 1 24 567 24 1212
G: K 118 1 24 1192 24 2218
G: P 119 1 24 2232 -1 -1
G: P 120 1 -1 -1 25 21
G: K 121 1 25 23 25 950
G: K 122 1 25 989 25 3131
G: P 123 1 25 3108 -1 -1
G: D 124 1 -1 -1 -1 -1
G: K 125 1 26 0 26 876
G: K 126 -1 26 856 26 1906
G: K 127 1 26 1941 26 2379
G: P 128 1 26 2386 -1 -1
G: D 129 1 -1 -1 -1 -1
G: P 130 1 -1 -1 27 332
G: K 131 -1 27 892 27 1318
G: K 132 -1 27 1298 27 2090
G: K 133 1 27 2109 27 2412
G: K 134 -1 27 2383 27 3226
G: P 135 1 27 3271 -1 -1
G: D 136 1 -1 -1 -1 -1
G: P 137 1 -1 -1 28 1379
G: K 138 1 28 1462 28 3172
G: P 139 1 -1 -1 30 1368
G: K 140 1 30 1372 30 2968
G: P 141 1 30 2967 -1 -1
G: P 142 1 30 3217 -1 -1
G: D 143 1 -1 -1 -1 -1
G: P 144 1 -1 -1 31 694
G: K 145 1 31 693 31 1503
G: K 146 1 31 1515 31 2802
G: P 147 1 31 2788 -1 -1
G: D 148 1 -1 -1 -1 -1
G: P 149 1 -1 -1 32 330
G: K 150 1 32 369 32 840
G: K 151 1 32 929 32 1250
G: K 152 1 32 1253 32 2018
G: K 153 1 32 2017 32 2650
G: K 154 1 32 2653 32 2974
G: P 155 1 32 2973 -1 -1
G: D 156 1 -1 -1 -1 -1
G: D 157 1 -1 -1 -1 -1
G: D 635 1 -1 -1 -1 -1
G: P 158 1 -1 -1 33 142
G: K 159 1 33 147 33 567
G: K 160 1 33 566 33 1172
G: K 161 1 33 1171 33 1429
G: K 162 1 33 1432 33 1804
G: K 163 1 33 1803 33 2142
G: K 164 1 33 2147 33 2687
G: K 165 1 33 2689 33 2869
G: P 166 1 33 2862 -1 -1
G: D 167 1 -1 -1 -1 -1
G: D 168 1 -1 -1 -1 -1
G: D 169 1 -1 -1 -1 -1
G: P 170 1 -1 -1 34 287
G: K 171 1 34 286 34 1714
G: K 172 1 34 1707 34 2373
G: K 173 1 34 2375 34 3122
G: K 174 1 34 3121 34 3337
G: K 175 1 34 3347 34 3464
G: K 176 1 34 3463 34 3838
G: K 177 1 34 3837 34 4203
G: P 178 1 34 4218 -1 -1
G: P 636 1 -1 -1 35 43
G: K 179 1 35 44 35 416
G: K 180 1 35 402 35 1224
G: K 181 1 35 1208 35 2150
G: K 182 1 35 2142 35 3426
G: P 183 1 35 3418 -1 -1
G: P 184 1 35 4142 -1 -1
G: P 185 1 -1 -1 36 485
G: K 514 -1 36 583 36 1492
G: K 186 1 36 1493 36 3614
G: P 187 1 -1 -1 37 443
G: K 188 1 37 435 37 2223
G: K 189 1 37 2225 37 3215
G: P 190 1 37 3186 -1 -1
G: D 191 1 -1 -1 -1 -1
G: D 192 1 -1 -1 -1 -1
G: P 193 1 -1 -1 39 1502
G: D 194 1 -1 -1 -1 -1
G: P 195 1 -1 -1 40 1329
G: K 196 1 40 1387 40 1933
G: K 197 1 40 1935 40 2118
G: K 198 1 40 2120 40 2495
G: P 199 1 40 3220 -1 -1
G: P 200 1 -1 -1 41 165
G: K 201 1 41 174 41 543
G: K 202 1 41 670 41 2572
G: P 203 1 41 2571 -1 -1
G: D 204 -1 -1 -1 -1 -1
G: P 205 1 -1 -1 42 1391
G: K 206 1 42 1371 42 1872
G: K 207 -1 42 1864 42 2476
G: P 208 -1 42 2456 -1 -1
G: D 209 -1 -1 -1 -1 -1
G: D 210 1 -1 -1 -1 -1
G: D 211 1 -1 -1 -1 -1
G: D 212 1 -1 -1 -1 -1
G: D 213 1 -1 -1 -1 -1
G: P 214 1 -1 -1 43 494
G: K 215 1 43 486 43 1908
G: K 216 1 43 1885 43 2518
G: P 217 1 43 2536 -1 -1
G: D 218 1 -1 -1 -1 -1
G: K 219 1 44 146 44 1265
G: K 220 1 44 1282 45 192
G: K 221 1 45 194 45 1238
G: K 222 1 45 1194 45 1659
G: K 223 -1 45 1690 45 1978
G: K 224 1 45 2287 45 2710
G: P 225 1 45 2699 -1 -1
G: D 226 1 -1 -1 -1 -1
G: P 227 1 -1 -1 46 320
G: K 228 1 46 365 46 1883
G: K 229 1 46 1845 46 3327
G: P 230 1 46 3798 -1 -1
G: D 231 1 -1 -1 -1 -1
G: D 232 1 -1 -1 -1 -1
G: P 233 1 -1 -1 47 322
G: K 234 1 47 340 47 2530
G: K 235 1 47 2622 47 2925
G: K 236 1 47 2917 47 3223
G: K 237 1 47 3218 47 3530
G: P 238 1 47 3522 -1 -1
G: D 239 1 -1 -1 -1 -1
G: D 240 1 -1 -1 -1 -1
G: P 241 1 -1 -1 48 913
G: K 242 1 48 981 48 3369
G: P 243 -1 48 3365 -1 -1
G: P 244 1 -1 -1 49 297
G: K 245 1 49 302 49 2204
G: P 246 1 49 2892 -1 -1
G: D 247 1 -1 -1 -1 -1
G: P 248 1 -1 -1 50 147
G: K 249 -1 50 130 50 847
G: K 250 -1 50 836 50 1490
G: P 251 -1 50 1473 -1 -1
G: D 252 -1 -1 -1 -1 -1
G: P 253 -1 -1 -1 51 775
G: K 254 -1 51 794 51 1532
G: K 255 -1 51 1534 51 2842
G: K 634 -1 51 2845 51 3187
G: P 256 -1 51 3188 -1 -1
G: P 257 1 -1 -1 52 360
G: K 258 1 52 463 52 937
G: K 259 1 52 1103 52 1886
G: K 260 1 52 1931 52 2231
G: K 261 1 52 2230 52 3325
G: P 262 1 52 3325 -1 -1
G: D 513 1 -1 -1 -1 -1
G: P 263 1 -1 -1 53 1717
G: P 264 1 -1 -1 54 1544
G: K 633 -1 54 1549 54 2110
G: K 265 1 54 2111 54 2987
G: P 266 1 54 2986 -1 -1
G: D 267 1 -1 -1 -1 -1
G: D 268 1 -1 -1 -1 -1
G: P 269 -1 -1 -1 55 600
G: K 270 -1 55 618 55 2997
G: K 271 -1 55 2997 55 3348
G: P 272 -1 55 3381 -1 -1
G: D 273 -1 -1 -1 -1 -1
G: P 274 -1 -1 -1 56 999
G: K 275 -1 56 1009 56 2401
G: K 276 -1 56 2404 56 3562
G: K 277 -1 56 3811 56 4792
G: P 278 -1 56 4809 -1 -1
G: P 279 -1 -1 -1 57 431
G: K 280 -1 57 513 57 1062
G: P 281 -1 57 1075 -1 -1
G: P 282 1 -1 -1 58 883
G: K 283 -1 58 879 58 1539
G: K 284 -1 58 1528 58 2341
G: P 285 -1 58 2401 -1 -1
G: D 286 -1 -1 -1 -1 -1
G: P 287 1 -1 -1 59 1063
G: K 288 1 59 1280 59 1694
G: K 289 1 59 1653 59 2712
G: K 290 1 59 2714 59 3314
G: P 291 1 59 3345 -1 -1
G: D 292 1 -1 -1 -1 -1
G: D 293 1 -1 -1 -1 -1
G: P 294 1 -1 -1 61 751
G: K 295 -1 61 747 61 1170
G: K 296 -1 61 1169 61 3872
G: P 297 -1 61 3929 -1 -1
G: D 298 -1 -1 -1 -1 -1
G: P 299 -1 -1 -1 62 541
G: K 300 -1 62 543 62 933
G: K 301 -1 62 1052 62 2108
G: P 302 -1 62 2114 -1 -1
G: D 303 -1 -1 -1 -1 -1
G: P 304 -1 -1 -1 63 929
G: K 305 -1 63 930 63 1959
G: K 306 -1 63 1989 63 2943
G: P 307 -1 63 2921 -1 -1
G: D 308 -1 -1 -1 -1 -1
G: P 309 -1 -1 -1 64 564
G: K 310 -1 64 651 64 1848
G: P 311 -1 64 1847 -1 -1
G: P 312 -1 -1 -1 65 758
G: P 313 -1 65 764 -1 -1
G: D 314 1 -1 -1 -1 -1
G: P 315 -1 -1 -1 66 591
G: P 316 -1 66 613 -1 -1
G: D 317 -1 -1 -1 -1 -1
G: P 318 -1 -1 -1 67 854
G: K 319 -1 67 877 67 1777
G: P 320 -1 67 1703 -1 -1
G: D 321 -1 -1 -1 -1 -1
G: P 322 -1 -1 -1 68 511
G: K 323 -1 68 527 68 1076
G: K 324 -1 68 1179 68 2058
G: P 325 -1 68 2378 -1 -1
G: P 326 -1 -1 -1 69 1390
G: K 327 1 69 1446 69 2130
G: K 328 -1 69 2965 69 3790
G: P 329 -1 69 3734 -1 -1
G: D 330 -1 -1 -1 -1 -1
G: D 331 -1 -1 -1 -1 -1
G: D 332 -1 -1 -1 -1 -1
G: P 333 -1 -1 -1 70 2013
G: K 334 -1 70 2051 70 3428
G: P 335 -1 70 3431 -1 -1
G: D 336 -1 -1 -1 -1 -1
G: D 337 -1 -1 -1 -1 -1
G: P 338 -1 -1 -1 71 2443
G: K 339 -1 71 2432 71 3008
G: K 340 -1 71 3015 71 3240
G: P 341 1 71 3298 -1 -1
G: D 342 1 -1 -1 -1 -1
G: P 343 1 -1 -1 72 53
G: P 344 -1 72 39 -1 -1
G: D 345 -1 -1 -1 -1 -1
G: P 346 -1 73 2294 -1 -1
G: D 347 -1 -1 -1 -1 -1
G: D 348 -1 -1 -1 -1 -1
G: D 349 -1 -1 -1 -1 -1
G: P 350 -1 -1 -1 75 473
G: K 351 -1 75 483 75 3180
G: K 352 1 75 3223 75 3742
G: P 353 1 75 3732 -1 -1
G: D 354 -1 -1 -1 -1 -1
G: P 355 1 -1 -1 76 517
G: K 356 1 76 516 76 1455
G: K 357 -1 76 1672 76 2353
G: K 358 1 76 2400 76 2958
G: K 359 1 76 2960 76 3461
G: P 360 -1 76 3457 -1 -1
G: D 361 1 -1 -1 -1 -1
G: P 362 -1 -1 -1 77 1322
G: K 363 -1 77 1475 77 2336
G: K 364 -1 77 2348 77 3542
G: D 365 1 -1 -1 -1 -1
G: D 366 1 -1 -1 -1 -1
G: P 367 -1 -1 -1 78 878
G: K 368 1 78 997 78 1486
G: K 369 1 78 1508 78 1877
G: K 370 1 78 1879 78 2056
G: K 371 -1 78 2070 78 2337
G: K 372 1 78 2400 78 3081
G: P 373 1 78 3073 -1 -1
G: P 374 1 -1 -1 79 350
G: K 375 -1 79 373 79 1171
G: K 376 -1 79 1160 79 2147
G: P 377 -1 79 2146 -1 -1
G: D 378 -1 -1 -1 -1 -1
G: D 379 -1 -1 -1 -1 -1
G: P 380 -1 -1 -1 80 1066
G: K 381 -1 80 1052 80 1895
G: K 382 -1 80 1895 80 2732
G: P 383 -1 80 2724 -1 -1
G: D 384 -1 -1 -1 -1 -1
G: D 385 -1 -1 -1 -1 -1
G: P 386 -1 -1 -1 81 319
G: K 387 1 81 347 81 2204
G: K 388 1 81 2196 81 2790
G: K 389 1 81 2782 81 3442
G: D 390 1 -1 -1 -1 -1
G: D 391 -1 -1 -1 -1 -1
G: D 392 -1 -1 -1 -1 -1
G: P 393 -1 -1 -1 82 374
G: K 394 -1 82 544 82 1273
G: K 512 -1 82 1274 82 1928
G: K 395 -1 82 1929 83 1054
G: K 396 -1 83 1340 83 2216
G: K 397 -1 83 2203 83 2668
G: K 398 -1 83 2651 83 3038
G: P 399 -1 83 3041 -1 -1
G: P 400 -1 -1 -1 84 387
G: K 401 -1 84 403 84 2035
G: K 402 -1 84 2047 84 2383
G: P 403 -1 84 2508 -1 -1
G: D 404 -1 -1 -1 -1 -1
G: P 405 -1 -1 -1 85 367
G: K 406 -1 85 367 85 2071
G: K 407 -1 85 2072 85 2471
G: P 408 -1 85 2475 -1 -1
G: D 409 -1 -1 -1 -1 -1
G: P 410 -1 -1 -1 86 1377
G: K 411 -1 86 1392 86 1923
G: K 412 -1 86 1915 86 2551
G: K 413 -1 86 2553 86 2865
G: P 414 -1 86 2867 -1 -1
G: D 415 -1 -1 -1 -1 -1
G: D 416 -1 -1 -1 -1 -1
G: P 417 1 -1 -1 87 309
G: K 418 -1 87 305 87 998
G: K 419 -1 87 1000 87 2023
G: P 420 -1 87 2007 -1 -1
G: D 421 -1 -1 -1 -1 -1
G: K 422 -1 88 108 88 3252
G: P 423 -1 88 3316 -1 -1
G: D 424 -1 -1 -1 -1 -1
G: P 425 -1 -1 -1 89 96
G: K 426 -1 89 133 89 1933
G: P 427 -1 89 1938 -1 -1
G: P 428 -1 -1 -1 90 1898
G: P 429 -1 90 1935 -1 -1
G: D 430 -1 -1 -1 -1 -1
G: D 431 1 -1 -1 -1 -1
G: P 432 1 -1 -1 91 51
G: K 433 1 91 86 91 518
G: K 434 1 91 628 91 1144
G: K 435 -1 91 1140 91 2859
G: P 436 -1 91 2862 -1 -1
G: D 437 -1 -1 -1 -1 -1
G: P 438 -1 -1 -1 92 474
G: K 439 1 92 559 92 1462
G: K 440 1 92 1436 92 2189
G: K 441 1 92 2188 92 2743
G: P 442 1 92 2743 -1 -1
G: D 443 1 -1 -1 -1 -1
G: K 444 -1 93 266 93 1094
G: K 445 -1 93 1093 93 1876
G: K 446 -1 93 2018 93 2432
G: P 447 -1 93 2602 -1 -1
G: D 448 -1 -1 -1 -1 -1
G: D 449 -1 -1 -1 -1 -1
G: P 450 -1 -1 -1 94 46
G: K 451 -1 94 45 94 333
G: K 452 -1 94 943 94 2611
G: P 453 -1 94 2611 -1 -1
G: D 454 -1 -1 -1 -1 -1
G: P 455 -1 -1 -1 95 975
G: K 456 1 95 1027 95 1825
G: K 457 1 95 1809 95 2691
G: K 458 -1 95 2677 95 3148
G: P 459 1 95 3134 -1 -1
G: D 460 -1 -1 -1 -1 -1
G: P 461 -1 -1 -1 96 1784
G: K 462 -1 96 1961 96 2486
G: K 463 -1 96 2487 96 3000
G: P 515 1 96 3171 -1 -1
G: P 464 1 -1 -1 97 457
G: K 465 -1 97 453 97 1734
G: K 466 -1 97 1714 97 3166
G: P 467 -1 97 3152 -1 -1
G: D 468 -1 -1 -1 -1 -1
G: D 469 -1 -1 -1 -1 -1
G: D 470 -1 -1 -1 -1 -1
G: P 471 -1 -1 -1 98 95
G: K 472 -1 98 98 99 403
G: K 473 -1 99 408 99 1272
G: K 474 -1 99 1334 99 2648
G: P 475 -1 99 3290 -1 -1
