The input genome is 602903 bp long, 361741 will be kept.
min distance 238
----------------------------------------
fragments: id start end
F: 0 1879 5336
F: 1 7795 12177
F: 2 14750 18421
F: 3 20686 24664
F: 4 27009 30993
F: 5 33374 37930
F: 6 40089 43236
F: 7 45630 48658
F: 8 51214 54376
F: 9 56608 59701
F: 10 62371 66945
F: 11 69071 72250
F: 12 74384 77926
F: 13 79879 83487
F: 14 86192 90432
F: 15 92638 96597
F: 16 99405 103514
F: 17 105337 108682
F: 18 111164 115102
F: 19 118073 121471
F: 20 123711 127180
F: 21 129442 132310
F: 22 134044 137937
F: 23 141005 144270
F: 24 146263 149356
F: 25 151539 154875
F: 26 156546 159889
F: 27 161522 165007
F: 28 168167 172432
F: 29 175420 179683
F: 30 182362 185608
F: 31 188146 191963
F: 32 194216 197806
F: 33 200639 203700
F: 34 205551 209857
F: 35 211601 215852
F: 36 218183 221829
F: 37 224474 228611
F: 38 230628 233845
F: 39 235970 238965
F: 40 242814 246300
F: 41 248491 252243
F: 42 255089 258423
F: 43 261240 264765
F: 44 267146 270924
F: 45 273636 276956
F: 46 279246 283227
F: 47 285941 289929
F: 48 292334 295848
F: 49 298420 301990
F: 50 304618 307451
F: 51 309727 313669
F: 52 315948 320101
F: 53 322803 326336
F: 54 328627 332175
F: 55 334406 337997
F: 56 340043 345170
F: 57 346988 349932
F: 58 352360 355641
F: 59 358342 361860
F: 60 363782 366779
F: 61 369698 373703
F: 62 376431 380811
F: 63 383268 387188
F: 64 389563 393379
F: 65 395433 399175
F: 66 401031 404348
F: 67 406571 409363
F: 68 411849 415173
F: 69 417975 421952
F: 70 425251 429175
F: 71 431707 435403
F: 72 438309 441013
F: 73 443601 447524
F: 74 450231 453253
F: 75 456083 460330
F: 76 462751 466550
F: 77 468082 472069
F: 78 474595 478259
F: 79 480707 484261
F: 80 486708 490805
F: 81 493582 497356
F: 82 500146 503886
F: 83 506338 510199
F: 84 512646 516121
F: 85 518933 521969
F: 86 523877 527466
F: 87 529743 532940
F: 88 534819 538683
F: 89 540689 543839
F: 90 546073 549750
F: 91 551946 555406
F: 92 557916 560980
F: 93 563282 566543
F: 94 569217 572117
F: 95 574291 577951
F: 96 580693 584333
F: 97 586659 590538
F: 98 593427 596437
F: 99 598662 602665
----------------------------------------
genes: [Kept,Partial,Discared] locus strand fragment1 start_pos fragment2 end_pos 
G: D 0 1 -1 -1 -1 -1
G: P 1 1 -1 -1 0 890
G: K 2 1 0 974 0 2957
G: P 3 1 0 2971 -1 -1
G: P 4 1 -1 -1 1 857
G: K 5 1 1 860 1 1502
G: K 6 1 1 1474 1 2236
G: K 7 1 1 2238 1 3582
G: K 8 1 1 3581 1 4373
G: D 9 1 -1 -1 -1 -1
G: D 10 -1 -1 -1 -1 -1
G: D 11 -1 -1 -1 -1 -1
G: P 12 -1 -1 -1 2 622
G: K 13 1 2 960 2 2832
G: K 597 -1 2 2877 2 3354
G: P 14 1 2 3355 -1 -1
G: P 15 1 -1 -1 3 2306
G: K 16 1 3 2347 3 3556
G: P 17 1 3 3539 -1 -1
G: D 18 1 -1 -1 -1 -1
G: P 19 1 -1 -1 4 199
G: K 20 1 4 204 4 1104
G: K 21 1 4 1104 4 2208
G: K 22 1 4 2410 4 3319
G: K 23 1 4 3322 4 3895
G: P 24 1 4 3863 -1 -1
G: D 25 1 -1 -1 -1 -1
G: D 26 -1 -1 -1 -1 -1
G: D 27 -1 -1 -1 -1 -1
G: P 28 -1 -1 -1 5 4150
G: P 29 1 5 4412 -1 -1
G: P 30 1 -1 -1 6 675
G: K 31 -1 6 640 6 1294
G: K 32 1 6 1322 6 2588
G: P 33 1 6 2577 -1 -1
G: P 34 1 -1 -1 7 71
G: K 35 -1 7 67 7 1600
G: K 36 -1 7 1590 7 2751
G: P 37 1 7 2909 -1 -1
G: D 38 1 -1 -1 -1 -1
G: P 39 1 -1 -1 8 1307
G: K 40 1 8 1311 8 2172
G: K 41 1 8 2152 8 3025
G: P 42 1 8 3009 -1 -1
G: P 43 1 -1 -1 9 19
G: K 44 1 9 2 9 1157
G: K 45 -1 9 1386 9 2760
G: P 46 1 9 2812 -1 -1
G: D 47 1 -1 -1 -1 -1
G: D 48 1 -1 -1 -1 -1
G: P 601 -1 -1 -1 10 39
G: K 49 1 10 40 10 436
G: K 50 1 10 435 10 2112
G: K 51 -1 10 2088 10 3039
G: K 52 -1 10 3042 10 3420
G: K 53 -1 10 3426 10 3576
G: K 54 -1 10 3589 10 3976
G: P 55 -1 10 3962 -1 -1
G: D 56 -1 -1 -1 -1 -1
G: D 57 -1 -1 -1 -1 -1
G: P 58 -1 -1 -1 11 63
G: K 59 1 11 69 11 963
G: K 60 -1 11 944 11 2660
G: P 61 1 11 2964 -1 -1
G: P 62 1 -1 -1 12 613
G: P 63 1 12 868 -1 -1
G: P 64 1 -1 -1 13 922
G: K 65 1 13 925 13 2872
G: P 66 1 13 2882 -1 -1
G: D 67 1 -1 -1 -1 -1
G: K 68 1 14 3790 15 125
G: K 69 1 15 235 15 1111
G: K 70 1 15 1115 15 3809
G: P 71 1 15 3795 -1 -1
G: P 72 1 -1 -1 16 1454
G: K 73 1 16 1456 16 1864
G: P 74 1 16 1927 -1 -1
G: D 75 -1 -1 -1 -1 -1
G: P 76 1 -1 -1 17 979
G: K 77 1 17 971 17 2108
G: K 600 1 17 2108 17 2513
G: P 78 1 17 2514 -1 -1
G: P 79 1 -1 -1 18 493
G: K 598 -1 18 547 18 1498
G: K 80 1 18 1499 18 1919
G: K 81 1 18 1918 18 2599
G: K 82 1 18 2598 18 3168
G: P 83 1 18 3160 -1 -1
G: D 84 1 -1 -1 -1 -1
G: D 85 1 -1 -1 -1 -1
G: D 86 1 -1 -1 -1 -1
G: P 87 1 -1 -1 19 154
G: K 88 1 19 163 19 2236
G: K 89 1 19 2287 19 2920
G: P 90 1 19 2920 -1 -1
G: D 91 1 -1 -1 -1 -1
G: D 92 1 -1 -1 -1 -1
G: D 93 1 -1 -1 -1 -1
G: P 94 1 -1 -1 20 1129
G: K 95 1 20 1312 20 3286
G: P 96 1 20 3342 -1 -1
G: D 97 1 -1 -1 -1 -1
G: P 98 1 -1 -1 21 1348
G: K 99 1 21 1340 21 2777
G: P 100 1 21 2748 -1 -1
G: D 101 1 -1 -1 -1 -1
G: P 102 1 -1 -1 22 611
G: K 103 1 22 632 22 872
G: K 104 1 22 874 22 3079
G: K 105 1 22 3086 22 3689
G: P 106 -1 22 3660 -1 -1
G: D 107 1 -1 -1 -1 -1
G: D 108 1 -1 -1 -1 -1
G: D 109 1 -1 -1 -1 -1
G: P 110 1 -1 -1 23 719
G: K 111 1 23 733 23 2080
G: P 113 1 23 2093 -1 -1
G: D 114 1 -1 -1 -1 -1
G: D 115 1 -1 -1 -1 -1
G: P 116 1 -1 -1 24 132
G: K 117 1 24 121 24 802
G: K 118 1 24 782 24 1820
G: P 119 1 24 1834 -1 -1
G: D 120 1 -1 -1 -1 -1
G: P 121 1 -1 -1 25 763
G: K 122 1 25 802 25 2974
G: P 123 1 25 2948 -1 -1
G: D 124 1 -1 -1 -1 -1
G: P 125 1 -1 -1 26 644
G: K 126 -1 26 624 26 1668
G: K 127 1 26 1703 26 2144
G: K 596 -1 26 2150 26 3086
G: P 128 1 26 3087 -1 -1
G: D 129 1 -1 -1 -1 -1
G: P 130 1 -1 -1 27 712
G: K 131 -1 27 1272 27 1701
G: K 132 -1 27 1681 27 2476
G: K 133 1 27 2495 27 2798
G: P 134 -1 27 2769 -1 -1
G: D 135 1 -1 -1 -1 -1
G: D 136 1 -1 -1 -1 -1
G: P 137 1 -1 -1 28 1530
G: K 138 1 28 1613 28 3347
G: P 139 1 -1 -1 30 1142
G: K 140 1 30 1146 30 2754
G: K 141 1 30 2753 30 3035
G: P 142 1 30 3018 -1 -1
G: D 143 1 -1 -1 -1 -1
G: P 144 1 -1 -1 31 325
G: K 145 1 31 324 31 1161
G: K 146 1 31 1173 31 2475
G: K 147 1 31 2461 31 3604
G: P 148 1 31 3642 -1 -1
G: D 149 1 -1 -1 -1 -1
G: P 495 1 -1 -1 32 2314
G: K 150 1 32 2315 32 2789
G: K 151 1 32 2878 32 3208
G: P 152 1 32 3211 -1 -1
G: D 153 1 -1 -1 -1 -1
G: D 154 1 -1 -1 -1 -1
G: D 155 1 -1 -1 -1 -1
G: D 156 1 -1 -1 -1 -1
G: P 157 1 -1 -1 33 117
G: K 158 1 33 119 33 935
G: K 159 1 33 940 33 1357
G: K 160 1 33 1356 33 1974
G: K 161 1 33 1973 33 2231
G: K 162 1 33 2234 33 2597
G: K 163 1 33 2596 33 2923
G: P 164 1 33 2928 -1 -1
G: D 165 1 -1 -1 -1 -1
G: D 166 1 -1 -1 -1 -1
G: D 167 1 -1 -1 -1 -1
G: P 168 1 -1 -1 34 112
G: K 169 1 34 116 34 758
G: K 170 1 34 763 34 1216
G: K 171 1 34 1215 34 2694
G: K 172 1 34 2687 34 3350
G: K 173 1 34 3352 34 4123
G: P 174 1 34 4122 -1 -1
G: D 175 1 -1 -1 -1 -1
G: D 176 1 -1 -1 -1 -1
G: D 177 1 -1 -1 -1 -1
G: P 178 1 -1 -1 35 192
G: K 499 -1 35 203 35 875
G: K 179 1 35 876 35 1260
G: K 180 1 35 1243 35 2080
G: K 181 1 35 2064 35 2979
G: K 182 1 35 2971 35 4243
G: P 183 1 35 4235 -1 -1
G: P 184 1 -1 -1 36 222
G: K 185 1 36 222 36 1194
G: K 186 1 36 1293 36 3450
G: P 595 1 -1 -1 37 878
G: K 187 1 37 879 37 1635
G: K 188 1 37 1627 37 3385
G: P 189 1 37 3387 -1 -1
G: D 190 1 -1 -1 -1 -1
G: P 191 1 -1 -1 38 306
G: P 192 1 38 312 -1 -1
G: P 193 1 -1 -1 39 2570
G: D 194 1 -1 -1 -1 -1
G: P 736 1 -1 -1 40 1855
G: P 195 1 40 1856 -1 -1
G: D 196 1 -1 -1 -1 -1
G: D 197 1 -1 -1 -1 -1
G: D 198 1 -1 -1 -1 -1
G: K 199 1 41 497 41 2339
G: K 200 1 41 2350 41 3010
G: K 201 1 41 3019 41 3388
G: P 202 1 41 3515 -1 -1
G: P 203 1 -1 -1 42 1209
G: K 204 -1 42 1205 42 2246
G: P 205 1 42 2281 -1 -1
G: D 206 1 -1 -1 -1 -1
G: D 207 -1 -1 -1 -1 -1
G: D 208 -1 -1 -1 -1 -1
G: P 209 -1 -1 -1 43 482
G: K 210 1 43 682 43 1351
G: K 211 1 43 1350 43 1542
G: K 212 1 43 1543 43 1987
G: K 213 1 43 1989 43 2337
G: K 214 1 43 2329 43 3145
G: P 215 1 43 3137 -1 -1
G: D 216 1 -1 -1 -1 -1
G: P 217 1 -1 -1 44 256
G: K 218 1 44 258 44 1836
G: P 219 1 44 2755 -1 -1
G: P 220 1 -1 -1 45 2933
G: P 221 1 45 2935 -1 -1
G: D 222 1 -1 -1 -1 -1
G: D 223 -1 -1 -1 -1 -1
G: D 224 1 -1 -1 -1 -1
G: P 225 1 -1 -1 46 748
G: K 226 1 46 749 46 1988
G: K 602 1 46 1989 46 2502
G: K 227 1 46 2503 46 3613
G: P 228 1 46 3658 -1 -1
G: D 229 1 -1 -1 -1 -1
G: K 230 1 47 375 47 1248
G: K 231 1 47 1247 47 1727
G: K 232 1 47 1732 47 2755
G: K 233 1 47 2758 47 3229
G: P 234 1 47 3247 -1 -1
G: D 739 1 -1 -1 -1 -1
G: P 235 1 -1 -1 48 99
G: K 236 1 48 91 48 382
G: K 237 1 48 374 48 689
G: K 238 1 48 681 48 1572
G: K 239 1 48 1558 48 1978
G: K 240 1 48 1970 48 2855
G: P 241 1 48 2884 -1 -1
G: P 242 1 -1 -1 49 625
G: K 243 -1 49 621 49 1692
G: P 244 1 49 1744 -1 -1
G: D 245 1 -1 -1 -1 -1
G: P 738 -1 -1 -1 50 38
G: K 246 1 50 577 50 2728
G: P 247 1 50 2730 -1 -1
G: D 248 1 -1 -1 -1 -1
G: D 249 -1 -1 -1 -1 -1
G: P 250 -1 -1 -1 51 339
G: K 251 -1 51 322 51 1831
G: K 252 -1 51 1875 51 3720
G: P 253 -1 51 3709 -1 -1
G: D 254 -1 -1 -1 -1 -1
G: P 255 -1 -1 -1 52 923
G: K 256 -1 52 927 52 2931
G: P 257 1 52 3106 -1 -1
G: D 258 1 -1 -1 -1 -1
G: D 259 1 -1 -1 -1 -1
G: D 260 1 -1 -1 -1 -1
G: P 261 1 -1 -1 53 314
G: K 262 1 53 314 53 1682
G: P 263 1 53 1812 -1 -1
G: P 264 1 54 1202 -1 -1
G: D 265 1 -1 -1 -1 -1
G: D 266 1 -1 -1 -1 -1
G: P 267 1 -1 -1 55 895
G: K 268 1 55 885 55 1509
G: K 269 -1 55 1438 55 2302
G: P 270 -1 55 2320 -1 -1
G: D 271 -1 -1 -1 -1 -1
G: P 272 -1 -1 -1 56 169
G: K 273 -1 56 319 56 1360
G: K 274 -1 56 1740 56 2757
G: K 275 -1 56 2767 56 4162
G: P 276 -1 56 4165 -1 -1
G: D 277 -1 -1 -1 -1 -1
G: P 278 -1 -1 -1 57 741
G: K 279 -1 57 768 57 2226
G: K 280 -1 57 2308 57 2851
G: K 281 -1 57 2864 58 414
G: K 282 1 58 456 58 2631
G: P 283 -1 58 2627 -1 -1
G: D 284 -1 -1 -1 -1 -1
G: D 285 -1 -1 -1 -1 -1
G: K 286 -1 59 562 59 1048
G: K 287 1 59 1379 59 2837
G: K 288 1 59 3057 59 3456
G: P 289 1 59 3418 -1 -1
G: D 290 1 -1 -1 -1 -1
G: D 291 1 -1 -1 -1 -1
G: P 292 1 -1 -1 61 11
G: K 293 1 61 0 61 738
G: K 294 1 61 727 61 2359
G: K 295 -1 61 2355 61 2778
G: P 296 -1 61 2777 -1 -1
G: D 297 -1 -1 -1 -1 -1
G: P 298 -1 -1 -1 62 1001
G: K 299 -1 62 1118 62 2237
G: K 300 -1 62 2239 62 2629
G: K 301 -1 62 2748 62 3816
G: P 302 -1 62 3822 -1 -1
G: K 303 -1 63 190 63 1153
G: K 304 -1 63 1170 63 2424
G: K 305 -1 63 2425 63 3442
G: P 306 -1 63 3472 -1 -1
G: D 307 -1 -1 -1 -1 -1
G: P 308 -1 -1 -1 64 25
G: K 309 -1 64 150 64 1956
G: K 310 -1 64 2043 64 3246
G: K 311 -1 64 3248 65 954
G: K 312 -1 65 938 65 2171
G: K 313 -1 65 2177 66 284
G: K 314 1 66 337 66 1141
G: K 315 -1 66 1147 66 1774
G: P 316 -1 66 1796 -1 -1
G: P 317 -1 -1 -1 67 617
G: K 318 -1 67 661 67 2020
G: P 319 -1 67 2043 -1 -1
G: D 320 -1 -1 -1 -1 -1
G: P 321 -1 -1 -1 68 547
G: K 322 -1 68 561 68 1413
G: K 323 -1 68 1429 68 1957
G: K 324 -1 68 2060 68 2951
G: K 325 -1 68 3271 69 7
G: K 326 -1 69 806 69 2501
G: K 327 1 69 2557 69 3241
G: D 328 -1 -1 -1 -1 -1
G: D 329 -1 -1 -1 -1 -1
G: D 330 -1 -1 -1 -1 -1
G: D 331 -1 -1 -1 -1 -1
G: P 332 -1 -1 -1 70 578
G: K 333 -1 70 564 70 2847
G: P 334 -1 70 2885 -1 -1
G: D 335 -1 -1 -1 -1 -1
G: D 336 -1 -1 -1 -1 -1
G: D 337 -1 -1 -1 -1 -1
G: K 338 -1 71 462 71 2979
G: K 339 -1 71 2968 71 3562
G: P 340 -1 71 3569 -1 -1
G: D 341 1 -1 -1 -1 -1
G: D 342 1 -1 -1 -1 -1
G: P 498 1 -1 -1 72 942
G: K 343 1 72 943 72 1360
G: P 344 -1 72 1346 -1 -1
G: K 345 -1 73 101 73 1136
G: K 497 -1 73 1594 73 2371
G: P 346 -1 -1 -1 74 1653
G: P 347 -1 74 1662 -1 -1
G: K 348 -1 75 72 75 582
G: K 349 -1 75 660 75 1701
G: K 350 -1 75 1704 75 2532
G: P 351 -1 75 2542 -1 -1
G: D 352 1 -1 -1 -1 -1
G: D 353 1 -1 -1 -1 -1
G: P 354 -1 -1 -1 76 933
G: K 355 1 76 1343 76 2570
G: K 356 1 76 2569 76 3508
G: P 357 -1 76 3725 -1 -1
G: D 358 1 -1 -1 -1 -1
G: P 359 1 -1 -1 77 216
G: K 360 -1 77 212 77 542
G: K 361 1 77 690 77 1101
G: K 362 -1 77 1103 77 3275
G: P 363 -1 77 3428 -1 -1
G: D 364 -1 -1 -1 -1 -1
G: P 365 1 -1 -1 78 416
G: K 366 1 78 390 78 1314
G: K 367 -1 78 1303 78 2548
G: K 368 1 78 2667 78 3177
G: K 369 1 78 3199 78 3568
G: P 370 1 78 3570 -1 -1
G: D 371 -1 -1 -1 -1 -1
G: D 372 1 -1 -1 -1 -1
G: D 373 1 -1 -1 -1 -1
G: P 374 1 -1 -1 79 1605
G: K 375 -1 79 1628 79 2432
G: K 376 -1 79 2421 79 3420
G: P 377 -1 79 3419 -1 -1
G: D 735 1 -1 -1 -1 -1
G: D 740 1 -1 -1 -1 -1
G: P 378 -1 -1 -1 80 831
G: K 379 -1 80 817 80 1807
G: K 380 -1 80 1799 80 2969
G: K 381 -1 80 2958 80 3816
G: P 382 -1 80 3816 -1 -1
G: D 383 -1 -1 -1 -1 -1
G: D 384 -1 -1 -1 -1 -1
G: P 385 -1 -1 -1 81 364
G: K 386 -1 81 410 81 2072
G: P 387 1 81 2100 -1 -1
G: D 388 1 -1 -1 -1 -1
G: D 389 1 -1 -1 -1 -1
G: D 390 1 -1 -1 -1 -1
G: P 391 -1 -1 -1 82 483
G: K 392 -1 82 475 82 1792
G: K 394 -1 82 1962 82 2682
G: K 395 -1 82 2684 83 1481
G: K 396 -1 83 1767 83 2667
G: K 397 -1 83 2654 83 3125
G: K 398 -1 83 3108 83 3495
G: P 399 -1 83 3498 -1 -1
G: P 400 -1 -1 -1 84 675
G: K 401 -1 84 691 84 2323
G: K 402 -1 84 2335 84 2668
G: P 403 -1 84 2793 -1 -1
G: D 404 -1 -1 -1 -1 -1
G: P 405 -1 -1 -1 85 191
G: K 406 -1 85 191 85 1892
G: K 407 -1 85 1893 85 2301
G: P 408 -1 85 2305 -1 -1
G: P 737 1 -1 -1 86 526
G: K 409 -1 86 527 86 1379
G: K 410 -1 86 1378 86 2944
G: K 411 -1 86 2959 86 3490
G: P 412 -1 86 3482 -1 -1
G: D 413 -1 -1 -1 -1 -1
G: D 414 -1 -1 -1 -1 -1
G: D 415 -1 -1 -1 -1 -1
G: P 416 -1 -1 -1 87 1304
G: K 417 1 87 1370 87 1856
G: K 418 -1 87 1852 87 2533
G: P 419 -1 87 2535 -1 -1
G: P 420 -1 -1 -1 88 443
G: K 421 -1 88 442 88 1600
G: P 422 -1 88 1720 -1 -1
G: P 423 -1 -1 -1 89 1098
G: K 424 -1 89 1153 89 1552
G: K 425 -1 89 1557 89 2004
G: P 426 -1 89 2041 -1 -1
G: D 496 -1 -1 -1 -1 -1
G: P 427 -1 -1 -1 90 1579
G: P 428 -1 90 1550 -1 -1
G: P 429 -1 -1 -1 91 52
G: K 430 -1 91 54 91 333
G: K 431 1 91 521 91 1904
G: K 432 1 91 1926 91 2112
G: K 433 1 91 2147 91 2576
G: K 434 1 91 2686 91 3202
G: P 435 -1 91 3198 -1 -1
G: P 436 -1 -1 -1 92 549
G: K 437 -1 92 541 92 1294
G: K 438 -1 92 1353 92 2574
G: P 439 1 92 2659 -1 -1
G: D 440 1 -1 -1 -1 -1
G: D 441 1 -1 -1 -1 -1
G: P 442 1 -1 -1 93 686
G: K 443 1 93 705 93 1857
G: K 444 -1 93 2261 93 3092
G: P 445 -1 93 3091 -1 -1
G: D 446 -1 -1 -1 -1 -1
G: D 447 -1 -1 -1 -1 -1
G: P 448 -1 -1 -1 94 691
G: K 449 -1 94 706 94 1081
G: K 450 -1 94 1061 94 1784
G: K 451 -1 94 1783 94 2077
G: P 452 -1 94 2687 -1 -1
G: D 453 -1 -1 -1 -1 -1
G: K 454 -1 95 410 95 1289
G: K 455 -1 95 1288 95 2461
G: K 456 1 95 2513 95 3305
G: P 457 1 95 3289 -1 -1
G: D 458 -1 -1 -1 -1 -1
G: D 459 1 -1 -1 -1 -1
G: P 460 -1 -1 -1 96 430
G: K 461 -1 96 982 96 3133
G: P 462 -1 96 3310 -1 -1
G: D 463 -1 -1 -1 -1 -1
G: D 464 1 -1 -1 -1 -1
G: P 465 -1 -1 -1 97 822
G: K 466 -1 97 802 97 2272
G: K 467 -1 97 2258 97 3065
G: P 468 -1 97 3057 -1 -1
G: D 469 -1 -1 -1 -1 -1
G: D 470 -1 -1 -1 -1 -1
G: D 471 -1 -1 -1 -1 -1
G: P 599 -1 -1 -1 98 290
G: K 472 -1 98 291 99 495
G: K 473 -1 99 500 99 1352
G: K 474 -1 99 1414 99 2746
G: P 475 -1 99 3388 -1 -1
