The input genome is 603937 bp long, 362362 will be kept.
min distance 239
----------------------------------------
fragments: id start end
F: 0 1947 5404
F: 1 7866 12318
F: 2 14976 18647
F: 3 20862 24840
F: 4 27203 31181
F: 5 33576 38132
F: 6 40292 43460
F: 7 45855 48883
F: 8 51431 54609
F: 9 56905 59998
F: 10 62643 67217
F: 11 69308 72487
F: 12 74583 78125
F: 13 80103 83711
F: 14 86325 90565
F: 15 92735 96709
F: 16 99670 103779
F: 17 105526 108871
F: 18 111352 115290
F: 19 118141 121539
F: 20 123724 127193
F: 21 129527 132395
F: 22 134243 138136
F: 23 141085 144350
F: 24 146493 149586
F: 25 151899 155235
F: 26 156891 160234
F: 27 161868 165353
F: 28 168557 172822
F: 29 175734 179997
F: 30 182731 185977
F: 31 188459 192276
F: 32 194548 198138
F: 33 200894 203955
F: 34 205879 210185
F: 35 212100 216414
F: 36 218840 222486
F: 37 225065 229203
F: 38 231200 234417
F: 39 236543 239538
F: 40 243294 246780
F: 41 248972 252724
F: 42 255571 258905
F: 43 261597 265129
F: 44 267536 271314
F: 45 274199 277519
F: 46 279821 283802
F: 47 286473 290461
F: 48 293003 296517
F: 49 299115 302741
F: 50 305465 308298
F: 51 310861 314803
F: 52 317181 321334
F: 53 324037 327570
F: 54 329883 333431
F: 55 335667 339258
F: 56 341350 346477
F: 57 348319 351263
F: 58 353704 356985
F: 59 359650 363211
F: 60 365100 368097
F: 61 371072 375099
F: 62 377890 382270
F: 63 384672 388651
F: 64 391110 394926
F: 65 397014 400756
F: 66 402587 405908
F: 67 408132 410924
F: 68 413235 416559
F: 69 419429 423406
F: 70 426647 430571
F: 71 433055 436751
F: 72 439493 442197
F: 73 444786 448709
F: 74 451420 454442
F: 75 457421 461668
F: 76 464090 467889
F: 77 469437 473424
F: 78 475960 479624
F: 79 481893 485447
F: 80 487801 491898
F: 81 494685 498459
F: 82 501329 505069
F: 83 507424 511305
F: 84 513753 517228
F: 85 519794 522830
F: 86 524737 528326
F: 87 530563 533806
F: 88 535651 539610
F: 89 541667 544817
F: 90 547112 550789
F: 91 552969 556429
F: 92 558940 562004
F: 93 564329 567590
F: 94 570121 573021
F: 95 575076 578821
F: 96 581747 585391
F: 97 587718 591597
F: 98 594459 597469
F: 99 599695 603698
----------------------------------------
genes: [Kept,Partial,Discared] locus strand fragment1 start_pos fragment2 end_pos 
G: D 0 1 -1 -1 -1 -1
G: P 1 1 -1 -1 0 816
G: K 2 1 0 900 0 2874
G: P 3 1 0 2888 -1 -1
G: P 4 1 -1 -1 1 777
G: K 5 1 1 780 1 1410
G: K 6 1 1 1382 1 2189
G: K 7 1 1 2191 1 3550
G: K 8 1 1 3549 1 4359
G: P 9 1 1 4387 -1 -1
G: D 10 -1 -1 -1 -1 -1
G: D 11 -1 -1 -1 -1 -1
G: P 12 -1 -1 -1 2 492
G: K 13 1 2 830 2 2762
G: P 14 1 2 2808 -1 -1
G: P 15 1 -1 -1 3 1905
G: K 16 1 3 1946 3 3143
G: P 17 1 3 3123 -1 -1
G: D 18 1 -1 -1 -1 -1
G: D 19 1 -1 -1 -1 -1
G: P 20 1 -1 -1 4 595
G: K 21 1 4 595 4 1702
G: K 22 1 4 1904 4 2828
G: K 23 1 4 2831 4 3392
G: K 24 1 4 3363 4 3828
G: P 25 1 4 3827 -1 -1
G: D 26 -1 -1 -1 -1 -1
G: D 27 -1 -1 -1 -1 -1
G: P 28 -1 -1 -1 5 3702
G: P 29 1 5 3964 -1 -1
G: P 30 1 -1 -1 6 202
G: K 31 -1 6 170 6 818
G: K 32 1 6 846 6 2130
G: P 33 1 6 2119 -1 -1
G: D 34 1 -1 -1 -1 -1
G: P 35 -1 -1 -1 7 1156
G: K 36 -1 7 1146 7 2331
G: P 37 1 7 2489 -1 -1
G: D 38 1 -1 -1 -1 -1
G: P 39 1 -1 -1 8 901
G: K 40 1 8 905 8 1766
G: K 41 1 8 1743 8 2610
G: P 42 1 8 2594 -1 -1
G: D 43 1 -1 -1 -1 -1
G: P 44 1 -1 -1 9 707
G: K 45 -1 9 936 9 2277
G: K 46 1 9 2329 9 3046
G: P 47 1 9 3049 -1 -1
G: D 48 1 -1 -1 -1 -1
G: D 49 1 -1 -1 -1 -1
G: P 50 1 -1 -1 10 1372
G: K 51 -1 10 1348 10 2314
G: K 52 -1 10 2317 10 2698
G: K 53 -1 10 2704 10 2854
G: K 54 -1 10 2867 10 3251
G: K 55 -1 10 3237 10 4071
G: P 56 -1 10 4052 -1 -1
G: D 57 -1 -1 -1 -1 -1
G: D 58 -1 -1 -1 -1 -1
G: P 59 1 -1 -1 11 261
G: K 60 -1 11 239 11 1946
G: P 61 1 11 2250 -1 -1
G: D 62 1 -1 -1 -1 -1
G: P 63 1 12 204 -1 -1
G: P 64 1 -1 -1 13 188
G: K 65 1 13 191 13 2156
G: P 66 1 13 2166 -1 -1
G: D 67 1 -1 -1 -1 -1
G: P 478 -1 14 3052 -1 -1
G: P 68 1 -1 -1 15 931
G: K 655 -1 15 1040 15 1913
G: K 69 1 15 1914 15 2793
G: K 777 1 15 2796 15 3948
G: P 70 1 15 3949 -1 -1
G: P 71 1 -1 -1 16 2142
G: P 72 1 16 2119 -1 -1
G: D 73 1 -1 -1 -1 -1
G: P 74 1 -1 -1 17 1875
G: K 75 -1 17 1871 17 2282
G: P 76 1 17 2515 -1 -1
G: D 77 1 -1 -1 -1 -1
G: P 78 1 -1 -1 18 315
G: K 79 1 18 314 18 2882
G: K 80 1 18 2937 18 3366
G: P 81 1 18 3365 -1 -1
G: D 82 1 -1 -1 -1 -1
G: D 83 1 -1 -1 -1 -1
G: D 84 1 -1 -1 -1 -1
G: P 85 1 -1 -1 19 804
G: K 86 1 19 832 19 1264
G: K 87 1 19 1280 19 1775
G: P 88 1 19 1784 -1 -1
G: D 89 1 -1 -1 -1 -1
G: D 90 1 -1 -1 -1 -1
G: D 91 1 -1 -1 -1 -1
G: P 92 1 -1 -1 20 251
G: K 93 1 20 234 20 1641
G: K 94 1 20 1644 20 2838
G: P 95 1 20 3021 -1 -1
G: P 96 1 -1 -1 21 7
G: K 97 1 21 106 21 1597
G: P 98 1 21 1599 -1 -1
G: D 99 1 -1 -1 -1 -1
G: P 100 1 -1 -1 22 413
G: K 101 1 22 405 22 1371
G: K 102 1 22 1360 22 2221
G: K 103 1 22 2242 22 2497
G: P 104 1 22 2499 -1 -1
G: D 105 1 -1 -1 -1 -1
G: D 106 -1 -1 -1 -1 -1
G: D 107 1 -1 -1 -1 -1
G: P 108 1 -1 -1 23 429
G: K 109 1 23 410 23 1598
G: K 110 1 23 1581 23 2430
G: P 111 1 23 2444 -1 -1
G: D 112 1 -1 -1 -1 -1
G: P 113 1 -1 -1 24 410
G: K 114 1 24 345 24 1083
G: K 115 1 24 1107 24 1611
G: K 116 1 24 1619 24 2393
G: K 117 1 24 2385 24 3048
G: P 118 1 24 3028 -1 -1
G: P 119 1 -1 -1 25 396
G: K 120 1 25 402 25 1986
G: K 121 1 25 1988 25 2924
G: K 122 1 25 2963 26 101
G: K 123 1 26 78 26 1512
G: K 124 1 26 1558 26 1879
G: K 125 1 26 1884 26 2754
G: P 126 -1 26 2737 -1 -1
G: D 127 1 -1 -1 -1 -1
G: P 128 1 -1 -1 27 112
G: K 129 1 27 111 27 468
G: K 130 1 27 457 27 1936
G: K 131 -1 27 2496 27 2922
G: P 132 -1 27 2896 -1 -1
G: D 133 1 -1 -1 -1 -1
G: D 134 -1 -1 -1 -1 -1
G: D 135 1 -1 -1 -1 -1
G: P 136 1 -1 -1 28 884
G: K 137 1 28 883 28 2692
G: P 138 1 28 2775 -1 -1
G: P 139 1 -1 -1 30 2349
G: P 140 1 30 2353 -1 -1
G: D 141 1 -1 -1 -1 -1
G: P 142 1 -1 -1 31 366
G: K 143 1 31 352 31 688
G: K 144 1 31 712 31 1576
G: K 145 1 31 1575 31 2418
G: K 146 1 31 2430 31 3711
G: P 147 1 31 3700 -1 -1
G: P 148 1 -1 -1 32 46
G: K 149 1 32 121 32 985
G: K 150 1 32 1024 32 1492
G: K 151 1 32 1581 32 1914
G: K 152 1 32 1917 32 2709
G: K 153 1 32 2708 32 3338
G: P 154 1 32 3341 -1 -1
G: D 155 1 -1 -1 -1 -1
G: D 156 1 -1 -1 -1 -1
G: D 157 1 -1 -1 -1 -1
G: D 158 1 -1 -1 -1 -1
G: P 476 -1 -1 -1 33 910
G: K 159 1 33 911 33 1328
G: K 160 1 33 1327 33 1933
G: K 161 1 33 1932 33 2196
G: K 162 1 33 2199 33 2580
G: K 163 1 33 2579 33 2915
G: P 164 1 33 2920 -1 -1
G: D 165 1 -1 -1 -1 -1
G: D 166 1 -1 -1 -1 -1
G: D 167 1 -1 -1 -1 -1
G: P 168 1 -1 -1 34 58
G: K 169 1 34 62 34 698
G: K 170 1 34 703 34 1162
G: K 171 1 34 1161 34 2643
G: K 172 1 34 2636 34 3290
G: K 173 1 34 3292 34 4054
G: K 174 1 34 4053 34 4272
G: P 175 1 34 4282 -1 -1
G: D 176 1 -1 -1 -1 -1
G: D 177 1 -1 -1 -1 -1
G: D 178 1 -1 -1 -1 -1
G: P 179 1 -1 -1 35 357
G: K 180 1 35 346 35 1165
G: K 181 1 35 1152 35 2076
G: K 182 1 35 2068 35 3343
G: K 183 1 35 3335 35 4088
G: P 184 1 35 4077 -1 -1
G: P 185 1 -1 -1 36 130
G: K 186 1 36 229 36 2398
G: D 187 1 -1 -1 -1 -1
G: P 188 1 -1 -1 37 1211
G: K 189 1 37 1213 37 2197
G: K 190 1 37 2171 37 3131
G: P 191 1 37 3299 -1 -1
G: P 192 1 -1 -1 38 2564
G: K 193 1 38 2565 39 513
G: D 194 1 -1 -1 -1 -1
G: P 195 1 -1 -1 40 264
G: K 196 1 40 322 40 853
G: K 197 1 40 855 40 1035
G: K 198 1 40 1037 40 1418
G: P 199 1 40 2143 -1 -1
G: D 200 1 -1 -1 -1 -1
G: D 201 1 -1 -1 -1 -1
G: D 657 1 -1 -1 -1 -1
G: P 202 1 -1 -1 41 1778
G: P 203 1 41 1777 -1 -1
G: D 204 -1 -1 -1 -1 -1
G: D 528 -1 -1 -1 -1 -1
G: P 205 1 -1 -1 42 1206
G: K 206 1 42 1186 42 1696
G: K 207 -1 42 1688 42 2291
G: K 208 -1 42 2274 42 3195
G: P 209 -1 42 3194 -1 -1
G: D 210 1 -1 -1 -1 -1
G: D 211 1 -1 -1 -1 -1
G: D 212 1 -1 -1 -1 -1
G: D 213 1 -1 -1 -1 -1
G: P 214 1 -1 -1 43 389
G: K 215 1 43 381 43 1839
G: K 216 1 43 1822 43 2458
G: K 217 1 43 2476 43 3451
G: P 218 1 43 3453 -1 -1
G: P 219 1 -1 -1 44 1127
G: P 220 1 44 1144 -1 -1
G: K 221 1 45 0 45 1038
G: K 222 1 45 994 45 1459
G: K 223 -1 45 1490 45 1775
G: K 224 1 45 2084 45 2519
G: P 225 1 45 2505 -1 -1
G: D 226 1 -1 -1 -1 -1
G: P 227 1 -1 -1 46 183
G: K 228 1 46 228 46 1758
G: K 229 1 46 1726 46 3238
G: P 230 1 46 3709 -1 -1
G: D 231 1 -1 -1 -1 -1
G: D 232 1 -1 -1 -1 -1
G: D 233 1 -1 -1 -1 -1
G: P 234 1 -1 -1 47 2125
G: K 235 1 47 2217 47 2523
G: K 236 1 47 2515 47 2821
G: K 237 1 47 2813 47 3119
G: P 238 1 47 3111 -1 -1
G: D 239 1 -1 -1 -1 -1
G: D 240 1 -1 -1 -1 -1
G: P 241 1 -1 -1 48 146
G: K 242 1 48 214 48 2629
G: P 243 -1 48 2625 -1 -1
G: D 244 1 -1 -1 -1 -1
G: P 245 1 -1 -1 49 1415
G: P 246 1 49 2103 -1 -1
G: D 247 1 -1 -1 -1 -1
G: D 248 1 -1 -1 -1 -1
G: D 249 -1 -1 -1 -1 -1
G: P 250 -1 -1 -1 50 609
G: K 251 -1 50 592 50 2113
G: P 252 -1 50 2157 -1 -1
G: D 253 -1 -1 -1 -1 -1
G: P 254 -1 -1 -1 51 660
G: K 255 -1 51 662 51 1964
G: P 256 -1 51 1968 -1 -1
G: D 257 1 -1 -1 -1 -1
G: D 258 1 -1 -1 -1 -1
G: P 259 1 -1 -1 52 487
G: K 260 1 52 532 52 832
G: K 261 1 52 831 52 1920
G: K 262 1 52 1920 52 3297
G: P 263 1 52 3427 -1 -1
G: K 529 1 53 1766 53 2426
G: P 264 1 53 2427 -1 -1
G: D 530 -1 -1 -1 -1 -1
G: P 265 1 -1 -1 54 430
G: K 266 1 54 429 54 1296
G: K 772 -1 54 1410 54 1698
G: K 267 1 54 1699 54 2593
G: K 268 1 54 2586 54 3192
G: P 269 -1 54 3124 -1 -1
G: P 270 -1 -1 -1 55 625
G: K 271 -1 55 625 55 985
G: K 272 -1 55 1018 55 1708
G: K 273 -1 55 1858 55 2905
G: P 274 -1 55 3285 -1 -1
G: P 275 -1 -1 -1 56 3
G: K 276 -1 56 6 56 1185
G: K 277 -1 56 1434 56 2457
G: K 278 -1 56 2474 56 3605
G: K 279 -1 56 3632 56 5084
G: D 280 -1 -1 -1 -1 -1
G: P 281 -1 -1 -1 57 1699
G: P 282 1 57 1741 -1 -1
G: D 283 -1 -1 -1 -1 -1
G: D 284 -1 -1 -1 -1 -1
G: K 285 -1 58 40 58 1723
G: K 286 -1 58 2384 58 2867
G: P 287 1 58 3198 -1 -1
G: D 288 1 -1 -1 -1 -1
G: P 289 1 -1 -1 59 341
G: K 290 1 59 343 59 949
G: K 291 1 59 980 59 1235
G: K 292 1 60 671 60 1790
G: K 293 1 60 1779 60 2514
G: P 294 1 60 2503 -1 -1
G: D 295 -1 -1 -1 -1 -1
G: P 296 -1 -1 -1 61 1314
G: K 297 -1 61 1371 61 2118
G: K 298 -1 61 2110 61 3553
G: P 299 -1 61 3670 -1 -1
G: D 300 -1 -1 -1 -1 -1
G: D 301 -1 -1 -1 -1 -1
G: P 656 -1 -1 -1 62 926
G: K 302 -1 62 927 62 3945
G: P 303 -1 62 4147 -1 -1
G: D 304 -1 -1 -1 -1 -1
G: P 305 -1 -1 -1 63 650
G: K 306 -1 63 680 63 1640
G: K 307 -1 63 1618 63 2692
G: K 308 -1 63 2673 63 3474
G: P 309 -1 63 3599 -1 -1
G: P 310 -1 -1 -1 64 287
G: P 311 -1 64 286 -1 -1
G: D 312 -1 -1 -1 -1 -1
G: P 313 -1 -1 -1 65 2913
G: P 314 1 65 2966 -1 -1
G: D 315 -1 -1 -1 -1 -1
G: P 316 -1 -1 -1 66 2350
G: K 317 -1 66 2409 66 3282
G: D 318 -1 -1 -1 -1 -1
G: P 319 -1 -1 -1 67 66
G: P 320 -1 -1 -1 67 1099
G: P 321 -1 67 1139 -1 -1
G: D 322 -1 -1 -1 -1 -1
G: D 323 -1 -1 -1 -1 -1
G: P 324 -1 -1 -1 68 288
G: P 325 -1 68 608 -1 -1
G: D 771 1 -1 -1 -1 -1
G: P 326 -1 -1 -1 69 775
G: K 327 1 69 831 69 1524
G: K 328 -1 69 2359 69 3196
G: P 329 -1 69 3131 -1 -1
G: D 330 -1 -1 -1 -1 -1
G: D 331 -1 -1 -1 -1 -1
G: D 774 1 -1 -1 -1 -1
G: D 332 -1 -1 -1 -1 -1
G: P 333 -1 -1 -1 70 1671
G: K 334 -1 70 1709 70 3107
G: K 335 -1 70 3110 70 3779
G: P 336 -1 70 3787 -1 -1
G: D 337 -1 -1 -1 -1 -1
G: P 338 -1 -1 -1 71 1953
G: K 339 -1 71 1942 71 2512
G: K 340 -1 71 2519 71 2741
G: P 341 1 71 2799 -1 -1
G: D 342 1 -1 -1 -1 -1
G: D 343 1 -1 -1 -1 -1
G: D 344 -1 -1 -1 -1 -1
G: D 345 -1 -1 -1 -1 -1
G: P 346 -1 73 1441 -1 -1
G: P 347 -1 -1 -1 74 3012
G: D 348 -1 -1 -1 -1 -1
G: D 349 -1 -1 -1 -1 -1
G: D 350 -1 -1 -1 -1 -1
G: P 351 -1 -1 -1 75 2339
G: K 352 1 75 2382 75 2883
G: K 353 1 75 2873 75 3512
G: P 354 -1 75 3663 -1 -1
G: D 355 1 -1 -1 -1 -1
G: P 356 1 -1 -1 76 592
G: K 357 -1 76 809 76 1484
G: K 358 1 76 1531 76 2086
G: K 359 1 76 2088 76 2607
G: K 360 -1 76 2600 76 2951
G: K 361 1 76 3099 76 3531
G: K 362 -1 76 3533 77 346
G: K 363 -1 77 499 77 1354
G: K 364 -1 77 1366 77 2605
G: P 365 1 77 3412 -1 -1
G: D 366 1 -1 -1 -1 -1
G: D 367 -1 -1 -1 -1 -1
G: P 368 1 -1 -1 78 274
G: K 369 1 78 296 78 671
G: K 370 1 78 673 78 841
G: K 371 -1 78 855 78 1128
G: K 372 1 78 1191 78 1875
G: K 373 1 78 1867 78 2818
G: K 477 1 78 2818 78 3388
G: P 374 1 78 3389 -1 -1
G: P 653 -1 -1 -1 79 535
G: K 375 -1 79 536 79 1337
G: K 376 -1 79 1326 79 2319
G: P 377 -1 79 2318 -1 -1
G: P 773 1 -1 -1 80 1310
G: K 776 -1 80 1310 80 1979
G: K 378 -1 80 1980 80 2961
G: K 379 -1 80 2947 80 3922
G: P 380 -1 80 3914 -1 -1
G: D 381 -1 -1 -1 -1 -1
G: D 382 -1 -1 -1 -1 -1
G: P 383 -1 -1 -1 81 1547
G: K 384 -1 81 1546 81 1870
G: K 385 -1 81 1875 81 2454
G: P 386 -1 81 2500 -1 -1
G: D 387 1 -1 -1 -1 -1
G: D 388 1 -1 -1 -1 -1
G: P 389 1 -1 -1 82 650
G: K 390 1 82 1114 82 1756
G: K 391 -1 82 1752 82 2523
G: P 392 -1 82 2518 -1 -1
G: D 393 -1 -1 -1 -1 -1
G: D 394 -1 -1 -1 -1 -1
G: D 395 -1 -1 -1 -1 -1
G: D 396 -1 -1 -1 -1 -1
G: D 397 -1 -1 -1 -1 -1
G: P 399 -1 -1 -1 84 1350
G: K 400 -1 84 1457 84 2804
G: P 401 -1 84 2820 -1 -1
G: D 402 -1 -1 -1 -1 -1
G: P 403 -1 -1 -1 85 192
G: K 404 -1 85 201 85 1773
G: K 405 -1 85 2143 85 2611
G: P 406 -1 85 2611 -1 -1
G: D 407 -1 -1 -1 -1 -1
G: P 408 -1 -1 -1 86 1243
G: K 409 -1 86 1244 86 2081
G: P 410 -1 86 2080 -1 -1
G: D 411 -1 -1 -1 -1 -1
G: D 412 -1 -1 -1 -1 -1
G: D 413 -1 -1 -1 -1 -1
G: P 414 -1 -1 -1 87 237
G: K 415 -1 87 202 87 679
G: K 416 -1 87 684 87 2088
G: K 417 1 87 2154 87 2643
G: P 418 -1 87 2639 -1 -1
G: D 527 1 -1 -1 -1 -1
G: D 419 -1 -1 -1 -1 -1
G: P 420 -1 -1 -1 88 1575
G: K 421 -1 88 1574 88 2720
G: K 422 -1 88 2840 89 31
G: K 423 -1 89 95 89 2165
G: K 424 -1 89 2220 89 2619
G: K 425 -1 89 2624 89 3065
G: P 426 -1 89 3102 -1 -1
G: P 427 -1 -1 -1 90 2426
G: P 428 -1 90 2391 -1 -1
G: P 429 -1 -1 -1 91 873
G: K 654 1 91 874 91 1243
G: K 430 -1 91 1244 91 1505
G: K 431 1 91 1693 91 3088
G: K 432 1 91 3110 91 3302
G: P 433 1 91 3337 -1 -1
G: D 434 1 -1 -1 -1 -1
G: P 435 -1 -1 -1 92 163
G: K 436 -1 92 166 92 1684
G: K 437 -1 92 1676 92 2420
G: P 438 -1 92 2479 -1 -1
G: D 439 1 -1 -1 -1 -1
G: P 440 1 -1 -1 93 14
G: K 441 1 93 13 93 586
G: K 442 1 93 586 93 1789
G: K 443 1 93 1808 93 2969
G: D 444 -1 -1 -1 -1 -1
G: D 445 -1 -1 -1 -1 -1
G: D 446 -1 -1 -1 -1 -1
G: P 447 -1 -1 -1 94 745
G: K 448 -1 94 716 94 1952
G: K 449 -1 94 1967 94 2324
G: P 450 -1 94 2310 -1 -1
G: D 451 -1 -1 -1 -1 -1
G: P 452 -1 -1 -1 95 640
G: K 453 -1 95 640 95 1096
G: K 454 -1 95 1754 95 2627
G: P 455 -1 95 2626 -1 -1
G: D 775 -1 -1 -1 -1 -1
G: D 456 1 -1 -1 -1 -1
G: D 457 1 -1 -1 -1 -1
G: D 458 -1 -1 -1 -1 -1
G: P 459 1 -1 -1 96 820
G: K 460 -1 96 809 96 1814
G: P 461 -1 96 2366 -1 -1
G: D 462 -1 -1 -1 -1 -1
G: D 463 -1 -1 -1 -1 -1
G: P 464 1 -1 -1 97 885
G: K 465 -1 97 881 97 2192
G: K 466 -1 97 2175 97 3630
G: P 467 -1 97 3616 -1 -1
G: D 468 -1 -1 -1 -1 -1
G: D 469 -1 -1 -1 -1 -1
G: D 470 -1 -1 -1 -1 -1
G: P 471 -1 -1 -1 98 308
G: K 472 -1 98 311 99 487
G: K 473 -1 99 492 99 1347
G: K 474 -1 99 1409 99 2738
G: P 475 -1 99 3380 -1 -1
