The input genome is 600734 bp long, 360440 will be kept.
min distance 237
----------------------------------------
fragments: id start end
F: 0 1878 5335
F: 1 7794 12176
F: 2 14677 18348
F: 3 20612 24590
F: 4 27030 31008
F: 5 33465 38021
F: 6 40118 43220
F: 7 45700 48728
F: 8 51283 54358
F: 9 56567 59660
F: 10 62329 66834
F: 11 68827 72006
F: 12 74139 77502
F: 13 79454 83062
F: 14 85766 90006
F: 15 92211 96170
F: 16 98977 103086
F: 17 104908 108253
F: 18 110734 114672
F: 19 117604 121002
F: 20 123241 126649
F: 21 128910 131755
F: 22 133494 137387
F: 23 140383 143648
F: 24 145716 148809
F: 25 150991 154327
F: 26 155940 159283
F: 27 160871 164356
F: 28 167515 171780
F: 29 174767 179030
F: 30 181746 184990
F: 31 187615 191432
F: 32 193576 197166
F: 33 199952 203013
F: 34 204863 209169
F: 35 210922 215173
F: 36 217503 221149
F: 37 223793 227833
F: 38 229849 233035
F: 39 235159 238154
F: 40 242002 245488
F: 41 247678 251430
F: 42 254275 257609
F: 43 260425 263950
F: 44 266330 270108
F: 45 272827 276147
F: 46 278436 282417
F: 47 285078 289066
F: 48 291470 294984
F: 49 297555 301125
F: 50 303752 306504
F: 51 308771 312713
F: 52 314956 319109
F: 53 321810 325343
F: 54 327633 331181
F: 55 333338 336929
F: 56 338974 344014
F: 57 345831 348775
F: 58 351202 354483
F: 59 357183 360701
F: 60 362622 365534
F: 61 368452 372457
F: 62 375184 379564
F: 63 381976 385896
F: 64 388270 392086
F: 65 394139 397881
F: 66 399736 403053
F: 67 405275 408067
F: 68 410526 413850
F: 69 416588 420565
F: 70 423783 427672
F: 71 430203 433899
F: 72 436770 439469
F: 73 442056 445979
F: 74 448685 451707
F: 75 454620 458867
F: 76 461270 465069
F: 77 466600 470563
F: 78 473064 476728
F: 79 479158 482712
F: 80 485251 489246
F: 81 491991 495765
F: 82 498554 502294
F: 83 504674 508469
F: 84 510915 514390
F: 85 517281 520317
F: 86 522385 525974
F: 87 528283 531479
F: 88 533335 537124
F: 89 539129 542279
F: 90 544512 548189
F: 91 550384 553844
F: 92 556353 559382
F: 93 561713 564974
F: 94 567549 570419
F: 95 572408 575993
F: 96 578663 582303
F: 97 584573 588452
F: 98 591310 594320
F: 99 596494 600497
----------------------------------------
genes: [Kept,Partial,Discared] locus strand fragment1 start_pos fragment2 end_pos 
G: D 0 1 -1 -1 -1 -1
G: P 1 1 -1 -1 0 912
G: K 2 1 0 996 0 2967
G: P 3 1 0 2981 -1 -1
G: P 4 1 -1 -1 1 852
G: K 5 1 1 852 1 1500
G: K 6 1 1 1472 1 2228
G: K 7 1 1 2230 1 3586
G: P 8 1 1 3585 -1 -1
G: D 9 1 -1 -1 -1 -1
G: D 10 -1 -1 -1 -1 -1
G: D 11 -1 -1 -1 -1 -1
G: P 12 -1 -1 -1 2 698
G: K 13 1 2 1036 2 2956
G: P 14 1 2 3002 -1 -1
G: P 15 1 -1 -1 3 1990
G: K 16 1 3 2031 3 3225
G: P 17 1 3 3208 -1 -1
G: D 18 1 -1 -1 -1 -1
G: D 19 1 -1 -1 -1 -1
G: P 20 1 -1 -1 4 636
G: K 21 1 4 636 4 1740
G: K 22 1 4 1942 4 2860
G: K 23 1 4 2863 4 3439
G: K 24 1 4 3407 4 3866
G: P 25 1 4 3865 -1 -1
G: D 26 -1 -1 -1 -1 -1
G: D 27 -1 -1 -1 -1 -1
G: P 747 1 -1 -1 5 257
G: P 28 -1 5 258 -1 -1
G: P 29 1 -1 -1 6 278
G: K 30 1 6 427 6 1207
G: K 31 -1 6 1175 6 1817
G: K 608 1 6 1844 6 2645
G: P 32 1 6 2646 -1 -1
G: D 33 1 -1 -1 -1 -1
G: P 34 1 -1 -1 7 1339
G: K 35 -1 7 1335 7 2877
G: P 36 -1 7 2858 -1 -1
G: P 37 1 -1 -1 8 403
G: K 38 1 8 423 8 693
G: K 39 1 8 890 8 2603
G: P 40 1 8 2607 -1 -1
G: D 41 1 -1 -1 -1 -1
G: P 42 1 -1 -1 9 485
G: K 43 1 9 486 9 1455
G: K 44 1 9 1438 9 2608
G: P 45 -1 9 2837 -1 -1
G: D 46 1 -1 -1 -1 -1
G: D 47 1 -1 -1 -1 -1
G: P 48 1 -1 -1 10 1157
G: K 749 -1 10 1164 10 2148
G: K 49 1 10 2149 10 2545
G: K 50 1 10 2544 10 4197
G: P 51 -1 10 4173 -1 -1
G: D 52 -1 -1 -1 -1 -1
G: D 53 -1 -1 -1 -1 -1
G: D 54 -1 -1 -1 -1 -1
G: P 55 -1 -1 -1 11 413
G: K 56 -1 11 394 11 931
G: K 57 -1 11 909 11 1905
G: K 58 -1 11 1882 11 2326
G: P 59 1 11 2332 -1 -1
G: D 60 -1 -1 -1 -1 -1
G: P 61 1 -1 -1 12 1934
G: K 62 1 12 1887 12 2805
G: K 63 1 12 3060 13 1762
G: K 64 1 13 1761 13 3162
G: P 65 1 13 3165 -1 -1
G: P 66 1 -1 -1 14 406
G: K 67 1 14 429 14 1899
G: P 68 1 -1 -1 15 2424
G: K 69 1 15 2534 15 3395
G: P 70 1 15 3399 -1 -1
G: P 71 1 -1 -1 16 1740
G: K 72 1 16 1717 16 3754
G: P 73 1 16 3756 -1 -1
G: P 74 1 -1 -1 17 1401
G: K 75 -1 17 1397 17 1817
G: K 76 1 17 2050 17 3274
G: P 77 1 17 3266 -1 -1
G: D 503 1 -1 -1 -1 -1
G: P 78 1 -1 -1 18 417
G: K 79 1 18 416 18 2987
G: K 80 1 18 3042 18 3462
G: P 81 1 18 3461 -1 -1
G: D 82 1 -1 -1 -1 -1
G: D 83 1 -1 -1 -1 -1
G: D 84 1 -1 -1 -1 -1
G: P 85 1 -1 -1 19 819
G: K 86 1 19 847 19 1273
G: K 87 1 19 1289 19 1763
G: P 88 1 19 1772 -1 -1
G: D 89 1 -1 -1 -1 -1
G: D 90 1 -1 -1 -1 -1
G: D 91 1 -1 -1 -1 -1
G: P 92 1 -1 -1 20 161
G: K 93 1 20 144 20 1545
G: K 94 1 20 1548 20 2751
G: P 95 1 20 2934 -1 -1
G: P 96 1 -1 -1 21 33
G: K 97 1 21 132 21 1599
G: P 98 1 21 1601 -1 -1
G: D 99 1 -1 -1 -1 -1
G: P 100 1 -1 -1 22 565
G: K 101 1 22 557 22 1508
G: K 102 1 22 1497 22 2352
G: K 103 1 22 2373 22 2610
G: P 104 1 22 2612 -1 -1
G: D 105 1 -1 -1 -1 -1
G: D 106 -1 -1 -1 -1 -1
G: D 107 1 -1 -1 -1 -1
G: P 108 1 -1 -1 23 507
G: K 109 1 23 491 23 1679
G: K 110 1 23 1665 23 2505
G: P 111 1 23 2519 -1 -1
G: D 112 1 -1 -1 -1 -1
G: P 113 1 -1 -1 24 527
G: K 114 1 24 462 24 1179
G: K 115 1 24 1203 24 1680
G: K 116 1 24 1688 24 2465
G: P 117 1 24 2457 -1 -1
G: P 118 1 24 3076 -1 -1
G: P 119 1 -1 -1 25 602
G: K 120 1 25 608 25 2168
G: K 121 1 25 2170 25 3094
G: K 122 1 25 3133 26 314
G: K 123 1 26 291 26 1710
G: K 124 1 26 1756 26 2065
G: K 125 1 26 2070 26 2937
G: P 126 -1 26 2917 -1 -1
G: D 127 1 -1 -1 -1 -1
G: P 128 1 -1 -1 27 305
G: K 129 1 27 304 27 664
G: K 130 1 27 650 27 2111
G: K 131 -1 27 2671 27 3097
G: P 132 -1 27 3074 -1 -1
G: D 133 1 -1 -1 -1 -1
G: D 134 -1 -1 -1 -1 -1
G: D 135 1 -1 -1 -1 -1
G: P 136 1 -1 -1 28 1095
G: K 137 1 28 1094 28 2936
G: P 138 1 28 3019 -1 -1
G: P 139 1 -1 -1 30 2548
G: P 140 1 30 2552 -1 -1
G: D 141 1 -1 -1 -1 -1
G: P 142 1 -1 -1 31 442
G: K 143 1 31 431 31 764
G: K 144 1 31 785 31 1634
G: K 145 1 31 1633 31 2464
G: K 146 1 31 2476 31 3784
G: P 147 1 31 3767 -1 -1
G: P 148 1 -1 -1 32 259
G: K 149 1 32 334 32 1180
G: K 150 1 32 1219 32 1693
G: K 607 1 32 1781 32 1868
G: K 151 1 32 1869 32 2193
G: K 152 1 32 2196 32 2964
G: P 153 1 32 2963 -1 -1
G: D 154 1 -1 -1 -1 -1
G: D 155 1 -1 -1 -1 -1
G: D 156 1 -1 -1 -1 -1
G: D 157 1 -1 -1 -1 -1
G: D 158 1 -1 -1 -1 -1
G: P 159 1 -1 -1 33 365
G: K 160 1 33 364 33 973
G: K 161 1 33 972 33 1236
G: K 162 1 33 1239 33 1617
G: K 163 1 33 1616 33 1949
G: K 164 1 33 1954 33 2503
G: K 165 1 33 2505 33 2691
G: P 166 1 33 2684 -1 -1
G: D 167 1 -1 -1 -1 -1
G: D 168 1 -1 -1 -1 -1
G: D 169 1 -1 -1 -1 -1
G: P 170 1 -1 -1 34 252
G: K 171 1 34 251 34 1688
G: K 172 1 34 1681 34 2329
G: K 173 1 34 2331 34 3081
G: K 174 1 34 3080 34 3293
G: K 175 1 34 3303 34 3417
G: K 176 1 34 3416 34 3803
G: K 177 1 34 3802 34 4165
G: P 178 1 34 4180 -1 -1
G: D 179 1 -1 -1 -1 -1
G: P 180 1 -1 -1 35 351
G: K 181 1 35 335 35 1259
G: K 182 1 35 1251 35 2523
G: K 183 1 35 2515 35 3265
G: P 184 1 35 3254 -1 -1
G: D 185 1 -1 -1 -1 -1
G: P 186 1 -1 -1 36 1734
G: D 187 1 -1 -1 -1 -1
G: P 188 1 -1 -1 37 482
G: K 189 1 37 484 37 1495
G: K 190 1 37 1466 37 2423
G: K 191 1 37 2591 37 3563
G: K 192 1 37 3569 38 1884
G: P 193 1 38 1885 -1 -1
G: P 194 1 39 2687 -1 -1
G: D 195 1 -1 -1 -1 -1
G: P 196 1 -1 -1 40 39
G: K 197 1 40 41 40 221
G: K 198 1 40 223 40 598
G: K 199 1 40 1323 40 3150
G: P 200 1 40 3161 -1 -1
G: D 201 1 -1 -1 -1 -1
G: P 202 1 -1 -1 41 573
G: K 203 1 41 572 41 2939
G: P 204 -1 41 2935 -1 -1
G: D 205 1 -1 -1 -1 -1
G: D 206 1 -1 -1 -1 -1
G: P 207 -1 -1 -1 42 284
G: K 208 -1 42 267 42 1194
G: K 209 -1 42 1193 42 1745
G: K 210 1 42 1945 42 2602
G: K 211 1 42 2601 42 2790
G: K 212 1 42 2791 42 3250
G: P 213 1 42 3252 -1 -1
G: D 214 1 -1 -1 -1 -1
G: D 215 1 -1 -1 -1 -1
G: P 216 1 -1 -1 43 294
G: K 217 1 43 312 43 1296
G: K 218 1 43 1298 43 2843
G: D 219 1 -1 -1 -1 -1
G: D 220 1 -1 -1 -1 -1
G: D 221 1 -1 -1 -1 -1
G: D 222 1 -1 -1 -1 -1
G: D 223 -1 -1 -1 -1 -1
G: K 224 1 45 57 45 486
G: K 225 1 45 475 45 1408
G: K 226 1 45 1409 45 2660
G: P 227 1 45 2662 -1 -1
G: D 228 1 -1 -1 -1 -1
G: P 229 1 -1 -1 46 1161
G: K 746 -1 46 1202 46 1508
G: K 230 1 46 1938 46 2805
G: K 231 1 46 2804 46 3287
G: P 232 1 46 3292 -1 -1
G: D 233 1 -1 -1 -1 -1
G: P 234 1 -1 -1 47 343
G: K 505 -1 47 434 47 854
G: K 610 -1 47 854 47 1331
G: K 235 1 47 1332 47 1635
G: K 236 1 47 1627 47 1927
G: K 237 1 47 1919 47 2237
G: K 238 1 47 2229 47 3105
G: K 239 1 47 3094 47 3517
G: P 240 1 47 3509 -1 -1
G: D 241 1 -1 -1 -1 -1
G: P 242 1 -1 -1 48 1906
G: K 243 -1 48 1902 48 2961
G: P 244 1 48 3013 -1 -1
G: P 245 1 -1 -1 49 704
G: K 246 1 49 1392 49 3519
G: P 247 1 49 3521 -1 -1
G: D 248 1 -1 -1 -1 -1
G: D 249 -1 -1 -1 -1 -1
G: P 250 -1 -1 -1 50 51
G: K 251 -1 50 34 50 1540
G: P 252 -1 50 1584 -1 -1
G: D 253 -1 -1 -1 -1 -1
G: P 254 -1 -1 -1 51 497
G: K 255 -1 51 499 51 1801
G: K 256 -1 51 1805 51 3794
G: D 257 1 -1 -1 -1 -1
G: D 258 1 -1 -1 -1 -1
G: P 259 1 -1 -1 52 399
G: K 260 1 52 444 52 738
G: K 261 1 52 737 52 1832
G: K 262 1 52 1832 52 3227
G: P 263 1 52 3357 -1 -1
G: P 264 1 53 1726 -1 -1
G: D 265 1 -1 -1 -1 -1
G: P 266 1 -1 -1 54 306
G: K 748 -1 54 420 54 720
G: K 267 1 54 721 54 1597
G: K 268 1 54 1590 54 2190
G: K 269 -1 54 2125 54 2971
G: P 270 -1 54 2989 -1 -1
G: P 271 -1 -1 -1 55 20
G: K 272 -1 55 53 55 749
G: K 273 -1 55 899 55 1931
G: K 274 -1 55 2311 55 3334
G: P 275 -1 55 3344 -1 -1
G: P 276 -1 -1 -1 56 249
G: K 277 -1 56 498 56 1497
G: K 278 -1 56 1514 56 2597
G: K 279 -1 56 2624 56 4061
G: K 280 -1 56 4143 56 4689
G: K 281 -1 56 4702 57 803
G: P 282 1 57 845 -1 -1
G: D 283 -1 -1 -1 -1 -1
G: D 284 -1 -1 -1 -1 -1
G: P 285 -1 -1 -1 58 862
G: K 286 -1 58 1523 58 2018
G: P 287 1 58 2349 -1 -1
G: D 288 1 -1 -1 -1 -1
G: D 289 1 -1 -1 -1 -1
G: P 290 1 -1 -1 59 80
G: K 291 1 59 111 59 369
G: P 292 1 -1 -1 60 923
G: K 293 1 60 915 60 1656
G: P 294 1 60 1645 -1 -1
G: D 295 -1 -1 -1 -1 -1
G: P 296 -1 -1 -1 61 580
G: K 297 -1 61 637 61 1402
G: K 298 -1 61 1394 61 2864
G: P 299 -1 61 2981 -1 -1
G: D 300 -1 -1 -1 -1 -1
G: D 301 -1 -1 -1 -1 -1
G: P 302 -1 -1 -1 62 1902
G: K 303 -1 62 2104 62 3070
G: K 304 -1 62 3087 62 4317
G: P 305 -1 62 4318 -1 -1
G: D 306 -1 -1 -1 -1 -1
G: P 307 -1 -1 -1 63 630
G: K 308 -1 63 611 63 1433
G: K 309 -1 63 1558 63 3361
G: P 310 -1 63 3448 -1 -1
G: P 311 -1 -1 -1 64 1881
G: K 312 -1 64 1862 64 3122
G: P 501 -1 64 3127 -1 -1
G: P 313 -1 -1 -1 65 2416
G: K 314 1 65 2469 65 3282
G: P 315 -1 65 3288 -1 -1
G: P 316 -1 -1 -1 66 1793
G: K 317 -1 66 1852 66 2719
G: P 318 -1 66 2763 -1 -1
G: D 319 -1 -1 -1 -1 -1
G: P 320 -1 -1 -1 67 548
G: K 321 -1 67 588 67 2394
G: P 322 -1 67 2408 -1 -1
G: D 323 -1 -1 -1 -1 -1
G: D 324 -1 -1 -1 -1 -1
G: P 325 -1 -1 -1 68 2720
G: D 326 -1 -1 -1 -1 -1
G: D 327 1 -1 -1 -1 -1
G: P 500 -1 69 726 -1 -1
G: D 328 -1 -1 -1 -1 -1
G: D 329 -1 -1 -1 -1 -1
G: D 330 -1 -1 -1 -1 -1
G: P 331 -1 -1 -1 70 256
G: K 332 -1 70 268 70 1102
G: K 333 -1 70 1091 70 3386
G: P 334 -1 70 3424 -1 -1
G: D 335 -1 -1 -1 -1 -1
G: D 336 -1 -1 -1 -1 -1
G: P 337 -1 -1 -1 71 410
G: K 338 -1 71 1046 71 3599
G: P 339 -1 71 3588 -1 -1
G: D 340 -1 -1 -1 -1 -1
G: D 341 1 -1 -1 -1 -1
G: P 342 1 -1 -1 72 320
G: K 343 1 72 323 72 740
G: P 344 -1 72 729 -1 -1
G: P 345 -1 -1 -1 73 504
G: K 611 1 73 2276 73 3743
G: P 346 -1 -1 -1 74 1712
G: P 347 -1 74 1721 -1 -1
G: K 348 -1 75 72 75 585
G: K 349 -1 75 660 75 1731
G: K 350 -1 75 1734 75 2565
G: P 351 -1 75 2575 -1 -1
G: D 352 1 -1 -1 -1 -1
G: D 353 1 -1 -1 -1 -1
G: P 354 -1 -1 -1 76 960
G: K 355 1 76 1370 76 2627
G: K 356 1 76 2626 76 3565
G: P 357 -1 76 3782 -1 -1
G: D 358 1 -1 -1 -1 -1
G: P 359 1 -1 -1 77 265
G: K 360 -1 77 261 77 588
G: K 361 1 77 736 77 1141
G: K 362 -1 77 1143 77 3327
G: P 363 -1 77 3480 -1 -1
G: D 364 -1 -1 -1 -1 -1
G: P 365 1 -1 -1 78 526
G: K 366 1 78 503 78 1442
G: K 367 -1 78 1431 78 2679
G: K 368 1 78 2798 78 3299
G: P 369 1 78 3321 -1 -1
G: D 370 1 -1 -1 -1 -1
G: D 371 -1 -1 -1 -1 -1
G: D 609 1 -1 -1 -1 -1
G: D 372 1 -1 -1 -1 -1
G: P 373 1 -1 -1 79 532
G: K 374 1 79 533 79 2552
G: K 375 -1 79 2575 79 3358
G: P 376 -1 79 3347 -1 -1
G: D 377 -1 -1 -1 -1 -1
G: P 378 -1 -1 -1 80 954
G: K 379 -1 80 940 80 1927
G: K 380 -1 80 1916 80 3089
G: K 381 -1 80 3075 80 3939
G: P 382 -1 80 3939 -1 -1
G: D 383 -1 -1 -1 -1 -1
G: P 384 -1 -1 -1 81 73
G: K 385 -1 81 78 81 678
G: K 386 -1 81 724 81 2359
G: P 387 1 81 2387 -1 -1
G: D 388 1 -1 -1 -1 -1
G: D 389 1 -1 -1 -1 -1
G: P 502 -1 -1 -1 82 444
G: K 390 1 82 445 82 1087
G: K 391 -1 82 1083 82 1827
G: K 392 -1 82 1819 82 3130
G: K 393 -1 82 3129 82 3603
G: D 394 -1 -1 -1 -1 -1
G: P 395 -1 -1 -1 83 3217
G: P 396 -1 83 3503 -1 -1
G: D 397 -1 -1 -1 -1 -1
G: D 398 -1 -1 -1 -1 -1
G: P 399 -1 -1 -1 84 958
G: K 400 -1 84 1065 84 2409
G: P 401 -1 84 2425 -1 -1
G: D 402 -1 -1 -1 -1 -1
G: D 403 -1 -1 -1 -1 -1
G: P 404 -1 -1 -1 85 1059
G: K 405 -1 85 1429 85 1891
G: P 406 -1 85 1891 -1 -1
G: D 407 -1 -1 -1 -1 -1
G: P 408 -1 -1 -1 86 356
G: K 409 -1 86 357 86 1191
G: K 410 -1 86 1190 86 2759
G: K 411 -1 86 2774 86 3296
G: P 412 -1 86 3288 -1 -1
G: D 413 -1 -1 -1 -1 -1
G: D 414 -1 -1 -1 -1 -1
G: D 415 -1 -1 -1 -1 -1
G: P 416 -1 -1 -1 87 1069
G: K 417 1 87 1135 87 1609
G: K 418 -1 87 1605 87 2307
G: P 419 -1 87 2309 -1 -1
G: P 420 -1 -1 -1 88 268
G: K 421 -1 88 267 88 1416
G: P 422 -1 88 1536 -1 -1
G: P 423 -1 -1 -1 89 918
G: K 424 -1 89 973 89 1378
G: K 425 -1 89 1383 89 1824
G: P 426 -1 89 1861 -1 -1
G: P 427 -1 -1 -1 90 1172
G: P 428 -1 90 1143 -1 -1
G: D 429 -1 -1 -1 -1 -1
G: D 430 -1 -1 -1 -1 -1
G: P 431 1 -1 -1 91 1354
G: K 432 1 91 1376 91 1574
G: K 433 1 91 1609 91 2044
G: K 434 1 91 2154 91 2691
G: P 435 -1 91 2687 -1 -1
G: P 436 -1 -1 -1 92 15
G: K 437 -1 92 7 92 736
G: K 438 -1 92 795 92 2052
G: P 439 1 92 2137 -1 -1
G: D 440 1 -1 -1 -1 -1
G: D 441 1 -1 -1 -1 -1
G: P 442 1 -1 -1 93 200
G: K 443 1 93 219 93 1398
G: K 444 -1 93 1802 93 2630
G: P 445 -1 93 2629 -1 -1
G: D 446 -1 -1 -1 -1 -1
G: D 447 -1 -1 -1 -1 -1
G: P 448 -1 -1 -1 94 301
G: K 449 -1 94 316 94 682
G: K 450 -1 94 665 94 1373
G: K 451 -1 94 1372 94 1672
G: P 452 -1 94 2282 -1 -1
G: D 453 -1 -1 -1 -1 -1
G: K 454 -1 95 193 95 1075
G: K 455 -1 95 1074 95 2292
G: K 456 1 95 2344 95 3130
G: P 457 1 95 3114 -1 -1
G: D 458 -1 -1 -1 -1 -1
G: D 459 1 -1 -1 -1 -1
G: P 460 -1 -1 -1 96 387
G: K 461 -1 96 939 96 3102
G: P 462 -1 96 3279 -1 -1
G: D 463 -1 -1 -1 -1 -1
G: D 464 1 -1 -1 -1 -1
G: P 465 -1 -1 -1 97 814
G: K 466 -1 97 794 97 2291
G: K 467 -1 97 2277 97 3054
G: P 468 -1 97 3046 -1 -1
G: D 469 -1 -1 -1 -1 -1
G: D 470 -1 -1 -1 -1 -1
G: D 471 -1 -1 -1 -1 -1
G: D 472 -1 -1 -1 -1 -1
G: P 473 -1 -1 -1 99 1
G: K 474 -1 99 63 99 1407
G: K 475 -1 99 2049 99 2862
G: P 504 1 99 2887 -1 -1
