The input genome is 592613 bp long, 355567 will be kept.
min distance 234
----------------------------------------
fragments: id start end
F: 0 1970 5407
F: 1 7764 12146
F: 2 14737 18321
F: 3 20316 24252
F: 4 26456 30434
F: 5 32876 37432
F: 6 39515 42605
F: 7 44911 47850
F: 8 50496 53571
F: 9 55749 58842
F: 10 61462 65914
F: 11 67831 70928
F: 12 73190 76553
F: 13 78493 82020
F: 14 84640 88817
F: 15 90887 94846
F: 16 97711 101818
F: 17 103488 106833
F: 18 109309 113247
F: 19 116180 119578
F: 20 121908 125316
F: 21 127519 130354
F: 22 132196 136020
F: 23 138811 142019
F: 24 143989 147006
F: 25 149410 152746
F: 26 154306 157465
F: 27 158936 162421
F: 28 165254 169519
F: 29 172315 176552
F: 30 179117 182336
F: 31 184802 188520
F: 32 190619 194209
F: 33 196882 199889
F: 34 201897 206203
F: 35 207910 212100
F: 36 214439 218085
F: 37 220841 224856
F: 38 226929 230078
F: 39 232244 235194
F: 40 238838 242233
F: 41 244326 247985
F: 42 250809 254143
F: 43 256924 260449
F: 44 262839 266473
F: 45 269362 272682
F: 46 274996 278795
F: 47 281296 285032
F: 48 287569 290988
F: 49 293594 297042
F: 50 299816 302563
F: 51 305163 309017
F: 52 311269 315422
F: 53 318046 321489
F: 54 323796 327344
F: 55 329454 333045
F: 56 335084 340045
F: 57 342018 344942
F: 58 347313 350534
F: 59 353291 356771
F: 60 358696 361608
F: 61 364499 368504
F: 62 371275 375570
F: 63 377950 381779
F: 64 384241 388013
F: 65 390096 393724
F: 66 395452 398767
F: 67 400921 403646
F: 68 405926 409248
F: 69 412176 416078
F: 70 419089 422925
F: 71 425274 428889
F: 72 431422 434121
F: 73 436647 440497
F: 74 443245 446267
F: 75 449007 453254
F: 76 455653 459356
F: 77 460857 464516
F: 78 467096 470660
F: 79 472816 476370
F: 80 478731 482699
F: 81 485413 489187
F: 82 492121 495745
F: 83 497898 501617
F: 84 503983 507423
F: 85 509949 512985
F: 86 514887 518402
F: 87 520682 523834
F: 88 525915 529699
F: 89 531969 535112
F: 90 537380 540957
F: 91 543001 546461
F: 92 549038 552067
F: 93 554299 557514
F: 94 559984 562795
F: 95 564821 568261
F: 96 571094 574675
F: 97 576828 580542
F: 98 583294 586304
F: 99 588446 592379
----------------------------------------
genes: [Kept,Partial,Discared] locus strand fragment1 start_pos fragment2 end_pos 
G: D 0 1 -1 -1 -1 -1
G: P 1 1 -1 -1 0 814
G: K 2 1 0 898 0 2860
G: P 3 1 0 2874 -1 -1
G: P 4 1 -1 -1 1 867
G: K 5 1 1 870 1 1497
G: K 6 1 1 1469 1 2234
G: K 7 1 1 2236 1 3562
G: K 8 1 1 3561 1 4350
G: P 494 -1 1 4377 -1 -1
G: D 9 1 -1 -1 -1 -1
G: D 10 -1 -1 -1 -1 -1
G: D 568 -1 -1 -1 -1 -1
G: P 11 -1 -1 -1 2 790
G: K 12 -1 2 752 2 1574
G: P 13 1 2 1912 -1 -1
G: P 14 1 -1 -1 3 36
G: K 15 1 3 45 3 3159
G: P 16 1 3 3200 -1 -1
G: D 17 1 -1 -1 -1 -1
G: P 18 1 -1 -1 4 693
G: K 19 1 4 722 4 1160
G: K 20 1 4 1165 4 2026
G: K 21 1 4 2026 4 3142
G: P 22 1 4 3344 -1 -1
G: D 23 1 -1 -1 -1 -1
G: D 24 1 -1 -1 -1 -1
G: D 25 1 -1 -1 -1 -1
G: P 26 -1 -1 -1 5 0
G: K 27 -1 5 1 5 637
G: P 28 -1 5 670 -1 -1
G: P 29 1 -1 -1 6 728
G: K 30 1 6 877 6 1657
G: K 31 -1 6 1625 6 2276
G: P 32 1 6 2304 -1 -1
G: D 33 1 -1 -1 -1 -1
G: P 34 1 -1 -1 7 1135
G: K 35 -1 7 1131 7 2664
G: P 36 -1 7 2654 -1 -1
G: P 37 1 -1 -1 8 203
G: K 38 1 8 223 8 490
G: K 39 1 8 687 8 2376
G: P 40 1 8 2380 -1 -1
G: D 41 1 -1 -1 -1 -1
G: P 42 1 -1 -1 9 286
G: K 43 1 9 287 9 1241
G: K 44 1 9 1224 9 2382
G: P 45 -1 9 2611 -1 -1
G: D 46 1 -1 -1 -1 -1
G: D 47 1 -1 -1 -1 -1
G: P 48 1 -1 -1 10 989
G: K 49 1 10 997 10 1390
G: K 50 1 10 1389 10 3060
G: K 51 -1 10 3036 10 3984
G: K 571 -1 10 3986 10 4277
G: P 52 -1 10 4278 -1 -1
G: D 53 -1 -1 -1 -1 -1
G: D 54 -1 -1 -1 -1 -1
G: D 55 -1 -1 -1 -1 -1
G: P 56 -1 -1 -1 11 160
G: K 57 -1 11 138 11 1137
G: K 58 -1 11 1117 11 1561
G: K 59 1 11 1567 11 2455
G: P 60 -1 11 2433 -1 -1
G: P 61 1 -1 -1 12 1170
G: K 62 1 12 1120 12 2038
G: K 63 1 12 2293 13 986
G: K 64 1 13 985 13 2386
G: P 65 1 13 2389 -1 -1
G: D 66 1 -1 -1 -1 -1
G: P 67 1 -1 -1 14 1237
G: P 68 1 -1 -1 15 1900
G: K 69 1 15 2010 15 2865
G: P 70 1 15 2869 -1 -1
G: P 71 1 -1 -1 16 1131
G: K 72 1 16 1108 16 3103
G: K 73 1 16 3105 16 3519
G: K 74 1 16 3582 17 916
G: K 75 -1 17 912 17 1329
G: K 76 1 17 1562 17 2786
G: P 77 1 17 2778 -1 -1
G: D 78 1 -1 -1 -1 -1
G: P 79 1 -1 -1 18 1862
G: K 80 1 18 1917 18 2331
G: K 81 1 18 2330 18 3011
G: K 82 1 18 3010 18 3610
G: P 83 1 18 3602 -1 -1
G: D 84 1 -1 -1 -1 -1
G: D 85 1 -1 -1 -1 -1
G: P 86 1 -1 -1 19 195
G: K 87 1 19 211 19 697
G: K 88 1 19 706 19 2779
G: P 89 1 19 2830 -1 -1
G: D 90 1 -1 -1 -1 -1
G: D 91 1 -1 -1 -1 -1
G: D 92 1 -1 -1 -1 -1
G: P 93 1 -1 -1 20 412
G: K 94 1 20 415 20 1612
G: P 95 1 20 1795 -1 -1
G: D 96 1 -1 -1 -1 -1
G: P 97 1 -1 -1 21 458
G: K 98 1 21 460 21 1897
G: P 99 1 21 1889 -1 -1
G: D 100 1 -1 -1 -1 -1
G: P 101 1 -1 -1 22 250
G: K 102 1 22 239 22 1085
G: K 103 1 22 1106 22 1334
G: K 104 1 22 1336 22 3523
G: P 105 1 22 3530 -1 -1
G: D 106 -1 -1 -1 -1 -1
G: D 107 1 -1 -1 -1 -1
G: D 108 1 -1 -1 -1 -1
G: P 109 1 -1 -1 23 659
G: K 110 1 23 645 23 1494
G: K 111 1 23 1508 23 2825
G: P 112 1 23 2814 -1 -1
G: D 113 1 -1 -1 -1 -1
G: P 114 1 -1 -1 24 296
G: K 115 1 24 320 24 794
G: K 116 1 24 802 24 1561
G: K 117 1 24 1553 24 2198
G: P 118 1 24 2178 -1 -1
G: D 119 1 -1 -1 -1 -1
G: P 120 1 -1 -1 25 1112
G: K 121 1 25 1114 25 2038
G: P 122 1 25 2077 -1 -1
G: P 123 1 -1 -1 26 743
G: K 124 1 26 789 26 1098
G: K 125 1 26 1103 26 1970
G: K 126 -1 26 1950 26 3003
G: P 127 1 26 3038 -1 -1
G: D 128 1 -1 -1 -1 -1
G: D 129 1 -1 -1 -1 -1
G: P 130 1 -1 -1 27 1460
G: K 131 -1 27 2020 27 2446
G: K 132 -1 27 2423 27 3218
G: P 133 1 27 3237 -1 -1
G: D 134 -1 -1 -1 -1 -1
G: D 135 1 -1 -1 -1 -1
G: P 136 1 -1 -1 28 734
G: K 137 1 28 733 28 2548
G: P 138 1 28 2631 -1 -1
G: P 139 1 -1 -1 30 2462
G: P 569 -1 30 2465 -1 -1
G: D 140 1 -1 -1 -1 -1
G: D 141 1 -1 -1 -1 -1
G: P 142 1 -1 -1 31 1587
G: K 143 1 31 1573 31 1912
G: K 144 1 31 1936 31 2788
G: K 145 1 31 2787 31 3597
G: P 146 1 31 3609 -1 -1
G: P 147 1 -1 -1 32 187
G: K 148 1 32 225 32 1473
G: K 149 1 32 1548 32 2409
G: K 150 1 32 2448 32 2913
G: K 151 1 32 3002 32 3323
G: P 152 1 32 3326 -1 -1
G: D 153 1 -1 -1 -1 -1
G: D 154 1 -1 -1 -1 -1
G: D 155 1 -1 -1 -1 -1
G: D 156 1 -1 -1 -1 -1
G: P 157 1 -1 -1 33 392
G: K 158 1 33 394 33 1198
G: K 159 1 33 1203 33 1620
G: K 160 1 33 1619 33 2222
G: K 161 1 33 2221 33 2476
G: K 162 1 33 2479 33 2845
G: P 163 1 33 2844 -1 -1
G: D 164 1 -1 -1 -1 -1
G: D 165 1 -1 -1 -1 -1
G: D 166 1 -1 -1 -1 -1
G: D 167 1 -1 -1 -1 -1
G: P 168 1 -1 -1 34 224
G: K 169 1 34 228 34 864
G: K 170 1 34 869 34 1319
G: K 171 1 34 1318 34 2746
G: K 172 1 34 2739 34 3396
G: K 173 1 34 3398 34 4157
G: P 174 1 34 4156 -1 -1
G: D 175 1 -1 -1 -1 -1
G: D 176 1 -1 -1 -1 -1
G: D 177 1 -1 -1 -1 -1
G: P 178 1 -1 -1 35 224
G: K 179 1 35 236 35 614
G: K 180 1 35 600 35 1428
G: K 181 1 35 1409 35 2336
G: K 182 1 35 2328 35 3612
G: P 183 1 35 3604 -1 -1
G: D 184 1 -1 -1 -1 -1
G: P 185 1 -1 -1 36 595
G: K 186 1 36 694 36 2797
G: D 187 1 -1 -1 -1 -1
G: P 188 1 -1 -1 37 1406
G: K 189 1 37 1408 37 2425
G: K 190 1 37 2393 37 3362
G: P 191 1 37 3530 -1 -1
G: D 493 1 -1 -1 -1 -1
G: D 192 1 -1 -1 -1 -1
G: D 492 -1 -1 -1 -1 -1
G: P 193 1 -1 -1 39 2172
G: D 194 1 -1 -1 -1 -1
G: P 195 1 -1 -1 40 1987
G: K 196 1 40 2045 40 2591
G: K 197 1 40 2593 40 2773
G: K 198 1 40 2775 40 3153
G: P 199 1 -1 -1 41 199
G: K 200 1 41 210 41 864
G: K 201 1 41 873 41 1242
G: K 202 1 41 1369 41 3295
G: P 203 1 41 3294 -1 -1
G: P 204 -1 -1 -1 42 251
G: K 205 1 42 286 42 2098
G: K 206 1 42 2078 42 2582
G: K 207 -1 42 2574 42 3174
G: P 208 -1 42 3157 -1 -1
G: D 209 -1 -1 -1 -1 -1
G: D 210 1 -1 -1 -1 -1
G: D 211 1 -1 -1 -1 -1
G: P 212 1 -1 -1 43 49
G: K 213 1 43 51 43 390
G: K 214 1 43 382 43 1189
G: K 215 1 43 1181 43 2597
G: K 216 1 43 2580 43 3207
G: P 217 1 43 3225 -1 -1
G: D 218 1 -1 -1 -1 -1
G: K 219 1 44 757 44 1888
G: K 490 -1 44 1904 44 2159
G: K 220 1 44 2160 45 1121
G: K 221 1 45 1123 45 2179
G: K 222 1 45 2132 45 2585
G: K 223 -1 45 2616 45 2898
G: P 224 1 45 3207 -1 -1
G: D 225 1 -1 -1 -1 -1
G: P 226 1 -1 -1 46 170
G: K 227 1 46 172 46 1303
G: K 228 1 46 1348 46 2830
G: P 229 1 46 2795 -1 -1
G: D 230 1 -1 -1 -1 -1
G: D 231 1 -1 -1 -1 -1
G: P 232 1 -1 -1 47 852
G: K 233 1 47 855 47 1317
G: K 234 1 47 1335 47 3516
G: P 235 1 47 3608 -1 -1
G: D 236 1 -1 -1 -1 -1
G: D 237 1 -1 -1 -1 -1
G: D 238 1 -1 -1 -1 -1
G: D 239 1 -1 -1 -1 -1
G: P 240 1 -1 -1 48 415
G: K 241 1 48 444 48 1779
G: P 242 1 48 1847 -1 -1
G: D 243 -1 -1 -1 -1 -1
G: P 244 1 -1 -1 49 1204
G: K 245 1 49 1209 49 3108
G: D 246 1 -1 -1 -1 -1
G: P 247 1 -1 -1 50 195
G: K 248 1 50 187 50 1033
G: K 249 -1 50 1016 50 1733
G: K 250 -1 50 1719 50 2394
G: P 251 -1 50 2377 -1 -1
G: D 489 1 -1 -1 -1 -1
G: P 252 -1 -1 -1 51 1535
G: K 253 -1 51 1524 51 2865
G: K 254 -1 51 2884 51 3622
G: P 255 -1 51 3624 -1 -1
G: P 256 -1 -1 -1 52 804
G: K 257 1 52 979 52 2089
G: K 258 1 52 2192 52 2648
G: K 259 1 52 2814 52 3585
G: K 260 1 52 3627 52 3924
G: P 261 1 52 3923 -1 -1
G: D 262 1 -1 -1 -1 -1
G: P 263 1 -1 -1 53 2076
G: P 264 1 -1 -1 54 1843
G: K 265 1 54 1849 54 2728
G: P 266 1 54 2727 -1 -1
G: D 267 1 -1 -1 -1 -1
G: D 268 1 -1 -1 -1 -1
G: P 269 -1 -1 -1 55 307
G: K 270 -1 55 325 55 2731
G: K 271 -1 55 2731 55 3079
G: P 272 -1 55 3112 -1 -1
G: D 273 -1 -1 -1 -1 -1
G: P 274 -1 -1 -1 56 727
G: K 275 -1 56 737 56 2126
G: K 276 -1 56 2129 56 3284
G: K 277 -1 56 3533 56 4514
G: P 278 -1 56 4531 -1 -1
G: P 279 -1 -1 -1 57 171
G: K 280 -1 57 253 57 796
G: P 281 -1 57 809 -1 -1
G: P 282 1 -1 -1 58 668
G: K 283 -1 58 664 58 1339
G: K 284 -1 58 1331 58 2129
G: P 285 -1 58 2189 -1 -1
G: D 286 -1 -1 -1 -1 -1
G: P 287 1 -1 -1 59 842
G: K 288 1 59 1062 59 1467
G: K 289 1 59 1426 59 2473
G: K 290 1 59 2475 59 3072
G: K 291 1 59 3103 59 3361
G: P 292 1 60 2842 -1 -1
G: D 293 1 -1 -1 -1 -1
G: P 294 1 -1 -1 61 530
G: K 295 -1 61 526 61 955
G: K 296 -1 61 954 61 3675
G: P 297 -1 61 3732 -1 -1
G: D 298 -1 -1 -1 -1 -1
G: P 299 -1 -1 -1 62 320
G: K 301 -1 62 441 62 1500
G: P 302 -1 62 1506 -1 -1
G: D 303 -1 -1 -1 -1 -1
G: P 304 -1 -1 -1 63 216
G: K 305 -1 63 217 63 1246
G: K 306 -1 63 1276 63 2254
G: K 307 -1 63 2235 63 3312
G: P 308 -1 63 3293 -1 -1
G: D 309 -1 -1 -1 -1 -1
G: P 310 -1 -1 -1 64 1030
G: P 311 -1 64 1029 -1 -1
G: D 312 -1 -1 -1 -1 -1
G: D 313 -1 -1 -1 -1 -1
G: D 314 1 -1 -1 -1 -1
G: D 315 -1 -1 -1 -1 -1
G: P 316 -1 -1 -1 66 3278
G: D 317 -1 -1 -1 -1 -1
G: P 318 -1 -1 -1 67 138
G: K 319 -1 67 161 67 1055
G: K 320 -1 67 978 67 2088
G: P 321 -1 67 2128 -1 -1
G: D 322 -1 -1 -1 -1 -1
G: P 323 -1 -1 -1 68 351
G: K 324 -1 68 454 68 1315
G: P 325 -1 68 1635 -1 -1
G: P 326 -1 -1 -1 69 723
G: K 327 1 69 779 69 1475
G: K 328 -1 69 2310 69 3129
G: P 329 -1 69 3073 -1 -1
G: D 330 -1 -1 -1 -1 -1
G: D 331 -1 -1 -1 -1 -1
G: D 332 -1 -1 -1 -1 -1
G: P 333 -1 -1 -1 70 1384
G: K 334 -1 70 1422 70 2763
G: K 335 -1 70 2766 70 3420
G: P 336 -1 70 3428 -1 -1
G: D 337 -1 -1 -1 -1 -1
G: P 338 -1 -1 -1 71 1754
G: K 339 -1 71 1743 71 2322
G: K 340 -1 71 2329 71 2548
G: P 341 1 71 2609 -1 -1
G: D 342 1 -1 -1 -1 -1
G: D 343 1 -1 -1 -1 -1
G: D 344 -1 -1 -1 -1 -1
G: D 345 -1 -1 -1 -1 -1
G: P 346 -1 73 1552 -1 -1
G: D 347 -1 -1 -1 -1 -1
G: D 348 -1 -1 -1 -1 -1
G: D 349 -1 -1 -1 -1 -1
G: D 350 -1 -1 -1 -1 -1
G: P 351 -1 -1 -1 75 2569
G: K 352 1 75 2612 75 3116
G: K 353 1 75 3106 75 3748
G: P 570 1 75 3898 -1 -1
G: D 354 -1 -1 -1 -1 -1
G: K 355 1 76 132 76 1374
G: K 356 1 76 1373 76 2327
G: K 357 -1 76 2544 76 3234
G: P 358 1 76 3281 -1 -1
G: D 359 1 -1 -1 -1 -1
G: D 360 -1 -1 -1 -1 -1
G: P 361 1 -1 -1 77 56
G: K 362 -1 77 58 77 2203
G: K 363 -1 77 2356 77 3208
G: P 364 -1 77 3220 -1 -1
G: D 365 1 -1 -1 -1 -1
G: P 366 1 -1 -1 78 498
G: K 367 -1 78 487 78 1723
G: K 368 1 78 1842 78 2334
G: K 369 1 78 2356 78 2725
G: K 370 1 78 2727 78 2907
G: K 371 -1 78 2921 78 3188
G: P 372 1 78 3251 -1 -1
G: D 373 1 -1 -1 -1 -1
G: P 374 1 -1 -1 79 1166
G: K 375 -1 79 1189 79 1978
G: K 376 -1 79 1967 79 2957
G: P 377 -1 79 2956 -1 -1
G: D 378 -1 -1 -1 -1 -1
G: P 379 -1 -1 -1 80 770
G: K 380 -1 80 762 80 1950
G: K 381 -1 80 1933 80 2785
G: K 382 -1 80 2785 80 3628
G: P 383 -1 80 3620 -1 -1
G: D 384 -1 -1 -1 -1 -1
G: D 385 -1 -1 -1 -1 -1
G: P 386 -1 -1 -1 81 1212
G: K 387 1 81 1240 81 3085
G: K 388 1 81 3077 81 3659
G: P 389 1 81 3651 -1 -1
G: D 390 1 -1 -1 -1 -1
G: D 391 -1 -1 -1 -1 -1
G: P 392 -1 -1 -1 82 761
G: K 393 -1 82 760 82 1210
G: K 394 -1 82 1380 82 2094
G: K 395 -1 82 2096 83 1212
G: K 396 -1 83 1498 83 2377
G: K 397 -1 83 2364 83 2829
G: K 398 -1 83 2815 83 3202
G: P 399 -1 83 3205 -1 -1
G: P 400 -1 -1 -1 84 575
G: K 401 -1 84 591 84 2241
G: P 403 -1 84 2378 -1 -1
G: D 404 -1 -1 -1 -1 -1
G: P 405 -1 -1 -1 85 79
G: K 406 -1 85 79 85 1795
G: K 407 -1 85 1796 85 2210
G: P 408 -1 85 2214 -1 -1
G: D 409 -1 -1 -1 -1 -1
G: P 410 -1 -1 -1 86 1176
G: K 411 -1 86 1191 86 1728
G: K 412 -1 86 1720 86 2347
G: K 413 -1 86 2349 86 2661
G: P 414 -1 86 2663 -1 -1
G: D 415 -1 -1 -1 -1 -1
G: D 416 -1 -1 -1 -1 -1
G: P 417 1 -1 -1 87 129
G: K 418 -1 87 125 87 812
G: K 419 -1 87 814 87 1813
G: P 420 -1 87 1797 -1 -1
G: D 421 -1 -1 -1 -1 -1
G: P 422 -1 -1 -1 88 2989
G: P 423 -1 88 3053 -1 -1
G: D 424 -1 -1 -1 -1 -1
G: D 425 -1 -1 -1 -1 -1
G: P 426 -1 -1 -1 89 1758
G: P 427 -1 89 1763 -1 -1
G: P 428 -1 -1 -1 90 1765
G: K 429 -1 90 1802 90 3488
G: P 430 -1 90 3490 -1 -1
G: D 431 1 -1 -1 -1 -1
G: D 432 1 -1 -1 -1 -1
G: P 433 1 -1 -1 91 358
G: K 434 1 91 468 91 984
G: K 435 -1 91 980 91 2714
G: P 436 -1 91 2717 -1 -1
G: D 437 -1 -1 -1 -1 -1
G: P 438 -1 -1 -1 92 190
G: K 439 1 92 275 92 1172
G: K 440 1 92 1152 92 1893
G: K 441 1 92 1892 92 2450
G: P 442 1 92 2450 -1 -1
G: D 443 1 -1 -1 -1 -1
G: P 444 -1 -1 -1 93 789
G: K 445 -1 93 788 93 1571
G: K 446 -1 93 1713 93 2124
G: K 447 -1 93 2294 93 3113
G: P 448 -1 93 3084 -1 -1
G: P 567 -1 -1 -1 94 590
G: K 449 -1 94 591 94 951
G: K 450 -1 94 934 94 1630
G: K 451 -1 94 1629 94 1911
G: P 452 -1 94 2521 -1 -1
G: D 453 -1 -1 -1 -1 -1
G: K 454 -1 95 439 95 1312
G: K 455 -1 95 1311 95 2496
G: K 456 1 95 2548 95 3349
G: P 457 1 95 3336 -1 -1
G: D 458 -1 -1 -1 -1 -1
G: D 459 1 -1 -1 -1 -1
G: P 460 -1 -1 -1 96 594
G: K 461 -1 96 1146 96 3297
G: P 462 -1 96 3474 -1 -1
G: D 463 -1 -1 -1 -1 -1
G: D 464 1 -1 -1 -1 -1
G: P 465 -1 -1 -1 97 1176
G: K 466 -1 97 1153 97 2617
G: K 467 -1 97 2603 97 3398
G: P 468 -1 97 3387 -1 -1
G: D 469 -1 -1 -1 -1 -1
G: D 470 -1 -1 -1 -1 -1
G: D 471 -1 -1 -1 -1 -1
G: P 491 -1 -1 -1 98 211
G: K 472 -1 98 212 99 436
G: K 473 -1 99 441 99 1296
G: K 474 -1 99 1358 99 2672
G: P 475 -1 99 3314 -1 -1
