The input genome is 591503 bp long, 354901 will be kept.
min distance 234
----------------------------------------
fragments: id start end
F: 0 1970 5407
F: 1 7848 12230
F: 2 14821 18405
F: 3 20400 24331
F: 4 26427 30405
F: 5 32847 37403
F: 6 39486 42577
F: 7 44883 47822
F: 8 50468 53543
F: 9 55721 58814
F: 10 61434 65814
F: 11 67731 70828
F: 12 73093 76456
F: 13 78347 81874
F: 14 84541 88627
F: 15 90674 94633
F: 16 97498 101605
F: 17 103275 106620
F: 18 109096 113034
F: 19 115967 119365
F: 20 121695 125103
F: 21 127306 130141
F: 22 131983 135807
F: 23 138594 141802
F: 24 143798 146815
F: 25 149294 152635
F: 26 154195 157341
F: 27 158841 162326
F: 28 165194 169459
F: 29 172211 176399
F: 30 178964 182183
F: 31 184587 188305
F: 32 190407 193997
F: 33 196670 199677
F: 34 201685 205991
F: 35 207609 211756
F: 36 214095 217741
F: 37 220497 224512
F: 38 226585 229734
F: 39 231818 234768
F: 40 238412 241807
F: 41 243947 247605
F: 42 250429 253763
F: 43 256544 260042
F: 44 262364 265998
F: 45 268887 272201
F: 46 274515 278314
F: 47 280866 284550
F: 48 287087 290506
F: 49 293162 296610
F: 50 299384 302102
F: 51 304792 308645
F: 52 310897 315050
F: 53 317642 321085
F: 54 323392 326940
F: 55 329028 332619
F: 56 334658 339619
F: 57 341592 344516
F: 58 346968 350189
F: 59 352946 356426
F: 60 358351 361263
F: 61 364154 368159
F: 62 370930 375130
F: 63 377510 381339
F: 64 383801 387573
F: 65 389656 393284
F: 66 395012 398327
F: 67 400481 403206
F: 68 405486 408808
F: 69 411767 415669
F: 70 418673 422509
F: 71 424858 428473
F: 72 430911 433610
F: 73 436136 439986
F: 74 442734 445756
F: 75 448451 452640
F: 76 455104 458807
F: 77 460308 463967
F: 78 466547 470111
F: 79 472267 475821
F: 80 478196 482164
F: 81 484878 488628
F: 82 491562 495186
F: 83 497339 501058
F: 84 503424 506823
F: 85 509202 512238
F: 86 514143 517658
F: 87 519938 523090
F: 88 525079 528863
F: 89 531159 534311
F: 90 536579 540156
F: 91 542200 545660
F: 92 548098 551127
F: 93 553359 556574
F: 94 558953 561764
F: 95 563790 567156
F: 96 569989 573570
F: 97 575716 579430
F: 98 582182 585192
F: 99 587336 591269
----------------------------------------
genes: [Kept,Partial,Discared] locus strand fragment1 start_pos fragment2 end_pos 
G: D 0 1 -1 -1 -1 -1
G: P 1 1 -1 -1 0 802
G: K 2 1 0 886 0 2848
G: P 3 1 0 2862 -1 -1
G: P 4 1 -1 -1 1 774
G: K 5 1 1 777 1 1410
G: K 6 1 1 1382 1 2165
G: K 7 1 1 2167 1 3535
G: K 8 1 1 3534 1 4326
G: P 9 1 1 4354 -1 -1
G: D 10 -1 -1 -1 -1 -1
G: D 11 -1 -1 -1 -1 -1
G: P 12 -1 -1 -1 2 566
G: K 13 1 2 904 2 2824
G: P 14 1 2 2870 -1 -1
G: P 15 1 -1 -1 3 2217
G: K 16 1 3 2258 3 3464
G: P 17 1 3 3447 -1 -1
G: D 18 1 -1 -1 -1 -1
G: P 19 1 -1 -1 4 364
G: K 20 1 4 369 4 1239
G: K 21 1 4 1239 4 2343
G: K 22 1 4 2545 4 3445
G: P 23 1 4 3448 -1 -1
G: D 24 1 -1 -1 -1 -1
G: D 25 1 -1 -1 -1 -1
G: D 26 -1 -1 -1 -1 -1
G: D 27 -1 -1 -1 -1 -1
G: P 28 -1 -1 -1 5 4221
G: P 516 -1 5 4482 -1 -1
G: P 29 1 -1 -1 6 310
G: K 30 1 6 459 6 1236
G: K 31 -1 6 1204 6 1840
G: P 32 1 6 1868 -1 -1
G: D 33 1 -1 -1 -1 -1
G: P 34 1 -1 -1 7 707
G: K 35 -1 7 703 7 2248
G: P 36 -1 7 2238 -1 -1
G: D 37 1 -1 -1 -1 -1
G: P 38 1 -1 -1 8 44
G: K 39 1 8 241 8 1951
G: K 40 1 8 1955 8 2816
G: P 41 1 8 2796 -1 -1
G: D 42 1 -1 -1 -1 -1
G: P 43 1 -1 -1 9 807
G: K 44 1 9 790 9 1942
G: P 45 -1 9 2171 -1 -1
G: D 46 1 -1 -1 -1 -1
G: D 47 1 -1 -1 -1 -1
G: P 48 1 -1 -1 10 513
G: K 49 1 10 521 10 917
G: K 50 1 10 916 10 2593
G: K 51 -1 10 2569 10 3526
G: K 52 -1 10 3529 10 3904
G: K 53 -1 10 3910 10 4060
G: P 54 -1 10 4073 -1 -1
G: D 55 -1 -1 -1 -1 -1
G: D 56 -1 -1 -1 -1 -1
G: P 57 -1 -1 -1 11 484
G: K 58 -1 11 464 11 920
G: K 59 1 11 926 11 1823
G: P 60 -1 11 1801 -1 -1
G: P 61 1 -1 -1 12 499
G: K 62 1 12 449 12 1388
G: K 63 1 12 1643 13 385
G: K 64 1 13 384 13 1791
G: P 65 1 13 1794 -1 -1
G: D 518 1 -1 -1 -1 -1
G: D 66 1 -1 -1 -1 -1
G: P 67 1 -1 -1 14 1237
G: P 478 -1 -1 -1 15 551
G: K 68 1 15 673 15 3412
G: P 69 1 15 3522 -1 -1
G: P 70 1 -1 -1 16 266
G: K 71 1 16 255 16 2688
G: P 72 1 16 2665 -1 -1
G: D 73 1 -1 -1 -1 -1
G: P 74 1 -1 -1 17 2503
G: K 75 -1 17 2499 17 2925
G: P 76 1 17 3158 -1 -1
G: D 77 1 -1 -1 -1 -1
G: P 78 1 -1 -1 18 927
G: K 79 1 18 926 18 3473
G: P 80 1 18 3528 -1 -1
G: D 81 1 -1 -1 -1 -1
G: D 82 1 -1 -1 -1 -1
G: D 83 1 -1 -1 -1 -1
G: P 84 1 -1 -1 19 154
G: K 85 1 19 146 19 1295
G: K 86 1 19 1323 19 1752
G: K 87 1 19 1768 19 2248
G: P 88 1 19 2257 -1 -1
G: D 89 1 -1 -1 -1 -1
G: D 90 1 -1 -1 -1 -1
G: P 91 1 -1 -1 20 73
G: K 92 1 20 75 20 546
G: K 93 1 20 529 20 1936
G: K 94 1 20 1939 20 3142
G: P 95 1 20 3325 -1 -1
G: P 96 1 -1 -1 21 488
G: K 97 1 21 587 21 2033
G: P 98 1 21 2035 -1 -1
G: P 99 1 -1 -1 22 227
G: K 100 1 22 201 22 870
G: K 101 1 22 862 22 1837
G: K 102 1 22 1826 22 2663
G: K 103 1 22 2684 22 2918
G: P 104 1 22 2920 -1 -1
G: D 105 1 -1 -1 -1 -1
G: D 106 -1 -1 -1 -1 -1
G: P 107 1 -1 -1 23 293
G: K 108 1 23 292 23 1075
G: K 109 1 23 1059 23 2241
G: K 110 1 23 2227 23 3049
G: P 111 1 23 3063 -1 -1
G: D 112 1 -1 -1 -1 -1
G: P 113 1 -1 -1 24 1170
G: K 114 1 24 1105 24 1822
G: K 115 1 24 1846 24 2320
G: P 116 1 24 2328 -1 -1
G: D 117 1 -1 -1 -1 -1
G: D 118 1 -1 -1 -1 -1
G: P 119 1 -1 -1 25 1003
G: K 120 1 25 1009 25 2566
G: P 121 1 25 2568 -1 -1
G: P 122 1 -1 -1 26 766
G: K 123 1 26 743 26 2162
G: K 124 1 26 2208 26 2517
G: P 125 1 26 2522 -1 -1
G: D 126 -1 -1 -1 -1 -1
G: P 127 1 -1 -1 27 243
G: K 128 1 27 250 27 1042
G: K 129 1 27 1041 27 1395
G: K 130 1 27 1384 27 2848
G: P 131 -1 27 3408 -1 -1
G: D 132 -1 -1 -1 -1 -1
G: D 133 1 -1 -1 -1 -1
G: D 134 -1 -1 -1 -1 -1
G: P 135 1 -1 -1 28 937
G: K 136 1 28 875 28 2108
G: K 137 1 28 2107 28 3946
G: P 138 1 28 4029 -1 -1
G: P 139 1 30 620 -1 -1
G: D 140 1 -1 -1 -1 -1
G: P 141 1 -1 -1 31 232
G: K 142 1 31 218 31 2096
G: K 143 1 31 2082 31 2418
G: K 144 1 31 2442 31 3306
G: P 145 1 31 3305 -1 -1
G: D 146 1 -1 -1 -1 -1
G: P 147 1 -1 -1 32 732
G: K 148 1 32 770 32 2009
G: K 149 1 32 2084 32 2945
G: K 150 1 32 2984 32 3452
G: P 151 1 32 3541 -1 -1
G: D 152 1 -1 -1 -1 -1
G: D 153 1 -1 -1 -1 -1
G: D 154 1 -1 -1 -1 -1
G: P 155 1 -1 -1 33 195
G: K 156 1 33 194 33 458
G: K 157 1 33 460 33 892
G: K 158 1 33 894 33 1704
G: K 476 -1 33 1708 33 2875
G: P 159 1 33 2876 -1 -1
G: D 160 1 -1 -1 -1 -1
G: D 161 1 -1 -1 -1 -1
G: D 162 1 -1 -1 -1 -1
G: D 163 1 -1 -1 -1 -1
G: P 164 1 -1 -1 34 425
G: K 165 1 34 427 34 619
G: K 166 1 34 612 34 1029
G: K 167 1 34 1035 34 1605
G: K 168 1 34 1606 34 1954
G: K 169 1 34 1958 34 2594
G: K 170 1 34 2599 34 3052
G: P 171 1 34 3051 -1 -1
G: D 172 1 -1 -1 -1 -1
G: D 173 1 -1 -1 -1 -1
G: P 174 1 -1 -1 35 190
G: K 175 1 35 200 35 314
G: K 176 1 35 313 35 700
G: K 177 1 35 699 35 1065
G: K 178 1 35 1080 35 2079
G: K 179 1 35 2091 35 2463
G: K 180 1 35 2449 35 3286
G: P 181 1 35 3270 -1 -1
G: D 182 1 -1 -1 -1 -1
G: D 183 1 -1 -1 -1 -1
G: P 184 1 -1 -1 36 1536
G: K 185 1 36 1536 36 2487
G: P 186 1 36 2586 -1 -1
G: K 187 1 37 801 37 1572
G: K 188 1 37 1564 37 3358
G: P 189 1 37 3360 -1 -1
G: D 190 1 -1 -1 -1 -1
G: P 191 1 -1 -1 38 315
G: P 192 1 38 321 -1 -1
G: P 193 1 -1 -1 39 2709
G: P 194 1 -1 -1 40 82
G: K 195 1 40 85 40 2536
G: K 196 1 40 2594 40 3143
G: K 197 1 40 3145 40 3328
G: P 198 1 40 3330 -1 -1
G: P 199 1 -1 -1 41 728
G: K 200 1 41 739 41 1387
G: K 201 1 41 1396 41 1762
G: P 202 1 41 1889 -1 -1
G: D 203 1 -1 -1 -1 -1
G: P 204 -1 -1 -1 42 745
G: K 205 1 42 780 42 2580
G: K 206 1 42 2560 42 3064
G: P 207 -1 42 3056 -1 -1
G: D 208 -1 -1 -1 -1 -1
G: D 209 -1 -1 -1 -1 -1
G: D 210 1 -1 -1 -1 -1
G: P 211 1 -1 -1 43 47
G: K 212 1 43 48 43 495
G: K 213 1 43 497 43 842
G: K 214 1 43 834 43 1641
G: K 215 1 43 1633 43 3082
G: P 216 1 43 3065 -1 -1
G: D 217 1 -1 -1 -1 -1
G: P 218 1 -1 -1 44 385
G: K 219 1 44 1304 44 2444
G: K 220 1 44 2461 45 1380
G: K 221 1 45 1382 45 2435
G: K 222 1 45 2391 45 2856
G: K 223 -1 45 2887 45 3169
G: D 224 1 -1 -1 -1 -1
G: D 225 1 -1 -1 -1 -1
G: P 226 1 -1 -1 46 441
G: K 227 1 46 443 46 1568
G: K 228 1 46 1613 46 3098
G: P 229 1 46 3066 -1 -1
G: D 230 1 -1 -1 -1 -1
G: P 231 1 -1 -1 47 17
G: K 232 1 47 22 47 1045
G: K 233 1 47 1048 47 1513
G: P 234 1 47 1531 -1 -1
G: D 235 1 -1 -1 -1 -1
G: D 236 1 -1 -1 -1 -1
G: D 237 1 -1 -1 -1 -1
G: D 238 1 -1 -1 -1 -1
G: D 239 1 -1 -1 -1 -1
G: P 240 1 -1 -1 48 633
G: K 241 1 48 662 48 1997
G: P 242 1 48 2065 -1 -1
G: D 243 -1 -1 -1 -1 -1
G: P 244 1 -1 -1 49 1426
G: K 245 1 49 1431 49 3324
G: D 246 1 -1 -1 -1 -1
G: P 247 1 -1 -1 50 402
G: K 248 1 50 394 50 1243
G: K 249 -1 50 1226 50 1946
G: K 250 -1 50 1932 50 2592
G: P 251 -1 50 2572 -1 -1
G: P 252 -1 -1 -1 51 541
G: K 253 -1 51 530 51 1883
G: K 254 -1 51 1902 51 2631
G: P 255 -1 51 2633 -1 -1
G: D 256 -1 -1 -1 -1 -1
G: K 257 1 52 1 52 1111
G: K 258 1 52 1214 52 1667
G: K 259 1 52 1833 52 2601
G: K 260 1 52 2646 52 2940
G: K 261 1 52 2939 52 4019
G: P 262 1 52 4019 -1 -1
G: P 263 1 -1 -1 53 1079
G: P 264 1 -1 -1 54 888
G: K 265 1 54 894 54 1770
G: K 266 1 54 1769 54 2624
G: P 267 1 54 2739 -1 -1
G: D 268 1 -1 -1 -1 -1
G: D 269 -1 -1 -1 -1 -1
G: P 270 -1 -1 -1 55 1756
G: K 271 -1 55 1756 55 2104
G: K 272 -1 55 2137 55 2821
G: P 273 -1 55 2971 -1 -1
G: D 274 -1 -1 -1 -1 -1
G: P 275 -1 -1 -1 56 1166
G: K 276 -1 56 1169 56 2342
G: K 277 -1 56 2591 56 3584
G: K 278 -1 56 3601 56 4702
G: P 279 -1 56 4729 -1 -1
G: D 280 -1 -1 -1 -1 -1
G: P 281 -1 -1 -1 57 2819
G: P 282 1 57 2861 -1 -1
G: P 283 -1 -1 -1 58 310
G: K 284 -1 58 299 58 1103
G: K 285 -1 58 1163 58 2858
G: D 286 -1 -1 -1 -1 -1
G: D 287 1 -1 -1 -1 -1
G: K 288 1 59 30 59 429
G: K 289 1 59 391 59 1435
G: K 290 1 59 1437 59 2034
G: K 291 1 59 2065 59 2320
G: K 292 1 60 1801 60 2908
G: P 293 1 60 2897 -1 -1
G: D 294 1 -1 -1 -1 -1
G: D 295 -1 -1 -1 -1 -1
G: P 296 -1 -1 -1 61 2592
G: K 520 -1 61 2648 61 3164
G: K 297 -1 61 3165 61 3900
G: P 298 -1 61 3892 -1 -1
G: D 299 -1 -1 -1 -1 -1
G: P 300 -1 -1 -1 62 166
G: K 301 -1 62 285 62 1326
G: P 302 -1 62 1332 -1 -1
G: D 303 -1 -1 -1 -1 -1
G: P 304 -1 -1 -1 63 197
G: K 305 -1 63 198 63 1212
G: K 306 -1 63 1242 63 2196
G: K 307 -1 63 2174 63 3251
G: P 308 -1 63 3232 -1 -1
G: D 309 -1 -1 -1 -1 -1
G: P 310 -1 -1 -1 64 981
G: P 311 -1 64 980 -1 -1
G: D 312 -1 -1 -1 -1 -1
G: P 521 1 -1 -1 65 781
G: P 313 -1 65 782 -1 -1
G: P 314 1 -1 -1 66 12
G: K 315 -1 66 18 66 636
G: P 316 -1 66 658 -1 -1
G: D 317 -1 -1 -1 -1 -1
G: P 318 -1 -1 -1 67 902
G: K 319 -1 67 925 67 1837
G: P 320 -1 67 1760 -1 -1
G: D 321 -1 -1 -1 -1 -1
G: P 322 -1 -1 -1 68 595
G: K 323 -1 68 611 68 1151
G: K 324 -1 68 1254 68 2124
G: P 325 -1 68 2444 -1 -1
G: P 326 -1 -1 -1 69 1492
G: K 327 1 69 1548 69 2232
G: K 328 -1 69 3067 69 3880
G: P 329 -1 69 3821 -1 -1
G: D 330 -1 -1 -1 -1 -1
G: D 331 -1 -1 -1 -1 -1
G: D 332 -1 -1 -1 -1 -1
G: P 333 -1 -1 -1 70 2172
G: K 334 -1 70 2210 70 3569
G: P 335 -1 70 3572 -1 -1
G: D 336 -1 -1 -1 -1 -1
G: D 337 -1 -1 -1 -1 -1
G: K 338 -1 71 55 71 2608
G: K 339 -1 71 2597 71 3176
G: K 340 -1 71 3183 71 3405
G: P 341 1 71 3463 -1 -1
G: D 342 1 -1 -1 -1 -1
G: P 343 1 -1 -1 72 221
G: P 344 -1 72 207 -1 -1
G: P 345 -1 -1 -1 73 10
G: P 346 -1 73 2477 -1 -1
G: D 347 -1 -1 -1 -1 -1
G: D 348 -1 -1 -1 -1 -1
G: P 349 -1 -1 -1 75 13
G: K 350 -1 75 16 75 859
G: K 351 -1 75 869 75 3578
G: K 352 1 75 3621 75 4122
G: P 353 1 75 4112 -1 -1
G: D 354 -1 -1 -1 -1 -1
G: P 355 1 -1 -1 76 858
G: K 356 1 76 857 76 1820
G: K 357 -1 76 2037 76 2712
G: K 358 1 76 2759 76 3314
G: P 359 1 76 3316 -1 -1
G: D 360 -1 -1 -1 -1 -1
G: D 361 1 -1 -1 -1 -1
G: P 362 -1 -1 -1 77 1657
G: K 363 -1 77 1810 77 2662
G: P 364 -1 77 2674 -1 -1
G: D 365 1 -1 -1 -1 -1
G: D 366 1 -1 -1 -1 -1
G: P 367 -1 -1 -1 78 1192
G: K 368 1 78 1311 78 1800
G: K 369 1 78 1822 78 2191
G: K 370 1 78 2193 78 2367
G: K 371 -1 78 2381 78 2648
G: K 372 1 78 2711 78 3386
G: P 373 1 78 3378 -1 -1
G: D 477 1 -1 -1 -1 -1
G: P 374 1 -1 -1 79 1166
G: K 375 -1 79 1189 79 1990
G: K 376 -1 79 1979 79 2975
G: P 377 -1 79 2974 -1 -1
G: D 378 -1 -1 -1 -1 -1
G: P 379 -1 -1 -1 80 729
G: K 380 -1 80 721 80 1879
G: K 381 -1 80 1865 80 2711
G: K 382 -1 80 2711 80 3554
G: P 383 -1 80 3546 -1 -1
G: D 384 -1 -1 -1 -1 -1
G: D 385 -1 -1 -1 -1 -1
G: P 386 -1 -1 -1 81 1141
G: K 387 1 81 1169 81 3032
G: K 388 1 81 3024 81 3612
G: P 389 1 81 3604 -1 -1
G: D 519 -1 -1 -1 -1 -1
G: P 390 1 -1 -1 82 126
G: K 391 -1 82 122 82 869
G: K 392 -1 82 861 82 2166
G: K 393 -1 82 2165 82 2630
G: K 394 -1 82 2800 82 3511
G: K 395 -1 82 3513 83 2680
G: P 396 -1 83 2966 -1 -1
G: D 397 -1 -1 -1 -1 -1
G: D 398 -1 -1 -1 -1 -1
G: P 399 -1 -1 -1 84 589
G: K 400 -1 84 696 84 2043
G: P 401 -1 84 2059 -1 -1
G: D 402 -1 -1 -1 -1 -1
G: D 403 -1 -1 -1 -1 -1
G: P 404 -1 -1 -1 85 1224
G: K 405 -1 85 1594 85 2053
G: P 406 -1 85 2053 -1 -1
G: D 407 -1 -1 -1 -1 -1
G: P 408 -1 -1 -1 86 684
G: K 409 -1 86 685 86 1525
G: K 410 -1 86 1524 86 3087
G: P 411 -1 86 3102 -1 -1
G: D 412 -1 -1 -1 -1 -1
G: D 413 -1 -1 -1 -1 -1
G: D 414 -1 -1 -1 -1 -1
G: P 415 -1 -1 -1 87 94
G: K 416 -1 87 99 87 1482
G: K 417 1 87 1548 87 2028
G: K 418 -1 87 2024 87 2702
G: P 419 -1 87 2704 -1 -1
G: P 420 -1 -1 -1 88 547
G: K 421 -1 88 546 88 1695
G: P 422 -1 88 1815 -1 -1
G: P 423 -1 -1 -1 89 1010
G: K 424 -1 89 1065 89 1464
G: K 425 -1 89 1469 89 1916
G: P 426 -1 89 1953 -1 -1
G: P 427 -1 -1 -1 90 1206
G: P 428 -1 90 1177 -1 -1
G: D 429 -1 -1 -1 -1 -1
G: P 430 -1 -1 -1 91 56
G: K 431 1 91 244 91 1612
G: K 432 1 91 1634 91 1826
G: K 433 1 91 1861 91 2293
G: K 434 1 91 2403 91 2919
G: P 435 -1 91 2915 -1 -1
G: P 436 -1 -1 -1 92 257
G: K 437 -1 92 249 92 987
G: K 438 -1 92 1046 92 2252
G: P 439 1 92 2337 -1 -1
G: D 440 1 -1 -1 -1 -1
G: D 441 1 -1 -1 -1 -1
G: P 442 1 -1 -1 93 475
G: K 443 1 93 494 93 1667
G: K 444 -1 93 2071 93 2893
G: P 445 -1 93 2892 -1 -1
G: D 446 -1 -1 -1 -1 -1
G: D 447 -1 -1 -1 -1 -1
G: P 448 -1 -1 -1 94 761
G: K 449 -1 94 776 94 1139
G: K 450 -1 94 1122 94 1824
G: K 451 -1 94 1823 94 2111
G: P 452 -1 94 2721 -1 -1
G: P 453 -1 -1 -1 95 14
G: K 517 1 95 671 95 1028
G: K 454 -1 95 1029 95 1902
G: K 455 -1 95 1901 95 3086
G: P 456 1 95 3138 -1 -1
G: D 457 1 -1 -1 -1 -1
G: D 458 -1 -1 -1 -1 -1
G: P 459 1 -1 -1 96 249
G: K 460 -1 96 238 96 1270
G: P 461 -1 96 1822 -1 -1
G: D 462 -1 -1 -1 -1 -1
G: D 463 -1 -1 -1 -1 -1
G: P 464 1 -1 -1 97 564
G: K 465 -1 97 560 97 1865
G: K 466 -1 97 1845 97 3324
G: P 467 -1 97 3310 -1 -1
G: D 468 -1 -1 -1 -1 -1
G: D 469 -1 -1 -1 -1 -1
G: D 470 -1 -1 -1 -1 -1
G: P 471 -1 -1 -1 98 229
G: K 472 -1 98 232 99 430
G: K 473 -1 99 435 99 1290
G: K 474 -1 99 1352 99 2663
G: P 475 -1 99 3305 -1 -1
