The input genome is 615865 bp long, 369519 will be kept.
min distance 243
----------------------------------------
fragments: id start end
F: 0 1957 5501
F: 1 8018 12470
F: 2 15321 19032
F: 3 21511 25489
F: 4 27823 31834
F: 5 34213 38806
F: 6 41029 44227
F: 7 46626 49701
F: 8 52360 55600
F: 9 57850 61029
F: 10 63862 68510
F: 11 70712 73891
F: 12 76159 79799
F: 13 81923 85598
F: 14 88264 92541
F: 15 94689 98689
F: 16 101688 105949
F: 17 107800 111145
F: 18 113716 117694
F: 19 120555 123989
F: 20 126253 129753
F: 21 132246 135200
F: 22 136956 141026
F: 23 144091 147356
F: 24 149267 152596
F: 25 154825 158481
F: 26 160141 163484
F: 27 165042 168607
F: 28 171722 176121
F: 29 179172 183435
F: 30 186234 189509
F: 31 192091 195908
F: 32 198286 201920
F: 33 204551 207761
F: 34 209559 213995
F: 35 215888 220296
F: 36 222788 226602
F: 37 229250 233441
F: 38 235664 238912
F: 39 241080 244162
F: 40 248036 251545
F: 41 253986 257738
F: 42 260794 264128
F: 43 267014 270718
F: 44 273104 276907
F: 45 279445 283116
F: 46 285480 289533
F: 47 292163 296250
F: 48 298749 302457
F: 49 305033 308756
F: 50 311585 314559
F: 51 316978 321201
F: 52 323604 327937
F: 53 330727 334272
F: 54 336572 340235
F: 55 342453 346176
F: 56 348382 353624
F: 57 355522 358493
F: 58 361086 364367
F: 59 367092 370665
F: 60 372664 375661
F: 61 378630 382815
F: 62 385770 390249
F: 63 392663 396743
F: 64 399180 403079
F: 65 405149 408952
F: 66 410800 414234
F: 67 416589 419469
F: 68 421783 425107
F: 69 428035 432083
F: 70 435267 439321
F: 71 441957 445653
F: 72 448305 451140
F: 73 453829 457752
F: 74 460531 463625
F: 75 466683 471078
F: 76 473606 477408
F: 77 478986 483137
F: 78 485798 489471
F: 79 491807 495361
F: 80 497744 501849
F: 81 504694 508479
F: 82 511274 515093
F: 83 517534 521415
F: 84 523943 527427
F: 85 530067 533103
F: 86 535067 538665
F: 87 541004 544414
F: 88 546375 550334
F: 89 552300 555545
F: 90 557835 561660
F: 91 563852 567312
F: 92 569997 573061
F: 93 575394 578677
F: 94 581417 584317
F: 95 586667 590412
F: 96 593199 597088
F: 97 599390 603353
F: 98 606296 609306
F: 99 611619 615622
----------------------------------------
genes: [Kept,Partial,Discared] locus strand fragment1 start_pos fragment2 end_pos 
G: D 0 1 -1 -1 -1 -1
G: P 1 1 -1 -1 0 830
G: K 2 1 0 914 0 2897
G: P 3 1 0 2911 -1 -1
G: P 4 1 -1 -1 1 661
G: K 5 1 1 664 1 1315
G: K 6 1 1 1287 1 2058
G: K 783 -1 1 2059 1 3610
G: P 7 1 1 3611 -1 -1
G: D 8 1 -1 -1 -1 -1
G: D 9 1 -1 -1 -1 -1
G: P 11 -1 -1 -1 2 32
G: P 12 -1 -1 -1 2 825
G: K 13 1 2 1163 2 3047
G: P 14 1 2 3093 -1 -1
G: P 15 1 -1 -1 3 1880
G: K 16 1 3 1921 3 3112
G: P 17 1 3 3092 -1 -1
G: D 18 1 -1 -1 -1 -1
G: D 19 1 -1 -1 -1 -1
G: P 20 1 -1 -1 4 653
G: K 21 1 4 653 4 1802
G: K 22 1 4 2004 4 2901
G: K 23 1 4 2904 4 3489
G: K 24 1 4 3463 4 3919
G: P 25 1 4 3918 -1 -1
G: D 26 -1 -1 -1 -1 -1
G: D 27 -1 -1 -1 -1 -1
G: P 28 -1 -1 -1 5 3812
G: P 29 1 5 4074 -1 -1
G: P 30 1 -1 -1 6 278
G: K 31 -1 6 243 6 900
G: K 480 -1 6 927 6 1530
G: K 884 -1 6 1530 6 2517
G: P 32 1 6 2518 -1 -1
G: D 33 1 -1 -1 -1 -1
G: P 34 1 -1 -1 7 1259
G: K 35 -1 7 1255 7 2815
G: P 36 -1 7 2805 -1 -1
G: P 37 1 -1 -1 8 250
G: K 38 1 8 270 8 549
G: K 39 1 8 746 8 2447
G: P 40 1 8 2451 -1 -1
G: D 41 1 -1 -1 -1 -1
G: P 42 1 -1 -1 9 129
G: K 43 1 9 130 9 1084
G: K 44 1 9 1070 9 2294
G: P 45 -1 9 2523 -1 -1
G: D 46 1 -1 -1 -1 -1
G: D 47 1 -1 -1 -1 -1
G: P 48 1 -1 -1 10 638
G: K 49 1 10 646 10 1051
G: K 50 1 10 1050 10 2766
G: K 51 -1 10 2742 10 3723
G: K 52 -1 10 3726 10 4095
G: K 53 -1 10 4101 10 4242
G: K 54 -1 10 4255 10 4639
G: P 55 -1 10 4628 -1 -1
G: D 56 -1 -1 -1 -1 -1
G: P 57 -1 -1 -1 11 137
G: K 58 -1 11 117 11 588
G: K 59 1 11 594 11 1488
G: K 60 -1 11 1466 11 3173
G: D 546 1 -1 -1 -1 -1
G: P 61 1 -1 -1 12 484
G: K 62 1 12 437 12 1376
G: P 63 1 12 1631 -1 -1
G: P 64 1 -1 -1 13 1332
G: K 65 1 13 1335 13 3321
G: P 66 1 13 3331 -1 -1
G: P 67 1 -1 -1 14 70
G: K 68 1 14 4253 15 633
G: K 69 1 15 743 15 1625
G: P 70 1 15 1629 -1 -1
G: D 71 1 -1 -1 -1 -1
G: P 72 1 -1 -1 16 1835
G: K 73 1 16 1837 16 2281
G: P 74 1 16 2344 -1 -1
G: D 75 -1 -1 -1 -1 -1
G: K 76 1 17 43 17 1309
G: K 77 1 17 1301 17 2450
G: P 78 1 17 2451 -1 -1
G: P 79 1 -1 -1 18 407
G: K 80 1 18 462 18 888
G: K 81 1 18 887 18 1568
G: K 82 1 18 1567 18 2143
G: K 83 1 18 2135 18 3056
G: P 84 1 18 3056 -1 -1
G: D 85 1 -1 -1 -1 -1
G: D 886 1 -1 -1 -1 -1
G: D 86 1 -1 -1 -1 -1
G: P 87 1 -1 -1 19 228
G: K 88 1 19 237 19 2337
G: P 943 1 19 2387 -1 -1
G: D 89 1 -1 -1 -1 -1
G: D 90 1 -1 -1 -1 -1
G: D 91 1 -1 -1 -1 -1
G: D 92 1 -1 -1 -1 -1
G: P 93 1 -1 -1 20 1389
G: K 94 1 20 1392 20 2622
G: P 95 1 20 2805 -1 -1
G: D 96 1 -1 -1 -1 -1
G: P 97 1 -1 -1 21 1191
G: K 98 1 21 1193 21 2741
G: P 99 1 21 2730 -1 -1
G: P 100 1 -1 -1 22 169
G: K 101 1 22 161 22 1133
G: K 102 1 22 1122 22 1968
G: K 103 1 22 1989 22 2232
G: P 104 1 22 2234 -1 -1
G: D 105 1 -1 -1 -1 -1
G: D 106 -1 -1 -1 -1 -1
G: D 482 -1 -1 -1 -1 -1
G: P 107 1 -1 -1 23 325
G: K 108 1 23 324 23 1113
G: K 109 1 23 1094 23 2321
G: K 110 1 23 2307 23 3159
G: P 941 -1 23 3171 -1 -1
G: P 545 -1 -1 -1 24 21
G: K 784 1 24 21 24 696
G: K 785 1 24 696 24 2589
G: P 111 1 24 2590 -1 -1
G: D 112 1 -1 -1 -1 -1
G: P 113 1 -1 -1 25 430
G: K 114 1 25 362 25 1130
G: K 115 1 25 1154 25 1625
G: K 887 -1 25 1632 25 2607
G: K 116 1 25 2608 25 3385
G: P 117 1 25 3377 -1 -1
G: D 118 1 -1 -1 -1 -1
G: P 119 1 -1 -1 26 1514
G: K 120 1 26 1520 26 3176
G: P 121 1 26 3178 -1 -1
G: D 888 -1 -1 -1 -1 -1
G: P 122 1 -1 -1 27 2009
G: K 123 1 27 1986 27 3465
G: P 124 1 27 3511 -1 -1
G: D 125 1 -1 -1 -1 -1
G: D 126 -1 -1 -1 -1 -1
G: D 127 1 -1 -1 -1 -1
G: P 128 1 -1 -1 28 416
G: K 129 1 28 415 28 778
G: K 130 1 28 764 28 2282
G: K 131 -1 28 2842 28 3283
G: K 132 -1 28 3260 28 4067
G: K 133 1 28 4086 28 4395
G: P 134 -1 28 4360 -1 -1
G: D 885 -1 -1 -1 -1 -1
G: P 135 1 -1 -1 29 264
G: K 136 1 29 205 29 1441
G: K 137 1 29 1440 29 3297
G: P 138 1 29 3380 -1 -1
G: P 483 1 30 3173 -1 -1
G: P 139 1 31 1644 -1 -1
G: D 675 1 -1 -1 -1 -1
G: P 140 1 -1 -1 32 1396
G: K 141 1 32 1395 32 1662
G: K 142 1 32 1651 32 3529
G: P 143 1 32 3518 -1 -1
G: D 144 1 -1 -1 -1 -1
G: D 145 1 -1 -1 -1 -1
G: P 146 1 -1 -1 33 666
G: K 147 1 33 649 33 1840
G: K 148 1 33 1878 33 3132
G: P 149 1 33 3207 -1 -1
G: D 150 1 -1 -1 -1 -1
G: D 151 1 -1 -1 -1 -1
G: K 152 1 34 1 34 790
G: K 153 1 34 789 34 1449
G: K 547 -1 34 1451 34 2087
G: K 154 1 34 2088 34 2409
G: K 155 1 34 2408 34 3275
G: K 156 1 34 3274 34 3544
G: K 157 1 34 3546 34 3987
G: P 158 1 34 3989 -1 -1
G: D 159 1 -1 -1 -1 -1
G: D 160 1 -1 -1 -1 -1
G: D 161 1 -1 -1 -1 -1
G: P 162 1 -1 -1 35 180
G: K 163 1 35 179 35 527
G: K 164 1 35 532 35 1078
G: K 165 1 35 1080 35 1263
G: K 166 1 35 1256 35 1694
G: K 167 1 35 1700 35 2261
G: K 168 1 35 2262 35 2625
G: K 169 1 35 2629 35 3271
G: K 676 -1 35 3275 35 4205
G: P 170 1 35 4206 -1 -1
G: D 171 1 -1 -1 -1 -1
G: D 172 1 -1 -1 -1 -1
G: P 173 1 -1 -1 36 690
G: K 174 1 36 689 36 908
G: K 175 1 36 918 36 1032
G: K 176 1 36 1031 36 1427
G: K 177 1 36 1426 36 1798
G: K 178 1 36 1813 36 2800
G: P 786 -1 36 2811 -1 -1
G: D 179 1 -1 -1 -1 -1
G: D 180 1 -1 -1 -1 -1
G: D 181 1 -1 -1 -1 -1
G: P 182 1 -1 -1 37 974
G: K 183 1 37 966 37 1725
G: K 184 1 37 1714 37 3583
G: P 185 1 37 3583 -1 -1
G: P 186 1 -1 -1 38 424
G: P 187 1 38 2890 -1 -1
G: P 188 1 -1 -1 39 25
G: K 189 1 39 27 39 1035
G: K 190 1 39 1003 39 1972
G: P 191 1 39 2140 -1 -1
G: D 481 1 -1 -1 -1 -1
G: P 192 1 -1 -1 40 1616
G: P 193 1 40 1617 -1 -1
G: K 194 1 41 1851 41 2880
G: P 195 1 41 2883 -1 -1
G: D 196 1 -1 -1 -1 -1
G: D 197 1 -1 -1 -1 -1
G: D 198 1 -1 -1 -1 -1
G: K 199 1 42 495 42 2361
G: K 200 1 42 2372 42 3023
G: P 201 1 42 3032 -1 -1
G: D 202 1 -1 -1 -1 -1
G: P 203 1 -1 -1 43 1639
G: K 204 -1 43 1635 43 2679
G: P 945 1 43 2713 -1 -1
G: D 205 1 -1 -1 -1 -1
G: D 206 1 -1 -1 -1 -1
G: P 207 -1 -1 -1 44 592
G: K 208 -1 44 575 44 1523
G: K 209 -1 44 1522 44 2083
G: K 210 1 44 2283 44 2943
G: K 211 1 44 2942 44 3134
G: K 212 1 44 3135 44 3582
G: P 213 1 44 3584 -1 -1
G: D 214 1 -1 -1 -1 -1
G: D 215 1 -1 -1 -1 -1
G: P 216 1 -1 -1 45 495
G: K 217 1 45 513 45 1482
G: K 218 1 45 1484 45 3077
G: D 219 1 -1 -1 -1 -1
G: D 220 1 -1 -1 -1 -1
G: D 221 1 -1 -1 -1 -1
G: D 222 1 -1 -1 -1 -1
G: D 223 -1 -1 -1 -1 -1
G: K 224 1 47 29 47 467
G: K 225 1 47 453 47 1425
G: K 226 1 47 1426 47 2689
G: K 227 1 47 2691 47 3846
G: P 228 1 47 3891 -1 -1
G: P 229 1 -1 -1 48 258
G: K 230 1 48 729 48 1620
G: K 231 1 48 1619 48 2108
G: K 232 1 48 2113 48 3181
G: K 233 1 48 3184 48 3643
G: P 234 1 48 3661 -1 -1
G: D 235 1 -1 -1 -1 -1
G: P 236 1 -1 -1 49 257
G: K 237 1 49 249 49 573
G: K 238 1 49 565 49 1444
G: K 239 1 49 1430 49 1868
G: K 240 1 49 1857 49 2766
G: P 241 1 49 2795 -1 -1
G: P 242 1 -1 -1 50 106
G: K 243 -1 50 102 50 1191
G: K 548 -1 50 1242 50 2190
G: P 244 1 50 2191 -1 -1
G: P 245 1 -1 -1 51 646
G: K 246 1 51 1334 51 3461
G: K 247 1 51 3463 51 3961
G: P 248 1 51 3953 -1 -1
G: D 249 -1 -1 -1 -1 -1
G: D 250 -1 -1 -1 -1 -1
G: P 251 -1 -1 -1 52 1041
G: K 252 -1 52 1085 52 2942
G: K 253 -1 52 2931 52 4293
G: P 254 -1 52 4312 -1 -1
G: D 255 -1 -1 -1 -1 -1
G: P 256 -1 -1 -1 53 1311
G: K 257 1 53 1486 53 2587
G: K 258 1 53 2690 53 3146
G: P 259 1 53 3312 -1 -1
G: D 260 1 -1 -1 -1 -1
G: D 261 1 -1 -1 -1 -1
G: P 262 1 -1 -1 54 1120
G: K 263 1 54 1250 54 3590
G: K 264 1 55 601 55 3280
G: P 265 1 55 3286 -1 -1
G: D 266 1 -1 -1 -1 -1
G: P 267 1 -1 -1 56 111
G: K 268 1 56 101 56 713
G: K 269 -1 56 636 56 1488
G: K 270 -1 56 1506 56 4011
G: K 271 -1 56 4011 56 4359
G: K 272 -1 56 4392 56 5103
G: D 273 -1 -1 -1 -1 -1
G: P 274 -1 -1 -1 57 572
G: K 275 -1 57 582 57 2004
G: P 276 -1 57 2007 -1 -1
G: D 277 -1 -1 -1 -1 -1
G: P 278 -1 -1 -1 58 6
G: K 279 -1 58 33 58 1497
G: K 280 -1 58 1579 58 2143
G: P 281 -1 58 2156 -1 -1
G: D 782 -1 -1 -1 -1 -1
G: P 282 1 -1 -1 59 2033
G: K 283 -1 59 2029 59 2698
G: K 284 -1 59 2690 59 3500
G: P 285 -1 59 3560 -1 -1
G: K 286 -1 60 326 60 803
G: K 287 1 60 1134 60 2646
G: P 288 1 60 2866 -1 -1
G: D 289 1 -1 -1 -1 -1
G: D 290 1 -1 -1 -1 -1
G: D 291 1 -1 -1 -1 -1
G: P 672 1 61 3762 -1 -1
G: D 292 1 -1 -1 -1 -1
G: D 293 1 -1 -1 -1 -1
G: P 294 1 -1 -1 62 1315
G: K 295 -1 62 1311 62 1746
G: P 296 -1 62 1745 -1 -1
G: D 297 -1 -1 -1 -1 -1
G: D 298 -1 -1 -1 -1 -1
G: P 299 -1 -1 -1 63 1054
G: K 300 -1 63 1056 63 1449
G: K 301 -1 63 1568 63 2624
G: P 302 -1 63 2630 -1 -1
G: P 303 -1 -1 -1 64 353
G: K 304 -1 64 370 64 1609
G: K 305 -1 64 1610 64 2624
G: P 942 1 64 2653 -1 -1
G: D 306 -1 -1 -1 -1 -1
G: P 307 -1 -1 -1 65 32
G: K 308 -1 65 13 65 850
G: K 309 -1 65 975 65 2805
G: K 673 1 65 2891 65 3338
G: P 310 -1 65 3339 -1 -1
G: P 311 -1 -1 -1 66 2460
G: P 312 -1 66 2444 -1 -1
G: P 313 -1 -1 -1 67 1659
G: K 314 1 67 1712 67 2555
G: P 315 -1 67 2561 -1 -1
G: P 316 -1 -1 -1 68 1502
G: K 317 -1 68 1561 68 2464
G: P 318 -1 68 2508 -1 -1
G: D 319 -1 -1 -1 -1 -1
G: D 320 -1 -1 -1 -1 -1
G: P 321 -1 -1 -1 69 1474
G: K 322 -1 69 1488 69 2346
G: K 323 -1 69 2362 69 2911
G: K 324 -1 69 3014 69 3902
G: D 325 -1 -1 -1 -1 -1
G: K 944 1 70 587 70 1577
G: K 326 -1 70 1578 70 3288
G: K 327 1 70 3344 70 4028
G: D 328 -1 -1 -1 -1 -1
G: P 329 -1 -1 -1 71 28
G: K 330 -1 71 27 71 198
G: K 331 -1 71 214 71 1111
G: K 332 -1 71 1123 71 1957
G: P 333 -1 71 1940 -1 -1
G: D 334 -1 -1 -1 -1 -1
G: P 336 -1 -1 -1 72 39
G: K 337 -1 72 26 72 758
G: P 338 -1 72 1394 -1 -1
G: D 339 -1 -1 -1 -1 -1
G: D 340 -1 -1 -1 -1 -1
G: P 341 1 -1 -1 73 334
G: K 342 1 73 442 73 1711
G: K 343 1 73 1714 73 2137
G: P 344 -1 73 2123 -1 -1
G: P 345 -1 -1 -1 74 470
G: K 346 -1 74 2937 75 703
G: P 347 -1 75 712 -1 -1
G: D 348 -1 -1 -1 -1 -1
G: D 349 -1 -1 -1 -1 -1
G: P 350 -1 -1 -1 76 619
G: K 351 -1 76 629 76 3383
G: P 352 1 76 3426 -1 -1
G: D 353 1 -1 -1 -1 -1
G: P 354 -1 -1 -1 77 344
G: K 355 1 77 754 77 2032
G: K 356 1 77 2031 77 2967
G: K 357 -1 77 3184 77 3862
G: P 358 1 77 3909 -1 -1
G: D 359 1 -1 -1 -1 -1
G: D 360 -1 -1 -1 -1 -1
G: D 361 1 -1 -1 -1 -1
G: P 362 -1 -1 -1 78 1232
G: K 363 -1 78 1385 78 2282
G: K 364 -1 78 2294 78 3539
G: D 365 1 -1 -1 -1 -1
G: D 366 1 -1 -1 -1 -1
G: P 367 -1 -1 -1 79 1126
G: K 368 1 79 1245 79 1755
G: K 369 1 79 1777 79 2158
G: K 370 1 79 2160 79 2340
G: K 371 -1 79 2354 79 2621
G: K 674 -1 79 2683 79 3124
G: P 372 1 79 3125 -1 -1
G: D 373 1 -1 -1 -1 -1
G: P 374 1 -1 -1 80 841
G: K 376 -1 80 864 80 1860
G: K 377 -1 80 1859 80 3578
G: P 378 -1 80 3646 -1 -1
G: D 379 -1 -1 -1 -1 -1
G: D 380 -1 -1 -1 -1 -1
G: P 381 -1 -1 -1 81 749
G: K 382 -1 81 749 81 1616
G: K 383 -1 81 1605 81 3333
G: K 384 -1 81 3332 81 3635
G: P 385 -1 81 3640 -1 -1
G: D 386 -1 -1 -1 -1 -1
G: P 387 1 -1 -1 82 1178
G: K 388 1 82 1170 82 1767
G: K 389 1 82 1756 82 2419
G: K 390 1 82 2883 82 3531
G: P 391 -1 82 3527 -1 -1
G: D 392 -1 -1 -1 -1 -1
G: D 393 -1 -1 -1 -1 -1
G: P 394 -1 -1 -1 83 689
G: P 395 -1 83 691 -1 -1
G: P 396 -1 -1 -1 84 457
G: K 397 -1 84 441 84 936
G: K 398 -1 84 904 84 1309
G: K 399 -1 84 1312 84 3331
G: P 400 -1 84 3438 -1 -1
G: P 401 -1 -1 -1 85 336
G: K 402 -1 85 348 85 696
G: K 403 -1 85 821 85 2063
G: P 404 -1 85 2072 -1 -1
G: D 405 -1 -1 -1 -1 -1
G: P 406 -1 -1 -1 86 1231
G: K 407 -1 86 1232 86 1664
G: K 408 -1 86 1668 86 3138
G: P 409 -1 86 3139 -1 -1
G: D 410 -1 -1 -1 -1 -1
G: P 411 -1 -1 -1 87 165
G: K 412 -1 87 157 87 799
G: K 413 -1 87 801 87 1113
G: K 414 -1 87 1115 87 2000
G: K 415 -1 87 1965 87 2475
G: P 416 -1 87 2480 -1 -1
G: D 417 1 -1 -1 -1 -1
G: D 418 -1 -1 -1 -1 -1
G: P 419 -1 -1 -1 88 803
G: K 420 -1 88 787 88 2806
G: K 421 -1 88 2805 88 3945
G: P 422 -1 -1 -1 89 1413
G: P 423 -1 89 1477 -1 -1
G: D 424 -1 -1 -1 -1 -1
G: D 425 -1 -1 -1 -1 -1
G: P 426 -1 -1 -1 90 716
G: K 427 -1 90 721 90 3700
G: K 428 -1 90 3671 91 213
G: K 429 -1 91 250 91 1948
G: K 430 -1 91 1950 91 2220
G: P 431 1 91 2408 -1 -1
G: D 432 1 -1 -1 -1 -1
G: D 433 1 -1 -1 -1 -1
G: D 434 1 -1 -1 -1 -1
G: P 435 -1 -1 -1 92 710
G: K 436 -1 92 713 92 2306
G: P 437 -1 92 2298 -1 -1
G: D 438 -1 -1 -1 -1 -1
G: D 439 1 -1 -1 -1 -1
G: P 440 1 -1 -1 93 712
G: K 441 1 93 711 93 1278
G: K 442 1 93 1278 93 2511
G: P 443 1 93 2530 -1 -1
G: D 444 -1 -1 -1 -1 -1
G: D 445 -1 -1 -1 -1 -1
G: P 446 -1 -1 -1 94 310
G: K 447 -1 94 480 94 1335
G: K 448 -1 94 1303 94 2554
G: P 449 -1 94 2569 -1 -1
G: D 450 -1 -1 -1 -1 -1
G: D 451 -1 -1 -1 -1 -1
G: P 452 -1 -1 -1 95 959
G: K 453 -1 95 959 95 1448
G: K 454 -1 95 2106 95 2997
G: P 455 -1 95 2996 -1 -1
G: D 456 1 -1 -1 -1 -1
G: D 457 1 -1 -1 -1 -1
G: D 458 -1 -1 -1 -1 -1
G: P 459 1 -1 -1 96 1065
G: K 460 -1 96 1054 96 2065
G: P 461 -1 96 2617 -1 -1
G: D 462 -1 -1 -1 -1 -1
G: D 463 -1 -1 -1 -1 -1
G: P 464 1 -1 -1 97 925
G: K 465 -1 97 918 97 2232
G: K 466 -1 97 2212 97 3688
G: P 467 -1 97 3674 -1 -1
G: D 468 -1 -1 -1 -1 -1
G: D 469 -1 -1 -1 -1 -1
G: D 470 -1 -1 -1 -1 -1
G: P 471 -1 -1 -1 98 183
G: K 472 -1 98 186 99 401
G: K 473 -1 99 406 99 1312
G: K 474 -1 99 1374 99 2730
G: P 475 -1 99 3372 -1 -1
