The input genome is 592613 bp long, 296306 will be kept.
min distance 293
----------------------------------------
fragments: id start end
F: 0 2337 5319
F: 1 8546 12117
F: 2 15088 18168
F: 3 20664 24052
F: 4 26906 30046
F: 5 33244 36761
F: 6 39344 41920
F: 7 44717 47282
F: 8 50502 53062
F: 9 55760 58392
F: 10 62140 65505
F: 11 68040 70624
F: 12 73400 76297
F: 13 78999 81810
F: 14 85207 88614
F: 15 91219 94609
F: 16 98227 101642
F: 17 103675 106716
F: 18 109686 113160
F: 19 116267 119179
F: 20 121935 124884
F: 21 127621 129907
F: 22 132518 135638
F: 23 138799 141534
F: 24 144129 146656
F: 25 149294 152294
F: 26 154934 157186
F: 27 159288 162143
F: 28 165551 169218
F: 29 172872 176272
F: 30 179465 182140
F: 31 185402 188420
F: 32 191212 194087
F: 33 197568 199840
F: 34 202609 206121
F: 35 208551 211955
F: 36 214746 217904
F: 37 221570 224610
F: 38 227427 229878
F: 39 232336 234890
F: 40 239189 241841
F: 41 244663 247663
F: 42 251174 253880
F: 43 256956 260165
F: 44 263251 266109
F: 45 269596 272366
F: 46 275554 278630
F: 47 282397 285138
F: 48 288193 291111
F: 49 294212 297274
F: 50 300613 302858
F: 51 305798 309336
F: 52 312275 315800
F: 53 319222 321876
F: 54 324886 327767
F: 55 330551 333458
F: 56 336290 340592
F: 57 342732 345359
F: 58 348167 350973
F: 59 353874 357089
F: 60 359403 361897
F: 61 365542 368842
F: 62 372305 375941
F: 63 379099 382296
F: 64 385312 388442
F: 65 391116 394326
F: 66 396386 399364
F: 67 401886 404153
F: 68 407027 409739
F: 69 413180 416477
F: 70 419911 423312
F: 71 426375 429398
F: 72 432234 434594
F: 73 438016 441029
F: 74 444155 446692
F: 75 450044 453588
F: 76 456641 459768
F: 77 462373 465291
F: 78 468601 471500
F: 79 473995 477216
F: 80 479981 483417
F: 81 486743 489840
F: 82 492979 496268
F: 83 498942 502194
F: 84 505136 507929
F: 85 510741 513269
F: 86 515792 518819
F: 87 521579 524204
F: 88 527037 529800
F: 89 532363 535061
F: 90 537849 540914
F: 91 543394 546297
F: 92 549343 551644
F: 93 554406 557133
F: 94 560102 562385
F: 95 565329 567929
F: 96 571215 574334
F: 97 577268 580318
F: 98 583347 586139
F: 99 589375 592320
----------------------------------------
genes: [Kept,Partial,Discared] locus strand fragment1 start_pos fragment2 end_pos 
G: D 0 1 -1 -1 -1 -1
G: P 1 1 -1 -1 0 447
G: K 2 1 0 531 0 2493
G: P 3 1 0 2507 -1 -1
G: P 4 1 -1 -1 1 85
G: K 5 1 1 88 1 715
G: K 6 1 1 687 1 1452
G: K 7 1 1 1454 1 2780
G: K 8 1 1 2779 1 3568
G: D 494 -1 -1 -1 -1 -1
G: D 9 1 -1 -1 -1 -1
G: D 10 -1 -1 -1 -1 -1
G: D 568 -1 -1 -1 -1 -1
G: P 11 -1 -1 -1 2 439
G: K 12 -1 2 401 2 1223
G: P 13 1 2 1561 -1 -1
G: D 14 1 -1 -1 -1 -1
G: P 15 1 -1 -1 3 2811
G: P 16 1 3 2852 -1 -1
G: D 17 1 -1 -1 -1 -1
G: P 18 1 -1 -1 4 243
G: K 19 1 4 272 4 710
G: K 20 1 4 715 4 1576
G: K 21 1 4 1576 4 2692
G: P 22 1 4 2894 -1 -1
G: D 23 1 -1 -1 -1 -1
G: D 24 1 -1 -1 -1 -1
G: D 25 1 -1 -1 -1 -1
G: D 26 -1 -1 -1 -1 -1
G: P 27 -1 -1 -1 5 269
G: P 28 -1 5 302 -1 -1
G: P 29 1 -1 -1 6 899
G: K 30 1 6 1048 6 1828
G: K 31 -1 6 1796 6 2447
G: P 32 1 6 2475 -1 -1
G: P 33 1 -1 -1 7 4
G: P 34 1 -1 -1 7 1329
G: P 35 -1 7 1325 -1 -1
G: D 36 -1 -1 -1 -1 -1
G: P 37 1 -1 -1 8 197
G: K 38 1 8 217 8 484
G: K 39 1 8 681 8 2370
G: P 40 1 8 2374 -1 -1
G: D 41 1 -1 -1 -1 -1
G: P 42 1 -1 -1 9 275
G: K 43 1 9 276 9 1230
G: K 44 1 9 1213 9 2371
G: P 45 -1 9 2600 -1 -1
G: D 46 1 -1 -1 -1 -1
G: D 47 1 -1 -1 -1 -1
G: P 48 1 -1 -1 10 311
G: K 49 1 10 319 10 712
G: K 50 1 10 711 10 2382
G: K 51 -1 10 2358 10 3306
G: P 571 -1 10 3308 -1 -1
G: D 52 -1 -1 -1 -1 -1
G: D 53 -1 -1 -1 -1 -1
G: D 54 -1 -1 -1 -1 -1
G: D 55 -1 -1 -1 -1 -1
G: D 56 -1 -1 -1 -1 -1
G: P 57 -1 -1 -1 11 928
G: K 58 -1 11 908 11 1352
G: K 59 1 11 1358 11 2246
G: P 60 -1 11 2224 -1 -1
G: P 61 1 -1 -1 12 960
G: K 62 1 12 910 12 1828
G: K 63 1 12 2083 13 480
G: K 64 1 13 479 13 1880
G: P 65 1 13 1883 -1 -1
G: D 66 1 -1 -1 -1 -1
G: P 67 1 -1 -1 14 670
G: P 68 1 -1 -1 15 1568
G: K 69 1 15 1678 15 2533
G: P 70 1 15 2537 -1 -1
G: P 71 1 -1 -1 16 615
G: K 72 1 16 592 16 2587
G: K 73 1 16 2589 16 3003
G: K 74 1 16 3066 17 729
G: K 75 -1 17 725 17 1142
G: K 76 1 17 1375 17 2599
G: P 77 1 17 2591 -1 -1
G: D 78 1 -1 -1 -1 -1
G: P 79 1 -1 -1 18 1485
G: K 80 1 18 1540 18 1954
G: K 81 1 18 1953 18 2634
G: K 82 1 18 2633 18 3233
G: P 83 1 18 3225 -1 -1
G: D 84 1 -1 -1 -1 -1
G: D 85 1 -1 -1 -1 -1
G: P 86 1 -1 -1 19 108
G: K 87 1 19 124 19 610
G: K 88 1 19 619 19 2692
G: P 89 1 19 2743 -1 -1
G: D 90 1 -1 -1 -1 -1
G: D 91 1 -1 -1 -1 -1
G: D 92 1 -1 -1 -1 -1
G: P 93 1 -1 -1 20 385
G: K 94 1 20 388 20 1585
G: P 95 1 20 1768 -1 -1
G: D 96 1 -1 -1 -1 -1
G: P 97 1 -1 -1 21 356
G: K 98 1 21 358 21 1795
G: P 99 1 21 1787 -1 -1
G: D 100 1 -1 -1 -1 -1
G: D 101 1 -1 -1 -1 -1
G: P 102 1 -1 -1 22 763
G: K 103 1 22 784 22 1012
G: P 104 1 22 1014 -1 -1
G: D 105 1 -1 -1 -1 -1
G: D 106 -1 -1 -1 -1 -1
G: D 107 1 -1 -1 -1 -1
G: D 108 1 -1 -1 -1 -1
G: P 109 1 -1 -1 23 671
G: K 110 1 23 657 23 1506
G: P 111 1 23 1520 -1 -1
G: D 112 1 -1 -1 -1 -1
G: D 113 1 -1 -1 -1 -1
G: P 114 1 -1 -1 24 156
G: K 115 1 24 180 24 654
G: K 116 1 24 662 24 1421
G: K 117 1 24 1413 24 2058
G: P 118 1 24 2038 -1 -1
G: D 119 1 -1 -1 -1 -1
G: P 120 1 -1 -1 25 1228
G: K 121 1 25 1230 25 2154
G: P 122 1 25 2193 -1 -1
G: P 123 1 -1 -1 26 115
G: K 124 1 26 161 26 470
G: K 125 1 26 475 26 1342
G: P 126 -1 26 1322 -1 -1
G: D 127 1 -1 -1 -1 -1
G: D 128 1 -1 -1 -1 -1
G: D 129 1 -1 -1 -1 -1
G: P 130 1 -1 -1 27 1108
G: K 131 -1 27 1668 27 2094
G: P 132 -1 27 2071 -1 -1
G: D 133 1 -1 -1 -1 -1
G: D 134 -1 -1 -1 -1 -1
G: D 135 1 -1 -1 -1 -1
G: P 136 1 -1 -1 28 437
G: K 137 1 28 436 28 2251
G: P 138 1 28 2334 -1 -1
G: P 139 1 -1 -1 30 2114
G: P 569 -1 30 2117 -1 -1
G: D 140 1 -1 -1 -1 -1
G: D 141 1 -1 -1 -1 -1
G: P 142 1 -1 -1 31 987
G: K 143 1 31 973 31 1312
G: K 144 1 31 1336 31 2188
G: K 145 1 31 2187 31 2997
G: P 146 1 31 3009 -1 -1
G: D 147 1 -1 -1 -1 -1
G: P 148 1 -1 -1 32 880
G: K 149 1 32 955 32 1816
G: K 150 1 32 1855 32 2320
G: K 151 1 32 2409 32 2730
G: P 152 1 32 2733 -1 -1
G: D 153 1 -1 -1 -1 -1
G: D 154 1 -1 -1 -1 -1
G: D 155 1 -1 -1 -1 -1
G: D 156 1 -1 -1 -1 -1
G: D 157 1 -1 -1 -1 -1
G: P 158 1 -1 -1 33 512
G: K 159 1 33 517 33 934
G: K 160 1 33 933 33 1536
G: K 161 1 33 1535 33 1790
G: K 162 1 33 1793 33 2159
G: P 163 1 33 2158 -1 -1
G: D 164 1 -1 -1 -1 -1
G: D 165 1 -1 -1 -1 -1
G: D 166 1 -1 -1 -1 -1
G: D 167 1 -1 -1 -1 -1
G: D 168 1 -1 -1 -1 -1
G: P 169 1 -1 -1 34 152
G: K 170 1 34 157 34 607
G: K 171 1 34 606 34 2034
G: K 172 1 34 2027 34 2684
G: K 173 1 34 2686 34 3445
G: P 174 1 34 3444 -1 -1
G: D 175 1 -1 -1 -1 -1
G: D 176 1 -1 -1 -1 -1
G: D 177 1 -1 -1 -1 -1
G: D 178 1 -1 -1 -1 -1
G: D 179 1 -1 -1 -1 -1
G: P 180 1 -1 -1 35 787
G: K 181 1 35 768 35 1695
G: K 182 1 35 1687 35 2971
G: P 183 1 35 2963 -1 -1
G: D 184 1 -1 -1 -1 -1
G: P 185 1 -1 -1 36 288
G: K 186 1 36 387 36 2490
G: D 187 1 -1 -1 -1 -1
G: P 188 1 -1 -1 37 677
G: K 189 1 37 679 37 1696
G: K 190 1 37 1664 37 2633
G: P 191 1 37 2801 -1 -1
G: D 493 1 -1 -1 -1 -1
G: D 192 1 -1 -1 -1 -1
G: D 492 -1 -1 -1 -1 -1
G: P 193 1 -1 -1 39 2080
G: D 194 1 -1 -1 -1 -1
G: P 195 1 -1 -1 40 1636
G: K 196 1 40 1694 40 2240
G: K 197 1 40 2242 40 2422
G: P 198 1 40 2424 -1 -1
G: D 199 1 -1 -1 -1 -1
G: P 200 1 -1 -1 41 527
G: K 201 1 41 536 41 905
G: K 202 1 41 1032 41 2958
G: P 203 1 41 2957 -1 -1
G: D 204 -1 -1 -1 -1 -1
G: P 205 1 -1 -1 42 1733
G: K 206 1 42 1713 42 2217
G: P 207 -1 42 2209 -1 -1
G: D 208 -1 -1 -1 -1 -1
G: D 209 -1 -1 -1 -1 -1
G: D 210 1 -1 -1 -1 -1
G: D 211 1 -1 -1 -1 -1
G: P 212 1 -1 -1 43 17
G: K 213 1 43 19 43 358
G: K 214 1 43 350 43 1157
G: K 215 1 43 1149 43 2565
G: K 216 1 43 2548 43 3175
G: P 217 1 43 3193 -1 -1
G: D 218 1 -1 -1 -1 -1
G: K 219 1 44 345 44 1476
G: K 490 -1 44 1492 44 1747
G: K 220 1 44 1748 45 887
G: K 221 1 45 889 45 1945
G: K 222 1 45 1898 45 2351
G: K 223 -1 45 2382 45 2664
G: D 224 1 -1 -1 -1 -1
G: D 225 1 -1 -1 -1 -1
G: D 226 1 -1 -1 -1 -1
G: P 227 1 -1 -1 46 745
G: K 228 1 46 790 46 2272
G: P 229 1 46 2237 -1 -1
G: D 230 1 -1 -1 -1 -1
G: D 231 1 -1 -1 -1 -1
G: D 232 1 -1 -1 -1 -1
G: P 233 1 -1 -1 47 216
G: K 234 1 47 234 47 2415
G: P 235 1 47 2507 -1 -1
G: D 236 1 -1 -1 -1 -1
G: D 237 1 -1 -1 -1 -1
G: D 238 1 -1 -1 -1 -1
G: D 239 1 -1 -1 -1 -1
G: D 240 1 -1 -1 -1 -1
G: P 241 1 -1 -1 48 1155
G: P 242 1 48 1223 -1 -1
G: D 243 -1 -1 -1 -1 -1
G: P 244 1 -1 -1 49 586
G: K 245 1 49 591 49 2490
G: D 246 1 -1 -1 -1 -1
G: D 247 1 -1 -1 -1 -1
G: P 248 1 -1 -1 50 236
G: K 249 -1 50 219 50 936
G: K 250 -1 50 922 50 1597
G: P 251 -1 50 1580 -1 -1
G: D 489 1 -1 -1 -1 -1
G: P 252 -1 -1 -1 51 900
G: K 253 -1 51 889 51 2230
G: K 254 -1 51 2249 51 2987
G: P 255 -1 51 2989 -1 -1
G: D 256 -1 -1 -1 -1 -1
G: P 257 1 -1 -1 52 1083
G: K 258 1 52 1186 52 1642
G: K 259 1 52 1808 52 2579
G: K 260 1 52 2621 52 2918
G: P 261 1 52 2917 -1 -1
G: D 262 1 -1 -1 -1 -1
G: P 263 1 -1 -1 53 900
G: P 264 1 -1 -1 54 753
G: K 265 1 54 759 54 1638
G: K 266 1 54 1637 54 2507
G: P 267 1 54 2622 -1 -1
G: D 268 1 -1 -1 -1 -1
G: D 269 -1 -1 -1 -1 -1
G: P 270 -1 -1 -1 55 1634
G: K 271 -1 55 1634 55 1982
G: K 272 -1 55 2015 55 2702
G: P 273 -1 55 2852 -1 -1
G: D 274 -1 -1 -1 -1 -1
G: P 275 -1 -1 -1 56 920
G: K 276 -1 56 923 56 2078
G: K 277 -1 56 2327 56 3308
G: P 278 -1 56 3325 -1 -1
G: D 279 -1 -1 -1 -1 -1
G: P 280 -1 -1 -1 57 82
G: P 281 -1 57 95 -1 -1
G: D 282 1 -1 -1 -1 -1
G: P 283 -1 -1 -1 58 485
G: K 284 -1 58 477 58 1275
G: P 285 -1 58 1335 -1 -1
G: D 286 -1 -1 -1 -1 -1
G: P 287 1 -1 -1 59 259
G: K 288 1 59 479 59 884
G: K 289 1 59 843 59 1890
G: K 290 1 59 1892 59 2489
G: K 291 1 59 2520 59 2778
G: P 292 1 60 2135 -1 -1
G: D 293 1 -1 -1 -1 -1
G: D 294 1 -1 -1 -1 -1
G: D 295 -1 -1 -1 -1 -1
G: P 296 -1 -1 -1 61 2632
G: P 297 -1 61 2689 -1 -1
G: D 298 -1 -1 -1 -1 -1
G: D 299 -1 -1 -1 -1 -1
G: P 301 -1 -1 -1 62 470
G: K 302 -1 62 476 62 3425
G: P 303 -1 62 3627 -1 -1
G: D 304 -1 -1 -1 -1 -1
G: P 305 -1 -1 -1 63 97
G: K 306 -1 63 127 63 1105
G: K 307 -1 63 1086 63 2163
G: K 308 -1 63 2144 63 2969
G: P 309 -1 63 3094 -1 -1
G: D 310 -1 -1 -1 -1 -1
G: D 311 -1 -1 -1 -1 -1
G: D 312 -1 -1 -1 -1 -1
G: P 313 -1 -1 -1 65 2673
G: P 314 1 65 2726 -1 -1
G: D 315 -1 -1 -1 -1 -1
G: P 316 -1 -1 -1 66 2344
G: P 317 -1 66 2403 -1 -1
G: D 318 -1 -1 -1 -1 -1
G: P 319 -1 -1 -1 67 90
G: K 320 -1 67 13 67 1123
G: P 321 -1 67 1163 -1 -1
G: D 322 -1 -1 -1 -1 -1
G: D 323 -1 -1 -1 -1 -1
G: P 324 -1 -1 -1 68 214
G: P 325 -1 68 534 -1 -1
G: D 326 -1 -1 -1 -1 -1
G: P 327 1 -1 -1 69 471
G: K 328 -1 69 1306 69 2125
G: K 329 -1 69 2069 69 3134
G: P 330 -1 69 3133 -1 -1
G: D 331 -1 -1 -1 -1 -1
G: D 332 -1 -1 -1 -1 -1
G: P 333 -1 -1 -1 70 562
G: K 334 -1 70 600 70 1941
G: K 335 -1 70 1944 70 2598
G: K 336 -1 70 2606 70 3254
G: P 337 -1 70 3241 -1 -1
G: P 338 -1 -1 -1 71 653
G: K 339 -1 71 642 71 1221
G: K 340 -1 71 1228 71 1447
G: K 341 1 71 1508 71 2531
G: P 342 1 71 2639 -1 -1
G: D 343 1 -1 -1 -1 -1
G: P 344 -1 -1 -1 72 2298
G: D 345 -1 -1 -1 -1 -1
G: P 346 -1 73 183 -1 -1
G: P 347 -1 -1 -1 74 2153
G: P 348 -1 74 2242 -1 -1
G: D 349 -1 -1 -1 -1 -1
G: D 350 -1 -1 -1 -1 -1
G: P 351 -1 -1 -1 75 1532
G: K 352 1 75 1575 75 2079
G: K 353 1 75 2069 75 2711
G: P 570 1 75 2861 -1 -1
G: D 354 -1 -1 -1 -1 -1
G: P 355 1 -1 -1 76 386
G: K 356 1 76 385 76 1339
G: K 357 -1 76 1556 76 2246
G: K 358 1 76 2293 76 2860
G: P 359 1 76 2862 -1 -1
G: D 360 -1 -1 -1 -1 -1
G: D 361 1 -1 -1 -1 -1
G: P 362 -1 -1 -1 77 687
G: K 363 -1 77 840 77 1692
G: K 364 -1 77 1704 77 2895
G: D 365 1 -1 -1 -1 -1
G: D 366 1 -1 -1 -1 -1
G: P 367 -1 -1 -1 78 218
G: K 368 1 78 337 78 829
G: K 369 1 78 851 78 1220
G: K 370 1 78 1222 78 1402
G: K 371 -1 78 1416 78 1683
G: K 372 1 78 1746 78 2427
G: P 373 1 78 2419 -1 -1
G: D 374 1 -1 -1 -1 -1
G: K 375 -1 79 10 79 799
G: K 376 -1 79 788 79 1778
G: P 377 -1 79 1777 -1 -1
G: D 378 -1 -1 -1 -1 -1
G: D 379 -1 -1 -1 -1 -1
G: P 380 -1 -1 -1 80 700
G: K 381 -1 80 683 80 1535
G: K 382 -1 80 1535 80 2378
G: P 383 -1 80 2370 -1 -1
G: D 384 -1 -1 -1 -1 -1
G: D 385 -1 -1 -1 -1 -1
G: D 386 -1 -1 -1 -1 -1
G: P 387 1 -1 -1 81 1755
G: K 388 1 81 1747 81 2329
G: K 389 1 81 2321 81 2978
G: D 390 1 -1 -1 -1 -1
G: D 391 -1 -1 -1 -1 -1
G: D 392 -1 -1 -1 -1 -1
G: P 393 -1 -1 -1 82 352
G: K 394 -1 82 522 82 1236
G: K 395 -1 82 1238 83 168
G: K 396 -1 83 454 83 1333
G: K 397 -1 83 1320 83 1785
G: K 398 -1 83 1771 83 2158
G: P 399 -1 83 2161 -1 -1
G: D 400 -1 -1 -1 -1 -1
G: P 401 -1 -1 -1 84 1088
G: K 403 -1 84 1225 84 2467
G: P 404 -1 84 2476 -1 -1
G: D 405 -1 -1 -1 -1 -1
G: P 406 -1 -1 -1 85 1003
G: K 407 -1 85 1004 85 1418
G: P 408 -1 85 1422 -1 -1
G: D 409 -1 -1 -1 -1 -1
G: P 410 -1 -1 -1 86 271
G: K 411 -1 86 286 86 823
G: K 412 -1 86 815 86 1442
G: K 413 -1 86 1444 86 1756
G: K 414 -1 86 1758 86 2649
G: P 415 -1 86 2611 -1 -1
G: D 416 -1 -1 -1 -1 -1
G: D 417 1 -1 -1 -1 -1
G: D 418 -1 -1 -1 -1 -1
G: P 419 -1 -1 -1 87 916
G: P 420 -1 87 900 -1 -1
G: D 421 -1 -1 -1 -1 -1
G: P 422 -1 -1 -1 88 1867
G: P 423 -1 88 1931 -1 -1
G: D 424 -1 -1 -1 -1 -1
G: D 425 -1 -1 -1 -1 -1
G: P 426 -1 -1 -1 89 1364
G: P 427 -1 89 1369 -1 -1
G: P 428 -1 -1 -1 90 1296
G: K 429 -1 90 1333 90 3019
G: P 430 -1 90 3021 -1 -1
G: D 431 1 -1 -1 -1 -1
G: D 432 1 -1 -1 -1 -1
G: D 433 1 -1 -1 -1 -1
G: K 434 1 91 75 91 591
G: K 435 -1 91 587 91 2321
G: P 436 -1 91 2324 -1 -1
G: D 437 -1 -1 -1 -1 -1
G: D 438 -1 -1 -1 -1 -1
G: P 439 1 -1 -1 92 867
G: K 440 1 92 847 92 1588
G: K 441 1 92 1587 92 2145
G: P 442 1 92 2145 -1 -1
G: D 443 1 -1 -1 -1 -1
G: P 444 -1 -1 -1 93 682
G: K 445 -1 93 681 93 1464
G: K 446 -1 93 1606 93 2017
G: P 447 -1 93 2187 -1 -1
G: D 448 -1 -1 -1 -1 -1
G: P 567 -1 -1 -1 94 472
G: K 449 -1 94 473 94 833
G: K 450 -1 94 816 94 1512
G: K 451 -1 94 1511 94 1793
G: D 452 -1 -1 -1 -1 -1
G: D 453 -1 -1 -1 -1 -1
G: P 454 -1 -1 -1 95 804
G: K 455 -1 95 803 95 1988
G: P 456 1 95 2040 -1 -1
G: D 457 1 -1 -1 -1 -1
G: D 458 -1 -1 -1 -1 -1
G: D 459 1 -1 -1 -1 -1
G: P 460 -1 -1 -1 96 473
G: P 461 -1 96 1025 -1 -1
G: D 462 -1 -1 -1 -1 -1
G: D 463 -1 -1 -1 -1 -1
G: D 464 1 -1 -1 -1 -1
G: P 465 -1 -1 -1 97 736
G: K 466 -1 97 713 97 2177
G: K 467 -1 97 2163 97 2958
G: P 468 -1 97 2947 -1 -1
G: D 469 -1 -1 -1 -1 -1
G: D 470 -1 -1 -1 -1 -1
G: D 471 -1 -1 -1 -1 -1
G: P 491 -1 -1 -1 98 158
G: P 472 -1 98 159 -1 -1
G: P 473 -1 -1 -1 99 367
G: K 474 -1 99 429 99 1743
G: P 475 -1 99 2385 -1 -1
