The input genome is 591767 bp long, 295883 will be kept.
min distance 292
----------------------------------------
fragments: id start end
F: 0 2336 5318
F: 1 8544 12115
F: 2 15040 18120
F: 3 20615 24003
F: 4 26940 30008
F: 5 33205 36704
F: 6 39286 41862
F: 7 44468 47033
F: 8 50252 52791
F: 9 55488 58120
F: 10 61836 65201
F: 11 67704 70288
F: 12 73063 75960
F: 13 78661 81472
F: 14 84865 88272
F: 15 90876 94266
F: 16 97981 101396
F: 17 103428 106469
F: 18 109343 112817
F: 19 115923 118835
F: 20 121590 124539
F: 21 127202 129472
F: 22 132082 135202
F: 23 138362 141097
F: 24 143733 146260
F: 25 148897 151897
F: 26 154472 156724
F: 27 158889 161684
F: 28 165091 168758
F: 29 172411 175811
F: 30 179003 181678
F: 31 185026 188044
F: 32 190835 193710
F: 33 197145 199417
F: 34 202185 205697
F: 35 208126 211530
F: 36 214320 217475
F: 37 221140 224180
F: 38 226996 229447
F: 39 231904 234431
F: 40 238729 241381
F: 41 244202 247202
F: 42 250566 253272
F: 43 256347 259556
F: 44 262648 265506
F: 45 269130 271803
F: 46 274990 278066
F: 47 281761 284502
F: 48 287556 290474
F: 49 293574 296636
F: 50 299974 302219
F: 51 305158 308696
F: 52 311634 315159
F: 53 318519 321173
F: 54 324182 327063
F: 55 329845 332752
F: 56 335442 339744
F: 57 341883 344510
F: 58 347317 350123
F: 59 353023 356238
F: 60 358551 361045
F: 61 364689 367978
F: 62 371442 375078
F: 63 378235 381432
F: 64 384591 387721
F: 65 390342 393552
F: 66 395611 398589
F: 67 401117 403384
F: 68 406257 408969
F: 69 412409 415706
F: 70 419139 422540
F: 71 425728 428751
F: 72 431586 433946
F: 73 437492 440505
F: 74 443630 446167
F: 75 449539 453083
F: 76 456091 459218
F: 77 461822 464740
F: 78 468049 470948
F: 79 473442 476663
F: 80 479427 482863
F: 81 486188 489285
F: 82 492409 495698
F: 83 498371 501623
F: 84 504493 507286
F: 85 510097 512625
F: 86 515085 518096
F: 87 520855 523480
F: 88 526212 528975
F: 89 531537 534235
F: 90 537022 540087
F: 91 542566 545469
F: 92 548490 550791
F: 93 553638 556365
F: 94 559354 561637
F: 95 564590 567190
F: 96 570408 573527
F: 97 576507 579569
F: 98 582597 585295
F: 99 588530 591475
----------------------------------------
genes: [Kept,Partial,Discared] locus strand fragment1 start_pos fragment2 end_pos 
G: D 0 1 -1 -1 -1 -1
G: P 1 1 -1 -1 0 445
G: K 2 1 0 529 0 2482
G: P 3 1 0 2496 -1 -1
G: P 4 1 -1 -1 1 24
G: K 5 1 1 27 1 666
G: K 6 1 1 638 1 1403
G: K 7 1 1 1405 1 2734
G: K 8 1 1 2733 1 3522
G: P 9 1 1 3550 -1 -1
G: D 10 -1 -1 -1 -1 -1
G: D 11 -1 -1 -1 -1 -1
G: P 12 -1 -1 -1 2 245
G: K 13 1 2 583 2 2455
G: P 14 1 2 2501 -1 -1
G: P 15 1 -1 -1 3 1915
G: K 16 1 3 1956 3 3126
G: P 17 1 3 3109 -1 -1
G: D 18 1 -1 -1 -1 -1
G: D 19 1 -1 -1 -1 -1
G: P 20 1 -1 -1 4 609
G: K 21 1 4 609 4 1704
G: K 22 1 4 1906 4 2803
G: P 23 1 4 2806 -1 -1
G: D 24 1 -1 -1 -1 -1
G: D 25 1 -1 -1 -1 -1
G: D 26 -1 -1 -1 -1 -1
G: D 27 -1 -1 -1 -1 -1
G: D 28 -1 -1 -1 -1 -1
G: D 29 1 -1 -1 -1 -1
G: K 30 1 6 50 6 827
G: K 31 -1 6 795 6 1440
G: P 32 1 6 1468 -1 -1
G: D 33 1 -1 -1 -1 -1
G: P 34 1 -1 -1 7 537
G: K 35 -1 7 533 7 2078
G: P 36 -1 7 2068 -1 -1
G: D 37 1 -1 -1 -1 -1
G: D 38 1 -1 -1 -1 -1
G: P 39 1 -1 -1 8 1534
G: K 637 1 8 1537 8 2278
G: P 40 1 8 2279 -1 -1
G: D 41 1 -1 -1 -1 -1
G: P 42 1 -1 -1 9 220
G: K 43 1 9 221 9 1190
G: K 44 1 9 1173 9 2325
G: P 45 -1 9 2554 -1 -1
G: D 46 1 -1 -1 -1 -1
G: D 47 1 -1 -1 -1 -1
G: P 48 1 -1 -1 10 249
G: K 49 1 10 257 10 650
G: K 50 1 10 649 10 2329
G: K 51 -1 10 2302 10 3250
G: P 52 -1 10 3253 -1 -1
G: D 53 -1 -1 -1 -1 -1
G: D 54 -1 -1 -1 -1 -1
G: D 55 -1 -1 -1 -1 -1
G: D 56 -1 -1 -1 -1 -1
G: P 57 -1 -1 -1 11 661
G: K 58 -1 11 641 11 1079
G: K 59 1 11 1085 11 1991
G: P 60 -1 11 1966 -1 -1
G: P 61 1 -1 -1 12 685
G: K 62 1 12 635 12 1556
G: K 63 1 12 1811 13 260
G: K 64 1 13 259 13 1693
G: P 65 1 13 1696 -1 -1
G: D 66 1 -1 -1 -1 -1
G: P 67 1 -1 -1 14 493
G: P 68 1 -1 -1 15 1425
G: K 69 1 15 1535 15 2396
G: P 70 1 15 2400 -1 -1
G: P 71 1 -1 -1 16 357
G: K 72 1 16 334 16 2332
G: K 73 1 16 2334 16 2757
G: K 74 1 16 2820 17 448
G: K 75 -1 17 444 17 861
G: K 76 1 17 1094 17 2315
G: P 77 1 17 2307 -1 -1
G: D 78 1 -1 -1 -1 -1
G: P 79 1 -1 -1 18 1279
G: K 80 1 18 1334 18 1754
G: K 81 1 18 1753 18 2434
G: K 82 1 18 2433 18 3000
G: P 83 1 18 2992 -1 -1
G: D 84 1 -1 -1 -1 -1
G: D 85 1 -1 -1 -1 -1
G: D 86 1 -1 -1 -1 -1
G: P 88 1 -1 -1 19 1956
G: K 89 1 19 2004 19 2634
G: P 90 1 19 2634 -1 -1
G: D 91 1 -1 -1 -1 -1
G: D 92 1 -1 -1 -1 -1
G: D 93 1 -1 -1 -1 -1
G: P 94 1 -1 -1 20 829
G: P 95 1 20 1012 -1 -1
G: D 96 1 -1 -1 -1 -1
G: D 97 1 -1 -1 -1 -1
G: P 98 1 -1 -1 21 1140
G: P 99 1 21 1132 -1 -1
G: D 100 1 -1 -1 -1 -1
G: D 101 1 -1 -1 -1 -1
G: P 102 1 -1 -1 22 122
G: K 103 1 22 143 22 380
G: K 104 1 22 382 22 2560
G: P 105 1 22 2567 -1 -1
G: D 106 -1 -1 -1 -1 -1
G: D 107 1 -1 -1 -1 -1
G: D 108 1 -1 -1 -1 -1
G: P 109 1 -1 -1 23 4
G: P 110 1 -1 -1 23 839
G: K 111 1 23 853 23 2170
G: P 112 1 23 2156 -1 -1
G: D 113 1 -1 -1 -1 -1
G: D 114 1 -1 -1 -1 -1
G: D 115 1 -1 -1 -1 -1
G: P 116 1 -1 -1 24 737
G: K 117 1 24 729 24 1374
G: K 118 1 24 1354 24 2380
G: P 119 1 24 2394 -1 -1
G: P 120 1 -1 -1 25 515
G: K 121 1 25 517 25 1444
G: P 122 1 25 1483 -1 -1
G: D 123 1 -1 -1 -1 -1
G: D 124 1 -1 -1 -1 -1
G: P 125 1 -1 -1 26 691
G: K 126 -1 26 671 26 1721
G: K 127 1 26 1756 26 2194
G: P 128 1 26 2201 -1 -1
G: D 129 1 -1 -1 -1 -1
G: P 130 1 -1 -1 27 376
G: K 131 -1 27 936 27 1362
G: K 132 -1 27 1342 27 2134
G: K 133 1 27 2153 27 2456
G: P 134 -1 27 2427 -1 -1
G: D 135 1 -1 -1 -1 -1
G: D 136 1 -1 -1 -1 -1
G: P 137 1 -1 -1 28 1574
G: K 138 1 28 1657 28 3367
G: P 139 1 -1 -1 30 1421
G: P 140 1 30 1425 -1 -1
G: D 141 1 -1 -1 -1 -1
G: D 142 1 -1 -1 -1 -1
G: D 143 1 -1 -1 -1 -1
G: P 144 1 -1 -1 31 347
G: K 145 1 31 346 31 1156
G: K 146 1 31 1168 31 2455
G: P 147 1 31 2441 -1 -1
G: D 148 1 -1 -1 -1 -1
G: D 149 1 -1 -1 -1 -1
G: K 150 1 32 30 32 501
G: K 151 1 32 590 32 911
G: K 152 1 32 914 32 1679
G: K 153 1 32 1678 32 2311
G: K 154 1 32 2314 32 2635
G: P 155 1 32 2634 -1 -1
G: D 156 1 -1 -1 -1 -1
G: D 157 1 -1 -1 -1 -1
G: D 635 1 -1 -1 -1 -1
G: D 158 1 -1 -1 -1 -1
G: P 159 1 -1 -1 33 181
G: K 160 1 33 180 33 786
G: K 161 1 33 785 33 1043
G: K 162 1 33 1046 33 1418
G: K 163 1 33 1417 33 1756
G: P 164 1 33 1761 -1 -1
G: D 165 1 -1 -1 -1 -1
G: D 166 1 -1 -1 -1 -1
G: D 167 1 -1 -1 -1 -1
G: D 168 1 -1 -1 -1 -1
G: D 169 1 -1 -1 -1 -1
G: D 170 1 -1 -1 -1 -1
G: P 171 1 -1 -1 34 1303
G: K 172 1 34 1296 34 1962
G: K 173 1 34 1964 34 2711
G: K 174 1 34 2710 34 2926
G: K 175 1 34 2936 34 3053
G: K 176 1 34 3052 34 3427
G: P 177 1 34 3426 -1 -1
G: D 178 1 -1 -1 -1 -1
G: D 636 1 -1 -1 -1 -1
G: D 179 1 -1 -1 -1 -1
G: P 180 1 -1 -1 35 795
G: K 181 1 35 779 35 1721
G: K 182 1 35 1713 35 2997
G: P 183 1 35 2989 -1 -1
G: D 184 1 -1 -1 -1 -1
G: P 185 1 -1 -1 36 348
G: K 514 -1 36 446 36 1355
G: P 186 1 36 1356 -1 -1
G: D 187 1 -1 -1 -1 -1
G: P 188 1 -1 -1 37 1668
G: K 189 1 37 1670 37 2660
G: P 190 1 37 2631 -1 -1
G: D 191 1 -1 -1 -1 -1
G: D 192 1 -1 -1 -1 -1
G: P 193 1 -1 -1 39 1504
G: D 194 1 -1 -1 -1 -1
G: P 195 1 -1 -1 40 1100
G: K 196 1 40 1158 40 1704
G: K 197 1 40 1706 40 1889
G: K 198 1 40 1891 40 2266
G: D 199 1 -1 -1 -1 -1
G: D 200 1 -1 -1 -1 -1
G: K 201 1 41 7 41 376
G: K 202 1 41 503 41 2405
G: P 203 1 41 2404 -1 -1
G: D 204 -1 -1 -1 -1 -1
G: P 205 1 -1 -1 42 1342
G: K 206 1 42 1322 42 1823
G: K 207 -1 42 1815 42 2427
G: P 208 -1 42 2407 -1 -1
G: D 209 -1 -1 -1 -1 -1
G: D 210 1 -1 -1 -1 -1
G: D 211 1 -1 -1 -1 -1
G: D 212 1 -1 -1 -1 -1
G: D 213 1 -1 -1 -1 -1
G: P 214 1 -1 -1 43 779
G: K 215 1 43 771 43 2193
G: K 216 1 43 2170 43 2803
G: P 217 1 43 2821 -1 -1
G: D 218 1 -1 -1 -1 -1
G: P 219 1 -1 -1 44 1059
G: K 220 1 44 1076 45 27
G: K 221 1 45 29 45 1073
G: K 222 1 45 1029 45 1494
G: K 223 -1 45 1525 45 1813
G: K 224 1 45 2122 45 2545
G: P 225 1 45 2534 -1 -1
G: D 226 1 -1 -1 -1 -1
G: D 227 1 -1 -1 -1 -1
G: P 228 1 -1 -1 46 1516
G: K 229 1 46 1478 46 2960
G: D 230 1 -1 -1 -1 -1
G: D 231 1 -1 -1 -1 -1
G: D 232 1 -1 -1 -1 -1
G: D 233 1 -1 -1 -1 -1
G: P 234 1 -1 -1 47 1743
G: K 235 1 47 1835 47 2138
G: K 236 1 47 2130 47 2436
G: P 237 1 47 2431 -1 -1
G: P 238 1 47 2735 -1 -1
G: D 239 1 -1 -1 -1 -1
G: D 240 1 -1 -1 -1 -1
G: P 241 1 -1 -1 48 529
G: P 242 1 48 597 -1 -1
G: D 243 -1 -1 -1 -1 -1
G: D 244 1 -1 -1 -1 -1
G: P 245 1 -1 -1 49 1877
G: P 246 1 49 2565 -1 -1
G: D 247 1 -1 -1 -1 -1
G: D 248 1 -1 -1 -1 -1
G: P 249 -1 -1 -1 50 342
G: K 250 -1 50 331 50 985
G: P 251 -1 50 968 -1 -1
G: D 252 -1 -1 -1 -1 -1
G: P 253 -1 -1 -1 51 494
G: K 254 -1 51 513 51 1251
G: K 255 -1 51 1253 51 2561
G: K 634 -1 51 2564 51 2906
G: P 256 -1 51 2907 -1 -1
G: D 257 1 -1 -1 -1 -1
G: P 258 1 -1 -1 52 285
G: K 259 1 52 451 52 1234
G: K 260 1 52 1279 52 1579
G: K 261 1 52 1578 52 2673
G: P 262 1 52 2673 -1 -1
G: D 513 1 -1 -1 -1 -1
G: P 263 1 -1 -1 53 925
G: P 264 1 -1 -1 54 839
G: K 633 -1 54 844 54 1405
G: K 265 1 54 1406 54 2282
G: P 266 1 54 2281 -1 -1
G: D 267 1 -1 -1 -1 -1
G: D 268 1 -1 -1 -1 -1
G: D 269 -1 -1 -1 -1 -1
G: P 270 -1 -1 -1 55 2265
G: K 271 -1 55 2265 55 2616
G: P 272 -1 55 2649 -1 -1
G: D 273 -1 -1 -1 -1 -1
G: P 274 -1 -1 -1 56 300
G: K 275 -1 56 310 56 1702
G: K 276 -1 56 1705 56 2863
G: K 277 -1 56 3112 56 4093
G: P 278 -1 56 4110 -1 -1
G: P 279 -1 -1 -1 57 225
G: K 280 -1 57 307 57 856
G: P 281 -1 57 869 -1 -1
G: P 282 1 -1 -1 58 619
G: K 283 -1 58 615 58 1275
G: K 284 -1 58 1264 58 2077
G: P 285 -1 58 2137 -1 -1
G: D 286 -1 -1 -1 -1 -1
G: P 287 1 -1 -1 59 1071
G: K 288 1 59 1288 59 1702
G: K 289 1 59 1661 59 2720
G: P 290 1 59 2722 -1 -1
G: D 291 1 -1 -1 -1 -1
G: D 292 1 -1 -1 -1 -1
G: D 293 1 -1 -1 -1 -1
G: P 294 1 -1 -1 61 301
G: K 295 -1 61 297 61 720
G: P 296 -1 61 719 -1 -1
G: D 297 -1 -1 -1 -1 -1
G: D 298 -1 -1 -1 -1 -1
G: P 299 -1 -1 -1 62 114
G: K 300 -1 62 116 62 506
G: K 301 -1 62 625 62 1681
G: P 302 -1 62 1687 -1 -1
G: D 303 -1 -1 -1 -1 -1
G: P 304 -1 -1 -1 63 384
G: K 305 -1 63 385 63 1414
G: K 306 -1 63 1444 63 2398
G: P 307 -1 63 2376 -1 -1
G: D 308 -1 -1 -1 -1 -1
G: D 309 -1 -1 -1 -1 -1
G: P 310 -1 -1 -1 64 1142
G: P 311 -1 64 1141 -1 -1
G: P 312 -1 -1 -1 65 156
G: P 313 -1 65 162 -1 -1
G: D 314 1 -1 -1 -1 -1
G: P 315 -1 -1 -1 66 76
G: P 316 -1 66 98 -1 -1
G: D 317 -1 -1 -1 -1 -1
G: P 318 -1 -1 -1 67 302
G: K 319 -1 67 325 67 1225
G: K 320 -1 67 1151 67 2264
G: D 321 -1 -1 -1 -1 -1
G: D 322 -1 -1 -1 -1 -1
G: P 323 -1 -1 -1 68 389
G: K 324 -1 68 492 68 1371
G: P 325 -1 68 1691 -1 -1
G: P 326 -1 -1 -1 69 832
G: K 327 1 69 888 69 1572
G: K 328 -1 69 2407 69 3232
G: P 329 -1 69 3176 -1 -1
G: D 330 -1 -1 -1 -1 -1
G: D 331 -1 -1 -1 -1 -1
G: D 332 -1 -1 -1 -1 -1
G: P 333 -1 -1 -1 70 1631
G: K 334 -1 70 1669 70 3046
G: P 335 -1 70 3049 -1 -1
G: D 336 -1 -1 -1 -1 -1
G: D 337 -1 -1 -1 -1 -1
G: P 338 -1 -1 -1 71 1657
G: K 339 -1 71 1646 71 2222
G: K 340 -1 71 2229 71 2454
G: P 341 1 71 2512 -1 -1
G: D 342 1 -1 -1 -1 -1
G: D 343 1 -1 -1 -1 -1
G: D 344 -1 -1 -1 -1 -1
G: D 345 -1 -1 -1 -1 -1
G: P 346 -1 73 1022 -1 -1
G: D 347 -1 -1 -1 -1 -1
G: D 348 -1 -1 -1 -1 -1
G: D 349 -1 -1 -1 -1 -1
G: D 350 -1 -1 -1 -1 -1
G: P 351 -1 -1 -1 75 2310
G: K 352 1 75 2353 75 2872
G: K 353 1 75 2862 75 3516
G: D 354 -1 -1 -1 -1 -1
G: D 355 1 -1 -1 -1 -1
G: P 356 1 -1 -1 76 686
G: K 357 -1 76 903 76 1584
G: K 358 1 76 1631 76 2189
G: K 359 1 76 2191 76 2692
G: K 360 -1 76 2688 76 3027
G: D 361 1 -1 -1 -1 -1
G: P 362 -1 -1 -1 77 26
G: K 363 -1 77 179 77 1040
G: K 364 -1 77 1052 77 2246
G: D 365 1 -1 -1 -1 -1
G: D 366 1 -1 -1 -1 -1
G: D 367 -1 -1 -1 -1 -1
G: P 368 1 -1 -1 78 202
G: K 369 1 78 224 78 593
G: K 370 1 78 595 78 772
G: K 371 -1 78 786 78 1053
G: K 372 1 78 1116 78 1797
G: K 373 1 78 1789 78 2743
G: P 374 1 78 2744 -1 -1
G: P 375 -1 -1 -1 79 176
G: K 376 -1 79 165 79 1152
G: K 377 -1 79 1151 79 2834
G: P 378 -1 79 2902 -1 -1
G: D 379 -1 -1 -1 -1 -1
G: P 380 -1 -1 -1 80 15
G: K 381 -1 80 1 80 844
G: K 382 -1 80 844 80 1681
G: K 383 -1 80 1673 80 3377
G: P 384 -1 80 3376 -1 -1
G: D 385 -1 -1 -1 -1 -1
G: D 386 -1 -1 -1 -1 -1
G: P 387 1 -1 -1 81 1074
G: K 388 1 81 1066 81 1660
G: K 389 1 81 1652 81 2312
G: P 390 1 81 2776 -1 -1
G: D 391 -1 -1 -1 -1 -1
G: D 392 -1 -1 -1 -1 -1
G: D 393 -1 -1 -1 -1 -1
G: P 394 -1 -1 -1 82 606
G: K 512 -1 82 607 82 1261
G: K 395 -1 82 1262 83 202
G: K 396 -1 83 488 83 1364
G: K 397 -1 83 1351 83 1816
G: K 398 -1 83 1799 83 2186
G: P 399 -1 83 2189 -1 -1
G: D 400 -1 -1 -1 -1 -1
G: P 401 -1 -1 -1 84 1146
G: K 402 -1 84 1158 84 1494
G: P 403 -1 84 1619 -1 -1
G: D 404 -1 -1 -1 -1 -1
G: D 405 -1 -1 -1 -1 -1
G: P 406 -1 -1 -1 85 1356
G: K 407 -1 85 1357 85 1756
G: P 408 -1 85 1760 -1 -1
G: D 409 -1 -1 -1 -1 -1
G: P 410 -1 -1 -1 86 615
G: K 411 -1 86 630 86 1161
G: K 412 -1 86 1153 86 1789
G: K 413 -1 86 1791 86 2103
G: K 414 -1 86 2105 86 2984
G: P 415 -1 86 2949 -1 -1
G: D 416 -1 -1 -1 -1 -1
G: D 417 1 -1 -1 -1 -1
G: P 418 -1 -1 -1 87 261
G: K 419 -1 87 263 87 1286
G: P 420 -1 87 1270 -1 -1
G: D 421 -1 -1 -1 -1 -1
G: P 422 -1 -1 -1 88 2299
G: P 423 -1 88 2363 -1 -1
G: D 424 -1 -1 -1 -1 -1
G: D 425 -1 -1 -1 -1 -1
G: K 426 -1 89 30 89 1830
G: P 427 -1 89 1835 -1 -1
G: P 428 -1 -1 -1 90 1721
G: P 429 -1 90 1758 -1 -1
G: D 430 -1 -1 -1 -1 -1
G: D 431 1 -1 -1 -1 -1
G: D 432 1 -1 -1 -1 -1
G: P 433 1 -1 -1 91 418
G: K 434 1 91 528 91 1044
G: K 435 -1 91 1040 91 2759
G: P 436 -1 91 2762 -1 -1
G: D 437 -1 -1 -1 -1 -1
G: P 438 -1 -1 -1 92 348
G: K 439 1 92 433 92 1336
G: K 440 1 92 1310 92 2063
G: P 441 1 92 2062 -1 -1
G: D 442 1 -1 -1 -1 -1
G: D 443 1 -1 -1 -1 -1
G: K 444 -1 93 253 93 1081
G: K 445 -1 93 1080 93 1863
G: K 446 -1 93 2005 93 2419
G: P 447 -1 93 2589 -1 -1
G: D 448 -1 -1 -1 -1 -1
G: D 449 -1 -1 -1 -1 -1
G: D 450 -1 -1 -1 -1 -1
G: P 451 -1 -1 -1 94 198
G: P 452 -1 94 808 -1 -1
G: D 453 -1 -1 -1 -1 -1
G: D 454 -1 -1 -1 -1 -1
G: P 455 -1 -1 -1 95 441
G: K 456 1 95 493 95 1291
G: K 457 1 95 1275 95 2157
G: P 458 -1 95 2143 -1 -1
G: D 459 1 -1 -1 -1 -1
G: D 460 -1 -1 -1 -1 -1
G: P 461 -1 -1 -1 96 1631
G: K 462 -1 96 1808 96 2333
G: K 463 -1 96 2334 96 2847
G: P 515 1 96 3018 -1 -1
G: D 464 1 -1 -1 -1 -1
G: P 465 -1 -1 -1 97 1209
G: K 466 -1 97 1189 97 2641
G: P 467 -1 97 2627 -1 -1
G: D 468 -1 -1 -1 -1 -1
G: D 469 -1 -1 -1 -1 -1
G: D 470 -1 -1 -1 -1 -1
G: D 471 -1 -1 -1 -1 -1
G: D 472 -1 -1 -1 -1 -1
G: P 473 -1 -1 -1 99 342
G: K 474 -1 99 404 99 1718
G: P 475 -1 99 2360 -1 -1
