The input genome is 597938 bp long, 298969 will be kept.
min distance 296
----------------------------------------
fragments: id start end
F: 0 2408 5390
F: 1 8620 12191
F: 2 15203 18328
F: 3 20936 24363
F: 4 27421 30561
F: 5 34029 37553
F: 6 40178 42754
F: 7 45364 48119
F: 8 51342 53902
F: 9 56603 59235
F: 10 62964 66360
F: 11 68908 71523
F: 12 74302 77199
F: 13 79998 82809
F: 14 86259 89666
F: 15 92276 95678
F: 16 99299 102714
F: 17 104750 107791
F: 18 110669 114238
F: 19 117563 120475
F: 20 123234 126183
F: 21 128850 131257
F: 22 133887 137007
F: 23 140335 143129
F: 24 145712 148254
F: 25 150870 153895
F: 26 156393 158790
F: 27 160867 163750
F: 28 167243 170910
F: 29 174607 178031
F: 30 181227 183902
F: 31 187167 190185
F: 32 192918 195892
F: 33 199371 201688
F: 34 204463 207975
F: 35 210522 213926
F: 36 216791 219949
F: 37 223700 226740
F: 38 229461 232011
F: 39 234553 237107
F: 40 241641 244293
F: 41 247118 250118
F: 42 253486 256338
F: 43 259423 262706
F: 44 265912 268770
F: 45 272207 275030
F: 46 278265 281341
F: 47 284940 287863
F: 48 291058 293976
F: 49 297152 300214
F: 50 303502 305801
F: 51 308811 312349
F: 52 315291 318816
F: 53 322205 324985
F: 54 327998 330879
F: 55 333713 336620
F: 56 339386 343761
F: 57 345904 348531
F: 58 351342 354148
F: 59 357052 360267
F: 60 362584 365078
F: 61 368726 372026
F: 62 375603 379239
F: 63 382404 385601
F: 64 388717 391847
F: 65 394495 397734
F: 66 399863 402841
F: 67 405470 407737
F: 68 410560 413403
F: 69 416900 420212
F: 70 423583 427050
F: 71 430134 433157
F: 72 435999 438359
F: 73 441784 444797
F: 74 448009 450552
F: 75 453971 457518
F: 76 460530 463701
F: 77 466309 469227
F: 78 472540 475439
F: 79 477990 481211
F: 80 484172 487608
F: 81 491029 494126
F: 82 497429 500722
F: 83 503480 506732
F: 84 509691 512555
F: 85 515443 517971
F: 86 520373 523524
F: 87 526279 528919
F: 88 531802 534665
F: 89 537162 539862
F: 90 542653 545718
F: 91 548273 551237
F: 92 554410 556735
F: 93 559455 562227
F: 94 565206 567489
F: 95 570562 573162
F: 96 576417 579641
F: 97 582578 585628
F: 98 588660 591452
F: 99 594697 597642
----------------------------------------
genes: [Kept,Partial,Discared] locus strand fragment1 start_pos fragment2 end_pos 
G: D 0 1 -1 -1 -1 -1
G: P 1 1 -1 -1 0 373
G: K 614 -1 0 456 0 2649
G: P 2 1 0 2650 -1 -1
G: P 3 1 -1 -1 1 934
G: K 4 1 1 905 1 2159
G: K 5 1 1 2162 1 2810
G: K 6 1 1 2779 1 3550
G: P 7 1 1 3552 -1 -1
G: D 8 1 -1 -1 -1 -1
G: D 9 1 -1 -1 -1 -1
G: P 10 -1 -1 -1 2 683
G: K 11 -1 2 687 2 1554
G: K 12 -1 2 1510 2 2341
G: P 13 1 2 2679 -1 -1
G: P 14 1 -1 -1 3 643
G: P 15 1 3 652 -1 -1
G: D 16 1 -1 -1 -1 -1
G: D 17 1 -1 -1 -1 -1
G: P 18 1 -1 -1 4 973
G: K 19 1 4 1002 4 1446
G: K 20 1 4 1451 4 2327
G: P 21 1 4 2327 -1 -1
G: D 22 1 -1 -1 -1 -1
G: D 23 1 -1 -1 -1 -1
G: D 24 1 -1 -1 -1 -1
G: D 25 1 -1 -1 -1 -1
G: P 26 -1 -1 -1 5 137
G: K 27 -1 5 138 5 759
G: P 28 -1 5 792 -1 -1
G: P 29 1 -1 -1 6 1292
G: K 30 1 6 1441 6 2221
G: P 31 -1 6 2189 -1 -1
G: D 32 1 -1 -1 -1 -1
G: P 33 1 -1 -1 7 635
G: K 34 1 7 607 7 1960
G: P 35 -1 7 1956 -1 -1
G: D 36 -1 -1 -1 -1 -1
G: P 37 1 -1 -1 8 602
G: K 38 1 8 622 8 892
G: P 39 1 8 1089 -1 -1
G: D 40 1 -1 -1 -1 -1
G: D 42 1 -1 -1 -1 -1
G: P 43 1 -1 -1 9 789
G: K 44 1 9 772 9 1930
G: P 45 -1 9 2159 -1 -1
G: D 46 1 -1 -1 -1 -1
G: D 47 1 -1 -1 -1 -1
G: D 48 1 -1 -1 -1 -1
G: P 49 1 -1 -1 10 272
G: K 50 1 10 271 10 1942
G: K 51 -1 10 1918 10 2869
G: K 52 -1 10 2872 10 3256
G: P 53 -1 10 3262 -1 -1
G: D 54 -1 -1 -1 -1 -1
G: D 55 -1 -1 -1 -1 -1
G: D 56 -1 -1 -1 -1 -1
G: P 57 -1 -1 -1 11 198
G: K 58 -1 11 178 11 631
G: K 59 1 11 637 11 1540
G: P 60 -1 11 1518 -1 -1
G: P 61 1 -1 -1 12 199
G: K 62 1 12 149 12 1052
G: P 63 1 12 1307 -1 -1
G: P 64 1 -1 -1 13 1061
G: P 65 1 13 1064 -1 -1
G: D 66 1 -1 -1 -1 -1
G: P 612 -1 -1 -1 14 475
G: K 67 1 14 476 14 1940
G: K 68 1 15 106 15 2875
G: P 69 1 15 2985 -1 -1
G: D 70 1 -1 -1 -1 -1
G: P 71 1 -1 -1 16 1922
G: P 72 1 16 1899 -1 -1
G: D 73 1 -1 -1 -1 -1
G: P 74 1 -1 -1 17 1973
G: K 75 -1 17 1969 17 2386
G: P 76 1 17 2619 -1 -1
G: D 77 1 -1 -1 -1 -1
G: D 503 1 -1 -1 -1 -1
G: P 78 1 -1 -1 18 923
G: K 79 1 18 922 18 3469
G: P 80 1 18 3524 -1 -1
G: D 81 1 -1 -1 -1 -1
G: D 82 1 -1 -1 -1 -1
G: D 83 1 -1 -1 -1 -1
G: P 84 1 -1 -1 19 118
G: K 85 1 19 110 19 1259
G: K 86 1 19 1287 19 1707
G: K 87 1 19 1723 19 2185
G: P 88 1 19 2194 -1 -1
G: D 89 1 -1 -1 -1 -1
G: D 90 1 -1 -1 -1 -1
G: P 91 1 -1 -1 20 85
G: K 92 1 20 87 20 540
G: K 93 1 20 523 20 1939
G: P 94 1 20 1942 -1 -1
G: D 95 1 -1 -1 -1 -1
G: P 96 1 -1 -1 21 465
G: K 97 1 21 564 21 1992
G: P 98 1 21 1994 -1 -1
G: D 99 1 -1 -1 -1 -1
G: P 100 1 -1 -1 22 481
G: K 101 1 22 473 22 1427
G: K 102 1 22 1416 22 2256
G: K 103 1 22 2277 22 2514
G: P 104 1 22 2516 -1 -1
G: D 105 1 -1 -1 -1 -1
G: D 106 -1 -1 -1 -1 -1
G: P 107 1 -1 -1 23 37
G: K 108 1 23 36 23 828
G: K 109 1 23 812 23 1985
G: P 110 1 23 1971 -1 -1
G: D 111 1 -1 -1 -1 -1
G: D 112 1 -1 -1 -1 -1
G: P 113 1 -1 -1 24 795
G: K 114 1 24 730 24 1438
G: K 115 1 24 1462 24 1936
G: P 116 1 24 1944 -1 -1
G: D 117 1 -1 -1 -1 -1
G: D 118 1 -1 -1 -1 -1
G: P 119 1 -1 -1 25 966
G: K 120 1 25 972 25 2532
G: P 121 1 25 2534 -1 -1
G: P 122 1 -1 -1 26 116
G: K 123 1 26 93 26 1509
G: K 124 1 26 1555 26 1867
G: P 125 1 26 1872 -1 -1
G: D 126 -1 -1 -1 -1 -1
G: D 127 1 -1 -1 -1 -1
G: P 128 1 -1 -1 27 576
G: K 129 1 27 575 27 929
G: K 130 1 27 915 27 2376
G: D 131 -1 -1 -1 -1 -1
G: D 132 -1 -1 -1 -1 -1
G: D 133 1 -1 -1 -1 -1
G: D 134 -1 -1 -1 -1 -1
G: P 135 1 -1 -1 28 454
G: K 136 1 28 395 28 1622
G: K 137 1 28 1621 28 3442
G: P 138 1 28 3525 -1 -1
G: D 616 -1 -1 -1 -1 -1
G: D 139 1 -1 -1 -1 -1
G: D 140 1 -1 -1 -1 -1
G: D 141 1 -1 -1 -1 -1
G: P 142 1 -1 -1 31 1163
G: K 143 1 31 1152 31 1485
G: K 144 1 31 1506 31 2367
G: P 145 1 31 2366 -1 -1
G: D 146 1 -1 -1 -1 -1
G: D 147 1 -1 -1 -1 -1
G: P 148 1 -1 -1 32 1139
G: K 149 1 32 1214 32 2060
G: K 150 1 32 2099 32 2564
G: P 151 1 32 2653 -1 -1
G: D 152 1 -1 -1 -1 -1
G: D 153 1 -1 -1 -1 -1
G: D 154 1 -1 -1 -1 -1
G: D 155 1 -1 -1 -1 -1
G: D 156 1 -1 -1 -1 -1
G: D 157 1 -1 -1 -1 -1
G: P 158 1 -1 -1 33 659
G: K 159 1 33 664 33 1078
G: K 160 1 33 1077 33 1680
G: K 161 1 33 1679 33 1940
G: K 162 1 33 1943 33 2312
G: P 163 1 33 2311 -1 -1
G: D 164 1 -1 -1 -1 -1
G: D 165 1 -1 -1 -1 -1
G: D 166 1 -1 -1 -1 -1
G: D 167 1 -1 -1 -1 -1
G: D 168 1 -1 -1 -1 -1
G: P 169 1 -1 -1 34 269
G: K 170 1 34 274 34 733
G: K 171 1 34 732 34 2172
G: K 172 1 34 2165 34 2813
G: P 173 1 34 2815 -1 -1
G: D 174 1 -1 -1 -1 -1
G: D 175 1 -1 -1 -1 -1
G: D 176 1 -1 -1 -1 -1
G: D 177 1 -1 -1 -1 -1
G: D 178 1 -1 -1 -1 -1
G: D 179 1 -1 -1 -1 -1
G: P 180 1 -1 -1 35 805
G: K 181 1 35 789 35 1713
G: K 182 1 35 1705 35 2968
G: P 183 1 35 2960 -1 -1
G: D 184 1 -1 -1 -1 -1
G: P 185 1 -1 -1 36 205
G: K 186 1 36 304 36 2446
G: D 187 1 -1 -1 -1 -1
G: P 188 1 -1 -1 37 533
G: K 189 1 37 535 37 1540
G: K 190 1 37 1511 37 2486
G: P 191 1 37 2654 -1 -1
G: P 192 1 -1 -1 38 2218
G: K 193 1 38 2219 39 292
G: D 194 1 -1 -1 -1 -1
G: D 195 1 -1 -1 -1 -1
G: P 196 1 -1 -1 40 253
G: K 197 1 40 255 40 435
G: K 198 1 40 437 40 812
G: P 199 1 40 1537 -1 -1
G: D 200 1 -1 -1 -1 -1
G: D 201 1 -1 -1 -1 -1
G: P 202 1 -1 -1 41 932
G: P 203 1 41 931 -1 -1
G: D 204 -1 -1 -1 -1 -1
G: D 205 1 -1 -1 -1 -1
G: P 206 1 -1 -1 42 310
G: K 207 -1 42 302 42 893
G: K 208 -1 42 876 42 1803
G: K 209 -1 42 1802 42 2345
G: P 210 1 42 2545 -1 -1
G: D 211 1 -1 -1 -1 -1
G: D 212 1 -1 -1 -1 -1
G: D 213 1 -1 -1 -1 -1
G: D 214 1 -1 -1 -1 -1
G: P 215 1 -1 -1 43 497
G: K 216 1 43 480 43 1104
G: K 217 1 43 1122 43 2094
G: P 218 1 43 2096 -1 -1
G: D 219 1 -1 -1 -1 -1
G: D 220 1 -1 -1 -1 -1
G: D 221 1 -1 -1 -1 -1
G: D 222 1 -1 -1 -1 -1
G: P 223 -1 -1 -1 45 92
G: K 224 1 45 401 45 815
G: K 225 1 45 804 45 1737
G: P 226 1 45 1738 -1 -1
G: D 227 1 -1 -1 -1 -1
G: D 228 1 -1 -1 -1 -1
G: P 229 1 -1 -1 46 1041
G: K 230 1 46 1512 46 2376
G: K 231 1 46 2375 46 2858
G: P 232 1 46 2863 -1 -1
G: D 233 1 -1 -1 -1 -1
G: D 234 1 -1 -1 -1 -1
G: P 505 -1 -1 -1 47 368
G: K 235 1 47 369 47 684
G: K 236 1 47 676 47 982
G: K 237 1 47 974 47 1289
G: K 238 1 47 1281 47 2157
G: K 239 1 47 2146 47 2569
G: P 240 1 47 2561 -1 -1
G: D 241 1 -1 -1 -1 -1
G: P 242 1 -1 -1 48 1169
G: K 243 -1 48 1165 48 2227
G: P 244 1 48 2279 -1 -1
G: D 245 1 -1 -1 -1 -1
G: K 246 1 49 661 49 2776
G: P 247 1 49 2778 -1 -1
G: D 248 1 -1 -1 -1 -1
G: D 249 -1 -1 -1 -1 -1
G: D 250 -1 -1 -1 -1 -1
G: P 251 -1 -1 -1 50 638
G: P 252 -1 50 682 -1 -1
G: D 253 -1 -1 -1 -1 -1
G: D 254 -1 -1 -1 -1 -1
G: P 255 -1 -1 -1 51 636
G: K 256 -1 51 640 51 2629
G: P 257 1 51 2804 -1 -1
G: D 258 1 -1 -1 -1 -1
G: D 259 1 -1 -1 -1 -1
G: D 260 1 -1 -1 -1 -1
G: P 261 1 -1 -1 52 330
G: K 262 1 52 330 52 1749
G: P 263 1 52 1879 -1 -1
G: P 264 1 53 155 -1 -1
G: D 265 1 -1 -1 -1 -1
G: D 266 1 -1 -1 -1 -1
G: D 267 1 -1 -1 -1 -1
G: P 268 1 -1 -1 54 325
G: K 269 -1 54 260 54 1097
G: P 270 -1 54 1115 -1 -1
G: D 271 -1 -1 -1 -1 -1
G: D 272 -1 -1 -1 -1 -1
G: P 273 -1 -1 -1 55 32
G: K 274 -1 55 412 55 1426
G: K 275 -1 55 1436 55 2807
G: P 276 -1 55 2810 -1 -1
G: D 277 -1 -1 -1 -1 -1
G: P 278 -1 -1 -1 56 616
G: K 279 -1 56 643 56 2080
G: K 280 -1 56 2162 56 2708
G: P 281 -1 56 2721 -1 -1
G: P 282 1 -1 -1 57 1339
G: K 283 -1 57 1335 57 2004
G: P 284 -1 57 1996 -1 -1
G: D 285 -1 -1 -1 -1 -1
G: P 286 -1 -1 -1 58 249
G: K 287 1 58 580 58 2053
G: K 288 1 58 2273 58 2675
G: P 289 1 58 2634 -1 -1
G: D 290 1 -1 -1 -1 -1
G: D 291 1 -1 -1 -1 -1
G: D 292 1 -1 -1 -1 -1
G: P 293 1 -1 -1 60 29
G: K 294 1 60 18 60 1671
G: K 295 -1 60 1667 60 2084
G: P 296 -1 60 2083 -1 -1
G: D 297 -1 -1 -1 -1 -1
G: P 298 -1 -1 -1 61 868
G: K 299 -1 61 985 61 2089
G: K 300 -1 61 2091 61 2481
G: P 301 -1 61 2600 -1 -1
G: D 302 -1 -1 -1 -1 -1
G: P 303 -1 -1 -1 62 878
G: K 304 -1 62 895 62 2134
G: K 305 -1 62 2135 62 3161
G: P 306 -1 62 3191 -1 -1
G: D 307 -1 -1 -1 -1 -1
G: D 308 -1 -1 -1 -1 -1
G: P 309 -1 -1 -1 63 1130
G: K 310 -1 63 1217 63 2405
G: P 311 -1 63 2404 -1 -1
G: P 312 -1 -1 -1 64 860
G: K 501 -1 64 865 64 2215
G: K 313 -1 64 2216 65 149
G: K 314 1 65 202 65 1009
G: K 315 -1 65 1015 65 1642
G: P 316 -1 65 1664 -1 -1
G: P 317 -1 -1 -1 66 660
G: K 318 -1 66 704 66 2036
G: K 319 -1 66 2059 66 2968
G: P 320 -1 66 2891 -1 -1
G: P 321 -1 -1 -1 67 252
G: K 322 -1 67 266 67 1112
G: K 323 -1 67 1128 67 1656
G: P 324 -1 67 1759 -1 -1
G: P 325 -1 -1 -1 68 676
G: P 326 -1 68 1475 -1 -1
G: D 327 1 -1 -1 -1 -1
G: D 613 -1 -1 -1 -1 -1
G: P 500 -1 -1 -1 69 2322
G: K 328 -1 69 2323 69 3139
G: P 329 -1 69 3083 -1 -1
G: D 330 -1 -1 -1 -1 -1
G: D 331 -1 -1 -1 -1 -1
G: D 332 -1 -1 -1 -1 -1
G: P 333 -1 -1 -1 70 1660
G: K 334 -1 70 1698 70 3045
G: P 335 -1 70 3048 -1 -1
G: D 336 -1 -1 -1 -1 -1
G: D 337 -1 -1 -1 -1 -1
G: P 615 -1 -1 -1 71 1090
G: P 338 -1 71 1091 -1 -1
G: D 339 -1 -1 -1 -1 -1
G: D 340 -1 -1 -1 -1 -1
G: D 341 1 -1 -1 -1 -1
G: P 342 1 -1 -1 72 1010
G: K 343 1 72 1013 72 1439
G: P 344 -1 72 1422 -1 -1
G: P 345 -1 -1 -1 73 689
G: P 346 -1 -1 -1 74 858
G: P 347 -1 74 867 -1 -1
G: D 348 -1 -1 -1 -1 -1
G: P 349 -1 -1 -1 75 829
G: K 350 -1 75 832 75 1663
G: P 351 -1 75 1673 -1 -1
G: D 352 1 -1 -1 -1 -1
G: D 353 1 -1 -1 -1 -1
G: P 354 -1 -1 -1 76 131
G: K 355 1 76 541 76 1783
G: K 356 1 76 1782 76 2718
G: P 357 -1 76 2935 -1 -1
G: D 358 1 -1 -1 -1 -1
G: D 359 1 -1 -1 -1 -1
G: D 360 -1 -1 -1 -1 -1
G: D 361 1 -1 -1 -1 -1
G: P 362 -1 -1 -1 77 2088
G: P 363 -1 77 2241 -1 -1
G: D 364 -1 -1 -1 -1 -1
G: D 365 1 -1 -1 -1 -1
G: P 366 1 -1 -1 78 385
G: K 367 -1 78 374 78 1610
G: K 368 1 78 1729 78 2218
G: K 369 1 78 2240 78 2621
G: K 370 1 78 2623 78 2797
G: P 371 -1 78 2811 -1 -1
G: D 372 1 -1 -1 -1 -1
G: D 373 1 -1 -1 -1 -1
G: P 374 1 -1 -1 79 1356
G: K 375 -1 79 1379 79 2171
G: K 376 -1 79 2160 79 3159
G: P 377 -1 79 3158 -1 -1
G: D 378 -1 -1 -1 -1 -1
G: P 379 -1 -1 -1 80 633
G: K 380 -1 80 625 80 1804
G: K 381 -1 80 1787 80 2636
G: P 382 -1 80 2636 -1 -1
G: D 383 -1 -1 -1 -1 -1
G: D 384 -1 -1 -1 -1 -1
G: D 385 -1 -1 -1 -1 -1
G: P 386 -1 -1 -1 81 861
G: K 387 1 81 889 81 2737
G: P 388 1 81 2729 -1 -1
G: D 389 1 -1 -1 -1 -1
G: D 502 -1 -1 -1 -1 -1
G: D 390 1 -1 -1 -1 -1
G: P 391 -1 -1 -1 82 519
G: K 392 -1 82 511 82 1813
G: K 393 -1 82 1812 82 2274
G: K 394 -1 82 2444 82 3155
G: K 395 -1 82 3157 83 1957
G: K 396 -1 83 2243 83 3128
G: P 397 -1 83 3115 -1 -1
G: D 398 -1 -1 -1 -1 -1
G: D 399 -1 -1 -1 -1 -1
G: P 400 -1 -1 -1 84 1185
G: K 401 -1 84 1201 84 2833
G: P 402 -1 84 2845 -1 -1
G: D 403 -1 -1 -1 -1 -1
G: P 404 -1 -1 -1 85 386
G: K 405 -1 85 756 85 1218
G: P 406 -1 85 1218 -1 -1
G: D 407 -1 -1 -1 -1 -1
G: D 408 -1 -1 -1 -1 -1
G: P 409 -1 -1 -1 86 710
G: K 410 -1 86 709 86 2266
G: K 411 -1 86 2281 86 2818
G: P 412 -1 86 2810 -1 -1
G: D 413 -1 -1 -1 -1 -1
G: D 414 -1 -1 -1 -1 -1
G: D 415 -1 -1 -1 -1 -1
G: P 416 -1 -1 -1 87 592
G: K 417 1 87 658 87 1132
G: K 418 -1 87 1128 87 1845
G: P 419 -1 87 1847 -1 -1
G: D 420 -1 -1 -1 -1 -1
G: P 421 -1 -1 -1 88 411
G: P 422 -1 88 531 -1 -1
G: P 423 -1 -1 -1 89 377
G: K 424 -1 89 432 89 831
G: K 425 -1 89 836 89 1280
G: P 426 -1 89 1317 -1 -1
G: P 427 -1 -1 -1 90 520
G: K 428 -1 90 491 90 2996
G: P 429 -1 90 3033 -1 -1
G: D 430 -1 -1 -1 -1 -1
G: P 431 1 -1 -1 91 933
G: K 432 1 91 955 91 1159
G: K 433 1 91 1194 91 1623
G: K 434 1 91 1733 91 2258
G: P 435 -1 91 2254 -1 -1
G: D 436 -1 -1 -1 -1 -1
G: P 437 -1 -1 -1 92 123
G: K 438 -1 92 182 92 1403
G: P 439 1 92 1488 -1 -1
G: D 440 1 -1 -1 -1 -1
G: D 441 1 -1 -1 -1 -1
G: D 442 1 -1 -1 -1 -1
G: P 443 1 -1 -1 93 1004
G: K 444 -1 93 1408 93 2236
G: P 445 -1 93 2235 -1 -1
G: D 446 -1 -1 -1 -1 -1
G: D 447 -1 -1 -1 -1 -1
G: D 448 -1 -1 -1 -1 -1
G: K 449 -1 94 1 94 370
G: K 450 -1 94 353 94 1061
G: K 451 -1 94 1060 94 1354
G: P 452 -1 94 1964 -1 -1
G: D 453 -1 -1 -1 -1 -1
G: P 454 -1 -1 -1 95 266
G: K 455 -1 95 265 95 1447
G: K 456 1 95 1499 95 2285
G: P 457 1 95 2269 -1 -1
G: D 458 -1 -1 -1 -1 -1
G: D 459 1 -1 -1 -1 -1
G: D 460 -1 -1 -1 -1 -1
G: K 461 -1 96 479 96 2606
G: P 462 -1 96 2783 -1 -1
G: D 463 -1 -1 -1 -1 -1
G: D 464 1 -1 -1 -1 -1
G: P 465 -1 -1 -1 97 55
G: K 466 -1 97 35 97 1514
G: K 467 -1 97 1500 97 2289
G: P 468 -1 97 2281 -1 -1
G: D 469 -1 -1 -1 -1 -1
G: D 470 -1 -1 -1 -1 -1
G: D 471 -1 -1 -1 -1 -1
G: D 472 -1 -1 -1 -1 -1
G: D 473 -1 -1 -1 -1 -1
G: P 474 -1 -1 -1 99 399
G: K 475 -1 99 1041 99 1863
G: P 504 1 99 1888 -1 -1
