The input genome is 601979 bp long, 300989 will be kept.
min distance 298
----------------------------------------
fragments: id start end
F: 0 2481 5463
F: 1 8619 12287
F: 2 15321 18446
F: 3 21179 24606
F: 4 27820 30960
F: 5 34395 37947
F: 6 40543 43217
F: 7 45829 48584
F: 8 51821 54419
F: 9 57084 59716
F: 10 63447 66843
F: 11 69397 72047
F: 12 74740 77744
F: 13 80580 83451
F: 14 86910 90342
F: 15 93096 96557
F: 16 100173 103588
F: 17 105698 108739
F: 18 111717 115286
F: 19 118565 121508
F: 20 124316 127265
F: 21 129979 132438
F: 22 135070 138190
F: 23 141553 144347
F: 24 146932 149474
F: 25 152157 155182
F: 26 157774 160284
F: 27 162298 165246
F: 28 168977 172647
F: 29 176181 179658
F: 30 182936 185611
F: 31 188931 191949
F: 32 194646 197620
F: 33 201056 203468
F: 34 206113 209675
F: 35 212324 215779
F: 36 218634 221792
F: 37 225561 228601
F: 38 231150 233796
F: 39 236251 238819
F: 40 243244 245921
F: 41 248807 251808
F: 42 255195 258051
F: 43 261138 264421
F: 44 267742 270664
F: 45 274129 276952
F: 46 280174 283250
F: 47 286842 289795
F: 48 292997 295915
F: 49 299076 302138
F: 50 305405 307704
F: 51 310716 314254
F: 52 317213 320738
F: 53 323990 326776
F: 54 329762 332689
F: 55 335540 338447
F: 56 341201 345576
F: 57 347805 350432
F: 58 353281 356106
F: 59 358984 362199
F: 60 364561 367055
F: 61 370595 373929
F: 62 377518 381154
F: 63 384361 387558
F: 64 390585 393738
F: 65 396312 399592
F: 66 401744 404722
F: 67 407338 409605
F: 68 412430 415273
F: 69 418924 422236
F: 70 425787 429254
F: 71 432359 435382
F: 72 438315 440675
F: 73 444312 447325
F: 74 450539 453082
F: 75 456578 460125
F: 76 463139 466310
F: 77 468940 471885
F: 78 475296 478195
F: 79 480733 483954
F: 80 486895 490339
F: 81 493761 496858
F: 82 500248 503541
F: 83 506424 509676
F: 84 512736 515600
F: 85 518683 521211
F: 86 523778 526929
F: 87 529686 532374
F: 88 535387 538250
F: 89 540806 543591
F: 90 546344 549469
F: 91 551940 554904
F: 92 558046 560453
F: 93 563085 566029
F: 94 569095 571419
F: 95 574433 577033
F: 96 580332 583556
F: 97 586562 589612
F: 98 592646 595438
F: 99 598702 601681
----------------------------------------
genes: [Kept,Partial,Discared] locus strand fragment1 start_pos fragment2 end_pos 
G: D 0 1 -1 -1 -1 -1
G: P 1 1 -1 -1 0 306
G: K 2 1 0 390 0 2385
G: P 3 1 0 2399 -1 -1
G: P 4 1 -1 -1 1 3
G: K 5 1 1 6 1 642
G: K 6 1 1 614 1 1400
G: K 7 1 1 1402 1 2779
G: K 8 1 1 2778 1 3582
G: P 9 1 1 3610 -1 -1
G: D 10 -1 -1 -1 -1 -1
G: D 11 -1 -1 -1 -1 -1
G: P 12 -1 -1 -1 2 93
G: K 13 1 2 431 2 2366
G: P 14 1 2 2412 -1 -1
G: P 15 1 -1 -1 3 1459
G: K 16 1 3 1500 3 2712
G: P 17 1 3 2692 -1 -1
G: D 18 1 -1 -1 -1 -1
G: D 19 1 -1 -1 -1 -1
G: P 20 1 -1 -1 4 2
G: K 21 1 4 2 4 1112
G: K 22 1 4 1314 4 2211
G: K 23 1 4 2214 4 2778
G: P 24 1 4 2755 -1 -1
G: D 25 1 -1 -1 -1 -1
G: D 26 -1 -1 -1 -1 -1
G: D 27 -1 -1 -1 -1 -1
G: P 28 -1 -1 -1 5 2940
G: P 29 1 5 3202 -1 -1
G: P 30 1 -1 -1 6 53
G: K 31 -1 6 15 6 675
G: K 32 1 6 703 6 1969
G: P 33 1 6 1958 -1 -1
G: D 34 1 -1 -1 -1 -1
G: P 35 -1 -1 -1 7 1197
G: K 36 -1 7 1187 7 2348
G: P 37 1 7 2506 -1 -1
G: D 38 1 -1 -1 -1 -1
G: P 39 1 -1 -1 8 475
G: K 40 1 8 479 8 1340
G: K 41 1 8 1317 8 2211
G: P 42 1 8 2186 -1 -1
G: D 43 1 -1 -1 -1 -1
G: P 44 1 -1 -1 9 504
G: K 45 -1 9 733 9 2083
G: P 46 1 9 2135 -1 -1
G: D 47 1 -1 -1 -1 -1
G: D 48 1 -1 -1 -1 -1
G: D 49 1 -1 -1 -1 -1
G: P 50 1 -1 -1 10 574
G: K 51 -1 10 550 10 1489
G: K 52 -1 10 1492 10 1873
G: K 53 -1 10 1879 10 2023
G: K 54 -1 10 2036 10 2420
G: K 55 -1 10 2403 10 3264
G: P 56 -1 10 3248 -1 -1
G: D 57 -1 -1 -1 -1 -1
G: D 58 -1 -1 -1 -1 -1
G: P 59 1 -1 -1 11 172
G: K 60 -1 11 150 11 1902
G: P 61 1 11 2206 -1 -1
G: D 62 1 -1 -1 -1 -1
G: K 813 1 12 97 12 1147
G: P 63 1 12 1148 -1 -1
G: P 64 1 -1 -1 13 764
G: K 65 1 13 767 13 2726
G: P 66 1 13 2736 -1 -1
G: D 67 1 -1 -1 -1 -1
G: K 695 -1 14 1429 14 1729
G: P 68 1 -1 -1 15 567
G: K 69 1 15 677 15 1556
G: P 70 1 15 1560 -1 -1
G: D 71 1 -1 -1 -1 -1
G: P 72 1 -1 -1 16 1499
G: K 73 1 16 1501 16 1930
G: P 74 1 16 1993 -1 -1
G: D 75 -1 -1 -1 -1 -1
G: K 76 1 17 180 17 1431
G: K 77 1 17 1423 17 2557
G: P 78 1 17 2555 -1 -1
G: P 79 1 -1 -1 18 351
G: K 80 1 18 406 18 841
G: K 82 1 18 841 18 1411
G: K 83 1 18 1403 18 2309
G: K 84 1 18 2309 18 3260
G: P 85 1 18 3252 -1 -1
G: D 86 1 -1 -1 -1 -1
G: D 87 1 -1 -1 -1 -1
G: P 88 1 -1 -1 19 600
G: K 89 1 19 651 19 1293
G: K 90 1 19 1293 19 1785
G: K 91 1 19 1768 19 2095
G: K 92 1 19 2097 19 2562
G: P 93 1 19 2545 -1 -1
G: D 94 1 -1 -1 -1 -1
G: P 95 1 -1 -1 20 1633
G: K 96 1 20 1689 20 2448
G: P 97 1 20 2547 -1 -1
G: D 98 1 -1 -1 -1 -1
G: P 99 1 -1 -1 21 1222
G: K 100 1 21 1196 21 1865
G: P 101 1 21 1857 -1 -1
G: D 102 1 -1 -1 -1 -1
G: D 103 1 -1 -1 -1 -1
G: P 104 1 -1 -1 22 1044
G: K 105 1 22 1051 22 1693
G: K 106 -1 22 1661 22 2261
G: K 107 1 22 2301 22 2892
G: P 108 1 22 2891 -1 -1
G: D 109 1 -1 -1 -1 -1
G: D 110 1 -1 -1 -1 -1
G: P 111 1 -1 -1 23 568
G: K 112 1 23 557 23 1184
G: K 113 1 23 1197 23 2598
G: P 114 1 23 2530 -1 -1
G: D 115 1 -1 -1 -1 -1
G: D 116 1 -1 -1 -1 -1
G: D 117 1 -1 -1 -1 -1
G: P 118 1 -1 -1 24 800
G: P 119 1 24 814 -1 -1
G: D 120 1 -1 -1 -1 -1
G: D 121 1 -1 -1 -1 -1
G: P 122 1 -1 -1 25 2059
G: P 123 1 25 2036 -1 -1
G: D 124 1 -1 -1 -1 -1
G: D 125 1 -1 -1 -1 -1
G: P 126 -1 -1 -1 26 92
G: K 127 1 26 127 26 565
G: K 128 1 26 572 26 1355
G: K 129 1 26 1354 26 1717
G: P 130 1 26 1706 -1 -1
G: D 131 -1 -1 -1 -1 -1
G: P 132 -1 -1 -1 27 440
G: K 133 1 27 459 27 756
G: K 134 -1 27 727 27 1582
G: P 487 -1 27 1629 -1 -1
G: D 135 1 -1 -1 -1 -1
G: D 136 1 -1 -1 -1 -1
G: P 137 1 -1 -1 28 741
G: K 138 1 28 824 28 2555
G: P 139 1 -1 -1 30 607
G: K 140 1 30 611 30 2225
G: K 141 1 30 2224 30 2500
G: P 142 1 30 2483 -1 -1
G: D 143 1 -1 -1 -1 -1
G: D 144 1 -1 -1 -1 -1
G: P 145 1 -1 -1 31 397
G: K 146 1 31 409 31 1726
G: K 147 1 31 1709 31 2861
G: P 148 1 31 2899 -1 -1
G: D 149 1 -1 -1 -1 -1
G: D 150 1 -1 -1 -1 -1
G: P 151 1 -1 -1 32 252
G: K 152 1 32 255 32 1041
G: K 153 1 32 1040 32 1676
G: K 154 1 32 1679 32 2003
G: K 155 1 32 2002 32 2866
G: P 156 1 32 2865 -1 -1
G: D 157 1 -1 -1 -1 -1
G: D 158 1 -1 -1 -1 -1
G: D 159 1 -1 -1 -1 -1
G: D 160 1 -1 -1 -1 -1
G: D 161 1 -1 -1 -1 -1
G: D 162 1 -1 -1 -1 -1
G: D 163 1 -1 -1 -1 -1
G: K 164 1 33 0 33 558
G: K 165 1 33 560 33 755
G: K 166 1 33 745 33 1189
G: K 167 1 33 1195 33 1765
G: K 168 1 33 1766 33 2120
G: P 169 1 33 2124 -1 -1
G: D 170 1 -1 -1 -1 -1
G: D 171 1 -1 -1 -1 -1
G: P 172 1 -1 -1 34 259
G: K 173 1 34 261 34 996
G: K 174 1 34 995 34 1205
G: K 175 1 34 1215 34 1329
G: K 176 1 34 1328 34 1709
G: K 177 1 34 1708 34 2077
G: K 178 1 34 2092 34 3091
G: K 179 1 34 3103 34 3475
G: P 180 1 34 3461 -1 -1
G: D 181 1 -1 -1 -1 -1
G: P 182 1 -1 -1 35 289
G: K 183 1 35 281 35 1016
G: K 184 1 35 1005 35 2844
G: P 185 1 35 2844 -1 -1
G: D 186 1 -1 -1 -1 -1
G: K 187 1 36 2204 36 2969
G: P 188 1 36 2961 -1 -1
G: D 189 1 -1 -1 -1 -1
G: D 190 1 -1 -1 -1 -1
G: P 191 1 -1 -1 37 912
G: P 192 1 37 918 -1 -1
G: D 193 1 -1 -1 -1 -1
G: K 194 1 39 769 39 1810
G: P 195 1 39 1813 -1 -1
G: D 196 1 -1 -1 -1 -1
G: D 197 1 -1 -1 -1 -1
G: D 198 1 -1 -1 -1 -1
G: P 199 1 -1 -1 40 1007
G: K 200 1 40 1018 40 1684
G: K 201 1 40 1693 40 2080
G: P 484 1 40 2206 -1 -1
G: D 202 1 -1 -1 -1 -1
G: P 203 1 -1 -1 41 1758
G: K 204 -1 41 1754 41 2807
G: P 205 1 41 2842 -1 -1
G: D 206 1 -1 -1 -1 -1
G: D 207 -1 -1 -1 -1 -1
G: P 208 -1 -1 -1 42 261
G: K 209 -1 42 260 42 812
G: K 210 1 42 1012 42 1672
G: K 211 1 42 1671 42 1869
G: K 558 -1 42 1869 42 2526
G: P 212 1 42 2527 -1 -1
G: D 213 1 -1 -1 -1 -1
G: D 214 1 -1 -1 -1 -1
G: D 215 1 -1 -1 -1 -1
G: P 216 1 -1 -1 43 252
G: K 217 1 43 270 43 1269
G: K 561 -1 43 1270 43 1552
G: K 218 1 43 1553 43 3116
G: D 219 1 -1 -1 -1 -1
G: D 220 1 -1 -1 -1 -1
G: D 221 1 -1 -1 -1 -1
G: D 222 1 -1 -1 -1 -1
G: D 223 -1 -1 -1 -1 -1
G: P 224 1 -1 -1 45 197
G: K 225 1 45 186 45 1158
G: K 226 1 45 1159 45 2425
G: P 227 1 45 2427 -1 -1
G: D 228 1 -1 -1 -1 -1
G: P 229 1 -1 -1 46 505
G: K 230 1 46 976 46 1840
G: K 231 1 46 1839 46 2316
G: P 232 1 46 2321 -1 -1
G: D 233 1 -1 -1 -1 -1
G: D 234 1 -1 -1 -1 -1
G: D 235 1 -1 -1 -1 -1
G: P 236 1 -1 -1 47 108
G: K 237 1 47 100 47 421
G: K 238 1 47 410 47 1298
G: K 239 1 47 1287 47 1716
G: K 240 1 47 1708 47 2605
G: P 241 1 47 2634 -1 -1
G: P 242 1 -1 -1 48 342
G: K 243 -1 48 338 48 1391
G: P 244 1 48 1443 -1 -1
G: D 245 1 -1 -1 -1 -1
G: P 246 1 -1 -1 49 2003
G: K 247 1 49 2005 49 2521
G: P 248 1 49 2516 -1 -1
G: D 249 -1 -1 -1 -1 -1
G: D 250 -1 -1 -1 -1 -1
G: D 251 -1 -1 -1 -1 -1
G: P 252 -1 -1 -1 50 1763
G: P 253 -1 50 1752 -1 -1
G: D 254 -1 -1 -1 -1 -1
G: D 255 -1 -1 -1 -1 -1
G: P 256 -1 -1 -1 51 1890
G: K 257 1 51 2065 51 3187
G: P 258 1 51 3290 -1 -1
G: D 259 1 -1 -1 -1 -1
G: D 260 1 -1 -1 -1 -1
G: D 262 1 -1 -1 -1 -1
G: K 263 1 52 65 52 2417
G: D 698 -1 -1 -1 -1 -1
G: P 264 1 -1 -1 53 1982
G: P 265 1 53 1988 -1 -1
G: D 266 1 -1 -1 -1 -1
G: D 488 -1 -1 -1 -1 -1
G: D 267 1 -1 -1 -1 -1
G: P 268 1 -1 -1 54 223
G: K 269 -1 54 155 54 1016
G: P 270 -1 54 1034 -1 -1
G: D 271 -1 -1 -1 -1 -1
G: D 272 -1 -1 -1 -1 -1
G: D 273 -1 -1 -1 -1 -1
G: K 274 -1 55 346 55 1399
G: K 275 -1 55 1409 55 2816
G: P 276 -1 55 2819 -1 -1
G: D 277 -1 -1 -1 -1 -1
G: P 278 -1 -1 -1 56 706
G: K 279 -1 56 733 56 2203
G: K 280 -1 56 2285 56 2834
G: P 281 -1 56 2847 -1 -1
G: P 282 1 -1 -1 57 1460
G: K 283 -1 57 1456 57 2131
G: P 284 -1 57 2123 -1 -1
G: D 285 -1 -1 -1 -1 -1
G: P 286 -1 -1 -1 58 371
G: K 287 1 58 702 58 2199
G: K 288 1 58 2419 58 2818
G: P 289 1 58 2780 -1 -1
G: D 290 1 -1 -1 -1 -1
G: D 291 1 -1 -1 -1 -1
G: D 292 1 -1 -1 -1 -1
G: P 293 1 -1 -1 60 185
G: K 294 1 60 168 60 1848
G: K 295 -1 60 1844 60 2276
G: P 296 -1 60 2275 -1 -1
G: D 297 -1 -1 -1 -1 -1
G: P 298 -1 -1 -1 61 1225
G: K 299 -1 61 1342 61 2458
G: K 300 -1 61 2460 61 2853
G: P 301 -1 61 2972 -1 -1
G: P 302 -1 -1 -1 62 159
G: K 303 -1 62 361 62 1360
G: K 304 -1 62 1377 62 2613
G: K 305 -1 62 2614 62 3634
G: D 306 -1 -1 -1 -1 -1
G: D 307 -1 -1 -1 -1 -1
G: D 308 -1 -1 -1 -1 -1
G: P 815 -1 -1 -1 63 579
G: K 309 -1 63 580 63 2374
G: P 310 -1 63 2461 -1 -1
G: P 311 -1 -1 -1 64 1042
G: K 312 -1 64 1023 64 2268
G: K 313 -1 64 2274 65 225
G: K 314 1 65 278 65 1085
G: K 315 -1 65 1091 65 1709
G: K 694 -1 65 1730 65 2681
G: K 316 -1 65 2682 66 703
G: K 317 -1 66 762 66 1644
G: P 318 -1 66 1688 -1 -1
G: D 812 1 -1 -1 -1 -1
G: D 319 -1 -1 -1 -1 -1
G: D 320 -1 -1 -1 -1 -1
G: P 321 -1 -1 -1 67 1429
G: P 322 -1 67 1443 -1 -1
G: D 323 -1 -1 -1 -1 -1
G: D 324 -1 -1 -1 -1 -1
G: P 325 -1 -1 -1 68 1932
G: P 326 -1 68 2731 -1 -1
G: D 327 1 -1 -1 -1 -1
G: P 328 -1 -1 -1 69 365
G: K 329 -1 69 312 69 1392
G: K 330 -1 69 1391 69 1550
G: K 331 -1 69 1566 69 2454
G: K 332 -1 69 2466 69 3303
G: P 333 -1 69 3286 -1 -1
G: P 334 -1 -1 -1 70 127
G: K 335 -1 70 130 70 832
G: K 336 -1 70 840 70 1473
G: K 337 -1 70 1460 70 2177
G: P 338 -1 70 2816 -1 -1
G: D 339 -1 -1 -1 -1 -1
G: D 340 -1 -1 -1 -1 -1
G: P 341 1 -1 -1 71 687
G: K 342 1 71 795 71 2055
G: K 343 1 71 2058 71 2484
G: K 344 -1 71 2467 72 396
G: K 345 -1 72 573 72 1614
G: K 811 1 72 1734 72 2250
G: P 346 -1 -1 -1 73 2578
G: K 347 -1 73 2587 74 551
G: K 348 -1 74 640 74 1150
G: K 349 -1 74 1228 74 2284
G: P 350 -1 74 2287 -1 -1
G: D 351 -1 -1 -1 -1 -1
G: P 352 1 -1 -1 75 393
G: K 353 1 75 383 75 1004
G: K 354 -1 75 1155 75 2136
G: P 355 1 75 2546 -1 -1
G: D 356 1 -1 -1 -1 -1
G: D 560 -1 -1 -1 -1 -1
G: P 357 -1 -1 -1 76 143
G: K 358 1 76 190 76 751
G: K 359 1 76 753 76 1260
G: K 360 -1 76 1256 76 1589
G: K 361 1 76 1737 76 2160
G: P 362 -1 76 2162 -1 -1
G: D 363 -1 -1 -1 -1 -1
G: P 364 -1 -1 -1 77 786
G: K 365 1 77 1593 77 2226
G: P 366 1 77 2197 -1 -1
G: D 367 -1 -1 -1 -1 -1
G: D 368 1 -1 -1 -1 -1
G: D 369 1 -1 -1 -1 -1
G: D 370 1 -1 -1 -1 -1
G: D 371 -1 -1 -1 -1 -1
G: P 372 1 -1 -1 78 223
G: K 373 1 78 215 78 1145
G: P 374 1 78 1146 -1 -1
G: D 696 1 -1 -1 -1 -1
G: D 375 -1 -1 -1 -1 -1
G: P 376 -1 -1 -1 79 521
G: K 377 -1 79 520 79 2218
G: K 814 1 79 2285 79 2423
G: P 378 -1 79 2424 -1 -1
G: D 379 -1 -1 -1 -1 -1
G: D 380 -1 -1 -1 -1 -1
G: P 381 -1 -1 -1 80 207
G: K 382 -1 80 207 80 1068
G: K 383 -1 80 1060 80 2758
G: K 384 -1 80 2757 80 3072
G: P 385 -1 80 3077 -1 -1
G: D 386 -1 -1 -1 -1 -1
G: P 387 1 -1 -1 81 377
G: K 388 1 81 369 81 966
G: K 389 1 81 961 81 1627
G: K 390 1 81 2091 81 2742
G: P 391 -1 81 2738 -1 -1
G: D 392 -1 -1 -1 -1 -1
G: D 393 -1 -1 -1 -1 -1
G: D 394 -1 -1 -1 -1 -1
G: D 395 -1 -1 -1 -1 -1
G: D 396 -1 -1 -1 -1 -1
G: D 397 -1 -1 -1 -1 -1
G: P 398 -1 -1 -1 83 337
G: K 399 -1 83 340 83 2347
G: P 400 -1 83 2454 -1 -1
G: D 401 -1 -1 -1 -1 -1
G: D 402 -1 -1 -1 -1 -1
G: P 403 -1 -1 -1 84 864
G: K 404 -1 84 873 84 2472
G: P 486 1 84 2841 -1 -1
G: D 405 -1 -1 -1 -1 -1
G: P 406 -1 -1 -1 85 438
G: K 407 -1 85 439 85 838
G: K 408 -1 85 842 85 2285
G: P 409 -1 85 2286 -1 -1
G: D 410 -1 -1 -1 -1 -1
G: P 411 -1 -1 -1 86 160
G: K 412 -1 86 155 86 782
G: K 413 -1 86 784 86 1099
G: K 414 -1 86 1101 86 1986
G: K 415 -1 86 1948 86 2434
G: P 416 -1 86 2439 -1 -1
G: D 417 1 -1 -1 -1 -1
G: D 418 -1 -1 -1 -1 -1
G: P 419 -1 -1 -1 87 162
G: K 420 -1 87 146 87 2168
G: P 421 -1 87 2167 -1 -1
G: P 422 -1 -1 -1 88 864
G: P 423 -1 88 928 -1 -1
G: D 424 -1 -1 -1 -1 -1
G: D 425 -1 -1 -1 -1 -1
G: P 426 -1 -1 -1 89 265
G: K 697 -1 89 269 89 743
G: P 427 -1 89 744 -1 -1
G: P 428 -1 -1 -1 90 667
G: K 429 -1 90 704 90 2420
G: K 430 -1 90 2422 90 2683
G: P 431 1 90 2871 -1 -1
G: D 432 1 -1 -1 -1 -1
G: D 433 1 -1 -1 -1 -1
G: D 434 1 -1 -1 -1 -1
G: P 435 -1 -1 -1 91 1710
G: P 436 -1 91 1713 -1 -1
G: D 437 -1 -1 -1 -1 -1
G: D 438 -1 -1 -1 -1 -1
G: P 439 1 -1 -1 92 171
G: K 440 1 92 151 92 898
G: K 441 1 92 897 92 1458
G: P 442 1 92 1458 -1 -1
G: D 443 1 -1 -1 -1 -1
G: P 444 -1 -1 -1 93 55
G: K 445 -1 93 54 93 861
G: K 446 -1 93 1003 93 1435
G: K 447 -1 93 1605 93 2430
G: P 448 -1 93 2398 -1 -1
G: D 449 -1 -1 -1 -1 -1
G: D 450 -1 -1 -1 -1 -1
G: D 451 -1 -1 -1 -1 -1
G: P 452 -1 -1 -1 94 1222
G: K 453 -1 94 1222 94 1687
G: D 454 -1 -1 -1 -1 -1
G: D 455 -1 -1 -1 -1 -1
G: P 557 1 -1 -1 95 165
G: K 456 1 95 166 95 958
G: K 457 1 95 942 95 1833
G: K 458 -1 95 1822 95 2305
G: P 459 1 95 2288 -1 -1
G: D 460 -1 -1 -1 -1 -1
G: P 461 -1 -1 -1 96 1268
G: K 462 -1 96 1445 96 1973
G: K 463 -1 96 1974 96 2481
G: P 464 1 96 2653 -1 -1
G: D 465 -1 -1 -1 -1 -1
G: P 466 -1 -1 -1 97 167
G: K 467 -1 97 153 97 945
G: K 468 -1 97 937 97 2134
G: K 469 -1 97 2105 97 2495
G: K 470 -1 97 2463 97 2610
G: P 485 -1 97 2634 -1 -1
G: D 471 -1 -1 -1 -1 -1
G: P 559 -1 -1 -1 98 45
G: P 472 -1 98 46 -1 -1
G: P 473 -1 -1 -1 99 391
G: K 474 -1 99 453 99 1776
G: P 475 -1 99 2418 -1 -1
