The input genome is 600734 bp long, 300367 will be kept.
min distance 297
----------------------------------------
fragments: id start end
F: 0 2480 5462
F: 1 8705 12373
F: 2 15406 18531
F: 3 21263 24690
F: 4 27878 31018
F: 5 34487 38011
F: 6 40606 43280
F: 7 45891 48646
F: 8 51882 54480
F: 9 57273 59905
F: 10 63635 67031
F: 11 69540 72190
F: 12 74981 77878
F: 13 80618 83430
F: 14 86856 90288
F: 15 92943 96401
F: 16 100099 103514
F: 17 105619 108660
F: 18 111539 115108
F: 19 118434 121346
F: 20 124106 127055
F: 21 129671 132130
F: 22 134761 137881
F: 23 141206 144000
F: 24 146584 149126
F: 25 151743 154768
F: 26 157212 159632
F: 27 161645 164593
F: 28 168087 171754
F: 29 175399 178876
F: 30 182153 184828
F: 31 188156 191174
F: 32 194005 196979
F: 33 200364 202776
F: 34 205552 209064
F: 35 211612 215016
F: 36 217882 221040
F: 37 224792 227832
F: 38 230458 233104
F: 39 235715 238283
F: 40 242793 245445
F: 41 248318 251318
F: 42 254683 257535
F: 43 260621 263904
F: 44 267128 270050
F: 45 273488 276311
F: 46 279547 282623
F: 47 286304 289257
F: 48 292453 295371
F: 49 298548 301610
F: 50 304899 307198
F: 51 310209 313747
F: 52 316690 320215
F: 53 323605 326385
F: 54 329370 332297
F: 55 335154 338061
F: 56 340886 345261
F: 57 347405 350032
F: 58 352825 355632
F: 59 358634 361849
F: 60 364210 366704
F: 61 370319 373653
F: 62 377246 380882
F: 63 384048 387245
F: 64 390362 393492
F: 65 396100 399341
F: 66 401471 404449
F: 67 407079 409346
F: 68 412170 415013
F: 69 418537 421849
F: 70 425339 428806
F: 71 431891 434914
F: 72 437884 440244
F: 73 443672 446685
F: 74 449898 452441
F: 75 456002 459549
F: 76 462562 465733
F: 77 468315 471260
F: 78 474574 477473
F: 79 480025 483246
F: 80 486217 489661
F: 81 493082 496179
F: 82 499554 502847
F: 83 505629 508881
F: 84 511841 514705
F: 85 517746 520274
F: 86 522677 525828
F: 87 528584 531272
F: 88 534249 537112
F: 89 539592 542377
F: 90 545183 548308
F: 91 550864 553828
F: 92 557006 559413
F: 93 562046 564906
F: 94 567938 570262
F: 95 573336 575936
F: 96 579192 582416
F: 97 585354 588404
F: 98 591437 594229
F: 99 597458 600437
----------------------------------------
genes: [Kept,Partial,Discared] locus strand fragment1 start_pos fragment2 end_pos 
G: D 0 1 -1 -1 -1 -1
G: P 1 1 -1 -1 0 310
G: K 2 1 0 394 0 2365
G: P 3 1 0 2379 -1 -1
G: D 4 1 -1 -1 -1 -1
G: P 5 1 -1 -1 1 589
G: K 6 1 1 561 1 1317
G: K 7 1 1 1319 1 2675
G: K 8 1 1 2674 1 3472
G: P 9 1 1 3500 -1 -1
G: D 10 -1 -1 -1 -1 -1
G: D 11 -1 -1 -1 -1 -1
G: D 12 -1 -1 -1 -1 -1
G: K 13 1 2 307 2 2227
G: P 14 1 2 2273 -1 -1
G: P 15 1 -1 -1 3 1339
G: K 16 1 3 1380 3 2574
G: P 17 1 3 2557 -1 -1
G: D 18 1 -1 -1 -1 -1
G: D 19 1 -1 -1 -1 -1
G: D 20 1 -1 -1 -1 -1
G: P 21 1 -1 -1 4 892
G: K 22 1 4 1094 4 2012
G: K 23 1 4 2015 4 2591
G: K 24 1 4 2559 4 3018
G: P 25 1 4 3017 -1 -1
G: D 26 -1 -1 -1 -1 -1
G: D 27 -1 -1 -1 -1 -1
G: D 747 1 -1 -1 -1 -1
G: D 28 -1 -1 -1 -1 -1
G: D 29 1 -1 -1 -1 -1
G: P 30 1 -1 -1 6 719
G: K 31 -1 6 687 6 1329
G: K 608 1 6 1356 6 2157
G: P 32 1 6 2158 -1 -1
G: D 33 1 -1 -1 -1 -1
G: P 34 1 -1 -1 7 1148
G: K 35 -1 7 1144 7 2686
G: P 36 -1 7 2667 -1 -1
G: D 37 1 -1 -1 -1 -1
G: P 38 1 -1 -1 8 94
G: K 39 1 8 291 8 2004
G: P 40 1 8 2008 -1 -1
G: D 41 1 -1 -1 -1 -1
G: D 42 1 -1 -1 -1 -1
G: P 43 1 -1 -1 9 749
G: K 44 1 9 732 9 1902
G: P 45 -1 9 2131 -1 -1
G: D 46 1 -1 -1 -1 -1
G: D 47 1 -1 -1 -1 -1
G: D 48 1 -1 -1 -1 -1
G: P 749 -1 -1 -1 10 842
G: K 49 1 10 843 10 1239
G: K 50 1 10 1238 10 2891
G: P 51 -1 10 2867 -1 -1
G: D 52 -1 -1 -1 -1 -1
G: D 53 -1 -1 -1 -1 -1
G: D 54 -1 -1 -1 -1 -1
G: D 55 -1 -1 -1 -1 -1
G: P 56 -1 -1 -1 11 218
G: K 57 -1 11 196 11 1192
G: K 58 -1 11 1169 11 1613
G: K 59 1 11 1619 11 2525
G: P 60 -1 11 2503 -1 -1
G: P 61 1 -1 -1 12 1092
G: K 62 1 12 1045 12 1963
G: K 63 1 12 2218 13 598
G: K 64 1 13 597 13 1998
G: P 65 1 13 2001 -1 -1
G: D 66 1 -1 -1 -1 -1
G: P 67 1 -1 -1 14 809
G: P 68 1 -1 -1 15 1692
G: K 69 1 15 1802 15 2663
G: P 70 1 15 2667 -1 -1
G: P 71 1 -1 -1 16 618
G: K 72 1 16 595 16 2632
G: K 73 1 16 2634 16 3054
G: K 74 1 16 3117 17 690
G: K 75 -1 17 686 17 1106
G: K 76 1 17 1339 17 2563
G: P 77 1 17 2555 -1 -1
G: D 503 1 -1 -1 -1 -1
G: D 78 1 -1 -1 -1 -1
G: P 79 1 -1 -1 18 2182
G: K 80 1 18 2237 18 2657
G: K 81 1 18 2656 18 3346
G: P 82 1 18 3345 -1 -1
G: D 83 1 -1 -1 -1 -1
G: D 84 1 -1 -1 -1 -1
G: D 85 1 -1 -1 -1 -1
G: K 86 1 19 17 19 443
G: K 87 1 19 459 19 933
G: P 88 1 19 942 -1 -1
G: D 89 1 -1 -1 -1 -1
G: D 90 1 -1 -1 -1 -1
G: D 91 1 -1 -1 -1 -1
G: D 92 1 -1 -1 -1 -1
G: P 93 1 -1 -1 20 680
G: K 94 1 20 683 20 1886
G: P 95 1 20 2069 -1 -1
G: D 96 1 -1 -1 -1 -1
G: P 97 1 -1 -1 21 838
G: K 98 1 21 840 21 2286
G: P 99 1 21 2278 -1 -1
G: D 100 1 -1 -1 -1 -1
G: P 101 1 -1 -1 22 241
G: K 102 1 22 230 22 1085
G: K 103 1 22 1106 22 1343
G: P 104 1 22 1345 -1 -1
G: D 105 1 -1 -1 -1 -1
G: D 106 -1 -1 -1 -1 -1
G: D 107 1 -1 -1 -1 -1
G: D 108 1 -1 -1 -1 -1
G: P 109 1 -1 -1 23 856
G: K 110 1 23 842 23 1682
G: P 111 1 23 1696 -1 -1
G: D 112 1 -1 -1 -1 -1
G: D 113 1 -1 -1 -1 -1
G: P 114 1 -1 -1 24 311
G: K 115 1 24 335 24 812
G: K 116 1 24 820 24 1597
G: K 117 1 24 1589 24 2234
G: P 118 1 24 2208 -1 -1
G: D 119 1 -1 -1 -1 -1
G: P 120 1 -1 -1 25 1416
G: K 121 1 25 1418 25 2342
G: P 122 1 25 2381 -1 -1
G: P 123 1 -1 -1 26 438
G: K 124 1 26 484 26 793
G: K 125 1 26 798 26 1665
G: P 126 -1 26 1645 -1 -1
G: D 127 1 -1 -1 -1 -1
G: D 128 1 -1 -1 -1 -1
G: D 129 1 -1 -1 -1 -1
G: P 130 1 -1 -1 27 1337
G: K 131 -1 27 1897 27 2323
G: P 132 -1 27 2300 -1 -1
G: D 133 1 -1 -1 -1 -1
G: D 134 -1 -1 -1 -1 -1
G: D 135 1 -1 -1 -1 -1
G: P 136 1 -1 -1 28 523
G: K 137 1 28 522 28 2364
G: P 138 1 28 2447 -1 -1
G: P 139 1 -1 -1 30 2141
G: P 140 1 30 2145 -1 -1
G: D 141 1 -1 -1 -1 -1
G: D 142 1 -1 -1 -1 -1
G: P 143 1 -1 -1 31 223
G: K 144 1 31 244 31 1093
G: K 145 1 31 1092 31 1923
G: P 146 1 31 1935 -1 -1
G: D 147 1 -1 -1 -1 -1
G: D 148 1 -1 -1 -1 -1
G: P 149 1 -1 -1 32 751
G: K 150 1 32 790 32 1264
G: K 607 1 32 1352 32 1439
G: K 151 1 32 1440 32 1764
G: K 152 1 32 1767 32 2535
G: P 153 1 32 2534 -1 -1
G: D 154 1 -1 -1 -1 -1
G: D 155 1 -1 -1 -1 -1
G: D 156 1 -1 -1 -1 -1
G: D 157 1 -1 -1 -1 -1
G: D 158 1 -1 -1 -1 -1
G: D 159 1 -1 -1 -1 -1
G: P 160 1 -1 -1 33 561
G: K 161 1 33 560 33 824
G: K 162 1 33 827 33 1205
G: K 163 1 33 1204 33 1537
G: K 164 1 33 1542 33 2091
G: K 165 1 33 2093 33 2279
G: P 166 1 33 2272 -1 -1
G: D 167 1 -1 -1 -1 -1
G: D 168 1 -1 -1 -1 -1
G: D 169 1 -1 -1 -1 -1
G: D 170 1 -1 -1 -1 -1
G: P 171 1 -1 -1 34 999
G: K 172 1 34 992 34 1640
G: K 173 1 34 1642 34 2392
G: K 174 1 34 2391 34 2604
G: K 175 1 34 2614 34 2728
G: K 176 1 34 2727 34 3114
G: K 177 1 34 3113 34 3476
G: P 178 1 34 3491 -1 -1
G: D 179 1 -1 -1 -1 -1
G: D 180 1 -1 -1 -1 -1
G: P 181 1 -1 -1 35 569
G: K 182 1 35 561 35 1833
G: K 183 1 35 1825 35 2575
G: P 184 1 35 2564 -1 -1
G: D 185 1 -1 -1 -1 -1
G: P 186 1 -1 -1 36 1355
G: D 187 1 -1 -1 -1 -1
G: D 188 1 -1 -1 -1 -1
G: P 189 1 -1 -1 37 496
G: K 190 1 37 467 37 1424
G: K 191 1 37 1592 37 2564
G: K 192 1 37 2570 38 1275
G: P 193 1 38 1276 -1 -1
G: P 194 1 39 2131 -1 -1
G: D 195 1 -1 -1 -1 -1
G: D 196 1 -1 -1 -1 -1
G: D 197 1 -1 -1 -1 -1
G: D 198 1 -1 -1 -1 -1
G: K 199 1 40 532 40 2359
G: P 200 1 40 2370 -1 -1
G: D 201 1 -1 -1 -1 -1
G: D 202 1 -1 -1 -1 -1
G: P 203 1 -1 -1 41 2299
G: P 204 -1 41 2295 -1 -1
G: D 205 1 -1 -1 -1 -1
G: D 206 1 -1 -1 -1 -1
G: D 207 -1 -1 -1 -1 -1
G: P 208 -1 -1 -1 42 786
G: K 209 -1 42 785 42 1337
G: K 210 1 42 1537 42 2194
G: K 211 1 42 2193 42 2382
G: K 212 1 42 2383 42 2842
G: P 213 1 42 2844 -1 -1
G: D 214 1 -1 -1 -1 -1
G: D 215 1 -1 -1 -1 -1
G: P 216 1 -1 -1 43 98
G: K 217 1 43 116 43 1100
G: K 218 1 43 1102 43 2647
G: D 219 1 -1 -1 -1 -1
G: D 220 1 -1 -1 -1 -1
G: D 221 1 -1 -1 -1 -1
G: D 222 1 -1 -1 -1 -1
G: D 223 -1 -1 -1 -1 -1
G: D 224 1 -1 -1 -1 -1
G: P 225 1 -1 -1 45 747
G: K 226 1 45 748 45 1999
G: P 227 1 45 2001 -1 -1
G: D 228 1 -1 -1 -1 -1
G: P 229 1 -1 -1 46 50
G: K 746 -1 46 91 46 397
G: K 230 1 46 827 46 1694
G: K 231 1 46 1693 46 2176
G: P 232 1 46 2181 -1 -1
G: D 233 1 -1 -1 -1 -1
G: D 234 1 -1 -1 -1 -1
G: D 505 -1 -1 -1 -1 -1
G: P 610 -1 -1 -1 47 105
G: K 235 1 47 106 47 409
G: K 236 1 47 401 47 701
G: K 237 1 47 693 47 1011
G: K 238 1 47 1003 47 1879
G: K 239 1 47 1868 47 2291
G: P 240 1 47 2283 -1 -1
G: D 241 1 -1 -1 -1 -1
G: P 242 1 -1 -1 48 923
G: K 243 -1 48 919 48 1978
G: P 244 1 48 2030 -1 -1
G: D 245 1 -1 -1 -1 -1
G: K 246 1 49 399 49 2526
G: K 247 1 49 2528 49 3020
G: P 248 1 49 3015 -1 -1
G: D 249 -1 -1 -1 -1 -1
G: D 250 -1 -1 -1 -1 -1
G: P 251 -1 -1 -1 50 393
G: P 252 -1 50 437 -1 -1
G: P 253 -1 50 2289 -1 -1
G: D 254 -1 -1 -1 -1 -1
G: P 255 -1 -1 -1 51 363
G: K 256 -1 51 367 51 2356
G: P 257 1 51 2531 -1 -1
G: D 258 1 -1 -1 -1 -1
G: D 259 1 -1 -1 -1 -1
G: D 260 1 -1 -1 -1 -1
G: P 261 1 -1 -1 52 98
G: K 262 1 52 98 52 1493
G: P 263 1 52 1623 -1 -1
G: P 264 1 -1 -1 53 2577
G: P 265 1 53 2583 -1 -1
G: D 266 1 -1 -1 -1 -1
G: D 748 -1 -1 -1 -1 -1
G: D 267 1 -1 -1 -1 -1
G: P 268 1 -1 -1 54 453
G: K 269 -1 54 388 54 1234
G: P 270 -1 54 1252 -1 -1
G: D 271 -1 -1 -1 -1 -1
G: D 272 -1 -1 -1 -1 -1
G: P 273 -1 -1 -1 55 115
G: K 274 -1 55 495 55 1518
G: P 275 -1 55 1528 -1 -1
G: D 276 -1 -1 -1 -1 -1
G: D 277 -1 -1 -1 -1 -1
G: P 278 -1 -1 -1 56 685
G: K 279 -1 56 712 56 2149
G: K 280 -1 56 2231 56 2777
G: P 281 -1 56 2790 -1 -1
G: P 282 1 -1 -1 57 1455
G: K 283 -1 57 1451 57 2111
G: P 284 -1 57 2103 -1 -1
G: D 285 -1 -1 -1 -1 -1
G: P 286 -1 -1 -1 58 395
G: K 287 1 58 726 58 2208
G: P 288 1 58 2428 -1 -1
G: P 289 1 58 2789 -1 -1
G: D 290 1 -1 -1 -1 -1
G: D 291 1 -1 -1 -1 -1
G: D 292 1 -1 -1 -1 -1
G: P 293 1 -1 -1 60 68
G: K 294 1 60 57 60 1695
G: K 295 -1 60 1691 60 2111
G: P 296 -1 60 2110 -1 -1
G: D 297 -1 -1 -1 -1 -1
G: P 298 -1 -1 -1 61 997
G: K 299 -1 61 1114 61 2218
G: K 300 -1 61 2220 61 2610
G: P 301 -1 61 2729 -1 -1
G: D 302 -1 -1 -1 -1 -1
G: K 303 -1 62 42 62 1008
G: K 304 -1 62 1025 62 2255
G: K 305 -1 62 2256 62 3288
G: P 306 -1 62 3318 -1 -1
G: D 307 -1 -1 -1 -1 -1
G: D 308 -1 -1 -1 -1 -1
G: P 309 -1 -1 -1 63 1289
G: K 310 -1 63 1376 63 2558
G: P 311 -1 63 2557 -1 -1
G: P 312 -1 -1 -1 64 1030
G: K 501 -1 64 1035 64 2424
G: K 313 -1 64 2425 65 455
G: K 314 1 65 508 65 1321
G: K 315 -1 65 1327 65 1954
G: K 316 -1 65 1976 66 58
G: K 317 -1 66 117 66 984
G: K 318 -1 66 1028 66 2375
G: P 319 -1 66 2398 -1 -1
G: D 320 -1 -1 -1 -1 -1
G: P 321 -1 -1 -1 67 590
G: K 322 -1 67 604 67 1468
G: K 323 -1 67 1484 67 2009
G: P 324 -1 67 2112 -1 -1
G: P 325 -1 -1 -1 68 1076
G: P 326 -1 68 1875 -1 -1
G: D 327 1 -1 -1 -1 -1
G: P 500 -1 -1 -1 69 2584
G: P 328 -1 69 2585 -1 -1
G: D 329 -1 -1 -1 -1 -1
G: D 330 -1 -1 -1 -1 -1
G: D 331 -1 -1 -1 -1 -1
G: D 332 -1 -1 -1 -1 -1
G: P 333 -1 -1 -1 70 1830
G: K 334 -1 70 1868 70 3251
G: P 335 -1 70 3254 -1 -1
G: D 336 -1 -1 -1 -1 -1
G: D 337 -1 -1 -1 -1 -1
G: P 338 -1 -1 -1 71 1911
G: K 339 -1 71 1900 71 2476
G: K 340 -1 71 2483 71 2711
G: P 341 1 71 2769 -1 -1
G: D 342 1 -1 -1 -1 -1
G: D 343 1 -1 -1 -1 -1
G: D 344 -1 -1 -1 -1 -1
G: D 345 -1 -1 -1 -1 -1
G: K 611 1 73 660 73 2127
G: K 346 -1 73 2822 74 499
G: P 347 -1 74 508 -1 -1
G: D 348 -1 -1 -1 -1 -1
G: P 349 -1 -1 -1 75 349
G: K 350 -1 75 352 75 1183
G: P 351 -1 75 1193 -1 -1
G: D 352 1 -1 -1 -1 -1
G: D 353 1 -1 -1 -1 -1
G: D 354 -1 -1 -1 -1 -1
G: K 355 1 76 78 76 1335
G: K 356 1 76 1334 76 2273
G: P 357 -1 76 2490 -1 -1
G: D 358 1 -1 -1 -1 -1
G: D 359 1 -1 -1 -1 -1
G: D 360 -1 -1 -1 -1 -1
G: D 361 1 -1 -1 -1 -1
G: P 362 -1 -1 -1 77 1612
G: K 363 -1 77 1765 77 2623
G: P 364 -1 77 2635 -1 -1
G: D 365 1 -1 -1 -1 -1
G: D 366 1 -1 -1 -1 -1
G: P 367 -1 -1 -1 78 1169
G: K 368 1 78 1288 78 1789
G: K 369 1 78 1811 78 2189
G: K 370 1 78 2191 78 2365
G: K 371 -1 78 2379 78 2658
G: P 609 1 78 2720 -1 -1
G: D 372 1 -1 -1 -1 -1
G: D 373 1 -1 -1 -1 -1
G: P 374 1 -1 -1 79 1685
G: K 375 -1 79 1708 79 2491
G: P 376 -1 79 2480 -1 -1
G: D 377 -1 -1 -1 -1 -1
G: D 378 -1 -1 -1 -1 -1
G: P 379 -1 -1 -1 80 961
G: K 380 -1 80 950 80 2123
G: K 381 -1 80 2109 80 2973
G: P 382 -1 80 2973 -1 -1
G: D 383 -1 -1 -1 -1 -1
G: D 384 -1 -1 -1 -1 -1
G: D 385 -1 -1 -1 -1 -1
G: P 386 -1 -1 -1 81 1268
G: P 387 1 81 1296 -1 -1
G: D 388 1 -1 -1 -1 -1
G: D 389 1 -1 -1 -1 -1
G: D 502 -1 -1 -1 -1 -1
G: P 390 1 -1 -1 82 87
G: K 391 -1 82 83 82 827
G: K 392 -1 82 819 82 2130
G: K 393 -1 82 2129 82 2603
G: P 394 -1 82 2773 -1 -1
G: P 395 -1 -1 -1 83 2262
G: P 396 -1 83 2548 -1 -1
G: D 397 -1 -1 -1 -1 -1
G: D 398 -1 -1 -1 -1 -1
G: P 399 -1 -1 -1 84 32
G: K 400 -1 84 139 84 1483
G: P 401 -1 84 1499 -1 -1
G: D 402 -1 -1 -1 -1 -1
G: D 403 -1 -1 -1 -1 -1
G: P 404 -1 -1 -1 85 594
G: K 405 -1 85 964 85 1426
G: P 406 -1 85 1426 -1 -1
G: D 407 -1 -1 -1 -1 -1
G: P 408 -1 -1 -1 86 64
G: K 409 -1 86 65 86 899
G: K 410 -1 86 898 86 2467
G: K 411 -1 86 2482 86 3004
G: P 412 -1 86 2996 -1 -1
G: D 413 -1 -1 -1 -1 -1
G: D 414 -1 -1 -1 -1 -1
G: D 415 -1 -1 -1 -1 -1
G: P 416 -1 -1 -1 87 768
G: K 417 1 87 834 87 1308
G: K 418 -1 87 1304 87 2006
G: P 419 -1 87 2008 -1 -1
G: D 420 -1 -1 -1 -1 -1
G: P 421 -1 -1 -1 88 502
G: P 422 -1 88 622 -1 -1
G: P 423 -1 -1 -1 89 455
G: K 424 -1 89 510 89 915
G: K 425 -1 89 920 89 1361
G: P 426 -1 89 1398 -1 -1
G: P 427 -1 -1 -1 90 501
G: K 428 -1 90 472 90 3019
G: P 429 -1 90 3056 -1 -1
G: D 430 -1 -1 -1 -1 -1
G: P 431 1 -1 -1 91 874
G: K 432 1 91 896 91 1094
G: K 433 1 91 1129 91 1564
G: K 434 1 91 1674 91 2211
G: P 435 -1 91 2207 -1 -1
G: D 436 -1 -1 -1 -1 -1
G: P 437 -1 -1 -1 92 83
G: K 438 -1 92 142 92 1399
G: K 439 1 92 1484 92 2405
G: P 440 1 92 2388 -1 -1
G: D 441 1 -1 -1 -1 -1
G: D 442 1 -1 -1 -1 -1
G: P 443 1 -1 -1 93 1065
G: K 444 -1 93 1469 93 2297
G: P 445 -1 93 2296 -1 -1
G: D 446 -1 -1 -1 -1 -1
G: D 447 -1 -1 -1 -1 -1
G: D 448 -1 -1 -1 -1 -1
G: P 449 -1 -1 -1 94 293
G: K 450 -1 94 276 94 984
G: K 451 -1 94 983 94 1283
G: P 452 -1 94 1893 -1 -1
G: D 453 -1 -1 -1 -1 -1
G: P 454 -1 -1 -1 95 147
G: K 455 -1 95 146 95 1364
G: K 456 1 95 1416 95 2202
G: P 457 1 95 2186 -1 -1
G: D 458 -1 -1 -1 -1 -1
G: D 459 1 -1 -1 -1 -1
G: D 460 -1 -1 -1 -1 -1
G: K 461 -1 96 410 96 2573
G: P 462 -1 96 2750 -1 -1
G: D 463 -1 -1 -1 -1 -1
G: D 464 1 -1 -1 -1 -1
G: P 465 -1 -1 -1 97 33
G: K 466 -1 97 13 97 1510
G: K 467 -1 97 1496 97 2273
G: P 468 -1 97 2265 -1 -1
G: D 469 -1 -1 -1 -1 -1
G: D 470 -1 -1 -1 -1 -1
G: D 471 -1 -1 -1 -1 -1
G: D 472 -1 -1 -1 -1 -1
G: D 473 -1 -1 -1 -1 -1
G: P 474 -1 -1 -1 99 443
G: K 475 -1 99 1085 99 1898
G: P 504 1 99 1923 -1 -1
