The input genome is 615865 bp long, 307932 will be kept.
min distance 304
----------------------------------------
fragments: id start end
F: 0 2440 5504
F: 1 8594 12483
F: 2 15893 19018
F: 3 22009 25436
F: 4 28659 31836
F: 5 35223 38852
F: 6 41638 44312
F: 7 47092 49847
F: 8 53118 55716
F: 9 58420 61181
F: 10 65250 68679
F: 11 71347 74077
F: 12 76715 79780
F: 13 82587 85502
F: 14 88976 92421
F: 15 95251 98730
F: 16 102467 106051
F: 17 108227 111308
F: 18 114271 117869
F: 19 121185 124215
F: 20 126951 129981
F: 21 132812 135312
F: 22 137955 141076
F: 23 144530 147369
F: 24 150128 152670
F: 25 155298 158431
F: 26 160955 163499
F: 27 165705 168683
F: 28 172478 176258
F: 29 179851 183633
F: 30 186986 189678
F: 31 192990 196028
F: 32 198960 202076
F: 33 205530 207970
F: 34 210461 214265
F: 35 217119 220574
F: 36 223615 226864
F: 37 230608 233703
F: 38 236324 239048
F: 39 241472 244234
F: 40 248845 251608
F: 41 254607 257734
F: 42 261055 263980
F: 43 267315 270598
F: 44 273882 276848
F: 45 280228 283118
F: 46 286269 289541
F: 47 293175 296265
F: 48 299431 302439
F: 49 305640 308728
F: 50 312073 314439
F: 51 317523 321061
F: 52 323985 327691
F: 53 331044 334047
F: 54 337064 339991
F: 55 342995 345969
F: 56 348762 353209
F: 57 355484 358139
F: 58 361116 364020
F: 59 367039 370379
F: 60 372840 375339
F: 61 379014 382518
F: 62 386138 389856
F: 63 393079 396312
F: 64 399354 402709
F: 65 405316 408631
F: 66 410870 413848
F: 67 416825 419107
F: 68 421910 424882
F: 69 428377 431842
F: 70 435519 439072
F: 71 442430 445453
F: 72 448515 450999
F: 73 454437 457582
F: 74 460773 463386
F: 75 467008 470736
F: 76 473867 477047
F: 77 479791 482736
F: 78 486232 489131
F: 79 491707 495082
F: 80 498086 501631
F: 81 505181 508278
F: 82 511585 514953
F: 83 517935 521254
F: 84 524370 527242
F: 85 530381 532909
F: 86 535331 538532
F: 87 541499 544187
F: 88 547111 550074
F: 89 552535 555320
F: 90 558414 561622
F: 91 564201 567327
F: 92 570562 573018
F: 93 575738 578682
F: 94 581855 584179
F: 95 587561 590241
F: 96 593739 596963
F: 97 600144 603269
F: 98 606500 609292
F: 99 612491 615561
----------------------------------------
genes: [Kept,Partial,Discared] locus strand fragment1 start_pos fragment2 end_pos 
G: D 0 1 -1 -1 -1 -1
G: P 1 1 -1 -1 0 347
G: K 2 1 0 431 0 2414
G: P 3 1 0 2428 -1 -1
G: P 4 1 -1 -1 1 85
G: K 5 1 1 88 1 739
G: K 6 1 1 711 1 1482
G: K 783 -1 1 1483 1 3034
G: P 7 1 1 3035 -1 -1
G: D 8 1 -1 -1 -1 -1
G: D 9 1 -1 -1 -1 -1
G: D 11 -1 -1 -1 -1 -1
G: P 12 -1 -1 -1 2 253
G: K 13 1 2 591 2 2475
G: P 14 1 2 2521 -1 -1
G: P 15 1 -1 -1 3 1382
G: K 16 1 3 1423 3 2614
G: P 17 1 3 2594 -1 -1
G: D 18 1 -1 -1 -1 -1
G: D 19 1 -1 -1 -1 -1
G: D 20 1 -1 -1 -1 -1
G: P 21 1 -1 -1 4 966
G: K 22 1 4 1168 4 2065
G: K 23 1 4 2068 4 2653
G: K 24 1 4 2627 4 3083
G: P 25 1 4 3082 -1 -1
G: D 26 -1 -1 -1 -1 -1
G: D 27 -1 -1 -1 -1 -1
G: P 28 -1 -1 -1 5 2802
G: P 29 1 5 3064 -1 -1
G: D 30 1 -1 -1 -1 -1
G: P 31 -1 -1 -1 6 291
G: K 480 -1 6 318 6 921
G: K 884 -1 6 921 6 1908
G: P 32 1 6 1909 -1 -1
G: D 33 1 -1 -1 -1 -1
G: P 34 1 -1 -1 7 793
G: K 35 -1 7 789 7 2349
G: P 36 -1 7 2339 -1 -1
G: D 37 1 -1 -1 -1 -1
G: D 38 1 -1 -1 -1 -1
G: P 39 1 -1 -1 8 1689
G: K 40 1 8 1693 8 2551
G: P 41 1 8 2534 -1 -1
G: D 42 1 -1 -1 -1 -1
G: P 43 1 -1 -1 9 514
G: K 44 1 9 500 9 1724
G: P 45 -1 9 1953 -1 -1
G: D 46 1 -1 -1 -1 -1
G: D 47 1 -1 -1 -1 -1
G: D 48 1 -1 -1 -1 -1
G: D 49 1 -1 -1 -1 -1
G: P 50 1 -1 -1 10 1378
G: K 51 -1 10 1354 10 2335
G: K 52 -1 10 2338 10 2707
G: K 53 -1 10 2713 10 2854
G: K 54 -1 10 2867 10 3251
G: P 55 -1 10 3240 -1 -1
G: D 56 -1 -1 -1 -1 -1
G: D 57 -1 -1 -1 -1 -1
G: D 58 -1 -1 -1 -1 -1
G: P 59 1 -1 -1 11 853
G: K 60 -1 11 831 11 2538
G: D 546 1 -1 -1 -1 -1
G: D 61 1 -1 -1 -1 -1
G: P 62 1 -1 -1 12 820
G: P 63 1 12 1075 -1 -1
G: P 64 1 -1 -1 13 668
G: K 65 1 13 671 13 2657
G: P 66 1 13 2667 -1 -1
G: D 67 1 -1 -1 -1 -1
G: P 68 1 -1 -1 15 71
G: K 69 1 15 181 15 1063
G: P 70 1 15 1067 -1 -1
G: D 71 1 -1 -1 -1 -1
G: P 72 1 -1 -1 16 1056
G: K 73 1 16 1058 16 1502
G: P 74 1 16 1565 -1 -1
G: D 75 -1 -1 -1 -1 -1
G: P 76 1 -1 -1 17 882
G: K 77 1 17 874 17 2023
G: P 78 1 17 2024 -1 -1
G: D 79 1 -1 -1 -1 -1
G: P 80 1 -1 -1 18 333
G: K 81 1 18 332 18 1013
G: K 82 1 18 1012 18 1588
G: K 83 1 18 1580 18 2501
G: K 84 1 18 2501 18 3464
G: P 85 1 18 3453 -1 -1
G: D 886 1 -1 -1 -1 -1
G: D 86 1 -1 -1 -1 -1
G: D 87 1 -1 -1 -1 -1
G: P 88 1 -1 -1 19 1707
G: P 943 1 19 1757 -1 -1
G: D 89 1 -1 -1 -1 -1
G: D 90 1 -1 -1 -1 -1
G: D 91 1 -1 -1 -1 -1
G: D 92 1 -1 -1 -1 -1
G: P 93 1 -1 -1 20 691
G: K 94 1 20 694 20 1924
G: P 95 1 20 2107 -1 -1
G: D 96 1 -1 -1 -1 -1
G: P 97 1 -1 -1 21 625
G: K 98 1 21 627 21 2175
G: P 99 1 21 2164 -1 -1
G: D 100 1 -1 -1 -1 -1
G: P 101 1 -1 -1 22 134
G: K 102 1 22 123 22 969
G: K 103 1 22 990 22 1233
G: P 104 1 22 1235 -1 -1
G: D 105 1 -1 -1 -1 -1
G: D 106 -1 -1 -1 -1 -1
G: D 482 -1 -1 -1 -1 -1
G: D 107 1 -1 -1 -1 -1
G: P 108 1 -1 -1 23 674
G: K 109 1 23 655 23 1882
G: K 110 1 23 1868 23 2720
G: P 941 -1 23 2732 -1 -1
G: D 545 -1 -1 -1 -1 -1
G: D 784 1 -1 -1 -1 -1
G: P 785 1 -1 -1 24 1728
G: P 111 1 24 1729 -1 -1
G: D 112 1 -1 -1 -1 -1
G: D 113 1 -1 -1 -1 -1
G: P 114 1 -1 -1 25 657
G: K 115 1 25 681 25 1152
G: K 887 -1 25 1159 25 2134
G: K 116 1 25 2135 25 2912
G: P 117 1 25 2904 -1 -1
G: D 118 1 -1 -1 -1 -1
G: P 119 1 -1 -1 26 700
G: K 120 1 26 706 26 2362
G: P 121 1 26 2364 -1 -1
G: D 888 -1 -1 -1 -1 -1
G: P 122 1 -1 -1 27 1346
G: K 123 1 27 1323 27 2802
G: P 124 1 27 2848 -1 -1
G: D 125 1 -1 -1 -1 -1
G: D 126 -1 -1 -1 -1 -1
G: D 127 1 -1 -1 -1 -1
G: D 128 1 -1 -1 -1 -1
G: P 129 1 -1 -1 28 22
G: K 130 1 28 8 28 1526
G: K 131 -1 28 2086 28 2527
G: K 132 -1 28 2504 28 3311
G: K 133 1 28 3330 28 3639
G: P 134 -1 28 3604 -1 -1
G: D 885 -1 -1 -1 -1 -1
G: D 135 1 -1 -1 -1 -1
G: P 136 1 -1 -1 29 762
G: K 137 1 29 761 29 2618
G: P 138 1 29 2701 -1 -1
G: P 483 1 30 2421 -1 -1
G: P 139 1 31 745 -1 -1
G: D 675 1 -1 -1 -1 -1
G: P 140 1 -1 -1 32 722
G: K 141 1 32 721 32 988
G: K 142 1 32 977 32 2855
G: P 143 1 32 2844 -1 -1
G: D 144 1 -1 -1 -1 -1
G: D 145 1 -1 -1 -1 -1
G: D 146 1 -1 -1 -1 -1
G: P 147 1 -1 -1 33 861
G: K 148 1 33 899 33 2153
G: P 149 1 33 2228 -1 -1
G: D 150 1 -1 -1 -1 -1
G: D 151 1 -1 -1 -1 -1
G: D 152 1 -1 -1 -1 -1
G: P 153 1 -1 -1 34 547
G: K 547 -1 34 549 34 1185
G: K 154 1 34 1186 34 1507
G: K 155 1 34 1506 34 2373
G: K 156 1 34 2372 34 2642
G: K 157 1 34 2644 34 3085
G: P 158 1 34 3087 -1 -1
G: D 159 1 -1 -1 -1 -1
G: D 160 1 -1 -1 -1 -1
G: D 161 1 -1 -1 -1 -1
G: D 162 1 -1 -1 -1 -1
G: D 163 1 -1 -1 -1 -1
G: D 164 1 -1 -1 -1 -1
G: P 165 1 -1 -1 35 32
G: K 166 1 35 25 35 463
G: K 167 1 35 469 35 1030
G: K 168 1 35 1031 35 1394
G: K 169 1 35 1398 35 2040
G: K 676 -1 35 2044 35 2974
G: K 170 1 35 2975 35 3431
G: P 171 1 35 3430 -1 -1
G: D 172 1 -1 -1 -1 -1
G: D 173 1 -1 -1 -1 -1
G: P 174 1 -1 -1 36 81
G: K 175 1 36 91 36 205
G: K 176 1 36 204 36 600
G: K 177 1 36 599 36 971
G: K 178 1 36 986 36 1973
G: K 786 -1 36 1984 36 3235
G: P 179 1 36 3236 -1 -1
G: D 180 1 -1 -1 -1 -1
G: D 181 1 -1 -1 -1 -1
G: D 182 1 -1 -1 -1 -1
G: P 183 1 -1 -1 37 367
G: K 184 1 37 356 37 2225
G: P 185 1 37 2225 -1 -1
G: D 186 1 -1 -1 -1 -1
G: P 187 1 38 2230 -1 -1
G: D 188 1 -1 -1 -1 -1
G: P 189 1 -1 -1 39 643
G: K 190 1 39 611 39 1580
G: K 191 1 39 1748 39 2711
G: P 481 1 39 2716 -1 -1
G: P 192 1 -1 -1 40 807
G: P 193 1 40 808 -1 -1
G: K 194 1 41 1230 41 2259
G: P 195 1 41 2262 -1 -1
G: D 196 1 -1 -1 -1 -1
G: D 197 1 -1 -1 -1 -1
G: D 198 1 -1 -1 -1 -1
G: K 199 1 42 234 42 2100
G: K 200 1 42 2111 42 2762
G: P 201 1 42 2771 -1 -1
G: D 202 1 -1 -1 -1 -1
G: P 203 1 -1 -1 43 1338
G: K 204 -1 43 1334 43 2378
G: P 945 1 43 2412 -1 -1
G: D 205 1 -1 -1 -1 -1
G: D 206 1 -1 -1 -1 -1
G: D 207 -1 -1 -1 -1 -1
G: P 208 -1 -1 -1 44 745
G: K 209 -1 44 744 44 1305
G: K 210 1 44 1505 44 2165
G: K 211 1 44 2164 44 2356
G: K 212 1 44 2357 44 2804
G: P 213 1 44 2806 -1 -1
G: D 214 1 -1 -1 -1 -1
G: D 215 1 -1 -1 -1 -1
G: D 216 1 -1 -1 -1 -1
G: P 217 1 -1 -1 45 699
G: K 218 1 45 701 45 2294
G: D 219 1 -1 -1 -1 -1
G: D 220 1 -1 -1 -1 -1
G: D 221 1 -1 -1 -1 -1
G: D 222 1 -1 -1 -1 -1
G: D 223 -1 -1 -1 -1 -1
G: D 224 1 -1 -1 -1 -1
G: P 225 1 -1 -1 47 413
G: K 226 1 47 414 47 1677
G: K 227 1 47 1679 47 2834
G: P 228 1 47 2879 -1 -1
G: D 229 1 -1 -1 -1 -1
G: K 230 1 48 47 48 938
G: K 231 1 48 937 48 1426
G: K 232 1 48 1431 48 2499
G: K 233 1 48 2502 48 2961
G: P 234 1 48 2979 -1 -1
G: D 235 1 -1 -1 -1 -1
G: D 236 1 -1 -1 -1 -1
G: D 237 1 -1 -1 -1 -1
G: P 238 1 -1 -1 49 837
G: K 239 1 49 823 49 1261
G: K 240 1 49 1250 49 2159
G: P 241 1 49 2188 -1 -1
G: D 242 1 -1 -1 -1 -1
G: P 243 -1 -1 -1 50 703
G: K 548 -1 50 754 50 1702
G: P 244 1 50 1703 -1 -1
G: P 245 1 -1 -1 51 101
G: K 246 1 51 789 51 2916
G: K 247 1 51 2918 51 3416
G: P 248 1 51 3408 -1 -1
G: D 249 -1 -1 -1 -1 -1
G: D 250 -1 -1 -1 -1 -1
G: P 251 -1 -1 -1 52 660
G: K 252 -1 52 704 52 2561
G: P 253 -1 52 2550 -1 -1
G: D 254 -1 -1 -1 -1 -1
G: D 255 -1 -1 -1 -1 -1
G: P 256 -1 -1 -1 53 994
G: K 257 1 53 1169 53 2270
G: K 258 1 53 2373 53 2829
G: P 259 1 53 2995 -1 -1
G: D 260 1 -1 -1 -1 -1
G: D 261 1 -1 -1 -1 -1
G: P 262 1 -1 -1 54 628
G: P 263 1 54 758 -1 -1
G: K 264 1 55 59 55 2738
G: P 265 1 55 2744 -1 -1
G: D 266 1 -1 -1 -1 -1
G: D 267 1 -1 -1 -1 -1
G: P 268 1 -1 -1 56 333
G: K 269 -1 56 256 56 1108
G: K 270 -1 56 1126 56 3631
G: K 271 -1 56 3631 56 3979
G: P 272 -1 56 4012 -1 -1
G: D 273 -1 -1 -1 -1 -1
G: P 274 -1 -1 -1 57 610
G: K 275 -1 57 620 57 2042
G: P 276 -1 57 2045 -1 -1
G: D 277 -1 -1 -1 -1 -1
G: D 278 -1 -1 -1 -1 -1
G: K 279 -1 58 3 58 1467
G: K 280 -1 58 1549 58 2113
G: P 281 -1 58 2126 -1 -1
G: D 782 -1 -1 -1 -1 -1
G: P 282 1 -1 -1 59 2086
G: K 283 -1 59 2082 59 2751
G: P 284 -1 59 2743 -1 -1
G: D 285 -1 -1 -1 -1 -1
G: K 286 -1 60 150 60 627
G: K 287 1 60 958 60 2470
G: D 288 1 -1 -1 -1 -1
G: D 289 1 -1 -1 -1 -1
G: D 290 1 -1 -1 -1 -1
G: D 291 1 -1 -1 -1 -1
G: P 672 1 61 3378 -1 -1
G: D 292 1 -1 -1 -1 -1
G: D 293 1 -1 -1 -1 -1
G: P 294 1 -1 -1 62 947
G: K 295 -1 62 943 62 1378
G: P 296 -1 62 1377 -1 -1
G: D 297 -1 -1 -1 -1 -1
G: D 298 -1 -1 -1 -1 -1
G: P 299 -1 -1 -1 63 638
G: K 300 -1 63 640 63 1033
G: K 301 -1 63 1152 63 2208
G: P 302 -1 63 2214 -1 -1
G: P 303 -1 -1 -1 64 179
G: K 304 -1 64 196 64 1435
G: K 305 -1 64 1436 64 2450
G: P 942 1 64 2479 -1 -1
G: D 306 -1 -1 -1 -1 -1
G: D 307 -1 -1 -1 -1 -1
G: P 308 -1 -1 -1 65 683
G: K 309 -1 65 808 65 2638
G: K 673 1 65 2724 65 3171
G: P 310 -1 65 3172 -1 -1
G: P 311 -1 -1 -1 66 2390
G: P 312 -1 66 2374 -1 -1
G: P 313 -1 -1 -1 67 1423
G: P 314 1 67 1476 -1 -1
G: D 315 -1 -1 -1 -1 -1
G: P 316 -1 -1 -1 68 1375
G: K 317 -1 68 1434 68 2337
G: P 318 -1 68 2381 -1 -1
G: D 319 -1 -1 -1 -1 -1
G: D 320 -1 -1 -1 -1 -1
G: P 321 -1 -1 -1 69 1132
G: K 322 -1 69 1146 69 2004
G: K 323 -1 69 2020 69 2569
G: P 324 -1 69 2672 -1 -1
G: D 325 -1 -1 -1 -1 -1
G: K 944 1 70 335 70 1325
G: K 326 -1 70 1326 70 3036
G: P 327 1 70 3092 -1 -1
G: D 328 -1 -1 -1 -1 -1
G: D 329 -1 -1 -1 -1 -1
G: D 330 -1 -1 -1 -1 -1
G: P 331 -1 -1 -1 71 638
G: K 332 -1 71 650 71 1484
G: P 333 -1 71 1467 -1 -1
G: D 334 -1 -1 -1 -1 -1
G: D 336 -1 -1 -1 -1 -1
G: P 337 -1 -1 -1 72 548
G: P 338 -1 72 1184 -1 -1
G: D 339 -1 -1 -1 -1 -1
G: D 340 -1 -1 -1 -1 -1
G: D 341 1 -1 -1 -1 -1
G: P 342 1 -1 -1 73 1103
G: K 343 1 73 1106 73 1529
G: P 344 -1 73 1515 -1 -1
G: P 345 -1 -1 -1 74 228
G: P 346 -1 -1 -1 75 378
G: P 347 -1 75 387 -1 -1
G: D 348 -1 -1 -1 -1 -1
G: D 349 -1 -1 -1 -1 -1
G: P 350 -1 -1 -1 76 358
G: K 351 -1 76 368 76 3122
G: P 352 1 76 3165 -1 -1
G: D 353 1 -1 -1 -1 -1
G: D 354 -1 -1 -1 -1 -1
G: P 355 1 -1 -1 77 1227
G: K 356 1 77 1226 77 2162
G: P 357 -1 77 2379 -1 -1
G: D 358 1 -1 -1 -1 -1
G: D 359 1 -1 -1 -1 -1
G: D 360 -1 -1 -1 -1 -1
G: D 361 1 -1 -1 -1 -1
G: P 362 -1 -1 -1 78 798
G: K 363 -1 78 951 78 1848
G: P 364 -1 78 1860 -1 -1
G: D 365 1 -1 -1 -1 -1
G: D 366 1 -1 -1 -1 -1
G: P 367 -1 -1 -1 79 1226
G: K 368 1 79 1345 79 1855
G: K 369 1 79 1877 79 2258
G: K 370 1 79 2260 79 2440
G: K 371 -1 79 2454 79 2721
G: K 674 -1 79 2783 79 3224
G: P 372 1 79 3225 -1 -1
G: D 373 1 -1 -1 -1 -1
G: P 374 1 -1 -1 80 499
G: K 376 -1 80 522 80 1518
G: K 377 -1 80 1517 80 3236
G: P 378 -1 80 3304 -1 -1
G: D 379 -1 -1 -1 -1 -1
G: D 380 -1 -1 -1 -1 -1
G: P 381 -1 -1 -1 81 262
G: K 382 -1 81 262 81 1129
G: K 383 -1 81 1118 81 2846
G: P 384 -1 81 2845 -1 -1
G: D 385 -1 -1 -1 -1 -1
G: D 386 -1 -1 -1 -1 -1
G: P 387 1 -1 -1 82 867
G: K 388 1 82 859 82 1456
G: K 389 1 82 1445 82 2108
G: K 390 1 82 2572 82 3220
G: P 391 -1 82 3216 -1 -1
G: D 392 -1 -1 -1 -1 -1
G: D 393 -1 -1 -1 -1 -1
G: P 394 -1 -1 -1 83 288
G: P 395 -1 83 290 -1 -1
G: P 396 -1 -1 -1 84 30
G: K 397 -1 84 14 84 509
G: K 398 -1 84 477 84 882
G: P 399 -1 84 885 -1 -1
G: D 400 -1 -1 -1 -1 -1
G: P 401 -1 -1 -1 85 22
G: K 402 -1 85 34 85 382
G: K 403 -1 85 507 85 1749
G: P 404 -1 85 1758 -1 -1
G: D 405 -1 -1 -1 -1 -1
G: P 406 -1 -1 -1 86 967
G: K 407 -1 86 968 86 1400
G: K 408 -1 86 1404 86 2874
G: P 409 -1 86 2875 -1 -1
G: D 410 -1 -1 -1 -1 -1
G: D 411 -1 -1 -1 -1 -1
G: P 412 -1 -1 -1 87 304
G: K 413 -1 87 306 87 618
G: K 414 -1 87 620 87 1505
G: K 415 -1 87 1470 87 1980
G: P 416 -1 87 1985 -1 -1
G: D 417 1 -1 -1 -1 -1
G: D 418 -1 -1 -1 -1 -1
G: P 419 -1 -1 -1 88 67
G: K 420 -1 88 51 88 2070
G: P 421 -1 88 2069 -1 -1
G: P 422 -1 -1 -1 89 1178
G: P 423 -1 89 1242 -1 -1
G: D 424 -1 -1 -1 -1 -1
G: D 425 -1 -1 -1 -1 -1
G: P 426 -1 -1 -1 90 137
G: K 427 -1 90 142 90 3121
G: P 428 -1 90 3092 -1 -1
G: P 429 -1 -1 -1 91 1599
G: K 430 -1 91 1601 91 1871
G: P 431 1 91 2059 -1 -1
G: D 432 1 -1 -1 -1 -1
G: D 433 1 -1 -1 -1 -1
G: D 434 1 -1 -1 -1 -1
G: P 435 -1 -1 -1 92 145
G: K 436 -1 92 148 92 1741
G: P 437 -1 92 1733 -1 -1
G: D 438 -1 -1 -1 -1 -1
G: D 439 1 -1 -1 -1 -1
G: P 440 1 -1 -1 93 368
G: K 441 1 93 367 93 934
G: K 442 1 93 934 93 2167
G: P 443 1 93 2186 -1 -1
G: D 444 -1 -1 -1 -1 -1
G: D 445 -1 -1 -1 -1 -1
G: D 446 -1 -1 -1 -1 -1
G: K 447 -1 94 42 94 897
G: K 448 -1 94 865 94 2116
G: P 449 -1 94 2131 -1 -1
G: D 450 -1 -1 -1 -1 -1
G: D 451 -1 -1 -1 -1 -1
G: P 452 -1 -1 -1 95 65
G: K 453 -1 95 65 95 554
G: K 454 -1 95 1212 95 2103
G: P 455 -1 95 2102 -1 -1
G: D 456 1 -1 -1 -1 -1
G: D 457 1 -1 -1 -1 -1
G: D 458 -1 -1 -1 -1 -1
G: P 459 1 -1 -1 96 525
G: K 460 -1 96 514 96 1525
G: P 461 -1 96 2077 -1 -1
G: D 462 -1 -1 -1 -1 -1
G: D 463 -1 -1 -1 -1 -1
G: P 464 1 -1 -1 97 171
G: K 465 -1 97 164 97 1478
G: K 466 -1 97 1458 97 2934
G: P 467 -1 97 2920 -1 -1
G: D 468 -1 -1 -1 -1 -1
G: D 469 -1 -1 -1 -1 -1
G: D 470 -1 -1 -1 -1 -1
G: D 471 -1 -1 -1 -1 -1
G: D 472 -1 -1 -1 -1 -1
G: P 473 -1 -1 -1 99 440
G: K 474 -1 99 502 99 1858
G: P 475 -1 99 2500 -1 -1
