The input genome is 591503 bp long, 295751 will be kept.
min distance 292
----------------------------------------
fragments: id start end
F: 0 2336 5318
F: 1 8544 12115
F: 2 15040 18120
F: 3 20619 24007
F: 4 26944 30011
F: 5 33208 36693
F: 6 39275 41851
F: 7 44457 47022
F: 8 50233 52772
F: 9 55469 58101
F: 10 61817 65182
F: 11 67693 70277
F: 12 73052 75949
F: 13 78650 81461
F: 14 84789 88196
F: 15 90800 94190
F: 16 97905 101320
F: 17 103352 106393
F: 18 109267 112741
F: 19 115847 118759
F: 20 121514 124463
F: 21 127162 129432
F: 22 132042 135162
F: 23 138322 141057
F: 24 143693 146220
F: 25 148857 151857
F: 26 154432 156684
F: 27 158827 161579
F: 28 164986 168653
F: 29 172306 175706
F: 30 178898 181573
F: 31 184921 187939
F: 32 190730 193605
F: 33 197040 199312
F: 34 202080 205592
F: 35 208021 211425
F: 36 214215 217370
F: 37 221035 224075
F: 38 226891 229342
F: 39 231799 234326
F: 40 238624 241276
F: 41 244097 247097
F: 42 250461 253134
F: 43 256209 259418
F: 44 262510 265368
F: 45 268992 271665
F: 46 274852 277928
F: 47 281623 284364
F: 48 287418 290336
F: 49 293436 296498
F: 50 299836 302081
F: 51 305020 308558
F: 52 311496 314991
F: 53 318343 320997
F: 54 324006 326887
F: 55 329669 332576
F: 56 335264 339566
F: 57 341705 344332
F: 58 347139 349945
F: 59 352845 356060
F: 60 358373 360867
F: 61 364511 367800
F: 62 371264 374900
F: 63 378057 381254
F: 64 384413 387543
F: 65 390161 393371
F: 66 395430 398408
F: 67 400936 403203
F: 68 406076 408788
F: 69 412228 415525
F: 70 418958 422359
F: 71 425547 428570
F: 72 431405 433765
F: 73 437350 440363
F: 74 443488 446025
F: 75 449356 452900
F: 76 455908 459035
F: 77 461639 464557
F: 78 467866 470765
F: 79 473259 476480
F: 80 479244 482680
F: 81 486005 489102
F: 82 492226 495515
F: 83 498118 501370
F: 84 504240 507033
F: 85 509844 512372
F: 86 514832 517843
F: 87 520602 523227
F: 88 525959 528722
F: 89 531284 533982
F: 90 536769 539834
F: 91 542313 545216
F: 92 548237 550538
F: 93 553385 556112
F: 94 559101 561384
F: 95 564337 566937
F: 96 570155 573274
F: 97 576254 579305
F: 98 582333 585031
F: 99 588266 591211
----------------------------------------
genes: [Kept,Partial,Discared] locus strand fragment1 start_pos fragment2 end_pos 
G: D 0 1 -1 -1 -1 -1
G: P 1 1 -1 -1 0 436
G: K 2 1 0 520 0 2482
G: P 3 1 0 2496 -1 -1
G: P 4 1 -1 -1 1 78
G: K 5 1 1 81 1 714
G: K 6 1 1 686 1 1469
G: K 7 1 1 1471 1 2839
G: P 8 1 1 2838 -1 -1
G: D 9 1 -1 -1 -1 -1
G: D 10 -1 -1 -1 -1 -1
G: D 11 -1 -1 -1 -1 -1
G: P 12 -1 -1 -1 2 347
G: K 13 1 2 685 2 2605
G: P 14 1 2 2651 -1 -1
G: P 15 1 -1 -1 3 1998
G: K 16 1 3 2039 3 3245
G: P 17 1 3 3228 -1 -1
G: D 18 1 -1 -1 -1 -1
G: D 19 1 -1 -1 -1 -1
G: P 20 1 -1 -1 4 722
G: K 21 1 4 722 4 1826
G: K 22 1 4 2028 4 2928
G: P 23 1 4 2931 -1 -1
G: D 24 1 -1 -1 -1 -1
G: D 25 1 -1 -1 -1 -1
G: D 26 -1 -1 -1 -1 -1
G: D 27 -1 -1 -1 -1 -1
G: D 28 -1 -1 -1 -1 -1
G: D 516 -1 -1 -1 -1 -1
G: P 29 1 -1 -1 6 521
G: K 30 1 6 670 6 1447
G: K 31 -1 6 1415 6 2051
G: P 32 1 6 2079 -1 -1
G: D 33 1 -1 -1 -1 -1
G: P 34 1 -1 -1 7 1133
G: P 35 -1 7 1129 -1 -1
G: D 36 -1 -1 -1 -1 -1
G: D 37 1 -1 -1 -1 -1
G: K 38 1 8 6 8 279
G: K 39 1 8 476 8 2186
G: P 40 1 8 2190 -1 -1
G: D 41 1 -1 -1 -1 -1
G: P 42 1 -1 -1 9 89
G: K 43 1 9 90 9 1059
G: K 44 1 9 1042 9 2194
G: P 45 -1 9 2423 -1 -1
G: D 46 1 -1 -1 -1 -1
G: D 47 1 -1 -1 -1 -1
G: P 48 1 -1 -1 10 130
G: K 49 1 10 138 10 534
G: K 50 1 10 533 10 2210
G: K 51 -1 10 2186 10 3143
G: P 52 -1 10 3146 -1 -1
G: D 53 -1 -1 -1 -1 -1
G: D 54 -1 -1 -1 -1 -1
G: D 55 -1 -1 -1 -1 -1
G: D 56 -1 -1 -1 -1 -1
G: P 57 -1 -1 -1 11 522
G: K 58 -1 11 502 11 958
G: K 59 1 11 964 11 1861
G: P 60 -1 11 1839 -1 -1
G: P 61 1 -1 -1 12 540
G: K 62 1 12 490 12 1429
G: K 63 1 12 1684 13 82
G: K 64 1 13 81 13 1488
G: P 65 1 13 1491 -1 -1
G: D 518 1 -1 -1 -1 -1
G: D 66 1 -1 -1 -1 -1
G: P 67 1 -1 -1 14 989
G: P 478 -1 -1 -1 15 425
G: K 68 1 15 547 15 3286
G: D 69 1 -1 -1 -1 -1
G: D 70 1 -1 -1 -1 -1
G: P 71 1 -1 -1 16 2281
G: P 72 1 16 2258 -1 -1
G: D 73 1 -1 -1 -1 -1
G: P 74 1 -1 -1 17 2426
G: K 75 -1 17 2422 17 2848
G: D 76 1 -1 -1 -1 -1
G: D 77 1 -1 -1 -1 -1
G: P 78 1 -1 -1 18 756
G: K 79 1 18 755 18 3302
G: P 80 1 18 3357 -1 -1
G: D 81 1 -1 -1 -1 -1
G: D 82 1 -1 -1 -1 -1
G: D 83 1 -1 -1 -1 -1
G: P 84 1 -1 -1 19 274
G: K 85 1 19 266 19 1415
G: K 86 1 19 1443 19 1872
G: K 87 1 19 1888 19 2368
G: P 88 1 19 2377 -1 -1
G: D 89 1 -1 -1 -1 -1
G: D 90 1 -1 -1 -1 -1
G: P 91 1 -1 -1 20 254
G: K 92 1 20 256 20 727
G: K 93 1 20 710 20 2117
G: P 94 1 20 2120 -1 -1
G: D 95 1 -1 -1 -1 -1
G: P 96 1 -1 -1 21 632
G: K 97 1 21 731 21 2177
G: P 98 1 21 2179 -1 -1
G: P 99 1 -1 -1 22 168
G: K 100 1 22 142 22 811
G: K 101 1 22 803 22 1778
G: K 102 1 22 1767 22 2604
G: K 103 1 22 2625 22 2859
G: P 104 1 22 2861 -1 -1
G: D 105 1 -1 -1 -1 -1
G: D 106 -1 -1 -1 -1 -1
G: P 107 1 -1 -1 23 565
G: K 108 1 23 564 23 1347
G: K 109 1 23 1331 23 2513
G: P 110 1 23 2499 -1 -1
G: D 111 1 -1 -1 -1 -1
G: D 112 1 -1 -1 -1 -1
G: P 113 1 -1 -1 24 1275
G: K 114 1 24 1210 24 1927
G: K 115 1 24 1951 24 2425
G: P 116 1 24 2433 -1 -1
G: D 117 1 -1 -1 -1 -1
G: D 118 1 -1 -1 -1 -1
G: P 119 1 -1 -1 25 1440
G: P 120 1 25 1446 -1 -1
G: D 121 1 -1 -1 -1 -1
G: P 122 1 -1 -1 26 529
G: K 123 1 26 506 26 1925
G: P 124 1 26 1971 -1 -1
G: D 125 1 -1 -1 -1 -1
G: D 126 -1 -1 -1 -1 -1
G: P 127 1 -1 -1 27 257
G: K 128 1 27 264 27 1056
G: K 129 1 27 1055 27 1409
G: P 130 1 27 1398 -1 -1
G: D 131 -1 -1 -1 -1 -1
G: D 132 -1 -1 -1 -1 -1
G: D 133 1 -1 -1 -1 -1
G: D 134 -1 -1 -1 -1 -1
G: P 135 1 -1 -1 28 1145
G: K 136 1 28 1083 28 2316
G: P 137 1 28 2315 -1 -1
G: D 138 1 -1 -1 -1 -1
G: P 139 1 30 686 -1 -1
G: D 140 1 -1 -1 -1 -1
G: D 141 1 -1 -1 -1 -1
G: P 142 1 -1 -1 31 1762
G: K 143 1 31 1748 31 2084
G: K 144 1 31 2108 31 2972
G: P 145 1 31 2971 -1 -1
G: D 146 1 -1 -1 -1 -1
G: P 147 1 -1 -1 32 409
G: K 148 1 32 447 32 1686
G: K 149 1 32 1761 32 2622
G: P 150 1 32 2661 -1 -1
G: D 151 1 -1 -1 -1 -1
G: D 152 1 -1 -1 -1 -1
G: D 153 1 -1 -1 -1 -1
G: D 154 1 -1 -1 -1 -1
G: D 155 1 -1 -1 -1 -1
G: P 156 1 -1 -1 33 88
G: K 157 1 33 90 33 522
G: K 158 1 33 524 33 1334
G: P 476 -1 33 1338 -1 -1
G: D 159 1 -1 -1 -1 -1
G: D 160 1 -1 -1 -1 -1
G: D 161 1 -1 -1 -1 -1
G: D 162 1 -1 -1 -1 -1
G: D 163 1 -1 -1 -1 -1
G: P 164 1 -1 -1 34 30
G: K 165 1 34 32 34 224
G: K 166 1 34 217 34 634
G: K 167 1 34 640 34 1210
G: K 168 1 34 1211 34 1559
G: K 169 1 34 1563 34 2199
G: K 170 1 34 2204 34 2657
G: P 171 1 34 2656 -1 -1
G: D 172 1 -1 -1 -1 -1
G: D 173 1 -1 -1 -1 -1
G: D 174 1 -1 -1 -1 -1
G: D 175 1 -1 -1 -1 -1
G: P 176 1 -1 -1 35 288
G: K 177 1 35 287 35 653
G: K 178 1 35 668 35 1667
G: K 179 1 35 1679 35 2051
G: K 180 1 35 2037 35 2874
G: P 181 1 35 2858 -1 -1
G: D 182 1 -1 -1 -1 -1
G: D 183 1 -1 -1 -1 -1
G: P 184 1 -1 -1 36 1416
G: K 185 1 36 1416 36 2367
G: P 186 1 36 2466 -1 -1
G: K 187 1 37 263 37 1034
G: K 188 1 37 1026 37 2820
G: P 189 1 37 2822 -1 -1
G: D 190 1 -1 -1 -1 -1
G: P 191 1 -1 -1 38 9
G: P 192 1 38 15 -1 -1
G: D 193 1 -1 -1 -1 -1
G: D 194 1 -1 -1 -1 -1
G: P 195 1 -1 -1 40 2324
G: P 196 1 40 2382 -1 -1
G: D 197 1 -1 -1 -1 -1
G: D 198 1 -1 -1 -1 -1
G: P 199 1 -1 -1 41 578
G: K 200 1 41 589 41 1237
G: K 201 1 41 1246 41 1612
G: P 202 1 41 1739 -1 -1
G: D 203 1 -1 -1 -1 -1
G: P 204 -1 -1 -1 42 713
G: K 205 1 42 748 42 2548
G: P 206 1 42 2528 -1 -1
G: D 207 -1 -1 -1 -1 -1
G: D 208 -1 -1 -1 -1 -1
G: D 209 -1 -1 -1 -1 -1
G: P 210 1 -1 -1 43 197
G: K 211 1 43 196 43 382
G: K 212 1 43 383 43 830
G: K 213 1 43 832 43 1177
G: K 214 1 43 1169 43 1976
G: P 215 1 43 1968 -1 -1
G: D 216 1 -1 -1 -1 -1
G: D 217 1 -1 -1 -1 -1
G: P 218 1 -1 -1 44 239
G: K 219 1 44 1158 44 2298
G: K 220 1 44 2315 45 1275
G: K 221 1 45 1277 45 2330
G: P 222 1 45 2286 -1 -1
G: D 223 -1 -1 -1 -1 -1
G: D 224 1 -1 -1 -1 -1
G: D 225 1 -1 -1 -1 -1
G: P 226 1 -1 -1 46 104
G: K 227 1 46 106 46 1231
G: K 228 1 46 1276 46 2761
G: P 229 1 46 2729 -1 -1
G: D 230 1 -1 -1 -1 -1
G: D 231 1 -1 -1 -1 -1
G: P 232 1 -1 -1 47 288
G: K 233 1 47 291 47 756
G: P 234 1 47 774 -1 -1
G: D 235 1 -1 -1 -1 -1
G: D 236 1 -1 -1 -1 -1
G: D 237 1 -1 -1 -1 -1
G: D 238 1 -1 -1 -1 -1
G: D 239 1 -1 -1 -1 -1
G: P 240 1 -1 -1 48 302
G: K 241 1 48 331 48 1666
G: P 242 1 48 1734 -1 -1
G: D 243 -1 -1 -1 -1 -1
G: P 244 1 -1 -1 49 1152
G: K 245 1 49 1157 49 3050
G: D 246 1 -1 -1 -1 -1
G: D 247 1 -1 -1 -1 -1
G: P 248 1 -1 -1 50 791
G: K 249 -1 50 774 50 1494
G: K 250 -1 50 1480 50 2140
G: P 251 -1 50 2120 -1 -1
G: P 252 -1 -1 -1 51 313
G: K 253 -1 51 302 51 1655
G: K 254 -1 51 1674 51 2403
G: P 255 -1 51 2405 -1 -1
G: D 256 -1 -1 -1 -1 -1
G: P 257 1 -1 -1 52 512
G: K 258 1 52 615 52 1068
G: K 259 1 52 1234 52 2002
G: K 260 1 52 2047 52 2341
G: K 261 1 52 2340 52 3420
G: P 262 1 52 3420 -1 -1
G: P 263 1 -1 -1 53 378
G: P 264 1 -1 -1 54 274
G: K 265 1 54 280 54 1156
G: K 266 1 54 1155 54 2010
G: P 267 1 54 2125 -1 -1
G: D 268 1 -1 -1 -1 -1
G: D 269 -1 -1 -1 -1 -1
G: P 270 -1 -1 -1 55 1115
G: K 271 -1 55 1115 55 1463
G: K 272 -1 55 1496 55 2180
G: P 273 -1 55 2330 -1 -1
G: D 274 -1 -1 -1 -1 -1
G: P 275 -1 -1 -1 56 560
G: K 276 -1 56 563 56 1736
G: K 277 -1 56 1985 56 2978
G: K 278 -1 56 2995 56 4096
G: P 279 -1 56 4123 -1 -1
G: D 280 -1 -1 -1 -1 -1
G: D 281 -1 -1 -1 -1 -1
G: D 282 1 -1 -1 -1 -1
G: P 283 -1 -1 -1 58 139
G: K 284 -1 58 128 58 932
G: K 285 -1 58 992 58 2687
G: D 286 -1 -1 -1 -1 -1
G: D 287 1 -1 -1 -1 -1
G: K 288 1 59 131 59 530
G: K 289 1 59 492 59 1536
G: K 290 1 59 1538 59 2135
G: K 291 1 59 2166 59 2421
G: P 292 1 60 1779 -1 -1
G: D 293 1 -1 -1 -1 -1
G: D 294 1 -1 -1 -1 -1
G: D 295 -1 -1 -1 -1 -1
G: P 296 -1 -1 -1 61 2235
G: K 520 -1 61 2291 61 2807
G: P 297 -1 61 2808 -1 -1
G: D 298 -1 -1 -1 -1 -1
G: D 299 -1 -1 -1 -1 -1
G: D 300 -1 -1 -1 -1 -1
G: P 301 -1 -1 -1 62 992
G: P 302 -1 62 998 -1 -1
G: D 303 -1 -1 -1 -1 -1
G: D 304 -1 -1 -1 -1 -1
G: P 305 -1 -1 -1 63 665
G: K 306 -1 63 695 63 1649
G: K 307 -1 63 1627 63 2704
G: P 308 -1 63 2685 -1 -1
G: D 309 -1 -1 -1 -1 -1
G: P 310 -1 -1 -1 64 369
G: P 311 -1 64 368 -1 -1
G: D 312 -1 -1 -1 -1 -1
G: P 521 1 -1 -1 65 276
G: P 313 -1 65 277 -1 -1
G: D 314 1 -1 -1 -1 -1
G: P 315 -1 -1 -1 66 218
G: P 316 -1 66 240 -1 -1
G: D 317 -1 -1 -1 -1 -1
G: P 318 -1 -1 -1 67 447
G: K 319 -1 67 470 67 1382
G: P 320 -1 67 1305 -1 -1
G: D 321 -1 -1 -1 -1 -1
G: P 322 -1 -1 -1 68 5
G: K 323 -1 68 21 68 561
G: K 324 -1 68 664 68 1534
G: P 325 -1 68 1854 -1 -1
G: P 326 -1 -1 -1 69 1031
G: K 327 1 69 1087 69 1771
G: P 328 -1 69 2606 -1 -1
G: D 329 -1 -1 -1 -1 -1
G: D 330 -1 -1 -1 -1 -1
G: D 331 -1 -1 -1 -1 -1
G: D 332 -1 -1 -1 -1 -1
G: P 333 -1 -1 -1 70 1887
G: K 334 -1 70 1925 70 3284
G: P 335 -1 70 3287 -1 -1
G: D 336 -1 -1 -1 -1 -1
G: D 337 -1 -1 -1 -1 -1
G: P 338 -1 -1 -1 71 1919
G: K 339 -1 71 1908 71 2487
G: K 340 -1 71 2494 71 2716
G: P 341 1 71 2774 -1 -1
G: D 342 1 -1 -1 -1 -1
G: D 343 1 -1 -1 -1 -1
G: D 344 -1 -1 -1 -1 -1
G: D 345 -1 -1 -1 -1 -1
G: P 346 -1 73 1263 -1 -1
G: D 347 -1 -1 -1 -1 -1
G: D 348 -1 -1 -1 -1 -1
G: D 349 -1 -1 -1 -1 -1
G: D 350 -1 -1 -1 -1 -1
G: P 351 -1 -1 -1 75 2673
G: K 352 1 75 2716 75 3217
G: P 353 1 75 3207 -1 -1
G: D 354 -1 -1 -1 -1 -1
G: P 355 1 -1 -1 76 54
G: K 356 1 76 53 76 1016
G: K 357 -1 76 1233 76 1908
G: K 358 1 76 1955 76 2510
G: K 359 1 76 2512 76 3013
G: P 360 -1 76 3009 -1 -1
G: D 361 1 -1 -1 -1 -1
G: P 362 -1 -1 -1 77 326
G: K 363 -1 77 479 77 1331
G: K 364 -1 77 1343 77 2534
G: D 365 1 -1 -1 -1 -1
G: D 366 1 -1 -1 -1 -1
G: D 367 -1 -1 -1 -1 -1
G: P 368 1 -1 -1 78 481
G: K 369 1 78 503 78 872
G: K 370 1 78 874 78 1048
G: K 371 -1 78 1062 78 1329
G: K 372 1 78 1392 78 2067
G: P 373 1 78 2059 -1 -1
G: D 477 1 -1 -1 -1 -1
G: P 374 1 -1 -1 79 174
G: K 375 -1 79 197 79 998
G: K 376 -1 79 987 79 1983
G: P 377 -1 79 1982 -1 -1
G: D 378 -1 -1 -1 -1 -1
G: D 379 -1 -1 -1 -1 -1
G: P 380 -1 -1 -1 80 831
G: K 381 -1 80 817 80 1663
G: K 382 -1 80 1663 80 2506
G: P 383 -1 80 2498 -1 -1
G: D 384 -1 -1 -1 -1 -1
G: D 385 -1 -1 -1 -1 -1
G: P 386 -1 -1 -1 81 14
G: K 387 1 81 42 81 1905
G: K 388 1 81 1897 81 2485
G: P 389 1 81 2477 -1 -1
G: D 519 -1 -1 -1 -1 -1
G: D 390 1 -1 -1 -1 -1
G: P 391 -1 -1 -1 82 205
G: K 392 -1 82 197 82 1502
G: K 393 -1 82 1501 82 1966
G: K 394 -1 82 2136 82 2847
G: K 395 -1 82 2849 83 1901
G: K 396 -1 83 2187 83 3060
G: P 397 -1 83 3047 -1 -1
G: D 398 -1 -1 -1 -1 -1
G: D 399 -1 -1 -1 -1 -1
G: P 400 -1 -1 -1 84 1227
G: P 401 -1 84 1243 -1 -1
G: D 402 -1 -1 -1 -1 -1
G: D 403 -1 -1 -1 -1 -1
G: P 404 -1 -1 -1 85 582
G: K 405 -1 85 952 85 1411
G: P 406 -1 85 1411 -1 -1
G: D 407 -1 -1 -1 -1 -1
G: D 408 -1 -1 -1 -1 -1
G: P 409 -1 -1 -1 86 836
G: K 410 -1 86 835 86 2398
G: K 411 -1 86 2413 86 2941
G: P 412 -1 86 2933 -1 -1
G: D 413 -1 -1 -1 -1 -1
G: D 414 -1 -1 -1 -1 -1
G: D 415 -1 -1 -1 -1 -1
G: P 416 -1 -1 -1 87 818
G: K 417 1 87 884 87 1364
G: K 418 -1 87 1360 87 2038
G: P 419 -1 87 2040 -1 -1
G: D 420 -1 -1 -1 -1 -1
G: P 421 -1 -1 -1 88 815
G: P 422 -1 88 935 -1 -1
G: P 423 -1 -1 -1 89 885
G: K 424 -1 89 940 89 1339
G: K 425 -1 89 1344 89 1791
G: P 426 -1 89 1828 -1 -1
G: P 427 -1 -1 -1 90 1016
G: P 428 -1 90 987 -1 -1
G: D 429 -1 -1 -1 -1 -1
G: D 430 -1 -1 -1 -1 -1
G: K 431 1 91 131 91 1499
G: K 432 1 91 1521 91 1713
G: K 433 1 91 1748 91 2180
G: K 434 1 91 2290 91 2806
G: P 435 -1 91 2802 -1 -1
G: P 436 -1 -1 -1 92 118
G: K 437 -1 92 110 92 848
G: K 438 -1 92 907 92 2113
G: P 439 1 92 2198 -1 -1
G: D 440 1 -1 -1 -1 -1
G: D 441 1 -1 -1 -1 -1
G: P 442 1 -1 -1 93 449
G: K 443 1 93 468 93 1641
G: P 444 -1 93 2045 -1 -1
G: D 445 -1 -1 -1 -1 -1
G: D 446 -1 -1 -1 -1 -1
G: D 447 -1 -1 -1 -1 -1
G: P 448 -1 -1 -1 94 613
G: K 449 -1 94 628 94 991
G: K 450 -1 94 974 94 1676
G: K 451 -1 94 1675 94 1963
G: D 452 -1 -1 -1 -1 -1
G: D 453 -1 -1 -1 -1 -1
G: K 517 1 95 124 95 481
G: K 454 -1 95 482 95 1355
G: K 455 -1 95 1354 95 2539
G: P 456 1 95 2591 -1 -1
G: D 457 1 -1 -1 -1 -1
G: D 458 -1 -1 -1 -1 -1
G: P 459 1 -1 -1 96 83
G: K 460 -1 96 72 96 1104
G: P 461 -1 96 1656 -1 -1
G: D 462 -1 -1 -1 -1 -1
G: D 463 -1 -1 -1 -1 -1
G: P 464 1 -1 -1 97 26
G: K 465 -1 97 22 97 1327
G: K 466 -1 97 1307 97 2786
G: P 467 -1 97 2772 -1 -1
G: D 468 -1 -1 -1 -1 -1
G: D 469 -1 -1 -1 -1 -1
G: D 470 -1 -1 -1 -1 -1
G: P 471 -1 -1 -1 98 78
G: P 472 -1 98 81 -1 -1
G: P 473 -1 -1 -1 99 360
G: K 474 -1 99 422 99 1733
G: P 475 -1 99 2375 -1 -1
