The input genome is 603937 bp long, 301968 will be kept.
min distance 298
----------------------------------------
fragments: id start end
F: 0 2481 5463
F: 1 8614 12375
F: 2 15409 18534
F: 3 21322 24749
F: 4 27938 31078
F: 5 34513 38072
F: 6 40668 43342
F: 7 45954 48709
F: 8 51946 54544
F: 9 57305 59970
F: 10 63742 67138
F: 11 69635 72285
F: 12 74978 77982
F: 13 80723 83594
F: 14 87075 90507
F: 15 93199 96657
F: 16 100356 103771
F: 17 105881 108922
F: 18 111802 115371
F: 19 118698 121641
F: 20 124402 127351
F: 21 130023 132523
F: 22 135186 138306
F: 23 141645 144454
F: 24 147122 149664
F: 25 152347 155372
F: 26 157750 160269
F: 27 162283 165231
F: 28 168993 172663
F: 29 176329 179875
F: 30 183153 185828
F: 31 189168 192186
F: 32 194962 197999
F: 33 201357 203797
F: 34 206524 210086
F: 35 212774 216229
F: 36 219096 222254
F: 37 226007 229047
F: 38 231596 234320
F: 39 236932 239500
F: 40 243925 246623
F: 41 249571 252571
F: 42 255955 258811
F: 43 261898 265181
F: 44 268459 271425
F: 45 274864 277687
F: 46 280938 284029
F: 47 287714 290667
F: 48 293864 296782
F: 49 299953 303041
F: 50 306358 308657
F: 51 311669 315207
F: 52 318237 321762
F: 53 324995 327964
F: 54 330950 333877
F: 55 336760 339667
F: 56 342422 346869
F: 57 349087 351714
F: 58 354575 357400
F: 59 360403 363618
F: 60 365981 368475
F: 61 372031 375441
F: 62 379035 382671
F: 63 385838 389035
F: 64 392148 395324
F: 65 397933 401213
F: 66 403365 406343
F: 67 409147 411414
F: 68 414239 417082
F: 69 420607 423919
F: 70 427558 431025
F: 71 434173 437196
F: 72 440307 442667
F: 73 446225 449238
F: 74 452452 454995
F: 75 458612 462159
F: 76 465173 468344
F: 77 470927 473872
F: 78 477187 480086
F: 79 482639 485860
F: 80 488744 492192
F: 81 495614 498711
F: 82 502087 505380
F: 83 508263 511515
F: 84 514536 517400
F: 85 520483 523011
F: 86 525415 528566
F: 87 531323 534011
F: 88 536989 539852
F: 89 542333 545118
F: 90 547941 551149
F: 91 553706 556670
F: 92 559897 562304
F: 93 565005 567949
F: 94 571015 573339
F: 95 576414 579014
F: 96 582313 585537
F: 97 588554 591604
F: 98 594638 597430
F: 99 600660 603639
----------------------------------------
genes: [Kept,Partial,Discared] locus strand fragment1 start_pos fragment2 end_pos 
G: D 0 1 -1 -1 -1 -1
G: P 1 1 -1 -1 0 282
G: K 2 1 0 366 0 2340
G: P 3 1 0 2354 -1 -1
G: P 4 1 -1 -1 1 29
G: K 5 1 1 32 1 662
G: K 6 1 1 634 1 1441
G: K 7 1 1 1443 1 2802
G: K 8 1 1 2801 1 3611
G: P 9 1 1 3639 -1 -1
G: D 10 -1 -1 -1 -1 -1
G: D 11 -1 -1 -1 -1 -1
G: P 12 -1 -1 -1 2 59
G: K 13 1 2 397 2 2329
G: P 14 1 2 2375 -1 -1
G: P 15 1 -1 -1 3 1445
G: K 16 1 3 1486 3 2683
G: P 17 1 3 2663 -1 -1
G: D 18 1 -1 -1 -1 -1
G: D 19 1 -1 -1 -1 -1
G: D 20 1 -1 -1 -1 -1
G: P 21 1 -1 -1 4 967
G: K 22 1 4 1169 4 2093
G: K 23 1 4 2096 4 2657
G: K 24 1 4 2628 4 3093
G: P 25 1 4 3092 -1 -1
G: D 26 -1 -1 -1 -1 -1
G: D 27 -1 -1 -1 -1 -1
G: P 28 -1 -1 -1 5 2765
G: P 29 1 5 3027 -1 -1
G: D 30 1 -1 -1 -1 -1
G: P 31 -1 -1 -1 6 442
G: K 32 1 6 470 6 1754
G: P 33 1 6 1743 -1 -1
G: D 34 1 -1 -1 -1 -1
G: P 35 -1 -1 -1 7 1057
G: K 36 -1 7 1047 7 2232
G: P 37 1 7 2390 -1 -1
G: D 38 1 -1 -1 -1 -1
G: P 39 1 -1 -1 8 386
G: K 40 1 8 390 8 1251
G: K 41 1 8 1228 8 2095
G: P 42 1 8 2079 -1 -1
G: D 43 1 -1 -1 -1 -1
G: P 44 1 -1 -1 9 307
G: K 45 -1 9 536 9 1877
G: K 46 1 9 1929 9 2646
G: P 47 1 9 2649 -1 -1
G: D 48 1 -1 -1 -1 -1
G: D 49 1 -1 -1 -1 -1
G: P 50 1 -1 -1 10 273
G: K 51 -1 10 249 10 1215
G: K 52 -1 10 1218 10 1599
G: K 53 -1 10 1605 10 1755
G: K 54 -1 10 1768 10 2152
G: K 55 -1 10 2138 10 2972
G: P 56 -1 10 2953 -1 -1
G: D 57 -1 -1 -1 -1 -1
G: D 58 -1 -1 -1 -1 -1
G: D 59 1 -1 -1 -1 -1
G: P 60 -1 -1 -1 11 1619
G: P 61 1 11 1923 -1 -1
G: D 62 1 -1 -1 -1 -1
G: D 63 1 -1 -1 -1 -1
G: D 64 1 -1 -1 -1 -1
G: P 65 1 -1 -1 13 1536
G: P 66 1 13 1546 -1 -1
G: D 67 1 -1 -1 -1 -1
G: P 478 -1 14 2302 -1 -1
G: P 68 1 -1 -1 15 467
G: K 655 -1 15 576 15 1449
G: K 69 1 15 1450 15 2329
G: P 777 1 15 2332 -1 -1
G: D 70 1 -1 -1 -1 -1
G: P 71 1 -1 -1 16 1456
G: P 72 1 16 1433 -1 -1
G: D 73 1 -1 -1 -1 -1
G: P 74 1 -1 -1 17 1520
G: K 75 -1 17 1516 17 1927
G: P 76 1 17 2160 -1 -1
G: D 77 1 -1 -1 -1 -1
G: D 78 1 -1 -1 -1 -1
G: P 79 1 -1 -1 18 2432
G: K 80 1 18 2487 18 2916
G: P 81 1 18 2915 -1 -1
G: D 82 1 -1 -1 -1 -1
G: D 83 1 -1 -1 -1 -1
G: D 84 1 -1 -1 -1 -1
G: P 85 1 -1 -1 19 247
G: K 86 1 19 275 19 707
G: K 87 1 19 723 19 1218
G: P 88 1 19 1227 -1 -1
G: D 89 1 -1 -1 -1 -1
G: D 90 1 -1 -1 -1 -1
G: D 91 1 -1 -1 -1 -1
G: D 92 1 -1 -1 -1 -1
G: P 93 1 -1 -1 20 963
G: K 94 1 20 966 20 2160
G: P 95 1 20 2343 -1 -1
G: D 96 1 -1 -1 -1 -1
G: P 97 1 -1 -1 21 1101
G: P 98 1 21 1103 -1 -1
G: D 99 1 -1 -1 -1 -1
G: D 100 1 -1 -1 -1 -1
G: P 101 1 -1 -1 22 428
G: K 102 1 22 417 22 1278
G: K 103 1 22 1299 22 1554
G: P 104 1 22 1556 -1 -1
G: D 105 1 -1 -1 -1 -1
G: D 106 -1 -1 -1 -1 -1
G: D 107 1 -1 -1 -1 -1
G: D 108 1 -1 -1 -1 -1
G: P 109 1 -1 -1 23 1038
G: K 110 1 23 1021 23 1870
G: P 111 1 23 1884 -1 -1
G: D 112 1 -1 -1 -1 -1
G: D 113 1 -1 -1 -1 -1
G: P 114 1 -1 -1 24 454
G: K 115 1 24 478 24 982
G: K 116 1 24 990 24 1764
G: K 117 1 24 1756 24 2419
G: P 118 1 24 2399 -1 -1
G: D 119 1 -1 -1 -1 -1
G: P 120 1 -1 -1 25 1538
G: K 121 1 25 1540 25 2476
G: P 122 1 25 2515 -1 -1
G: P 123 1 -1 -1 26 653
G: K 124 1 26 699 26 1020
G: K 125 1 26 1025 26 1895
G: P 126 -1 26 1878 -1 -1
G: D 127 1 -1 -1 -1 -1
G: D 128 1 -1 -1 -1 -1
G: P 129 1 -1 -1 27 53
G: K 130 1 27 42 27 1521
G: K 131 -1 27 2081 27 2507
G: P 132 -1 27 2481 -1 -1
G: D 133 1 -1 -1 -1 -1
G: D 134 -1 -1 -1 -1 -1
G: D 135 1 -1 -1 -1 -1
G: P 136 1 -1 -1 28 448
G: K 137 1 28 447 28 2256
G: P 138 1 28 2339 -1 -1
G: P 139 1 -1 -1 30 1927
G: P 140 1 30 1931 -1 -1
G: D 141 1 -1 -1 -1 -1
G: D 142 1 -1 -1 -1 -1
G: D 143 1 -1 -1 -1 -1
G: K 144 1 31 3 31 867
G: K 145 1 31 866 31 1709
G: K 146 1 31 1721 31 3002
G: P 147 1 31 2991 -1 -1
G: D 148 1 -1 -1 -1 -1
G: P 149 1 -1 -1 32 571
G: K 150 1 32 610 32 1078
G: K 151 1 32 1167 32 1500
G: K 152 1 32 1503 32 2295
G: K 153 1 32 2294 32 2924
G: P 154 1 32 2927 -1 -1
G: D 155 1 -1 -1 -1 -1
G: D 156 1 -1 -1 -1 -1
G: D 157 1 -1 -1 -1 -1
G: D 158 1 -1 -1 -1 -1
G: P 476 -1 -1 -1 33 447
G: K 159 1 33 448 33 865
G: K 160 1 33 864 33 1470
G: K 161 1 33 1469 33 1733
G: K 162 1 33 1736 33 2117
G: P 163 1 33 2116 -1 -1
G: D 164 1 -1 -1 -1 -1
G: D 165 1 -1 -1 -1 -1
G: D 166 1 -1 -1 -1 -1
G: D 167 1 -1 -1 -1 -1
G: D 168 1 -1 -1 -1 -1
G: P 169 1 -1 -1 34 53
G: K 170 1 34 58 34 517
G: K 171 1 34 516 34 1998
G: K 172 1 34 1991 34 2645
G: K 173 1 34 2647 34 3409
G: P 174 1 34 3408 -1 -1
G: D 175 1 -1 -1 -1 -1
G: D 176 1 -1 -1 -1 -1
G: D 177 1 -1 -1 -1 -1
G: D 178 1 -1 -1 -1 -1
G: D 179 1 -1 -1 -1 -1
G: P 180 1 -1 -1 35 491
G: K 181 1 35 478 35 1402
G: K 182 1 35 1394 35 2669
G: K 183 1 35 2661 35 3414
G: P 184 1 35 3403 -1 -1
G: D 185 1 -1 -1 -1 -1
G: P 186 1 -1 -1 36 2142
G: D 187 1 -1 -1 -1 -1
G: P 188 1 -1 -1 37 269
G: K 189 1 37 271 37 1255
G: K 190 1 37 1229 37 2189
G: P 191 1 37 2357 -1 -1
G: P 192 1 -1 -1 38 2168
G: K 193 1 38 2169 39 124
G: D 194 1 -1 -1 -1 -1
G: D 195 1 -1 -1 -1 -1
G: P 196 1 -1 -1 40 222
G: K 197 1 40 224 40 404
G: K 198 1 40 406 40 787
G: P 199 1 40 1512 -1 -1
G: D 200 1 -1 -1 -1 -1
G: D 201 1 -1 -1 -1 -1
G: D 657 1 -1 -1 -1 -1
G: P 202 1 -1 -1 41 1179
G: P 203 1 41 1178 -1 -1
G: D 204 -1 -1 -1 -1 -1
G: D 528 -1 -1 -1 -1 -1
G: P 205 1 -1 -1 42 822
G: K 206 1 42 802 42 1312
G: K 207 -1 42 1304 42 1907
G: K 208 -1 42 1890 42 2811
G: P 209 -1 42 2810 -1 -1
G: D 210 1 -1 -1 -1 -1
G: D 211 1 -1 -1 -1 -1
G: D 212 1 -1 -1 -1 -1
G: D 213 1 -1 -1 -1 -1
G: P 214 1 -1 -1 43 88
G: K 215 1 43 80 43 1538
G: K 216 1 43 1521 43 2157
G: K 217 1 43 2175 43 3150
G: P 218 1 43 3152 -1 -1
G: P 219 1 -1 -1 44 204
G: P 220 1 44 221 -1 -1
G: P 221 1 -1 -1 45 373
G: K 222 1 45 329 45 794
G: K 223 -1 45 825 45 1110
G: K 224 1 45 1419 45 1854
G: K 225 1 45 1840 45 2773
G: P 226 1 45 2774 -1 -1
G: D 227 1 -1 -1 -1 -1
G: P 228 1 -1 -1 46 641
G: K 229 1 46 609 46 2121
G: P 230 1 46 2592 -1 -1
G: D 231 1 -1 -1 -1 -1
G: D 232 1 -1 -1 -1 -1
G: D 233 1 -1 -1 -1 -1
G: P 234 1 -1 -1 47 884
G: K 235 1 47 976 47 1282
G: K 236 1 47 1274 47 1580
G: K 237 1 47 1572 47 1878
G: K 238 1 47 1870 47 2764
G: P 239 1 47 2750 -1 -1
G: D 240 1 -1 -1 -1 -1
G: D 241 1 -1 -1 -1 -1
G: P 242 1 -1 -1 48 1768
G: K 243 -1 48 1764 48 2835
G: P 244 1 48 2887 -1 -1
G: P 245 1 -1 -1 49 577
G: P 246 1 49 1265 -1 -1
G: D 247 1 -1 -1 -1 -1
G: D 248 1 -1 -1 -1 -1
G: D 249 -1 -1 -1 -1 -1
G: D 250 -1 -1 -1 -1 -1
G: P 251 -1 -1 -1 50 1220
G: P 252 -1 50 1264 -1 -1
G: D 253 -1 -1 -1 -1 -1
G: D 254 -1 -1 -1 -1 -1
G: P 255 -1 -1 -1 51 1156
G: K 256 -1 51 1160 51 3194
G: P 257 1 51 3369 -1 -1
G: D 258 1 -1 -1 -1 -1
G: D 259 1 -1 -1 -1 -1
G: D 260 1 -1 -1 -1 -1
G: P 261 1 -1 -1 52 864
G: K 262 1 52 864 52 2241
G: P 263 1 52 2371 -1 -1
G: K 529 1 53 808 53 1468
G: P 264 1 53 1469 -1 -1
G: D 530 -1 -1 -1 -1 -1
G: D 265 1 -1 -1 -1 -1
G: P 266 1 -1 -1 54 229
G: K 772 -1 54 343 54 631
G: K 267 1 54 632 54 1526
G: K 268 1 54 1519 54 2125
G: K 269 -1 54 2057 54 2909
G: D 270 -1 -1 -1 -1 -1
G: D 271 -1 -1 -1 -1 -1
G: P 272 -1 -1 -1 55 615
G: K 273 -1 55 765 55 1812
G: P 274 -1 55 2192 -1 -1
G: D 275 -1 -1 -1 -1 -1
G: P 276 -1 -1 -1 56 113
G: K 277 -1 56 362 56 1385
G: K 278 -1 56 1402 56 2533
G: K 279 -1 56 2560 56 4012
G: P 280 -1 56 4094 -1 -1
G: P 281 -1 -1 -1 57 931
G: P 282 1 57 973 -1 -1
G: D 283 -1 -1 -1 -1 -1
G: D 284 -1 -1 -1 -1 -1
G: P 285 -1 -1 -1 58 852
G: K 286 -1 58 1513 58 1996
G: P 287 1 58 2327 -1 -1
G: D 288 1 -1 -1 -1 -1
G: D 289 1 -1 -1 -1 -1
G: P 290 1 -1 -1 59 196
G: K 291 1 59 227 59 482
G: P 292 1 -1 -1 60 909
G: K 293 1 60 898 60 1633
G: P 294 1 60 1622 -1 -1
G: D 295 -1 -1 -1 -1 -1
G: P 296 -1 -1 -1 61 355
G: K 297 -1 61 412 61 1159
G: K 298 -1 61 1151 61 2594
G: P 299 -1 61 2711 -1 -1
G: D 300 -1 -1 -1 -1 -1
G: D 301 -1 -1 -1 -1 -1
G: D 656 -1 -1 -1 -1 -1
G: P 302 -1 -1 -1 62 2800
G: P 303 -1 62 3002 -1 -1
G: D 304 -1 -1 -1 -1 -1
G: D 305 -1 -1 -1 -1 -1
G: P 306 -1 -1 -1 63 474
G: K 307 -1 63 452 63 1526
G: K 308 -1 63 1507 63 2308
G: P 309 -1 63 2433 -1 -1
G: D 310 -1 -1 -1 -1 -1
G: P 311 -1 -1 -1 64 2809
G: P 312 -1 64 2796 -1 -1
G: P 313 -1 -1 -1 65 1994
G: K 314 1 65 2047 65 2860
G: P 315 -1 65 2866 -1 -1
G: P 316 -1 -1 -1 66 1572
G: K 317 -1 66 1631 66 2504
G: P 318 -1 66 2548 -1 -1
G: D 319 -1 -1 -1 -1 -1
G: P 320 -1 -1 -1 67 84
G: K 321 -1 67 124 67 1954
G: P 322 -1 67 1968 -1 -1
G: D 323 -1 -1 -1 -1 -1
G: D 324 -1 -1 -1 -1 -1
G: P 325 -1 -1 -1 68 2442
G: D 771 1 -1 -1 -1 -1
G: D 326 -1 -1 -1 -1 -1
G: P 327 1 -1 -1 69 346
G: K 328 -1 69 1181 69 2018
G: K 329 -1 69 1953 69 3027
G: K 330 -1 69 3026 69 3194
G: P 331 -1 69 3210 -1 -1
G: D 774 1 -1 -1 -1 -1
G: D 332 -1 -1 -1 -1 -1
G: P 333 -1 -1 -1 70 760
G: K 334 -1 70 798 70 2196
G: K 335 -1 70 2199 70 2868
G: P 336 -1 70 2876 -1 -1
G: D 337 -1 -1 -1 -1 -1
G: P 338 -1 -1 -1 71 835
G: K 339 -1 71 824 71 1394
G: K 340 -1 71 1401 71 1623
G: K 341 1 71 1681 71 2719
G: P 342 1 71 2827 -1 -1
G: D 343 1 -1 -1 -1 -1
G: P 344 -1 -1 -1 72 2229
G: D 345 -1 -1 -1 -1 -1
G: P 346 -1 73 2 -1 -1
G: P 347 -1 -1 -1 74 1980
G: P 348 -1 74 2069 -1 -1
G: D 349 -1 -1 -1 -1 -1
G: D 350 -1 -1 -1 -1 -1
G: P 351 -1 -1 -1 75 1148
G: K 352 1 75 1191 75 1692
G: K 353 1 75 1682 75 2321
G: K 354 -1 75 2472 75 3480
G: D 355 1 -1 -1 -1 -1
G: D 356 1 -1 -1 -1 -1
G: P 357 -1 -1 -1 76 401
G: K 358 1 76 448 76 1003
G: K 359 1 76 1005 76 1524
G: K 360 -1 76 1517 76 1868
G: K 361 1 76 2016 76 2448
G: P 362 -1 76 2450 -1 -1
G: D 363 -1 -1 -1 -1 -1
G: P 364 -1 -1 -1 77 1115
G: K 365 1 77 1922 77 2552
G: P 366 1 77 2523 -1 -1
G: D 367 -1 -1 -1 -1 -1
G: D 368 1 -1 -1 -1 -1
G: D 369 1 -1 -1 -1 -1
G: D 370 1 -1 -1 -1 -1
G: D 371 -1 -1 -1 -1 -1
G: P 372 1 -1 -1 78 648
G: K 373 1 78 640 78 1591
G: K 477 1 78 1591 78 2161
G: P 374 1 78 2162 -1 -1
G: D 653 -1 -1 -1 -1 -1
G: P 375 -1 -1 -1 79 591
G: K 376 -1 79 580 79 1573
G: P 377 -1 79 1572 -1 -1
G: P 773 1 -1 -1 80 367
G: K 776 -1 80 367 80 1036
G: K 378 -1 80 1037 80 2018
G: K 379 -1 80 2004 80 2979
G: P 380 -1 80 2971 -1 -1
G: D 381 -1 -1 -1 -1 -1
G: D 382 -1 -1 -1 -1 -1
G: P 383 -1 -1 -1 81 618
G: K 384 -1 81 617 81 941
G: K 385 -1 81 946 81 1525
G: P 386 -1 81 1571 -1 -1
G: D 387 1 -1 -1 -1 -1
G: D 388 1 -1 -1 -1 -1
G: D 389 1 -1 -1 -1 -1
G: K 390 1 82 356 82 998
G: K 391 -1 82 994 82 1765
G: K 392 -1 82 1760 82 3107
G: P 393 -1 82 3106 -1 -1
G: D 394 -1 -1 -1 -1 -1
G: P 395 -1 -1 -1 83 3222
G: D 396 -1 -1 -1 -1 -1
G: D 397 -1 -1 -1 -1 -1
G: P 399 -1 -1 -1 84 567
G: K 400 -1 84 674 84 2021
G: P 401 -1 84 2037 -1 -1
G: D 402 -1 -1 -1 -1 -1
G: D 403 -1 -1 -1 -1 -1
G: P 404 -1 -1 -1 85 1084
G: K 405 -1 85 1454 85 1922
G: P 406 -1 85 1922 -1 -1
G: D 407 -1 -1 -1 -1 -1
G: P 408 -1 -1 -1 86 565
G: K 409 -1 86 566 86 1403
G: K 410 -1 86 1402 86 3007
G: P 411 -1 86 3022 -1 -1
G: D 412 -1 -1 -1 -1 -1
G: D 413 -1 -1 -1 -1 -1
G: D 414 -1 -1 -1 -1 -1
G: D 415 -1 -1 -1 -1 -1
G: P 416 -1 -1 -1 87 1328
G: K 417 1 87 1394 87 1883
G: K 418 -1 87 1879 87 2560
G: P 527 1 87 2561 -1 -1
G: D 419 -1 -1 -1 -1 -1
G: P 420 -1 -1 -1 88 237
G: K 421 -1 88 236 88 1382
G: P 422 -1 88 1502 -1 -1
G: P 423 -1 -1 -1 89 1499
G: K 424 -1 89 1554 89 1953
G: K 425 -1 89 1958 89 2399
G: P 426 -1 89 2436 -1 -1
G: P 427 -1 -1 -1 90 1597
G: P 428 -1 90 1562 -1 -1
G: P 429 -1 -1 -1 91 136
G: K 654 1 91 137 91 506
G: K 430 -1 91 507 91 768
G: K 431 1 91 956 91 2351
G: K 432 1 91 2373 91 2565
G: P 433 1 91 2600 -1 -1
G: D 434 1 -1 -1 -1 -1
G: D 435 -1 -1 -1 -1 -1
G: P 436 -1 -1 -1 92 727
G: K 437 -1 92 719 92 1463
G: P 438 -1 92 1522 -1 -1
G: D 439 1 -1 -1 -1 -1
G: D 440 1 -1 -1 -1 -1
G: D 441 1 -1 -1 -1 -1
G: P 442 1 -1 -1 93 1113
G: K 443 1 93 1132 93 2293
G: P 444 -1 93 2697 -1 -1
G: D 445 -1 -1 -1 -1 -1
G: D 446 -1 -1 -1 -1 -1
G: D 447 -1 -1 -1 -1 -1
G: P 448 -1 -1 -1 94 1058
G: K 449 -1 94 1073 94 1430
G: K 450 -1 94 1416 94 2130
G: P 451 -1 94 2129 -1 -1
G: D 452 -1 -1 -1 -1 -1
G: D 453 -1 -1 -1 -1 -1
G: K 454 -1 95 416 95 1289
G: K 455 -1 95 1288 95 2479
G: P 775 -1 95 2530 -1 -1
G: D 456 1 -1 -1 -1 -1
G: D 457 1 -1 -1 -1 -1
G: D 458 -1 -1 -1 -1 -1
G: P 459 1 -1 -1 96 254
G: K 460 -1 96 243 96 1248
G: P 461 -1 96 1800 -1 -1
G: D 462 -1 -1 -1 -1 -1
G: D 463 -1 -1 -1 -1 -1
G: P 464 1 -1 -1 97 49
G: K 465 -1 97 45 97 1356
G: K 466 -1 97 1339 97 2794
G: P 467 -1 97 2780 -1 -1
G: D 468 -1 -1 -1 -1 -1
G: D 469 -1 -1 -1 -1 -1
G: D 470 -1 -1 -1 -1 -1
G: P 471 -1 -1 -1 98 129
G: P 472 -1 98 132 -1 -1
G: P 473 -1 -1 -1 99 382
G: K 474 -1 99 444 99 1773
G: P 475 -1 99 2415 -1 -1
