The input genome is 602903 bp long, 301451 will be kept.
min distance 298
----------------------------------------
fragments: id start end
F: 0 2481 5463
F: 1 8619 12333
F: 2 15367 18492
F: 3 21225 24652
F: 4 27866 31006
F: 5 34441 38000
F: 6 40596 43270
F: 7 45882 48637
F: 8 51874 54472
F: 9 57137 59769
F: 10 63500 66896
F: 11 69450 72100
F: 12 74793 77797
F: 13 80633 83504
F: 14 87017 90449
F: 15 93220 96678
F: 16 100294 103709
F: 17 105819 108860
F: 18 111838 115407
F: 19 118686 121629
F: 20 124437 127386
F: 21 130100 132600
F: 22 135232 138352
F: 23 141743 144544
F: 24 147212 149754
F: 25 152437 155462
F: 26 158054 160569
F: 27 162583 165531
F: 28 169353 173023
F: 29 176557 180034
F: 30 183312 185987
F: 31 189316 192334
F: 32 195031 198005
F: 33 201441 203853
F: 34 206498 210060
F: 35 212810 216265
F: 36 219120 222278
F: 37 226047 229087
F: 38 231636 234282
F: 39 236737 239305
F: 40 243730 246407
F: 41 249293 252293
F: 42 255680 258536
F: 43 261623 264906
F: 44 268227 271149
F: 45 274614 277437
F: 46 280659 283750
F: 47 287342 290295
F: 48 293497 296415
F: 49 299595 302657
F: 50 305924 308223
F: 51 311235 314773
F: 52 317732 321257
F: 53 324509 327385
F: 54 330371 333298
F: 55 336149 339056
F: 56 341810 346257
F: 57 348486 351113
F: 58 353962 356787
F: 59 359665 362880
F: 60 365242 367736
F: 61 371292 374702
F: 62 378291 381927
F: 63 385134 388331
F: 64 391399 394575
F: 65 397149 400429
F: 66 402581 405559
F: 67 408272 410539
F: 68 413364 416207
F: 69 419820 423133
F: 70 426684 430151
F: 71 433256 436279
F: 72 439189 441549
F: 73 445186 448199
F: 74 451413 453956
F: 75 457452 460999
F: 76 464013 467184
F: 77 469814 472759
F: 78 476172 479071
F: 79 481609 484830
F: 80 487771 491215
F: 81 494637 497734
F: 82 501124 504417
F: 83 507300 510552
F: 84 513612 516476
F: 85 519559 522087
F: 86 524654 527805
F: 87 530562 533250
F: 88 536263 539126
F: 89 541682 544467
F: 90 547220 550428
F: 91 552899 555863
F: 92 559041 561448
F: 93 563998 566942
F: 94 570008 572332
F: 95 575346 577946
F: 96 581245 584469
F: 97 587486 590536
F: 98 593570 596362
F: 99 599626 602605
----------------------------------------
genes: [Kept,Partial,Discared] locus strand fragment1 start_pos fragment2 end_pos 
G: D 0 1 -1 -1 -1 -1
G: P 1 1 -1 -1 0 288
G: K 2 1 0 372 0 2355
G: P 3 1 0 2369 -1 -1
G: P 4 1 -1 -1 1 33
G: K 5 1 1 36 1 678
G: K 6 1 1 650 1 1412
G: K 7 1 1 1414 1 2758
G: K 8 1 1 2757 1 3549
G: P 9 1 1 3577 -1 -1
G: D 10 -1 -1 -1 -1 -1
G: D 11 -1 -1 -1 -1 -1
G: P 12 -1 -1 -1 2 5
G: K 13 1 2 343 2 2215
G: K 597 -1 2 2260 2 2737
G: P 14 1 2 2738 -1 -1
G: P 15 1 -1 -1 3 1767
G: K 16 1 3 1808 3 3017
G: P 17 1 3 3000 -1 -1
G: D 18 1 -1 -1 -1 -1
G: D 19 1 -1 -1 -1 -1
G: P 20 1 -1 -1 4 247
G: K 21 1 4 247 4 1351
G: K 22 1 4 1553 4 2462
G: K 23 1 4 2465 4 3038
G: P 24 1 4 3006 -1 -1
G: D 25 1 -1 -1 -1 -1
G: D 26 -1 -1 -1 -1 -1
G: D 27 -1 -1 -1 -1 -1
G: P 28 -1 -1 -1 5 3083
G: P 29 1 5 3345 -1 -1
G: P 30 1 -1 -1 6 168
G: K 31 -1 6 133 6 787
G: K 32 1 6 815 6 2081
G: P 33 1 6 2070 -1 -1
G: D 34 1 -1 -1 -1 -1
G: P 35 -1 -1 -1 7 1348
G: K 36 -1 7 1338 7 2499
G: P 37 1 7 2657 -1 -1
G: D 38 1 -1 -1 -1 -1
G: P 39 1 -1 -1 8 647
G: K 40 1 8 651 8 1512
G: K 41 1 8 1492 8 2365
G: P 42 1 8 2349 -1 -1
G: D 43 1 -1 -1 -1 -1
G: P 44 1 -1 -1 9 628
G: K 45 -1 9 857 9 2231
G: P 46 1 9 2283 -1 -1
G: D 47 1 -1 -1 -1 -1
G: D 48 1 -1 -1 -1 -1
G: D 601 -1 -1 -1 -1 -1
G: D 49 1 -1 -1 -1 -1
G: P 50 1 -1 -1 10 983
G: K 51 -1 10 959 10 1910
G: K 52 -1 10 1913 10 2291
G: K 53 -1 10 2297 10 2447
G: K 54 -1 10 2460 10 2847
G: P 55 -1 10 2833 -1 -1
G: D 56 -1 -1 -1 -1 -1
G: D 57 -1 -1 -1 -1 -1
G: D 58 -1 -1 -1 -1 -1
G: P 59 1 -1 -1 11 584
G: K 60 -1 11 565 11 2281
G: P 61 1 11 2585 -1 -1
G: P 62 1 -1 -1 12 204
G: P 63 1 12 459 -1 -1
G: P 64 1 -1 -1 13 168
G: K 65 1 13 171 13 2118
G: P 66 1 13 2128 -1 -1
G: D 67 1 -1 -1 -1 -1
G: P 68 1 14 2965 -1 -1
G: P 69 1 -1 -1 15 529
G: K 70 1 15 533 15 3227
G: P 71 1 15 3213 -1 -1
G: P 72 1 -1 -1 16 565
G: K 73 1 16 567 16 975
G: P 74 1 16 1038 -1 -1
G: D 75 -1 -1 -1 -1 -1
G: P 76 1 -1 -1 17 497
G: K 77 1 17 489 17 1626
G: K 600 1 17 1626 17 2031
G: P 78 1 17 2032 -1 -1
G: D 79 1 -1 -1 -1 -1
G: P 598 -1 -1 -1 18 824
G: K 80 1 18 825 18 1245
G: K 81 1 18 1244 18 1925
G: K 82 1 18 1924 18 2494
G: K 83 1 18 2486 18 3362
G: P 84 1 18 3362 -1 -1
G: D 85 1 -1 -1 -1 -1
G: D 86 1 -1 -1 -1 -1
G: D 87 1 -1 -1 -1 -1
G: P 88 1 -1 -1 19 1623
G: K 89 1 19 1674 19 2307
G: K 90 1 19 2307 19 2799
G: P 91 1 19 2788 -1 -1
G: D 92 1 -1 -1 -1 -1
G: D 93 1 -1 -1 -1 -1
G: P 94 1 -1 -1 20 403
G: K 95 1 20 586 20 2560
G: P 96 1 20 2616 -1 -1
G: D 97 1 -1 -1 -1 -1
G: P 98 1 -1 -1 21 690
G: K 99 1 21 682 21 2119
G: P 100 1 21 2090 -1 -1
G: D 101 1 -1 -1 -1 -1
G: D 102 1 -1 -1 -1 -1
G: D 103 1 -1 -1 -1 -1
G: P 104 1 -1 -1 22 1891
G: K 105 1 22 1898 22 2501
G: K 106 -1 22 2472 22 3081
G: D 107 1 -1 -1 -1 -1
G: D 108 1 -1 -1 -1 -1
G: D 109 1 -1 -1 -1 -1
G: D 110 1 -1 -1 -1 -1
G: P 111 1 -1 -1 23 1342
G: K 113 1 23 1355 23 2735
G: P 114 1 23 2670 -1 -1
G: D 115 1 -1 -1 -1 -1
G: D 116 1 -1 -1 -1 -1
G: D 117 1 -1 -1 -1 -1
G: P 118 1 -1 -1 24 871
G: P 119 1 24 885 -1 -1
G: D 120 1 -1 -1 -1 -1
G: D 121 1 -1 -1 -1 -1
G: P 122 1 -1 -1 25 2076
G: P 123 1 25 2050 -1 -1
G: D 124 1 -1 -1 -1 -1
G: D 125 1 -1 -1 -1 -1
G: P 126 -1 -1 -1 26 160
G: K 127 1 26 195 26 636
G: K 596 -1 26 642 26 1578
G: K 128 1 26 1579 26 2371
G: P 129 1 26 2370 -1 -1
G: D 130 1 -1 -1 -1 -1
G: K 131 -1 27 211 27 640
G: K 132 -1 27 620 27 1415
G: K 133 1 27 1434 27 1737
G: K 134 -1 27 1708 27 2569
G: P 135 1 27 2617 -1 -1
G: D 136 1 -1 -1 -1 -1
G: P 137 1 -1 -1 28 344
G: K 138 1 28 427 28 2161
G: P 139 1 -1 -1 30 192
G: K 140 1 30 196 30 1804
G: K 141 1 30 1803 30 2085
G: P 142 1 30 2068 -1 -1
G: D 143 1 -1 -1 -1 -1
G: D 144 1 -1 -1 -1 -1
G: D 145 1 -1 -1 -1 -1
G: K 146 1 31 3 31 1305
G: K 147 1 31 1291 31 2434
G: P 148 1 31 2472 -1 -1
G: D 149 1 -1 -1 -1 -1
G: P 495 1 -1 -1 32 1499
G: K 150 1 32 1500 32 1974
G: K 151 1 32 2063 32 2393
G: P 152 1 32 2396 -1 -1
G: D 153 1 -1 -1 -1 -1
G: D 154 1 -1 -1 -1 -1
G: D 155 1 -1 -1 -1 -1
G: D 156 1 -1 -1 -1 -1
G: D 157 1 -1 -1 -1 -1
G: P 158 1 -1 -1 33 133
G: K 159 1 33 138 33 555
G: K 160 1 33 554 33 1172
G: K 161 1 33 1171 33 1429
G: K 162 1 33 1432 33 1795
G: K 163 1 33 1794 33 2121
G: P 164 1 33 2126 -1 -1
G: D 165 1 -1 -1 -1 -1
G: D 166 1 -1 -1 -1 -1
G: D 167 1 -1 -1 -1 -1
G: D 168 1 -1 -1 -1 -1
G: D 169 1 -1 -1 -1 -1
G: P 170 1 -1 -1 34 269
G: K 171 1 34 268 34 1747
G: K 172 1 34 1740 34 2403
G: K 173 1 34 2405 34 3176
G: K 174 1 34 3175 34 3391
G: K 175 1 34 3401 34 3515
G: P 176 1 34 3514 -1 -1
G: D 177 1 -1 -1 -1 -1
G: D 178 1 -1 -1 -1 -1
G: D 499 -1 -1 -1 -1 -1
G: P 179 1 -1 -1 35 51
G: K 180 1 35 34 35 871
G: K 181 1 35 855 35 1770
G: K 182 1 35 1762 35 3034
G: P 183 1 35 3026 -1 -1
G: D 184 1 -1 -1 -1 -1
G: P 185 1 -1 -1 36 257
G: K 186 1 36 356 36 2513
G: D 595 1 -1 -1 -1 -1
G: P 187 1 -1 -1 37 62
G: K 188 1 37 54 37 1812
G: K 189 1 37 1814 37 2807
G: P 190 1 37 2775 -1 -1
G: D 191 1 -1 -1 -1 -1
G: D 192 1 -1 -1 -1 -1
G: P 193 1 -1 -1 39 1803
G: D 194 1 -1 -1 -1 -1
G: P 736 1 -1 -1 40 939
G: P 195 1 40 940 -1 -1
G: D 196 1 -1 -1 -1 -1
G: D 197 1 -1 -1 -1 -1
G: D 198 1 -1 -1 -1 -1
G: P 199 1 -1 -1 41 1537
G: K 200 1 41 1548 41 2208
G: K 201 1 41 2217 41 2586
G: P 202 1 41 2713 -1 -1
G: P 203 1 -1 -1 42 618
G: K 204 -1 42 614 42 1655
G: P 205 1 42 1690 -1 -1
G: D 206 1 -1 -1 -1 -1
G: D 207 -1 -1 -1 -1 -1
G: D 208 -1 -1 -1 -1 -1
G: P 209 -1 -1 -1 43 99
G: K 210 1 43 299 43 968
G: K 211 1 43 967 43 1159
G: K 212 1 43 1160 43 1604
G: K 213 1 43 1606 43 1954
G: K 214 1 43 1946 43 2762
G: P 215 1 43 2754 -1 -1
G: D 216 1 -1 -1 -1 -1
G: D 217 1 -1 -1 -1 -1
G: P 218 1 -1 -1 44 755
G: K 219 1 44 1674 44 2823
G: K 220 1 44 2840 45 1955
G: P 221 1 45 1957 -1 -1
G: D 222 1 -1 -1 -1 -1
G: D 223 -1 -1 -1 -1 -1
G: D 224 1 -1 -1 -1 -1
G: D 225 1 -1 -1 -1 -1
G: P 226 1 -1 -1 46 575
G: K 602 1 46 576 46 1089
G: K 227 1 46 1090 46 2200
G: P 228 1 46 2245 -1 -1
G: D 229 1 -1 -1 -1 -1
G: D 230 1 -1 -1 -1 -1
G: P 231 1 -1 -1 47 326
G: K 232 1 47 331 47 1354
G: K 233 1 47 1357 47 1828
G: P 234 1 47 1846 -1 -1
G: D 739 1 -1 -1 -1 -1
G: D 235 1 -1 -1 -1 -1
G: D 236 1 -1 -1 -1 -1
G: D 237 1 -1 -1 -1 -1
G: P 238 1 -1 -1 48 409
G: K 239 1 48 395 48 815
G: K 240 1 48 807 48 1692
G: P 241 1 48 1721 -1 -1
G: D 242 1 -1 -1 -1 -1
G: P 243 -1 -1 -1 49 517
G: K 244 1 49 569 49 2438
G: P 245 1 49 2443 -1 -1
G: D 738 -1 -1 -1 -1 -1
G: P 246 1 -1 -1 50 1422
G: K 247 1 50 1424 50 1934
G: P 248 1 50 1923 -1 -1
G: D 249 -1 -1 -1 -1 -1
G: D 250 -1 -1 -1 -1 -1
G: P 251 -1 -1 -1 51 323
G: K 252 -1 51 367 51 2212
G: P 253 -1 51 2201 -1 -1
G: D 254 -1 -1 -1 -1 -1
G: D 255 -1 -1 -1 -1 -1
G: P 256 -1 -1 -1 52 1147
G: K 257 1 52 1322 52 2447
G: K 258 1 52 2550 52 3009
G: P 259 1 52 3175 -1 -1
G: D 260 1 -1 -1 -1 -1
G: D 261 1 -1 -1 -1 -1
G: D 262 1 -1 -1 -1 -1
G: K 263 1 53 106 53 2428
G: P 264 1 -1 -1 54 2134
G: P 265 1 54 2140 -1 -1
G: D 266 1 -1 -1 -1 -1
G: D 267 1 -1 -1 -1 -1
G: D 268 1 -1 -1 -1 -1
G: P 269 -1 -1 -1 55 559
G: P 270 -1 55 577 -1 -1
G: D 271 -1 -1 -1 -1 -1
G: D 272 -1 -1 -1 -1 -1
G: D 273 -1 -1 -1 -1 -1
G: P 274 -1 -1 -1 56 990
G: K 275 -1 56 1000 56 2395
G: K 276 -1 56 2398 56 3589
G: P 277 -1 56 3838 -1 -1
G: D 278 -1 -1 -1 -1 -1
G: P 279 -1 -1 -1 57 728
G: K 280 -1 57 810 57 1353
G: P 281 -1 57 1366 -1 -1
G: P 282 1 -1 -1 58 1029
G: K 283 -1 58 1025 58 1688
G: K 284 -1 58 1680 58 2490
G: P 285 -1 58 2547 -1 -1
G: D 286 -1 -1 -1 -1 -1
G: K 287 1 59 56 59 1514
G: K 288 1 59 1734 59 2133
G: K 289 1 59 2095 59 3139
G: P 290 1 59 3141 -1 -1
G: D 291 1 -1 -1 -1 -1
G: D 292 1 -1 -1 -1 -1
G: D 293 1 -1 -1 -1 -1
G: P 294 1 -1 -1 61 765
G: K 295 -1 61 761 61 1184
G: P 296 -1 61 1183 -1 -1
G: D 297 -1 -1 -1 -1 -1
G: D 298 -1 -1 -1 -1 -1
G: P 299 -1 -1 -1 62 377
G: K 300 -1 62 379 62 769
G: K 301 -1 62 888 62 1956
G: P 302 -1 62 1962 -1 -1
G: D 303 -1 -1 -1 -1 -1
G: P 304 -1 -1 -1 63 558
G: K 305 -1 63 559 63 1576
G: K 306 -1 63 1606 63 2587
G: P 307 -1 63 2565 -1 -1
G: D 308 -1 -1 -1 -1 -1
G: P 309 -1 -1 -1 64 120
G: K 310 -1 64 207 64 1410
G: P 311 -1 64 1412 -1 -1
G: P 312 -1 -1 -1 65 455
G: P 313 -1 65 461 -1 -1
G: D 314 1 -1 -1 -1 -1
G: P 315 -1 -1 -1 66 224
G: P 316 -1 66 246 -1 -1
G: D 317 -1 -1 -1 -1 -1
G: P 318 -1 -1 -1 67 319
G: K 319 -1 67 342 67 1251
G: P 320 -1 67 1171 -1 -1
G: D 321 -1 -1 -1 -1 -1
G: D 322 -1 -1 -1 -1 -1
G: P 323 -1 -1 -1 68 442
G: K 324 -1 68 545 68 1436
G: P 325 -1 68 1756 -1 -1
G: P 326 -1 -1 -1 69 656
G: K 327 1 69 712 69 1396
G: K 328 -1 69 2231 69 3074
G: P 329 -1 69 3015 -1 -1
G: D 330 -1 -1 -1 -1 -1
G: D 331 -1 -1 -1 -1 -1
G: D 332 -1 -1 -1 -1 -1
G: P 333 -1 -1 -1 70 1414
G: K 334 -1 70 1452 70 2829
G: P 335 -1 70 2832 -1 -1
G: D 336 -1 -1 -1 -1 -1
G: D 337 -1 -1 -1 -1 -1
G: P 338 -1 -1 -1 71 1430
G: K 339 -1 71 1419 71 2013
G: K 340 -1 71 2020 71 2242
G: P 341 1 71 2300 -1 -1
G: D 342 1 -1 -1 -1 -1
G: P 498 1 -1 -1 72 62
G: K 343 1 72 63 72 480
G: P 344 -1 72 466 -1 -1
G: D 345 -1 -1 -1 -1 -1
G: K 497 -1 73 9 73 786
G: K 346 -1 73 2795 74 471
G: P 347 -1 74 480 -1 -1
G: D 348 -1 -1 -1 -1 -1
G: P 349 -1 -1 -1 75 332
G: K 350 -1 75 335 75 1163
G: P 351 -1 75 1173 -1 -1
G: D 352 1 -1 -1 -1 -1
G: D 353 1 -1 -1 -1 -1
G: D 354 -1 -1 -1 -1 -1
G: K 355 1 76 81 76 1308
G: K 356 1 76 1307 76 2246
G: K 357 -1 76 2463 76 3141
G: D 358 1 -1 -1 -1 -1
G: D 359 1 -1 -1 -1 -1
G: D 360 -1 -1 -1 -1 -1
G: D 361 1 -1 -1 -1 -1
G: P 362 -1 -1 -1 77 1543
G: K 363 -1 77 1696 77 2542
G: P 364 -1 77 2554 -1 -1
G: D 365 1 -1 -1 -1 -1
G: D 366 1 -1 -1 -1 -1
G: P 367 -1 -1 -1 78 971
G: K 368 1 78 1090 78 1600
G: K 369 1 78 1622 78 1991
G: K 370 1 78 1993 78 2167
G: K 371 -1 78 2181 78 2460
G: P 372 1 78 2523 -1 -1
G: D 373 1 -1 -1 -1 -1
G: P 374 1 -1 -1 79 703
G: K 375 -1 79 726 79 1530
G: K 376 -1 79 1519 79 2518
G: P 377 -1 79 2517 -1 -1
G: D 735 1 -1 -1 -1 -1
G: D 740 1 -1 -1 -1 -1
G: D 378 -1 -1 -1 -1 -1
G: P 379 -1 -1 -1 80 744
G: K 380 -1 80 736 80 1906
G: K 381 -1 80 1895 80 2753
G: P 382 -1 80 2753 -1 -1
G: D 383 -1 -1 -1 -1 -1
G: D 384 -1 -1 -1 -1 -1
G: D 385 -1 -1 -1 -1 -1
G: P 386 -1 -1 -1 81 1017
G: K 387 1 81 1045 81 2905
G: P 388 1 81 2897 -1 -1
G: D 389 1 -1 -1 -1 -1
G: D 390 1 -1 -1 -1 -1
G: D 391 -1 -1 -1 -1 -1
G: P 392 -1 -1 -1 82 814
G: K 394 -1 82 984 82 1704
G: K 395 -1 82 1706 83 519
G: K 396 -1 83 805 83 1705
G: K 397 -1 83 1692 83 2163
G: K 398 -1 83 2146 83 2533
G: P 399 -1 83 2536 -1 -1
G: D 400 -1 -1 -1 -1 -1
G: P 401 -1 -1 -1 84 1357
G: K 402 -1 84 1369 84 1702
G: P 403 -1 84 1827 -1 -1
G: D 404 -1 -1 -1 -1 -1
G: D 405 -1 -1 -1 -1 -1
G: P 406 -1 -1 -1 85 1266
G: K 407 -1 85 1267 85 1675
G: P 408 -1 85 1679 -1 -1
G: D 737 1 -1 -1 -1 -1
G: P 409 -1 -1 -1 86 602
G: K 410 -1 86 601 86 2167
G: K 411 -1 86 2182 86 2713
G: P 412 -1 86 2705 -1 -1
G: D 413 -1 -1 -1 -1 -1
G: D 414 -1 -1 -1 -1 -1
G: D 415 -1 -1 -1 -1 -1
G: P 416 -1 -1 -1 87 485
G: K 417 1 87 551 87 1037
G: K 418 -1 87 1033 87 1714
G: P 419 -1 87 1716 -1 -1
G: D 420 -1 -1 -1 -1 -1
G: P 421 -1 -1 -1 88 156
G: P 422 -1 88 276 -1 -1
G: P 423 -1 -1 -1 89 105
G: K 424 -1 89 160 89 559
G: K 425 -1 89 564 89 1011
G: P 426 -1 89 1048 -1 -1
G: D 496 -1 -1 -1 -1 -1
G: P 427 -1 -1 -1 90 432
G: K 428 -1 90 403 90 3016
G: P 429 -1 90 3053 -1 -1
G: D 430 -1 -1 -1 -1 -1
G: P 431 1 -1 -1 91 951
G: K 432 1 91 973 91 1159
G: K 433 1 91 1194 91 1623
G: K 434 1 91 1733 91 2249
G: P 435 -1 91 2245 -1 -1
G: D 436 -1 -1 -1 -1 -1
G: P 437 -1 -1 -1 92 169
G: K 438 -1 92 228 92 1449
G: P 439 1 92 1534 -1 -1
G: D 440 1 -1 -1 -1 -1
G: D 441 1 -1 -1 -1 -1
G: D 442 1 -1 -1 -1 -1
G: P 443 1 -1 -1 93 1141
G: K 444 -1 93 1545 93 2376
G: P 445 -1 93 2375 -1 -1
G: D 446 -1 -1 -1 -1 -1
G: D 447 -1 -1 -1 -1 -1
G: D 448 -1 -1 -1 -1 -1
G: P 449 -1 -1 -1 94 290
G: K 450 -1 94 270 94 993
G: K 451 -1 94 992 94 1286
G: P 452 -1 94 1896 -1 -1
G: D 453 -1 -1 -1 -1 -1
G: P 454 -1 -1 -1 95 234
G: K 455 -1 95 233 95 1406
G: K 456 1 95 1458 95 2250
G: P 457 1 95 2234 -1 -1
G: D 458 -1 -1 -1 -1 -1
G: D 459 1 -1 -1 -1 -1
G: D 460 -1 -1 -1 -1 -1
G: K 461 -1 96 430 96 2581
G: P 462 -1 96 2758 -1 -1
G: D 463 -1 -1 -1 -1 -1
G: D 464 1 -1 -1 -1 -1
G: D 465 -1 -1 -1 -1 -1
G: P 466 -1 -1 -1 97 1445
G: K 467 -1 97 1431 97 2238
G: P 468 -1 97 2230 -1 -1
G: D 469 -1 -1 -1 -1 -1
G: D 470 -1 -1 -1 -1 -1
G: D 471 -1 -1 -1 -1 -1
G: P 599 -1 -1 -1 98 147
G: P 472 -1 98 148 -1 -1
G: P 473 -1 -1 -1 99 388
G: K 474 -1 99 450 99 1782
G: P 475 -1 99 2424 -1 -1
