The input genome is 600834 bp long, 300417 will be kept.
min distance 297
----------------------------------------
fragments: id start end
F: 0 2480 5462
F: 1 8705 12373
F: 2 15406 18531
F: 3 21263 24690
F: 4 27878 31018
F: 5 34487 38011
F: 6 40606 43280
F: 7 45891 48646
F: 8 51882 54480
F: 9 57273 59905
F: 10 63635 67031
F: 11 69540 72190
F: 12 74874 77776
F: 13 80516 83334
F: 14 86760 90192
F: 15 92847 96305
F: 16 100003 103418
F: 17 105523 108564
F: 18 111443 115012
F: 19 118338 121250
F: 20 124010 126959
F: 21 129575 132034
F: 22 134665 137785
F: 23 141110 143904
F: 24 146488 149030
F: 25 151647 154672
F: 26 157116 159542
F: 27 161555 164503
F: 28 167997 171664
F: 29 175309 178786
F: 30 182063 184738
F: 31 188066 191084
F: 32 193915 196889
F: 33 200274 202686
F: 34 205462 208974
F: 35 211522 214926
F: 36 217792 220950
F: 37 224702 227742
F: 38 230368 233014
F: 39 235625 238193
F: 40 242703 245361
F: 41 248234 251234
F: 42 254599 257452
F: 43 260538 263821
F: 44 267045 269967
F: 45 273405 276228
F: 46 279464 282540
F: 47 286221 289174
F: 48 292370 295288
F: 49 298465 301527
F: 50 304816 307115
F: 51 310126 313664
F: 52 316607 320132
F: 53 323522 326302
F: 54 329287 332214
F: 55 335071 337978
F: 56 340803 345178
F: 57 347322 349949
F: 58 352742 355557
F: 59 358559 361774
F: 60 364135 366629
F: 61 370244 373578
F: 62 377171 380807
F: 63 383973 387170
F: 64 390287 393417
F: 65 396025 399284
F: 66 401414 404392
F: 67 407022 409289
F: 68 412113 414956
F: 69 418480 421792
F: 70 425357 428824
F: 71 431909 434932
F: 72 437902 440262
F: 73 443739 446752
F: 74 449965 452508
F: 75 456069 459616
F: 76 462629 465800
F: 77 468382 471327
F: 78 474641 477540
F: 79 480092 483313
F: 80 486284 489728
F: 81 493149 496246
F: 82 499621 502914
F: 83 505696 508948
F: 84 511908 514772
F: 85 517813 520341
F: 86 522744 525895
F: 87 528651 531339
F: 88 534316 537179
F: 89 539659 542444
F: 90 545250 548375
F: 91 550931 553895
F: 92 557073 559480
F: 93 562113 564973
F: 94 568038 570362
F: 95 573436 576036
F: 96 579292 582516
F: 97 585454 588504
F: 98 591537 594329
F: 99 597558 600537
----------------------------------------
genes: [Kept,Partial,Discared] locus strand fragment1 start_pos fragment2 end_pos 
G: D 0 1 -1 -1 -1 -1
G: P 1 1 -1 -1 0 304
G: K 2 1 0 388 0 2428
G: P 3 1 0 2442 -1 -1
G: P 4 1 -1 -1 1 85
G: K 5 1 1 88 1 727
G: K 6 1 1 699 1 1464
G: K 7 1 1 1466 1 2816
G: K 8 1 1 2815 1 3610
G: P 9 1 1 3638 -1 -1
G: D 10 -1 -1 -1 -1 -1
G: D 11 -1 -1 -1 -1 -1
G: P 12 -1 -1 -1 2 110
G: K 13 1 2 448 2 2320
G: P 14 1 2 2366 -1 -1
G: P 15 1 -1 -1 3 1465
G: K 16 1 3 1506 3 2700
G: P 17 1 3 2680 -1 -1
G: D 18 1 -1 -1 -1 -1
G: D 19 1 -1 -1 -1 -1
G: D 20 1 -1 -1 -1 -1
G: P 21 1 -1 -1 4 1093
G: K 22 1 4 1295 4 2207
G: K 23 1 4 2210 4 2786
G: P 24 1 4 2751 -1 -1
G: D 25 1 -1 -1 -1 -1
G: D 26 -1 -1 -1 -1 -1
G: D 27 -1 -1 -1 -1 -1
G: P 28 -1 -1 -1 5 2851
G: P 29 1 5 3113 -1 -1
G: D 30 1 -1 -1 -1 -1
G: P 31 -1 -1 -1 6 612
G: K 32 1 6 640 6 1915
G: P 33 1 6 1904 -1 -1
G: D 34 1 -1 -1 -1 -1
G: P 35 -1 -1 -1 7 1240
G: K 36 -1 7 1224 7 2397
G: P 37 1 7 2555 -1 -1
G: D 38 1 -1 -1 -1 -1
G: P 39 1 -1 -1 8 573
G: K 40 1 8 577 8 1438
G: K 41 1 8 1418 8 2285
G: P 42 1 8 2269 -1 -1
G: D 43 1 -1 -1 -1 -1
G: P 44 1 -1 -1 9 441
G: K 45 -1 9 670 9 2071
G: P 46 1 9 2123 -1 -1
G: D 47 1 -1 -1 -1 -1
G: D 48 1 -1 -1 -1 -1
G: D 49 1 -1 -1 -1 -1
G: P 50 1 -1 -1 10 521
G: K 51 -1 10 497 10 1463
G: K 52 -1 10 1466 10 1856
G: K 53 -1 10 1862 10 2009
G: K 54 -1 10 2022 10 2421
G: K 55 -1 10 2404 10 3259
G: P 56 -1 10 3240 -1 -1
G: D 57 -1 -1 -1 -1 -1
G: D 58 -1 -1 -1 -1 -1
G: P 59 1 -1 -1 11 239
G: K 60 -1 11 217 11 1924
G: P 61 1 11 2228 -1 -1
G: D 62 1 -1 -1 -1 -1
G: P 63 1 12 129 -1 -1
G: D 64 1 -1 -1 -1 -1
G: P 65 1 -1 -1 13 1953
G: P 66 1 13 1963 -1 -1
G: D 67 1 -1 -1 -1 -1
G: P 68 1 14 2925 -1 -1
G: P 69 1 -1 -1 15 569
G: K 70 1 15 573 15 3252
G: P 71 1 15 3238 -1 -1
G: P 72 1 -1 -1 16 478
G: K 73 1 16 480 16 894
G: P 74 1 16 957 -1 -1
G: D 75 -1 -1 -1 -1 -1
G: P 76 1 -1 -1 17 442
G: K 77 1 17 434 17 1571
G: K 78 1 17 1572 17 2781
G: P 79 1 17 2780 -1 -1
G: D 80 1 -1 -1 -1 -1
G: P 81 1 -1 -1 18 643
G: K 82 1 18 642 18 1206
G: K 83 1 18 1198 18 2074
G: K 84 1 18 2074 18 3028
G: P 85 1 18 3020 -1 -1
G: D 86 1 -1 -1 -1 -1
G: D 87 1 -1 -1 -1 -1
G: P 88 1 -1 -1 19 291
G: K 89 1 19 342 19 1002
G: K 90 1 19 1002 19 1506
G: K 91 1 19 1495 19 1813
G: K 92 1 19 1815 19 2265
G: P 93 1 19 2248 -1 -1
G: D 94 1 -1 -1 -1 -1
G: P 95 1 -1 -1 20 1361
G: K 96 1 20 1417 20 2158
G: P 97 1 20 2257 -1 -1
G: D 98 1 -1 -1 -1 -1
G: P 99 1 -1 -1 21 1060
G: K 100 1 21 1034 21 1709
G: P 101 1 21 1698 -1 -1
G: D 102 1 -1 -1 -1 -1
G: D 103 1 -1 -1 -1 -1
G: P 104 1 -1 -1 22 862
G: K 105 1 22 869 22 1505
G: K 106 -1 22 1479 22 2067
G: K 107 1 22 2107 22 2674
G: P 108 1 22 2673 -1 -1
G: D 109 1 -1 -1 -1 -1
G: D 110 1 -1 -1 -1 -1
G: P 111 1 -1 -1 23 337
G: K 112 1 23 326 23 953
G: K 113 1 23 966 23 2346
G: P 114 1 23 2281 -1 -1
G: D 577 -1 -1 -1 -1 -1
G: D 115 1 -1 -1 -1 -1
G: D 116 1 -1 -1 -1 -1
G: D 117 1 -1 -1 -1 -1
G: P 118 1 -1 -1 24 816
G: K 119 1 24 830 24 2531
G: P 845 1 24 2536 -1 -1
G: D 120 1 -1 -1 -1 -1
G: P 121 1 -1 -1 25 575
G: K 122 1 25 614 25 2792
G: P 123 1 25 2766 -1 -1
G: D 124 1 -1 -1 -1 -1
G: D 125 1 -1 -1 -1 -1
G: P 126 -1 -1 -1 26 1042
G: K 127 1 26 1077 26 1530
G: K 128 1 26 1537 26 2329
G: P 129 1 26 2328 -1 -1
G: D 130 1 -1 -1 -1 -1
G: K 131 -1 27 295 27 724
G: K 132 -1 27 698 27 1523
G: K 133 1 27 1542 27 1848
G: K 134 -1 27 1816 27 2695
G: P 135 1 27 2743 -1 -1
G: D 136 1 -1 -1 -1 -1
G: P 137 1 -1 -1 28 840
G: K 138 1 28 923 28 2687
G: P 844 -1 28 2758 -1 -1
G: D 717 -1 -1 -1 -1 -1
G: P 139 1 -1 -1 30 2477
G: P 140 1 30 2481 -1 -1
G: D 141 1 -1 -1 -1 -1
G: P 142 1 -1 -1 31 231
G: K 143 1 31 214 31 562
G: K 144 1 31 586 31 1438
G: K 145 1 31 1437 31 2283
G: P 146 1 31 2295 -1 -1
G: D 147 1 -1 -1 -1 -1
G: P 148 1 -1 -1 32 166
G: K 149 1 32 241 32 1099
G: P 495 1 32 1137 -1 -1
G: D 150 1 -1 -1 -1 -1
G: D 151 1 -1 -1 -1 -1
G: D 152 1 -1 -1 -1 -1
G: D 153 1 -1 -1 -1 -1
G: D 154 1 -1 -1 -1 -1
G: P 155 1 -1 -1 33 851
G: K 156 1 33 850 33 1126
G: K 157 1 33 1128 33 1560
G: K 158 1 33 1562 33 2390
G: P 159 1 33 2395 -1 -1
G: D 160 1 -1 -1 -1 -1
G: D 161 1 -1 -1 -1 -1
G: D 162 1 -1 -1 -1 -1
G: D 163 1 -1 -1 -1 -1
G: D 164 1 -1 -1 -1 -1
G: D 165 1 -1 -1 -1 -1
G: P 166 1 -1 -1 34 360
G: K 167 1 34 366 34 930
G: K 168 1 34 931 34 1279
G: K 169 1 34 1283 34 1940
G: K 170 1 34 1945 34 2392
G: P 171 1 34 2391 -1 -1
G: D 172 1 -1 -1 -1 -1
G: D 173 1 -1 -1 -1 -1
G: D 174 1 -1 -1 -1 -1
G: D 175 1 -1 -1 -1 -1
G: D 176 1 -1 -1 -1 -1
G: P 177 1 -1 -1 35 293
G: K 178 1 35 308 35 1313
G: K 499 -1 35 1324 35 2014
G: K 179 1 35 2015 35 2390
G: K 180 1 35 2373 35 3219
G: P 181 1 35 3203 -1 -1
G: D 182 1 -1 -1 -1 -1
G: D 183 1 -1 -1 -1 -1
G: P 184 1 -1 -1 36 1709
G: K 185 1 36 1709 36 2675
G: P 186 1 36 2774 -1 -1
G: K 187 1 37 505 37 1264
G: K 188 1 37 1256 37 3017
G: P 189 1 37 3019 -1 -1
G: D 190 1 -1 -1 -1 -1
G: P 191 1 -1 -1 38 465
G: P 192 1 38 471 -1 -1
G: D 193 1 -1 -1 -1 -1
G: D 194 1 -1 -1 -1 -1
G: P 195 1 -1 -1 40 2136
G: P 196 1 40 2194 -1 -1
G: D 197 1 -1 -1 -1 -1
G: D 198 1 -1 -1 -1 -1
G: P 199 1 -1 -1 41 326
G: K 200 1 41 337 41 1000
G: K 201 1 41 1009 41 1378
G: P 202 1 41 1505 -1 -1
G: D 203 1 -1 -1 -1 -1
G: P 204 -1 -1 -1 42 493
G: K 205 1 42 528 42 2385
G: P 206 1 42 2365 -1 -1
G: D 207 -1 -1 -1 -1 -1
G: D 208 -1 -1 -1 -1 -1
G: D 209 -1 -1 -1 -1 -1
G: D 210 1 -1 -1 -1 -1
G: P 211 1 -1 -1 43 76
G: K 212 1 43 77 43 518
G: K 213 1 43 520 43 874
G: K 214 1 43 866 43 1679
G: K 215 1 43 1671 43 3075
G: P 216 1 43 3058 -1 -1
G: D 217 1 -1 -1 -1 -1
G: D 218 1 -1 -1 -1 -1
G: K 846 -1 44 684 44 1161
G: K 219 1 44 1162 44 2278
G: K 220 1 44 2295 45 1452
G: K 221 1 45 1454 45 2495
G: P 222 1 45 2457 -1 -1
G: D 223 -1 -1 -1 -1 -1
G: D 224 1 -1 -1 -1 -1
G: D 225 1 -1 -1 -1 -1
G: P 226 1 -1 -1 46 100
G: K 227 1 46 102 46 1242
G: K 228 1 46 1287 46 2766
G: P 229 1 46 2734 -1 -1
G: D 230 1 -1 -1 -1 -1
G: D 231 1 -1 -1 -1 -1
G: P 232 1 -1 -1 47 295
G: K 233 1 47 298 47 781
G: K 843 -1 47 797 47 2159
G: P 718 1 47 2160 -1 -1
G: D 234 1 -1 -1 -1 -1
G: D 235 1 -1 -1 -1 -1
G: P 236 1 -1 -1 48 71
G: K 237 1 48 63 48 387
G: K 238 1 48 379 48 1273
G: K 239 1 48 1262 48 1685
G: K 240 1 48 1677 48 2562
G: P 241 1 48 2591 -1 -1
G: P 242 1 -1 -1 49 314
G: K 243 -1 49 310 49 1366
G: P 244 1 49 1418 -1 -1
G: D 245 1 -1 -1 -1 -1
G: P 246 1 -1 -1 50 1685
G: K 247 1 50 1687 50 2185
G: P 248 1 50 2174 -1 -1
G: D 249 -1 -1 -1 -1 -1
G: D 250 -1 -1 -1 -1 -1
G: P 251 -1 -1 -1 51 572
G: K 252 -1 51 616 51 2503
G: P 253 -1 51 2492 -1 -1
G: D 254 -1 -1 -1 -1 -1
G: D 255 -1 -1 -1 -1 -1
G: P 256 -1 -1 -1 52 1481
G: K 257 1 52 1656 52 2805
G: K 258 1 52 2908 52 3370
G: D 259 1 -1 -1 -1 -1
G: D 260 1 -1 -1 -1 -1
G: D 261 1 -1 -1 -1 -1
G: P 262 1 -1 -1 53 178
G: K 263 1 53 308 53 2642
G: P 264 1 -1 -1 54 2448
G: P 265 1 54 2454 -1 -1
G: D 266 1 -1 -1 -1 -1
G: D 267 1 -1 -1 -1 -1
G: P 268 1 -1 -1 55 53
G: P 269 -1 -1 -1 55 822
G: P 270 -1 55 840 -1 -1
G: D 271 -1 -1 -1 -1 -1
G: D 272 -1 -1 -1 -1 -1
G: D 273 -1 -1 -1 -1 -1
G: K 274 -1 56 159 56 1176
G: K 275 -1 56 1186 56 2590
G: K 276 -1 56 2593 56 3790
G: P 277 -1 56 4039 -1 -1
G: D 278 -1 -1 -1 -1 -1
G: P 279 -1 -1 -1 57 1086
G: K 280 -1 57 1168 57 1705
G: P 281 -1 57 1718 -1 -1
G: P 282 1 -1 -1 58 1485
G: K 283 -1 58 1481 58 2168
G: P 284 -1 58 2157 -1 -1
G: D 285 -1 -1 -1 -1 -1
G: D 579 1 -1 -1 -1 -1
G: P 286 -1 -1 -1 59 352
G: K 287 1 59 683 59 2153
G: K 288 1 59 2373 59 2781
G: P 289 1 59 2737 -1 -1
G: D 290 1 -1 -1 -1 -1
G: D 291 1 -1 -1 -1 -1
G: D 292 1 -1 -1 -1 -1
G: D 293 1 -1 -1 -1 -1
G: P 294 1 -1 -1 61 1484
G: K 295 -1 61 1480 61 1903
G: P 296 -1 61 1902 -1 -1
G: D 297 -1 -1 -1 -1 -1
G: D 298 -1 -1 -1 -1 -1
G: K 299 -1 62 97 62 1246
G: K 300 -1 62 1248 62 1641
G: K 301 -1 62 1760 62 2855
G: P 302 -1 62 2861 -1 -1
G: P 303 -1 -1 -1 63 293
G: K 304 -1 63 310 63 1573
G: K 305 -1 63 1574 63 2600
G: P 306 -1 63 2630 -1 -1
G: D 307 -1 -1 -1 -1 -1
G: P 309 -1 -1 -1 64 280
G: K 310 -1 64 367 64 1552
G: P 311 -1 64 1551 -1 -1
G: P 312 -1 -1 -1 65 594
G: P 313 -1 65 600 -1 -1
G: D 314 1 -1 -1 -1 -1
G: P 315 -1 -1 -1 66 463
G: P 316 -1 66 485 -1 -1
G: D 317 -1 -1 -1 -1 -1
G: P 318 -1 -1 -1 67 617
G: K 319 -1 67 640 67 1555
G: P 320 -1 67 1472 -1 -1
G: D 321 -1 -1 -1 -1 -1
G: P 322 -1 -1 -1 68 260
G: K 323 -1 68 276 68 810
G: K 324 -1 68 913 68 1825
G: P 325 -1 68 2145 -1 -1
G: P 326 -1 -1 -1 69 1086
G: K 327 1 69 1142 69 1841
G: P 328 -1 69 2676 -1 -1
G: D 329 -1 -1 -1 -1 -1
G: D 330 -1 -1 -1 -1 -1
G: D 331 -1 -1 -1 -1 -1
G: D 332 -1 -1 -1 -1 -1
G: P 333 -1 -1 -1 70 1867
G: K 334 -1 70 1905 70 3267
G: P 335 -1 70 3270 -1 -1
G: D 336 -1 -1 -1 -1 -1
G: D 337 -1 -1 -1 -1 -1
G: P 338 -1 -1 -1 71 1945
G: K 339 -1 71 1934 71 2516
G: K 340 -1 71 2523 71 2748
G: P 341 1 71 2806 -1 -1
G: D 342 1 -1 -1 -1 -1
G: P 498 1 -1 -1 72 544
G: K 343 1 72 545 72 953
G: P 344 -1 72 939 -1 -1
G: P 345 -1 -1 -1 73 160
G: K 497 -1 73 618 73 1395
G: P 346 -1 -1 -1 74 1084
G: P 347 -1 74 1093 -1 -1
G: D 348 -1 -1 -1 -1 -1
G: P 349 -1 -1 -1 75 967
G: K 350 -1 75 970 75 1801
G: P 351 -1 75 1811 -1 -1
G: D 352 1 -1 -1 -1 -1
G: D 353 1 -1 -1 -1 -1
G: P 354 -1 -1 -1 76 241
G: K 355 1 76 651 76 1878
G: K 356 1 76 1877 76 2819
G: P 357 -1 76 3036 -1 -1
G: D 358 1 -1 -1 -1 -1
G: D 359 1 -1 -1 -1 -1
G: D 360 -1 -1 -1 -1 -1
G: P 361 1 -1 -1 77 8
G: K 362 -1 77 10 77 2167
G: P 363 -1 77 2320 -1 -1
G: D 364 -1 -1 -1 -1 -1
G: D 365 1 -1 -1 -1 -1
G: P 366 1 -1 -1 78 499
G: K 367 -1 78 485 78 1757
G: K 368 1 78 1876 78 2374
G: K 369 1 78 2396 78 2765
G: P 370 1 78 2767 -1 -1
G: D 371 -1 -1 -1 -1 -1
G: D 372 1 -1 -1 -1 -1
G: D 373 1 -1 -1 -1 -1
G: P 374 1 -1 -1 79 1487
G: K 375 -1 79 1510 79 2317
G: P 376 -1 79 2306 -1 -1
G: D 377 -1 -1 -1 -1 -1
G: D 378 -1 -1 -1 -1 -1
G: P 379 -1 -1 -1 80 877
G: K 380 -1 80 869 80 2060
G: K 381 -1 80 2046 80 2898
G: P 382 -1 80 2898 -1 -1
G: D 383 -1 -1 -1 -1 -1
G: D 384 -1 -1 -1 -1 -1
G: D 385 -1 -1 -1 -1 -1
G: P 386 -1 -1 -1 81 1193
G: K 387 1 81 1221 81 3075
G: P 388 1 81 3067 -1 -1
G: D 389 1 -1 -1 -1 -1
G: D 390 1 -1 -1 -1 -1
G: D 391 -1 -1 -1 -1 -1
G: P 392 -1 -1 -1 82 987
G: K 393 -1 82 986 82 1436
G: K 394 -1 82 1606 82 2323
G: K 395 -1 82 2325 83 1245
G: K 719 1 83 1530 83 3042
G: P 396 -1 83 3043 -1 -1
G: D 397 -1 -1 -1 -1 -1
G: D 398 -1 -1 -1 -1 -1
G: P 399 -1 -1 -1 84 569
G: K 578 -1 84 675 84 924
G: K 400 -1 84 925 84 2254
G: P 401 -1 84 2270 -1 -1
G: D 402 -1 -1 -1 -1 -1
G: D 403 -1 -1 -1 -1 -1
G: P 404 -1 -1 -1 85 1320
G: K 405 -1 85 1690 85 2155
G: P 406 -1 85 2155 -1 -1
G: D 407 -1 -1 -1 -1 -1
G: P 408 -1 -1 -1 86 778
G: K 409 -1 86 779 86 1637
G: P 410 -1 86 1636 -1 -1
G: D 411 -1 -1 -1 -1 -1
G: D 412 -1 -1 -1 -1 -1
G: D 413 -1 -1 -1 -1 -1
G: D 414 -1 -1 -1 -1 -1
G: P 415 -1 -1 -1 87 160
G: K 416 -1 87 165 87 1572
G: K 417 1 87 1638 87 2112
G: P 418 -1 87 2108 -1 -1
G: D 419 -1 -1 -1 -1 -1
G: P 420 -1 -1 -1 88 101
G: K 421 -1 88 100 88 1276
G: P 422 -1 88 1396 -1 -1
G: P 423 -1 -1 -1 89 1337
G: K 424 -1 89 1392 89 1791
G: K 425 -1 89 1796 89 2234
G: P 426 -1 89 2271 -1 -1
G: D 496 -1 -1 -1 -1 -1
G: P 427 -1 -1 -1 90 1656
G: P 428 -1 90 1627 -1 -1
G: P 429 -1 -1 -1 91 246
G: K 430 -1 91 248 91 518
G: K 431 1 91 706 91 2074
G: K 432 1 91 2096 91 2297
G: K 433 1 91 2332 91 2770
G: P 434 1 91 2880 -1 -1
G: D 435 -1 -1 -1 -1 -1
G: P 436 -1 -1 -1 92 604
G: K 437 -1 92 596 92 1334
G: P 438 -1 92 1393 -1 -1
G: D 439 1 -1 -1 -1 -1
G: D 440 1 -1 -1 -1 -1
G: D 441 1 -1 -1 -1 -1
G: P 442 1 -1 -1 93 1052
G: K 443 1 93 1071 93 2223
G: P 444 -1 93 2627 -1 -1
G: D 445 -1 -1 -1 -1 -1
G: D 446 -1 -1 -1 -1 -1
G: D 447 -1 -1 -1 -1 -1
G: P 448 -1 -1 -1 94 1124
G: K 449 -1 94 1139 94 1499
G: K 450 -1 94 1482 94 2196
G: P 451 -1 94 2195 -1 -1
G: D 452 -1 -1 -1 -1 -1
G: D 453 -1 -1 -1 -1 -1
G: K 454 -1 95 507 95 1395
G: K 455 -1 95 1394 95 2585
G: D 456 1 -1 -1 -1 -1
G: D 457 1 -1 -1 -1 -1
G: D 458 -1 -1 -1 -1 -1
G: P 459 1 -1 -1 96 94
G: K 460 -1 96 83 96 1106
G: P 461 -1 96 1658 -1 -1
G: D 462 -1 -1 -1 -1 -1
G: D 463 -1 -1 -1 -1 -1
G: P 464 1 -1 -1 97 67
G: K 465 -1 97 63 97 1359
G: K 466 -1 97 1339 97 2794
G: P 467 -1 97 2780 -1 -1
G: D 468 -1 -1 -1 -1 -1
G: D 469 -1 -1 -1 -1 -1
G: D 470 -1 -1 -1 -1 -1
G: P 471 -1 -1 -1 98 115
G: P 472 -1 98 118 -1 -1
G: P 473 -1 -1 -1 99 360
G: K 474 -1 99 422 99 1754
G: P 475 -1 99 2396 -1 -1
